[2024-11-18T16:24:23.082+0000] {processor.py:186} INFO - Started process (PID=75) to work on /home/airflow/.local/lib/python3.12/site-packages/airflow/example_dags/example_branch_labels.py
[2024-11-18T16:24:23.087+0000] {processor.py:914} INFO - Processing file /home/airflow/.local/lib/python3.12/site-packages/airflow/example_dags/example_branch_labels.py for tasks to queue
[2024-11-18T16:24:23.102+0000] {logging_mixin.py:190} INFO - [2024-11-18T16:24:23.101+0000] {dagbag.py:588} INFO - Filling up the DagBag from /home/airflow/.local/lib/python3.12/site-packages/airflow/example_dags/example_branch_labels.py
[2024-11-18T16:24:23.158+0000] {processor.py:925} INFO - DAG(s) 'example_branch_labels' retrieved from /home/airflow/.local/lib/python3.12/site-packages/airflow/example_dags/example_branch_labels.py
[2024-11-18T16:24:23.602+0000] {logging_mixin.py:190} INFO - [2024-11-18T16:24:23.601+0000] {override.py:1911} INFO - Created Permission View: can read on DAG:example_branch_labels
[2024-11-18T16:24:23.625+0000] {logging_mixin.py:190} INFO - [2024-11-18T16:24:23.624+0000] {override.py:1911} INFO - Created Permission View: can edit on DAG:example_branch_labels
[2024-11-18T16:24:23.637+0000] {logging_mixin.py:190} INFO - [2024-11-18T16:24:23.637+0000] {override.py:1911} INFO - Created Permission View: can delete on DAG:example_branch_labels
[2024-11-18T16:24:23.648+0000] {logging_mixin.py:190} INFO - [2024-11-18T16:24:23.648+0000] {override.py:1911} INFO - Created Permission View: can read on DAG Run:example_branch_labels
[2024-11-18T16:24:23.659+0000] {logging_mixin.py:190} INFO - [2024-11-18T16:24:23.659+0000] {override.py:1911} INFO - Created Permission View: menu access on DAG Run:example_branch_labels
[2024-11-18T16:24:23.672+0000] {logging_mixin.py:190} INFO - [2024-11-18T16:24:23.672+0000] {override.py:1911} INFO - Created Permission View: can create on DAG Run:example_branch_labels
[2024-11-18T16:24:23.687+0000] {logging_mixin.py:190} INFO - [2024-11-18T16:24:23.686+0000] {override.py:1911} INFO - Created Permission View: can delete on DAG Run:example_branch_labels
[2024-11-18T16:24:23.688+0000] {logging_mixin.py:190} INFO - [2024-11-18T16:24:23.688+0000] {dag.py:3239} INFO - Sync 1 DAGs
[2024-11-18T16:24:23.749+0000] {logging_mixin.py:190} INFO - [2024-11-18T16:24:23.748+0000] {dag.py:3262} INFO - Creating ORM DAG for example_branch_labels
[2024-11-18T16:24:23.776+0000] {logging_mixin.py:190} INFO - [2024-11-18T16:24:23.775+0000] {dag.py:4180} INFO - Setting next_dagrun for example_branch_labels to 2024-11-17 00:00:00+00:00, run_after=2024-11-18 00:00:00+00:00
[2024-11-18T16:24:23.805+0000] {processor.py:208} INFO - Processing /home/airflow/.local/lib/python3.12/site-packages/airflow/example_dags/example_branch_labels.py took 0.771 seconds
[2024-11-18T16:24:54.109+0000] {processor.py:186} INFO - Started process (PID=137) to work on /home/airflow/.local/lib/python3.12/site-packages/airflow/example_dags/example_branch_labels.py
[2024-11-18T16:24:54.111+0000] {processor.py:914} INFO - Processing file /home/airflow/.local/lib/python3.12/site-packages/airflow/example_dags/example_branch_labels.py for tasks to queue
[2024-11-18T16:24:54.121+0000] {logging_mixin.py:190} INFO - [2024-11-18T16:24:54.121+0000] {dagbag.py:588} INFO - Filling up the DagBag from /home/airflow/.local/lib/python3.12/site-packages/airflow/example_dags/example_branch_labels.py
[2024-11-18T16:24:54.147+0000] {processor.py:925} INFO - DAG(s) 'example_branch_labels' retrieved from /home/airflow/.local/lib/python3.12/site-packages/airflow/example_dags/example_branch_labels.py
[2024-11-18T16:24:54.189+0000] {logging_mixin.py:190} INFO - [2024-11-18T16:24:54.188+0000] {dag.py:3239} INFO - Sync 1 DAGs
[2024-11-18T16:24:54.224+0000] {logging_mixin.py:190} INFO - [2024-11-18T16:24:54.224+0000] {dag.py:4180} INFO - Setting next_dagrun for example_branch_labels to 2024-11-17 00:00:00+00:00, run_after=2024-11-18 00:00:00+00:00
[2024-11-18T16:24:54.248+0000] {processor.py:208} INFO - Processing /home/airflow/.local/lib/python3.12/site-packages/airflow/example_dags/example_branch_labels.py took 0.156 seconds
[2024-11-18T16:25:24.570+0000] {processor.py:186} INFO - Started process (PID=200) to work on /home/airflow/.local/lib/python3.12/site-packages/airflow/example_dags/example_branch_labels.py
[2024-11-18T16:25:24.571+0000] {processor.py:914} INFO - Processing file /home/airflow/.local/lib/python3.12/site-packages/airflow/example_dags/example_branch_labels.py for tasks to queue
[2024-11-18T16:25:24.575+0000] {logging_mixin.py:190} INFO - [2024-11-18T16:25:24.574+0000] {dagbag.py:588} INFO - Filling up the DagBag from /home/airflow/.local/lib/python3.12/site-packages/airflow/example_dags/example_branch_labels.py
[2024-11-18T16:25:24.588+0000] {processor.py:925} INFO - DAG(s) 'example_branch_labels' retrieved from /home/airflow/.local/lib/python3.12/site-packages/airflow/example_dags/example_branch_labels.py
[2024-11-18T16:25:24.613+0000] {logging_mixin.py:190} INFO - [2024-11-18T16:25:24.612+0000] {dag.py:3239} INFO - Sync 1 DAGs
[2024-11-18T16:25:24.640+0000] {logging_mixin.py:190} INFO - [2024-11-18T16:25:24.639+0000] {dag.py:4180} INFO - Setting next_dagrun for example_branch_labels to 2024-11-17 00:00:00+00:00, run_after=2024-11-18 00:00:00+00:00
[2024-11-18T16:25:24.662+0000] {processor.py:208} INFO - Processing /home/airflow/.local/lib/python3.12/site-packages/airflow/example_dags/example_branch_labels.py took 0.101 seconds
[2024-11-18T16:25:54.887+0000] {processor.py:186} INFO - Started process (PID=263) to work on /home/airflow/.local/lib/python3.12/site-packages/airflow/example_dags/example_branch_labels.py
[2024-11-18T16:25:54.888+0000] {processor.py:914} INFO - Processing file /home/airflow/.local/lib/python3.12/site-packages/airflow/example_dags/example_branch_labels.py for tasks to queue
[2024-11-18T16:25:54.892+0000] {logging_mixin.py:190} INFO - [2024-11-18T16:25:54.891+0000] {dagbag.py:588} INFO - Filling up the DagBag from /home/airflow/.local/lib/python3.12/site-packages/airflow/example_dags/example_branch_labels.py
[2024-11-18T16:25:54.905+0000] {processor.py:925} INFO - DAG(s) 'example_branch_labels' retrieved from /home/airflow/.local/lib/python3.12/site-packages/airflow/example_dags/example_branch_labels.py
[2024-11-18T16:25:54.930+0000] {logging_mixin.py:190} INFO - [2024-11-18T16:25:54.929+0000] {dag.py:3239} INFO - Sync 1 DAGs
[2024-11-18T16:25:54.960+0000] {logging_mixin.py:190} INFO - [2024-11-18T16:25:54.960+0000] {dag.py:4180} INFO - Setting next_dagrun for example_branch_labels to 2024-11-17 00:00:00+00:00, run_after=2024-11-18 00:00:00+00:00
[2024-11-18T16:25:54.981+0000] {processor.py:208} INFO - Processing /home/airflow/.local/lib/python3.12/site-packages/airflow/example_dags/example_branch_labels.py took 0.103 seconds
[2024-11-18T16:26:25.855+0000] {processor.py:186} INFO - Started process (PID=326) to work on /home/airflow/.local/lib/python3.12/site-packages/airflow/example_dags/example_branch_labels.py
[2024-11-18T16:26:25.857+0000] {processor.py:914} INFO - Processing file /home/airflow/.local/lib/python3.12/site-packages/airflow/example_dags/example_branch_labels.py for tasks to queue
[2024-11-18T16:26:25.859+0000] {logging_mixin.py:190} INFO - [2024-11-18T16:26:25.859+0000] {dagbag.py:588} INFO - Filling up the DagBag from /home/airflow/.local/lib/python3.12/site-packages/airflow/example_dags/example_branch_labels.py
[2024-11-18T16:26:25.871+0000] {processor.py:925} INFO - DAG(s) 'example_branch_labels' retrieved from /home/airflow/.local/lib/python3.12/site-packages/airflow/example_dags/example_branch_labels.py
[2024-11-18T16:26:25.895+0000] {logging_mixin.py:190} INFO - [2024-11-18T16:26:25.895+0000] {dag.py:3239} INFO - Sync 1 DAGs
[2024-11-18T16:26:25.923+0000] {logging_mixin.py:190} INFO - [2024-11-18T16:26:25.923+0000] {dag.py:4180} INFO - Setting next_dagrun for example_branch_labels to 2024-11-17 00:00:00+00:00, run_after=2024-11-18 00:00:00+00:00
[2024-11-18T16:26:25.945+0000] {processor.py:208} INFO - Processing /home/airflow/.local/lib/python3.12/site-packages/airflow/example_dags/example_branch_labels.py took 0.098 seconds
[2024-11-18T16:26:56.225+0000] {processor.py:186} INFO - Started process (PID=389) to work on /home/airflow/.local/lib/python3.12/site-packages/airflow/example_dags/example_branch_labels.py
[2024-11-18T16:26:56.226+0000] {processor.py:914} INFO - Processing file /home/airflow/.local/lib/python3.12/site-packages/airflow/example_dags/example_branch_labels.py for tasks to queue
[2024-11-18T16:26:56.229+0000] {logging_mixin.py:190} INFO - [2024-11-18T16:26:56.229+0000] {dagbag.py:588} INFO - Filling up the DagBag from /home/airflow/.local/lib/python3.12/site-packages/airflow/example_dags/example_branch_labels.py
[2024-11-18T16:26:56.242+0000] {processor.py:925} INFO - DAG(s) 'example_branch_labels' retrieved from /home/airflow/.local/lib/python3.12/site-packages/airflow/example_dags/example_branch_labels.py
[2024-11-18T16:26:56.268+0000] {logging_mixin.py:190} INFO - [2024-11-18T16:26:56.268+0000] {dag.py:3239} INFO - Sync 1 DAGs
[2024-11-18T16:26:56.298+0000] {logging_mixin.py:190} INFO - [2024-11-18T16:26:56.298+0000] {dag.py:4180} INFO - Setting next_dagrun for example_branch_labels to 2024-11-17 00:00:00+00:00, run_after=2024-11-18 00:00:00+00:00
[2024-11-18T16:26:56.319+0000] {processor.py:208} INFO - Processing /home/airflow/.local/lib/python3.12/site-packages/airflow/example_dags/example_branch_labels.py took 0.101 seconds
[2024-11-18T16:27:26.608+0000] {processor.py:186} INFO - Started process (PID=452) to work on /home/airflow/.local/lib/python3.12/site-packages/airflow/example_dags/example_branch_labels.py
[2024-11-18T16:27:26.610+0000] {processor.py:914} INFO - Processing file /home/airflow/.local/lib/python3.12/site-packages/airflow/example_dags/example_branch_labels.py for tasks to queue
[2024-11-18T16:27:26.613+0000] {logging_mixin.py:190} INFO - [2024-11-18T16:27:26.612+0000] {dagbag.py:588} INFO - Filling up the DagBag from /home/airflow/.local/lib/python3.12/site-packages/airflow/example_dags/example_branch_labels.py
[2024-11-18T16:27:26.626+0000] {processor.py:925} INFO - DAG(s) 'example_branch_labels' retrieved from /home/airflow/.local/lib/python3.12/site-packages/airflow/example_dags/example_branch_labels.py
[2024-11-18T16:27:26.649+0000] {logging_mixin.py:190} INFO - [2024-11-18T16:27:26.649+0000] {dag.py:3239} INFO - Sync 1 DAGs
[2024-11-18T16:27:26.678+0000] {logging_mixin.py:190} INFO - [2024-11-18T16:27:26.677+0000] {dag.py:4180} INFO - Setting next_dagrun for example_branch_labels to 2024-11-17 00:00:00+00:00, run_after=2024-11-18 00:00:00+00:00
[2024-11-18T16:27:26.697+0000] {processor.py:208} INFO - Processing /home/airflow/.local/lib/python3.12/site-packages/airflow/example_dags/example_branch_labels.py took 0.096 seconds
[2024-11-18T16:27:56.916+0000] {processor.py:186} INFO - Started process (PID=515) to work on /home/airflow/.local/lib/python3.12/site-packages/airflow/example_dags/example_branch_labels.py
[2024-11-18T16:27:56.917+0000] {processor.py:914} INFO - Processing file /home/airflow/.local/lib/python3.12/site-packages/airflow/example_dags/example_branch_labels.py for tasks to queue
[2024-11-18T16:27:56.921+0000] {logging_mixin.py:190} INFO - [2024-11-18T16:27:56.920+0000] {dagbag.py:588} INFO - Filling up the DagBag from /home/airflow/.local/lib/python3.12/site-packages/airflow/example_dags/example_branch_labels.py
[2024-11-18T16:27:56.936+0000] {processor.py:925} INFO - DAG(s) 'example_branch_labels' retrieved from /home/airflow/.local/lib/python3.12/site-packages/airflow/example_dags/example_branch_labels.py
[2024-11-18T16:27:56.960+0000] {logging_mixin.py:190} INFO - [2024-11-18T16:27:56.960+0000] {dag.py:3239} INFO - Sync 1 DAGs
[2024-11-18T16:27:56.990+0000] {logging_mixin.py:190} INFO - [2024-11-18T16:27:56.990+0000] {dag.py:4180} INFO - Setting next_dagrun for example_branch_labels to 2024-11-17 00:00:00+00:00, run_after=2024-11-18 00:00:00+00:00
[2024-11-18T16:27:57.012+0000] {processor.py:208} INFO - Processing /home/airflow/.local/lib/python3.12/site-packages/airflow/example_dags/example_branch_labels.py took 0.105 seconds
[2024-11-18T16:28:27.738+0000] {processor.py:186} INFO - Started process (PID=578) to work on /home/airflow/.local/lib/python3.12/site-packages/airflow/example_dags/example_branch_labels.py
[2024-11-18T16:28:27.739+0000] {processor.py:914} INFO - Processing file /home/airflow/.local/lib/python3.12/site-packages/airflow/example_dags/example_branch_labels.py for tasks to queue
[2024-11-18T16:28:27.742+0000] {logging_mixin.py:190} INFO - [2024-11-18T16:28:27.742+0000] {dagbag.py:588} INFO - Filling up the DagBag from /home/airflow/.local/lib/python3.12/site-packages/airflow/example_dags/example_branch_labels.py
[2024-11-18T16:28:27.755+0000] {processor.py:925} INFO - DAG(s) 'example_branch_labels' retrieved from /home/airflow/.local/lib/python3.12/site-packages/airflow/example_dags/example_branch_labels.py
[2024-11-18T16:28:27.780+0000] {logging_mixin.py:190} INFO - [2024-11-18T16:28:27.779+0000] {dag.py:3239} INFO - Sync 1 DAGs
[2024-11-18T16:28:27.807+0000] {logging_mixin.py:190} INFO - [2024-11-18T16:28:27.807+0000] {dag.py:4180} INFO - Setting next_dagrun for example_branch_labels to 2024-11-17 00:00:00+00:00, run_after=2024-11-18 00:00:00+00:00
[2024-11-18T16:28:27.831+0000] {processor.py:208} INFO - Processing /home/airflow/.local/lib/python3.12/site-packages/airflow/example_dags/example_branch_labels.py took 0.101 seconds
[2024-11-18T16:28:58.142+0000] {processor.py:186} INFO - Started process (PID=641) to work on /home/airflow/.local/lib/python3.12/site-packages/airflow/example_dags/example_branch_labels.py
[2024-11-18T16:28:58.143+0000] {processor.py:914} INFO - Processing file /home/airflow/.local/lib/python3.12/site-packages/airflow/example_dags/example_branch_labels.py for tasks to queue
[2024-11-18T16:28:58.146+0000] {logging_mixin.py:190} INFO - [2024-11-18T16:28:58.145+0000] {dagbag.py:588} INFO - Filling up the DagBag from /home/airflow/.local/lib/python3.12/site-packages/airflow/example_dags/example_branch_labels.py
[2024-11-18T16:28:58.160+0000] {processor.py:925} INFO - DAG(s) 'example_branch_labels' retrieved from /home/airflow/.local/lib/python3.12/site-packages/airflow/example_dags/example_branch_labels.py
[2024-11-18T16:28:58.190+0000] {logging_mixin.py:190} INFO - [2024-11-18T16:28:58.189+0000] {dag.py:3239} INFO - Sync 1 DAGs
[2024-11-18T16:28:58.228+0000] {logging_mixin.py:190} INFO - [2024-11-18T16:28:58.227+0000] {dag.py:4180} INFO - Setting next_dagrun for example_branch_labels to 2024-11-17 00:00:00+00:00, run_after=2024-11-18 00:00:00+00:00
[2024-11-18T16:28:58.248+0000] {processor.py:208} INFO - Processing /home/airflow/.local/lib/python3.12/site-packages/airflow/example_dags/example_branch_labels.py took 0.113 seconds
[2024-11-18T16:29:28.742+0000] {processor.py:186} INFO - Started process (PID=704) to work on /home/airflow/.local/lib/python3.12/site-packages/airflow/example_dags/example_branch_labels.py
[2024-11-18T16:29:28.744+0000] {processor.py:914} INFO - Processing file /home/airflow/.local/lib/python3.12/site-packages/airflow/example_dags/example_branch_labels.py for tasks to queue
[2024-11-18T16:29:28.747+0000] {logging_mixin.py:190} INFO - [2024-11-18T16:29:28.747+0000] {dagbag.py:588} INFO - Filling up the DagBag from /home/airflow/.local/lib/python3.12/site-packages/airflow/example_dags/example_branch_labels.py
[2024-11-18T16:29:28.761+0000] {processor.py:925} INFO - DAG(s) 'example_branch_labels' retrieved from /home/airflow/.local/lib/python3.12/site-packages/airflow/example_dags/example_branch_labels.py
[2024-11-18T16:29:28.793+0000] {logging_mixin.py:190} INFO - [2024-11-18T16:29:28.792+0000] {dag.py:3239} INFO - Sync 1 DAGs
[2024-11-18T16:29:28.825+0000] {logging_mixin.py:190} INFO - [2024-11-18T16:29:28.825+0000] {dag.py:4180} INFO - Setting next_dagrun for example_branch_labels to 2024-11-17 00:00:00+00:00, run_after=2024-11-18 00:00:00+00:00
[2024-11-18T16:29:28.849+0000] {processor.py:208} INFO - Processing /home/airflow/.local/lib/python3.12/site-packages/airflow/example_dags/example_branch_labels.py took 0.115 seconds
[2024-11-18T16:29:59.139+0000] {processor.py:186} INFO - Started process (PID=767) to work on /home/airflow/.local/lib/python3.12/site-packages/airflow/example_dags/example_branch_labels.py
[2024-11-18T16:29:59.141+0000] {processor.py:914} INFO - Processing file /home/airflow/.local/lib/python3.12/site-packages/airflow/example_dags/example_branch_labels.py for tasks to queue
[2024-11-18T16:29:59.143+0000] {logging_mixin.py:190} INFO - [2024-11-18T16:29:59.143+0000] {dagbag.py:588} INFO - Filling up the DagBag from /home/airflow/.local/lib/python3.12/site-packages/airflow/example_dags/example_branch_labels.py
[2024-11-18T16:29:59.156+0000] {processor.py:925} INFO - DAG(s) 'example_branch_labels' retrieved from /home/airflow/.local/lib/python3.12/site-packages/airflow/example_dags/example_branch_labels.py
[2024-11-18T16:29:59.181+0000] {logging_mixin.py:190} INFO - [2024-11-18T16:29:59.181+0000] {dag.py:3239} INFO - Sync 1 DAGs
[2024-11-18T16:29:59.210+0000] {logging_mixin.py:190} INFO - [2024-11-18T16:29:59.210+0000] {dag.py:4180} INFO - Setting next_dagrun for example_branch_labels to 2024-11-17 00:00:00+00:00, run_after=2024-11-18 00:00:00+00:00
[2024-11-18T16:29:59.230+0000] {processor.py:208} INFO - Processing /home/airflow/.local/lib/python3.12/site-packages/airflow/example_dags/example_branch_labels.py took 0.097 seconds
[2024-11-18T16:30:29.521+0000] {processor.py:186} INFO - Started process (PID=830) to work on /home/airflow/.local/lib/python3.12/site-packages/airflow/example_dags/example_branch_labels.py
[2024-11-18T16:30:29.522+0000] {processor.py:914} INFO - Processing file /home/airflow/.local/lib/python3.12/site-packages/airflow/example_dags/example_branch_labels.py for tasks to queue
[2024-11-18T16:30:29.525+0000] {logging_mixin.py:190} INFO - [2024-11-18T16:30:29.525+0000] {dagbag.py:588} INFO - Filling up the DagBag from /home/airflow/.local/lib/python3.12/site-packages/airflow/example_dags/example_branch_labels.py
[2024-11-18T16:30:29.538+0000] {processor.py:925} INFO - DAG(s) 'example_branch_labels' retrieved from /home/airflow/.local/lib/python3.12/site-packages/airflow/example_dags/example_branch_labels.py
[2024-11-18T16:30:29.563+0000] {logging_mixin.py:190} INFO - [2024-11-18T16:30:29.562+0000] {dag.py:3239} INFO - Sync 1 DAGs
[2024-11-18T16:30:29.589+0000] {logging_mixin.py:190} INFO - [2024-11-18T16:30:29.588+0000] {dag.py:4180} INFO - Setting next_dagrun for example_branch_labels to 2024-11-17 00:00:00+00:00, run_after=2024-11-18 00:00:00+00:00
[2024-11-18T16:30:29.608+0000] {processor.py:208} INFO - Processing /home/airflow/.local/lib/python3.12/site-packages/airflow/example_dags/example_branch_labels.py took 0.096 seconds
[2024-11-18T16:31:00.288+0000] {processor.py:186} INFO - Started process (PID=893) to work on /home/airflow/.local/lib/python3.12/site-packages/airflow/example_dags/example_branch_labels.py
[2024-11-18T16:31:00.290+0000] {processor.py:914} INFO - Processing file /home/airflow/.local/lib/python3.12/site-packages/airflow/example_dags/example_branch_labels.py for tasks to queue
[2024-11-18T16:31:00.293+0000] {logging_mixin.py:190} INFO - [2024-11-18T16:31:00.293+0000] {dagbag.py:588} INFO - Filling up the DagBag from /home/airflow/.local/lib/python3.12/site-packages/airflow/example_dags/example_branch_labels.py
[2024-11-18T16:31:00.309+0000] {processor.py:925} INFO - DAG(s) 'example_branch_labels' retrieved from /home/airflow/.local/lib/python3.12/site-packages/airflow/example_dags/example_branch_labels.py
[2024-11-18T16:31:00.334+0000] {logging_mixin.py:190} INFO - [2024-11-18T16:31:00.334+0000] {dag.py:3239} INFO - Sync 1 DAGs
[2024-11-18T16:31:00.362+0000] {logging_mixin.py:190} INFO - [2024-11-18T16:31:00.362+0000] {dag.py:4180} INFO - Setting next_dagrun for example_branch_labels to 2024-11-17 00:00:00+00:00, run_after=2024-11-18 00:00:00+00:00
[2024-11-18T16:31:00.383+0000] {processor.py:208} INFO - Processing /home/airflow/.local/lib/python3.12/site-packages/airflow/example_dags/example_branch_labels.py took 0.106 seconds
[2024-11-18T16:31:30.493+0000] {processor.py:186} INFO - Started process (PID=956) to work on /home/airflow/.local/lib/python3.12/site-packages/airflow/example_dags/example_branch_labels.py
[2024-11-18T16:31:30.494+0000] {processor.py:914} INFO - Processing file /home/airflow/.local/lib/python3.12/site-packages/airflow/example_dags/example_branch_labels.py for tasks to queue
[2024-11-18T16:31:30.497+0000] {logging_mixin.py:190} INFO - [2024-11-18T16:31:30.497+0000] {dagbag.py:588} INFO - Filling up the DagBag from /home/airflow/.local/lib/python3.12/site-packages/airflow/example_dags/example_branch_labels.py
[2024-11-18T16:31:30.509+0000] {processor.py:925} INFO - DAG(s) 'example_branch_labels' retrieved from /home/airflow/.local/lib/python3.12/site-packages/airflow/example_dags/example_branch_labels.py
[2024-11-18T16:31:30.534+0000] {logging_mixin.py:190} INFO - [2024-11-18T16:31:30.534+0000] {dag.py:3239} INFO - Sync 1 DAGs
[2024-11-18T16:31:30.562+0000] {logging_mixin.py:190} INFO - [2024-11-18T16:31:30.562+0000] {dag.py:4180} INFO - Setting next_dagrun for example_branch_labels to 2024-11-17 00:00:00+00:00, run_after=2024-11-18 00:00:00+00:00
[2024-11-18T16:31:30.583+0000] {processor.py:208} INFO - Processing /home/airflow/.local/lib/python3.12/site-packages/airflow/example_dags/example_branch_labels.py took 0.098 seconds
[2024-11-18T16:32:00.990+0000] {processor.py:186} INFO - Started process (PID=1018) to work on /home/airflow/.local/lib/python3.12/site-packages/airflow/example_dags/example_branch_labels.py
[2024-11-18T16:32:00.991+0000] {processor.py:914} INFO - Processing file /home/airflow/.local/lib/python3.12/site-packages/airflow/example_dags/example_branch_labels.py for tasks to queue
[2024-11-18T16:32:00.994+0000] {logging_mixin.py:190} INFO - [2024-11-18T16:32:00.994+0000] {dagbag.py:588} INFO - Filling up the DagBag from /home/airflow/.local/lib/python3.12/site-packages/airflow/example_dags/example_branch_labels.py
[2024-11-18T16:32:01.009+0000] {processor.py:925} INFO - DAG(s) 'example_branch_labels' retrieved from /home/airflow/.local/lib/python3.12/site-packages/airflow/example_dags/example_branch_labels.py
[2024-11-18T16:32:01.040+0000] {logging_mixin.py:190} INFO - [2024-11-18T16:32:01.039+0000] {dag.py:3239} INFO - Sync 1 DAGs
[2024-11-18T16:32:01.075+0000] {logging_mixin.py:190} INFO - [2024-11-18T16:32:01.075+0000] {dag.py:4180} INFO - Setting next_dagrun for example_branch_labels to 2024-11-17 00:00:00+00:00, run_after=2024-11-18 00:00:00+00:00
[2024-11-18T16:32:01.097+0000] {processor.py:208} INFO - Processing /home/airflow/.local/lib/python3.12/site-packages/airflow/example_dags/example_branch_labels.py took 0.117 seconds
[2024-11-18T16:32:31.668+0000] {processor.py:186} INFO - Started process (PID=1081) to work on /home/airflow/.local/lib/python3.12/site-packages/airflow/example_dags/example_branch_labels.py
[2024-11-18T16:32:31.670+0000] {processor.py:914} INFO - Processing file /home/airflow/.local/lib/python3.12/site-packages/airflow/example_dags/example_branch_labels.py for tasks to queue
[2024-11-18T16:32:31.673+0000] {logging_mixin.py:190} INFO - [2024-11-18T16:32:31.672+0000] {dagbag.py:588} INFO - Filling up the DagBag from /home/airflow/.local/lib/python3.12/site-packages/airflow/example_dags/example_branch_labels.py
[2024-11-18T16:32:31.684+0000] {processor.py:925} INFO - DAG(s) 'example_branch_labels' retrieved from /home/airflow/.local/lib/python3.12/site-packages/airflow/example_dags/example_branch_labels.py
[2024-11-18T16:32:31.710+0000] {logging_mixin.py:190} INFO - [2024-11-18T16:32:31.709+0000] {dag.py:3239} INFO - Sync 1 DAGs
[2024-11-18T16:32:31.739+0000] {logging_mixin.py:190} INFO - [2024-11-18T16:32:31.739+0000] {dag.py:4180} INFO - Setting next_dagrun for example_branch_labels to 2024-11-17 00:00:00+00:00, run_after=2024-11-18 00:00:00+00:00
[2024-11-18T16:32:31.761+0000] {processor.py:208} INFO - Processing /home/airflow/.local/lib/python3.12/site-packages/airflow/example_dags/example_branch_labels.py took 0.100 seconds
[2024-11-18T16:33:02.129+0000] {processor.py:186} INFO - Started process (PID=1144) to work on /home/airflow/.local/lib/python3.12/site-packages/airflow/example_dags/example_branch_labels.py
[2024-11-18T16:33:02.137+0000] {processor.py:914} INFO - Processing file /home/airflow/.local/lib/python3.12/site-packages/airflow/example_dags/example_branch_labels.py for tasks to queue
[2024-11-18T16:33:02.141+0000] {logging_mixin.py:190} INFO - [2024-11-18T16:33:02.141+0000] {dagbag.py:588} INFO - Filling up the DagBag from /home/airflow/.local/lib/python3.12/site-packages/airflow/example_dags/example_branch_labels.py
[2024-11-18T16:33:02.159+0000] {processor.py:925} INFO - DAG(s) 'example_branch_labels' retrieved from /home/airflow/.local/lib/python3.12/site-packages/airflow/example_dags/example_branch_labels.py
[2024-11-18T16:33:02.186+0000] {logging_mixin.py:190} INFO - [2024-11-18T16:33:02.186+0000] {dag.py:3239} INFO - Sync 1 DAGs
[2024-11-18T16:33:02.221+0000] {logging_mixin.py:190} INFO - [2024-11-18T16:33:02.221+0000] {dag.py:4180} INFO - Setting next_dagrun for example_branch_labels to 2024-11-17 00:00:00+00:00, run_after=2024-11-18 00:00:00+00:00
[2024-11-18T16:33:02.243+0000] {processor.py:208} INFO - Processing /home/airflow/.local/lib/python3.12/site-packages/airflow/example_dags/example_branch_labels.py took 0.124 seconds
[2024-11-18T16:33:32.710+0000] {processor.py:186} INFO - Started process (PID=1207) to work on /home/airflow/.local/lib/python3.12/site-packages/airflow/example_dags/example_branch_labels.py
[2024-11-18T16:33:32.711+0000] {processor.py:914} INFO - Processing file /home/airflow/.local/lib/python3.12/site-packages/airflow/example_dags/example_branch_labels.py for tasks to queue
[2024-11-18T16:33:32.714+0000] {logging_mixin.py:190} INFO - [2024-11-18T16:33:32.714+0000] {dagbag.py:588} INFO - Filling up the DagBag from /home/airflow/.local/lib/python3.12/site-packages/airflow/example_dags/example_branch_labels.py
[2024-11-18T16:33:32.727+0000] {processor.py:925} INFO - DAG(s) 'example_branch_labels' retrieved from /home/airflow/.local/lib/python3.12/site-packages/airflow/example_dags/example_branch_labels.py
[2024-11-18T16:33:32.748+0000] {logging_mixin.py:190} INFO - [2024-11-18T16:33:32.748+0000] {dag.py:3239} INFO - Sync 1 DAGs
[2024-11-18T16:33:32.777+0000] {logging_mixin.py:190} INFO - [2024-11-18T16:33:32.776+0000] {dag.py:4180} INFO - Setting next_dagrun for example_branch_labels to 2024-11-17 00:00:00+00:00, run_after=2024-11-18 00:00:00+00:00
[2024-11-18T16:33:32.796+0000] {processor.py:208} INFO - Processing /home/airflow/.local/lib/python3.12/site-packages/airflow/example_dags/example_branch_labels.py took 0.095 seconds
[2024-11-18T16:34:03.464+0000] {processor.py:186} INFO - Started process (PID=1270) to work on /home/airflow/.local/lib/python3.12/site-packages/airflow/example_dags/example_branch_labels.py
[2024-11-18T16:34:03.469+0000] {processor.py:914} INFO - Processing file /home/airflow/.local/lib/python3.12/site-packages/airflow/example_dags/example_branch_labels.py for tasks to queue
[2024-11-18T16:34:03.472+0000] {logging_mixin.py:190} INFO - [2024-11-18T16:34:03.471+0000] {dagbag.py:588} INFO - Filling up the DagBag from /home/airflow/.local/lib/python3.12/site-packages/airflow/example_dags/example_branch_labels.py
[2024-11-18T16:34:03.490+0000] {processor.py:925} INFO - DAG(s) 'example_branch_labels' retrieved from /home/airflow/.local/lib/python3.12/site-packages/airflow/example_dags/example_branch_labels.py
[2024-11-18T16:34:03.522+0000] {logging_mixin.py:190} INFO - [2024-11-18T16:34:03.521+0000] {dag.py:3239} INFO - Sync 1 DAGs
[2024-11-18T16:34:03.569+0000] {logging_mixin.py:190} INFO - [2024-11-18T16:34:03.569+0000] {dag.py:4180} INFO - Setting next_dagrun for example_branch_labels to 2024-11-17 00:00:00+00:00, run_after=2024-11-18 00:00:00+00:00
[2024-11-18T16:34:03.592+0000] {processor.py:208} INFO - Processing /home/airflow/.local/lib/python3.12/site-packages/airflow/example_dags/example_branch_labels.py took 0.136 seconds
[2024-11-18T16:34:33.647+0000] {processor.py:186} INFO - Started process (PID=1333) to work on /home/airflow/.local/lib/python3.12/site-packages/airflow/example_dags/example_branch_labels.py
[2024-11-18T16:34:33.649+0000] {processor.py:914} INFO - Processing file /home/airflow/.local/lib/python3.12/site-packages/airflow/example_dags/example_branch_labels.py for tasks to queue
[2024-11-18T16:34:33.652+0000] {logging_mixin.py:190} INFO - [2024-11-18T16:34:33.652+0000] {dagbag.py:588} INFO - Filling up the DagBag from /home/airflow/.local/lib/python3.12/site-packages/airflow/example_dags/example_branch_labels.py
[2024-11-18T16:34:33.665+0000] {processor.py:925} INFO - DAG(s) 'example_branch_labels' retrieved from /home/airflow/.local/lib/python3.12/site-packages/airflow/example_dags/example_branch_labels.py
[2024-11-18T16:34:33.692+0000] {logging_mixin.py:190} INFO - [2024-11-18T16:34:33.692+0000] {dag.py:3239} INFO - Sync 1 DAGs
[2024-11-18T16:34:33.721+0000] {logging_mixin.py:190} INFO - [2024-11-18T16:34:33.721+0000] {dag.py:4180} INFO - Setting next_dagrun for example_branch_labels to 2024-11-17 00:00:00+00:00, run_after=2024-11-18 00:00:00+00:00
[2024-11-18T16:34:33.741+0000] {processor.py:208} INFO - Processing /home/airflow/.local/lib/python3.12/site-packages/airflow/example_dags/example_branch_labels.py took 0.104 seconds
[2024-11-18T16:39:03.987+0000] {processor.py:186} INFO - Started process (PID=77) to work on /home/airflow/.local/lib/python3.12/site-packages/airflow/example_dags/example_branch_labels.py
[2024-11-18T16:39:03.988+0000] {processor.py:914} INFO - Processing file /home/airflow/.local/lib/python3.12/site-packages/airflow/example_dags/example_branch_labels.py for tasks to queue
[2024-11-18T16:39:03.994+0000] {logging_mixin.py:190} INFO - [2024-11-18T16:39:03.993+0000] {dagbag.py:588} INFO - Filling up the DagBag from /home/airflow/.local/lib/python3.12/site-packages/airflow/example_dags/example_branch_labels.py
[2024-11-18T16:39:04.018+0000] {processor.py:925} INFO - DAG(s) 'example_branch_labels' retrieved from /home/airflow/.local/lib/python3.12/site-packages/airflow/example_dags/example_branch_labels.py
[2024-11-18T16:39:04.108+0000] {logging_mixin.py:190} INFO - [2024-11-18T16:39:04.107+0000] {dag.py:3239} INFO - Sync 1 DAGs
[2024-11-18T16:39:04.203+0000] {logging_mixin.py:190} INFO - [2024-11-18T16:39:04.203+0000] {dag.py:4180} INFO - Setting next_dagrun for example_branch_labels to 2024-11-17 00:00:00+00:00, run_after=2024-11-18 00:00:00+00:00
[2024-11-18T16:39:04.249+0000] {processor.py:208} INFO - Processing /home/airflow/.local/lib/python3.12/site-packages/airflow/example_dags/example_branch_labels.py took 0.271 seconds
[2024-11-18T16:39:34.316+0000] {processor.py:186} INFO - Started process (PID=139) to work on /home/airflow/.local/lib/python3.12/site-packages/airflow/example_dags/example_branch_labels.py
[2024-11-18T16:39:34.318+0000] {processor.py:914} INFO - Processing file /home/airflow/.local/lib/python3.12/site-packages/airflow/example_dags/example_branch_labels.py for tasks to queue
[2024-11-18T16:39:34.322+0000] {logging_mixin.py:190} INFO - [2024-11-18T16:39:34.322+0000] {dagbag.py:588} INFO - Filling up the DagBag from /home/airflow/.local/lib/python3.12/site-packages/airflow/example_dags/example_branch_labels.py
[2024-11-18T16:39:34.334+0000] {processor.py:925} INFO - DAG(s) 'example_branch_labels' retrieved from /home/airflow/.local/lib/python3.12/site-packages/airflow/example_dags/example_branch_labels.py
[2024-11-18T16:39:34.373+0000] {logging_mixin.py:190} INFO - [2024-11-18T16:39:34.372+0000] {dag.py:3239} INFO - Sync 1 DAGs
[2024-11-18T16:39:34.402+0000] {logging_mixin.py:190} INFO - [2024-11-18T16:39:34.402+0000] {dag.py:4180} INFO - Setting next_dagrun for example_branch_labels to 2024-11-17 00:00:00+00:00, run_after=2024-11-18 00:00:00+00:00
[2024-11-18T16:39:34.427+0000] {processor.py:208} INFO - Processing /home/airflow/.local/lib/python3.12/site-packages/airflow/example_dags/example_branch_labels.py took 0.118 seconds
[2024-11-18T16:40:04.903+0000] {processor.py:186} INFO - Started process (PID=202) to work on /home/airflow/.local/lib/python3.12/site-packages/airflow/example_dags/example_branch_labels.py
[2024-11-18T16:40:04.905+0000] {processor.py:914} INFO - Processing file /home/airflow/.local/lib/python3.12/site-packages/airflow/example_dags/example_branch_labels.py for tasks to queue
[2024-11-18T16:40:04.909+0000] {logging_mixin.py:190} INFO - [2024-11-18T16:40:04.909+0000] {dagbag.py:588} INFO - Filling up the DagBag from /home/airflow/.local/lib/python3.12/site-packages/airflow/example_dags/example_branch_labels.py
[2024-11-18T16:40:04.921+0000] {processor.py:925} INFO - DAG(s) 'example_branch_labels' retrieved from /home/airflow/.local/lib/python3.12/site-packages/airflow/example_dags/example_branch_labels.py
[2024-11-18T16:40:04.948+0000] {logging_mixin.py:190} INFO - [2024-11-18T16:40:04.948+0000] {dag.py:3239} INFO - Sync 1 DAGs
[2024-11-18T16:40:04.976+0000] {logging_mixin.py:190} INFO - [2024-11-18T16:40:04.976+0000] {dag.py:4180} INFO - Setting next_dagrun for example_branch_labels to 2024-11-17 00:00:00+00:00, run_after=2024-11-18 00:00:00+00:00
[2024-11-18T16:40:04.995+0000] {processor.py:208} INFO - Processing /home/airflow/.local/lib/python3.12/site-packages/airflow/example_dags/example_branch_labels.py took 0.100 seconds
[2024-11-18T16:40:35.586+0000] {processor.py:186} INFO - Started process (PID=265) to work on /home/airflow/.local/lib/python3.12/site-packages/airflow/example_dags/example_branch_labels.py
[2024-11-18T16:40:35.588+0000] {processor.py:914} INFO - Processing file /home/airflow/.local/lib/python3.12/site-packages/airflow/example_dags/example_branch_labels.py for tasks to queue
[2024-11-18T16:40:35.592+0000] {logging_mixin.py:190} INFO - [2024-11-18T16:40:35.591+0000] {dagbag.py:588} INFO - Filling up the DagBag from /home/airflow/.local/lib/python3.12/site-packages/airflow/example_dags/example_branch_labels.py
[2024-11-18T16:40:35.607+0000] {processor.py:925} INFO - DAG(s) 'example_branch_labels' retrieved from /home/airflow/.local/lib/python3.12/site-packages/airflow/example_dags/example_branch_labels.py
[2024-11-18T16:40:35.631+0000] {logging_mixin.py:190} INFO - [2024-11-18T16:40:35.631+0000] {dag.py:3239} INFO - Sync 1 DAGs
[2024-11-18T16:40:35.657+0000] {logging_mixin.py:190} INFO - [2024-11-18T16:40:35.657+0000] {dag.py:4180} INFO - Setting next_dagrun for example_branch_labels to 2024-11-17 00:00:00+00:00, run_after=2024-11-18 00:00:00+00:00
[2024-11-18T16:40:35.678+0000] {processor.py:208} INFO - Processing /home/airflow/.local/lib/python3.12/site-packages/airflow/example_dags/example_branch_labels.py took 0.099 seconds
[2024-11-18T16:41:06.007+0000] {processor.py:186} INFO - Started process (PID=328) to work on /home/airflow/.local/lib/python3.12/site-packages/airflow/example_dags/example_branch_labels.py
[2024-11-18T16:41:06.009+0000] {processor.py:914} INFO - Processing file /home/airflow/.local/lib/python3.12/site-packages/airflow/example_dags/example_branch_labels.py for tasks to queue
[2024-11-18T16:41:06.013+0000] {logging_mixin.py:190} INFO - [2024-11-18T16:41:06.013+0000] {dagbag.py:588} INFO - Filling up the DagBag from /home/airflow/.local/lib/python3.12/site-packages/airflow/example_dags/example_branch_labels.py
[2024-11-18T16:41:06.027+0000] {processor.py:925} INFO - DAG(s) 'example_branch_labels' retrieved from /home/airflow/.local/lib/python3.12/site-packages/airflow/example_dags/example_branch_labels.py
[2024-11-18T16:41:06.056+0000] {logging_mixin.py:190} INFO - [2024-11-18T16:41:06.056+0000] {dag.py:3239} INFO - Sync 1 DAGs
[2024-11-18T16:41:06.089+0000] {logging_mixin.py:190} INFO - [2024-11-18T16:41:06.089+0000] {dag.py:4180} INFO - Setting next_dagrun for example_branch_labels to 2024-11-17 00:00:00+00:00, run_after=2024-11-18 00:00:00+00:00
[2024-11-18T16:41:06.114+0000] {processor.py:208} INFO - Processing /home/airflow/.local/lib/python3.12/site-packages/airflow/example_dags/example_branch_labels.py took 0.115 seconds
[2024-11-18T16:41:36.725+0000] {processor.py:186} INFO - Started process (PID=391) to work on /home/airflow/.local/lib/python3.12/site-packages/airflow/example_dags/example_branch_labels.py
[2024-11-18T16:41:36.728+0000] {processor.py:914} INFO - Processing file /home/airflow/.local/lib/python3.12/site-packages/airflow/example_dags/example_branch_labels.py for tasks to queue
[2024-11-18T16:41:36.732+0000] {logging_mixin.py:190} INFO - [2024-11-18T16:41:36.732+0000] {dagbag.py:588} INFO - Filling up the DagBag from /home/airflow/.local/lib/python3.12/site-packages/airflow/example_dags/example_branch_labels.py
[2024-11-18T16:41:36.751+0000] {processor.py:925} INFO - DAG(s) 'example_branch_labels' retrieved from /home/airflow/.local/lib/python3.12/site-packages/airflow/example_dags/example_branch_labels.py
[2024-11-18T16:41:36.794+0000] {logging_mixin.py:190} INFO - [2024-11-18T16:41:36.794+0000] {dag.py:3239} INFO - Sync 1 DAGs
[2024-11-18T16:41:36.825+0000] {logging_mixin.py:190} INFO - [2024-11-18T16:41:36.825+0000] {dag.py:4180} INFO - Setting next_dagrun for example_branch_labels to 2024-11-17 00:00:00+00:00, run_after=2024-11-18 00:00:00+00:00
[2024-11-18T16:41:36.848+0000] {processor.py:208} INFO - Processing /home/airflow/.local/lib/python3.12/site-packages/airflow/example_dags/example_branch_labels.py took 0.136 seconds
[2024-11-18T16:42:06.907+0000] {processor.py:186} INFO - Started process (PID=454) to work on /home/airflow/.local/lib/python3.12/site-packages/airflow/example_dags/example_branch_labels.py
[2024-11-18T16:42:06.908+0000] {processor.py:914} INFO - Processing file /home/airflow/.local/lib/python3.12/site-packages/airflow/example_dags/example_branch_labels.py for tasks to queue
[2024-11-18T16:42:06.911+0000] {logging_mixin.py:190} INFO - [2024-11-18T16:42:06.911+0000] {dagbag.py:588} INFO - Filling up the DagBag from /home/airflow/.local/lib/python3.12/site-packages/airflow/example_dags/example_branch_labels.py
[2024-11-18T16:42:06.923+0000] {processor.py:925} INFO - DAG(s) 'example_branch_labels' retrieved from /home/airflow/.local/lib/python3.12/site-packages/airflow/example_dags/example_branch_labels.py
[2024-11-18T16:42:06.947+0000] {logging_mixin.py:190} INFO - [2024-11-18T16:42:06.947+0000] {dag.py:3239} INFO - Sync 1 DAGs
[2024-11-18T16:42:06.974+0000] {logging_mixin.py:190} INFO - [2024-11-18T16:42:06.974+0000] {dag.py:4180} INFO - Setting next_dagrun for example_branch_labels to 2024-11-17 00:00:00+00:00, run_after=2024-11-18 00:00:00+00:00
[2024-11-18T16:42:06.993+0000] {processor.py:208} INFO - Processing /home/airflow/.local/lib/python3.12/site-packages/airflow/example_dags/example_branch_labels.py took 0.094 seconds
[2024-11-18T16:42:37.880+0000] {processor.py:186} INFO - Started process (PID=517) to work on /home/airflow/.local/lib/python3.12/site-packages/airflow/example_dags/example_branch_labels.py
[2024-11-18T16:42:37.882+0000] {processor.py:914} INFO - Processing file /home/airflow/.local/lib/python3.12/site-packages/airflow/example_dags/example_branch_labels.py for tasks to queue
[2024-11-18T16:42:37.885+0000] {logging_mixin.py:190} INFO - [2024-11-18T16:42:37.884+0000] {dagbag.py:588} INFO - Filling up the DagBag from /home/airflow/.local/lib/python3.12/site-packages/airflow/example_dags/example_branch_labels.py
[2024-11-18T16:42:37.896+0000] {processor.py:925} INFO - DAG(s) 'example_branch_labels' retrieved from /home/airflow/.local/lib/python3.12/site-packages/airflow/example_dags/example_branch_labels.py
[2024-11-18T16:42:37.919+0000] {logging_mixin.py:190} INFO - [2024-11-18T16:42:37.919+0000] {dag.py:3239} INFO - Sync 1 DAGs
[2024-11-18T16:42:37.948+0000] {logging_mixin.py:190} INFO - [2024-11-18T16:42:37.947+0000] {dag.py:4180} INFO - Setting next_dagrun for example_branch_labels to 2024-11-17 00:00:00+00:00, run_after=2024-11-18 00:00:00+00:00
[2024-11-18T16:42:37.967+0000] {processor.py:208} INFO - Processing /home/airflow/.local/lib/python3.12/site-packages/airflow/example_dags/example_branch_labels.py took 0.094 seconds
[2024-11-18T16:43:08.106+0000] {processor.py:186} INFO - Started process (PID=580) to work on /home/airflow/.local/lib/python3.12/site-packages/airflow/example_dags/example_branch_labels.py
[2024-11-18T16:43:08.107+0000] {processor.py:914} INFO - Processing file /home/airflow/.local/lib/python3.12/site-packages/airflow/example_dags/example_branch_labels.py for tasks to queue
[2024-11-18T16:43:08.110+0000] {logging_mixin.py:190} INFO - [2024-11-18T16:43:08.110+0000] {dagbag.py:588} INFO - Filling up the DagBag from /home/airflow/.local/lib/python3.12/site-packages/airflow/example_dags/example_branch_labels.py
[2024-11-18T16:43:08.122+0000] {processor.py:925} INFO - DAG(s) 'example_branch_labels' retrieved from /home/airflow/.local/lib/python3.12/site-packages/airflow/example_dags/example_branch_labels.py
[2024-11-18T16:43:08.146+0000] {logging_mixin.py:190} INFO - [2024-11-18T16:43:08.146+0000] {dag.py:3239} INFO - Sync 1 DAGs
[2024-11-18T16:43:08.173+0000] {logging_mixin.py:190} INFO - [2024-11-18T16:43:08.173+0000] {dag.py:4180} INFO - Setting next_dagrun for example_branch_labels to 2024-11-17 00:00:00+00:00, run_after=2024-11-18 00:00:00+00:00
[2024-11-18T16:43:08.192+0000] {processor.py:208} INFO - Processing /home/airflow/.local/lib/python3.12/site-packages/airflow/example_dags/example_branch_labels.py took 0.093 seconds
[2024-11-18T16:43:38.347+0000] {processor.py:186} INFO - Started process (PID=643) to work on /home/airflow/.local/lib/python3.12/site-packages/airflow/example_dags/example_branch_labels.py
[2024-11-18T16:43:38.349+0000] {processor.py:914} INFO - Processing file /home/airflow/.local/lib/python3.12/site-packages/airflow/example_dags/example_branch_labels.py for tasks to queue
[2024-11-18T16:43:38.351+0000] {logging_mixin.py:190} INFO - [2024-11-18T16:43:38.351+0000] {dagbag.py:588} INFO - Filling up the DagBag from /home/airflow/.local/lib/python3.12/site-packages/airflow/example_dags/example_branch_labels.py
[2024-11-18T16:43:38.365+0000] {processor.py:925} INFO - DAG(s) 'example_branch_labels' retrieved from /home/airflow/.local/lib/python3.12/site-packages/airflow/example_dags/example_branch_labels.py
[2024-11-18T16:43:38.397+0000] {logging_mixin.py:190} INFO - [2024-11-18T16:43:38.397+0000] {dag.py:3239} INFO - Sync 1 DAGs
[2024-11-18T16:43:38.425+0000] {logging_mixin.py:190} INFO - [2024-11-18T16:43:38.425+0000] {dag.py:4180} INFO - Setting next_dagrun for example_branch_labels to 2024-11-17 00:00:00+00:00, run_after=2024-11-18 00:00:00+00:00
[2024-11-18T16:43:38.448+0000] {processor.py:208} INFO - Processing /home/airflow/.local/lib/python3.12/site-packages/airflow/example_dags/example_branch_labels.py took 0.108 seconds
[2024-11-18T16:44:08.852+0000] {processor.py:186} INFO - Started process (PID=706) to work on /home/airflow/.local/lib/python3.12/site-packages/airflow/example_dags/example_branch_labels.py
[2024-11-18T16:44:08.853+0000] {processor.py:914} INFO - Processing file /home/airflow/.local/lib/python3.12/site-packages/airflow/example_dags/example_branch_labels.py for tasks to queue
[2024-11-18T16:44:08.857+0000] {logging_mixin.py:190} INFO - [2024-11-18T16:44:08.856+0000] {dagbag.py:588} INFO - Filling up the DagBag from /home/airflow/.local/lib/python3.12/site-packages/airflow/example_dags/example_branch_labels.py
[2024-11-18T16:44:08.870+0000] {processor.py:925} INFO - DAG(s) 'example_branch_labels' retrieved from /home/airflow/.local/lib/python3.12/site-packages/airflow/example_dags/example_branch_labels.py
[2024-11-18T16:44:08.900+0000] {logging_mixin.py:190} INFO - [2024-11-18T16:44:08.899+0000] {dag.py:3239} INFO - Sync 1 DAGs
[2024-11-18T16:44:08.946+0000] {logging_mixin.py:190} INFO - [2024-11-18T16:44:08.945+0000] {dag.py:4180} INFO - Setting next_dagrun for example_branch_labels to 2024-11-17 00:00:00+00:00, run_after=2024-11-18 00:00:00+00:00
[2024-11-18T16:44:08.975+0000] {processor.py:208} INFO - Processing /home/airflow/.local/lib/python3.12/site-packages/airflow/example_dags/example_branch_labels.py took 0.132 seconds
[2024-11-18T16:44:39.795+0000] {processor.py:186} INFO - Started process (PID=769) to work on /home/airflow/.local/lib/python3.12/site-packages/airflow/example_dags/example_branch_labels.py
[2024-11-18T16:44:39.796+0000] {processor.py:914} INFO - Processing file /home/airflow/.local/lib/python3.12/site-packages/airflow/example_dags/example_branch_labels.py for tasks to queue
[2024-11-18T16:44:39.799+0000] {logging_mixin.py:190} INFO - [2024-11-18T16:44:39.799+0000] {dagbag.py:588} INFO - Filling up the DagBag from /home/airflow/.local/lib/python3.12/site-packages/airflow/example_dags/example_branch_labels.py
[2024-11-18T16:44:39.811+0000] {processor.py:925} INFO - DAG(s) 'example_branch_labels' retrieved from /home/airflow/.local/lib/python3.12/site-packages/airflow/example_dags/example_branch_labels.py
[2024-11-18T16:44:39.836+0000] {logging_mixin.py:190} INFO - [2024-11-18T16:44:39.836+0000] {dag.py:3239} INFO - Sync 1 DAGs
[2024-11-18T16:44:39.870+0000] {logging_mixin.py:190} INFO - [2024-11-18T16:44:39.870+0000] {dag.py:4180} INFO - Setting next_dagrun for example_branch_labels to 2024-11-17 00:00:00+00:00, run_after=2024-11-18 00:00:00+00:00
[2024-11-18T16:44:39.891+0000] {processor.py:208} INFO - Processing /home/airflow/.local/lib/python3.12/site-packages/airflow/example_dags/example_branch_labels.py took 0.103 seconds
[2024-11-18T16:45:10.884+0000] {processor.py:186} INFO - Started process (PID=831) to work on /home/airflow/.local/lib/python3.12/site-packages/airflow/example_dags/example_branch_labels.py
[2024-11-18T16:45:10.885+0000] {processor.py:914} INFO - Processing file /home/airflow/.local/lib/python3.12/site-packages/airflow/example_dags/example_branch_labels.py for tasks to queue
[2024-11-18T16:45:10.888+0000] {logging_mixin.py:190} INFO - [2024-11-18T16:45:10.888+0000] {dagbag.py:588} INFO - Filling up the DagBag from /home/airflow/.local/lib/python3.12/site-packages/airflow/example_dags/example_branch_labels.py
[2024-11-18T16:45:10.900+0000] {processor.py:925} INFO - DAG(s) 'example_branch_labels' retrieved from /home/airflow/.local/lib/python3.12/site-packages/airflow/example_dags/example_branch_labels.py
[2024-11-18T16:45:10.924+0000] {logging_mixin.py:190} INFO - [2024-11-18T16:45:10.924+0000] {dag.py:3239} INFO - Sync 1 DAGs
[2024-11-18T16:45:10.951+0000] {logging_mixin.py:190} INFO - [2024-11-18T16:45:10.951+0000] {dag.py:4180} INFO - Setting next_dagrun for example_branch_labels to 2024-11-17 00:00:00+00:00, run_after=2024-11-18 00:00:00+00:00
[2024-11-18T16:45:10.971+0000] {processor.py:208} INFO - Processing /home/airflow/.local/lib/python3.12/site-packages/airflow/example_dags/example_branch_labels.py took 0.095 seconds
[2024-11-18T16:45:41.095+0000] {processor.py:186} INFO - Started process (PID=894) to work on /home/airflow/.local/lib/python3.12/site-packages/airflow/example_dags/example_branch_labels.py
[2024-11-18T16:45:41.096+0000] {processor.py:914} INFO - Processing file /home/airflow/.local/lib/python3.12/site-packages/airflow/example_dags/example_branch_labels.py for tasks to queue
[2024-11-18T16:45:41.099+0000] {logging_mixin.py:190} INFO - [2024-11-18T16:45:41.098+0000] {dagbag.py:588} INFO - Filling up the DagBag from /home/airflow/.local/lib/python3.12/site-packages/airflow/example_dags/example_branch_labels.py
[2024-11-18T16:45:41.113+0000] {processor.py:925} INFO - DAG(s) 'example_branch_labels' retrieved from /home/airflow/.local/lib/python3.12/site-packages/airflow/example_dags/example_branch_labels.py
[2024-11-18T16:45:41.138+0000] {logging_mixin.py:190} INFO - [2024-11-18T16:45:41.137+0000] {dag.py:3239} INFO - Sync 1 DAGs
[2024-11-18T16:45:41.164+0000] {logging_mixin.py:190} INFO - [2024-11-18T16:45:41.164+0000] {dag.py:4180} INFO - Setting next_dagrun for example_branch_labels to 2024-11-17 00:00:00+00:00, run_after=2024-11-18 00:00:00+00:00
[2024-11-18T16:45:41.186+0000] {processor.py:208} INFO - Processing /home/airflow/.local/lib/python3.12/site-packages/airflow/example_dags/example_branch_labels.py took 0.099 seconds
[2024-11-18T16:46:11.432+0000] {processor.py:186} INFO - Started process (PID=956) to work on /home/airflow/.local/lib/python3.12/site-packages/airflow/example_dags/example_branch_labels.py
[2024-11-18T16:46:11.433+0000] {processor.py:914} INFO - Processing file /home/airflow/.local/lib/python3.12/site-packages/airflow/example_dags/example_branch_labels.py for tasks to queue
[2024-11-18T16:46:11.436+0000] {logging_mixin.py:190} INFO - [2024-11-18T16:46:11.436+0000] {dagbag.py:588} INFO - Filling up the DagBag from /home/airflow/.local/lib/python3.12/site-packages/airflow/example_dags/example_branch_labels.py
[2024-11-18T16:46:11.448+0000] {processor.py:925} INFO - DAG(s) 'example_branch_labels' retrieved from /home/airflow/.local/lib/python3.12/site-packages/airflow/example_dags/example_branch_labels.py
[2024-11-18T16:46:11.473+0000] {logging_mixin.py:190} INFO - [2024-11-18T16:46:11.473+0000] {dag.py:3239} INFO - Sync 1 DAGs
[2024-11-18T16:46:11.501+0000] {logging_mixin.py:190} INFO - [2024-11-18T16:46:11.500+0000] {dag.py:4180} INFO - Setting next_dagrun for example_branch_labels to 2024-11-17 00:00:00+00:00, run_after=2024-11-18 00:00:00+00:00
[2024-11-18T16:46:11.521+0000] {processor.py:208} INFO - Processing /home/airflow/.local/lib/python3.12/site-packages/airflow/example_dags/example_branch_labels.py took 0.097 seconds
[2024-11-18T16:46:41.612+0000] {processor.py:186} INFO - Started process (PID=1019) to work on /home/airflow/.local/lib/python3.12/site-packages/airflow/example_dags/example_branch_labels.py
[2024-11-18T16:46:41.613+0000] {processor.py:914} INFO - Processing file /home/airflow/.local/lib/python3.12/site-packages/airflow/example_dags/example_branch_labels.py for tasks to queue
[2024-11-18T16:46:41.616+0000] {logging_mixin.py:190} INFO - [2024-11-18T16:46:41.616+0000] {dagbag.py:588} INFO - Filling up the DagBag from /home/airflow/.local/lib/python3.12/site-packages/airflow/example_dags/example_branch_labels.py
[2024-11-18T16:46:41.628+0000] {processor.py:925} INFO - DAG(s) 'example_branch_labels' retrieved from /home/airflow/.local/lib/python3.12/site-packages/airflow/example_dags/example_branch_labels.py
[2024-11-18T16:46:41.661+0000] {logging_mixin.py:190} INFO - [2024-11-18T16:46:41.660+0000] {dag.py:3239} INFO - Sync 1 DAGs
[2024-11-18T16:46:41.691+0000] {logging_mixin.py:190} INFO - [2024-11-18T16:46:41.691+0000] {dag.py:4180} INFO - Setting next_dagrun for example_branch_labels to 2024-11-17 00:00:00+00:00, run_after=2024-11-18 00:00:00+00:00
[2024-11-18T16:46:41.711+0000] {processor.py:208} INFO - Processing /home/airflow/.local/lib/python3.12/site-packages/airflow/example_dags/example_branch_labels.py took 0.106 seconds
[2024-11-18T16:47:11.869+0000] {processor.py:186} INFO - Started process (PID=1082) to work on /home/airflow/.local/lib/python3.12/site-packages/airflow/example_dags/example_branch_labels.py
[2024-11-18T16:47:11.870+0000] {processor.py:914} INFO - Processing file /home/airflow/.local/lib/python3.12/site-packages/airflow/example_dags/example_branch_labels.py for tasks to queue
[2024-11-18T16:47:11.873+0000] {logging_mixin.py:190} INFO - [2024-11-18T16:47:11.872+0000] {dagbag.py:588} INFO - Filling up the DagBag from /home/airflow/.local/lib/python3.12/site-packages/airflow/example_dags/example_branch_labels.py
[2024-11-18T16:47:11.885+0000] {processor.py:925} INFO - DAG(s) 'example_branch_labels' retrieved from /home/airflow/.local/lib/python3.12/site-packages/airflow/example_dags/example_branch_labels.py
[2024-11-18T16:47:11.907+0000] {logging_mixin.py:190} INFO - [2024-11-18T16:47:11.906+0000] {dag.py:3239} INFO - Sync 1 DAGs
[2024-11-18T16:47:11.937+0000] {logging_mixin.py:190} INFO - [2024-11-18T16:47:11.937+0000] {dag.py:4180} INFO - Setting next_dagrun for example_branch_labels to 2024-11-17 00:00:00+00:00, run_after=2024-11-18 00:00:00+00:00
[2024-11-18T16:47:11.955+0000] {processor.py:208} INFO - Processing /home/airflow/.local/lib/python3.12/site-packages/airflow/example_dags/example_branch_labels.py took 0.093 seconds
[2024-11-18T16:47:42.806+0000] {processor.py:186} INFO - Started process (PID=1145) to work on /home/airflow/.local/lib/python3.12/site-packages/airflow/example_dags/example_branch_labels.py
[2024-11-18T16:47:42.807+0000] {processor.py:914} INFO - Processing file /home/airflow/.local/lib/python3.12/site-packages/airflow/example_dags/example_branch_labels.py for tasks to queue
[2024-11-18T16:47:42.810+0000] {logging_mixin.py:190} INFO - [2024-11-18T16:47:42.809+0000] {dagbag.py:588} INFO - Filling up the DagBag from /home/airflow/.local/lib/python3.12/site-packages/airflow/example_dags/example_branch_labels.py
[2024-11-18T16:47:42.822+0000] {processor.py:925} INFO - DAG(s) 'example_branch_labels' retrieved from /home/airflow/.local/lib/python3.12/site-packages/airflow/example_dags/example_branch_labels.py
[2024-11-18T16:47:42.844+0000] {logging_mixin.py:190} INFO - [2024-11-18T16:47:42.844+0000] {dag.py:3239} INFO - Sync 1 DAGs
[2024-11-18T16:47:42.870+0000] {logging_mixin.py:190} INFO - [2024-11-18T16:47:42.870+0000] {dag.py:4180} INFO - Setting next_dagrun for example_branch_labels to 2024-11-17 00:00:00+00:00, run_after=2024-11-18 00:00:00+00:00
[2024-11-18T16:47:42.890+0000] {processor.py:208} INFO - Processing /home/airflow/.local/lib/python3.12/site-packages/airflow/example_dags/example_branch_labels.py took 0.092 seconds
[2024-11-18T16:48:13.743+0000] {processor.py:186} INFO - Started process (PID=1208) to work on /home/airflow/.local/lib/python3.12/site-packages/airflow/example_dags/example_branch_labels.py
[2024-11-18T16:48:13.744+0000] {processor.py:914} INFO - Processing file /home/airflow/.local/lib/python3.12/site-packages/airflow/example_dags/example_branch_labels.py for tasks to queue
[2024-11-18T16:48:13.747+0000] {logging_mixin.py:190} INFO - [2024-11-18T16:48:13.746+0000] {dagbag.py:588} INFO - Filling up the DagBag from /home/airflow/.local/lib/python3.12/site-packages/airflow/example_dags/example_branch_labels.py
[2024-11-18T16:48:13.759+0000] {processor.py:925} INFO - DAG(s) 'example_branch_labels' retrieved from /home/airflow/.local/lib/python3.12/site-packages/airflow/example_dags/example_branch_labels.py
[2024-11-18T16:48:13.781+0000] {logging_mixin.py:190} INFO - [2024-11-18T16:48:13.781+0000] {dag.py:3239} INFO - Sync 1 DAGs
[2024-11-18T16:48:13.807+0000] {logging_mixin.py:190} INFO - [2024-11-18T16:48:13.807+0000] {dag.py:4180} INFO - Setting next_dagrun for example_branch_labels to 2024-11-17 00:00:00+00:00, run_after=2024-11-18 00:00:00+00:00
[2024-11-18T16:48:13.829+0000] {processor.py:208} INFO - Processing /home/airflow/.local/lib/python3.12/site-packages/airflow/example_dags/example_branch_labels.py took 0.092 seconds
[2024-11-18T16:48:44.847+0000] {processor.py:186} INFO - Started process (PID=1271) to work on /home/airflow/.local/lib/python3.12/site-packages/airflow/example_dags/example_branch_labels.py
[2024-11-18T16:48:44.848+0000] {processor.py:914} INFO - Processing file /home/airflow/.local/lib/python3.12/site-packages/airflow/example_dags/example_branch_labels.py for tasks to queue
[2024-11-18T16:48:44.851+0000] {logging_mixin.py:190} INFO - [2024-11-18T16:48:44.851+0000] {dagbag.py:588} INFO - Filling up the DagBag from /home/airflow/.local/lib/python3.12/site-packages/airflow/example_dags/example_branch_labels.py
[2024-11-18T16:48:44.867+0000] {processor.py:925} INFO - DAG(s) 'example_branch_labels' retrieved from /home/airflow/.local/lib/python3.12/site-packages/airflow/example_dags/example_branch_labels.py
[2024-11-18T16:48:44.896+0000] {logging_mixin.py:190} INFO - [2024-11-18T16:48:44.896+0000] {dag.py:3239} INFO - Sync 1 DAGs
[2024-11-18T16:48:44.930+0000] {logging_mixin.py:190} INFO - [2024-11-18T16:48:44.930+0000] {dag.py:4180} INFO - Setting next_dagrun for example_branch_labels to 2024-11-17 00:00:00+00:00, run_after=2024-11-18 00:00:00+00:00
[2024-11-18T16:48:44.959+0000] {processor.py:208} INFO - Processing /home/airflow/.local/lib/python3.12/site-packages/airflow/example_dags/example_branch_labels.py took 0.120 seconds
[2024-11-18T16:49:15.493+0000] {processor.py:186} INFO - Started process (PID=1334) to work on /home/airflow/.local/lib/python3.12/site-packages/airflow/example_dags/example_branch_labels.py
[2024-11-18T16:49:15.494+0000] {processor.py:914} INFO - Processing file /home/airflow/.local/lib/python3.12/site-packages/airflow/example_dags/example_branch_labels.py for tasks to queue
[2024-11-18T16:49:15.497+0000] {logging_mixin.py:190} INFO - [2024-11-18T16:49:15.496+0000] {dagbag.py:588} INFO - Filling up the DagBag from /home/airflow/.local/lib/python3.12/site-packages/airflow/example_dags/example_branch_labels.py
[2024-11-18T16:49:15.509+0000] {processor.py:925} INFO - DAG(s) 'example_branch_labels' retrieved from /home/airflow/.local/lib/python3.12/site-packages/airflow/example_dags/example_branch_labels.py
[2024-11-18T16:49:15.547+0000] {logging_mixin.py:190} INFO - [2024-11-18T16:49:15.546+0000] {dag.py:3239} INFO - Sync 1 DAGs
[2024-11-18T16:49:15.614+0000] {logging_mixin.py:190} INFO - [2024-11-18T16:49:15.613+0000] {dag.py:4180} INFO - Setting next_dagrun for example_branch_labels to 2024-11-17 00:00:00+00:00, run_after=2024-11-18 00:00:00+00:00
[2024-11-18T16:49:15.652+0000] {processor.py:208} INFO - Processing /home/airflow/.local/lib/python3.12/site-packages/airflow/example_dags/example_branch_labels.py took 0.167 seconds
[2024-11-18T16:49:46.805+0000] {processor.py:186} INFO - Started process (PID=1403) to work on /home/airflow/.local/lib/python3.12/site-packages/airflow/example_dags/example_branch_labels.py
[2024-11-18T16:49:46.807+0000] {processor.py:914} INFO - Processing file /home/airflow/.local/lib/python3.12/site-packages/airflow/example_dags/example_branch_labels.py for tasks to queue
[2024-11-18T16:49:46.810+0000] {logging_mixin.py:190} INFO - [2024-11-18T16:49:46.809+0000] {dagbag.py:588} INFO - Filling up the DagBag from /home/airflow/.local/lib/python3.12/site-packages/airflow/example_dags/example_branch_labels.py
[2024-11-18T16:49:46.824+0000] {processor.py:925} INFO - DAG(s) 'example_branch_labels' retrieved from /home/airflow/.local/lib/python3.12/site-packages/airflow/example_dags/example_branch_labels.py
[2024-11-18T16:49:46.850+0000] {logging_mixin.py:190} INFO - [2024-11-18T16:49:46.850+0000] {dag.py:3239} INFO - Sync 1 DAGs
[2024-11-18T16:49:46.878+0000] {logging_mixin.py:190} INFO - [2024-11-18T16:49:46.878+0000] {dag.py:4180} INFO - Setting next_dagrun for example_branch_labels to 2024-11-17 00:00:00+00:00, run_after=2024-11-18 00:00:00+00:00
[2024-11-18T16:49:46.898+0000] {processor.py:208} INFO - Processing /home/airflow/.local/lib/python3.12/site-packages/airflow/example_dags/example_branch_labels.py took 0.102 seconds
[2024-11-18T16:50:17.111+0000] {processor.py:186} INFO - Started process (PID=1464) to work on /home/airflow/.local/lib/python3.12/site-packages/airflow/example_dags/example_branch_labels.py
[2024-11-18T16:50:17.115+0000] {processor.py:914} INFO - Processing file /home/airflow/.local/lib/python3.12/site-packages/airflow/example_dags/example_branch_labels.py for tasks to queue
[2024-11-18T16:50:17.122+0000] {logging_mixin.py:190} INFO - [2024-11-18T16:50:17.121+0000] {dagbag.py:588} INFO - Filling up the DagBag from /home/airflow/.local/lib/python3.12/site-packages/airflow/example_dags/example_branch_labels.py
[2024-11-18T16:50:17.147+0000] {processor.py:925} INFO - DAG(s) 'example_branch_labels' retrieved from /home/airflow/.local/lib/python3.12/site-packages/airflow/example_dags/example_branch_labels.py
[2024-11-18T16:50:17.184+0000] {logging_mixin.py:190} INFO - [2024-11-18T16:50:17.184+0000] {dag.py:3239} INFO - Sync 1 DAGs
[2024-11-18T16:50:17.216+0000] {logging_mixin.py:190} INFO - [2024-11-18T16:50:17.215+0000] {dag.py:4180} INFO - Setting next_dagrun for example_branch_labels to 2024-11-17 00:00:00+00:00, run_after=2024-11-18 00:00:00+00:00
[2024-11-18T16:50:17.237+0000] {processor.py:208} INFO - Processing /home/airflow/.local/lib/python3.12/site-packages/airflow/example_dags/example_branch_labels.py took 0.144 seconds
[2024-11-18T16:50:47.674+0000] {processor.py:186} INFO - Started process (PID=1527) to work on /home/airflow/.local/lib/python3.12/site-packages/airflow/example_dags/example_branch_labels.py
[2024-11-18T16:50:47.675+0000] {processor.py:914} INFO - Processing file /home/airflow/.local/lib/python3.12/site-packages/airflow/example_dags/example_branch_labels.py for tasks to queue
[2024-11-18T16:50:47.677+0000] {logging_mixin.py:190} INFO - [2024-11-18T16:50:47.677+0000] {dagbag.py:588} INFO - Filling up the DagBag from /home/airflow/.local/lib/python3.12/site-packages/airflow/example_dags/example_branch_labels.py
[2024-11-18T16:50:47.689+0000] {processor.py:925} INFO - DAG(s) 'example_branch_labels' retrieved from /home/airflow/.local/lib/python3.12/site-packages/airflow/example_dags/example_branch_labels.py
[2024-11-18T16:50:47.715+0000] {logging_mixin.py:190} INFO - [2024-11-18T16:50:47.715+0000] {dag.py:3239} INFO - Sync 1 DAGs
[2024-11-18T16:50:47.742+0000] {logging_mixin.py:190} INFO - [2024-11-18T16:50:47.742+0000] {dag.py:4180} INFO - Setting next_dagrun for example_branch_labels to 2024-11-17 00:00:00+00:00, run_after=2024-11-18 00:00:00+00:00
[2024-11-18T16:50:47.763+0000] {processor.py:208} INFO - Processing /home/airflow/.local/lib/python3.12/site-packages/airflow/example_dags/example_branch_labels.py took 0.096 seconds
[2024-11-18T16:51:18.633+0000] {processor.py:186} INFO - Started process (PID=1590) to work on /home/airflow/.local/lib/python3.12/site-packages/airflow/example_dags/example_branch_labels.py
[2024-11-18T16:51:18.634+0000] {processor.py:914} INFO - Processing file /home/airflow/.local/lib/python3.12/site-packages/airflow/example_dags/example_branch_labels.py for tasks to queue
[2024-11-18T16:51:18.637+0000] {logging_mixin.py:190} INFO - [2024-11-18T16:51:18.636+0000] {dagbag.py:588} INFO - Filling up the DagBag from /home/airflow/.local/lib/python3.12/site-packages/airflow/example_dags/example_branch_labels.py
[2024-11-18T16:51:18.649+0000] {processor.py:925} INFO - DAG(s) 'example_branch_labels' retrieved from /home/airflow/.local/lib/python3.12/site-packages/airflow/example_dags/example_branch_labels.py
[2024-11-18T16:51:18.671+0000] {logging_mixin.py:190} INFO - [2024-11-18T16:51:18.671+0000] {dag.py:3239} INFO - Sync 1 DAGs
[2024-11-18T16:51:18.698+0000] {logging_mixin.py:190} INFO - [2024-11-18T16:51:18.698+0000] {dag.py:4180} INFO - Setting next_dagrun for example_branch_labels to 2024-11-17 00:00:00+00:00, run_after=2024-11-18 00:00:00+00:00
[2024-11-18T16:51:18.717+0000] {processor.py:208} INFO - Processing /home/airflow/.local/lib/python3.12/site-packages/airflow/example_dags/example_branch_labels.py took 0.091 seconds
[2024-11-18T16:51:49.111+0000] {processor.py:186} INFO - Started process (PID=1651) to work on /home/airflow/.local/lib/python3.12/site-packages/airflow/example_dags/example_branch_labels.py
[2024-11-18T16:51:49.112+0000] {processor.py:914} INFO - Processing file /home/airflow/.local/lib/python3.12/site-packages/airflow/example_dags/example_branch_labels.py for tasks to queue
[2024-11-18T16:51:49.114+0000] {logging_mixin.py:190} INFO - [2024-11-18T16:51:49.114+0000] {dagbag.py:588} INFO - Filling up the DagBag from /home/airflow/.local/lib/python3.12/site-packages/airflow/example_dags/example_branch_labels.py
[2024-11-18T16:51:49.126+0000] {processor.py:925} INFO - DAG(s) 'example_branch_labels' retrieved from /home/airflow/.local/lib/python3.12/site-packages/airflow/example_dags/example_branch_labels.py
[2024-11-18T16:51:49.151+0000] {logging_mixin.py:190} INFO - [2024-11-18T16:51:49.151+0000] {dag.py:3239} INFO - Sync 1 DAGs
[2024-11-18T16:51:49.179+0000] {logging_mixin.py:190} INFO - [2024-11-18T16:51:49.179+0000] {dag.py:4180} INFO - Setting next_dagrun for example_branch_labels to 2024-11-17 00:00:00+00:00, run_after=2024-11-18 00:00:00+00:00
[2024-11-18T16:51:49.199+0000] {processor.py:208} INFO - Processing /home/airflow/.local/lib/python3.12/site-packages/airflow/example_dags/example_branch_labels.py took 0.095 seconds
[2024-11-18T16:52:19.616+0000] {processor.py:186} INFO - Started process (PID=1714) to work on /home/airflow/.local/lib/python3.12/site-packages/airflow/example_dags/example_branch_labels.py
[2024-11-18T16:52:19.617+0000] {processor.py:914} INFO - Processing file /home/airflow/.local/lib/python3.12/site-packages/airflow/example_dags/example_branch_labels.py for tasks to queue
[2024-11-18T16:52:19.620+0000] {logging_mixin.py:190} INFO - [2024-11-18T16:52:19.620+0000] {dagbag.py:588} INFO - Filling up the DagBag from /home/airflow/.local/lib/python3.12/site-packages/airflow/example_dags/example_branch_labels.py
[2024-11-18T16:52:19.633+0000] {processor.py:925} INFO - DAG(s) 'example_branch_labels' retrieved from /home/airflow/.local/lib/python3.12/site-packages/airflow/example_dags/example_branch_labels.py
[2024-11-18T16:52:19.658+0000] {logging_mixin.py:190} INFO - [2024-11-18T16:52:19.658+0000] {dag.py:3239} INFO - Sync 1 DAGs
[2024-11-18T16:52:19.688+0000] {logging_mixin.py:190} INFO - [2024-11-18T16:52:19.688+0000] {dag.py:4180} INFO - Setting next_dagrun for example_branch_labels to 2024-11-17 00:00:00+00:00, run_after=2024-11-18 00:00:00+00:00
[2024-11-18T16:52:19.715+0000] {processor.py:208} INFO - Processing /home/airflow/.local/lib/python3.12/site-packages/airflow/example_dags/example_branch_labels.py took 0.107 seconds
[2024-11-18T16:52:50.470+0000] {processor.py:186} INFO - Started process (PID=1770) to work on /home/airflow/.local/lib/python3.12/site-packages/airflow/example_dags/example_branch_labels.py
[2024-11-18T16:52:50.471+0000] {processor.py:914} INFO - Processing file /home/airflow/.local/lib/python3.12/site-packages/airflow/example_dags/example_branch_labels.py for tasks to queue
[2024-11-18T16:52:50.475+0000] {logging_mixin.py:190} INFO - [2024-11-18T16:52:50.474+0000] {dagbag.py:588} INFO - Filling up the DagBag from /home/airflow/.local/lib/python3.12/site-packages/airflow/example_dags/example_branch_labels.py
[2024-11-18T16:52:50.490+0000] {processor.py:925} INFO - DAG(s) 'example_branch_labels' retrieved from /home/airflow/.local/lib/python3.12/site-packages/airflow/example_dags/example_branch_labels.py
[2024-11-18T16:52:50.514+0000] {logging_mixin.py:190} INFO - [2024-11-18T16:52:50.514+0000] {dag.py:3239} INFO - Sync 1 DAGs
[2024-11-18T16:52:50.542+0000] {logging_mixin.py:190} INFO - [2024-11-18T16:52:50.541+0000] {dag.py:4180} INFO - Setting next_dagrun for example_branch_labels to 2024-11-17 00:00:00+00:00, run_after=2024-11-18 00:00:00+00:00
[2024-11-18T16:52:50.562+0000] {processor.py:208} INFO - Processing /home/airflow/.local/lib/python3.12/site-packages/airflow/example_dags/example_branch_labels.py took 0.101 seconds
[2024-11-18T16:53:21.103+0000] {processor.py:186} INFO - Started process (PID=1827) to work on /home/airflow/.local/lib/python3.12/site-packages/airflow/example_dags/example_branch_labels.py
[2024-11-18T16:53:21.104+0000] {processor.py:914} INFO - Processing file /home/airflow/.local/lib/python3.12/site-packages/airflow/example_dags/example_branch_labels.py for tasks to queue
[2024-11-18T16:53:21.107+0000] {logging_mixin.py:190} INFO - [2024-11-18T16:53:21.107+0000] {dagbag.py:588} INFO - Filling up the DagBag from /home/airflow/.local/lib/python3.12/site-packages/airflow/example_dags/example_branch_labels.py
[2024-11-18T16:53:21.125+0000] {processor.py:925} INFO - DAG(s) 'example_branch_labels' retrieved from /home/airflow/.local/lib/python3.12/site-packages/airflow/example_dags/example_branch_labels.py
[2024-11-18T16:53:21.153+0000] {logging_mixin.py:190} INFO - [2024-11-18T16:53:21.153+0000] {dag.py:3239} INFO - Sync 1 DAGs
[2024-11-18T16:53:21.179+0000] {logging_mixin.py:190} INFO - [2024-11-18T16:53:21.179+0000] {dag.py:4180} INFO - Setting next_dagrun for example_branch_labels to 2024-11-17 00:00:00+00:00, run_after=2024-11-18 00:00:00+00:00
[2024-11-18T16:53:21.202+0000] {processor.py:208} INFO - Processing /home/airflow/.local/lib/python3.12/site-packages/airflow/example_dags/example_branch_labels.py took 0.108 seconds
[2024-11-18T16:53:52.481+0000] {processor.py:186} INFO - Started process (PID=1890) to work on /home/airflow/.local/lib/python3.12/site-packages/airflow/example_dags/example_branch_labels.py
[2024-11-18T16:53:52.482+0000] {processor.py:914} INFO - Processing file /home/airflow/.local/lib/python3.12/site-packages/airflow/example_dags/example_branch_labels.py for tasks to queue
[2024-11-18T16:53:52.485+0000] {logging_mixin.py:190} INFO - [2024-11-18T16:53:52.484+0000] {dagbag.py:588} INFO - Filling up the DagBag from /home/airflow/.local/lib/python3.12/site-packages/airflow/example_dags/example_branch_labels.py
[2024-11-18T16:53:52.497+0000] {processor.py:925} INFO - DAG(s) 'example_branch_labels' retrieved from /home/airflow/.local/lib/python3.12/site-packages/airflow/example_dags/example_branch_labels.py
[2024-11-18T16:53:52.521+0000] {logging_mixin.py:190} INFO - [2024-11-18T16:53:52.521+0000] {dag.py:3239} INFO - Sync 1 DAGs
[2024-11-18T16:53:52.551+0000] {logging_mixin.py:190} INFO - [2024-11-18T16:53:52.551+0000] {dag.py:4180} INFO - Setting next_dagrun for example_branch_labels to 2024-11-17 00:00:00+00:00, run_after=2024-11-18 00:00:00+00:00
[2024-11-18T16:53:52.571+0000] {processor.py:208} INFO - Processing /home/airflow/.local/lib/python3.12/site-packages/airflow/example_dags/example_branch_labels.py took 0.098 seconds
[2024-11-18T16:54:22.924+0000] {processor.py:186} INFO - Started process (PID=1952) to work on /home/airflow/.local/lib/python3.12/site-packages/airflow/example_dags/example_branch_labels.py
[2024-11-18T16:54:22.925+0000] {processor.py:914} INFO - Processing file /home/airflow/.local/lib/python3.12/site-packages/airflow/example_dags/example_branch_labels.py for tasks to queue
[2024-11-18T16:54:22.929+0000] {logging_mixin.py:190} INFO - [2024-11-18T16:54:22.928+0000] {dagbag.py:588} INFO - Filling up the DagBag from /home/airflow/.local/lib/python3.12/site-packages/airflow/example_dags/example_branch_labels.py
[2024-11-18T16:54:22.941+0000] {processor.py:925} INFO - DAG(s) 'example_branch_labels' retrieved from /home/airflow/.local/lib/python3.12/site-packages/airflow/example_dags/example_branch_labels.py
[2024-11-18T16:54:22.971+0000] {logging_mixin.py:190} INFO - [2024-11-18T16:54:22.970+0000] {dag.py:3239} INFO - Sync 1 DAGs
[2024-11-18T16:54:23.000+0000] {logging_mixin.py:190} INFO - [2024-11-18T16:54:23.000+0000] {dag.py:4180} INFO - Setting next_dagrun for example_branch_labels to 2024-11-17 00:00:00+00:00, run_after=2024-11-18 00:00:00+00:00
[2024-11-18T16:54:23.023+0000] {processor.py:208} INFO - Processing /home/airflow/.local/lib/python3.12/site-packages/airflow/example_dags/example_branch_labels.py took 0.110 seconds
[2024-11-18T16:54:53.054+0000] {processor.py:186} INFO - Started process (PID=2014) to work on /home/airflow/.local/lib/python3.12/site-packages/airflow/example_dags/example_branch_labels.py
[2024-11-18T16:54:53.055+0000] {processor.py:914} INFO - Processing file /home/airflow/.local/lib/python3.12/site-packages/airflow/example_dags/example_branch_labels.py for tasks to queue
[2024-11-18T16:54:53.057+0000] {logging_mixin.py:190} INFO - [2024-11-18T16:54:53.057+0000] {dagbag.py:588} INFO - Filling up the DagBag from /home/airflow/.local/lib/python3.12/site-packages/airflow/example_dags/example_branch_labels.py
[2024-11-18T16:54:53.069+0000] {processor.py:925} INFO - DAG(s) 'example_branch_labels' retrieved from /home/airflow/.local/lib/python3.12/site-packages/airflow/example_dags/example_branch_labels.py
[2024-11-18T16:54:53.095+0000] {logging_mixin.py:190} INFO - [2024-11-18T16:54:53.094+0000] {dag.py:3239} INFO - Sync 1 DAGs
[2024-11-18T16:54:53.122+0000] {logging_mixin.py:190} INFO - [2024-11-18T16:54:53.122+0000] {dag.py:4180} INFO - Setting next_dagrun for example_branch_labels to 2024-11-17 00:00:00+00:00, run_after=2024-11-18 00:00:00+00:00
[2024-11-18T16:54:53.143+0000] {processor.py:208} INFO - Processing /home/airflow/.local/lib/python3.12/site-packages/airflow/example_dags/example_branch_labels.py took 0.096 seconds
[2024-11-18T16:55:23.796+0000] {processor.py:186} INFO - Started process (PID=2075) to work on /home/airflow/.local/lib/python3.12/site-packages/airflow/example_dags/example_branch_labels.py
[2024-11-18T16:55:23.797+0000] {processor.py:914} INFO - Processing file /home/airflow/.local/lib/python3.12/site-packages/airflow/example_dags/example_branch_labels.py for tasks to queue
[2024-11-18T16:55:23.799+0000] {logging_mixin.py:190} INFO - [2024-11-18T16:55:23.799+0000] {dagbag.py:588} INFO - Filling up the DagBag from /home/airflow/.local/lib/python3.12/site-packages/airflow/example_dags/example_branch_labels.py
[2024-11-18T16:55:23.811+0000] {processor.py:925} INFO - DAG(s) 'example_branch_labels' retrieved from /home/airflow/.local/lib/python3.12/site-packages/airflow/example_dags/example_branch_labels.py
[2024-11-18T16:55:23.834+0000] {logging_mixin.py:190} INFO - [2024-11-18T16:55:23.834+0000] {dag.py:3239} INFO - Sync 1 DAGs
[2024-11-18T16:55:23.861+0000] {logging_mixin.py:190} INFO - [2024-11-18T16:55:23.861+0000] {dag.py:4180} INFO - Setting next_dagrun for example_branch_labels to 2024-11-17 00:00:00+00:00, run_after=2024-11-18 00:00:00+00:00
[2024-11-18T16:55:23.881+0000] {processor.py:208} INFO - Processing /home/airflow/.local/lib/python3.12/site-packages/airflow/example_dags/example_branch_labels.py took 0.093 seconds
[2024-11-18T16:55:54.184+0000] {processor.py:186} INFO - Started process (PID=2139) to work on /home/airflow/.local/lib/python3.12/site-packages/airflow/example_dags/example_branch_labels.py
[2024-11-18T16:55:54.186+0000] {processor.py:914} INFO - Processing file /home/airflow/.local/lib/python3.12/site-packages/airflow/example_dags/example_branch_labels.py for tasks to queue
[2024-11-18T16:55:54.190+0000] {logging_mixin.py:190} INFO - [2024-11-18T16:55:54.189+0000] {dagbag.py:588} INFO - Filling up the DagBag from /home/airflow/.local/lib/python3.12/site-packages/airflow/example_dags/example_branch_labels.py
[2024-11-18T16:55:54.202+0000] {processor.py:925} INFO - DAG(s) 'example_branch_labels' retrieved from /home/airflow/.local/lib/python3.12/site-packages/airflow/example_dags/example_branch_labels.py
[2024-11-18T16:55:54.228+0000] {logging_mixin.py:190} INFO - [2024-11-18T16:55:54.228+0000] {dag.py:3239} INFO - Sync 1 DAGs
[2024-11-18T16:55:54.258+0000] {logging_mixin.py:190} INFO - [2024-11-18T16:55:54.258+0000] {dag.py:4180} INFO - Setting next_dagrun for example_branch_labels to 2024-11-17 00:00:00+00:00, run_after=2024-11-18 00:00:00+00:00
[2024-11-18T16:55:54.281+0000] {processor.py:208} INFO - Processing /home/airflow/.local/lib/python3.12/site-packages/airflow/example_dags/example_branch_labels.py took 0.103 seconds
[2024-11-18T16:56:24.499+0000] {processor.py:186} INFO - Started process (PID=2202) to work on /home/airflow/.local/lib/python3.12/site-packages/airflow/example_dags/example_branch_labels.py
[2024-11-18T16:56:24.501+0000] {processor.py:914} INFO - Processing file /home/airflow/.local/lib/python3.12/site-packages/airflow/example_dags/example_branch_labels.py for tasks to queue
[2024-11-18T16:56:24.507+0000] {logging_mixin.py:190} INFO - [2024-11-18T16:56:24.506+0000] {dagbag.py:588} INFO - Filling up the DagBag from /home/airflow/.local/lib/python3.12/site-packages/airflow/example_dags/example_branch_labels.py
[2024-11-18T16:56:24.523+0000] {processor.py:925} INFO - DAG(s) 'example_branch_labels' retrieved from /home/airflow/.local/lib/python3.12/site-packages/airflow/example_dags/example_branch_labels.py
[2024-11-18T16:56:24.564+0000] {logging_mixin.py:190} INFO - [2024-11-18T16:56:24.564+0000] {dag.py:3239} INFO - Sync 1 DAGs
[2024-11-18T16:56:24.618+0000] {logging_mixin.py:190} INFO - [2024-11-18T16:56:24.617+0000] {dag.py:4180} INFO - Setting next_dagrun for example_branch_labels to 2024-11-17 00:00:00+00:00, run_after=2024-11-18 00:00:00+00:00
[2024-11-18T16:56:24.656+0000] {processor.py:208} INFO - Processing /home/airflow/.local/lib/python3.12/site-packages/airflow/example_dags/example_branch_labels.py took 0.176 seconds
[2024-11-18T16:56:54.879+0000] {processor.py:186} INFO - Started process (PID=2265) to work on /home/airflow/.local/lib/python3.12/site-packages/airflow/example_dags/example_branch_labels.py
[2024-11-18T16:56:54.881+0000] {processor.py:914} INFO - Processing file /home/airflow/.local/lib/python3.12/site-packages/airflow/example_dags/example_branch_labels.py for tasks to queue
[2024-11-18T16:56:54.884+0000] {logging_mixin.py:190} INFO - [2024-11-18T16:56:54.884+0000] {dagbag.py:588} INFO - Filling up the DagBag from /home/airflow/.local/lib/python3.12/site-packages/airflow/example_dags/example_branch_labels.py
[2024-11-18T16:56:54.901+0000] {processor.py:925} INFO - DAG(s) 'example_branch_labels' retrieved from /home/airflow/.local/lib/python3.12/site-packages/airflow/example_dags/example_branch_labels.py
[2024-11-18T16:56:54.930+0000] {logging_mixin.py:190} INFO - [2024-11-18T16:56:54.929+0000] {dag.py:3239} INFO - Sync 1 DAGs
[2024-11-18T16:56:54.959+0000] {logging_mixin.py:190} INFO - [2024-11-18T16:56:54.959+0000] {dag.py:4180} INFO - Setting next_dagrun for example_branch_labels to 2024-11-17 00:00:00+00:00, run_after=2024-11-18 00:00:00+00:00
[2024-11-18T16:56:54.981+0000] {processor.py:208} INFO - Processing /home/airflow/.local/lib/python3.12/site-packages/airflow/example_dags/example_branch_labels.py took 0.112 seconds
[2024-11-18T16:57:25.295+0000] {processor.py:186} INFO - Started process (PID=2328) to work on /home/airflow/.local/lib/python3.12/site-packages/airflow/example_dags/example_branch_labels.py
[2024-11-18T16:57:25.297+0000] {processor.py:914} INFO - Processing file /home/airflow/.local/lib/python3.12/site-packages/airflow/example_dags/example_branch_labels.py for tasks to queue
[2024-11-18T16:57:25.299+0000] {logging_mixin.py:190} INFO - [2024-11-18T16:57:25.299+0000] {dagbag.py:588} INFO - Filling up the DagBag from /home/airflow/.local/lib/python3.12/site-packages/airflow/example_dags/example_branch_labels.py
[2024-11-18T16:57:25.313+0000] {processor.py:925} INFO - DAG(s) 'example_branch_labels' retrieved from /home/airflow/.local/lib/python3.12/site-packages/airflow/example_dags/example_branch_labels.py
[2024-11-18T16:57:25.344+0000] {logging_mixin.py:190} INFO - [2024-11-18T16:57:25.343+0000] {dag.py:3239} INFO - Sync 1 DAGs
[2024-11-18T16:57:25.375+0000] {logging_mixin.py:190} INFO - [2024-11-18T16:57:25.374+0000] {dag.py:4180} INFO - Setting next_dagrun for example_branch_labels to 2024-11-17 00:00:00+00:00, run_after=2024-11-18 00:00:00+00:00
[2024-11-18T16:57:25.396+0000] {processor.py:208} INFO - Processing /home/airflow/.local/lib/python3.12/site-packages/airflow/example_dags/example_branch_labels.py took 0.111 seconds
[2024-11-18T16:57:56.105+0000] {processor.py:186} INFO - Started process (PID=2391) to work on /home/airflow/.local/lib/python3.12/site-packages/airflow/example_dags/example_branch_labels.py
[2024-11-18T16:57:56.106+0000] {processor.py:914} INFO - Processing file /home/airflow/.local/lib/python3.12/site-packages/airflow/example_dags/example_branch_labels.py for tasks to queue
[2024-11-18T16:57:56.109+0000] {logging_mixin.py:190} INFO - [2024-11-18T16:57:56.109+0000] {dagbag.py:588} INFO - Filling up the DagBag from /home/airflow/.local/lib/python3.12/site-packages/airflow/example_dags/example_branch_labels.py
[2024-11-18T16:57:56.122+0000] {processor.py:925} INFO - DAG(s) 'example_branch_labels' retrieved from /home/airflow/.local/lib/python3.12/site-packages/airflow/example_dags/example_branch_labels.py
[2024-11-18T16:57:56.149+0000] {logging_mixin.py:190} INFO - [2024-11-18T16:57:56.149+0000] {dag.py:3239} INFO - Sync 1 DAGs
[2024-11-18T16:57:56.182+0000] {logging_mixin.py:190} INFO - [2024-11-18T16:57:56.182+0000] {dag.py:4180} INFO - Setting next_dagrun for example_branch_labels to 2024-11-17 00:00:00+00:00, run_after=2024-11-18 00:00:00+00:00
[2024-11-18T16:57:56.206+0000] {processor.py:208} INFO - Processing /home/airflow/.local/lib/python3.12/site-packages/airflow/example_dags/example_branch_labels.py took 0.111 seconds
[2024-11-18T16:58:26.298+0000] {processor.py:186} INFO - Started process (PID=2454) to work on /home/airflow/.local/lib/python3.12/site-packages/airflow/example_dags/example_branch_labels.py
[2024-11-18T16:58:26.300+0000] {processor.py:914} INFO - Processing file /home/airflow/.local/lib/python3.12/site-packages/airflow/example_dags/example_branch_labels.py for tasks to queue
[2024-11-18T16:58:26.304+0000] {logging_mixin.py:190} INFO - [2024-11-18T16:58:26.303+0000] {dagbag.py:588} INFO - Filling up the DagBag from /home/airflow/.local/lib/python3.12/site-packages/airflow/example_dags/example_branch_labels.py
[2024-11-18T16:58:26.321+0000] {processor.py:925} INFO - DAG(s) 'example_branch_labels' retrieved from /home/airflow/.local/lib/python3.12/site-packages/airflow/example_dags/example_branch_labels.py
[2024-11-18T16:58:26.350+0000] {logging_mixin.py:190} INFO - [2024-11-18T16:58:26.350+0000] {dag.py:3239} INFO - Sync 1 DAGs
[2024-11-18T16:58:26.380+0000] {logging_mixin.py:190} INFO - [2024-11-18T16:58:26.380+0000] {dag.py:4180} INFO - Setting next_dagrun for example_branch_labels to 2024-11-17 00:00:00+00:00, run_after=2024-11-18 00:00:00+00:00
[2024-11-18T16:58:26.402+0000] {processor.py:208} INFO - Processing /home/airflow/.local/lib/python3.12/site-packages/airflow/example_dags/example_branch_labels.py took 0.114 seconds
[2024-11-18T16:58:57.374+0000] {processor.py:186} INFO - Started process (PID=2517) to work on /home/airflow/.local/lib/python3.12/site-packages/airflow/example_dags/example_branch_labels.py
[2024-11-18T16:58:57.375+0000] {processor.py:914} INFO - Processing file /home/airflow/.local/lib/python3.12/site-packages/airflow/example_dags/example_branch_labels.py for tasks to queue
[2024-11-18T16:58:57.378+0000] {logging_mixin.py:190} INFO - [2024-11-18T16:58:57.377+0000] {dagbag.py:588} INFO - Filling up the DagBag from /home/airflow/.local/lib/python3.12/site-packages/airflow/example_dags/example_branch_labels.py
[2024-11-18T16:58:57.390+0000] {processor.py:925} INFO - DAG(s) 'example_branch_labels' retrieved from /home/airflow/.local/lib/python3.12/site-packages/airflow/example_dags/example_branch_labels.py
[2024-11-18T16:58:57.420+0000] {logging_mixin.py:190} INFO - [2024-11-18T16:58:57.419+0000] {dag.py:3239} INFO - Sync 1 DAGs
[2024-11-18T16:58:57.449+0000] {logging_mixin.py:190} INFO - [2024-11-18T16:58:57.449+0000] {dag.py:4180} INFO - Setting next_dagrun for example_branch_labels to 2024-11-17 00:00:00+00:00, run_after=2024-11-18 00:00:00+00:00
[2024-11-18T16:58:57.474+0000] {processor.py:208} INFO - Processing /home/airflow/.local/lib/python3.12/site-packages/airflow/example_dags/example_branch_labels.py took 0.108 seconds
[2024-11-18T16:59:27.696+0000] {processor.py:186} INFO - Started process (PID=2580) to work on /home/airflow/.local/lib/python3.12/site-packages/airflow/example_dags/example_branch_labels.py
[2024-11-18T16:59:27.698+0000] {processor.py:914} INFO - Processing file /home/airflow/.local/lib/python3.12/site-packages/airflow/example_dags/example_branch_labels.py for tasks to queue
[2024-11-18T16:59:27.702+0000] {logging_mixin.py:190} INFO - [2024-11-18T16:59:27.701+0000] {dagbag.py:588} INFO - Filling up the DagBag from /home/airflow/.local/lib/python3.12/site-packages/airflow/example_dags/example_branch_labels.py
[2024-11-18T16:59:27.714+0000] {processor.py:925} INFO - DAG(s) 'example_branch_labels' retrieved from /home/airflow/.local/lib/python3.12/site-packages/airflow/example_dags/example_branch_labels.py
[2024-11-18T16:59:27.739+0000] {logging_mixin.py:190} INFO - [2024-11-18T16:59:27.739+0000] {dag.py:3239} INFO - Sync 1 DAGs
[2024-11-18T16:59:27.768+0000] {logging_mixin.py:190} INFO - [2024-11-18T16:59:27.768+0000] {dag.py:4180} INFO - Setting next_dagrun for example_branch_labels to 2024-11-17 00:00:00+00:00, run_after=2024-11-18 00:00:00+00:00
[2024-11-18T16:59:27.790+0000] {processor.py:208} INFO - Processing /home/airflow/.local/lib/python3.12/site-packages/airflow/example_dags/example_branch_labels.py took 0.102 seconds
[2024-11-18T16:59:58.227+0000] {processor.py:186} INFO - Started process (PID=2642) to work on /home/airflow/.local/lib/python3.12/site-packages/airflow/example_dags/example_branch_labels.py
[2024-11-18T16:59:58.231+0000] {processor.py:914} INFO - Processing file /home/airflow/.local/lib/python3.12/site-packages/airflow/example_dags/example_branch_labels.py for tasks to queue
[2024-11-18T16:59:58.236+0000] {logging_mixin.py:190} INFO - [2024-11-18T16:59:58.235+0000] {dagbag.py:588} INFO - Filling up the DagBag from /home/airflow/.local/lib/python3.12/site-packages/airflow/example_dags/example_branch_labels.py
[2024-11-18T16:59:58.257+0000] {processor.py:925} INFO - DAG(s) 'example_branch_labels' retrieved from /home/airflow/.local/lib/python3.12/site-packages/airflow/example_dags/example_branch_labels.py
[2024-11-18T16:59:58.289+0000] {logging_mixin.py:190} INFO - [2024-11-18T16:59:58.289+0000] {dag.py:3239} INFO - Sync 1 DAGs
[2024-11-18T16:59:58.320+0000] {logging_mixin.py:190} INFO - [2024-11-18T16:59:58.320+0000] {dag.py:4180} INFO - Setting next_dagrun for example_branch_labels to 2024-11-17 00:00:00+00:00, run_after=2024-11-18 00:00:00+00:00
[2024-11-18T16:59:58.345+0000] {processor.py:208} INFO - Processing /home/airflow/.local/lib/python3.12/site-packages/airflow/example_dags/example_branch_labels.py took 0.131 seconds
[2024-11-18T17:00:28.675+0000] {processor.py:186} INFO - Started process (PID=2704) to work on /home/airflow/.local/lib/python3.12/site-packages/airflow/example_dags/example_branch_labels.py
[2024-11-18T17:00:28.677+0000] {processor.py:914} INFO - Processing file /home/airflow/.local/lib/python3.12/site-packages/airflow/example_dags/example_branch_labels.py for tasks to queue
[2024-11-18T17:00:28.681+0000] {logging_mixin.py:190} INFO - [2024-11-18T17:00:28.681+0000] {dagbag.py:588} INFO - Filling up the DagBag from /home/airflow/.local/lib/python3.12/site-packages/airflow/example_dags/example_branch_labels.py
[2024-11-18T17:00:28.699+0000] {processor.py:925} INFO - DAG(s) 'example_branch_labels' retrieved from /home/airflow/.local/lib/python3.12/site-packages/airflow/example_dags/example_branch_labels.py
[2024-11-18T17:00:28.729+0000] {logging_mixin.py:190} INFO - [2024-11-18T17:00:28.729+0000] {dag.py:3239} INFO - Sync 1 DAGs
[2024-11-18T17:00:28.766+0000] {logging_mixin.py:190} INFO - [2024-11-18T17:00:28.765+0000] {dag.py:4180} INFO - Setting next_dagrun for example_branch_labels to 2024-11-17 00:00:00+00:00, run_after=2024-11-18 00:00:00+00:00
[2024-11-18T17:00:28.791+0000] {processor.py:208} INFO - Processing /home/airflow/.local/lib/python3.12/site-packages/airflow/example_dags/example_branch_labels.py took 0.130 seconds
[2024-11-18T17:02:23.358+0000] {processor.py:186} INFO - Started process (PID=76) to work on /home/airflow/.local/lib/python3.12/site-packages/airflow/example_dags/example_branch_labels.py
[2024-11-18T17:02:23.360+0000] {processor.py:914} INFO - Processing file /home/airflow/.local/lib/python3.12/site-packages/airflow/example_dags/example_branch_labels.py for tasks to queue
[2024-11-18T17:02:23.367+0000] {logging_mixin.py:190} INFO - [2024-11-18T17:02:23.366+0000] {dagbag.py:588} INFO - Filling up the DagBag from /home/airflow/.local/lib/python3.12/site-packages/airflow/example_dags/example_branch_labels.py
[2024-11-18T17:02:23.390+0000] {processor.py:925} INFO - DAG(s) 'example_branch_labels' retrieved from /home/airflow/.local/lib/python3.12/site-packages/airflow/example_dags/example_branch_labels.py
[2024-11-18T17:02:23.820+0000] {logging_mixin.py:190} INFO - [2024-11-18T17:02:23.819+0000] {dag.py:3239} INFO - Sync 1 DAGs
[2024-11-18T17:02:23.882+0000] {logging_mixin.py:190} INFO - [2024-11-18T17:02:23.881+0000] {dag.py:4180} INFO - Setting next_dagrun for example_branch_labels to 2024-11-17 00:00:00+00:00, run_after=2024-11-18 00:00:00+00:00
[2024-11-18T17:02:23.937+0000] {processor.py:208} INFO - Processing /home/airflow/.local/lib/python3.12/site-packages/airflow/example_dags/example_branch_labels.py took 0.592 seconds
[2024-11-18T17:02:54.272+0000] {processor.py:186} INFO - Started process (PID=138) to work on /home/airflow/.local/lib/python3.12/site-packages/airflow/example_dags/example_branch_labels.py
[2024-11-18T17:02:54.275+0000] {processor.py:914} INFO - Processing file /home/airflow/.local/lib/python3.12/site-packages/airflow/example_dags/example_branch_labels.py for tasks to queue
[2024-11-18T17:02:54.279+0000] {logging_mixin.py:190} INFO - [2024-11-18T17:02:54.279+0000] {dagbag.py:588} INFO - Filling up the DagBag from /home/airflow/.local/lib/python3.12/site-packages/airflow/example_dags/example_branch_labels.py
[2024-11-18T17:02:54.296+0000] {processor.py:925} INFO - DAG(s) 'example_branch_labels' retrieved from /home/airflow/.local/lib/python3.12/site-packages/airflow/example_dags/example_branch_labels.py
[2024-11-18T17:02:54.328+0000] {logging_mixin.py:190} INFO - [2024-11-18T17:02:54.327+0000] {dag.py:3239} INFO - Sync 1 DAGs
[2024-11-18T17:02:54.357+0000] {logging_mixin.py:190} INFO - [2024-11-18T17:02:54.357+0000] {dag.py:4180} INFO - Setting next_dagrun for example_branch_labels to 2024-11-17 00:00:00+00:00, run_after=2024-11-18 00:00:00+00:00
[2024-11-18T17:02:54.384+0000] {processor.py:208} INFO - Processing /home/airflow/.local/lib/python3.12/site-packages/airflow/example_dags/example_branch_labels.py took 0.123 seconds
