[2024-11-18T16:24:24.281+0000] {processor.py:186} INFO - Started process (PID=76) to work on /home/airflow/.local/lib/python3.12/site-packages/airflow/example_dags/example_sensors.py
[2024-11-18T16:24:24.285+0000] {processor.py:914} INFO - Processing file /home/airflow/.local/lib/python3.12/site-packages/airflow/example_dags/example_sensors.py for tasks to queue
[2024-11-18T16:24:24.295+0000] {logging_mixin.py:190} INFO - [2024-11-18T16:24:24.294+0000] {dagbag.py:588} INFO - Filling up the DagBag from /home/airflow/.local/lib/python3.12/site-packages/airflow/example_dags/example_sensors.py
[2024-11-18T16:24:24.345+0000] {processor.py:925} INFO - DAG(s) 'example_sensors' retrieved from /home/airflow/.local/lib/python3.12/site-packages/airflow/example_dags/example_sensors.py
[2024-11-18T16:24:24.706+0000] {logging_mixin.py:190} INFO - [2024-11-18T16:24:24.704+0000] {override.py:1911} INFO - Created Permission View: can read on DAG:example_sensors
[2024-11-18T16:24:24.729+0000] {logging_mixin.py:190} INFO - [2024-11-18T16:24:24.728+0000] {override.py:1911} INFO - Created Permission View: can edit on DAG:example_sensors
[2024-11-18T16:24:24.742+0000] {logging_mixin.py:190} INFO - [2024-11-18T16:24:24.742+0000] {override.py:1911} INFO - Created Permission View: can delete on DAG:example_sensors
[2024-11-18T16:24:24.755+0000] {logging_mixin.py:190} INFO - [2024-11-18T16:24:24.755+0000] {override.py:1911} INFO - Created Permission View: can read on DAG Run:example_sensors
[2024-11-18T16:24:24.767+0000] {logging_mixin.py:190} INFO - [2024-11-18T16:24:24.767+0000] {override.py:1911} INFO - Created Permission View: menu access on DAG Run:example_sensors
[2024-11-18T16:24:24.780+0000] {logging_mixin.py:190} INFO - [2024-11-18T16:24:24.779+0000] {override.py:1911} INFO - Created Permission View: can create on DAG Run:example_sensors
[2024-11-18T16:24:24.792+0000] {logging_mixin.py:190} INFO - [2024-11-18T16:24:24.792+0000] {override.py:1911} INFO - Created Permission View: can delete on DAG Run:example_sensors
[2024-11-18T16:24:24.795+0000] {logging_mixin.py:190} INFO - [2024-11-18T16:24:24.794+0000] {dag.py:3239} INFO - Sync 1 DAGs
[2024-11-18T16:24:24.898+0000] {logging_mixin.py:190} INFO - [2024-11-18T16:24:24.897+0000] {dag.py:3262} INFO - Creating ORM DAG for example_sensors
[2024-11-18T16:24:24.901+0000] {logging_mixin.py:190} INFO - [2024-11-18T16:24:24.901+0000] {dag.py:4180} INFO - Setting next_dagrun for example_sensors to None, run_after=None
[2024-11-18T16:24:24.941+0000] {processor.py:208} INFO - Processing /home/airflow/.local/lib/python3.12/site-packages/airflow/example_dags/example_sensors.py took 0.684 seconds
[2024-11-18T16:24:55.235+0000] {processor.py:186} INFO - Started process (PID=138) to work on /home/airflow/.local/lib/python3.12/site-packages/airflow/example_dags/example_sensors.py
[2024-11-18T16:24:55.237+0000] {processor.py:914} INFO - Processing file /home/airflow/.local/lib/python3.12/site-packages/airflow/example_dags/example_sensors.py for tasks to queue
[2024-11-18T16:24:55.241+0000] {logging_mixin.py:190} INFO - [2024-11-18T16:24:55.241+0000] {dagbag.py:588} INFO - Filling up the DagBag from /home/airflow/.local/lib/python3.12/site-packages/airflow/example_dags/example_sensors.py
[2024-11-18T16:24:55.261+0000] {processor.py:925} INFO - DAG(s) 'example_sensors' retrieved from /home/airflow/.local/lib/python3.12/site-packages/airflow/example_dags/example_sensors.py
[2024-11-18T16:24:55.295+0000] {logging_mixin.py:190} INFO - [2024-11-18T16:24:55.295+0000] {dag.py:3239} INFO - Sync 1 DAGs
[2024-11-18T16:24:55.312+0000] {logging_mixin.py:190} INFO - [2024-11-18T16:24:55.311+0000] {dag.py:4180} INFO - Setting next_dagrun for example_sensors to None, run_after=None
[2024-11-18T16:24:55.332+0000] {processor.py:208} INFO - Processing /home/airflow/.local/lib/python3.12/site-packages/airflow/example_dags/example_sensors.py took 0.108 seconds
[2024-11-18T16:25:25.590+0000] {processor.py:186} INFO - Started process (PID=201) to work on /home/airflow/.local/lib/python3.12/site-packages/airflow/example_dags/example_sensors.py
[2024-11-18T16:25:25.611+0000] {processor.py:914} INFO - Processing file /home/airflow/.local/lib/python3.12/site-packages/airflow/example_dags/example_sensors.py for tasks to queue
[2024-11-18T16:25:25.631+0000] {logging_mixin.py:190} INFO - [2024-11-18T16:25:25.631+0000] {dagbag.py:588} INFO - Filling up the DagBag from /home/airflow/.local/lib/python3.12/site-packages/airflow/example_dags/example_sensors.py
[2024-11-18T16:25:25.651+0000] {processor.py:925} INFO - DAG(s) 'example_sensors' retrieved from /home/airflow/.local/lib/python3.12/site-packages/airflow/example_dags/example_sensors.py
[2024-11-18T16:25:25.687+0000] {logging_mixin.py:190} INFO - [2024-11-18T16:25:25.686+0000] {dag.py:3239} INFO - Sync 1 DAGs
[2024-11-18T16:25:25.702+0000] {logging_mixin.py:190} INFO - [2024-11-18T16:25:25.702+0000] {dag.py:4180} INFO - Setting next_dagrun for example_sensors to None, run_after=None
[2024-11-18T16:25:25.725+0000] {processor.py:208} INFO - Processing /home/airflow/.local/lib/python3.12/site-packages/airflow/example_dags/example_sensors.py took 0.144 seconds
[2024-11-18T16:25:55.974+0000] {processor.py:186} INFO - Started process (PID=264) to work on /home/airflow/.local/lib/python3.12/site-packages/airflow/example_dags/example_sensors.py
[2024-11-18T16:25:55.975+0000] {processor.py:914} INFO - Processing file /home/airflow/.local/lib/python3.12/site-packages/airflow/example_dags/example_sensors.py for tasks to queue
[2024-11-18T16:25:55.978+0000] {logging_mixin.py:190} INFO - [2024-11-18T16:25:55.977+0000] {dagbag.py:588} INFO - Filling up the DagBag from /home/airflow/.local/lib/python3.12/site-packages/airflow/example_dags/example_sensors.py
[2024-11-18T16:25:55.993+0000] {processor.py:925} INFO - DAG(s) 'example_sensors' retrieved from /home/airflow/.local/lib/python3.12/site-packages/airflow/example_dags/example_sensors.py
[2024-11-18T16:25:56.030+0000] {logging_mixin.py:190} INFO - [2024-11-18T16:25:56.030+0000] {dag.py:3239} INFO - Sync 1 DAGs
[2024-11-18T16:25:56.047+0000] {logging_mixin.py:190} INFO - [2024-11-18T16:25:56.047+0000] {dag.py:4180} INFO - Setting next_dagrun for example_sensors to None, run_after=None
[2024-11-18T16:25:56.069+0000] {processor.py:208} INFO - Processing /home/airflow/.local/lib/python3.12/site-packages/airflow/example_dags/example_sensors.py took 0.103 seconds
[2024-11-18T16:26:26.967+0000] {processor.py:186} INFO - Started process (PID=327) to work on /home/airflow/.local/lib/python3.12/site-packages/airflow/example_dags/example_sensors.py
[2024-11-18T16:26:26.968+0000] {processor.py:914} INFO - Processing file /home/airflow/.local/lib/python3.12/site-packages/airflow/example_dags/example_sensors.py for tasks to queue
[2024-11-18T16:26:26.971+0000] {logging_mixin.py:190} INFO - [2024-11-18T16:26:26.970+0000] {dagbag.py:588} INFO - Filling up the DagBag from /home/airflow/.local/lib/python3.12/site-packages/airflow/example_dags/example_sensors.py
[2024-11-18T16:26:26.983+0000] {processor.py:925} INFO - DAG(s) 'example_sensors' retrieved from /home/airflow/.local/lib/python3.12/site-packages/airflow/example_dags/example_sensors.py
[2024-11-18T16:26:27.015+0000] {logging_mixin.py:190} INFO - [2024-11-18T16:26:27.014+0000] {dag.py:3239} INFO - Sync 1 DAGs
[2024-11-18T16:26:27.032+0000] {logging_mixin.py:190} INFO - [2024-11-18T16:26:27.032+0000] {dag.py:4180} INFO - Setting next_dagrun for example_sensors to None, run_after=None
[2024-11-18T16:26:27.053+0000] {processor.py:208} INFO - Processing /home/airflow/.local/lib/python3.12/site-packages/airflow/example_dags/example_sensors.py took 0.093 seconds
[2024-11-18T16:26:57.328+0000] {processor.py:186} INFO - Started process (PID=390) to work on /home/airflow/.local/lib/python3.12/site-packages/airflow/example_dags/example_sensors.py
[2024-11-18T16:26:57.330+0000] {processor.py:914} INFO - Processing file /home/airflow/.local/lib/python3.12/site-packages/airflow/example_dags/example_sensors.py for tasks to queue
[2024-11-18T16:26:57.333+0000] {logging_mixin.py:190} INFO - [2024-11-18T16:26:57.333+0000] {dagbag.py:588} INFO - Filling up the DagBag from /home/airflow/.local/lib/python3.12/site-packages/airflow/example_dags/example_sensors.py
[2024-11-18T16:26:57.353+0000] {processor.py:925} INFO - DAG(s) 'example_sensors' retrieved from /home/airflow/.local/lib/python3.12/site-packages/airflow/example_dags/example_sensors.py
[2024-11-18T16:26:57.397+0000] {logging_mixin.py:190} INFO - [2024-11-18T16:26:57.397+0000] {dag.py:3239} INFO - Sync 1 DAGs
[2024-11-18T16:26:57.420+0000] {logging_mixin.py:190} INFO - [2024-11-18T16:26:57.419+0000] {dag.py:4180} INFO - Setting next_dagrun for example_sensors to None, run_after=None
[2024-11-18T16:26:57.445+0000] {processor.py:208} INFO - Processing /home/airflow/.local/lib/python3.12/site-packages/airflow/example_dags/example_sensors.py took 0.127 seconds
[2024-11-18T16:27:27.701+0000] {processor.py:186} INFO - Started process (PID=453) to work on /home/airflow/.local/lib/python3.12/site-packages/airflow/example_dags/example_sensors.py
[2024-11-18T16:27:27.702+0000] {processor.py:914} INFO - Processing file /home/airflow/.local/lib/python3.12/site-packages/airflow/example_dags/example_sensors.py for tasks to queue
[2024-11-18T16:27:27.704+0000] {logging_mixin.py:190} INFO - [2024-11-18T16:27:27.704+0000] {dagbag.py:588} INFO - Filling up the DagBag from /home/airflow/.local/lib/python3.12/site-packages/airflow/example_dags/example_sensors.py
[2024-11-18T16:27:27.717+0000] {processor.py:925} INFO - DAG(s) 'example_sensors' retrieved from /home/airflow/.local/lib/python3.12/site-packages/airflow/example_dags/example_sensors.py
[2024-11-18T16:27:27.747+0000] {logging_mixin.py:190} INFO - [2024-11-18T16:27:27.746+0000] {dag.py:3239} INFO - Sync 1 DAGs
[2024-11-18T16:27:27.764+0000] {logging_mixin.py:190} INFO - [2024-11-18T16:27:27.763+0000] {dag.py:4180} INFO - Setting next_dagrun for example_sensors to None, run_after=None
[2024-11-18T16:27:27.786+0000] {processor.py:208} INFO - Processing /home/airflow/.local/lib/python3.12/site-packages/airflow/example_dags/example_sensors.py took 0.092 seconds
[2024-11-18T16:27:58.000+0000] {processor.py:186} INFO - Started process (PID=516) to work on /home/airflow/.local/lib/python3.12/site-packages/airflow/example_dags/example_sensors.py
[2024-11-18T16:27:58.001+0000] {processor.py:914} INFO - Processing file /home/airflow/.local/lib/python3.12/site-packages/airflow/example_dags/example_sensors.py for tasks to queue
[2024-11-18T16:27:58.004+0000] {logging_mixin.py:190} INFO - [2024-11-18T16:27:58.004+0000] {dagbag.py:588} INFO - Filling up the DagBag from /home/airflow/.local/lib/python3.12/site-packages/airflow/example_dags/example_sensors.py
[2024-11-18T16:27:58.017+0000] {processor.py:925} INFO - DAG(s) 'example_sensors' retrieved from /home/airflow/.local/lib/python3.12/site-packages/airflow/example_dags/example_sensors.py
[2024-11-18T16:27:58.046+0000] {logging_mixin.py:190} INFO - [2024-11-18T16:27:58.046+0000] {dag.py:3239} INFO - Sync 1 DAGs
[2024-11-18T16:27:58.062+0000] {logging_mixin.py:190} INFO - [2024-11-18T16:27:58.062+0000] {dag.py:4180} INFO - Setting next_dagrun for example_sensors to None, run_after=None
[2024-11-18T16:27:58.084+0000] {processor.py:208} INFO - Processing /home/airflow/.local/lib/python3.12/site-packages/airflow/example_dags/example_sensors.py took 0.090 seconds
[2024-11-18T16:28:28.851+0000] {processor.py:186} INFO - Started process (PID=579) to work on /home/airflow/.local/lib/python3.12/site-packages/airflow/example_dags/example_sensors.py
[2024-11-18T16:28:28.852+0000] {processor.py:914} INFO - Processing file /home/airflow/.local/lib/python3.12/site-packages/airflow/example_dags/example_sensors.py for tasks to queue
[2024-11-18T16:28:28.855+0000] {logging_mixin.py:190} INFO - [2024-11-18T16:28:28.855+0000] {dagbag.py:588} INFO - Filling up the DagBag from /home/airflow/.local/lib/python3.12/site-packages/airflow/example_dags/example_sensors.py
[2024-11-18T16:28:28.869+0000] {processor.py:925} INFO - DAG(s) 'example_sensors' retrieved from /home/airflow/.local/lib/python3.12/site-packages/airflow/example_dags/example_sensors.py
[2024-11-18T16:28:28.901+0000] {logging_mixin.py:190} INFO - [2024-11-18T16:28:28.900+0000] {dag.py:3239} INFO - Sync 1 DAGs
[2024-11-18T16:28:28.917+0000] {logging_mixin.py:190} INFO - [2024-11-18T16:28:28.916+0000] {dag.py:4180} INFO - Setting next_dagrun for example_sensors to None, run_after=None
[2024-11-18T16:28:28.944+0000] {processor.py:208} INFO - Processing /home/airflow/.local/lib/python3.12/site-packages/airflow/example_dags/example_sensors.py took 0.101 seconds
[2024-11-18T16:28:59.192+0000] {processor.py:186} INFO - Started process (PID=642) to work on /home/airflow/.local/lib/python3.12/site-packages/airflow/example_dags/example_sensors.py
[2024-11-18T16:28:59.194+0000] {processor.py:914} INFO - Processing file /home/airflow/.local/lib/python3.12/site-packages/airflow/example_dags/example_sensors.py for tasks to queue
[2024-11-18T16:28:59.197+0000] {logging_mixin.py:190} INFO - [2024-11-18T16:28:59.197+0000] {dagbag.py:588} INFO - Filling up the DagBag from /home/airflow/.local/lib/python3.12/site-packages/airflow/example_dags/example_sensors.py
[2024-11-18T16:28:59.213+0000] {processor.py:925} INFO - DAG(s) 'example_sensors' retrieved from /home/airflow/.local/lib/python3.12/site-packages/airflow/example_dags/example_sensors.py
[2024-11-18T16:28:59.250+0000] {logging_mixin.py:190} INFO - [2024-11-18T16:28:59.250+0000] {dag.py:3239} INFO - Sync 1 DAGs
[2024-11-18T16:28:59.270+0000] {logging_mixin.py:190} INFO - [2024-11-18T16:28:59.269+0000] {dag.py:4180} INFO - Setting next_dagrun for example_sensors to None, run_after=None
[2024-11-18T16:28:59.294+0000] {processor.py:208} INFO - Processing /home/airflow/.local/lib/python3.12/site-packages/airflow/example_dags/example_sensors.py took 0.111 seconds
[2024-11-18T16:29:29.758+0000] {processor.py:186} INFO - Started process (PID=705) to work on /home/airflow/.local/lib/python3.12/site-packages/airflow/example_dags/example_sensors.py
[2024-11-18T16:29:29.760+0000] {processor.py:914} INFO - Processing file /home/airflow/.local/lib/python3.12/site-packages/airflow/example_dags/example_sensors.py for tasks to queue
[2024-11-18T16:29:29.763+0000] {logging_mixin.py:190} INFO - [2024-11-18T16:29:29.762+0000] {dagbag.py:588} INFO - Filling up the DagBag from /home/airflow/.local/lib/python3.12/site-packages/airflow/example_dags/example_sensors.py
[2024-11-18T16:29:29.779+0000] {processor.py:925} INFO - DAG(s) 'example_sensors' retrieved from /home/airflow/.local/lib/python3.12/site-packages/airflow/example_dags/example_sensors.py
[2024-11-18T16:29:29.816+0000] {logging_mixin.py:190} INFO - [2024-11-18T16:29:29.816+0000] {dag.py:3239} INFO - Sync 1 DAGs
[2024-11-18T16:29:29.840+0000] {logging_mixin.py:190} INFO - [2024-11-18T16:29:29.840+0000] {dag.py:4180} INFO - Setting next_dagrun for example_sensors to None, run_after=None
[2024-11-18T16:29:29.874+0000] {processor.py:208} INFO - Processing /home/airflow/.local/lib/python3.12/site-packages/airflow/example_dags/example_sensors.py took 0.125 seconds
[2024-11-18T16:30:00.168+0000] {processor.py:186} INFO - Started process (PID=768) to work on /home/airflow/.local/lib/python3.12/site-packages/airflow/example_dags/example_sensors.py
[2024-11-18T16:30:00.170+0000] {processor.py:914} INFO - Processing file /home/airflow/.local/lib/python3.12/site-packages/airflow/example_dags/example_sensors.py for tasks to queue
[2024-11-18T16:30:00.173+0000] {logging_mixin.py:190} INFO - [2024-11-18T16:30:00.172+0000] {dagbag.py:588} INFO - Filling up the DagBag from /home/airflow/.local/lib/python3.12/site-packages/airflow/example_dags/example_sensors.py
[2024-11-18T16:30:00.187+0000] {processor.py:925} INFO - DAG(s) 'example_sensors' retrieved from /home/airflow/.local/lib/python3.12/site-packages/airflow/example_dags/example_sensors.py
[2024-11-18T16:30:00.218+0000] {logging_mixin.py:190} INFO - [2024-11-18T16:30:00.218+0000] {dag.py:3239} INFO - Sync 1 DAGs
[2024-11-18T16:30:00.234+0000] {logging_mixin.py:190} INFO - [2024-11-18T16:30:00.234+0000] {dag.py:4180} INFO - Setting next_dagrun for example_sensors to None, run_after=None
[2024-11-18T16:30:00.256+0000] {processor.py:208} INFO - Processing /home/airflow/.local/lib/python3.12/site-packages/airflow/example_dags/example_sensors.py took 0.098 seconds
[2024-11-18T16:30:30.539+0000] {processor.py:186} INFO - Started process (PID=831) to work on /home/airflow/.local/lib/python3.12/site-packages/airflow/example_dags/example_sensors.py
[2024-11-18T16:30:30.541+0000] {processor.py:914} INFO - Processing file /home/airflow/.local/lib/python3.12/site-packages/airflow/example_dags/example_sensors.py for tasks to queue
[2024-11-18T16:30:30.545+0000] {logging_mixin.py:190} INFO - [2024-11-18T16:30:30.544+0000] {dagbag.py:588} INFO - Filling up the DagBag from /home/airflow/.local/lib/python3.12/site-packages/airflow/example_dags/example_sensors.py
[2024-11-18T16:30:30.562+0000] {processor.py:925} INFO - DAG(s) 'example_sensors' retrieved from /home/airflow/.local/lib/python3.12/site-packages/airflow/example_dags/example_sensors.py
[2024-11-18T16:30:30.597+0000] {logging_mixin.py:190} INFO - [2024-11-18T16:30:30.596+0000] {dag.py:3239} INFO - Sync 1 DAGs
[2024-11-18T16:30:30.615+0000] {logging_mixin.py:190} INFO - [2024-11-18T16:30:30.615+0000] {dag.py:4180} INFO - Setting next_dagrun for example_sensors to None, run_after=None
[2024-11-18T16:30:30.637+0000] {processor.py:208} INFO - Processing /home/airflow/.local/lib/python3.12/site-packages/airflow/example_dags/example_sensors.py took 0.108 seconds
[2024-11-18T16:31:01.302+0000] {processor.py:186} INFO - Started process (PID=894) to work on /home/airflow/.local/lib/python3.12/site-packages/airflow/example_dags/example_sensors.py
[2024-11-18T16:31:01.304+0000] {processor.py:914} INFO - Processing file /home/airflow/.local/lib/python3.12/site-packages/airflow/example_dags/example_sensors.py for tasks to queue
[2024-11-18T16:31:01.308+0000] {logging_mixin.py:190} INFO - [2024-11-18T16:31:01.307+0000] {dagbag.py:588} INFO - Filling up the DagBag from /home/airflow/.local/lib/python3.12/site-packages/airflow/example_dags/example_sensors.py
[2024-11-18T16:31:01.323+0000] {processor.py:925} INFO - DAG(s) 'example_sensors' retrieved from /home/airflow/.local/lib/python3.12/site-packages/airflow/example_dags/example_sensors.py
[2024-11-18T16:31:01.354+0000] {logging_mixin.py:190} INFO - [2024-11-18T16:31:01.354+0000] {dag.py:3239} INFO - Sync 1 DAGs
[2024-11-18T16:31:01.371+0000] {logging_mixin.py:190} INFO - [2024-11-18T16:31:01.370+0000] {dag.py:4180} INFO - Setting next_dagrun for example_sensors to None, run_after=None
[2024-11-18T16:31:01.392+0000] {processor.py:208} INFO - Processing /home/airflow/.local/lib/python3.12/site-packages/airflow/example_dags/example_sensors.py took 0.098 seconds
[2024-11-18T16:31:31.513+0000] {processor.py:186} INFO - Started process (PID=957) to work on /home/airflow/.local/lib/python3.12/site-packages/airflow/example_dags/example_sensors.py
[2024-11-18T16:31:31.514+0000] {processor.py:914} INFO - Processing file /home/airflow/.local/lib/python3.12/site-packages/airflow/example_dags/example_sensors.py for tasks to queue
[2024-11-18T16:31:31.517+0000] {logging_mixin.py:190} INFO - [2024-11-18T16:31:31.516+0000] {dagbag.py:588} INFO - Filling up the DagBag from /home/airflow/.local/lib/python3.12/site-packages/airflow/example_dags/example_sensors.py
[2024-11-18T16:31:31.531+0000] {processor.py:925} INFO - DAG(s) 'example_sensors' retrieved from /home/airflow/.local/lib/python3.12/site-packages/airflow/example_dags/example_sensors.py
[2024-11-18T16:31:31.565+0000] {logging_mixin.py:190} INFO - [2024-11-18T16:31:31.565+0000] {dag.py:3239} INFO - Sync 1 DAGs
[2024-11-18T16:31:31.583+0000] {logging_mixin.py:190} INFO - [2024-11-18T16:31:31.582+0000] {dag.py:4180} INFO - Setting next_dagrun for example_sensors to None, run_after=None
[2024-11-18T16:31:31.607+0000] {processor.py:208} INFO - Processing /home/airflow/.local/lib/python3.12/site-packages/airflow/example_dags/example_sensors.py took 0.103 seconds
[2024-11-18T16:32:01.818+0000] {processor.py:186} INFO - Started process (PID=1020) to work on /home/airflow/.local/lib/python3.12/site-packages/airflow/example_dags/example_sensors.py
[2024-11-18T16:32:01.819+0000] {processor.py:914} INFO - Processing file /home/airflow/.local/lib/python3.12/site-packages/airflow/example_dags/example_sensors.py for tasks to queue
[2024-11-18T16:32:01.822+0000] {logging_mixin.py:190} INFO - [2024-11-18T16:32:01.821+0000] {dagbag.py:588} INFO - Filling up the DagBag from /home/airflow/.local/lib/python3.12/site-packages/airflow/example_dags/example_sensors.py
[2024-11-18T16:32:01.835+0000] {processor.py:925} INFO - DAG(s) 'example_sensors' retrieved from /home/airflow/.local/lib/python3.12/site-packages/airflow/example_dags/example_sensors.py
[2024-11-18T16:32:01.864+0000] {logging_mixin.py:190} INFO - [2024-11-18T16:32:01.864+0000] {dag.py:3239} INFO - Sync 1 DAGs
[2024-11-18T16:32:01.880+0000] {logging_mixin.py:190} INFO - [2024-11-18T16:32:01.880+0000] {dag.py:4180} INFO - Setting next_dagrun for example_sensors to None, run_after=None
[2024-11-18T16:32:01.900+0000] {processor.py:208} INFO - Processing /home/airflow/.local/lib/python3.12/site-packages/airflow/example_dags/example_sensors.py took 0.090 seconds
[2024-11-18T16:32:32.684+0000] {processor.py:186} INFO - Started process (PID=1082) to work on /home/airflow/.local/lib/python3.12/site-packages/airflow/example_dags/example_sensors.py
[2024-11-18T16:32:32.686+0000] {processor.py:914} INFO - Processing file /home/airflow/.local/lib/python3.12/site-packages/airflow/example_dags/example_sensors.py for tasks to queue
[2024-11-18T16:32:32.689+0000] {logging_mixin.py:190} INFO - [2024-11-18T16:32:32.689+0000] {dagbag.py:588} INFO - Filling up the DagBag from /home/airflow/.local/lib/python3.12/site-packages/airflow/example_dags/example_sensors.py
[2024-11-18T16:32:32.708+0000] {processor.py:925} INFO - DAG(s) 'example_sensors' retrieved from /home/airflow/.local/lib/python3.12/site-packages/airflow/example_dags/example_sensors.py
[2024-11-18T16:32:32.747+0000] {logging_mixin.py:190} INFO - [2024-11-18T16:32:32.746+0000] {dag.py:3239} INFO - Sync 1 DAGs
[2024-11-18T16:32:32.768+0000] {logging_mixin.py:190} INFO - [2024-11-18T16:32:32.767+0000] {dag.py:4180} INFO - Setting next_dagrun for example_sensors to None, run_after=None
[2024-11-18T16:32:32.798+0000] {processor.py:208} INFO - Processing /home/airflow/.local/lib/python3.12/site-packages/airflow/example_dags/example_sensors.py took 0.121 seconds
[2024-11-18T16:33:03.254+0000] {processor.py:186} INFO - Started process (PID=1145) to work on /home/airflow/.local/lib/python3.12/site-packages/airflow/example_dags/example_sensors.py
[2024-11-18T16:33:03.255+0000] {processor.py:914} INFO - Processing file /home/airflow/.local/lib/python3.12/site-packages/airflow/example_dags/example_sensors.py for tasks to queue
[2024-11-18T16:33:03.259+0000] {logging_mixin.py:190} INFO - [2024-11-18T16:33:03.259+0000] {dagbag.py:588} INFO - Filling up the DagBag from /home/airflow/.local/lib/python3.12/site-packages/airflow/example_dags/example_sensors.py
[2024-11-18T16:33:03.277+0000] {processor.py:925} INFO - DAG(s) 'example_sensors' retrieved from /home/airflow/.local/lib/python3.12/site-packages/airflow/example_dags/example_sensors.py
[2024-11-18T16:33:03.315+0000] {logging_mixin.py:190} INFO - [2024-11-18T16:33:03.315+0000] {dag.py:3239} INFO - Sync 1 DAGs
[2024-11-18T16:33:03.346+0000] {logging_mixin.py:190} INFO - [2024-11-18T16:33:03.345+0000] {dag.py:4180} INFO - Setting next_dagrun for example_sensors to None, run_after=None
[2024-11-18T16:33:03.379+0000] {processor.py:208} INFO - Processing /home/airflow/.local/lib/python3.12/site-packages/airflow/example_dags/example_sensors.py took 0.134 seconds
[2024-11-18T16:33:33.761+0000] {processor.py:186} INFO - Started process (PID=1208) to work on /home/airflow/.local/lib/python3.12/site-packages/airflow/example_dags/example_sensors.py
[2024-11-18T16:33:33.763+0000] {processor.py:914} INFO - Processing file /home/airflow/.local/lib/python3.12/site-packages/airflow/example_dags/example_sensors.py for tasks to queue
[2024-11-18T16:33:33.767+0000] {logging_mixin.py:190} INFO - [2024-11-18T16:33:33.766+0000] {dagbag.py:588} INFO - Filling up the DagBag from /home/airflow/.local/lib/python3.12/site-packages/airflow/example_dags/example_sensors.py
[2024-11-18T16:33:33.780+0000] {processor.py:925} INFO - DAG(s) 'example_sensors' retrieved from /home/airflow/.local/lib/python3.12/site-packages/airflow/example_dags/example_sensors.py
[2024-11-18T16:33:33.814+0000] {logging_mixin.py:190} INFO - [2024-11-18T16:33:33.814+0000] {dag.py:3239} INFO - Sync 1 DAGs
[2024-11-18T16:33:33.830+0000] {logging_mixin.py:190} INFO - [2024-11-18T16:33:33.829+0000] {dag.py:4180} INFO - Setting next_dagrun for example_sensors to None, run_after=None
[2024-11-18T16:33:33.850+0000] {processor.py:208} INFO - Processing /home/airflow/.local/lib/python3.12/site-packages/airflow/example_dags/example_sensors.py took 0.099 seconds
[2024-11-18T16:34:04.604+0000] {processor.py:186} INFO - Started process (PID=1277) to work on /home/airflow/.local/lib/python3.12/site-packages/airflow/example_dags/example_sensors.py
[2024-11-18T16:34:04.605+0000] {processor.py:914} INFO - Processing file /home/airflow/.local/lib/python3.12/site-packages/airflow/example_dags/example_sensors.py for tasks to queue
[2024-11-18T16:34:04.610+0000] {logging_mixin.py:190} INFO - [2024-11-18T16:34:04.610+0000] {dagbag.py:588} INFO - Filling up the DagBag from /home/airflow/.local/lib/python3.12/site-packages/airflow/example_dags/example_sensors.py
[2024-11-18T16:34:04.627+0000] {processor.py:925} INFO - DAG(s) 'example_sensors' retrieved from /home/airflow/.local/lib/python3.12/site-packages/airflow/example_dags/example_sensors.py
[2024-11-18T16:34:04.660+0000] {logging_mixin.py:190} INFO - [2024-11-18T16:34:04.660+0000] {dag.py:3239} INFO - Sync 1 DAGs
[2024-11-18T16:34:04.677+0000] {logging_mixin.py:190} INFO - [2024-11-18T16:34:04.677+0000] {dag.py:4180} INFO - Setting next_dagrun for example_sensors to None, run_after=None
[2024-11-18T16:34:04.699+0000] {processor.py:208} INFO - Processing /home/airflow/.local/lib/python3.12/site-packages/airflow/example_dags/example_sensors.py took 0.103 seconds
[2024-11-18T16:34:34.793+0000] {processor.py:186} INFO - Started process (PID=1340) to work on /home/airflow/.local/lib/python3.12/site-packages/airflow/example_dags/example_sensors.py
[2024-11-18T16:34:34.794+0000] {processor.py:914} INFO - Processing file /home/airflow/.local/lib/python3.12/site-packages/airflow/example_dags/example_sensors.py for tasks to queue
[2024-11-18T16:34:34.798+0000] {logging_mixin.py:190} INFO - [2024-11-18T16:34:34.797+0000] {dagbag.py:588} INFO - Filling up the DagBag from /home/airflow/.local/lib/python3.12/site-packages/airflow/example_dags/example_sensors.py
[2024-11-18T16:34:34.811+0000] {processor.py:925} INFO - DAG(s) 'example_sensors' retrieved from /home/airflow/.local/lib/python3.12/site-packages/airflow/example_dags/example_sensors.py
[2024-11-18T16:34:34.841+0000] {logging_mixin.py:190} INFO - [2024-11-18T16:34:34.841+0000] {dag.py:3239} INFO - Sync 1 DAGs
[2024-11-18T16:34:34.859+0000] {logging_mixin.py:190} INFO - [2024-11-18T16:34:34.858+0000] {dag.py:4180} INFO - Setting next_dagrun for example_sensors to None, run_after=None
[2024-11-18T16:34:34.880+0000] {processor.py:208} INFO - Processing /home/airflow/.local/lib/python3.12/site-packages/airflow/example_dags/example_sensors.py took 0.096 seconds
[2024-11-18T16:39:04.315+0000] {processor.py:186} INFO - Started process (PID=78) to work on /home/airflow/.local/lib/python3.12/site-packages/airflow/example_dags/example_sensors.py
[2024-11-18T16:39:04.317+0000] {processor.py:914} INFO - Processing file /home/airflow/.local/lib/python3.12/site-packages/airflow/example_dags/example_sensors.py for tasks to queue
[2024-11-18T16:39:04.320+0000] {logging_mixin.py:190} INFO - [2024-11-18T16:39:04.320+0000] {dagbag.py:588} INFO - Filling up the DagBag from /home/airflow/.local/lib/python3.12/site-packages/airflow/example_dags/example_sensors.py
[2024-11-18T16:39:04.339+0000] {processor.py:925} INFO - DAG(s) 'example_sensors' retrieved from /home/airflow/.local/lib/python3.12/site-packages/airflow/example_dags/example_sensors.py
[2024-11-18T16:39:04.485+0000] {logging_mixin.py:190} INFO - [2024-11-18T16:39:04.484+0000] {dag.py:3239} INFO - Sync 1 DAGs
[2024-11-18T16:39:04.565+0000] {logging_mixin.py:190} INFO - [2024-11-18T16:39:04.564+0000] {dag.py:4180} INFO - Setting next_dagrun for example_sensors to None, run_after=None
[2024-11-18T16:39:04.748+0000] {processor.py:208} INFO - Processing /home/airflow/.local/lib/python3.12/site-packages/airflow/example_dags/example_sensors.py took 0.442 seconds
[2024-11-18T16:39:35.334+0000] {processor.py:186} INFO - Started process (PID=140) to work on /home/airflow/.local/lib/python3.12/site-packages/airflow/example_dags/example_sensors.py
[2024-11-18T16:39:35.336+0000] {processor.py:914} INFO - Processing file /home/airflow/.local/lib/python3.12/site-packages/airflow/example_dags/example_sensors.py for tasks to queue
[2024-11-18T16:39:35.339+0000] {logging_mixin.py:190} INFO - [2024-11-18T16:39:35.339+0000] {dagbag.py:588} INFO - Filling up the DagBag from /home/airflow/.local/lib/python3.12/site-packages/airflow/example_dags/example_sensors.py
[2024-11-18T16:39:35.352+0000] {processor.py:925} INFO - DAG(s) 'example_sensors' retrieved from /home/airflow/.local/lib/python3.12/site-packages/airflow/example_dags/example_sensors.py
[2024-11-18T16:39:35.382+0000] {logging_mixin.py:190} INFO - [2024-11-18T16:39:35.382+0000] {dag.py:3239} INFO - Sync 1 DAGs
[2024-11-18T16:39:35.399+0000] {logging_mixin.py:190} INFO - [2024-11-18T16:39:35.399+0000] {dag.py:4180} INFO - Setting next_dagrun for example_sensors to None, run_after=None
[2024-11-18T16:39:35.420+0000] {processor.py:208} INFO - Processing /home/airflow/.local/lib/python3.12/site-packages/airflow/example_dags/example_sensors.py took 0.095 seconds
[2024-11-18T16:40:05.959+0000] {processor.py:186} INFO - Started process (PID=203) to work on /home/airflow/.local/lib/python3.12/site-packages/airflow/example_dags/example_sensors.py
[2024-11-18T16:40:05.961+0000] {processor.py:914} INFO - Processing file /home/airflow/.local/lib/python3.12/site-packages/airflow/example_dags/example_sensors.py for tasks to queue
[2024-11-18T16:40:05.964+0000] {logging_mixin.py:190} INFO - [2024-11-18T16:40:05.964+0000] {dagbag.py:588} INFO - Filling up the DagBag from /home/airflow/.local/lib/python3.12/site-packages/airflow/example_dags/example_sensors.py
[2024-11-18T16:40:05.982+0000] {processor.py:925} INFO - DAG(s) 'example_sensors' retrieved from /home/airflow/.local/lib/python3.12/site-packages/airflow/example_dags/example_sensors.py
[2024-11-18T16:40:06.083+0000] {logging_mixin.py:190} INFO - [2024-11-18T16:40:06.082+0000] {dag.py:3239} INFO - Sync 1 DAGs
[2024-11-18T16:40:06.100+0000] {logging_mixin.py:190} INFO - [2024-11-18T16:40:06.100+0000] {dag.py:4180} INFO - Setting next_dagrun for example_sensors to None, run_after=None
[2024-11-18T16:40:06.123+0000] {processor.py:208} INFO - Processing /home/airflow/.local/lib/python3.12/site-packages/airflow/example_dags/example_sensors.py took 0.174 seconds
[2024-11-18T16:40:36.649+0000] {processor.py:186} INFO - Started process (PID=266) to work on /home/airflow/.local/lib/python3.12/site-packages/airflow/example_dags/example_sensors.py
[2024-11-18T16:40:36.652+0000] {processor.py:914} INFO - Processing file /home/airflow/.local/lib/python3.12/site-packages/airflow/example_dags/example_sensors.py for tasks to queue
[2024-11-18T16:40:36.656+0000] {logging_mixin.py:190} INFO - [2024-11-18T16:40:36.655+0000] {dagbag.py:588} INFO - Filling up the DagBag from /home/airflow/.local/lib/python3.12/site-packages/airflow/example_dags/example_sensors.py
[2024-11-18T16:40:36.671+0000] {processor.py:925} INFO - DAG(s) 'example_sensors' retrieved from /home/airflow/.local/lib/python3.12/site-packages/airflow/example_dags/example_sensors.py
[2024-11-18T16:40:36.702+0000] {logging_mixin.py:190} INFO - [2024-11-18T16:40:36.702+0000] {dag.py:3239} INFO - Sync 1 DAGs
[2024-11-18T16:40:36.718+0000] {logging_mixin.py:190} INFO - [2024-11-18T16:40:36.717+0000] {dag.py:4180} INFO - Setting next_dagrun for example_sensors to None, run_after=None
[2024-11-18T16:40:36.740+0000] {processor.py:208} INFO - Processing /home/airflow/.local/lib/python3.12/site-packages/airflow/example_dags/example_sensors.py took 0.099 seconds
[2024-11-18T16:41:07.062+0000] {processor.py:186} INFO - Started process (PID=329) to work on /home/airflow/.local/lib/python3.12/site-packages/airflow/example_dags/example_sensors.py
[2024-11-18T16:41:07.064+0000] {processor.py:914} INFO - Processing file /home/airflow/.local/lib/python3.12/site-packages/airflow/example_dags/example_sensors.py for tasks to queue
[2024-11-18T16:41:07.067+0000] {logging_mixin.py:190} INFO - [2024-11-18T16:41:07.066+0000] {dagbag.py:588} INFO - Filling up the DagBag from /home/airflow/.local/lib/python3.12/site-packages/airflow/example_dags/example_sensors.py
[2024-11-18T16:41:07.080+0000] {processor.py:925} INFO - DAG(s) 'example_sensors' retrieved from /home/airflow/.local/lib/python3.12/site-packages/airflow/example_dags/example_sensors.py
[2024-11-18T16:41:07.113+0000] {logging_mixin.py:190} INFO - [2024-11-18T16:41:07.113+0000] {dag.py:3239} INFO - Sync 1 DAGs
[2024-11-18T16:41:07.132+0000] {logging_mixin.py:190} INFO - [2024-11-18T16:41:07.131+0000] {dag.py:4180} INFO - Setting next_dagrun for example_sensors to None, run_after=None
[2024-11-18T16:41:07.154+0000] {processor.py:208} INFO - Processing /home/airflow/.local/lib/python3.12/site-packages/airflow/example_dags/example_sensors.py took 0.099 seconds
[2024-11-18T16:41:37.858+0000] {processor.py:186} INFO - Started process (PID=392) to work on /home/airflow/.local/lib/python3.12/site-packages/airflow/example_dags/example_sensors.py
[2024-11-18T16:41:37.860+0000] {processor.py:914} INFO - Processing file /home/airflow/.local/lib/python3.12/site-packages/airflow/example_dags/example_sensors.py for tasks to queue
[2024-11-18T16:41:37.865+0000] {logging_mixin.py:190} INFO - [2024-11-18T16:41:37.864+0000] {dagbag.py:588} INFO - Filling up the DagBag from /home/airflow/.local/lib/python3.12/site-packages/airflow/example_dags/example_sensors.py
[2024-11-18T16:41:37.885+0000] {processor.py:925} INFO - DAG(s) 'example_sensors' retrieved from /home/airflow/.local/lib/python3.12/site-packages/airflow/example_dags/example_sensors.py
[2024-11-18T16:41:37.933+0000] {logging_mixin.py:190} INFO - [2024-11-18T16:41:37.933+0000] {dag.py:3239} INFO - Sync 1 DAGs
[2024-11-18T16:41:37.960+0000] {logging_mixin.py:190} INFO - [2024-11-18T16:41:37.959+0000] {dag.py:4180} INFO - Setting next_dagrun for example_sensors to None, run_after=None
[2024-11-18T16:41:37.991+0000] {processor.py:208} INFO - Processing /home/airflow/.local/lib/python3.12/site-packages/airflow/example_dags/example_sensors.py took 0.148 seconds
[2024-11-18T16:42:08.026+0000] {processor.py:186} INFO - Started process (PID=455) to work on /home/airflow/.local/lib/python3.12/site-packages/airflow/example_dags/example_sensors.py
[2024-11-18T16:42:08.027+0000] {processor.py:914} INFO - Processing file /home/airflow/.local/lib/python3.12/site-packages/airflow/example_dags/example_sensors.py for tasks to queue
[2024-11-18T16:42:08.029+0000] {logging_mixin.py:190} INFO - [2024-11-18T16:42:08.029+0000] {dagbag.py:588} INFO - Filling up the DagBag from /home/airflow/.local/lib/python3.12/site-packages/airflow/example_dags/example_sensors.py
[2024-11-18T16:42:08.042+0000] {processor.py:925} INFO - DAG(s) 'example_sensors' retrieved from /home/airflow/.local/lib/python3.12/site-packages/airflow/example_dags/example_sensors.py
[2024-11-18T16:42:08.074+0000] {logging_mixin.py:190} INFO - [2024-11-18T16:42:08.073+0000] {dag.py:3239} INFO - Sync 1 DAGs
[2024-11-18T16:42:08.092+0000] {logging_mixin.py:190} INFO - [2024-11-18T16:42:08.091+0000] {dag.py:4180} INFO - Setting next_dagrun for example_sensors to None, run_after=None
[2024-11-18T16:42:08.119+0000] {processor.py:208} INFO - Processing /home/airflow/.local/lib/python3.12/site-packages/airflow/example_dags/example_sensors.py took 0.100 seconds
[2024-11-18T16:42:38.940+0000] {processor.py:186} INFO - Started process (PID=518) to work on /home/airflow/.local/lib/python3.12/site-packages/airflow/example_dags/example_sensors.py
[2024-11-18T16:42:38.941+0000] {processor.py:914} INFO - Processing file /home/airflow/.local/lib/python3.12/site-packages/airflow/example_dags/example_sensors.py for tasks to queue
[2024-11-18T16:42:38.945+0000] {logging_mixin.py:190} INFO - [2024-11-18T16:42:38.944+0000] {dagbag.py:588} INFO - Filling up the DagBag from /home/airflow/.local/lib/python3.12/site-packages/airflow/example_dags/example_sensors.py
[2024-11-18T16:42:38.958+0000] {processor.py:925} INFO - DAG(s) 'example_sensors' retrieved from /home/airflow/.local/lib/python3.12/site-packages/airflow/example_dags/example_sensors.py
[2024-11-18T16:42:38.989+0000] {logging_mixin.py:190} INFO - [2024-11-18T16:42:38.988+0000] {dag.py:3239} INFO - Sync 1 DAGs
[2024-11-18T16:42:39.005+0000] {logging_mixin.py:190} INFO - [2024-11-18T16:42:39.005+0000] {dag.py:4180} INFO - Setting next_dagrun for example_sensors to None, run_after=None
[2024-11-18T16:42:39.028+0000] {processor.py:208} INFO - Processing /home/airflow/.local/lib/python3.12/site-packages/airflow/example_dags/example_sensors.py took 0.097 seconds
[2024-11-18T16:43:09.172+0000] {processor.py:186} INFO - Started process (PID=581) to work on /home/airflow/.local/lib/python3.12/site-packages/airflow/example_dags/example_sensors.py
[2024-11-18T16:43:09.173+0000] {processor.py:914} INFO - Processing file /home/airflow/.local/lib/python3.12/site-packages/airflow/example_dags/example_sensors.py for tasks to queue
[2024-11-18T16:43:09.177+0000] {logging_mixin.py:190} INFO - [2024-11-18T16:43:09.176+0000] {dagbag.py:588} INFO - Filling up the DagBag from /home/airflow/.local/lib/python3.12/site-packages/airflow/example_dags/example_sensors.py
[2024-11-18T16:43:09.190+0000] {processor.py:925} INFO - DAG(s) 'example_sensors' retrieved from /home/airflow/.local/lib/python3.12/site-packages/airflow/example_dags/example_sensors.py
[2024-11-18T16:43:09.221+0000] {logging_mixin.py:190} INFO - [2024-11-18T16:43:09.220+0000] {dag.py:3239} INFO - Sync 1 DAGs
[2024-11-18T16:43:09.237+0000] {logging_mixin.py:190} INFO - [2024-11-18T16:43:09.237+0000] {dag.py:4180} INFO - Setting next_dagrun for example_sensors to None, run_after=None
[2024-11-18T16:43:09.259+0000] {processor.py:208} INFO - Processing /home/airflow/.local/lib/python3.12/site-packages/airflow/example_dags/example_sensors.py took 0.096 seconds
[2024-11-18T16:43:39.367+0000] {processor.py:186} INFO - Started process (PID=644) to work on /home/airflow/.local/lib/python3.12/site-packages/airflow/example_dags/example_sensors.py
[2024-11-18T16:43:39.368+0000] {processor.py:914} INFO - Processing file /home/airflow/.local/lib/python3.12/site-packages/airflow/example_dags/example_sensors.py for tasks to queue
[2024-11-18T16:43:39.371+0000] {logging_mixin.py:190} INFO - [2024-11-18T16:43:39.371+0000] {dagbag.py:588} INFO - Filling up the DagBag from /home/airflow/.local/lib/python3.12/site-packages/airflow/example_dags/example_sensors.py
[2024-11-18T16:43:39.384+0000] {processor.py:925} INFO - DAG(s) 'example_sensors' retrieved from /home/airflow/.local/lib/python3.12/site-packages/airflow/example_dags/example_sensors.py
[2024-11-18T16:43:39.414+0000] {logging_mixin.py:190} INFO - [2024-11-18T16:43:39.414+0000] {dag.py:3239} INFO - Sync 1 DAGs
[2024-11-18T16:43:39.431+0000] {logging_mixin.py:190} INFO - [2024-11-18T16:43:39.431+0000] {dag.py:4180} INFO - Setting next_dagrun for example_sensors to None, run_after=None
[2024-11-18T16:43:39.453+0000] {processor.py:208} INFO - Processing /home/airflow/.local/lib/python3.12/site-packages/airflow/example_dags/example_sensors.py took 0.095 seconds
[2024-11-18T16:44:09.890+0000] {processor.py:186} INFO - Started process (PID=707) to work on /home/airflow/.local/lib/python3.12/site-packages/airflow/example_dags/example_sensors.py
[2024-11-18T16:44:09.892+0000] {processor.py:914} INFO - Processing file /home/airflow/.local/lib/python3.12/site-packages/airflow/example_dags/example_sensors.py for tasks to queue
[2024-11-18T16:44:09.897+0000] {logging_mixin.py:190} INFO - [2024-11-18T16:44:09.896+0000] {dagbag.py:588} INFO - Filling up the DagBag from /home/airflow/.local/lib/python3.12/site-packages/airflow/example_dags/example_sensors.py
[2024-11-18T16:44:09.917+0000] {processor.py:925} INFO - DAG(s) 'example_sensors' retrieved from /home/airflow/.local/lib/python3.12/site-packages/airflow/example_dags/example_sensors.py
[2024-11-18T16:44:09.972+0000] {logging_mixin.py:190} INFO - [2024-11-18T16:44:09.971+0000] {dag.py:3239} INFO - Sync 1 DAGs
[2024-11-18T16:44:09.990+0000] {logging_mixin.py:190} INFO - [2024-11-18T16:44:09.990+0000] {dag.py:4180} INFO - Setting next_dagrun for example_sensors to None, run_after=None
[2024-11-18T16:44:10.013+0000] {processor.py:208} INFO - Processing /home/airflow/.local/lib/python3.12/site-packages/airflow/example_dags/example_sensors.py took 0.145 seconds
[2024-11-18T16:44:40.923+0000] {processor.py:186} INFO - Started process (PID=770) to work on /home/airflow/.local/lib/python3.12/site-packages/airflow/example_dags/example_sensors.py
[2024-11-18T16:44:40.924+0000] {processor.py:914} INFO - Processing file /home/airflow/.local/lib/python3.12/site-packages/airflow/example_dags/example_sensors.py for tasks to queue
[2024-11-18T16:44:40.928+0000] {logging_mixin.py:190} INFO - [2024-11-18T16:44:40.927+0000] {dagbag.py:588} INFO - Filling up the DagBag from /home/airflow/.local/lib/python3.12/site-packages/airflow/example_dags/example_sensors.py
[2024-11-18T16:44:40.955+0000] {processor.py:925} INFO - DAG(s) 'example_sensors' retrieved from /home/airflow/.local/lib/python3.12/site-packages/airflow/example_dags/example_sensors.py
[2024-11-18T16:44:41.057+0000] {logging_mixin.py:190} INFO - [2024-11-18T16:44:41.056+0000] {dag.py:3239} INFO - Sync 1 DAGs
[2024-11-18T16:44:41.079+0000] {logging_mixin.py:190} INFO - [2024-11-18T16:44:41.079+0000] {dag.py:4180} INFO - Setting next_dagrun for example_sensors to None, run_after=None
[2024-11-18T16:44:41.110+0000] {processor.py:208} INFO - Processing /home/airflow/.local/lib/python3.12/site-packages/airflow/example_dags/example_sensors.py took 0.194 seconds
[2024-11-18T16:45:11.903+0000] {processor.py:186} INFO - Started process (PID=832) to work on /home/airflow/.local/lib/python3.12/site-packages/airflow/example_dags/example_sensors.py
[2024-11-18T16:45:11.904+0000] {processor.py:914} INFO - Processing file /home/airflow/.local/lib/python3.12/site-packages/airflow/example_dags/example_sensors.py for tasks to queue
[2024-11-18T16:45:11.907+0000] {logging_mixin.py:190} INFO - [2024-11-18T16:45:11.906+0000] {dagbag.py:588} INFO - Filling up the DagBag from /home/airflow/.local/lib/python3.12/site-packages/airflow/example_dags/example_sensors.py
[2024-11-18T16:45:11.922+0000] {processor.py:925} INFO - DAG(s) 'example_sensors' retrieved from /home/airflow/.local/lib/python3.12/site-packages/airflow/example_dags/example_sensors.py
[2024-11-18T16:45:11.957+0000] {logging_mixin.py:190} INFO - [2024-11-18T16:45:11.957+0000] {dag.py:3239} INFO - Sync 1 DAGs
[2024-11-18T16:45:11.974+0000] {logging_mixin.py:190} INFO - [2024-11-18T16:45:11.973+0000] {dag.py:4180} INFO - Setting next_dagrun for example_sensors to None, run_after=None
[2024-11-18T16:45:11.995+0000] {processor.py:208} INFO - Processing /home/airflow/.local/lib/python3.12/site-packages/airflow/example_dags/example_sensors.py took 0.101 seconds
[2024-11-18T16:45:42.160+0000] {processor.py:186} INFO - Started process (PID=895) to work on /home/airflow/.local/lib/python3.12/site-packages/airflow/example_dags/example_sensors.py
[2024-11-18T16:45:42.161+0000] {processor.py:914} INFO - Processing file /home/airflow/.local/lib/python3.12/site-packages/airflow/example_dags/example_sensors.py for tasks to queue
[2024-11-18T16:45:42.164+0000] {logging_mixin.py:190} INFO - [2024-11-18T16:45:42.164+0000] {dagbag.py:588} INFO - Filling up the DagBag from /home/airflow/.local/lib/python3.12/site-packages/airflow/example_dags/example_sensors.py
[2024-11-18T16:45:42.178+0000] {processor.py:925} INFO - DAG(s) 'example_sensors' retrieved from /home/airflow/.local/lib/python3.12/site-packages/airflow/example_dags/example_sensors.py
[2024-11-18T16:45:42.218+0000] {logging_mixin.py:190} INFO - [2024-11-18T16:45:42.218+0000] {dag.py:3239} INFO - Sync 1 DAGs
[2024-11-18T16:45:42.236+0000] {logging_mixin.py:190} INFO - [2024-11-18T16:45:42.235+0000] {dag.py:4180} INFO - Setting next_dagrun for example_sensors to None, run_after=None
[2024-11-18T16:45:42.258+0000] {processor.py:208} INFO - Processing /home/airflow/.local/lib/python3.12/site-packages/airflow/example_dags/example_sensors.py took 0.107 seconds
[2024-11-18T16:46:12.464+0000] {processor.py:186} INFO - Started process (PID=957) to work on /home/airflow/.local/lib/python3.12/site-packages/airflow/example_dags/example_sensors.py
[2024-11-18T16:46:12.465+0000] {processor.py:914} INFO - Processing file /home/airflow/.local/lib/python3.12/site-packages/airflow/example_dags/example_sensors.py for tasks to queue
[2024-11-18T16:46:12.470+0000] {logging_mixin.py:190} INFO - [2024-11-18T16:46:12.469+0000] {dagbag.py:588} INFO - Filling up the DagBag from /home/airflow/.local/lib/python3.12/site-packages/airflow/example_dags/example_sensors.py
[2024-11-18T16:46:12.491+0000] {processor.py:925} INFO - DAG(s) 'example_sensors' retrieved from /home/airflow/.local/lib/python3.12/site-packages/airflow/example_dags/example_sensors.py
[2024-11-18T16:46:12.531+0000] {logging_mixin.py:190} INFO - [2024-11-18T16:46:12.531+0000] {dag.py:3239} INFO - Sync 1 DAGs
[2024-11-18T16:46:12.552+0000] {logging_mixin.py:190} INFO - [2024-11-18T16:46:12.552+0000] {dag.py:4180} INFO - Setting next_dagrun for example_sensors to None, run_after=None
[2024-11-18T16:46:12.580+0000] {processor.py:208} INFO - Processing /home/airflow/.local/lib/python3.12/site-packages/airflow/example_dags/example_sensors.py took 0.134 seconds
[2024-11-18T16:46:42.634+0000] {processor.py:186} INFO - Started process (PID=1020) to work on /home/airflow/.local/lib/python3.12/site-packages/airflow/example_dags/example_sensors.py
[2024-11-18T16:46:42.635+0000] {processor.py:914} INFO - Processing file /home/airflow/.local/lib/python3.12/site-packages/airflow/example_dags/example_sensors.py for tasks to queue
[2024-11-18T16:46:42.638+0000] {logging_mixin.py:190} INFO - [2024-11-18T16:46:42.638+0000] {dagbag.py:588} INFO - Filling up the DagBag from /home/airflow/.local/lib/python3.12/site-packages/airflow/example_dags/example_sensors.py
[2024-11-18T16:46:42.653+0000] {processor.py:925} INFO - DAG(s) 'example_sensors' retrieved from /home/airflow/.local/lib/python3.12/site-packages/airflow/example_dags/example_sensors.py
[2024-11-18T16:46:42.707+0000] {logging_mixin.py:190} INFO - [2024-11-18T16:46:42.707+0000] {dag.py:3239} INFO - Sync 1 DAGs
[2024-11-18T16:46:42.737+0000] {logging_mixin.py:190} INFO - [2024-11-18T16:46:42.736+0000] {dag.py:4180} INFO - Setting next_dagrun for example_sensors to None, run_after=None
[2024-11-18T16:46:42.762+0000] {processor.py:208} INFO - Processing /home/airflow/.local/lib/python3.12/site-packages/airflow/example_dags/example_sensors.py took 0.137 seconds
[2024-11-18T16:47:12.893+0000] {processor.py:186} INFO - Started process (PID=1083) to work on /home/airflow/.local/lib/python3.12/site-packages/airflow/example_dags/example_sensors.py
[2024-11-18T16:47:12.894+0000] {processor.py:914} INFO - Processing file /home/airflow/.local/lib/python3.12/site-packages/airflow/example_dags/example_sensors.py for tasks to queue
[2024-11-18T16:47:12.898+0000] {logging_mixin.py:190} INFO - [2024-11-18T16:47:12.897+0000] {dagbag.py:588} INFO - Filling up the DagBag from /home/airflow/.local/lib/python3.12/site-packages/airflow/example_dags/example_sensors.py
[2024-11-18T16:47:12.911+0000] {processor.py:925} INFO - DAG(s) 'example_sensors' retrieved from /home/airflow/.local/lib/python3.12/site-packages/airflow/example_dags/example_sensors.py
[2024-11-18T16:47:12.942+0000] {logging_mixin.py:190} INFO - [2024-11-18T16:47:12.941+0000] {dag.py:3239} INFO - Sync 1 DAGs
[2024-11-18T16:47:12.961+0000] {logging_mixin.py:190} INFO - [2024-11-18T16:47:12.961+0000] {dag.py:4180} INFO - Setting next_dagrun for example_sensors to None, run_after=None
[2024-11-18T16:47:12.987+0000] {processor.py:208} INFO - Processing /home/airflow/.local/lib/python3.12/site-packages/airflow/example_dags/example_sensors.py took 0.102 seconds
[2024-11-18T16:47:43.860+0000] {processor.py:186} INFO - Started process (PID=1146) to work on /home/airflow/.local/lib/python3.12/site-packages/airflow/example_dags/example_sensors.py
[2024-11-18T16:47:43.864+0000] {processor.py:914} INFO - Processing file /home/airflow/.local/lib/python3.12/site-packages/airflow/example_dags/example_sensors.py for tasks to queue
[2024-11-18T16:47:43.868+0000] {logging_mixin.py:190} INFO - [2024-11-18T16:47:43.867+0000] {dagbag.py:588} INFO - Filling up the DagBag from /home/airflow/.local/lib/python3.12/site-packages/airflow/example_dags/example_sensors.py
[2024-11-18T16:47:43.885+0000] {processor.py:925} INFO - DAG(s) 'example_sensors' retrieved from /home/airflow/.local/lib/python3.12/site-packages/airflow/example_dags/example_sensors.py
[2024-11-18T16:47:43.926+0000] {logging_mixin.py:190} INFO - [2024-11-18T16:47:43.926+0000] {dag.py:3239} INFO - Sync 1 DAGs
[2024-11-18T16:47:43.946+0000] {logging_mixin.py:190} INFO - [2024-11-18T16:47:43.946+0000] {dag.py:4180} INFO - Setting next_dagrun for example_sensors to None, run_after=None
[2024-11-18T16:47:43.976+0000] {processor.py:208} INFO - Processing /home/airflow/.local/lib/python3.12/site-packages/airflow/example_dags/example_sensors.py took 0.128 seconds
[2024-11-18T16:48:14.791+0000] {processor.py:186} INFO - Started process (PID=1209) to work on /home/airflow/.local/lib/python3.12/site-packages/airflow/example_dags/example_sensors.py
[2024-11-18T16:48:14.793+0000] {processor.py:914} INFO - Processing file /home/airflow/.local/lib/python3.12/site-packages/airflow/example_dags/example_sensors.py for tasks to queue
[2024-11-18T16:48:14.798+0000] {logging_mixin.py:190} INFO - [2024-11-18T16:48:14.797+0000] {dagbag.py:588} INFO - Filling up the DagBag from /home/airflow/.local/lib/python3.12/site-packages/airflow/example_dags/example_sensors.py
[2024-11-18T16:48:14.819+0000] {processor.py:925} INFO - DAG(s) 'example_sensors' retrieved from /home/airflow/.local/lib/python3.12/site-packages/airflow/example_dags/example_sensors.py
[2024-11-18T16:48:14.886+0000] {logging_mixin.py:190} INFO - [2024-11-18T16:48:14.886+0000] {dag.py:3239} INFO - Sync 1 DAGs
[2024-11-18T16:48:14.912+0000] {logging_mixin.py:190} INFO - [2024-11-18T16:48:14.911+0000] {dag.py:4180} INFO - Setting next_dagrun for example_sensors to None, run_after=None
[2024-11-18T16:48:14.935+0000] {processor.py:208} INFO - Processing /home/airflow/.local/lib/python3.12/site-packages/airflow/example_dags/example_sensors.py took 0.156 seconds
[2024-11-18T16:48:44.988+0000] {processor.py:186} INFO - Started process (PID=1272) to work on /home/airflow/.local/lib/python3.12/site-packages/airflow/example_dags/example_sensors.py
[2024-11-18T16:48:44.989+0000] {processor.py:914} INFO - Processing file /home/airflow/.local/lib/python3.12/site-packages/airflow/example_dags/example_sensors.py for tasks to queue
[2024-11-18T16:48:44.992+0000] {logging_mixin.py:190} INFO - [2024-11-18T16:48:44.992+0000] {dagbag.py:588} INFO - Filling up the DagBag from /home/airflow/.local/lib/python3.12/site-packages/airflow/example_dags/example_sensors.py
[2024-11-18T16:48:45.006+0000] {processor.py:925} INFO - DAG(s) 'example_sensors' retrieved from /home/airflow/.local/lib/python3.12/site-packages/airflow/example_dags/example_sensors.py
[2024-11-18T16:48:45.038+0000] {logging_mixin.py:190} INFO - [2024-11-18T16:48:45.038+0000] {dag.py:3239} INFO - Sync 1 DAGs
[2024-11-18T16:48:45.055+0000] {logging_mixin.py:190} INFO - [2024-11-18T16:48:45.055+0000] {dag.py:4180} INFO - Setting next_dagrun for example_sensors to None, run_after=None
[2024-11-18T16:48:45.079+0000] {processor.py:208} INFO - Processing /home/airflow/.local/lib/python3.12/site-packages/airflow/example_dags/example_sensors.py took 0.098 seconds
[2024-11-18T16:49:15.550+0000] {processor.py:186} INFO - Started process (PID=1335) to work on /home/airflow/.local/lib/python3.12/site-packages/airflow/example_dags/example_sensors.py
[2024-11-18T16:49:15.553+0000] {processor.py:914} INFO - Processing file /home/airflow/.local/lib/python3.12/site-packages/airflow/example_dags/example_sensors.py for tasks to queue
[2024-11-18T16:49:15.561+0000] {logging_mixin.py:190} INFO - [2024-11-18T16:49:15.559+0000] {dagbag.py:588} INFO - Filling up the DagBag from /home/airflow/.local/lib/python3.12/site-packages/airflow/example_dags/example_sensors.py
[2024-11-18T16:49:15.598+0000] {processor.py:925} INFO - DAG(s) 'example_sensors' retrieved from /home/airflow/.local/lib/python3.12/site-packages/airflow/example_dags/example_sensors.py
[2024-11-18T16:49:15.658+0000] {logging_mixin.py:190} INFO - [2024-11-18T16:49:15.657+0000] {dag.py:3239} INFO - Sync 1 DAGs
[2024-11-18T16:49:15.679+0000] {logging_mixin.py:190} INFO - [2024-11-18T16:49:15.679+0000] {dag.py:4180} INFO - Setting next_dagrun for example_sensors to None, run_after=None
[2024-11-18T16:49:15.702+0000] {processor.py:208} INFO - Processing /home/airflow/.local/lib/python3.12/site-packages/airflow/example_dags/example_sensors.py took 0.172 seconds
[2024-11-18T16:49:46.904+0000] {processor.py:186} INFO - Started process (PID=1404) to work on /home/airflow/.local/lib/python3.12/site-packages/airflow/example_dags/example_sensors.py
[2024-11-18T16:49:46.904+0000] {processor.py:914} INFO - Processing file /home/airflow/.local/lib/python3.12/site-packages/airflow/example_dags/example_sensors.py for tasks to queue
[2024-11-18T16:49:46.907+0000] {logging_mixin.py:190} INFO - [2024-11-18T16:49:46.907+0000] {dagbag.py:588} INFO - Filling up the DagBag from /home/airflow/.local/lib/python3.12/site-packages/airflow/example_dags/example_sensors.py
[2024-11-18T16:49:46.921+0000] {processor.py:925} INFO - DAG(s) 'example_sensors' retrieved from /home/airflow/.local/lib/python3.12/site-packages/airflow/example_dags/example_sensors.py
[2024-11-18T16:49:46.950+0000] {logging_mixin.py:190} INFO - [2024-11-18T16:49:46.950+0000] {dag.py:3239} INFO - Sync 1 DAGs
[2024-11-18T16:49:46.966+0000] {logging_mixin.py:190} INFO - [2024-11-18T16:49:46.966+0000] {dag.py:4180} INFO - Setting next_dagrun for example_sensors to None, run_after=None
[2024-11-18T16:49:46.986+0000] {processor.py:208} INFO - Processing /home/airflow/.local/lib/python3.12/site-packages/airflow/example_dags/example_sensors.py took 0.089 seconds
[2024-11-18T16:50:17.193+0000] {processor.py:186} INFO - Started process (PID=1465) to work on /home/airflow/.local/lib/python3.12/site-packages/airflow/example_dags/example_sensors.py
[2024-11-18T16:50:17.195+0000] {processor.py:914} INFO - Processing file /home/airflow/.local/lib/python3.12/site-packages/airflow/example_dags/example_sensors.py for tasks to queue
[2024-11-18T16:50:17.202+0000] {logging_mixin.py:190} INFO - [2024-11-18T16:50:17.201+0000] {dagbag.py:588} INFO - Filling up the DagBag from /home/airflow/.local/lib/python3.12/site-packages/airflow/example_dags/example_sensors.py
[2024-11-18T16:50:17.216+0000] {processor.py:925} INFO - DAG(s) 'example_sensors' retrieved from /home/airflow/.local/lib/python3.12/site-packages/airflow/example_dags/example_sensors.py
[2024-11-18T16:50:17.246+0000] {logging_mixin.py:190} INFO - [2024-11-18T16:50:17.246+0000] {dag.py:3239} INFO - Sync 1 DAGs
[2024-11-18T16:50:17.264+0000] {logging_mixin.py:190} INFO - [2024-11-18T16:50:17.264+0000] {dag.py:4180} INFO - Setting next_dagrun for example_sensors to None, run_after=None
[2024-11-18T16:50:17.286+0000] {processor.py:208} INFO - Processing /home/airflow/.local/lib/python3.12/site-packages/airflow/example_dags/example_sensors.py took 0.102 seconds
[2024-11-18T16:50:47.791+0000] {processor.py:186} INFO - Started process (PID=1528) to work on /home/airflow/.local/lib/python3.12/site-packages/airflow/example_dags/example_sensors.py
[2024-11-18T16:50:47.793+0000] {processor.py:914} INFO - Processing file /home/airflow/.local/lib/python3.12/site-packages/airflow/example_dags/example_sensors.py for tasks to queue
[2024-11-18T16:50:47.795+0000] {logging_mixin.py:190} INFO - [2024-11-18T16:50:47.795+0000] {dagbag.py:588} INFO - Filling up the DagBag from /home/airflow/.local/lib/python3.12/site-packages/airflow/example_dags/example_sensors.py
[2024-11-18T16:50:47.808+0000] {processor.py:925} INFO - DAG(s) 'example_sensors' retrieved from /home/airflow/.local/lib/python3.12/site-packages/airflow/example_dags/example_sensors.py
[2024-11-18T16:50:47.838+0000] {logging_mixin.py:190} INFO - [2024-11-18T16:50:47.837+0000] {dag.py:3239} INFO - Sync 1 DAGs
[2024-11-18T16:50:47.854+0000] {logging_mixin.py:190} INFO - [2024-11-18T16:50:47.854+0000] {dag.py:4180} INFO - Setting next_dagrun for example_sensors to None, run_after=None
[2024-11-18T16:50:47.875+0000] {processor.py:208} INFO - Processing /home/airflow/.local/lib/python3.12/site-packages/airflow/example_dags/example_sensors.py took 0.090 seconds
[2024-11-18T16:51:18.730+0000] {processor.py:186} INFO - Started process (PID=1591) to work on /home/airflow/.local/lib/python3.12/site-packages/airflow/example_dags/example_sensors.py
[2024-11-18T16:51:18.731+0000] {processor.py:914} INFO - Processing file /home/airflow/.local/lib/python3.12/site-packages/airflow/example_dags/example_sensors.py for tasks to queue
[2024-11-18T16:51:18.734+0000] {logging_mixin.py:190} INFO - [2024-11-18T16:51:18.734+0000] {dagbag.py:588} INFO - Filling up the DagBag from /home/airflow/.local/lib/python3.12/site-packages/airflow/example_dags/example_sensors.py
[2024-11-18T16:51:18.748+0000] {processor.py:925} INFO - DAG(s) 'example_sensors' retrieved from /home/airflow/.local/lib/python3.12/site-packages/airflow/example_dags/example_sensors.py
[2024-11-18T16:51:18.776+0000] {logging_mixin.py:190} INFO - [2024-11-18T16:51:18.776+0000] {dag.py:3239} INFO - Sync 1 DAGs
[2024-11-18T16:51:18.794+0000] {logging_mixin.py:190} INFO - [2024-11-18T16:51:18.793+0000] {dag.py:4180} INFO - Setting next_dagrun for example_sensors to None, run_after=None
[2024-11-18T16:51:18.812+0000] {processor.py:208} INFO - Processing /home/airflow/.local/lib/python3.12/site-packages/airflow/example_dags/example_sensors.py took 0.088 seconds
[2024-11-18T16:51:49.213+0000] {processor.py:186} INFO - Started process (PID=1652) to work on /home/airflow/.local/lib/python3.12/site-packages/airflow/example_dags/example_sensors.py
[2024-11-18T16:51:49.214+0000] {processor.py:914} INFO - Processing file /home/airflow/.local/lib/python3.12/site-packages/airflow/example_dags/example_sensors.py for tasks to queue
[2024-11-18T16:51:49.218+0000] {logging_mixin.py:190} INFO - [2024-11-18T16:51:49.218+0000] {dagbag.py:588} INFO - Filling up the DagBag from /home/airflow/.local/lib/python3.12/site-packages/airflow/example_dags/example_sensors.py
[2024-11-18T16:51:49.231+0000] {processor.py:925} INFO - DAG(s) 'example_sensors' retrieved from /home/airflow/.local/lib/python3.12/site-packages/airflow/example_dags/example_sensors.py
[2024-11-18T16:51:49.259+0000] {logging_mixin.py:190} INFO - [2024-11-18T16:51:49.259+0000] {dag.py:3239} INFO - Sync 1 DAGs
[2024-11-18T16:51:49.277+0000] {logging_mixin.py:190} INFO - [2024-11-18T16:51:49.277+0000] {dag.py:4180} INFO - Setting next_dagrun for example_sensors to None, run_after=None
[2024-11-18T16:51:49.298+0000] {processor.py:208} INFO - Processing /home/airflow/.local/lib/python3.12/site-packages/airflow/example_dags/example_sensors.py took 0.091 seconds
[2024-11-18T16:52:19.657+0000] {processor.py:186} INFO - Started process (PID=1715) to work on /home/airflow/.local/lib/python3.12/site-packages/airflow/example_dags/example_sensors.py
[2024-11-18T16:52:19.658+0000] {processor.py:914} INFO - Processing file /home/airflow/.local/lib/python3.12/site-packages/airflow/example_dags/example_sensors.py for tasks to queue
[2024-11-18T16:52:19.660+0000] {logging_mixin.py:190} INFO - [2024-11-18T16:52:19.660+0000] {dagbag.py:588} INFO - Filling up the DagBag from /home/airflow/.local/lib/python3.12/site-packages/airflow/example_dags/example_sensors.py
[2024-11-18T16:52:19.673+0000] {processor.py:925} INFO - DAG(s) 'example_sensors' retrieved from /home/airflow/.local/lib/python3.12/site-packages/airflow/example_dags/example_sensors.py
[2024-11-18T16:52:19.714+0000] {logging_mixin.py:190} INFO - [2024-11-18T16:52:19.713+0000] {dag.py:3239} INFO - Sync 1 DAGs
[2024-11-18T16:52:19.730+0000] {logging_mixin.py:190} INFO - [2024-11-18T16:52:19.730+0000] {dag.py:4180} INFO - Setting next_dagrun for example_sensors to None, run_after=None
[2024-11-18T16:52:19.753+0000] {processor.py:208} INFO - Processing /home/airflow/.local/lib/python3.12/site-packages/airflow/example_dags/example_sensors.py took 0.103 seconds
[2024-11-18T16:52:50.587+0000] {processor.py:186} INFO - Started process (PID=1771) to work on /home/airflow/.local/lib/python3.12/site-packages/airflow/example_dags/example_sensors.py
[2024-11-18T16:52:50.588+0000] {processor.py:914} INFO - Processing file /home/airflow/.local/lib/python3.12/site-packages/airflow/example_dags/example_sensors.py for tasks to queue
[2024-11-18T16:52:50.591+0000] {logging_mixin.py:190} INFO - [2024-11-18T16:52:50.591+0000] {dagbag.py:588} INFO - Filling up the DagBag from /home/airflow/.local/lib/python3.12/site-packages/airflow/example_dags/example_sensors.py
[2024-11-18T16:52:50.604+0000] {processor.py:925} INFO - DAG(s) 'example_sensors' retrieved from /home/airflow/.local/lib/python3.12/site-packages/airflow/example_dags/example_sensors.py
[2024-11-18T16:52:50.634+0000] {logging_mixin.py:190} INFO - [2024-11-18T16:52:50.634+0000] {dag.py:3239} INFO - Sync 1 DAGs
[2024-11-18T16:52:50.650+0000] {logging_mixin.py:190} INFO - [2024-11-18T16:52:50.650+0000] {dag.py:4180} INFO - Setting next_dagrun for example_sensors to None, run_after=None
[2024-11-18T16:52:50.670+0000] {processor.py:208} INFO - Processing /home/airflow/.local/lib/python3.12/site-packages/airflow/example_dags/example_sensors.py took 0.090 seconds
[2024-11-18T16:53:21.110+0000] {processor.py:186} INFO - Started process (PID=1828) to work on /home/airflow/.local/lib/python3.12/site-packages/airflow/example_dags/example_sensors.py
[2024-11-18T16:53:21.111+0000] {processor.py:914} INFO - Processing file /home/airflow/.local/lib/python3.12/site-packages/airflow/example_dags/example_sensors.py for tasks to queue
[2024-11-18T16:53:21.116+0000] {logging_mixin.py:190} INFO - [2024-11-18T16:53:21.115+0000] {dagbag.py:588} INFO - Filling up the DagBag from /home/airflow/.local/lib/python3.12/site-packages/airflow/example_dags/example_sensors.py
[2024-11-18T16:53:21.135+0000] {processor.py:925} INFO - DAG(s) 'example_sensors' retrieved from /home/airflow/.local/lib/python3.12/site-packages/airflow/example_dags/example_sensors.py
[2024-11-18T16:53:21.165+0000] {logging_mixin.py:190} INFO - [2024-11-18T16:53:21.165+0000] {dag.py:3239} INFO - Sync 1 DAGs
[2024-11-18T16:53:21.181+0000] {logging_mixin.py:190} INFO - [2024-11-18T16:53:21.181+0000] {dag.py:4180} INFO - Setting next_dagrun for example_sensors to None, run_after=None
[2024-11-18T16:53:21.203+0000] {processor.py:208} INFO - Processing /home/airflow/.local/lib/python3.12/site-packages/airflow/example_dags/example_sensors.py took 0.101 seconds
[2024-11-18T16:53:52.601+0000] {processor.py:186} INFO - Started process (PID=1891) to work on /home/airflow/.local/lib/python3.12/site-packages/airflow/example_dags/example_sensors.py
[2024-11-18T16:53:52.602+0000] {processor.py:914} INFO - Processing file /home/airflow/.local/lib/python3.12/site-packages/airflow/example_dags/example_sensors.py for tasks to queue
[2024-11-18T16:53:52.605+0000] {logging_mixin.py:190} INFO - [2024-11-18T16:53:52.604+0000] {dagbag.py:588} INFO - Filling up the DagBag from /home/airflow/.local/lib/python3.12/site-packages/airflow/example_dags/example_sensors.py
[2024-11-18T16:53:52.618+0000] {processor.py:925} INFO - DAG(s) 'example_sensors' retrieved from /home/airflow/.local/lib/python3.12/site-packages/airflow/example_dags/example_sensors.py
[2024-11-18T16:53:52.650+0000] {logging_mixin.py:190} INFO - [2024-11-18T16:53:52.649+0000] {dag.py:3239} INFO - Sync 1 DAGs
[2024-11-18T16:53:52.666+0000] {logging_mixin.py:190} INFO - [2024-11-18T16:53:52.666+0000] {dag.py:4180} INFO - Setting next_dagrun for example_sensors to None, run_after=None
[2024-11-18T16:53:52.689+0000] {processor.py:208} INFO - Processing /home/airflow/.local/lib/python3.12/site-packages/airflow/example_dags/example_sensors.py took 0.096 seconds
[2024-11-18T16:54:23.052+0000] {processor.py:186} INFO - Started process (PID=1953) to work on /home/airflow/.local/lib/python3.12/site-packages/airflow/example_dags/example_sensors.py
[2024-11-18T16:54:23.053+0000] {processor.py:914} INFO - Processing file /home/airflow/.local/lib/python3.12/site-packages/airflow/example_dags/example_sensors.py for tasks to queue
[2024-11-18T16:54:23.056+0000] {logging_mixin.py:190} INFO - [2024-11-18T16:54:23.056+0000] {dagbag.py:588} INFO - Filling up the DagBag from /home/airflow/.local/lib/python3.12/site-packages/airflow/example_dags/example_sensors.py
[2024-11-18T16:54:23.070+0000] {processor.py:925} INFO - DAG(s) 'example_sensors' retrieved from /home/airflow/.local/lib/python3.12/site-packages/airflow/example_dags/example_sensors.py
[2024-11-18T16:54:23.100+0000] {logging_mixin.py:190} INFO - [2024-11-18T16:54:23.099+0000] {dag.py:3239} INFO - Sync 1 DAGs
[2024-11-18T16:54:23.115+0000] {logging_mixin.py:190} INFO - [2024-11-18T16:54:23.115+0000] {dag.py:4180} INFO - Setting next_dagrun for example_sensors to None, run_after=None
[2024-11-18T16:54:23.135+0000] {processor.py:208} INFO - Processing /home/airflow/.local/lib/python3.12/site-packages/airflow/example_dags/example_sensors.py took 0.090 seconds
[2024-11-18T16:54:53.170+0000] {processor.py:186} INFO - Started process (PID=2015) to work on /home/airflow/.local/lib/python3.12/site-packages/airflow/example_dags/example_sensors.py
[2024-11-18T16:54:53.171+0000] {processor.py:914} INFO - Processing file /home/airflow/.local/lib/python3.12/site-packages/airflow/example_dags/example_sensors.py for tasks to queue
[2024-11-18T16:54:53.174+0000] {logging_mixin.py:190} INFO - [2024-11-18T16:54:53.174+0000] {dagbag.py:588} INFO - Filling up the DagBag from /home/airflow/.local/lib/python3.12/site-packages/airflow/example_dags/example_sensors.py
[2024-11-18T16:54:53.187+0000] {processor.py:925} INFO - DAG(s) 'example_sensors' retrieved from /home/airflow/.local/lib/python3.12/site-packages/airflow/example_dags/example_sensors.py
[2024-11-18T16:54:53.217+0000] {logging_mixin.py:190} INFO - [2024-11-18T16:54:53.216+0000] {dag.py:3239} INFO - Sync 1 DAGs
[2024-11-18T16:54:53.233+0000] {logging_mixin.py:190} INFO - [2024-11-18T16:54:53.233+0000] {dag.py:4180} INFO - Setting next_dagrun for example_sensors to None, run_after=None
[2024-11-18T16:54:53.254+0000] {processor.py:208} INFO - Processing /home/airflow/.local/lib/python3.12/site-packages/airflow/example_dags/example_sensors.py took 0.090 seconds
[2024-11-18T16:55:23.895+0000] {processor.py:186} INFO - Started process (PID=2076) to work on /home/airflow/.local/lib/python3.12/site-packages/airflow/example_dags/example_sensors.py
[2024-11-18T16:55:23.896+0000] {processor.py:914} INFO - Processing file /home/airflow/.local/lib/python3.12/site-packages/airflow/example_dags/example_sensors.py for tasks to queue
[2024-11-18T16:55:23.898+0000] {logging_mixin.py:190} INFO - [2024-11-18T16:55:23.898+0000] {dagbag.py:588} INFO - Filling up the DagBag from /home/airflow/.local/lib/python3.12/site-packages/airflow/example_dags/example_sensors.py
[2024-11-18T16:55:23.912+0000] {processor.py:925} INFO - DAG(s) 'example_sensors' retrieved from /home/airflow/.local/lib/python3.12/site-packages/airflow/example_dags/example_sensors.py
[2024-11-18T16:55:23.942+0000] {logging_mixin.py:190} INFO - [2024-11-18T16:55:23.941+0000] {dag.py:3239} INFO - Sync 1 DAGs
[2024-11-18T16:55:23.957+0000] {logging_mixin.py:190} INFO - [2024-11-18T16:55:23.957+0000] {dag.py:4180} INFO - Setting next_dagrun for example_sensors to None, run_after=None
[2024-11-18T16:55:23.979+0000] {processor.py:208} INFO - Processing /home/airflow/.local/lib/python3.12/site-packages/airflow/example_dags/example_sensors.py took 0.092 seconds
[2024-11-18T16:55:54.297+0000] {processor.py:186} INFO - Started process (PID=2140) to work on /home/airflow/.local/lib/python3.12/site-packages/airflow/example_dags/example_sensors.py
[2024-11-18T16:55:54.299+0000] {processor.py:914} INFO - Processing file /home/airflow/.local/lib/python3.12/site-packages/airflow/example_dags/example_sensors.py for tasks to queue
[2024-11-18T16:55:54.303+0000] {logging_mixin.py:190} INFO - [2024-11-18T16:55:54.303+0000] {dagbag.py:588} INFO - Filling up the DagBag from /home/airflow/.local/lib/python3.12/site-packages/airflow/example_dags/example_sensors.py
[2024-11-18T16:55:54.321+0000] {processor.py:925} INFO - DAG(s) 'example_sensors' retrieved from /home/airflow/.local/lib/python3.12/site-packages/airflow/example_dags/example_sensors.py
[2024-11-18T16:55:54.355+0000] {logging_mixin.py:190} INFO - [2024-11-18T16:55:54.355+0000] {dag.py:3239} INFO - Sync 1 DAGs
[2024-11-18T16:55:54.373+0000] {logging_mixin.py:190} INFO - [2024-11-18T16:55:54.373+0000] {dag.py:4180} INFO - Setting next_dagrun for example_sensors to None, run_after=None
[2024-11-18T16:55:54.395+0000] {processor.py:208} INFO - Processing /home/airflow/.local/lib/python3.12/site-packages/airflow/example_dags/example_sensors.py took 0.106 seconds
[2024-11-18T16:56:24.678+0000] {processor.py:186} INFO - Started process (PID=2203) to work on /home/airflow/.local/lib/python3.12/site-packages/airflow/example_dags/example_sensors.py
[2024-11-18T16:56:24.680+0000] {processor.py:914} INFO - Processing file /home/airflow/.local/lib/python3.12/site-packages/airflow/example_dags/example_sensors.py for tasks to queue
[2024-11-18T16:56:24.684+0000] {logging_mixin.py:190} INFO - [2024-11-18T16:56:24.683+0000] {dagbag.py:588} INFO - Filling up the DagBag from /home/airflow/.local/lib/python3.12/site-packages/airflow/example_dags/example_sensors.py
[2024-11-18T16:56:24.700+0000] {processor.py:925} INFO - DAG(s) 'example_sensors' retrieved from /home/airflow/.local/lib/python3.12/site-packages/airflow/example_dags/example_sensors.py
[2024-11-18T16:56:24.740+0000] {logging_mixin.py:190} INFO - [2024-11-18T16:56:24.739+0000] {dag.py:3239} INFO - Sync 1 DAGs
[2024-11-18T16:56:24.762+0000] {logging_mixin.py:190} INFO - [2024-11-18T16:56:24.762+0000] {dag.py:4180} INFO - Setting next_dagrun for example_sensors to None, run_after=None
[2024-11-18T16:56:24.787+0000] {processor.py:208} INFO - Processing /home/airflow/.local/lib/python3.12/site-packages/airflow/example_dags/example_sensors.py took 0.121 seconds
[2024-11-18T16:56:55.007+0000] {processor.py:186} INFO - Started process (PID=2266) to work on /home/airflow/.local/lib/python3.12/site-packages/airflow/example_dags/example_sensors.py
[2024-11-18T16:56:55.008+0000] {processor.py:914} INFO - Processing file /home/airflow/.local/lib/python3.12/site-packages/airflow/example_dags/example_sensors.py for tasks to queue
[2024-11-18T16:56:55.011+0000] {logging_mixin.py:190} INFO - [2024-11-18T16:56:55.010+0000] {dagbag.py:588} INFO - Filling up the DagBag from /home/airflow/.local/lib/python3.12/site-packages/airflow/example_dags/example_sensors.py
[2024-11-18T16:56:55.024+0000] {processor.py:925} INFO - DAG(s) 'example_sensors' retrieved from /home/airflow/.local/lib/python3.12/site-packages/airflow/example_dags/example_sensors.py
[2024-11-18T16:56:55.057+0000] {logging_mixin.py:190} INFO - [2024-11-18T16:56:55.056+0000] {dag.py:3239} INFO - Sync 1 DAGs
[2024-11-18T16:56:55.074+0000] {logging_mixin.py:190} INFO - [2024-11-18T16:56:55.073+0000] {dag.py:4180} INFO - Setting next_dagrun for example_sensors to None, run_after=None
[2024-11-18T16:56:55.097+0000] {processor.py:208} INFO - Processing /home/airflow/.local/lib/python3.12/site-packages/airflow/example_dags/example_sensors.py took 0.097 seconds
[2024-11-18T16:57:25.414+0000] {processor.py:186} INFO - Started process (PID=2329) to work on /home/airflow/.local/lib/python3.12/site-packages/airflow/example_dags/example_sensors.py
[2024-11-18T16:57:25.415+0000] {processor.py:914} INFO - Processing file /home/airflow/.local/lib/python3.12/site-packages/airflow/example_dags/example_sensors.py for tasks to queue
[2024-11-18T16:57:25.420+0000] {logging_mixin.py:190} INFO - [2024-11-18T16:57:25.418+0000] {dagbag.py:588} INFO - Filling up the DagBag from /home/airflow/.local/lib/python3.12/site-packages/airflow/example_dags/example_sensors.py
[2024-11-18T16:57:25.435+0000] {processor.py:925} INFO - DAG(s) 'example_sensors' retrieved from /home/airflow/.local/lib/python3.12/site-packages/airflow/example_dags/example_sensors.py
[2024-11-18T16:57:25.467+0000] {logging_mixin.py:190} INFO - [2024-11-18T16:57:25.467+0000] {dag.py:3239} INFO - Sync 1 DAGs
[2024-11-18T16:57:25.485+0000] {logging_mixin.py:190} INFO - [2024-11-18T16:57:25.485+0000] {dag.py:4180} INFO - Setting next_dagrun for example_sensors to None, run_after=None
[2024-11-18T16:57:25.511+0000] {processor.py:208} INFO - Processing /home/airflow/.local/lib/python3.12/site-packages/airflow/example_dags/example_sensors.py took 0.104 seconds
[2024-11-18T16:57:56.216+0000] {processor.py:186} INFO - Started process (PID=2392) to work on /home/airflow/.local/lib/python3.12/site-packages/airflow/example_dags/example_sensors.py
[2024-11-18T16:57:56.219+0000] {processor.py:914} INFO - Processing file /home/airflow/.local/lib/python3.12/site-packages/airflow/example_dags/example_sensors.py for tasks to queue
[2024-11-18T16:57:56.222+0000] {logging_mixin.py:190} INFO - [2024-11-18T16:57:56.221+0000] {dagbag.py:588} INFO - Filling up the DagBag from /home/airflow/.local/lib/python3.12/site-packages/airflow/example_dags/example_sensors.py
[2024-11-18T16:57:56.237+0000] {processor.py:925} INFO - DAG(s) 'example_sensors' retrieved from /home/airflow/.local/lib/python3.12/site-packages/airflow/example_dags/example_sensors.py
[2024-11-18T16:57:56.279+0000] {logging_mixin.py:190} INFO - [2024-11-18T16:57:56.279+0000] {dag.py:3239} INFO - Sync 1 DAGs
[2024-11-18T16:57:56.305+0000] {logging_mixin.py:190} INFO - [2024-11-18T16:57:56.305+0000] {dag.py:4180} INFO - Setting next_dagrun for example_sensors to None, run_after=None
[2024-11-18T16:57:56.337+0000] {processor.py:208} INFO - Processing /home/airflow/.local/lib/python3.12/site-packages/airflow/example_dags/example_sensors.py took 0.128 seconds
[2024-11-18T16:58:26.426+0000] {processor.py:186} INFO - Started process (PID=2455) to work on /home/airflow/.local/lib/python3.12/site-packages/airflow/example_dags/example_sensors.py
[2024-11-18T16:58:26.427+0000] {processor.py:914} INFO - Processing file /home/airflow/.local/lib/python3.12/site-packages/airflow/example_dags/example_sensors.py for tasks to queue
[2024-11-18T16:58:26.430+0000] {logging_mixin.py:190} INFO - [2024-11-18T16:58:26.430+0000] {dagbag.py:588} INFO - Filling up the DagBag from /home/airflow/.local/lib/python3.12/site-packages/airflow/example_dags/example_sensors.py
[2024-11-18T16:58:26.446+0000] {processor.py:925} INFO - DAG(s) 'example_sensors' retrieved from /home/airflow/.local/lib/python3.12/site-packages/airflow/example_dags/example_sensors.py
[2024-11-18T16:58:26.480+0000] {logging_mixin.py:190} INFO - [2024-11-18T16:58:26.480+0000] {dag.py:3239} INFO - Sync 1 DAGs
[2024-11-18T16:58:26.497+0000] {logging_mixin.py:190} INFO - [2024-11-18T16:58:26.497+0000] {dag.py:4180} INFO - Setting next_dagrun for example_sensors to None, run_after=None
[2024-11-18T16:58:26.521+0000] {processor.py:208} INFO - Processing /home/airflow/.local/lib/python3.12/site-packages/airflow/example_dags/example_sensors.py took 0.103 seconds
[2024-11-18T16:58:57.489+0000] {processor.py:186} INFO - Started process (PID=2518) to work on /home/airflow/.local/lib/python3.12/site-packages/airflow/example_dags/example_sensors.py
[2024-11-18T16:58:57.524+0000] {processor.py:914} INFO - Processing file /home/airflow/.local/lib/python3.12/site-packages/airflow/example_dags/example_sensors.py for tasks to queue
[2024-11-18T16:58:57.543+0000] {logging_mixin.py:190} INFO - [2024-11-18T16:58:57.542+0000] {dagbag.py:588} INFO - Filling up the DagBag from /home/airflow/.local/lib/python3.12/site-packages/airflow/example_dags/example_sensors.py
[2024-11-18T16:58:57.557+0000] {processor.py:925} INFO - DAG(s) 'example_sensors' retrieved from /home/airflow/.local/lib/python3.12/site-packages/airflow/example_dags/example_sensors.py
[2024-11-18T16:58:57.593+0000] {logging_mixin.py:190} INFO - [2024-11-18T16:58:57.592+0000] {dag.py:3239} INFO - Sync 1 DAGs
[2024-11-18T16:58:57.610+0000] {logging_mixin.py:190} INFO - [2024-11-18T16:58:57.610+0000] {dag.py:4180} INFO - Setting next_dagrun for example_sensors to None, run_after=None
[2024-11-18T16:58:57.631+0000] {processor.py:208} INFO - Processing /home/airflow/.local/lib/python3.12/site-packages/airflow/example_dags/example_sensors.py took 0.151 seconds
[2024-11-18T16:59:27.803+0000] {processor.py:186} INFO - Started process (PID=2581) to work on /home/airflow/.local/lib/python3.12/site-packages/airflow/example_dags/example_sensors.py
[2024-11-18T16:59:27.804+0000] {processor.py:914} INFO - Processing file /home/airflow/.local/lib/python3.12/site-packages/airflow/example_dags/example_sensors.py for tasks to queue
[2024-11-18T16:59:27.807+0000] {logging_mixin.py:190} INFO - [2024-11-18T16:59:27.807+0000] {dagbag.py:588} INFO - Filling up the DagBag from /home/airflow/.local/lib/python3.12/site-packages/airflow/example_dags/example_sensors.py
[2024-11-18T16:59:27.821+0000] {processor.py:925} INFO - DAG(s) 'example_sensors' retrieved from /home/airflow/.local/lib/python3.12/site-packages/airflow/example_dags/example_sensors.py
[2024-11-18T16:59:27.859+0000] {logging_mixin.py:190} INFO - [2024-11-18T16:59:27.859+0000] {dag.py:3239} INFO - Sync 1 DAGs
[2024-11-18T16:59:27.876+0000] {logging_mixin.py:190} INFO - [2024-11-18T16:59:27.876+0000] {dag.py:4180} INFO - Setting next_dagrun for example_sensors to None, run_after=None
[2024-11-18T16:59:27.897+0000] {processor.py:208} INFO - Processing /home/airflow/.local/lib/python3.12/site-packages/airflow/example_dags/example_sensors.py took 0.102 seconds
[2024-11-18T16:59:58.365+0000] {processor.py:186} INFO - Started process (PID=2643) to work on /home/airflow/.local/lib/python3.12/site-packages/airflow/example_dags/example_sensors.py
[2024-11-18T16:59:58.367+0000] {processor.py:914} INFO - Processing file /home/airflow/.local/lib/python3.12/site-packages/airflow/example_dags/example_sensors.py for tasks to queue
[2024-11-18T16:59:58.370+0000] {logging_mixin.py:190} INFO - [2024-11-18T16:59:58.369+0000] {dagbag.py:588} INFO - Filling up the DagBag from /home/airflow/.local/lib/python3.12/site-packages/airflow/example_dags/example_sensors.py
[2024-11-18T16:59:58.386+0000] {processor.py:925} INFO - DAG(s) 'example_sensors' retrieved from /home/airflow/.local/lib/python3.12/site-packages/airflow/example_dags/example_sensors.py
[2024-11-18T16:59:58.426+0000] {logging_mixin.py:190} INFO - [2024-11-18T16:59:58.426+0000] {dag.py:3239} INFO - Sync 1 DAGs
[2024-11-18T16:59:58.451+0000] {logging_mixin.py:190} INFO - [2024-11-18T16:59:58.451+0000] {dag.py:4180} INFO - Setting next_dagrun for example_sensors to None, run_after=None
[2024-11-18T16:59:58.479+0000] {processor.py:208} INFO - Processing /home/airflow/.local/lib/python3.12/site-packages/airflow/example_dags/example_sensors.py took 0.122 seconds
[2024-11-18T17:00:28.822+0000] {processor.py:186} INFO - Started process (PID=2705) to work on /home/airflow/.local/lib/python3.12/site-packages/airflow/example_dags/example_sensors.py
[2024-11-18T17:00:28.824+0000] {processor.py:914} INFO - Processing file /home/airflow/.local/lib/python3.12/site-packages/airflow/example_dags/example_sensors.py for tasks to queue
[2024-11-18T17:00:28.827+0000] {logging_mixin.py:190} INFO - [2024-11-18T17:00:28.826+0000] {dagbag.py:588} INFO - Filling up the DagBag from /home/airflow/.local/lib/python3.12/site-packages/airflow/example_dags/example_sensors.py
[2024-11-18T17:00:28.842+0000] {processor.py:925} INFO - DAG(s) 'example_sensors' retrieved from /home/airflow/.local/lib/python3.12/site-packages/airflow/example_dags/example_sensors.py
[2024-11-18T17:00:28.880+0000] {logging_mixin.py:190} INFO - [2024-11-18T17:00:28.879+0000] {dag.py:3239} INFO - Sync 1 DAGs
[2024-11-18T17:00:28.898+0000] {logging_mixin.py:190} INFO - [2024-11-18T17:00:28.898+0000] {dag.py:4180} INFO - Setting next_dagrun for example_sensors to None, run_after=None
[2024-11-18T17:00:28.921+0000] {processor.py:208} INFO - Processing /home/airflow/.local/lib/python3.12/site-packages/airflow/example_dags/example_sensors.py took 0.106 seconds
[2024-11-18T17:02:24.033+0000] {processor.py:186} INFO - Started process (PID=77) to work on /home/airflow/.local/lib/python3.12/site-packages/airflow/example_dags/example_sensors.py
[2024-11-18T17:02:24.036+0000] {processor.py:914} INFO - Processing file /home/airflow/.local/lib/python3.12/site-packages/airflow/example_dags/example_sensors.py for tasks to queue
[2024-11-18T17:02:24.042+0000] {logging_mixin.py:190} INFO - [2024-11-18T17:02:24.042+0000] {dagbag.py:588} INFO - Filling up the DagBag from /home/airflow/.local/lib/python3.12/site-packages/airflow/example_dags/example_sensors.py
[2024-11-18T17:02:24.117+0000] {processor.py:925} INFO - DAG(s) 'example_sensors' retrieved from /home/airflow/.local/lib/python3.12/site-packages/airflow/example_dags/example_sensors.py
[2024-11-18T17:02:24.371+0000] {logging_mixin.py:190} INFO - [2024-11-18T17:02:24.370+0000] {dag.py:3239} INFO - Sync 1 DAGs
[2024-11-18T17:02:24.446+0000] {logging_mixin.py:190} INFO - [2024-11-18T17:02:24.446+0000] {dag.py:4180} INFO - Setting next_dagrun for example_sensors to None, run_after=None
[2024-11-18T17:02:24.572+0000] {processor.py:208} INFO - Processing /home/airflow/.local/lib/python3.12/site-packages/airflow/example_dags/example_sensors.py took 0.551 seconds
[2024-11-18T17:02:55.438+0000] {processor.py:186} INFO - Started process (PID=139) to work on /home/airflow/.local/lib/python3.12/site-packages/airflow/example_dags/example_sensors.py
[2024-11-18T17:02:55.439+0000] {processor.py:914} INFO - Processing file /home/airflow/.local/lib/python3.12/site-packages/airflow/example_dags/example_sensors.py for tasks to queue
[2024-11-18T17:02:55.443+0000] {logging_mixin.py:190} INFO - [2024-11-18T17:02:55.442+0000] {dagbag.py:588} INFO - Filling up the DagBag from /home/airflow/.local/lib/python3.12/site-packages/airflow/example_dags/example_sensors.py
[2024-11-18T17:02:55.459+0000] {processor.py:925} INFO - DAG(s) 'example_sensors' retrieved from /home/airflow/.local/lib/python3.12/site-packages/airflow/example_dags/example_sensors.py
[2024-11-18T17:02:55.499+0000] {logging_mixin.py:190} INFO - [2024-11-18T17:02:55.498+0000] {dag.py:3239} INFO - Sync 1 DAGs
[2024-11-18T17:02:55.517+0000] {logging_mixin.py:190} INFO - [2024-11-18T17:02:55.517+0000] {dag.py:4180} INFO - Setting next_dagrun for example_sensors to None, run_after=None
[2024-11-18T17:02:55.543+0000] {processor.py:208} INFO - Processing /home/airflow/.local/lib/python3.12/site-packages/airflow/example_dags/example_sensors.py took 0.114 seconds
