[2024-11-18T16:24:35.796+0000] {processor.py:186} INFO - Started process (PID=112) to work on /home/airflow/.local/lib/python3.12/site-packages/airflow/example_dags/example_task_group.py
[2024-11-18T16:24:35.798+0000] {processor.py:914} INFO - Processing file /home/airflow/.local/lib/python3.12/site-packages/airflow/example_dags/example_task_group.py for tasks to queue
[2024-11-18T16:24:35.806+0000] {logging_mixin.py:190} INFO - [2024-11-18T16:24:35.805+0000] {dagbag.py:588} INFO - Filling up the DagBag from /home/airflow/.local/lib/python3.12/site-packages/airflow/example_dags/example_task_group.py
[2024-11-18T16:24:35.821+0000] {processor.py:925} INFO - DAG(s) 'example_task_group' retrieved from /home/airflow/.local/lib/python3.12/site-packages/airflow/example_dags/example_task_group.py
[2024-11-18T16:24:35.977+0000] {logging_mixin.py:190} INFO - [2024-11-18T16:24:35.977+0000] {override.py:1911} INFO - Created Permission View: can read on DAG:example_task_group
[2024-11-18T16:24:35.995+0000] {logging_mixin.py:190} INFO - [2024-11-18T16:24:35.994+0000] {override.py:1911} INFO - Created Permission View: can edit on DAG:example_task_group
[2024-11-18T16:24:36.003+0000] {logging_mixin.py:190} INFO - [2024-11-18T16:24:36.003+0000] {override.py:1911} INFO - Created Permission View: can delete on DAG:example_task_group
[2024-11-18T16:24:36.013+0000] {logging_mixin.py:190} INFO - [2024-11-18T16:24:36.012+0000] {override.py:1911} INFO - Created Permission View: can read on DAG Run:example_task_group
[2024-11-18T16:24:36.023+0000] {logging_mixin.py:190} INFO - [2024-11-18T16:24:36.022+0000] {override.py:1911} INFO - Created Permission View: menu access on DAG Run:example_task_group
[2024-11-18T16:24:36.032+0000] {logging_mixin.py:190} INFO - [2024-11-18T16:24:36.032+0000] {override.py:1911} INFO - Created Permission View: can create on DAG Run:example_task_group
[2024-11-18T16:24:36.040+0000] {logging_mixin.py:190} INFO - [2024-11-18T16:24:36.040+0000] {override.py:1911} INFO - Created Permission View: can delete on DAG Run:example_task_group
[2024-11-18T16:24:36.041+0000] {logging_mixin.py:190} INFO - [2024-11-18T16:24:36.041+0000] {dag.py:3239} INFO - Sync 1 DAGs
[2024-11-18T16:24:36.057+0000] {logging_mixin.py:190} INFO - [2024-11-18T16:24:36.057+0000] {dag.py:3262} INFO - Creating ORM DAG for example_task_group
[2024-11-18T16:24:36.058+0000] {logging_mixin.py:190} INFO - [2024-11-18T16:24:36.058+0000] {dag.py:4180} INFO - Setting next_dagrun for example_task_group to None, run_after=None
[2024-11-18T16:24:36.080+0000] {processor.py:208} INFO - Processing /home/airflow/.local/lib/python3.12/site-packages/airflow/example_dags/example_task_group.py took 0.294 seconds
[2024-11-18T16:25:06.393+0000] {processor.py:186} INFO - Started process (PID=175) to work on /home/airflow/.local/lib/python3.12/site-packages/airflow/example_dags/example_task_group.py
[2024-11-18T16:25:06.394+0000] {processor.py:914} INFO - Processing file /home/airflow/.local/lib/python3.12/site-packages/airflow/example_dags/example_task_group.py for tasks to queue
[2024-11-18T16:25:06.397+0000] {logging_mixin.py:190} INFO - [2024-11-18T16:25:06.397+0000] {dagbag.py:588} INFO - Filling up the DagBag from /home/airflow/.local/lib/python3.12/site-packages/airflow/example_dags/example_task_group.py
[2024-11-18T16:25:06.409+0000] {processor.py:925} INFO - DAG(s) 'example_task_group' retrieved from /home/airflow/.local/lib/python3.12/site-packages/airflow/example_dags/example_task_group.py
[2024-11-18T16:25:06.445+0000] {logging_mixin.py:190} INFO - [2024-11-18T16:25:06.444+0000] {dag.py:3239} INFO - Sync 1 DAGs
[2024-11-18T16:25:06.469+0000] {logging_mixin.py:190} INFO - [2024-11-18T16:25:06.468+0000] {dag.py:4180} INFO - Setting next_dagrun for example_task_group to None, run_after=None
[2024-11-18T16:25:06.495+0000] {processor.py:208} INFO - Processing /home/airflow/.local/lib/python3.12/site-packages/airflow/example_dags/example_task_group.py took 0.109 seconds
[2024-11-18T16:25:37.420+0000] {processor.py:186} INFO - Started process (PID=238) to work on /home/airflow/.local/lib/python3.12/site-packages/airflow/example_dags/example_task_group.py
[2024-11-18T16:25:37.423+0000] {processor.py:914} INFO - Processing file /home/airflow/.local/lib/python3.12/site-packages/airflow/example_dags/example_task_group.py for tasks to queue
[2024-11-18T16:25:37.429+0000] {logging_mixin.py:190} INFO - [2024-11-18T16:25:37.428+0000] {dagbag.py:588} INFO - Filling up the DagBag from /home/airflow/.local/lib/python3.12/site-packages/airflow/example_dags/example_task_group.py
[2024-11-18T16:25:37.443+0000] {processor.py:925} INFO - DAG(s) 'example_task_group' retrieved from /home/airflow/.local/lib/python3.12/site-packages/airflow/example_dags/example_task_group.py
[2024-11-18T16:25:37.474+0000] {logging_mixin.py:190} INFO - [2024-11-18T16:25:37.474+0000] {dag.py:3239} INFO - Sync 1 DAGs
[2024-11-18T16:25:37.493+0000] {logging_mixin.py:190} INFO - [2024-11-18T16:25:37.493+0000] {dag.py:4180} INFO - Setting next_dagrun for example_task_group to None, run_after=None
[2024-11-18T16:25:37.515+0000] {processor.py:208} INFO - Processing /home/airflow/.local/lib/python3.12/site-packages/airflow/example_dags/example_task_group.py took 0.105 seconds
[2024-11-18T16:26:07.740+0000] {processor.py:186} INFO - Started process (PID=300) to work on /home/airflow/.local/lib/python3.12/site-packages/airflow/example_dags/example_task_group.py
[2024-11-18T16:26:07.742+0000] {processor.py:914} INFO - Processing file /home/airflow/.local/lib/python3.12/site-packages/airflow/example_dags/example_task_group.py for tasks to queue
[2024-11-18T16:26:07.751+0000] {logging_mixin.py:190} INFO - [2024-11-18T16:26:07.750+0000] {dagbag.py:588} INFO - Filling up the DagBag from /home/airflow/.local/lib/python3.12/site-packages/airflow/example_dags/example_task_group.py
[2024-11-18T16:26:07.765+0000] {processor.py:925} INFO - DAG(s) 'example_task_group' retrieved from /home/airflow/.local/lib/python3.12/site-packages/airflow/example_dags/example_task_group.py
[2024-11-18T16:26:07.797+0000] {logging_mixin.py:190} INFO - [2024-11-18T16:26:07.796+0000] {dag.py:3239} INFO - Sync 1 DAGs
[2024-11-18T16:26:07.813+0000] {logging_mixin.py:190} INFO - [2024-11-18T16:26:07.813+0000] {dag.py:4180} INFO - Setting next_dagrun for example_task_group to None, run_after=None
[2024-11-18T16:26:07.854+0000] {processor.py:208} INFO - Processing /home/airflow/.local/lib/python3.12/site-packages/airflow/example_dags/example_task_group.py took 0.126 seconds
[2024-11-18T16:26:37.975+0000] {processor.py:186} INFO - Started process (PID=363) to work on /home/airflow/.local/lib/python3.12/site-packages/airflow/example_dags/example_task_group.py
[2024-11-18T16:26:37.976+0000] {processor.py:914} INFO - Processing file /home/airflow/.local/lib/python3.12/site-packages/airflow/example_dags/example_task_group.py for tasks to queue
[2024-11-18T16:26:37.980+0000] {logging_mixin.py:190} INFO - [2024-11-18T16:26:37.979+0000] {dagbag.py:588} INFO - Filling up the DagBag from /home/airflow/.local/lib/python3.12/site-packages/airflow/example_dags/example_task_group.py
[2024-11-18T16:26:37.993+0000] {processor.py:925} INFO - DAG(s) 'example_task_group' retrieved from /home/airflow/.local/lib/python3.12/site-packages/airflow/example_dags/example_task_group.py
[2024-11-18T16:26:38.027+0000] {logging_mixin.py:190} INFO - [2024-11-18T16:26:38.027+0000] {dag.py:3239} INFO - Sync 1 DAGs
[2024-11-18T16:26:38.046+0000] {logging_mixin.py:190} INFO - [2024-11-18T16:26:38.045+0000] {dag.py:4180} INFO - Setting next_dagrun for example_task_group to None, run_after=None
[2024-11-18T16:26:38.084+0000] {processor.py:208} INFO - Processing /home/airflow/.local/lib/python3.12/site-packages/airflow/example_dags/example_task_group.py took 0.118 seconds
[2024-11-18T16:27:08.557+0000] {processor.py:186} INFO - Started process (PID=426) to work on /home/airflow/.local/lib/python3.12/site-packages/airflow/example_dags/example_task_group.py
[2024-11-18T16:27:08.558+0000] {processor.py:914} INFO - Processing file /home/airflow/.local/lib/python3.12/site-packages/airflow/example_dags/example_task_group.py for tasks to queue
[2024-11-18T16:27:08.563+0000] {logging_mixin.py:190} INFO - [2024-11-18T16:27:08.562+0000] {dagbag.py:588} INFO - Filling up the DagBag from /home/airflow/.local/lib/python3.12/site-packages/airflow/example_dags/example_task_group.py
[2024-11-18T16:27:08.610+0000] {processor.py:925} INFO - DAG(s) 'example_task_group' retrieved from /home/airflow/.local/lib/python3.12/site-packages/airflow/example_dags/example_task_group.py
[2024-11-18T16:27:08.640+0000] {logging_mixin.py:190} INFO - [2024-11-18T16:27:08.640+0000] {dag.py:3239} INFO - Sync 1 DAGs
[2024-11-18T16:27:08.659+0000] {logging_mixin.py:190} INFO - [2024-11-18T16:27:08.658+0000] {dag.py:4180} INFO - Setting next_dagrun for example_task_group to None, run_after=None
[2024-11-18T16:27:08.685+0000] {processor.py:208} INFO - Processing /home/airflow/.local/lib/python3.12/site-packages/airflow/example_dags/example_task_group.py took 0.142 seconds
[2024-11-18T16:27:39.016+0000] {processor.py:186} INFO - Started process (PID=488) to work on /home/airflow/.local/lib/python3.12/site-packages/airflow/example_dags/example_task_group.py
[2024-11-18T16:27:39.017+0000] {processor.py:914} INFO - Processing file /home/airflow/.local/lib/python3.12/site-packages/airflow/example_dags/example_task_group.py for tasks to queue
[2024-11-18T16:27:39.020+0000] {logging_mixin.py:190} INFO - [2024-11-18T16:27:39.019+0000] {dagbag.py:588} INFO - Filling up the DagBag from /home/airflow/.local/lib/python3.12/site-packages/airflow/example_dags/example_task_group.py
[2024-11-18T16:27:39.031+0000] {processor.py:925} INFO - DAG(s) 'example_task_group' retrieved from /home/airflow/.local/lib/python3.12/site-packages/airflow/example_dags/example_task_group.py
[2024-11-18T16:27:39.062+0000] {logging_mixin.py:190} INFO - [2024-11-18T16:27:39.062+0000] {dag.py:3239} INFO - Sync 1 DAGs
[2024-11-18T16:27:39.079+0000] {logging_mixin.py:190} INFO - [2024-11-18T16:27:39.078+0000] {dag.py:4180} INFO - Setting next_dagrun for example_task_group to None, run_after=None
[2024-11-18T16:27:39.098+0000] {processor.py:208} INFO - Processing /home/airflow/.local/lib/python3.12/site-packages/airflow/example_dags/example_task_group.py took 0.089 seconds
[2024-11-18T16:28:10.463+0000] {processor.py:186} INFO - Started process (PID=552) to work on /home/airflow/.local/lib/python3.12/site-packages/airflow/example_dags/example_task_group.py
[2024-11-18T16:28:10.464+0000] {processor.py:914} INFO - Processing file /home/airflow/.local/lib/python3.12/site-packages/airflow/example_dags/example_task_group.py for tasks to queue
[2024-11-18T16:28:10.467+0000] {logging_mixin.py:190} INFO - [2024-11-18T16:28:10.466+0000] {dagbag.py:588} INFO - Filling up the DagBag from /home/airflow/.local/lib/python3.12/site-packages/airflow/example_dags/example_task_group.py
[2024-11-18T16:28:10.477+0000] {processor.py:925} INFO - DAG(s) 'example_task_group' retrieved from /home/airflow/.local/lib/python3.12/site-packages/airflow/example_dags/example_task_group.py
[2024-11-18T16:28:10.501+0000] {logging_mixin.py:190} INFO - [2024-11-18T16:28:10.501+0000] {dag.py:3239} INFO - Sync 1 DAGs
[2024-11-18T16:28:10.517+0000] {logging_mixin.py:190} INFO - [2024-11-18T16:28:10.517+0000] {dag.py:4180} INFO - Setting next_dagrun for example_task_group to None, run_after=None
[2024-11-18T16:28:10.538+0000] {processor.py:208} INFO - Processing /home/airflow/.local/lib/python3.12/site-packages/airflow/example_dags/example_task_group.py took 0.082 seconds
[2024-11-18T16:28:40.845+0000] {processor.py:186} INFO - Started process (PID=614) to work on /home/airflow/.local/lib/python3.12/site-packages/airflow/example_dags/example_task_group.py
[2024-11-18T16:28:40.846+0000] {processor.py:914} INFO - Processing file /home/airflow/.local/lib/python3.12/site-packages/airflow/example_dags/example_task_group.py for tasks to queue
[2024-11-18T16:28:40.849+0000] {logging_mixin.py:190} INFO - [2024-11-18T16:28:40.849+0000] {dagbag.py:588} INFO - Filling up the DagBag from /home/airflow/.local/lib/python3.12/site-packages/airflow/example_dags/example_task_group.py
[2024-11-18T16:28:40.861+0000] {processor.py:925} INFO - DAG(s) 'example_task_group' retrieved from /home/airflow/.local/lib/python3.12/site-packages/airflow/example_dags/example_task_group.py
[2024-11-18T16:28:40.890+0000] {logging_mixin.py:190} INFO - [2024-11-18T16:28:40.889+0000] {dag.py:3239} INFO - Sync 1 DAGs
[2024-11-18T16:28:40.909+0000] {logging_mixin.py:190} INFO - [2024-11-18T16:28:40.909+0000] {dag.py:4180} INFO - Setting next_dagrun for example_task_group to None, run_after=None
[2024-11-18T16:28:40.934+0000] {processor.py:208} INFO - Processing /home/airflow/.local/lib/python3.12/site-packages/airflow/example_dags/example_task_group.py took 0.096 seconds
[2024-11-18T16:29:11.208+0000] {processor.py:186} INFO - Started process (PID=676) to work on /home/airflow/.local/lib/python3.12/site-packages/airflow/example_dags/example_task_group.py
[2024-11-18T16:29:11.209+0000] {processor.py:914} INFO - Processing file /home/airflow/.local/lib/python3.12/site-packages/airflow/example_dags/example_task_group.py for tasks to queue
[2024-11-18T16:29:11.213+0000] {logging_mixin.py:190} INFO - [2024-11-18T16:29:11.213+0000] {dagbag.py:588} INFO - Filling up the DagBag from /home/airflow/.local/lib/python3.12/site-packages/airflow/example_dags/example_task_group.py
[2024-11-18T16:29:11.249+0000] {processor.py:925} INFO - DAG(s) 'example_task_group' retrieved from /home/airflow/.local/lib/python3.12/site-packages/airflow/example_dags/example_task_group.py
[2024-11-18T16:29:11.281+0000] {logging_mixin.py:190} INFO - [2024-11-18T16:29:11.280+0000] {dag.py:3239} INFO - Sync 1 DAGs
[2024-11-18T16:29:11.305+0000] {logging_mixin.py:190} INFO - [2024-11-18T16:29:11.305+0000] {dag.py:4180} INFO - Setting next_dagrun for example_task_group to None, run_after=None
[2024-11-18T16:29:11.360+0000] {processor.py:208} INFO - Processing /home/airflow/.local/lib/python3.12/site-packages/airflow/example_dags/example_task_group.py took 0.161 seconds
[2024-11-18T16:29:41.819+0000] {processor.py:186} INFO - Started process (PID=739) to work on /home/airflow/.local/lib/python3.12/site-packages/airflow/example_dags/example_task_group.py
[2024-11-18T16:29:41.821+0000] {processor.py:914} INFO - Processing file /home/airflow/.local/lib/python3.12/site-packages/airflow/example_dags/example_task_group.py for tasks to queue
[2024-11-18T16:29:41.823+0000] {logging_mixin.py:190} INFO - [2024-11-18T16:29:41.823+0000] {dagbag.py:588} INFO - Filling up the DagBag from /home/airflow/.local/lib/python3.12/site-packages/airflow/example_dags/example_task_group.py
[2024-11-18T16:29:41.835+0000] {processor.py:925} INFO - DAG(s) 'example_task_group' retrieved from /home/airflow/.local/lib/python3.12/site-packages/airflow/example_dags/example_task_group.py
[2024-11-18T16:29:41.865+0000] {logging_mixin.py:190} INFO - [2024-11-18T16:29:41.864+0000] {dag.py:3239} INFO - Sync 1 DAGs
[2024-11-18T16:29:41.883+0000] {logging_mixin.py:190} INFO - [2024-11-18T16:29:41.883+0000] {dag.py:4180} INFO - Setting next_dagrun for example_task_group to None, run_after=None
[2024-11-18T16:29:41.904+0000] {processor.py:208} INFO - Processing /home/airflow/.local/lib/python3.12/site-packages/airflow/example_dags/example_task_group.py took 0.092 seconds
[2024-11-18T16:30:12.263+0000] {processor.py:186} INFO - Started process (PID=802) to work on /home/airflow/.local/lib/python3.12/site-packages/airflow/example_dags/example_task_group.py
[2024-11-18T16:30:12.264+0000] {processor.py:914} INFO - Processing file /home/airflow/.local/lib/python3.12/site-packages/airflow/example_dags/example_task_group.py for tasks to queue
[2024-11-18T16:30:12.267+0000] {logging_mixin.py:190} INFO - [2024-11-18T16:30:12.266+0000] {dagbag.py:588} INFO - Filling up the DagBag from /home/airflow/.local/lib/python3.12/site-packages/airflow/example_dags/example_task_group.py
[2024-11-18T16:30:12.279+0000] {processor.py:925} INFO - DAG(s) 'example_task_group' retrieved from /home/airflow/.local/lib/python3.12/site-packages/airflow/example_dags/example_task_group.py
[2024-11-18T16:30:12.307+0000] {logging_mixin.py:190} INFO - [2024-11-18T16:30:12.307+0000] {dag.py:3239} INFO - Sync 1 DAGs
[2024-11-18T16:30:12.327+0000] {logging_mixin.py:190} INFO - [2024-11-18T16:30:12.327+0000] {dag.py:4180} INFO - Setting next_dagrun for example_task_group to None, run_after=None
[2024-11-18T16:30:12.348+0000] {processor.py:208} INFO - Processing /home/airflow/.local/lib/python3.12/site-packages/airflow/example_dags/example_task_group.py took 0.091 seconds
[2024-11-18T16:30:42.563+0000] {processor.py:186} INFO - Started process (PID=865) to work on /home/airflow/.local/lib/python3.12/site-packages/airflow/example_dags/example_task_group.py
[2024-11-18T16:30:42.564+0000] {processor.py:914} INFO - Processing file /home/airflow/.local/lib/python3.12/site-packages/airflow/example_dags/example_task_group.py for tasks to queue
[2024-11-18T16:30:42.567+0000] {logging_mixin.py:190} INFO - [2024-11-18T16:30:42.566+0000] {dagbag.py:588} INFO - Filling up the DagBag from /home/airflow/.local/lib/python3.12/site-packages/airflow/example_dags/example_task_group.py
[2024-11-18T16:30:42.579+0000] {processor.py:925} INFO - DAG(s) 'example_task_group' retrieved from /home/airflow/.local/lib/python3.12/site-packages/airflow/example_dags/example_task_group.py
[2024-11-18T16:30:42.606+0000] {logging_mixin.py:190} INFO - [2024-11-18T16:30:42.606+0000] {dag.py:3239} INFO - Sync 1 DAGs
[2024-11-18T16:30:42.626+0000] {logging_mixin.py:190} INFO - [2024-11-18T16:30:42.626+0000] {dag.py:4180} INFO - Setting next_dagrun for example_task_group to None, run_after=None
[2024-11-18T16:30:42.652+0000] {processor.py:208} INFO - Processing /home/airflow/.local/lib/python3.12/site-packages/airflow/example_dags/example_task_group.py took 0.096 seconds
[2024-11-18T16:31:13.258+0000] {processor.py:186} INFO - Started process (PID=928) to work on /home/airflow/.local/lib/python3.12/site-packages/airflow/example_dags/example_task_group.py
[2024-11-18T16:31:13.259+0000] {processor.py:914} INFO - Processing file /home/airflow/.local/lib/python3.12/site-packages/airflow/example_dags/example_task_group.py for tasks to queue
[2024-11-18T16:31:13.262+0000] {logging_mixin.py:190} INFO - [2024-11-18T16:31:13.262+0000] {dagbag.py:588} INFO - Filling up the DagBag from /home/airflow/.local/lib/python3.12/site-packages/airflow/example_dags/example_task_group.py
[2024-11-18T16:31:13.276+0000] {processor.py:925} INFO - DAG(s) 'example_task_group' retrieved from /home/airflow/.local/lib/python3.12/site-packages/airflow/example_dags/example_task_group.py
[2024-11-18T16:31:13.305+0000] {logging_mixin.py:190} INFO - [2024-11-18T16:31:13.305+0000] {dag.py:3239} INFO - Sync 1 DAGs
[2024-11-18T16:31:13.329+0000] {logging_mixin.py:190} INFO - [2024-11-18T16:31:13.329+0000] {dag.py:4180} INFO - Setting next_dagrun for example_task_group to None, run_after=None
[2024-11-18T16:31:13.354+0000] {processor.py:208} INFO - Processing /home/airflow/.local/lib/python3.12/site-packages/airflow/example_dags/example_task_group.py took 0.107 seconds
[2024-11-18T16:31:44.067+0000] {processor.py:186} INFO - Started process (PID=991) to work on /home/airflow/.local/lib/python3.12/site-packages/airflow/example_dags/example_task_group.py
[2024-11-18T16:31:44.069+0000] {processor.py:914} INFO - Processing file /home/airflow/.local/lib/python3.12/site-packages/airflow/example_dags/example_task_group.py for tasks to queue
[2024-11-18T16:31:44.072+0000] {logging_mixin.py:190} INFO - [2024-11-18T16:31:44.072+0000] {dagbag.py:588} INFO - Filling up the DagBag from /home/airflow/.local/lib/python3.12/site-packages/airflow/example_dags/example_task_group.py
[2024-11-18T16:31:44.085+0000] {processor.py:925} INFO - DAG(s) 'example_task_group' retrieved from /home/airflow/.local/lib/python3.12/site-packages/airflow/example_dags/example_task_group.py
[2024-11-18T16:31:44.111+0000] {logging_mixin.py:190} INFO - [2024-11-18T16:31:44.110+0000] {dag.py:3239} INFO - Sync 1 DAGs
[2024-11-18T16:31:44.129+0000] {logging_mixin.py:190} INFO - [2024-11-18T16:31:44.129+0000] {dag.py:4180} INFO - Setting next_dagrun for example_task_group to None, run_after=None
[2024-11-18T16:31:44.151+0000] {processor.py:208} INFO - Processing /home/airflow/.local/lib/python3.12/site-packages/airflow/example_dags/example_task_group.py took 0.092 seconds
[2024-11-18T16:32:14.660+0000] {processor.py:186} INFO - Started process (PID=1054) to work on /home/airflow/.local/lib/python3.12/site-packages/airflow/example_dags/example_task_group.py
[2024-11-18T16:32:14.661+0000] {processor.py:914} INFO - Processing file /home/airflow/.local/lib/python3.12/site-packages/airflow/example_dags/example_task_group.py for tasks to queue
[2024-11-18T16:32:14.664+0000] {logging_mixin.py:190} INFO - [2024-11-18T16:32:14.664+0000] {dagbag.py:588} INFO - Filling up the DagBag from /home/airflow/.local/lib/python3.12/site-packages/airflow/example_dags/example_task_group.py
[2024-11-18T16:32:14.675+0000] {processor.py:925} INFO - DAG(s) 'example_task_group' retrieved from /home/airflow/.local/lib/python3.12/site-packages/airflow/example_dags/example_task_group.py
[2024-11-18T16:32:14.701+0000] {logging_mixin.py:190} INFO - [2024-11-18T16:32:14.701+0000] {dag.py:3239} INFO - Sync 1 DAGs
[2024-11-18T16:32:14.719+0000] {logging_mixin.py:190} INFO - [2024-11-18T16:32:14.719+0000] {dag.py:4180} INFO - Setting next_dagrun for example_task_group to None, run_after=None
[2024-11-18T16:32:14.742+0000] {processor.py:208} INFO - Processing /home/airflow/.local/lib/python3.12/site-packages/airflow/example_dags/example_task_group.py took 0.090 seconds
[2024-11-18T16:32:45.006+0000] {processor.py:186} INFO - Started process (PID=1117) to work on /home/airflow/.local/lib/python3.12/site-packages/airflow/example_dags/example_task_group.py
[2024-11-18T16:32:45.008+0000] {processor.py:914} INFO - Processing file /home/airflow/.local/lib/python3.12/site-packages/airflow/example_dags/example_task_group.py for tasks to queue
[2024-11-18T16:32:45.011+0000] {logging_mixin.py:190} INFO - [2024-11-18T16:32:45.011+0000] {dagbag.py:588} INFO - Filling up the DagBag from /home/airflow/.local/lib/python3.12/site-packages/airflow/example_dags/example_task_group.py
[2024-11-18T16:32:45.025+0000] {processor.py:925} INFO - DAG(s) 'example_task_group' retrieved from /home/airflow/.local/lib/python3.12/site-packages/airflow/example_dags/example_task_group.py
[2024-11-18T16:32:45.058+0000] {logging_mixin.py:190} INFO - [2024-11-18T16:32:45.058+0000] {dag.py:3239} INFO - Sync 1 DAGs
[2024-11-18T16:32:45.076+0000] {logging_mixin.py:190} INFO - [2024-11-18T16:32:45.076+0000] {dag.py:4180} INFO - Setting next_dagrun for example_task_group to None, run_after=None
[2024-11-18T16:32:45.098+0000] {processor.py:208} INFO - Processing /home/airflow/.local/lib/python3.12/site-packages/airflow/example_dags/example_task_group.py took 0.106 seconds
[2024-11-18T16:33:15.561+0000] {processor.py:186} INFO - Started process (PID=1180) to work on /home/airflow/.local/lib/python3.12/site-packages/airflow/example_dags/example_task_group.py
[2024-11-18T16:33:15.564+0000] {processor.py:914} INFO - Processing file /home/airflow/.local/lib/python3.12/site-packages/airflow/example_dags/example_task_group.py for tasks to queue
[2024-11-18T16:33:15.574+0000] {logging_mixin.py:190} INFO - [2024-11-18T16:33:15.573+0000] {dagbag.py:588} INFO - Filling up the DagBag from /home/airflow/.local/lib/python3.12/site-packages/airflow/example_dags/example_task_group.py
[2024-11-18T16:33:15.603+0000] {processor.py:925} INFO - DAG(s) 'example_task_group' retrieved from /home/airflow/.local/lib/python3.12/site-packages/airflow/example_dags/example_task_group.py
[2024-11-18T16:33:15.664+0000] {logging_mixin.py:190} INFO - [2024-11-18T16:33:15.663+0000] {dag.py:3239} INFO - Sync 1 DAGs
[2024-11-18T16:33:15.697+0000] {logging_mixin.py:190} INFO - [2024-11-18T16:33:15.697+0000] {dag.py:4180} INFO - Setting next_dagrun for example_task_group to None, run_after=None
[2024-11-18T16:33:15.750+0000] {processor.py:208} INFO - Processing /home/airflow/.local/lib/python3.12/site-packages/airflow/example_dags/example_task_group.py took 0.201 seconds
[2024-11-18T16:33:45.825+0000] {processor.py:186} INFO - Started process (PID=1243) to work on /home/airflow/.local/lib/python3.12/site-packages/airflow/example_dags/example_task_group.py
[2024-11-18T16:33:45.826+0000] {processor.py:914} INFO - Processing file /home/airflow/.local/lib/python3.12/site-packages/airflow/example_dags/example_task_group.py for tasks to queue
[2024-11-18T16:33:45.829+0000] {logging_mixin.py:190} INFO - [2024-11-18T16:33:45.828+0000] {dagbag.py:588} INFO - Filling up the DagBag from /home/airflow/.local/lib/python3.12/site-packages/airflow/example_dags/example_task_group.py
[2024-11-18T16:33:45.839+0000] {processor.py:925} INFO - DAG(s) 'example_task_group' retrieved from /home/airflow/.local/lib/python3.12/site-packages/airflow/example_dags/example_task_group.py
[2024-11-18T16:33:45.863+0000] {logging_mixin.py:190} INFO - [2024-11-18T16:33:45.863+0000] {dag.py:3239} INFO - Sync 1 DAGs
[2024-11-18T16:33:45.880+0000] {logging_mixin.py:190} INFO - [2024-11-18T16:33:45.880+0000] {dag.py:4180} INFO - Setting next_dagrun for example_task_group to None, run_after=None
[2024-11-18T16:33:45.901+0000] {processor.py:208} INFO - Processing /home/airflow/.local/lib/python3.12/site-packages/airflow/example_dags/example_task_group.py took 0.083 seconds
[2024-11-18T16:34:16.819+0000] {processor.py:186} INFO - Started process (PID=1306) to work on /home/airflow/.local/lib/python3.12/site-packages/airflow/example_dags/example_task_group.py
[2024-11-18T16:34:16.821+0000] {processor.py:914} INFO - Processing file /home/airflow/.local/lib/python3.12/site-packages/airflow/example_dags/example_task_group.py for tasks to queue
[2024-11-18T16:34:16.823+0000] {logging_mixin.py:190} INFO - [2024-11-18T16:34:16.823+0000] {dagbag.py:588} INFO - Filling up the DagBag from /home/airflow/.local/lib/python3.12/site-packages/airflow/example_dags/example_task_group.py
[2024-11-18T16:34:16.835+0000] {processor.py:925} INFO - DAG(s) 'example_task_group' retrieved from /home/airflow/.local/lib/python3.12/site-packages/airflow/example_dags/example_task_group.py
[2024-11-18T16:34:16.865+0000] {logging_mixin.py:190} INFO - [2024-11-18T16:34:16.865+0000] {dag.py:3239} INFO - Sync 1 DAGs
[2024-11-18T16:34:16.881+0000] {logging_mixin.py:190} INFO - [2024-11-18T16:34:16.881+0000] {dag.py:4180} INFO - Setting next_dagrun for example_task_group to None, run_after=None
[2024-11-18T16:34:16.903+0000] {processor.py:208} INFO - Processing /home/airflow/.local/lib/python3.12/site-packages/airflow/example_dags/example_task_group.py took 0.093 seconds
[2024-11-18T16:39:17.505+0000] {processor.py:186} INFO - Started process (PID=114) to work on /home/airflow/.local/lib/python3.12/site-packages/airflow/example_dags/example_task_group.py
[2024-11-18T16:39:17.506+0000] {processor.py:914} INFO - Processing file /home/airflow/.local/lib/python3.12/site-packages/airflow/example_dags/example_task_group.py for tasks to queue
[2024-11-18T16:39:17.511+0000] {logging_mixin.py:190} INFO - [2024-11-18T16:39:17.511+0000] {dagbag.py:588} INFO - Filling up the DagBag from /home/airflow/.local/lib/python3.12/site-packages/airflow/example_dags/example_task_group.py
[2024-11-18T16:39:17.526+0000] {processor.py:925} INFO - DAG(s) 'example_task_group' retrieved from /home/airflow/.local/lib/python3.12/site-packages/airflow/example_dags/example_task_group.py
[2024-11-18T16:39:17.567+0000] {logging_mixin.py:190} INFO - [2024-11-18T16:39:17.566+0000] {dag.py:3239} INFO - Sync 1 DAGs
[2024-11-18T16:39:17.594+0000] {logging_mixin.py:190} INFO - [2024-11-18T16:39:17.594+0000] {dag.py:4180} INFO - Setting next_dagrun for example_task_group to None, run_after=None
[2024-11-18T16:39:17.628+0000] {processor.py:208} INFO - Processing /home/airflow/.local/lib/python3.12/site-packages/airflow/example_dags/example_task_group.py took 0.138 seconds
[2024-11-18T16:39:47.740+0000] {processor.py:186} INFO - Started process (PID=176) to work on /home/airflow/.local/lib/python3.12/site-packages/airflow/example_dags/example_task_group.py
[2024-11-18T16:39:47.741+0000] {processor.py:914} INFO - Processing file /home/airflow/.local/lib/python3.12/site-packages/airflow/example_dags/example_task_group.py for tasks to queue
[2024-11-18T16:39:47.745+0000] {logging_mixin.py:190} INFO - [2024-11-18T16:39:47.745+0000] {dagbag.py:588} INFO - Filling up the DagBag from /home/airflow/.local/lib/python3.12/site-packages/airflow/example_dags/example_task_group.py
[2024-11-18T16:39:47.756+0000] {processor.py:925} INFO - DAG(s) 'example_task_group' retrieved from /home/airflow/.local/lib/python3.12/site-packages/airflow/example_dags/example_task_group.py
[2024-11-18T16:39:47.783+0000] {logging_mixin.py:190} INFO - [2024-11-18T16:39:47.782+0000] {dag.py:3239} INFO - Sync 1 DAGs
[2024-11-18T16:39:47.801+0000] {logging_mixin.py:190} INFO - [2024-11-18T16:39:47.801+0000] {dag.py:4180} INFO - Setting next_dagrun for example_task_group to None, run_after=None
[2024-11-18T16:39:47.823+0000] {processor.py:208} INFO - Processing /home/airflow/.local/lib/python3.12/site-packages/airflow/example_dags/example_task_group.py took 0.090 seconds
[2024-11-18T16:40:18.435+0000] {processor.py:186} INFO - Started process (PID=239) to work on /home/airflow/.local/lib/python3.12/site-packages/airflow/example_dags/example_task_group.py
[2024-11-18T16:40:18.436+0000] {processor.py:914} INFO - Processing file /home/airflow/.local/lib/python3.12/site-packages/airflow/example_dags/example_task_group.py for tasks to queue
[2024-11-18T16:40:18.439+0000] {logging_mixin.py:190} INFO - [2024-11-18T16:40:18.439+0000] {dagbag.py:588} INFO - Filling up the DagBag from /home/airflow/.local/lib/python3.12/site-packages/airflow/example_dags/example_task_group.py
[2024-11-18T16:40:18.451+0000] {processor.py:925} INFO - DAG(s) 'example_task_group' retrieved from /home/airflow/.local/lib/python3.12/site-packages/airflow/example_dags/example_task_group.py
[2024-11-18T16:40:18.478+0000] {logging_mixin.py:190} INFO - [2024-11-18T16:40:18.478+0000] {dag.py:3239} INFO - Sync 1 DAGs
[2024-11-18T16:40:18.496+0000] {logging_mixin.py:190} INFO - [2024-11-18T16:40:18.495+0000] {dag.py:4180} INFO - Setting next_dagrun for example_task_group to None, run_after=None
[2024-11-18T16:40:18.519+0000] {processor.py:208} INFO - Processing /home/airflow/.local/lib/python3.12/site-packages/airflow/example_dags/example_task_group.py took 0.091 seconds
[2024-11-18T16:40:49.449+0000] {processor.py:186} INFO - Started process (PID=302) to work on /home/airflow/.local/lib/python3.12/site-packages/airflow/example_dags/example_task_group.py
[2024-11-18T16:40:49.451+0000] {processor.py:914} INFO - Processing file /home/airflow/.local/lib/python3.12/site-packages/airflow/example_dags/example_task_group.py for tasks to queue
[2024-11-18T16:40:49.454+0000] {logging_mixin.py:190} INFO - [2024-11-18T16:40:49.454+0000] {dagbag.py:588} INFO - Filling up the DagBag from /home/airflow/.local/lib/python3.12/site-packages/airflow/example_dags/example_task_group.py
[2024-11-18T16:40:49.467+0000] {processor.py:925} INFO - DAG(s) 'example_task_group' retrieved from /home/airflow/.local/lib/python3.12/site-packages/airflow/example_dags/example_task_group.py
[2024-11-18T16:40:49.493+0000] {logging_mixin.py:190} INFO - [2024-11-18T16:40:49.492+0000] {dag.py:3239} INFO - Sync 1 DAGs
[2024-11-18T16:40:49.508+0000] {logging_mixin.py:190} INFO - [2024-11-18T16:40:49.508+0000] {dag.py:4180} INFO - Setting next_dagrun for example_task_group to None, run_after=None
[2024-11-18T16:40:49.529+0000] {processor.py:208} INFO - Processing /home/airflow/.local/lib/python3.12/site-packages/airflow/example_dags/example_task_group.py took 0.087 seconds
[2024-11-18T16:41:19.728+0000] {processor.py:186} INFO - Started process (PID=364) to work on /home/airflow/.local/lib/python3.12/site-packages/airflow/example_dags/example_task_group.py
[2024-11-18T16:41:19.731+0000] {processor.py:914} INFO - Processing file /home/airflow/.local/lib/python3.12/site-packages/airflow/example_dags/example_task_group.py for tasks to queue
[2024-11-18T16:41:19.735+0000] {logging_mixin.py:190} INFO - [2024-11-18T16:41:19.735+0000] {dagbag.py:588} INFO - Filling up the DagBag from /home/airflow/.local/lib/python3.12/site-packages/airflow/example_dags/example_task_group.py
[2024-11-18T16:41:19.746+0000] {processor.py:925} INFO - DAG(s) 'example_task_group' retrieved from /home/airflow/.local/lib/python3.12/site-packages/airflow/example_dags/example_task_group.py
[2024-11-18T16:41:19.776+0000] {logging_mixin.py:190} INFO - [2024-11-18T16:41:19.775+0000] {dag.py:3239} INFO - Sync 1 DAGs
[2024-11-18T16:41:19.794+0000] {logging_mixin.py:190} INFO - [2024-11-18T16:41:19.793+0000] {dag.py:4180} INFO - Setting next_dagrun for example_task_group to None, run_after=None
[2024-11-18T16:41:19.816+0000] {processor.py:208} INFO - Processing /home/airflow/.local/lib/python3.12/site-packages/airflow/example_dags/example_task_group.py took 0.096 seconds
[2024-11-18T16:41:51.042+0000] {processor.py:186} INFO - Started process (PID=428) to work on /home/airflow/.local/lib/python3.12/site-packages/airflow/example_dags/example_task_group.py
[2024-11-18T16:41:51.043+0000] {processor.py:914} INFO - Processing file /home/airflow/.local/lib/python3.12/site-packages/airflow/example_dags/example_task_group.py for tasks to queue
[2024-11-18T16:41:51.046+0000] {logging_mixin.py:190} INFO - [2024-11-18T16:41:51.045+0000] {dagbag.py:588} INFO - Filling up the DagBag from /home/airflow/.local/lib/python3.12/site-packages/airflow/example_dags/example_task_group.py
[2024-11-18T16:41:51.057+0000] {processor.py:925} INFO - DAG(s) 'example_task_group' retrieved from /home/airflow/.local/lib/python3.12/site-packages/airflow/example_dags/example_task_group.py
[2024-11-18T16:41:51.085+0000] {logging_mixin.py:190} INFO - [2024-11-18T16:41:51.085+0000] {dag.py:3239} INFO - Sync 1 DAGs
[2024-11-18T16:41:51.104+0000] {logging_mixin.py:190} INFO - [2024-11-18T16:41:51.104+0000] {dag.py:4180} INFO - Setting next_dagrun for example_task_group to None, run_after=None
[2024-11-18T16:41:51.131+0000] {processor.py:208} INFO - Processing /home/airflow/.local/lib/python3.12/site-packages/airflow/example_dags/example_task_group.py took 0.097 seconds
[2024-11-18T16:42:21.511+0000] {processor.py:186} INFO - Started process (PID=490) to work on /home/airflow/.local/lib/python3.12/site-packages/airflow/example_dags/example_task_group.py
[2024-11-18T16:42:21.512+0000] {processor.py:914} INFO - Processing file /home/airflow/.local/lib/python3.12/site-packages/airflow/example_dags/example_task_group.py for tasks to queue
[2024-11-18T16:42:21.515+0000] {logging_mixin.py:190} INFO - [2024-11-18T16:42:21.515+0000] {dagbag.py:588} INFO - Filling up the DagBag from /home/airflow/.local/lib/python3.12/site-packages/airflow/example_dags/example_task_group.py
[2024-11-18T16:42:21.526+0000] {processor.py:925} INFO - DAG(s) 'example_task_group' retrieved from /home/airflow/.local/lib/python3.12/site-packages/airflow/example_dags/example_task_group.py
[2024-11-18T16:42:21.556+0000] {logging_mixin.py:190} INFO - [2024-11-18T16:42:21.556+0000] {dag.py:3239} INFO - Sync 1 DAGs
[2024-11-18T16:42:21.575+0000] {logging_mixin.py:190} INFO - [2024-11-18T16:42:21.575+0000] {dag.py:4180} INFO - Setting next_dagrun for example_task_group to None, run_after=None
[2024-11-18T16:42:21.597+0000] {processor.py:208} INFO - Processing /home/airflow/.local/lib/python3.12/site-packages/airflow/example_dags/example_task_group.py took 0.094 seconds
[2024-11-18T16:42:52.019+0000] {processor.py:186} INFO - Started process (PID=553) to work on /home/airflow/.local/lib/python3.12/site-packages/airflow/example_dags/example_task_group.py
[2024-11-18T16:42:52.020+0000] {processor.py:914} INFO - Processing file /home/airflow/.local/lib/python3.12/site-packages/airflow/example_dags/example_task_group.py for tasks to queue
[2024-11-18T16:42:52.023+0000] {logging_mixin.py:190} INFO - [2024-11-18T16:42:52.022+0000] {dagbag.py:588} INFO - Filling up the DagBag from /home/airflow/.local/lib/python3.12/site-packages/airflow/example_dags/example_task_group.py
[2024-11-18T16:42:52.033+0000] {processor.py:925} INFO - DAG(s) 'example_task_group' retrieved from /home/airflow/.local/lib/python3.12/site-packages/airflow/example_dags/example_task_group.py
[2024-11-18T16:42:52.061+0000] {logging_mixin.py:190} INFO - [2024-11-18T16:42:52.060+0000] {dag.py:3239} INFO - Sync 1 DAGs
[2024-11-18T16:42:52.078+0000] {logging_mixin.py:190} INFO - [2024-11-18T16:42:52.078+0000] {dag.py:4180} INFO - Setting next_dagrun for example_task_group to None, run_after=None
[2024-11-18T16:42:52.101+0000] {processor.py:208} INFO - Processing /home/airflow/.local/lib/python3.12/site-packages/airflow/example_dags/example_task_group.py took 0.090 seconds
[2024-11-18T16:43:22.432+0000] {processor.py:186} INFO - Started process (PID=616) to work on /home/airflow/.local/lib/python3.12/site-packages/airflow/example_dags/example_task_group.py
[2024-11-18T16:43:22.433+0000] {processor.py:914} INFO - Processing file /home/airflow/.local/lib/python3.12/site-packages/airflow/example_dags/example_task_group.py for tasks to queue
[2024-11-18T16:43:22.436+0000] {logging_mixin.py:190} INFO - [2024-11-18T16:43:22.435+0000] {dagbag.py:588} INFO - Filling up the DagBag from /home/airflow/.local/lib/python3.12/site-packages/airflow/example_dags/example_task_group.py
[2024-11-18T16:43:22.450+0000] {processor.py:925} INFO - DAG(s) 'example_task_group' retrieved from /home/airflow/.local/lib/python3.12/site-packages/airflow/example_dags/example_task_group.py
[2024-11-18T16:43:22.478+0000] {logging_mixin.py:190} INFO - [2024-11-18T16:43:22.478+0000] {dag.py:3239} INFO - Sync 1 DAGs
[2024-11-18T16:43:22.505+0000] {logging_mixin.py:190} INFO - [2024-11-18T16:43:22.505+0000] {dag.py:4180} INFO - Setting next_dagrun for example_task_group to None, run_after=None
[2024-11-18T16:43:22.694+0000] {processor.py:208} INFO - Processing /home/airflow/.local/lib/python3.12/site-packages/airflow/example_dags/example_task_group.py took 0.269 seconds
[2024-11-18T16:43:53.520+0000] {processor.py:186} INFO - Started process (PID=679) to work on /home/airflow/.local/lib/python3.12/site-packages/airflow/example_dags/example_task_group.py
[2024-11-18T16:43:53.522+0000] {processor.py:914} INFO - Processing file /home/airflow/.local/lib/python3.12/site-packages/airflow/example_dags/example_task_group.py for tasks to queue
[2024-11-18T16:43:53.526+0000] {logging_mixin.py:190} INFO - [2024-11-18T16:43:53.525+0000] {dagbag.py:588} INFO - Filling up the DagBag from /home/airflow/.local/lib/python3.12/site-packages/airflow/example_dags/example_task_group.py
[2024-11-18T16:43:53.538+0000] {processor.py:925} INFO - DAG(s) 'example_task_group' retrieved from /home/airflow/.local/lib/python3.12/site-packages/airflow/example_dags/example_task_group.py
[2024-11-18T16:43:53.568+0000] {logging_mixin.py:190} INFO - [2024-11-18T16:43:53.568+0000] {dag.py:3239} INFO - Sync 1 DAGs
[2024-11-18T16:43:53.588+0000] {logging_mixin.py:190} INFO - [2024-11-18T16:43:53.588+0000] {dag.py:4180} INFO - Setting next_dagrun for example_task_group to None, run_after=None
[2024-11-18T16:43:53.612+0000] {processor.py:208} INFO - Processing /home/airflow/.local/lib/python3.12/site-packages/airflow/example_dags/example_task_group.py took 0.100 seconds
[2024-11-18T16:44:23.706+0000] {processor.py:186} INFO - Started process (PID=741) to work on /home/airflow/.local/lib/python3.12/site-packages/airflow/example_dags/example_task_group.py
[2024-11-18T16:44:23.707+0000] {processor.py:914} INFO - Processing file /home/airflow/.local/lib/python3.12/site-packages/airflow/example_dags/example_task_group.py for tasks to queue
[2024-11-18T16:44:23.710+0000] {logging_mixin.py:190} INFO - [2024-11-18T16:44:23.709+0000] {dagbag.py:588} INFO - Filling up the DagBag from /home/airflow/.local/lib/python3.12/site-packages/airflow/example_dags/example_task_group.py
[2024-11-18T16:44:23.723+0000] {processor.py:925} INFO - DAG(s) 'example_task_group' retrieved from /home/airflow/.local/lib/python3.12/site-packages/airflow/example_dags/example_task_group.py
[2024-11-18T16:44:23.753+0000] {logging_mixin.py:190} INFO - [2024-11-18T16:44:23.753+0000] {dag.py:3239} INFO - Sync 1 DAGs
[2024-11-18T16:44:23.773+0000] {logging_mixin.py:190} INFO - [2024-11-18T16:44:23.772+0000] {dag.py:4180} INFO - Setting next_dagrun for example_task_group to None, run_after=None
[2024-11-18T16:44:23.800+0000] {processor.py:208} INFO - Processing /home/airflow/.local/lib/python3.12/site-packages/airflow/example_dags/example_task_group.py took 0.102 seconds
[2024-11-18T16:44:54.129+0000] {processor.py:186} INFO - Started process (PID=803) to work on /home/airflow/.local/lib/python3.12/site-packages/airflow/example_dags/example_task_group.py
[2024-11-18T16:44:54.130+0000] {processor.py:914} INFO - Processing file /home/airflow/.local/lib/python3.12/site-packages/airflow/example_dags/example_task_group.py for tasks to queue
[2024-11-18T16:44:54.133+0000] {logging_mixin.py:190} INFO - [2024-11-18T16:44:54.133+0000] {dagbag.py:588} INFO - Filling up the DagBag from /home/airflow/.local/lib/python3.12/site-packages/airflow/example_dags/example_task_group.py
[2024-11-18T16:44:54.145+0000] {processor.py:925} INFO - DAG(s) 'example_task_group' retrieved from /home/airflow/.local/lib/python3.12/site-packages/airflow/example_dags/example_task_group.py
[2024-11-18T16:44:54.175+0000] {logging_mixin.py:190} INFO - [2024-11-18T16:44:54.174+0000] {dag.py:3239} INFO - Sync 1 DAGs
[2024-11-18T16:44:54.195+0000] {logging_mixin.py:190} INFO - [2024-11-18T16:44:54.195+0000] {dag.py:4180} INFO - Setting next_dagrun for example_task_group to None, run_after=None
[2024-11-18T16:44:54.221+0000] {processor.py:208} INFO - Processing /home/airflow/.local/lib/python3.12/site-packages/airflow/example_dags/example_task_group.py took 0.100 seconds
[2024-11-18T16:45:24.740+0000] {processor.py:186} INFO - Started process (PID=866) to work on /home/airflow/.local/lib/python3.12/site-packages/airflow/example_dags/example_task_group.py
[2024-11-18T16:45:24.742+0000] {processor.py:914} INFO - Processing file /home/airflow/.local/lib/python3.12/site-packages/airflow/example_dags/example_task_group.py for tasks to queue
[2024-11-18T16:45:24.746+0000] {logging_mixin.py:190} INFO - [2024-11-18T16:45:24.746+0000] {dagbag.py:588} INFO - Filling up the DagBag from /home/airflow/.local/lib/python3.12/site-packages/airflow/example_dags/example_task_group.py
[2024-11-18T16:45:24.761+0000] {processor.py:925} INFO - DAG(s) 'example_task_group' retrieved from /home/airflow/.local/lib/python3.12/site-packages/airflow/example_dags/example_task_group.py
[2024-11-18T16:45:24.800+0000] {logging_mixin.py:190} INFO - [2024-11-18T16:45:24.800+0000] {dag.py:3239} INFO - Sync 1 DAGs
[2024-11-18T16:45:24.824+0000] {logging_mixin.py:190} INFO - [2024-11-18T16:45:24.824+0000] {dag.py:4180} INFO - Setting next_dagrun for example_task_group to None, run_after=None
[2024-11-18T16:45:24.855+0000] {processor.py:208} INFO - Processing /home/airflow/.local/lib/python3.12/site-packages/airflow/example_dags/example_task_group.py took 0.124 seconds
[2024-11-18T16:45:55.314+0000] {processor.py:186} INFO - Started process (PID=928) to work on /home/airflow/.local/lib/python3.12/site-packages/airflow/example_dags/example_task_group.py
[2024-11-18T16:45:55.316+0000] {processor.py:914} INFO - Processing file /home/airflow/.local/lib/python3.12/site-packages/airflow/example_dags/example_task_group.py for tasks to queue
[2024-11-18T16:45:55.320+0000] {logging_mixin.py:190} INFO - [2024-11-18T16:45:55.320+0000] {dagbag.py:588} INFO - Filling up the DagBag from /home/airflow/.local/lib/python3.12/site-packages/airflow/example_dags/example_task_group.py
[2024-11-18T16:45:55.331+0000] {processor.py:925} INFO - DAG(s) 'example_task_group' retrieved from /home/airflow/.local/lib/python3.12/site-packages/airflow/example_dags/example_task_group.py
[2024-11-18T16:45:55.359+0000] {logging_mixin.py:190} INFO - [2024-11-18T16:45:55.358+0000] {dag.py:3239} INFO - Sync 1 DAGs
[2024-11-18T16:45:55.376+0000] {logging_mixin.py:190} INFO - [2024-11-18T16:45:55.376+0000] {dag.py:4180} INFO - Setting next_dagrun for example_task_group to None, run_after=None
[2024-11-18T16:45:55.398+0000] {processor.py:208} INFO - Processing /home/airflow/.local/lib/python3.12/site-packages/airflow/example_dags/example_task_group.py took 0.094 seconds
[2024-11-18T16:46:26.296+0000] {processor.py:186} INFO - Started process (PID=991) to work on /home/airflow/.local/lib/python3.12/site-packages/airflow/example_dags/example_task_group.py
[2024-11-18T16:46:26.297+0000] {processor.py:914} INFO - Processing file /home/airflow/.local/lib/python3.12/site-packages/airflow/example_dags/example_task_group.py for tasks to queue
[2024-11-18T16:46:26.300+0000] {logging_mixin.py:190} INFO - [2024-11-18T16:46:26.300+0000] {dagbag.py:588} INFO - Filling up the DagBag from /home/airflow/.local/lib/python3.12/site-packages/airflow/example_dags/example_task_group.py
[2024-11-18T16:46:26.311+0000] {processor.py:925} INFO - DAG(s) 'example_task_group' retrieved from /home/airflow/.local/lib/python3.12/site-packages/airflow/example_dags/example_task_group.py
[2024-11-18T16:46:26.342+0000] {logging_mixin.py:190} INFO - [2024-11-18T16:46:26.341+0000] {dag.py:3239} INFO - Sync 1 DAGs
[2024-11-18T16:46:26.360+0000] {logging_mixin.py:190} INFO - [2024-11-18T16:46:26.360+0000] {dag.py:4180} INFO - Setting next_dagrun for example_task_group to None, run_after=None
[2024-11-18T16:46:26.397+0000] {processor.py:208} INFO - Processing /home/airflow/.local/lib/python3.12/site-packages/airflow/example_dags/example_task_group.py took 0.110 seconds
[2024-11-18T16:46:56.474+0000] {processor.py:186} INFO - Started process (PID=1054) to work on /home/airflow/.local/lib/python3.12/site-packages/airflow/example_dags/example_task_group.py
[2024-11-18T16:46:56.477+0000] {processor.py:914} INFO - Processing file /home/airflow/.local/lib/python3.12/site-packages/airflow/example_dags/example_task_group.py for tasks to queue
[2024-11-18T16:46:56.482+0000] {logging_mixin.py:190} INFO - [2024-11-18T16:46:56.481+0000] {dagbag.py:588} INFO - Filling up the DagBag from /home/airflow/.local/lib/python3.12/site-packages/airflow/example_dags/example_task_group.py
[2024-11-18T16:46:56.506+0000] {processor.py:925} INFO - DAG(s) 'example_task_group' retrieved from /home/airflow/.local/lib/python3.12/site-packages/airflow/example_dags/example_task_group.py
[2024-11-18T16:46:56.541+0000] {logging_mixin.py:190} INFO - [2024-11-18T16:46:56.541+0000] {dag.py:3239} INFO - Sync 1 DAGs
[2024-11-18T16:46:56.560+0000] {logging_mixin.py:190} INFO - [2024-11-18T16:46:56.560+0000] {dag.py:4180} INFO - Setting next_dagrun for example_task_group to None, run_after=None
[2024-11-18T16:46:56.585+0000] {processor.py:208} INFO - Processing /home/airflow/.local/lib/python3.12/site-packages/airflow/example_dags/example_task_group.py took 0.120 seconds
[2024-11-18T16:47:26.818+0000] {processor.py:186} INFO - Started process (PID=1117) to work on /home/airflow/.local/lib/python3.12/site-packages/airflow/example_dags/example_task_group.py
[2024-11-18T16:47:26.819+0000] {processor.py:914} INFO - Processing file /home/airflow/.local/lib/python3.12/site-packages/airflow/example_dags/example_task_group.py for tasks to queue
[2024-11-18T16:47:26.823+0000] {logging_mixin.py:190} INFO - [2024-11-18T16:47:26.822+0000] {dagbag.py:588} INFO - Filling up the DagBag from /home/airflow/.local/lib/python3.12/site-packages/airflow/example_dags/example_task_group.py
[2024-11-18T16:47:26.837+0000] {processor.py:925} INFO - DAG(s) 'example_task_group' retrieved from /home/airflow/.local/lib/python3.12/site-packages/airflow/example_dags/example_task_group.py
[2024-11-18T16:47:26.878+0000] {logging_mixin.py:190} INFO - [2024-11-18T16:47:26.878+0000] {dag.py:3239} INFO - Sync 1 DAGs
[2024-11-18T16:47:26.899+0000] {logging_mixin.py:190} INFO - [2024-11-18T16:47:26.899+0000] {dag.py:4180} INFO - Setting next_dagrun for example_task_group to None, run_after=None
[2024-11-18T16:47:26.930+0000] {processor.py:208} INFO - Processing /home/airflow/.local/lib/python3.12/site-packages/airflow/example_dags/example_task_group.py took 0.121 seconds
[2024-11-18T16:47:57.117+0000] {processor.py:186} INFO - Started process (PID=1180) to work on /home/airflow/.local/lib/python3.12/site-packages/airflow/example_dags/example_task_group.py
[2024-11-18T16:47:57.121+0000] {processor.py:914} INFO - Processing file /home/airflow/.local/lib/python3.12/site-packages/airflow/example_dags/example_task_group.py for tasks to queue
[2024-11-18T16:47:57.125+0000] {logging_mixin.py:190} INFO - [2024-11-18T16:47:57.125+0000] {dagbag.py:588} INFO - Filling up the DagBag from /home/airflow/.local/lib/python3.12/site-packages/airflow/example_dags/example_task_group.py
[2024-11-18T16:47:57.136+0000] {processor.py:925} INFO - DAG(s) 'example_task_group' retrieved from /home/airflow/.local/lib/python3.12/site-packages/airflow/example_dags/example_task_group.py
[2024-11-18T16:47:57.166+0000] {logging_mixin.py:190} INFO - [2024-11-18T16:47:57.166+0000] {dag.py:3239} INFO - Sync 1 DAGs
[2024-11-18T16:47:57.188+0000] {logging_mixin.py:190} INFO - [2024-11-18T16:47:57.187+0000] {dag.py:4180} INFO - Setting next_dagrun for example_task_group to None, run_after=None
[2024-11-18T16:47:57.215+0000] {processor.py:208} INFO - Processing /home/airflow/.local/lib/python3.12/site-packages/airflow/example_dags/example_task_group.py took 0.106 seconds
[2024-11-18T16:48:27.691+0000] {processor.py:186} INFO - Started process (PID=1243) to work on /home/airflow/.local/lib/python3.12/site-packages/airflow/example_dags/example_task_group.py
[2024-11-18T16:48:27.692+0000] {processor.py:914} INFO - Processing file /home/airflow/.local/lib/python3.12/site-packages/airflow/example_dags/example_task_group.py for tasks to queue
[2024-11-18T16:48:27.695+0000] {logging_mixin.py:190} INFO - [2024-11-18T16:48:27.695+0000] {dagbag.py:588} INFO - Filling up the DagBag from /home/airflow/.local/lib/python3.12/site-packages/airflow/example_dags/example_task_group.py
[2024-11-18T16:48:27.706+0000] {processor.py:925} INFO - DAG(s) 'example_task_group' retrieved from /home/airflow/.local/lib/python3.12/site-packages/airflow/example_dags/example_task_group.py
[2024-11-18T16:48:27.734+0000] {logging_mixin.py:190} INFO - [2024-11-18T16:48:27.734+0000] {dag.py:3239} INFO - Sync 1 DAGs
[2024-11-18T16:48:27.754+0000] {logging_mixin.py:190} INFO - [2024-11-18T16:48:27.754+0000] {dag.py:4180} INFO - Setting next_dagrun for example_task_group to None, run_after=None
[2024-11-18T16:48:27.783+0000] {processor.py:208} INFO - Processing /home/airflow/.local/lib/python3.12/site-packages/airflow/example_dags/example_task_group.py took 0.102 seconds
[2024-11-18T16:48:57.902+0000] {processor.py:186} INFO - Started process (PID=1306) to work on /home/airflow/.local/lib/python3.12/site-packages/airflow/example_dags/example_task_group.py
[2024-11-18T16:48:57.903+0000] {processor.py:914} INFO - Processing file /home/airflow/.local/lib/python3.12/site-packages/airflow/example_dags/example_task_group.py for tasks to queue
[2024-11-18T16:48:57.905+0000] {logging_mixin.py:190} INFO - [2024-11-18T16:48:57.905+0000] {dagbag.py:588} INFO - Filling up the DagBag from /home/airflow/.local/lib/python3.12/site-packages/airflow/example_dags/example_task_group.py
[2024-11-18T16:48:57.919+0000] {processor.py:925} INFO - DAG(s) 'example_task_group' retrieved from /home/airflow/.local/lib/python3.12/site-packages/airflow/example_dags/example_task_group.py
[2024-11-18T16:48:57.948+0000] {logging_mixin.py:190} INFO - [2024-11-18T16:48:57.948+0000] {dag.py:3239} INFO - Sync 1 DAGs
[2024-11-18T16:48:57.966+0000] {logging_mixin.py:190} INFO - [2024-11-18T16:48:57.965+0000] {dag.py:4180} INFO - Setting next_dagrun for example_task_group to None, run_after=None
[2024-11-18T16:48:57.991+0000] {processor.py:208} INFO - Processing /home/airflow/.local/lib/python3.12/site-packages/airflow/example_dags/example_task_group.py took 0.097 seconds
[2024-11-18T16:49:28.665+0000] {processor.py:186} INFO - Started process (PID=1369) to work on /home/airflow/.local/lib/python3.12/site-packages/airflow/example_dags/example_task_group.py
[2024-11-18T16:49:28.667+0000] {processor.py:914} INFO - Processing file /home/airflow/.local/lib/python3.12/site-packages/airflow/example_dags/example_task_group.py for tasks to queue
[2024-11-18T16:49:28.670+0000] {logging_mixin.py:190} INFO - [2024-11-18T16:49:28.669+0000] {dagbag.py:588} INFO - Filling up the DagBag from /home/airflow/.local/lib/python3.12/site-packages/airflow/example_dags/example_task_group.py
[2024-11-18T16:49:28.683+0000] {processor.py:925} INFO - DAG(s) 'example_task_group' retrieved from /home/airflow/.local/lib/python3.12/site-packages/airflow/example_dags/example_task_group.py
[2024-11-18T16:49:28.717+0000] {logging_mixin.py:190} INFO - [2024-11-18T16:49:28.717+0000] {dag.py:3239} INFO - Sync 1 DAGs
[2024-11-18T16:49:28.737+0000] {logging_mixin.py:190} INFO - [2024-11-18T16:49:28.737+0000] {dag.py:4180} INFO - Setting next_dagrun for example_task_group to None, run_after=None
[2024-11-18T16:49:28.766+0000] {processor.py:208} INFO - Processing /home/airflow/.local/lib/python3.12/site-packages/airflow/example_dags/example_task_group.py took 0.111 seconds
[2024-11-18T16:49:58.940+0000] {processor.py:186} INFO - Started process (PID=1432) to work on /home/airflow/.local/lib/python3.12/site-packages/airflow/example_dags/example_task_group.py
[2024-11-18T16:49:58.942+0000] {processor.py:914} INFO - Processing file /home/airflow/.local/lib/python3.12/site-packages/airflow/example_dags/example_task_group.py for tasks to queue
[2024-11-18T16:49:58.945+0000] {logging_mixin.py:190} INFO - [2024-11-18T16:49:58.944+0000] {dagbag.py:588} INFO - Filling up the DagBag from /home/airflow/.local/lib/python3.12/site-packages/airflow/example_dags/example_task_group.py
[2024-11-18T16:49:58.956+0000] {processor.py:925} INFO - DAG(s) 'example_task_group' retrieved from /home/airflow/.local/lib/python3.12/site-packages/airflow/example_dags/example_task_group.py
[2024-11-18T16:49:58.981+0000] {logging_mixin.py:190} INFO - [2024-11-18T16:49:58.981+0000] {dag.py:3239} INFO - Sync 1 DAGs
[2024-11-18T16:49:58.998+0000] {logging_mixin.py:190} INFO - [2024-11-18T16:49:58.998+0000] {dag.py:4180} INFO - Setting next_dagrun for example_task_group to None, run_after=None
[2024-11-18T16:49:59.022+0000] {processor.py:208} INFO - Processing /home/airflow/.local/lib/python3.12/site-packages/airflow/example_dags/example_task_group.py took 0.094 seconds
[2024-11-18T16:50:29.082+0000] {processor.py:186} INFO - Started process (PID=1495) to work on /home/airflow/.local/lib/python3.12/site-packages/airflow/example_dags/example_task_group.py
[2024-11-18T16:50:29.083+0000] {processor.py:914} INFO - Processing file /home/airflow/.local/lib/python3.12/site-packages/airflow/example_dags/example_task_group.py for tasks to queue
[2024-11-18T16:50:29.086+0000] {logging_mixin.py:190} INFO - [2024-11-18T16:50:29.085+0000] {dagbag.py:588} INFO - Filling up the DagBag from /home/airflow/.local/lib/python3.12/site-packages/airflow/example_dags/example_task_group.py
[2024-11-18T16:50:29.098+0000] {processor.py:925} INFO - DAG(s) 'example_task_group' retrieved from /home/airflow/.local/lib/python3.12/site-packages/airflow/example_dags/example_task_group.py
[2024-11-18T16:50:29.124+0000] {logging_mixin.py:190} INFO - [2024-11-18T16:50:29.123+0000] {dag.py:3239} INFO - Sync 1 DAGs
[2024-11-18T16:50:29.140+0000] {logging_mixin.py:190} INFO - [2024-11-18T16:50:29.140+0000] {dag.py:4180} INFO - Setting next_dagrun for example_task_group to None, run_after=None
[2024-11-18T16:50:29.163+0000] {processor.py:208} INFO - Processing /home/airflow/.local/lib/python3.12/site-packages/airflow/example_dags/example_task_group.py took 0.088 seconds
[2024-11-18T16:50:59.969+0000] {processor.py:186} INFO - Started process (PID=1558) to work on /home/airflow/.local/lib/python3.12/site-packages/airflow/example_dags/example_task_group.py
[2024-11-18T16:50:59.970+0000] {processor.py:914} INFO - Processing file /home/airflow/.local/lib/python3.12/site-packages/airflow/example_dags/example_task_group.py for tasks to queue
[2024-11-18T16:50:59.973+0000] {logging_mixin.py:190} INFO - [2024-11-18T16:50:59.973+0000] {dagbag.py:588} INFO - Filling up the DagBag from /home/airflow/.local/lib/python3.12/site-packages/airflow/example_dags/example_task_group.py
[2024-11-18T16:50:59.986+0000] {processor.py:925} INFO - DAG(s) 'example_task_group' retrieved from /home/airflow/.local/lib/python3.12/site-packages/airflow/example_dags/example_task_group.py
[2024-11-18T16:51:00.040+0000] {logging_mixin.py:190} INFO - [2024-11-18T16:51:00.039+0000] {dag.py:3239} INFO - Sync 1 DAGs
[2024-11-18T16:51:00.070+0000] {logging_mixin.py:190} INFO - [2024-11-18T16:51:00.070+0000] {dag.py:4180} INFO - Setting next_dagrun for example_task_group to None, run_after=None
[2024-11-18T16:51:00.096+0000] {processor.py:208} INFO - Processing /home/airflow/.local/lib/python3.12/site-packages/airflow/example_dags/example_task_group.py took 0.136 seconds
[2024-11-18T16:51:30.864+0000] {processor.py:186} INFO - Started process (PID=1621) to work on /home/airflow/.local/lib/python3.12/site-packages/airflow/example_dags/example_task_group.py
[2024-11-18T16:51:30.866+0000] {processor.py:914} INFO - Processing file /home/airflow/.local/lib/python3.12/site-packages/airflow/example_dags/example_task_group.py for tasks to queue
[2024-11-18T16:51:30.869+0000] {logging_mixin.py:190} INFO - [2024-11-18T16:51:30.869+0000] {dagbag.py:588} INFO - Filling up the DagBag from /home/airflow/.local/lib/python3.12/site-packages/airflow/example_dags/example_task_group.py
[2024-11-18T16:51:30.881+0000] {processor.py:925} INFO - DAG(s) 'example_task_group' retrieved from /home/airflow/.local/lib/python3.12/site-packages/airflow/example_dags/example_task_group.py
[2024-11-18T16:51:30.909+0000] {logging_mixin.py:190} INFO - [2024-11-18T16:51:30.908+0000] {dag.py:3239} INFO - Sync 1 DAGs
[2024-11-18T16:51:30.927+0000] {logging_mixin.py:190} INFO - [2024-11-18T16:51:30.927+0000] {dag.py:4180} INFO - Setting next_dagrun for example_task_group to None, run_after=None
[2024-11-18T16:51:30.953+0000] {processor.py:208} INFO - Processing /home/airflow/.local/lib/python3.12/site-packages/airflow/example_dags/example_task_group.py took 0.097 seconds
[2024-11-18T16:52:01.116+0000] {processor.py:186} INFO - Started process (PID=1683) to work on /home/airflow/.local/lib/python3.12/site-packages/airflow/example_dags/example_task_group.py
[2024-11-18T16:52:01.117+0000] {processor.py:914} INFO - Processing file /home/airflow/.local/lib/python3.12/site-packages/airflow/example_dags/example_task_group.py for tasks to queue
[2024-11-18T16:52:01.120+0000] {logging_mixin.py:190} INFO - [2024-11-18T16:52:01.120+0000] {dagbag.py:588} INFO - Filling up the DagBag from /home/airflow/.local/lib/python3.12/site-packages/airflow/example_dags/example_task_group.py
[2024-11-18T16:52:01.133+0000] {processor.py:925} INFO - DAG(s) 'example_task_group' retrieved from /home/airflow/.local/lib/python3.12/site-packages/airflow/example_dags/example_task_group.py
[2024-11-18T16:52:01.159+0000] {logging_mixin.py:190} INFO - [2024-11-18T16:52:01.159+0000] {dag.py:3239} INFO - Sync 1 DAGs
[2024-11-18T16:52:01.179+0000] {logging_mixin.py:190} INFO - [2024-11-18T16:52:01.179+0000] {dag.py:4180} INFO - Setting next_dagrun for example_task_group to None, run_after=None
[2024-11-18T16:52:01.200+0000] {processor.py:208} INFO - Processing /home/airflow/.local/lib/python3.12/site-packages/airflow/example_dags/example_task_group.py took 0.094 seconds
[2024-11-18T16:52:31.428+0000] {processor.py:186} INFO - Started process (PID=1746) to work on /home/airflow/.local/lib/python3.12/site-packages/airflow/example_dags/example_task_group.py
[2024-11-18T16:52:31.429+0000] {processor.py:914} INFO - Processing file /home/airflow/.local/lib/python3.12/site-packages/airflow/example_dags/example_task_group.py for tasks to queue
[2024-11-18T16:52:31.432+0000] {logging_mixin.py:190} INFO - [2024-11-18T16:52:31.431+0000] {dagbag.py:588} INFO - Filling up the DagBag from /home/airflow/.local/lib/python3.12/site-packages/airflow/example_dags/example_task_group.py
[2024-11-18T16:52:31.443+0000] {processor.py:925} INFO - DAG(s) 'example_task_group' retrieved from /home/airflow/.local/lib/python3.12/site-packages/airflow/example_dags/example_task_group.py
[2024-11-18T16:52:31.471+0000] {logging_mixin.py:190} INFO - [2024-11-18T16:52:31.471+0000] {dag.py:3239} INFO - Sync 1 DAGs
[2024-11-18T16:52:31.487+0000] {logging_mixin.py:190} INFO - [2024-11-18T16:52:31.487+0000] {dag.py:4180} INFO - Setting next_dagrun for example_task_group to None, run_after=None
[2024-11-18T16:52:31.510+0000] {processor.py:208} INFO - Processing /home/airflow/.local/lib/python3.12/site-packages/airflow/example_dags/example_task_group.py took 0.092 seconds
[2024-11-18T16:53:02.407+0000] {processor.py:186} INFO - Started process (PID=1809) to work on /home/airflow/.local/lib/python3.12/site-packages/airflow/example_dags/example_task_group.py
[2024-11-18T16:53:02.408+0000] {processor.py:914} INFO - Processing file /home/airflow/.local/lib/python3.12/site-packages/airflow/example_dags/example_task_group.py for tasks to queue
[2024-11-18T16:53:02.411+0000] {logging_mixin.py:190} INFO - [2024-11-18T16:53:02.410+0000] {dagbag.py:588} INFO - Filling up the DagBag from /home/airflow/.local/lib/python3.12/site-packages/airflow/example_dags/example_task_group.py
[2024-11-18T16:53:02.422+0000] {processor.py:925} INFO - DAG(s) 'example_task_group' retrieved from /home/airflow/.local/lib/python3.12/site-packages/airflow/example_dags/example_task_group.py
[2024-11-18T16:53:02.450+0000] {logging_mixin.py:190} INFO - [2024-11-18T16:53:02.450+0000] {dag.py:3239} INFO - Sync 1 DAGs
[2024-11-18T16:53:02.466+0000] {logging_mixin.py:190} INFO - [2024-11-18T16:53:02.466+0000] {dag.py:4180} INFO - Setting next_dagrun for example_task_group to None, run_after=None
[2024-11-18T16:53:02.489+0000] {processor.py:208} INFO - Processing /home/airflow/.local/lib/python3.12/site-packages/airflow/example_dags/example_task_group.py took 0.092 seconds
[2024-11-18T16:53:32.597+0000] {processor.py:186} INFO - Started process (PID=1872) to work on /home/airflow/.local/lib/python3.12/site-packages/airflow/example_dags/example_task_group.py
[2024-11-18T16:53:32.598+0000] {processor.py:914} INFO - Processing file /home/airflow/.local/lib/python3.12/site-packages/airflow/example_dags/example_task_group.py for tasks to queue
[2024-11-18T16:53:32.602+0000] {logging_mixin.py:190} INFO - [2024-11-18T16:53:32.601+0000] {dagbag.py:588} INFO - Filling up the DagBag from /home/airflow/.local/lib/python3.12/site-packages/airflow/example_dags/example_task_group.py
[2024-11-18T16:53:32.616+0000] {processor.py:925} INFO - DAG(s) 'example_task_group' retrieved from /home/airflow/.local/lib/python3.12/site-packages/airflow/example_dags/example_task_group.py
[2024-11-18T16:53:32.652+0000] {logging_mixin.py:190} INFO - [2024-11-18T16:53:32.651+0000] {dag.py:3239} INFO - Sync 1 DAGs
[2024-11-18T16:53:32.674+0000] {logging_mixin.py:190} INFO - [2024-11-18T16:53:32.674+0000] {dag.py:4180} INFO - Setting next_dagrun for example_task_group to None, run_after=None
[2024-11-18T16:53:32.703+0000] {processor.py:208} INFO - Processing /home/airflow/.local/lib/python3.12/site-packages/airflow/example_dags/example_task_group.py took 0.116 seconds
[2024-11-18T16:54:02.880+0000] {processor.py:186} INFO - Started process (PID=1935) to work on /home/airflow/.local/lib/python3.12/site-packages/airflow/example_dags/example_task_group.py
[2024-11-18T16:54:02.882+0000] {processor.py:914} INFO - Processing file /home/airflow/.local/lib/python3.12/site-packages/airflow/example_dags/example_task_group.py for tasks to queue
[2024-11-18T16:54:02.885+0000] {logging_mixin.py:190} INFO - [2024-11-18T16:54:02.885+0000] {dagbag.py:588} INFO - Filling up the DagBag from /home/airflow/.local/lib/python3.12/site-packages/airflow/example_dags/example_task_group.py
[2024-11-18T16:54:02.896+0000] {processor.py:925} INFO - DAG(s) 'example_task_group' retrieved from /home/airflow/.local/lib/python3.12/site-packages/airflow/example_dags/example_task_group.py
[2024-11-18T16:54:02.924+0000] {logging_mixin.py:190} INFO - [2024-11-18T16:54:02.924+0000] {dag.py:3239} INFO - Sync 1 DAGs
[2024-11-18T16:54:02.943+0000] {logging_mixin.py:190} INFO - [2024-11-18T16:54:02.942+0000] {dag.py:4180} INFO - Setting next_dagrun for example_task_group to None, run_after=None
[2024-11-18T16:54:02.965+0000] {processor.py:208} INFO - Processing /home/airflow/.local/lib/python3.12/site-packages/airflow/example_dags/example_task_group.py took 0.092 seconds
[2024-11-18T16:54:33.183+0000] {processor.py:186} INFO - Started process (PID=1998) to work on /home/airflow/.local/lib/python3.12/site-packages/airflow/example_dags/example_task_group.py
[2024-11-18T16:54:33.184+0000] {processor.py:914} INFO - Processing file /home/airflow/.local/lib/python3.12/site-packages/airflow/example_dags/example_task_group.py for tasks to queue
[2024-11-18T16:54:33.187+0000] {logging_mixin.py:190} INFO - [2024-11-18T16:54:33.187+0000] {dagbag.py:588} INFO - Filling up the DagBag from /home/airflow/.local/lib/python3.12/site-packages/airflow/example_dags/example_task_group.py
[2024-11-18T16:54:33.199+0000] {processor.py:925} INFO - DAG(s) 'example_task_group' retrieved from /home/airflow/.local/lib/python3.12/site-packages/airflow/example_dags/example_task_group.py
[2024-11-18T16:54:33.230+0000] {logging_mixin.py:190} INFO - [2024-11-18T16:54:33.230+0000] {dag.py:3239} INFO - Sync 1 DAGs
[2024-11-18T16:54:33.248+0000] {logging_mixin.py:190} INFO - [2024-11-18T16:54:33.248+0000] {dag.py:4180} INFO - Setting next_dagrun for example_task_group to None, run_after=None
[2024-11-18T16:54:33.272+0000] {processor.py:208} INFO - Processing /home/airflow/.local/lib/python3.12/site-packages/airflow/example_dags/example_task_group.py took 0.098 seconds
[2024-11-18T16:55:04.130+0000] {processor.py:186} INFO - Started process (PID=2061) to work on /home/airflow/.local/lib/python3.12/site-packages/airflow/example_dags/example_task_group.py
[2024-11-18T16:55:04.131+0000] {processor.py:914} INFO - Processing file /home/airflow/.local/lib/python3.12/site-packages/airflow/example_dags/example_task_group.py for tasks to queue
[2024-11-18T16:55:04.135+0000] {logging_mixin.py:190} INFO - [2024-11-18T16:55:04.134+0000] {dagbag.py:588} INFO - Filling up the DagBag from /home/airflow/.local/lib/python3.12/site-packages/airflow/example_dags/example_task_group.py
[2024-11-18T16:55:04.148+0000] {processor.py:925} INFO - DAG(s) 'example_task_group' retrieved from /home/airflow/.local/lib/python3.12/site-packages/airflow/example_dags/example_task_group.py
[2024-11-18T16:55:04.173+0000] {logging_mixin.py:190} INFO - [2024-11-18T16:55:04.173+0000] {dag.py:3239} INFO - Sync 1 DAGs
[2024-11-18T16:55:04.189+0000] {logging_mixin.py:190} INFO - [2024-11-18T16:55:04.189+0000] {dag.py:4180} INFO - Setting next_dagrun for example_task_group to None, run_after=None
[2024-11-18T16:55:04.214+0000] {processor.py:208} INFO - Processing /home/airflow/.local/lib/python3.12/site-packages/airflow/example_dags/example_task_group.py took 0.094 seconds
[2024-11-18T16:55:34.500+0000] {processor.py:186} INFO - Started process (PID=2123) to work on /home/airflow/.local/lib/python3.12/site-packages/airflow/example_dags/example_task_group.py
[2024-11-18T16:55:34.504+0000] {processor.py:914} INFO - Processing file /home/airflow/.local/lib/python3.12/site-packages/airflow/example_dags/example_task_group.py for tasks to queue
[2024-11-18T16:55:34.508+0000] {logging_mixin.py:190} INFO - [2024-11-18T16:55:34.508+0000] {dagbag.py:588} INFO - Filling up the DagBag from /home/airflow/.local/lib/python3.12/site-packages/airflow/example_dags/example_task_group.py
[2024-11-18T16:55:34.519+0000] {processor.py:925} INFO - DAG(s) 'example_task_group' retrieved from /home/airflow/.local/lib/python3.12/site-packages/airflow/example_dags/example_task_group.py
[2024-11-18T16:55:34.545+0000] {logging_mixin.py:190} INFO - [2024-11-18T16:55:34.544+0000] {dag.py:3239} INFO - Sync 1 DAGs
[2024-11-18T16:55:34.561+0000] {logging_mixin.py:190} INFO - [2024-11-18T16:55:34.560+0000] {dag.py:4180} INFO - Setting next_dagrun for example_task_group to None, run_after=None
[2024-11-18T16:55:34.581+0000] {processor.py:208} INFO - Processing /home/airflow/.local/lib/python3.12/site-packages/airflow/example_dags/example_task_group.py took 0.088 seconds
[2024-11-18T16:56:05.524+0000] {processor.py:186} INFO - Started process (PID=2187) to work on /home/airflow/.local/lib/python3.12/site-packages/airflow/example_dags/example_task_group.py
[2024-11-18T16:56:05.526+0000] {processor.py:914} INFO - Processing file /home/airflow/.local/lib/python3.12/site-packages/airflow/example_dags/example_task_group.py for tasks to queue
[2024-11-18T16:56:05.529+0000] {logging_mixin.py:190} INFO - [2024-11-18T16:56:05.528+0000] {dagbag.py:588} INFO - Filling up the DagBag from /home/airflow/.local/lib/python3.12/site-packages/airflow/example_dags/example_task_group.py
[2024-11-18T16:56:05.542+0000] {processor.py:925} INFO - DAG(s) 'example_task_group' retrieved from /home/airflow/.local/lib/python3.12/site-packages/airflow/example_dags/example_task_group.py
[2024-11-18T16:56:05.568+0000] {logging_mixin.py:190} INFO - [2024-11-18T16:56:05.568+0000] {dag.py:3239} INFO - Sync 1 DAGs
[2024-11-18T16:56:05.586+0000] {logging_mixin.py:190} INFO - [2024-11-18T16:56:05.585+0000] {dag.py:4180} INFO - Setting next_dagrun for example_task_group to None, run_after=None
[2024-11-18T16:56:05.608+0000] {processor.py:208} INFO - Processing /home/airflow/.local/lib/python3.12/site-packages/airflow/example_dags/example_task_group.py took 0.093 seconds
[2024-11-18T16:56:36.259+0000] {processor.py:186} INFO - Started process (PID=2248) to work on /home/airflow/.local/lib/python3.12/site-packages/airflow/example_dags/example_task_group.py
[2024-11-18T16:56:36.261+0000] {processor.py:914} INFO - Processing file /home/airflow/.local/lib/python3.12/site-packages/airflow/example_dags/example_task_group.py for tasks to queue
[2024-11-18T16:56:36.265+0000] {logging_mixin.py:190} INFO - [2024-11-18T16:56:36.265+0000] {dagbag.py:588} INFO - Filling up the DagBag from /home/airflow/.local/lib/python3.12/site-packages/airflow/example_dags/example_task_group.py
[2024-11-18T16:56:36.278+0000] {processor.py:925} INFO - DAG(s) 'example_task_group' retrieved from /home/airflow/.local/lib/python3.12/site-packages/airflow/example_dags/example_task_group.py
[2024-11-18T16:56:36.312+0000] {logging_mixin.py:190} INFO - [2024-11-18T16:56:36.312+0000] {dag.py:3239} INFO - Sync 1 DAGs
[2024-11-18T16:56:36.337+0000] {logging_mixin.py:190} INFO - [2024-11-18T16:56:36.337+0000] {dag.py:4180} INFO - Setting next_dagrun for example_task_group to None, run_after=None
[2024-11-18T16:56:36.367+0000] {processor.py:208} INFO - Processing /home/airflow/.local/lib/python3.12/site-packages/airflow/example_dags/example_task_group.py took 0.120 seconds
[2024-11-18T16:57:06.923+0000] {processor.py:186} INFO - Started process (PID=2311) to work on /home/airflow/.local/lib/python3.12/site-packages/airflow/example_dags/example_task_group.py
[2024-11-18T16:57:06.924+0000] {processor.py:914} INFO - Processing file /home/airflow/.local/lib/python3.12/site-packages/airflow/example_dags/example_task_group.py for tasks to queue
[2024-11-18T16:57:06.927+0000] {logging_mixin.py:190} INFO - [2024-11-18T16:57:06.927+0000] {dagbag.py:588} INFO - Filling up the DagBag from /home/airflow/.local/lib/python3.12/site-packages/airflow/example_dags/example_task_group.py
[2024-11-18T16:57:06.940+0000] {processor.py:925} INFO - DAG(s) 'example_task_group' retrieved from /home/airflow/.local/lib/python3.12/site-packages/airflow/example_dags/example_task_group.py
[2024-11-18T16:57:06.966+0000] {logging_mixin.py:190} INFO - [2024-11-18T16:57:06.966+0000] {dag.py:3239} INFO - Sync 1 DAGs
[2024-11-18T16:57:06.982+0000] {logging_mixin.py:190} INFO - [2024-11-18T16:57:06.982+0000] {dag.py:4180} INFO - Setting next_dagrun for example_task_group to None, run_after=None
[2024-11-18T16:57:07.007+0000] {processor.py:208} INFO - Processing /home/airflow/.local/lib/python3.12/site-packages/airflow/example_dags/example_task_group.py took 0.092 seconds
[2024-11-18T16:57:37.397+0000] {processor.py:186} INFO - Started process (PID=2374) to work on /home/airflow/.local/lib/python3.12/site-packages/airflow/example_dags/example_task_group.py
[2024-11-18T16:57:37.399+0000] {processor.py:914} INFO - Processing file /home/airflow/.local/lib/python3.12/site-packages/airflow/example_dags/example_task_group.py for tasks to queue
[2024-11-18T16:57:37.404+0000] {logging_mixin.py:190} INFO - [2024-11-18T16:57:37.403+0000] {dagbag.py:588} INFO - Filling up the DagBag from /home/airflow/.local/lib/python3.12/site-packages/airflow/example_dags/example_task_group.py
[2024-11-18T16:57:37.416+0000] {processor.py:925} INFO - DAG(s) 'example_task_group' retrieved from /home/airflow/.local/lib/python3.12/site-packages/airflow/example_dags/example_task_group.py
[2024-11-18T16:57:37.448+0000] {logging_mixin.py:190} INFO - [2024-11-18T16:57:37.448+0000] {dag.py:3239} INFO - Sync 1 DAGs
[2024-11-18T16:57:37.468+0000] {logging_mixin.py:190} INFO - [2024-11-18T16:57:37.467+0000] {dag.py:4180} INFO - Setting next_dagrun for example_task_group to None, run_after=None
[2024-11-18T16:57:37.494+0000] {processor.py:208} INFO - Processing /home/airflow/.local/lib/python3.12/site-packages/airflow/example_dags/example_task_group.py took 0.107 seconds
[2024-11-18T16:58:07.530+0000] {processor.py:186} INFO - Started process (PID=2437) to work on /home/airflow/.local/lib/python3.12/site-packages/airflow/example_dags/example_task_group.py
[2024-11-18T16:58:07.532+0000] {processor.py:914} INFO - Processing file /home/airflow/.local/lib/python3.12/site-packages/airflow/example_dags/example_task_group.py for tasks to queue
[2024-11-18T16:58:07.537+0000] {logging_mixin.py:190} INFO - [2024-11-18T16:58:07.537+0000] {dagbag.py:588} INFO - Filling up the DagBag from /home/airflow/.local/lib/python3.12/site-packages/airflow/example_dags/example_task_group.py
[2024-11-18T16:58:07.553+0000] {processor.py:925} INFO - DAG(s) 'example_task_group' retrieved from /home/airflow/.local/lib/python3.12/site-packages/airflow/example_dags/example_task_group.py
[2024-11-18T16:58:07.607+0000] {logging_mixin.py:190} INFO - [2024-11-18T16:58:07.606+0000] {dag.py:3239} INFO - Sync 1 DAGs
[2024-11-18T16:58:07.636+0000] {logging_mixin.py:190} INFO - [2024-11-18T16:58:07.635+0000] {dag.py:4180} INFO - Setting next_dagrun for example_task_group to None, run_after=None
[2024-11-18T16:58:07.662+0000] {processor.py:208} INFO - Processing /home/airflow/.local/lib/python3.12/site-packages/airflow/example_dags/example_task_group.py took 0.141 seconds
[2024-11-18T16:58:38.633+0000] {processor.py:186} INFO - Started process (PID=2500) to work on /home/airflow/.local/lib/python3.12/site-packages/airflow/example_dags/example_task_group.py
[2024-11-18T16:58:38.634+0000] {processor.py:914} INFO - Processing file /home/airflow/.local/lib/python3.12/site-packages/airflow/example_dags/example_task_group.py for tasks to queue
[2024-11-18T16:58:38.637+0000] {logging_mixin.py:190} INFO - [2024-11-18T16:58:38.637+0000] {dagbag.py:588} INFO - Filling up the DagBag from /home/airflow/.local/lib/python3.12/site-packages/airflow/example_dags/example_task_group.py
[2024-11-18T16:58:38.648+0000] {processor.py:925} INFO - DAG(s) 'example_task_group' retrieved from /home/airflow/.local/lib/python3.12/site-packages/airflow/example_dags/example_task_group.py
[2024-11-18T16:58:38.676+0000] {logging_mixin.py:190} INFO - [2024-11-18T16:58:38.676+0000] {dag.py:3239} INFO - Sync 1 DAGs
[2024-11-18T16:58:38.693+0000] {logging_mixin.py:190} INFO - [2024-11-18T16:58:38.693+0000] {dag.py:4180} INFO - Setting next_dagrun for example_task_group to None, run_after=None
[2024-11-18T16:58:38.716+0000] {processor.py:208} INFO - Processing /home/airflow/.local/lib/python3.12/site-packages/airflow/example_dags/example_task_group.py took 0.090 seconds
[2024-11-18T16:59:09.914+0000] {processor.py:186} INFO - Started process (PID=2563) to work on /home/airflow/.local/lib/python3.12/site-packages/airflow/example_dags/example_task_group.py
[2024-11-18T16:59:09.915+0000] {processor.py:914} INFO - Processing file /home/airflow/.local/lib/python3.12/site-packages/airflow/example_dags/example_task_group.py for tasks to queue
[2024-11-18T16:59:09.918+0000] {logging_mixin.py:190} INFO - [2024-11-18T16:59:09.917+0000] {dagbag.py:588} INFO - Filling up the DagBag from /home/airflow/.local/lib/python3.12/site-packages/airflow/example_dags/example_task_group.py
[2024-11-18T16:59:09.928+0000] {processor.py:925} INFO - DAG(s) 'example_task_group' retrieved from /home/airflow/.local/lib/python3.12/site-packages/airflow/example_dags/example_task_group.py
[2024-11-18T16:59:09.957+0000] {logging_mixin.py:190} INFO - [2024-11-18T16:59:09.956+0000] {dag.py:3239} INFO - Sync 1 DAGs
[2024-11-18T16:59:09.975+0000] {logging_mixin.py:190} INFO - [2024-11-18T16:59:09.975+0000] {dag.py:4180} INFO - Setting next_dagrun for example_task_group to None, run_after=None
[2024-11-18T16:59:09.997+0000] {processor.py:208} INFO - Processing /home/airflow/.local/lib/python3.12/site-packages/airflow/example_dags/example_task_group.py took 0.091 seconds
[2024-11-18T16:59:40.829+0000] {processor.py:186} INFO - Started process (PID=2626) to work on /home/airflow/.local/lib/python3.12/site-packages/airflow/example_dags/example_task_group.py
[2024-11-18T16:59:40.831+0000] {processor.py:914} INFO - Processing file /home/airflow/.local/lib/python3.12/site-packages/airflow/example_dags/example_task_group.py for tasks to queue
[2024-11-18T16:59:40.834+0000] {logging_mixin.py:190} INFO - [2024-11-18T16:59:40.834+0000] {dagbag.py:588} INFO - Filling up the DagBag from /home/airflow/.local/lib/python3.12/site-packages/airflow/example_dags/example_task_group.py
[2024-11-18T16:59:40.845+0000] {processor.py:925} INFO - DAG(s) 'example_task_group' retrieved from /home/airflow/.local/lib/python3.12/site-packages/airflow/example_dags/example_task_group.py
[2024-11-18T16:59:40.874+0000] {logging_mixin.py:190} INFO - [2024-11-18T16:59:40.874+0000] {dag.py:3239} INFO - Sync 1 DAGs
[2024-11-18T16:59:40.892+0000] {logging_mixin.py:190} INFO - [2024-11-18T16:59:40.892+0000] {dag.py:4180} INFO - Setting next_dagrun for example_task_group to None, run_after=None
[2024-11-18T16:59:40.916+0000] {processor.py:208} INFO - Processing /home/airflow/.local/lib/python3.12/site-packages/airflow/example_dags/example_task_group.py took 0.094 seconds
[2024-11-18T17:00:11.560+0000] {processor.py:186} INFO - Started process (PID=2675) to work on /home/airflow/.local/lib/python3.12/site-packages/airflow/example_dags/example_task_group.py
[2024-11-18T17:00:11.562+0000] {processor.py:914} INFO - Processing file /home/airflow/.local/lib/python3.12/site-packages/airflow/example_dags/example_task_group.py for tasks to queue
[2024-11-18T17:00:11.565+0000] {logging_mixin.py:190} INFO - [2024-11-18T17:00:11.564+0000] {dagbag.py:588} INFO - Filling up the DagBag from /home/airflow/.local/lib/python3.12/site-packages/airflow/example_dags/example_task_group.py
[2024-11-18T17:00:11.576+0000] {processor.py:925} INFO - DAG(s) 'example_task_group' retrieved from /home/airflow/.local/lib/python3.12/site-packages/airflow/example_dags/example_task_group.py
[2024-11-18T17:00:11.603+0000] {logging_mixin.py:190} INFO - [2024-11-18T17:00:11.602+0000] {dag.py:3239} INFO - Sync 1 DAGs
[2024-11-18T17:00:11.619+0000] {logging_mixin.py:190} INFO - [2024-11-18T17:00:11.619+0000] {dag.py:4180} INFO - Setting next_dagrun for example_task_group to None, run_after=None
[2024-11-18T17:00:11.640+0000] {processor.py:208} INFO - Processing /home/airflow/.local/lib/python3.12/site-packages/airflow/example_dags/example_task_group.py took 0.088 seconds
[2024-11-18T17:00:42.950+0000] {processor.py:186} INFO - Started process (PID=2737) to work on /home/airflow/.local/lib/python3.12/site-packages/airflow/example_dags/example_task_group.py
[2024-11-18T17:00:42.951+0000] {processor.py:914} INFO - Processing file /home/airflow/.local/lib/python3.12/site-packages/airflow/example_dags/example_task_group.py for tasks to queue
[2024-11-18T17:00:42.954+0000] {logging_mixin.py:190} INFO - [2024-11-18T17:00:42.954+0000] {dagbag.py:588} INFO - Filling up the DagBag from /home/airflow/.local/lib/python3.12/site-packages/airflow/example_dags/example_task_group.py
[2024-11-18T17:00:42.966+0000] {processor.py:925} INFO - DAG(s) 'example_task_group' retrieved from /home/airflow/.local/lib/python3.12/site-packages/airflow/example_dags/example_task_group.py
[2024-11-18T17:00:42.992+0000] {logging_mixin.py:190} INFO - [2024-11-18T17:00:42.992+0000] {dag.py:3239} INFO - Sync 1 DAGs
[2024-11-18T17:00:43.010+0000] {logging_mixin.py:190} INFO - [2024-11-18T17:00:43.009+0000] {dag.py:4180} INFO - Setting next_dagrun for example_task_group to None, run_after=None
[2024-11-18T17:00:43.031+0000] {processor.py:208} INFO - Processing /home/airflow/.local/lib/python3.12/site-packages/airflow/example_dags/example_task_group.py took 0.089 seconds
[2024-11-18T17:02:33.518+0000] {processor.py:186} INFO - Started process (PID=107) to work on /home/airflow/.local/lib/python3.12/site-packages/airflow/example_dags/example_task_group.py
[2024-11-18T17:02:33.519+0000] {processor.py:914} INFO - Processing file /home/airflow/.local/lib/python3.12/site-packages/airflow/example_dags/example_task_group.py for tasks to queue
[2024-11-18T17:02:33.522+0000] {logging_mixin.py:190} INFO - [2024-11-18T17:02:33.522+0000] {dagbag.py:588} INFO - Filling up the DagBag from /home/airflow/.local/lib/python3.12/site-packages/airflow/example_dags/example_task_group.py
[2024-11-18T17:02:33.543+0000] {processor.py:925} INFO - DAG(s) 'example_task_group' retrieved from /home/airflow/.local/lib/python3.12/site-packages/airflow/example_dags/example_task_group.py
[2024-11-18T17:02:33.573+0000] {logging_mixin.py:190} INFO - [2024-11-18T17:02:33.572+0000] {dag.py:3239} INFO - Sync 1 DAGs
[2024-11-18T17:02:33.593+0000] {logging_mixin.py:190} INFO - [2024-11-18T17:02:33.593+0000] {dag.py:4180} INFO - Setting next_dagrun for example_task_group to None, run_after=None
[2024-11-18T17:02:33.616+0000] {processor.py:208} INFO - Processing /home/airflow/.local/lib/python3.12/site-packages/airflow/example_dags/example_task_group.py took 0.105 seconds
