[2024-11-18T16:24:32.202+0000] {processor.py:186} INFO - Started process (PID=96) to work on /home/airflow/.local/lib/python3.12/site-packages/airflow/example_dags/example_sla_dag.py
[2024-11-18T16:24:32.203+0000] {processor.py:914} INFO - Processing file /home/airflow/.local/lib/python3.12/site-packages/airflow/example_dags/example_sla_dag.py for tasks to queue
[2024-11-18T16:24:32.206+0000] {logging_mixin.py:190} INFO - [2024-11-18T16:24:32.206+0000] {dagbag.py:588} INFO - Filling up the DagBag from /home/airflow/.local/lib/python3.12/site-packages/airflow/example_dags/example_sla_dag.py
[2024-11-18T16:24:32.223+0000] {processor.py:925} INFO - DAG(s) 'example_sla_dag' retrieved from /home/airflow/.local/lib/python3.12/site-packages/airflow/example_dags/example_sla_dag.py
[2024-11-18T16:24:32.360+0000] {logging_mixin.py:190} INFO - [2024-11-18T16:24:32.360+0000] {override.py:1911} INFO - Created Permission View: can read on DAG:example_sla_dag
[2024-11-18T16:24:32.378+0000] {logging_mixin.py:190} INFO - [2024-11-18T16:24:32.378+0000] {override.py:1911} INFO - Created Permission View: can edit on DAG:example_sla_dag
[2024-11-18T16:24:32.386+0000] {logging_mixin.py:190} INFO - [2024-11-18T16:24:32.386+0000] {override.py:1911} INFO - Created Permission View: can delete on DAG:example_sla_dag
[2024-11-18T16:24:32.394+0000] {logging_mixin.py:190} INFO - [2024-11-18T16:24:32.394+0000] {override.py:1911} INFO - Created Permission View: can read on DAG Run:example_sla_dag
[2024-11-18T16:24:32.406+0000] {logging_mixin.py:190} INFO - [2024-11-18T16:24:32.406+0000] {override.py:1911} INFO - Created Permission View: menu access on DAG Run:example_sla_dag
[2024-11-18T16:24:32.414+0000] {logging_mixin.py:190} INFO - [2024-11-18T16:24:32.414+0000] {override.py:1911} INFO - Created Permission View: can create on DAG Run:example_sla_dag
[2024-11-18T16:24:32.423+0000] {logging_mixin.py:190} INFO - [2024-11-18T16:24:32.423+0000] {override.py:1911} INFO - Created Permission View: can delete on DAG Run:example_sla_dag
[2024-11-18T16:24:32.424+0000] {logging_mixin.py:190} INFO - [2024-11-18T16:24:32.424+0000] {dag.py:3239} INFO - Sync 1 DAGs
[2024-11-18T16:24:32.449+0000] {logging_mixin.py:190} INFO - [2024-11-18T16:24:32.449+0000] {dag.py:3262} INFO - Creating ORM DAG for example_sla_dag
[2024-11-18T16:24:32.477+0000] {logging_mixin.py:190} INFO - [2024-11-18T16:24:32.477+0000] {dag.py:4180} INFO - Setting next_dagrun for example_sla_dag to 2024-11-18 16:22:00+00:00, run_after=2024-11-18 16:24:00+00:00
[2024-11-18T16:24:32.498+0000] {processor.py:208} INFO - Processing /home/airflow/.local/lib/python3.12/site-packages/airflow/example_dags/example_sla_dag.py took 0.312 seconds
[2024-11-18T16:25:03.321+0000] {processor.py:186} INFO - Started process (PID=165) to work on /home/airflow/.local/lib/python3.12/site-packages/airflow/example_dags/example_sla_dag.py
[2024-11-18T16:25:03.324+0000] {processor.py:914} INFO - Processing file /home/airflow/.local/lib/python3.12/site-packages/airflow/example_dags/example_sla_dag.py for tasks to queue
[2024-11-18T16:25:03.327+0000] {logging_mixin.py:190} INFO - [2024-11-18T16:25:03.327+0000] {dagbag.py:588} INFO - Filling up the DagBag from /home/airflow/.local/lib/python3.12/site-packages/airflow/example_dags/example_sla_dag.py
[2024-11-18T16:25:03.342+0000] {processor.py:925} INFO - DAG(s) 'example_sla_dag' retrieved from /home/airflow/.local/lib/python3.12/site-packages/airflow/example_dags/example_sla_dag.py
[2024-11-18T16:25:03.385+0000] {logging_mixin.py:190} INFO - [2024-11-18T16:25:03.385+0000] {dag.py:3239} INFO - Sync 1 DAGs
[2024-11-18T16:25:03.419+0000] {logging_mixin.py:190} INFO - [2024-11-18T16:25:03.419+0000] {dag.py:4180} INFO - Setting next_dagrun for example_sla_dag to 2024-11-18 16:22:00+00:00, run_after=2024-11-18 16:24:00+00:00
[2024-11-18T16:25:03.444+0000] {processor.py:208} INFO - Processing /home/airflow/.local/lib/python3.12/site-packages/airflow/example_dags/example_sla_dag.py took 0.137 seconds
[2024-11-18T16:25:34.442+0000] {processor.py:186} INFO - Started process (PID=228) to work on /home/airflow/.local/lib/python3.12/site-packages/airflow/example_dags/example_sla_dag.py
[2024-11-18T16:25:34.444+0000] {processor.py:914} INFO - Processing file /home/airflow/.local/lib/python3.12/site-packages/airflow/example_dags/example_sla_dag.py for tasks to queue
[2024-11-18T16:25:34.446+0000] {logging_mixin.py:190} INFO - [2024-11-18T16:25:34.446+0000] {dagbag.py:588} INFO - Filling up the DagBag from /home/airflow/.local/lib/python3.12/site-packages/airflow/example_dags/example_sla_dag.py
[2024-11-18T16:25:34.459+0000] {processor.py:925} INFO - DAG(s) 'example_sla_dag' retrieved from /home/airflow/.local/lib/python3.12/site-packages/airflow/example_dags/example_sla_dag.py
[2024-11-18T16:25:34.487+0000] {logging_mixin.py:190} INFO - [2024-11-18T16:25:34.487+0000] {dag.py:3239} INFO - Sync 1 DAGs
[2024-11-18T16:25:34.519+0000] {logging_mixin.py:190} INFO - [2024-11-18T16:25:34.519+0000] {dag.py:4180} INFO - Setting next_dagrun for example_sla_dag to 2024-11-18 16:22:00+00:00, run_after=2024-11-18 16:24:00+00:00
[2024-11-18T16:25:34.542+0000] {processor.py:208} INFO - Processing /home/airflow/.local/lib/python3.12/site-packages/airflow/example_dags/example_sla_dag.py took 0.109 seconds
[2024-11-18T16:26:04.880+0000] {processor.py:186} INFO - Started process (PID=290) to work on /home/airflow/.local/lib/python3.12/site-packages/airflow/example_dags/example_sla_dag.py
[2024-11-18T16:26:04.881+0000] {processor.py:914} INFO - Processing file /home/airflow/.local/lib/python3.12/site-packages/airflow/example_dags/example_sla_dag.py for tasks to queue
[2024-11-18T16:26:04.887+0000] {logging_mixin.py:190} INFO - [2024-11-18T16:26:04.887+0000] {dagbag.py:588} INFO - Filling up the DagBag from /home/airflow/.local/lib/python3.12/site-packages/airflow/example_dags/example_sla_dag.py
[2024-11-18T16:26:04.900+0000] {processor.py:925} INFO - DAG(s) 'example_sla_dag' retrieved from /home/airflow/.local/lib/python3.12/site-packages/airflow/example_dags/example_sla_dag.py
[2024-11-18T16:26:04.934+0000] {logging_mixin.py:190} INFO - [2024-11-18T16:26:04.933+0000] {dag.py:3239} INFO - Sync 1 DAGs
[2024-11-18T16:26:04.963+0000] {logging_mixin.py:190} INFO - [2024-11-18T16:26:04.963+0000] {dag.py:4180} INFO - Setting next_dagrun for example_sla_dag to 2024-11-18 16:24:00+00:00, run_after=2024-11-18 16:26:00+00:00
[2024-11-18T16:26:04.985+0000] {processor.py:208} INFO - Processing /home/airflow/.local/lib/python3.12/site-packages/airflow/example_dags/example_sla_dag.py took 0.113 seconds
[2024-11-18T16:26:35.581+0000] {processor.py:186} INFO - Started process (PID=353) to work on /home/airflow/.local/lib/python3.12/site-packages/airflow/example_dags/example_sla_dag.py
[2024-11-18T16:26:35.584+0000] {processor.py:914} INFO - Processing file /home/airflow/.local/lib/python3.12/site-packages/airflow/example_dags/example_sla_dag.py for tasks to queue
[2024-11-18T16:26:35.588+0000] {logging_mixin.py:190} INFO - [2024-11-18T16:26:35.588+0000] {dagbag.py:588} INFO - Filling up the DagBag from /home/airflow/.local/lib/python3.12/site-packages/airflow/example_dags/example_sla_dag.py
[2024-11-18T16:26:35.608+0000] {processor.py:925} INFO - DAG(s) 'example_sla_dag' retrieved from /home/airflow/.local/lib/python3.12/site-packages/airflow/example_dags/example_sla_dag.py
[2024-11-18T16:26:35.641+0000] {logging_mixin.py:190} INFO - [2024-11-18T16:26:35.641+0000] {dag.py:3239} INFO - Sync 1 DAGs
[2024-11-18T16:26:35.683+0000] {logging_mixin.py:190} INFO - [2024-11-18T16:26:35.683+0000] {dag.py:4180} INFO - Setting next_dagrun for example_sla_dag to 2024-11-18 16:24:00+00:00, run_after=2024-11-18 16:26:00+00:00
[2024-11-18T16:26:35.711+0000] {processor.py:208} INFO - Processing /home/airflow/.local/lib/python3.12/site-packages/airflow/example_dags/example_sla_dag.py took 0.140 seconds
[2024-11-18T16:27:05.761+0000] {processor.py:186} INFO - Started process (PID=415) to work on /home/airflow/.local/lib/python3.12/site-packages/airflow/example_dags/example_sla_dag.py
[2024-11-18T16:27:05.762+0000] {processor.py:914} INFO - Processing file /home/airflow/.local/lib/python3.12/site-packages/airflow/example_dags/example_sla_dag.py for tasks to queue
[2024-11-18T16:27:05.766+0000] {logging_mixin.py:190} INFO - [2024-11-18T16:27:05.765+0000] {dagbag.py:588} INFO - Filling up the DagBag from /home/airflow/.local/lib/python3.12/site-packages/airflow/example_dags/example_sla_dag.py
[2024-11-18T16:27:05.778+0000] {processor.py:925} INFO - DAG(s) 'example_sla_dag' retrieved from /home/airflow/.local/lib/python3.12/site-packages/airflow/example_dags/example_sla_dag.py
[2024-11-18T16:27:05.801+0000] {logging_mixin.py:190} INFO - [2024-11-18T16:27:05.800+0000] {dag.py:3239} INFO - Sync 1 DAGs
[2024-11-18T16:27:05.831+0000] {logging_mixin.py:190} INFO - [2024-11-18T16:27:05.830+0000] {dag.py:4180} INFO - Setting next_dagrun for example_sla_dag to 2024-11-18 16:24:00+00:00, run_after=2024-11-18 16:26:00+00:00
[2024-11-18T16:27:05.856+0000] {processor.py:208} INFO - Processing /home/airflow/.local/lib/python3.12/site-packages/airflow/example_dags/example_sla_dag.py took 0.102 seconds
[2024-11-18T16:27:36.021+0000] {processor.py:186} INFO - Started process (PID=477) to work on /home/airflow/.local/lib/python3.12/site-packages/airflow/example_dags/example_sla_dag.py
[2024-11-18T16:27:36.022+0000] {processor.py:914} INFO - Processing file /home/airflow/.local/lib/python3.12/site-packages/airflow/example_dags/example_sla_dag.py for tasks to queue
[2024-11-18T16:27:36.025+0000] {logging_mixin.py:190} INFO - [2024-11-18T16:27:36.025+0000] {dagbag.py:588} INFO - Filling up the DagBag from /home/airflow/.local/lib/python3.12/site-packages/airflow/example_dags/example_sla_dag.py
[2024-11-18T16:27:36.038+0000] {processor.py:925} INFO - DAG(s) 'example_sla_dag' retrieved from /home/airflow/.local/lib/python3.12/site-packages/airflow/example_dags/example_sla_dag.py
[2024-11-18T16:27:36.060+0000] {logging_mixin.py:190} INFO - [2024-11-18T16:27:36.060+0000] {dag.py:3239} INFO - Sync 1 DAGs
[2024-11-18T16:27:36.088+0000] {logging_mixin.py:190} INFO - [2024-11-18T16:27:36.087+0000] {dag.py:4180} INFO - Setting next_dagrun for example_sla_dag to 2024-11-18 16:24:00+00:00, run_after=2024-11-18 16:26:00+00:00
[2024-11-18T16:27:36.109+0000] {processor.py:208} INFO - Processing /home/airflow/.local/lib/python3.12/site-packages/airflow/example_dags/example_sla_dag.py took 0.097 seconds
[2024-11-18T16:28:06.325+0000] {processor.py:186} INFO - Started process (PID=541) to work on /home/airflow/.local/lib/python3.12/site-packages/airflow/example_dags/example_sla_dag.py
[2024-11-18T16:28:06.326+0000] {processor.py:914} INFO - Processing file /home/airflow/.local/lib/python3.12/site-packages/airflow/example_dags/example_sla_dag.py for tasks to queue
[2024-11-18T16:28:06.330+0000] {logging_mixin.py:190} INFO - [2024-11-18T16:28:06.330+0000] {dagbag.py:588} INFO - Filling up the DagBag from /home/airflow/.local/lib/python3.12/site-packages/airflow/example_dags/example_sla_dag.py
[2024-11-18T16:28:06.344+0000] {processor.py:925} INFO - DAG(s) 'example_sla_dag' retrieved from /home/airflow/.local/lib/python3.12/site-packages/airflow/example_dags/example_sla_dag.py
[2024-11-18T16:28:06.372+0000] {logging_mixin.py:190} INFO - [2024-11-18T16:28:06.372+0000] {dag.py:3239} INFO - Sync 1 DAGs
[2024-11-18T16:28:06.403+0000] {logging_mixin.py:190} INFO - [2024-11-18T16:28:06.402+0000] {dag.py:4180} INFO - Setting next_dagrun for example_sla_dag to 2024-11-18 16:26:00+00:00, run_after=2024-11-18 16:28:00+00:00
[2024-11-18T16:28:06.425+0000] {processor.py:208} INFO - Processing /home/airflow/.local/lib/python3.12/site-packages/airflow/example_dags/example_sla_dag.py took 0.108 seconds
[2024-11-18T16:28:37.031+0000] {processor.py:186} INFO - Started process (PID=604) to work on /home/airflow/.local/lib/python3.12/site-packages/airflow/example_dags/example_sla_dag.py
[2024-11-18T16:28:37.032+0000] {processor.py:914} INFO - Processing file /home/airflow/.local/lib/python3.12/site-packages/airflow/example_dags/example_sla_dag.py for tasks to queue
[2024-11-18T16:28:37.035+0000] {logging_mixin.py:190} INFO - [2024-11-18T16:28:37.035+0000] {dagbag.py:588} INFO - Filling up the DagBag from /home/airflow/.local/lib/python3.12/site-packages/airflow/example_dags/example_sla_dag.py
[2024-11-18T16:28:37.049+0000] {processor.py:925} INFO - DAG(s) 'example_sla_dag' retrieved from /home/airflow/.local/lib/python3.12/site-packages/airflow/example_dags/example_sla_dag.py
[2024-11-18T16:28:37.074+0000] {logging_mixin.py:190} INFO - [2024-11-18T16:28:37.074+0000] {dag.py:3239} INFO - Sync 1 DAGs
[2024-11-18T16:28:37.108+0000] {logging_mixin.py:190} INFO - [2024-11-18T16:28:37.108+0000] {dag.py:4180} INFO - Setting next_dagrun for example_sla_dag to 2024-11-18 16:26:00+00:00, run_after=2024-11-18 16:28:00+00:00
[2024-11-18T16:28:37.131+0000] {processor.py:208} INFO - Processing /home/airflow/.local/lib/python3.12/site-packages/airflow/example_dags/example_sla_dag.py took 0.107 seconds
[2024-11-18T16:29:07.508+0000] {processor.py:186} INFO - Started process (PID=667) to work on /home/airflow/.local/lib/python3.12/site-packages/airflow/example_dags/example_sla_dag.py
[2024-11-18T16:29:07.509+0000] {processor.py:914} INFO - Processing file /home/airflow/.local/lib/python3.12/site-packages/airflow/example_dags/example_sla_dag.py for tasks to queue
[2024-11-18T16:29:07.512+0000] {logging_mixin.py:190} INFO - [2024-11-18T16:29:07.511+0000] {dagbag.py:588} INFO - Filling up the DagBag from /home/airflow/.local/lib/python3.12/site-packages/airflow/example_dags/example_sla_dag.py
[2024-11-18T16:29:07.524+0000] {processor.py:925} INFO - DAG(s) 'example_sla_dag' retrieved from /home/airflow/.local/lib/python3.12/site-packages/airflow/example_dags/example_sla_dag.py
[2024-11-18T16:29:07.549+0000] {logging_mixin.py:190} INFO - [2024-11-18T16:29:07.549+0000] {dag.py:3239} INFO - Sync 1 DAGs
[2024-11-18T16:29:07.579+0000] {logging_mixin.py:190} INFO - [2024-11-18T16:29:07.578+0000] {dag.py:4180} INFO - Setting next_dagrun for example_sla_dag to 2024-11-18 16:26:00+00:00, run_after=2024-11-18 16:28:00+00:00
[2024-11-18T16:29:07.599+0000] {processor.py:208} INFO - Processing /home/airflow/.local/lib/python3.12/site-packages/airflow/example_dags/example_sla_dag.py took 0.100 seconds
[2024-11-18T16:29:38.224+0000] {processor.py:186} INFO - Started process (PID=730) to work on /home/airflow/.local/lib/python3.12/site-packages/airflow/example_dags/example_sla_dag.py
[2024-11-18T16:29:38.227+0000] {processor.py:914} INFO - Processing file /home/airflow/.local/lib/python3.12/site-packages/airflow/example_dags/example_sla_dag.py for tasks to queue
[2024-11-18T16:29:38.233+0000] {logging_mixin.py:190} INFO - [2024-11-18T16:29:38.232+0000] {dagbag.py:588} INFO - Filling up the DagBag from /home/airflow/.local/lib/python3.12/site-packages/airflow/example_dags/example_sla_dag.py
[2024-11-18T16:29:38.245+0000] {processor.py:925} INFO - DAG(s) 'example_sla_dag' retrieved from /home/airflow/.local/lib/python3.12/site-packages/airflow/example_dags/example_sla_dag.py
[2024-11-18T16:29:38.267+0000] {logging_mixin.py:190} INFO - [2024-11-18T16:29:38.267+0000] {dag.py:3239} INFO - Sync 1 DAGs
[2024-11-18T16:29:38.299+0000] {logging_mixin.py:190} INFO - [2024-11-18T16:29:38.299+0000] {dag.py:4180} INFO - Setting next_dagrun for example_sla_dag to 2024-11-18 16:26:00+00:00, run_after=2024-11-18 16:28:00+00:00
[2024-11-18T16:29:38.320+0000] {processor.py:208} INFO - Processing /home/airflow/.local/lib/python3.12/site-packages/airflow/example_dags/example_sla_dag.py took 0.105 seconds
[2024-11-18T16:30:08.621+0000] {processor.py:186} INFO - Started process (PID=793) to work on /home/airflow/.local/lib/python3.12/site-packages/airflow/example_dags/example_sla_dag.py
[2024-11-18T16:30:08.623+0000] {processor.py:914} INFO - Processing file /home/airflow/.local/lib/python3.12/site-packages/airflow/example_dags/example_sla_dag.py for tasks to queue
[2024-11-18T16:30:08.626+0000] {logging_mixin.py:190} INFO - [2024-11-18T16:30:08.625+0000] {dagbag.py:588} INFO - Filling up the DagBag from /home/airflow/.local/lib/python3.12/site-packages/airflow/example_dags/example_sla_dag.py
[2024-11-18T16:30:08.640+0000] {processor.py:925} INFO - DAG(s) 'example_sla_dag' retrieved from /home/airflow/.local/lib/python3.12/site-packages/airflow/example_dags/example_sla_dag.py
[2024-11-18T16:30:08.665+0000] {logging_mixin.py:190} INFO - [2024-11-18T16:30:08.665+0000] {dag.py:3239} INFO - Sync 1 DAGs
[2024-11-18T16:30:08.705+0000] {logging_mixin.py:190} INFO - [2024-11-18T16:30:08.705+0000] {dag.py:4180} INFO - Setting next_dagrun for example_sla_dag to 2024-11-18 16:28:00+00:00, run_after=2024-11-18 16:30:00+00:00
[2024-11-18T16:30:08.745+0000] {processor.py:208} INFO - Processing /home/airflow/.local/lib/python3.12/site-packages/airflow/example_dags/example_sla_dag.py took 0.132 seconds
[2024-11-18T16:30:38.933+0000] {processor.py:186} INFO - Started process (PID=856) to work on /home/airflow/.local/lib/python3.12/site-packages/airflow/example_dags/example_sla_dag.py
[2024-11-18T16:30:38.934+0000] {processor.py:914} INFO - Processing file /home/airflow/.local/lib/python3.12/site-packages/airflow/example_dags/example_sla_dag.py for tasks to queue
[2024-11-18T16:30:38.938+0000] {logging_mixin.py:190} INFO - [2024-11-18T16:30:38.937+0000] {dagbag.py:588} INFO - Filling up the DagBag from /home/airflow/.local/lib/python3.12/site-packages/airflow/example_dags/example_sla_dag.py
[2024-11-18T16:30:38.952+0000] {processor.py:925} INFO - DAG(s) 'example_sla_dag' retrieved from /home/airflow/.local/lib/python3.12/site-packages/airflow/example_dags/example_sla_dag.py
[2024-11-18T16:30:38.982+0000] {logging_mixin.py:190} INFO - [2024-11-18T16:30:38.982+0000] {dag.py:3239} INFO - Sync 1 DAGs
[2024-11-18T16:30:39.015+0000] {logging_mixin.py:190} INFO - [2024-11-18T16:30:39.015+0000] {dag.py:4180} INFO - Setting next_dagrun for example_sla_dag to 2024-11-18 16:28:00+00:00, run_after=2024-11-18 16:30:00+00:00
[2024-11-18T16:30:39.042+0000] {processor.py:208} INFO - Processing /home/airflow/.local/lib/python3.12/site-packages/airflow/example_dags/example_sla_dag.py took 0.117 seconds
[2024-11-18T16:31:09.558+0000] {processor.py:186} INFO - Started process (PID=919) to work on /home/airflow/.local/lib/python3.12/site-packages/airflow/example_dags/example_sla_dag.py
[2024-11-18T16:31:09.559+0000] {processor.py:914} INFO - Processing file /home/airflow/.local/lib/python3.12/site-packages/airflow/example_dags/example_sla_dag.py for tasks to queue
[2024-11-18T16:31:09.561+0000] {logging_mixin.py:190} INFO - [2024-11-18T16:31:09.561+0000] {dagbag.py:588} INFO - Filling up the DagBag from /home/airflow/.local/lib/python3.12/site-packages/airflow/example_dags/example_sla_dag.py
[2024-11-18T16:31:09.574+0000] {processor.py:925} INFO - DAG(s) 'example_sla_dag' retrieved from /home/airflow/.local/lib/python3.12/site-packages/airflow/example_dags/example_sla_dag.py
[2024-11-18T16:31:09.597+0000] {logging_mixin.py:190} INFO - [2024-11-18T16:31:09.596+0000] {dag.py:3239} INFO - Sync 1 DAGs
[2024-11-18T16:31:09.627+0000] {logging_mixin.py:190} INFO - [2024-11-18T16:31:09.627+0000] {dag.py:4180} INFO - Setting next_dagrun for example_sla_dag to 2024-11-18 16:28:00+00:00, run_after=2024-11-18 16:30:00+00:00
[2024-11-18T16:31:09.650+0000] {processor.py:208} INFO - Processing /home/airflow/.local/lib/python3.12/site-packages/airflow/example_dags/example_sla_dag.py took 0.100 seconds
[2024-11-18T16:31:40.391+0000] {processor.py:186} INFO - Started process (PID=982) to work on /home/airflow/.local/lib/python3.12/site-packages/airflow/example_dags/example_sla_dag.py
[2024-11-18T16:31:40.395+0000] {processor.py:914} INFO - Processing file /home/airflow/.local/lib/python3.12/site-packages/airflow/example_dags/example_sla_dag.py for tasks to queue
[2024-11-18T16:31:40.398+0000] {logging_mixin.py:190} INFO - [2024-11-18T16:31:40.397+0000] {dagbag.py:588} INFO - Filling up the DagBag from /home/airflow/.local/lib/python3.12/site-packages/airflow/example_dags/example_sla_dag.py
[2024-11-18T16:31:40.414+0000] {processor.py:925} INFO - DAG(s) 'example_sla_dag' retrieved from /home/airflow/.local/lib/python3.12/site-packages/airflow/example_dags/example_sla_dag.py
[2024-11-18T16:31:40.447+0000] {logging_mixin.py:190} INFO - [2024-11-18T16:31:40.447+0000] {dag.py:3239} INFO - Sync 1 DAGs
[2024-11-18T16:31:40.487+0000] {logging_mixin.py:190} INFO - [2024-11-18T16:31:40.487+0000] {dag.py:4180} INFO - Setting next_dagrun for example_sla_dag to 2024-11-18 16:28:00+00:00, run_after=2024-11-18 16:30:00+00:00
[2024-11-18T16:31:40.513+0000] {processor.py:208} INFO - Processing /home/airflow/.local/lib/python3.12/site-packages/airflow/example_dags/example_sla_dag.py took 0.131 seconds
[2024-11-18T16:32:10.973+0000] {processor.py:186} INFO - Started process (PID=1045) to work on /home/airflow/.local/lib/python3.12/site-packages/airflow/example_dags/example_sla_dag.py
[2024-11-18T16:32:10.975+0000] {processor.py:914} INFO - Processing file /home/airflow/.local/lib/python3.12/site-packages/airflow/example_dags/example_sla_dag.py for tasks to queue
[2024-11-18T16:32:10.979+0000] {logging_mixin.py:190} INFO - [2024-11-18T16:32:10.978+0000] {dagbag.py:588} INFO - Filling up the DagBag from /home/airflow/.local/lib/python3.12/site-packages/airflow/example_dags/example_sla_dag.py
[2024-11-18T16:32:10.994+0000] {processor.py:925} INFO - DAG(s) 'example_sla_dag' retrieved from /home/airflow/.local/lib/python3.12/site-packages/airflow/example_dags/example_sla_dag.py
[2024-11-18T16:32:11.017+0000] {logging_mixin.py:190} INFO - [2024-11-18T16:32:11.017+0000] {dag.py:3239} INFO - Sync 1 DAGs
[2024-11-18T16:32:11.048+0000] {logging_mixin.py:190} INFO - [2024-11-18T16:32:11.048+0000] {dag.py:4180} INFO - Setting next_dagrun for example_sla_dag to 2024-11-18 16:30:00+00:00, run_after=2024-11-18 16:32:00+00:00
[2024-11-18T16:32:11.068+0000] {processor.py:208} INFO - Processing /home/airflow/.local/lib/python3.12/site-packages/airflow/example_dags/example_sla_dag.py took 0.102 seconds
[2024-11-18T16:32:42.052+0000] {processor.py:186} INFO - Started process (PID=1108) to work on /home/airflow/.local/lib/python3.12/site-packages/airflow/example_dags/example_sla_dag.py
[2024-11-18T16:32:42.054+0000] {processor.py:914} INFO - Processing file /home/airflow/.local/lib/python3.12/site-packages/airflow/example_dags/example_sla_dag.py for tasks to queue
[2024-11-18T16:32:42.057+0000] {logging_mixin.py:190} INFO - [2024-11-18T16:32:42.057+0000] {dagbag.py:588} INFO - Filling up the DagBag from /home/airflow/.local/lib/python3.12/site-packages/airflow/example_dags/example_sla_dag.py
[2024-11-18T16:32:42.073+0000] {processor.py:925} INFO - DAG(s) 'example_sla_dag' retrieved from /home/airflow/.local/lib/python3.12/site-packages/airflow/example_dags/example_sla_dag.py
[2024-11-18T16:32:42.096+0000] {logging_mixin.py:190} INFO - [2024-11-18T16:32:42.095+0000] {dag.py:3239} INFO - Sync 1 DAGs
[2024-11-18T16:32:42.130+0000] {logging_mixin.py:190} INFO - [2024-11-18T16:32:42.130+0000] {dag.py:4180} INFO - Setting next_dagrun for example_sla_dag to 2024-11-18 16:30:00+00:00, run_after=2024-11-18 16:32:00+00:00
[2024-11-18T16:32:42.153+0000] {processor.py:208} INFO - Processing /home/airflow/.local/lib/python3.12/site-packages/airflow/example_dags/example_sla_dag.py took 0.118 seconds
[2024-11-18T16:33:12.192+0000] {processor.py:186} INFO - Started process (PID=1170) to work on /home/airflow/.local/lib/python3.12/site-packages/airflow/example_dags/example_sla_dag.py
[2024-11-18T16:33:12.193+0000] {processor.py:914} INFO - Processing file /home/airflow/.local/lib/python3.12/site-packages/airflow/example_dags/example_sla_dag.py for tasks to queue
[2024-11-18T16:33:12.196+0000] {logging_mixin.py:190} INFO - [2024-11-18T16:33:12.196+0000] {dagbag.py:588} INFO - Filling up the DagBag from /home/airflow/.local/lib/python3.12/site-packages/airflow/example_dags/example_sla_dag.py
[2024-11-18T16:33:12.212+0000] {processor.py:925} INFO - DAG(s) 'example_sla_dag' retrieved from /home/airflow/.local/lib/python3.12/site-packages/airflow/example_dags/example_sla_dag.py
[2024-11-18T16:33:12.240+0000] {logging_mixin.py:190} INFO - [2024-11-18T16:33:12.240+0000] {dag.py:3239} INFO - Sync 1 DAGs
[2024-11-18T16:33:12.283+0000] {logging_mixin.py:190} INFO - [2024-11-18T16:33:12.283+0000] {dag.py:4180} INFO - Setting next_dagrun for example_sla_dag to 2024-11-18 16:30:00+00:00, run_after=2024-11-18 16:32:00+00:00
[2024-11-18T16:33:12.327+0000] {processor.py:208} INFO - Processing /home/airflow/.local/lib/python3.12/site-packages/airflow/example_dags/example_sla_dag.py took 0.145 seconds
[2024-11-18T16:33:43.036+0000] {processor.py:186} INFO - Started process (PID=1234) to work on /home/airflow/.local/lib/python3.12/site-packages/airflow/example_dags/example_sla_dag.py
[2024-11-18T16:33:43.038+0000] {processor.py:914} INFO - Processing file /home/airflow/.local/lib/python3.12/site-packages/airflow/example_dags/example_sla_dag.py for tasks to queue
[2024-11-18T16:33:43.043+0000] {logging_mixin.py:190} INFO - [2024-11-18T16:33:43.043+0000] {dagbag.py:588} INFO - Filling up the DagBag from /home/airflow/.local/lib/python3.12/site-packages/airflow/example_dags/example_sla_dag.py
[2024-11-18T16:33:43.059+0000] {processor.py:925} INFO - DAG(s) 'example_sla_dag' retrieved from /home/airflow/.local/lib/python3.12/site-packages/airflow/example_dags/example_sla_dag.py
[2024-11-18T16:33:43.094+0000] {logging_mixin.py:190} INFO - [2024-11-18T16:33:43.093+0000] {dag.py:3239} INFO - Sync 1 DAGs
[2024-11-18T16:33:43.127+0000] {logging_mixin.py:190} INFO - [2024-11-18T16:33:43.127+0000] {dag.py:4180} INFO - Setting next_dagrun for example_sla_dag to 2024-11-18 16:30:00+00:00, run_after=2024-11-18 16:32:00+00:00
[2024-11-18T16:33:43.155+0000] {processor.py:208} INFO - Processing /home/airflow/.local/lib/python3.12/site-packages/airflow/example_dags/example_sla_dag.py took 0.126 seconds
[2024-11-18T16:34:14.010+0000] {processor.py:186} INFO - Started process (PID=1297) to work on /home/airflow/.local/lib/python3.12/site-packages/airflow/example_dags/example_sla_dag.py
[2024-11-18T16:34:14.013+0000] {processor.py:914} INFO - Processing file /home/airflow/.local/lib/python3.12/site-packages/airflow/example_dags/example_sla_dag.py for tasks to queue
[2024-11-18T16:34:14.017+0000] {logging_mixin.py:190} INFO - [2024-11-18T16:34:14.017+0000] {dagbag.py:588} INFO - Filling up the DagBag from /home/airflow/.local/lib/python3.12/site-packages/airflow/example_dags/example_sla_dag.py
[2024-11-18T16:34:14.041+0000] {processor.py:925} INFO - DAG(s) 'example_sla_dag' retrieved from /home/airflow/.local/lib/python3.12/site-packages/airflow/example_dags/example_sla_dag.py
[2024-11-18T16:34:14.082+0000] {logging_mixin.py:190} INFO - [2024-11-18T16:34:14.082+0000] {dag.py:3239} INFO - Sync 1 DAGs
[2024-11-18T16:34:14.126+0000] {logging_mixin.py:190} INFO - [2024-11-18T16:34:14.126+0000] {dag.py:4180} INFO - Setting next_dagrun for example_sla_dag to 2024-11-18 16:32:00+00:00, run_after=2024-11-18 16:34:00+00:00
[2024-11-18T16:34:14.154+0000] {processor.py:208} INFO - Processing /home/airflow/.local/lib/python3.12/site-packages/airflow/example_dags/example_sla_dag.py took 0.153 seconds
[2024-11-18T16:39:15.255+0000] {processor.py:186} INFO - Started process (PID=104) to work on /home/airflow/.local/lib/python3.12/site-packages/airflow/example_dags/example_sla_dag.py
[2024-11-18T16:39:15.257+0000] {processor.py:914} INFO - Processing file /home/airflow/.local/lib/python3.12/site-packages/airflow/example_dags/example_sla_dag.py for tasks to queue
[2024-11-18T16:39:15.261+0000] {logging_mixin.py:190} INFO - [2024-11-18T16:39:15.260+0000] {dagbag.py:588} INFO - Filling up the DagBag from /home/airflow/.local/lib/python3.12/site-packages/airflow/example_dags/example_sla_dag.py
[2024-11-18T16:39:15.276+0000] {processor.py:925} INFO - DAG(s) 'example_sla_dag' retrieved from /home/airflow/.local/lib/python3.12/site-packages/airflow/example_dags/example_sla_dag.py
[2024-11-18T16:39:15.306+0000] {logging_mixin.py:190} INFO - [2024-11-18T16:39:15.305+0000] {dag.py:3239} INFO - Sync 1 DAGs
[2024-11-18T16:39:15.345+0000] {logging_mixin.py:190} INFO - [2024-11-18T16:39:15.345+0000] {dag.py:4180} INFO - Setting next_dagrun for example_sla_dag to 2024-11-18 16:36:00+00:00, run_after=2024-11-18 16:38:00+00:00
[2024-11-18T16:39:15.385+0000] {processor.py:208} INFO - Processing /home/airflow/.local/lib/python3.12/site-packages/airflow/example_dags/example_sla_dag.py took 0.147 seconds
[2024-11-18T16:39:46.485+0000] {processor.py:186} INFO - Started process (PID=167) to work on /home/airflow/.local/lib/python3.12/site-packages/airflow/example_dags/example_sla_dag.py
[2024-11-18T16:39:46.487+0000] {processor.py:914} INFO - Processing file /home/airflow/.local/lib/python3.12/site-packages/airflow/example_dags/example_sla_dag.py for tasks to queue
[2024-11-18T16:39:46.492+0000] {logging_mixin.py:190} INFO - [2024-11-18T16:39:46.491+0000] {dagbag.py:588} INFO - Filling up the DagBag from /home/airflow/.local/lib/python3.12/site-packages/airflow/example_dags/example_sla_dag.py
[2024-11-18T16:39:46.517+0000] {processor.py:925} INFO - DAG(s) 'example_sla_dag' retrieved from /home/airflow/.local/lib/python3.12/site-packages/airflow/example_dags/example_sla_dag.py
[2024-11-18T16:39:46.549+0000] {logging_mixin.py:190} INFO - [2024-11-18T16:39:46.549+0000] {dag.py:3239} INFO - Sync 1 DAGs
[2024-11-18T16:39:46.588+0000] {logging_mixin.py:190} INFO - [2024-11-18T16:39:46.587+0000] {dag.py:4180} INFO - Setting next_dagrun for example_sla_dag to 2024-11-18 16:36:00+00:00, run_after=2024-11-18 16:38:00+00:00
[2024-11-18T16:39:46.615+0000] {processor.py:208} INFO - Processing /home/airflow/.local/lib/python3.12/site-packages/airflow/example_dags/example_sla_dag.py took 0.138 seconds
[2024-11-18T16:40:17.308+0000] {processor.py:186} INFO - Started process (PID=229) to work on /home/airflow/.local/lib/python3.12/site-packages/airflow/example_dags/example_sla_dag.py
[2024-11-18T16:40:17.312+0000] {processor.py:914} INFO - Processing file /home/airflow/.local/lib/python3.12/site-packages/airflow/example_dags/example_sla_dag.py for tasks to queue
[2024-11-18T16:40:17.316+0000] {logging_mixin.py:190} INFO - [2024-11-18T16:40:17.315+0000] {dagbag.py:588} INFO - Filling up the DagBag from /home/airflow/.local/lib/python3.12/site-packages/airflow/example_dags/example_sla_dag.py
[2024-11-18T16:40:17.332+0000] {processor.py:925} INFO - DAG(s) 'example_sla_dag' retrieved from /home/airflow/.local/lib/python3.12/site-packages/airflow/example_dags/example_sla_dag.py
[2024-11-18T16:40:17.357+0000] {logging_mixin.py:190} INFO - [2024-11-18T16:40:17.357+0000] {dag.py:3239} INFO - Sync 1 DAGs
[2024-11-18T16:40:17.391+0000] {logging_mixin.py:190} INFO - [2024-11-18T16:40:17.391+0000] {dag.py:4180} INFO - Setting next_dagrun for example_sla_dag to 2024-11-18 16:38:00+00:00, run_after=2024-11-18 16:40:00+00:00
[2024-11-18T16:40:17.431+0000] {processor.py:208} INFO - Processing /home/airflow/.local/lib/python3.12/site-packages/airflow/example_dags/example_sla_dag.py took 0.131 seconds
[2024-11-18T16:40:47.614+0000] {processor.py:186} INFO - Started process (PID=292) to work on /home/airflow/.local/lib/python3.12/site-packages/airflow/example_dags/example_sla_dag.py
[2024-11-18T16:40:47.616+0000] {processor.py:914} INFO - Processing file /home/airflow/.local/lib/python3.12/site-packages/airflow/example_dags/example_sla_dag.py for tasks to queue
[2024-11-18T16:40:47.620+0000] {logging_mixin.py:190} INFO - [2024-11-18T16:40:47.619+0000] {dagbag.py:588} INFO - Filling up the DagBag from /home/airflow/.local/lib/python3.12/site-packages/airflow/example_dags/example_sla_dag.py
[2024-11-18T16:40:47.635+0000] {processor.py:925} INFO - DAG(s) 'example_sla_dag' retrieved from /home/airflow/.local/lib/python3.12/site-packages/airflow/example_dags/example_sla_dag.py
[2024-11-18T16:40:47.663+0000] {logging_mixin.py:190} INFO - [2024-11-18T16:40:47.663+0000] {dag.py:3239} INFO - Sync 1 DAGs
[2024-11-18T16:40:47.693+0000] {logging_mixin.py:190} INFO - [2024-11-18T16:40:47.692+0000] {dag.py:4180} INFO - Setting next_dagrun for example_sla_dag to 2024-11-18 16:38:00+00:00, run_after=2024-11-18 16:40:00+00:00
[2024-11-18T16:40:47.715+0000] {processor.py:208} INFO - Processing /home/airflow/.local/lib/python3.12/site-packages/airflow/example_dags/example_sla_dag.py took 0.109 seconds
[2024-11-18T16:41:18.127+0000] {processor.py:186} INFO - Started process (PID=355) to work on /home/airflow/.local/lib/python3.12/site-packages/airflow/example_dags/example_sla_dag.py
[2024-11-18T16:41:18.131+0000] {processor.py:914} INFO - Processing file /home/airflow/.local/lib/python3.12/site-packages/airflow/example_dags/example_sla_dag.py for tasks to queue
[2024-11-18T16:41:18.135+0000] {logging_mixin.py:190} INFO - [2024-11-18T16:41:18.135+0000] {dagbag.py:588} INFO - Filling up the DagBag from /home/airflow/.local/lib/python3.12/site-packages/airflow/example_dags/example_sla_dag.py
[2024-11-18T16:41:18.152+0000] {processor.py:925} INFO - DAG(s) 'example_sla_dag' retrieved from /home/airflow/.local/lib/python3.12/site-packages/airflow/example_dags/example_sla_dag.py
[2024-11-18T16:41:18.176+0000] {logging_mixin.py:190} INFO - [2024-11-18T16:41:18.175+0000] {dag.py:3239} INFO - Sync 1 DAGs
[2024-11-18T16:41:18.205+0000] {logging_mixin.py:190} INFO - [2024-11-18T16:41:18.205+0000] {dag.py:4180} INFO - Setting next_dagrun for example_sla_dag to 2024-11-18 16:38:00+00:00, run_after=2024-11-18 16:40:00+00:00
[2024-11-18T16:41:18.225+0000] {processor.py:208} INFO - Processing /home/airflow/.local/lib/python3.12/site-packages/airflow/example_dags/example_sla_dag.py took 0.106 seconds
[2024-11-18T16:41:49.137+0000] {processor.py:186} INFO - Started process (PID=418) to work on /home/airflow/.local/lib/python3.12/site-packages/airflow/example_dags/example_sla_dag.py
[2024-11-18T16:41:49.138+0000] {processor.py:914} INFO - Processing file /home/airflow/.local/lib/python3.12/site-packages/airflow/example_dags/example_sla_dag.py for tasks to queue
[2024-11-18T16:41:49.142+0000] {logging_mixin.py:190} INFO - [2024-11-18T16:41:49.142+0000] {dagbag.py:588} INFO - Filling up the DagBag from /home/airflow/.local/lib/python3.12/site-packages/airflow/example_dags/example_sla_dag.py
[2024-11-18T16:41:49.155+0000] {processor.py:925} INFO - DAG(s) 'example_sla_dag' retrieved from /home/airflow/.local/lib/python3.12/site-packages/airflow/example_dags/example_sla_dag.py
[2024-11-18T16:41:49.180+0000] {logging_mixin.py:190} INFO - [2024-11-18T16:41:49.179+0000] {dag.py:3239} INFO - Sync 1 DAGs
[2024-11-18T16:41:49.209+0000] {logging_mixin.py:190} INFO - [2024-11-18T16:41:49.208+0000] {dag.py:4180} INFO - Setting next_dagrun for example_sla_dag to 2024-11-18 16:38:00+00:00, run_after=2024-11-18 16:40:00+00:00
[2024-11-18T16:41:49.230+0000] {processor.py:208} INFO - Processing /home/airflow/.local/lib/python3.12/site-packages/airflow/example_dags/example_sla_dag.py took 0.100 seconds
[2024-11-18T16:42:19.570+0000] {processor.py:186} INFO - Started process (PID=481) to work on /home/airflow/.local/lib/python3.12/site-packages/airflow/example_dags/example_sla_dag.py
[2024-11-18T16:42:19.571+0000] {processor.py:914} INFO - Processing file /home/airflow/.local/lib/python3.12/site-packages/airflow/example_dags/example_sla_dag.py for tasks to queue
[2024-11-18T16:42:19.574+0000] {logging_mixin.py:190} INFO - [2024-11-18T16:42:19.574+0000] {dagbag.py:588} INFO - Filling up the DagBag from /home/airflow/.local/lib/python3.12/site-packages/airflow/example_dags/example_sla_dag.py
[2024-11-18T16:42:19.587+0000] {processor.py:925} INFO - DAG(s) 'example_sla_dag' retrieved from /home/airflow/.local/lib/python3.12/site-packages/airflow/example_dags/example_sla_dag.py
[2024-11-18T16:42:19.611+0000] {logging_mixin.py:190} INFO - [2024-11-18T16:42:19.611+0000] {dag.py:3239} INFO - Sync 1 DAGs
[2024-11-18T16:42:19.645+0000] {logging_mixin.py:190} INFO - [2024-11-18T16:42:19.644+0000] {dag.py:4180} INFO - Setting next_dagrun for example_sla_dag to 2024-11-18 16:40:00+00:00, run_after=2024-11-18 16:42:00+00:00
[2024-11-18T16:42:19.668+0000] {processor.py:208} INFO - Processing /home/airflow/.local/lib/python3.12/site-packages/airflow/example_dags/example_sla_dag.py took 0.105 seconds
[2024-11-18T16:42:50.201+0000] {processor.py:186} INFO - Started process (PID=543) to work on /home/airflow/.local/lib/python3.12/site-packages/airflow/example_dags/example_sla_dag.py
[2024-11-18T16:42:50.202+0000] {processor.py:914} INFO - Processing file /home/airflow/.local/lib/python3.12/site-packages/airflow/example_dags/example_sla_dag.py for tasks to queue
[2024-11-18T16:42:50.207+0000] {logging_mixin.py:190} INFO - [2024-11-18T16:42:50.207+0000] {dagbag.py:588} INFO - Filling up the DagBag from /home/airflow/.local/lib/python3.12/site-packages/airflow/example_dags/example_sla_dag.py
[2024-11-18T16:42:50.221+0000] {processor.py:925} INFO - DAG(s) 'example_sla_dag' retrieved from /home/airflow/.local/lib/python3.12/site-packages/airflow/example_dags/example_sla_dag.py
[2024-11-18T16:42:50.247+0000] {logging_mixin.py:190} INFO - [2024-11-18T16:42:50.247+0000] {dag.py:3239} INFO - Sync 1 DAGs
[2024-11-18T16:42:50.281+0000] {logging_mixin.py:190} INFO - [2024-11-18T16:42:50.281+0000] {dag.py:4180} INFO - Setting next_dagrun for example_sla_dag to 2024-11-18 16:40:00+00:00, run_after=2024-11-18 16:42:00+00:00
[2024-11-18T16:42:50.304+0000] {processor.py:208} INFO - Processing /home/airflow/.local/lib/python3.12/site-packages/airflow/example_dags/example_sla_dag.py took 0.111 seconds
[2024-11-18T16:43:20.413+0000] {processor.py:186} INFO - Started process (PID=606) to work on /home/airflow/.local/lib/python3.12/site-packages/airflow/example_dags/example_sla_dag.py
[2024-11-18T16:43:20.417+0000] {processor.py:914} INFO - Processing file /home/airflow/.local/lib/python3.12/site-packages/airflow/example_dags/example_sla_dag.py for tasks to queue
[2024-11-18T16:43:20.419+0000] {logging_mixin.py:190} INFO - [2024-11-18T16:43:20.419+0000] {dagbag.py:588} INFO - Filling up the DagBag from /home/airflow/.local/lib/python3.12/site-packages/airflow/example_dags/example_sla_dag.py
[2024-11-18T16:43:20.433+0000] {processor.py:925} INFO - DAG(s) 'example_sla_dag' retrieved from /home/airflow/.local/lib/python3.12/site-packages/airflow/example_dags/example_sla_dag.py
[2024-11-18T16:43:20.463+0000] {logging_mixin.py:190} INFO - [2024-11-18T16:43:20.463+0000] {dag.py:3239} INFO - Sync 1 DAGs
[2024-11-18T16:43:20.493+0000] {logging_mixin.py:190} INFO - [2024-11-18T16:43:20.493+0000] {dag.py:4180} INFO - Setting next_dagrun for example_sla_dag to 2024-11-18 16:40:00+00:00, run_after=2024-11-18 16:42:00+00:00
[2024-11-18T16:43:20.515+0000] {processor.py:208} INFO - Processing /home/airflow/.local/lib/python3.12/site-packages/airflow/example_dags/example_sla_dag.py took 0.116 seconds
[2024-11-18T16:43:50.742+0000] {processor.py:186} INFO - Started process (PID=669) to work on /home/airflow/.local/lib/python3.12/site-packages/airflow/example_dags/example_sla_dag.py
[2024-11-18T16:43:50.744+0000] {processor.py:914} INFO - Processing file /home/airflow/.local/lib/python3.12/site-packages/airflow/example_dags/example_sla_dag.py for tasks to queue
[2024-11-18T16:43:50.750+0000] {logging_mixin.py:190} INFO - [2024-11-18T16:43:50.750+0000] {dagbag.py:588} INFO - Filling up the DagBag from /home/airflow/.local/lib/python3.12/site-packages/airflow/example_dags/example_sla_dag.py
[2024-11-18T16:43:50.773+0000] {processor.py:925} INFO - DAG(s) 'example_sla_dag' retrieved from /home/airflow/.local/lib/python3.12/site-packages/airflow/example_dags/example_sla_dag.py
[2024-11-18T16:43:50.803+0000] {logging_mixin.py:190} INFO - [2024-11-18T16:43:50.802+0000] {dag.py:3239} INFO - Sync 1 DAGs
[2024-11-18T16:43:50.843+0000] {logging_mixin.py:190} INFO - [2024-11-18T16:43:50.843+0000] {dag.py:4180} INFO - Setting next_dagrun for example_sla_dag to 2024-11-18 16:40:00+00:00, run_after=2024-11-18 16:42:00+00:00
[2024-11-18T16:43:50.863+0000] {processor.py:208} INFO - Processing /home/airflow/.local/lib/python3.12/site-packages/airflow/example_dags/example_sla_dag.py took 0.132 seconds
[2024-11-18T16:44:21.045+0000] {processor.py:186} INFO - Started process (PID=732) to work on /home/airflow/.local/lib/python3.12/site-packages/airflow/example_dags/example_sla_dag.py
[2024-11-18T16:44:21.046+0000] {processor.py:914} INFO - Processing file /home/airflow/.local/lib/python3.12/site-packages/airflow/example_dags/example_sla_dag.py for tasks to queue
[2024-11-18T16:44:21.049+0000] {logging_mixin.py:190} INFO - [2024-11-18T16:44:21.049+0000] {dagbag.py:588} INFO - Filling up the DagBag from /home/airflow/.local/lib/python3.12/site-packages/airflow/example_dags/example_sla_dag.py
[2024-11-18T16:44:21.064+0000] {processor.py:925} INFO - DAG(s) 'example_sla_dag' retrieved from /home/airflow/.local/lib/python3.12/site-packages/airflow/example_dags/example_sla_dag.py
[2024-11-18T16:44:21.090+0000] {logging_mixin.py:190} INFO - [2024-11-18T16:44:21.089+0000] {dag.py:3239} INFO - Sync 1 DAGs
[2024-11-18T16:44:21.123+0000] {logging_mixin.py:190} INFO - [2024-11-18T16:44:21.123+0000] {dag.py:4180} INFO - Setting next_dagrun for example_sla_dag to 2024-11-18 16:42:00+00:00, run_after=2024-11-18 16:44:00+00:00
[2024-11-18T16:44:21.146+0000] {processor.py:208} INFO - Processing /home/airflow/.local/lib/python3.12/site-packages/airflow/example_dags/example_sla_dag.py took 0.110 seconds
[2024-11-18T16:44:51.544+0000] {processor.py:186} INFO - Started process (PID=794) to work on /home/airflow/.local/lib/python3.12/site-packages/airflow/example_dags/example_sla_dag.py
[2024-11-18T16:44:51.545+0000] {processor.py:914} INFO - Processing file /home/airflow/.local/lib/python3.12/site-packages/airflow/example_dags/example_sla_dag.py for tasks to queue
[2024-11-18T16:44:51.547+0000] {logging_mixin.py:190} INFO - [2024-11-18T16:44:51.547+0000] {dagbag.py:588} INFO - Filling up the DagBag from /home/airflow/.local/lib/python3.12/site-packages/airflow/example_dags/example_sla_dag.py
[2024-11-18T16:44:51.563+0000] {processor.py:925} INFO - DAG(s) 'example_sla_dag' retrieved from /home/airflow/.local/lib/python3.12/site-packages/airflow/example_dags/example_sla_dag.py
[2024-11-18T16:44:51.588+0000] {logging_mixin.py:190} INFO - [2024-11-18T16:44:51.587+0000] {dag.py:3239} INFO - Sync 1 DAGs
[2024-11-18T16:44:51.618+0000] {logging_mixin.py:190} INFO - [2024-11-18T16:44:51.618+0000] {dag.py:4180} INFO - Setting next_dagrun for example_sla_dag to 2024-11-18 16:42:00+00:00, run_after=2024-11-18 16:44:00+00:00
[2024-11-18T16:44:51.638+0000] {processor.py:208} INFO - Processing /home/airflow/.local/lib/python3.12/site-packages/airflow/example_dags/example_sla_dag.py took 0.101 seconds
[2024-11-18T16:45:22.168+0000] {processor.py:186} INFO - Started process (PID=857) to work on /home/airflow/.local/lib/python3.12/site-packages/airflow/example_dags/example_sla_dag.py
[2024-11-18T16:45:22.169+0000] {processor.py:914} INFO - Processing file /home/airflow/.local/lib/python3.12/site-packages/airflow/example_dags/example_sla_dag.py for tasks to queue
[2024-11-18T16:45:22.172+0000] {logging_mixin.py:190} INFO - [2024-11-18T16:45:22.172+0000] {dagbag.py:588} INFO - Filling up the DagBag from /home/airflow/.local/lib/python3.12/site-packages/airflow/example_dags/example_sla_dag.py
[2024-11-18T16:45:22.185+0000] {processor.py:925} INFO - DAG(s) 'example_sla_dag' retrieved from /home/airflow/.local/lib/python3.12/site-packages/airflow/example_dags/example_sla_dag.py
[2024-11-18T16:45:22.212+0000] {logging_mixin.py:190} INFO - [2024-11-18T16:45:22.211+0000] {dag.py:3239} INFO - Sync 1 DAGs
[2024-11-18T16:45:22.241+0000] {logging_mixin.py:190} INFO - [2024-11-18T16:45:22.241+0000] {dag.py:4180} INFO - Setting next_dagrun for example_sla_dag to 2024-11-18 16:42:00+00:00, run_after=2024-11-18 16:44:00+00:00
[2024-11-18T16:45:22.262+0000] {processor.py:208} INFO - Processing /home/airflow/.local/lib/python3.12/site-packages/airflow/example_dags/example_sla_dag.py took 0.102 seconds
[2024-11-18T16:45:52.510+0000] {processor.py:186} INFO - Started process (PID=919) to work on /home/airflow/.local/lib/python3.12/site-packages/airflow/example_dags/example_sla_dag.py
[2024-11-18T16:45:52.512+0000] {processor.py:914} INFO - Processing file /home/airflow/.local/lib/python3.12/site-packages/airflow/example_dags/example_sla_dag.py for tasks to queue
[2024-11-18T16:45:52.516+0000] {logging_mixin.py:190} INFO - [2024-11-18T16:45:52.516+0000] {dagbag.py:588} INFO - Filling up the DagBag from /home/airflow/.local/lib/python3.12/site-packages/airflow/example_dags/example_sla_dag.py
[2024-11-18T16:45:52.531+0000] {processor.py:925} INFO - DAG(s) 'example_sla_dag' retrieved from /home/airflow/.local/lib/python3.12/site-packages/airflow/example_dags/example_sla_dag.py
[2024-11-18T16:45:52.559+0000] {logging_mixin.py:190} INFO - [2024-11-18T16:45:52.558+0000] {dag.py:3239} INFO - Sync 1 DAGs
[2024-11-18T16:45:52.593+0000] {logging_mixin.py:190} INFO - [2024-11-18T16:45:52.592+0000] {dag.py:4180} INFO - Setting next_dagrun for example_sla_dag to 2024-11-18 16:42:00+00:00, run_after=2024-11-18 16:44:00+00:00
[2024-11-18T16:45:52.616+0000] {processor.py:208} INFO - Processing /home/airflow/.local/lib/python3.12/site-packages/airflow/example_dags/example_sla_dag.py took 0.122 seconds
[2024-11-18T16:46:22.671+0000] {processor.py:186} INFO - Started process (PID=981) to work on /home/airflow/.local/lib/python3.12/site-packages/airflow/example_dags/example_sla_dag.py
[2024-11-18T16:46:22.672+0000] {processor.py:914} INFO - Processing file /home/airflow/.local/lib/python3.12/site-packages/airflow/example_dags/example_sla_dag.py for tasks to queue
[2024-11-18T16:46:22.675+0000] {logging_mixin.py:190} INFO - [2024-11-18T16:46:22.675+0000] {dagbag.py:588} INFO - Filling up the DagBag from /home/airflow/.local/lib/python3.12/site-packages/airflow/example_dags/example_sla_dag.py
[2024-11-18T16:46:22.689+0000] {processor.py:925} INFO - DAG(s) 'example_sla_dag' retrieved from /home/airflow/.local/lib/python3.12/site-packages/airflow/example_dags/example_sla_dag.py
[2024-11-18T16:46:22.711+0000] {logging_mixin.py:190} INFO - [2024-11-18T16:46:22.711+0000] {dag.py:3239} INFO - Sync 1 DAGs
[2024-11-18T16:46:22.739+0000] {logging_mixin.py:190} INFO - [2024-11-18T16:46:22.738+0000] {dag.py:4180} INFO - Setting next_dagrun for example_sla_dag to 2024-11-18 16:44:00+00:00, run_after=2024-11-18 16:46:00+00:00
[2024-11-18T16:46:22.758+0000] {processor.py:208} INFO - Processing /home/airflow/.local/lib/python3.12/site-packages/airflow/example_dags/example_sla_dag.py took 0.098 seconds
[2024-11-18T16:46:52.888+0000] {processor.py:186} INFO - Started process (PID=1044) to work on /home/airflow/.local/lib/python3.12/site-packages/airflow/example_dags/example_sla_dag.py
[2024-11-18T16:46:52.889+0000] {processor.py:914} INFO - Processing file /home/airflow/.local/lib/python3.12/site-packages/airflow/example_dags/example_sla_dag.py for tasks to queue
[2024-11-18T16:46:52.892+0000] {logging_mixin.py:190} INFO - [2024-11-18T16:46:52.892+0000] {dagbag.py:588} INFO - Filling up the DagBag from /home/airflow/.local/lib/python3.12/site-packages/airflow/example_dags/example_sla_dag.py
[2024-11-18T16:46:52.905+0000] {processor.py:925} INFO - DAG(s) 'example_sla_dag' retrieved from /home/airflow/.local/lib/python3.12/site-packages/airflow/example_dags/example_sla_dag.py
[2024-11-18T16:46:52.925+0000] {logging_mixin.py:190} INFO - [2024-11-18T16:46:52.925+0000] {dag.py:3239} INFO - Sync 1 DAGs
[2024-11-18T16:46:52.954+0000] {logging_mixin.py:190} INFO - [2024-11-18T16:46:52.954+0000] {dag.py:4180} INFO - Setting next_dagrun for example_sla_dag to 2024-11-18 16:44:00+00:00, run_after=2024-11-18 16:46:00+00:00
[2024-11-18T16:46:52.974+0000] {processor.py:208} INFO - Processing /home/airflow/.local/lib/python3.12/site-packages/airflow/example_dags/example_sla_dag.py took 0.094 seconds
[2024-11-18T16:47:23.045+0000] {processor.py:186} INFO - Started process (PID=1107) to work on /home/airflow/.local/lib/python3.12/site-packages/airflow/example_dags/example_sla_dag.py
[2024-11-18T16:47:23.046+0000] {processor.py:914} INFO - Processing file /home/airflow/.local/lib/python3.12/site-packages/airflow/example_dags/example_sla_dag.py for tasks to queue
[2024-11-18T16:47:23.049+0000] {logging_mixin.py:190} INFO - [2024-11-18T16:47:23.049+0000] {dagbag.py:588} INFO - Filling up the DagBag from /home/airflow/.local/lib/python3.12/site-packages/airflow/example_dags/example_sla_dag.py
[2024-11-18T16:47:23.061+0000] {processor.py:925} INFO - DAG(s) 'example_sla_dag' retrieved from /home/airflow/.local/lib/python3.12/site-packages/airflow/example_dags/example_sla_dag.py
[2024-11-18T16:47:23.085+0000] {logging_mixin.py:190} INFO - [2024-11-18T16:47:23.084+0000] {dag.py:3239} INFO - Sync 1 DAGs
[2024-11-18T16:47:23.113+0000] {logging_mixin.py:190} INFO - [2024-11-18T16:47:23.113+0000] {dag.py:4180} INFO - Setting next_dagrun for example_sla_dag to 2024-11-18 16:44:00+00:00, run_after=2024-11-18 16:46:00+00:00
[2024-11-18T16:47:23.134+0000] {processor.py:208} INFO - Processing /home/airflow/.local/lib/python3.12/site-packages/airflow/example_dags/example_sla_dag.py took 0.096 seconds
[2024-11-18T16:47:54.058+0000] {processor.py:186} INFO - Started process (PID=1171) to work on /home/airflow/.local/lib/python3.12/site-packages/airflow/example_dags/example_sla_dag.py
[2024-11-18T16:47:54.060+0000] {processor.py:914} INFO - Processing file /home/airflow/.local/lib/python3.12/site-packages/airflow/example_dags/example_sla_dag.py for tasks to queue
[2024-11-18T16:47:54.062+0000] {logging_mixin.py:190} INFO - [2024-11-18T16:47:54.062+0000] {dagbag.py:588} INFO - Filling up the DagBag from /home/airflow/.local/lib/python3.12/site-packages/airflow/example_dags/example_sla_dag.py
[2024-11-18T16:47:54.075+0000] {processor.py:925} INFO - DAG(s) 'example_sla_dag' retrieved from /home/airflow/.local/lib/python3.12/site-packages/airflow/example_dags/example_sla_dag.py
[2024-11-18T16:47:54.104+0000] {logging_mixin.py:190} INFO - [2024-11-18T16:47:54.104+0000] {dag.py:3239} INFO - Sync 1 DAGs
[2024-11-18T16:47:54.136+0000] {logging_mixin.py:190} INFO - [2024-11-18T16:47:54.136+0000] {dag.py:4180} INFO - Setting next_dagrun for example_sla_dag to 2024-11-18 16:44:00+00:00, run_after=2024-11-18 16:46:00+00:00
[2024-11-18T16:47:54.161+0000] {processor.py:208} INFO - Processing /home/airflow/.local/lib/python3.12/site-packages/airflow/example_dags/example_sla_dag.py took 0.110 seconds
[2024-11-18T16:48:24.920+0000] {processor.py:186} INFO - Started process (PID=1234) to work on /home/airflow/.local/lib/python3.12/site-packages/airflow/example_dags/example_sla_dag.py
[2024-11-18T16:48:24.923+0000] {processor.py:914} INFO - Processing file /home/airflow/.local/lib/python3.12/site-packages/airflow/example_dags/example_sla_dag.py for tasks to queue
[2024-11-18T16:48:24.926+0000] {logging_mixin.py:190} INFO - [2024-11-18T16:48:24.925+0000] {dagbag.py:588} INFO - Filling up the DagBag from /home/airflow/.local/lib/python3.12/site-packages/airflow/example_dags/example_sla_dag.py
[2024-11-18T16:48:24.938+0000] {processor.py:925} INFO - DAG(s) 'example_sla_dag' retrieved from /home/airflow/.local/lib/python3.12/site-packages/airflow/example_dags/example_sla_dag.py
[2024-11-18T16:48:24.961+0000] {logging_mixin.py:190} INFO - [2024-11-18T16:48:24.961+0000] {dag.py:3239} INFO - Sync 1 DAGs
[2024-11-18T16:48:24.993+0000] {logging_mixin.py:190} INFO - [2024-11-18T16:48:24.993+0000] {dag.py:4180} INFO - Setting next_dagrun for example_sla_dag to 2024-11-18 16:46:00+00:00, run_after=2024-11-18 16:48:00+00:00
[2024-11-18T16:48:25.015+0000] {processor.py:208} INFO - Processing /home/airflow/.local/lib/python3.12/site-packages/airflow/example_dags/example_sla_dag.py took 0.132 seconds
[2024-11-18T16:48:55.206+0000] {processor.py:186} INFO - Started process (PID=1297) to work on /home/airflow/.local/lib/python3.12/site-packages/airflow/example_dags/example_sla_dag.py
[2024-11-18T16:48:55.208+0000] {processor.py:914} INFO - Processing file /home/airflow/.local/lib/python3.12/site-packages/airflow/example_dags/example_sla_dag.py for tasks to queue
[2024-11-18T16:48:55.210+0000] {logging_mixin.py:190} INFO - [2024-11-18T16:48:55.210+0000] {dagbag.py:588} INFO - Filling up the DagBag from /home/airflow/.local/lib/python3.12/site-packages/airflow/example_dags/example_sla_dag.py
[2024-11-18T16:48:55.225+0000] {processor.py:925} INFO - DAG(s) 'example_sla_dag' retrieved from /home/airflow/.local/lib/python3.12/site-packages/airflow/example_dags/example_sla_dag.py
[2024-11-18T16:48:55.251+0000] {logging_mixin.py:190} INFO - [2024-11-18T16:48:55.251+0000] {dag.py:3239} INFO - Sync 1 DAGs
[2024-11-18T16:48:55.283+0000] {logging_mixin.py:190} INFO - [2024-11-18T16:48:55.283+0000] {dag.py:4180} INFO - Setting next_dagrun for example_sla_dag to 2024-11-18 16:46:00+00:00, run_after=2024-11-18 16:48:00+00:00
[2024-11-18T16:48:55.308+0000] {processor.py:208} INFO - Processing /home/airflow/.local/lib/python3.12/site-packages/airflow/example_dags/example_sla_dag.py took 0.110 seconds
[2024-11-18T16:49:25.892+0000] {processor.py:186} INFO - Started process (PID=1360) to work on /home/airflow/.local/lib/python3.12/site-packages/airflow/example_dags/example_sla_dag.py
[2024-11-18T16:49:25.893+0000] {processor.py:914} INFO - Processing file /home/airflow/.local/lib/python3.12/site-packages/airflow/example_dags/example_sla_dag.py for tasks to queue
[2024-11-18T16:49:25.896+0000] {logging_mixin.py:190} INFO - [2024-11-18T16:49:25.896+0000] {dagbag.py:588} INFO - Filling up the DagBag from /home/airflow/.local/lib/python3.12/site-packages/airflow/example_dags/example_sla_dag.py
[2024-11-18T16:49:25.909+0000] {processor.py:925} INFO - DAG(s) 'example_sla_dag' retrieved from /home/airflow/.local/lib/python3.12/site-packages/airflow/example_dags/example_sla_dag.py
[2024-11-18T16:49:25.935+0000] {logging_mixin.py:190} INFO - [2024-11-18T16:49:25.935+0000] {dag.py:3239} INFO - Sync 1 DAGs
[2024-11-18T16:49:25.966+0000] {logging_mixin.py:190} INFO - [2024-11-18T16:49:25.966+0000] {dag.py:4180} INFO - Setting next_dagrun for example_sla_dag to 2024-11-18 16:46:00+00:00, run_after=2024-11-18 16:48:00+00:00
[2024-11-18T16:49:25.988+0000] {processor.py:208} INFO - Processing /home/airflow/.local/lib/python3.12/site-packages/airflow/example_dags/example_sla_dag.py took 0.104 seconds
[2024-11-18T16:49:56.139+0000] {processor.py:186} INFO - Started process (PID=1423) to work on /home/airflow/.local/lib/python3.12/site-packages/airflow/example_dags/example_sla_dag.py
[2024-11-18T16:49:56.140+0000] {processor.py:914} INFO - Processing file /home/airflow/.local/lib/python3.12/site-packages/airflow/example_dags/example_sla_dag.py for tasks to queue
[2024-11-18T16:49:56.142+0000] {logging_mixin.py:190} INFO - [2024-11-18T16:49:56.142+0000] {dagbag.py:588} INFO - Filling up the DagBag from /home/airflow/.local/lib/python3.12/site-packages/airflow/example_dags/example_sla_dag.py
[2024-11-18T16:49:56.155+0000] {processor.py:925} INFO - DAG(s) 'example_sla_dag' retrieved from /home/airflow/.local/lib/python3.12/site-packages/airflow/example_dags/example_sla_dag.py
[2024-11-18T16:49:56.179+0000] {logging_mixin.py:190} INFO - [2024-11-18T16:49:56.179+0000] {dag.py:3239} INFO - Sync 1 DAGs
[2024-11-18T16:49:56.209+0000] {logging_mixin.py:190} INFO - [2024-11-18T16:49:56.209+0000] {dag.py:4180} INFO - Setting next_dagrun for example_sla_dag to 2024-11-18 16:46:00+00:00, run_after=2024-11-18 16:48:00+00:00
[2024-11-18T16:49:56.232+0000] {processor.py:208} INFO - Processing /home/airflow/.local/lib/python3.12/site-packages/airflow/example_dags/example_sla_dag.py took 0.100 seconds
[2024-11-18T16:50:26.435+0000] {processor.py:186} INFO - Started process (PID=1486) to work on /home/airflow/.local/lib/python3.12/site-packages/airflow/example_dags/example_sla_dag.py
[2024-11-18T16:50:26.437+0000] {processor.py:914} INFO - Processing file /home/airflow/.local/lib/python3.12/site-packages/airflow/example_dags/example_sla_dag.py for tasks to queue
[2024-11-18T16:50:26.442+0000] {logging_mixin.py:190} INFO - [2024-11-18T16:50:26.441+0000] {dagbag.py:588} INFO - Filling up the DagBag from /home/airflow/.local/lib/python3.12/site-packages/airflow/example_dags/example_sla_dag.py
[2024-11-18T16:50:26.457+0000] {processor.py:925} INFO - DAG(s) 'example_sla_dag' retrieved from /home/airflow/.local/lib/python3.12/site-packages/airflow/example_dags/example_sla_dag.py
[2024-11-18T16:50:26.483+0000] {logging_mixin.py:190} INFO - [2024-11-18T16:50:26.482+0000] {dag.py:3239} INFO - Sync 1 DAGs
[2024-11-18T16:50:26.512+0000] {logging_mixin.py:190} INFO - [2024-11-18T16:50:26.512+0000] {dag.py:4180} INFO - Setting next_dagrun for example_sla_dag to 2024-11-18 16:48:00+00:00, run_after=2024-11-18 16:50:00+00:00
[2024-11-18T16:50:26.532+0000] {processor.py:208} INFO - Processing /home/airflow/.local/lib/python3.12/site-packages/airflow/example_dags/example_sla_dag.py took 0.110 seconds
[2024-11-18T16:50:57.218+0000] {processor.py:186} INFO - Started process (PID=1549) to work on /home/airflow/.local/lib/python3.12/site-packages/airflow/example_dags/example_sla_dag.py
[2024-11-18T16:50:57.219+0000] {processor.py:914} INFO - Processing file /home/airflow/.local/lib/python3.12/site-packages/airflow/example_dags/example_sla_dag.py for tasks to queue
[2024-11-18T16:50:57.223+0000] {logging_mixin.py:190} INFO - [2024-11-18T16:50:57.222+0000] {dagbag.py:588} INFO - Filling up the DagBag from /home/airflow/.local/lib/python3.12/site-packages/airflow/example_dags/example_sla_dag.py
[2024-11-18T16:50:57.238+0000] {processor.py:925} INFO - DAG(s) 'example_sla_dag' retrieved from /home/airflow/.local/lib/python3.12/site-packages/airflow/example_dags/example_sla_dag.py
[2024-11-18T16:50:57.275+0000] {logging_mixin.py:190} INFO - [2024-11-18T16:50:57.275+0000] {dag.py:3239} INFO - Sync 1 DAGs
[2024-11-18T16:50:57.311+0000] {logging_mixin.py:190} INFO - [2024-11-18T16:50:57.311+0000] {dag.py:4180} INFO - Setting next_dagrun for example_sla_dag to 2024-11-18 16:48:00+00:00, run_after=2024-11-18 16:50:00+00:00
[2024-11-18T16:50:57.333+0000] {processor.py:208} INFO - Processing /home/airflow/.local/lib/python3.12/site-packages/airflow/example_dags/example_sla_dag.py took 0.124 seconds
[2024-11-18T16:51:27.862+0000] {processor.py:186} INFO - Started process (PID=1612) to work on /home/airflow/.local/lib/python3.12/site-packages/airflow/example_dags/example_sla_dag.py
[2024-11-18T16:51:27.864+0000] {processor.py:914} INFO - Processing file /home/airflow/.local/lib/python3.12/site-packages/airflow/example_dags/example_sla_dag.py for tasks to queue
[2024-11-18T16:51:27.866+0000] {logging_mixin.py:190} INFO - [2024-11-18T16:51:27.866+0000] {dagbag.py:588} INFO - Filling up the DagBag from /home/airflow/.local/lib/python3.12/site-packages/airflow/example_dags/example_sla_dag.py
[2024-11-18T16:51:27.880+0000] {processor.py:925} INFO - DAG(s) 'example_sla_dag' retrieved from /home/airflow/.local/lib/python3.12/site-packages/airflow/example_dags/example_sla_dag.py
[2024-11-18T16:51:27.913+0000] {logging_mixin.py:190} INFO - [2024-11-18T16:51:27.912+0000] {dag.py:3239} INFO - Sync 1 DAGs
[2024-11-18T16:51:28.004+0000] {logging_mixin.py:190} INFO - [2024-11-18T16:51:28.003+0000] {dag.py:4180} INFO - Setting next_dagrun for example_sla_dag to 2024-11-18 16:48:00+00:00, run_after=2024-11-18 16:50:00+00:00
[2024-11-18T16:51:28.027+0000] {processor.py:208} INFO - Processing /home/airflow/.local/lib/python3.12/site-packages/airflow/example_dags/example_sla_dag.py took 0.172 seconds
[2024-11-18T16:51:58.165+0000] {processor.py:186} INFO - Started process (PID=1674) to work on /home/airflow/.local/lib/python3.12/site-packages/airflow/example_dags/example_sla_dag.py
[2024-11-18T16:51:58.167+0000] {processor.py:914} INFO - Processing file /home/airflow/.local/lib/python3.12/site-packages/airflow/example_dags/example_sla_dag.py for tasks to queue
[2024-11-18T16:51:58.170+0000] {logging_mixin.py:190} INFO - [2024-11-18T16:51:58.170+0000] {dagbag.py:588} INFO - Filling up the DagBag from /home/airflow/.local/lib/python3.12/site-packages/airflow/example_dags/example_sla_dag.py
[2024-11-18T16:51:58.186+0000] {processor.py:925} INFO - DAG(s) 'example_sla_dag' retrieved from /home/airflow/.local/lib/python3.12/site-packages/airflow/example_dags/example_sla_dag.py
[2024-11-18T16:51:58.216+0000] {logging_mixin.py:190} INFO - [2024-11-18T16:51:58.216+0000] {dag.py:3239} INFO - Sync 1 DAGs
[2024-11-18T16:51:58.251+0000] {logging_mixin.py:190} INFO - [2024-11-18T16:51:58.251+0000] {dag.py:4180} INFO - Setting next_dagrun for example_sla_dag to 2024-11-18 16:48:00+00:00, run_after=2024-11-18 16:50:00+00:00
[2024-11-18T16:51:58.280+0000] {processor.py:208} INFO - Processing /home/airflow/.local/lib/python3.12/site-packages/airflow/example_dags/example_sla_dag.py took 0.122 seconds
[2024-11-18T16:52:28.336+0000] {processor.py:186} INFO - Started process (PID=1736) to work on /home/airflow/.local/lib/python3.12/site-packages/airflow/example_dags/example_sla_dag.py
[2024-11-18T16:52:28.337+0000] {processor.py:914} INFO - Processing file /home/airflow/.local/lib/python3.12/site-packages/airflow/example_dags/example_sla_dag.py for tasks to queue
[2024-11-18T16:52:28.341+0000] {logging_mixin.py:190} INFO - [2024-11-18T16:52:28.340+0000] {dagbag.py:588} INFO - Filling up the DagBag from /home/airflow/.local/lib/python3.12/site-packages/airflow/example_dags/example_sla_dag.py
[2024-11-18T16:52:28.355+0000] {processor.py:925} INFO - DAG(s) 'example_sla_dag' retrieved from /home/airflow/.local/lib/python3.12/site-packages/airflow/example_dags/example_sla_dag.py
[2024-11-18T16:52:28.379+0000] {logging_mixin.py:190} INFO - [2024-11-18T16:52:28.379+0000] {dag.py:3239} INFO - Sync 1 DAGs
[2024-11-18T16:52:28.408+0000] {logging_mixin.py:190} INFO - [2024-11-18T16:52:28.408+0000] {dag.py:4180} INFO - Setting next_dagrun for example_sla_dag to 2024-11-18 16:50:00+00:00, run_after=2024-11-18 16:52:00+00:00
[2024-11-18T16:52:28.430+0000] {processor.py:208} INFO - Processing /home/airflow/.local/lib/python3.12/site-packages/airflow/example_dags/example_sla_dag.py took 0.105 seconds
[2024-11-18T16:52:58.631+0000] {processor.py:186} INFO - Started process (PID=1799) to work on /home/airflow/.local/lib/python3.12/site-packages/airflow/example_dags/example_sla_dag.py
[2024-11-18T16:52:58.633+0000] {processor.py:914} INFO - Processing file /home/airflow/.local/lib/python3.12/site-packages/airflow/example_dags/example_sla_dag.py for tasks to queue
[2024-11-18T16:52:58.639+0000] {logging_mixin.py:190} INFO - [2024-11-18T16:52:58.639+0000] {dagbag.py:588} INFO - Filling up the DagBag from /home/airflow/.local/lib/python3.12/site-packages/airflow/example_dags/example_sla_dag.py
[2024-11-18T16:52:58.657+0000] {processor.py:925} INFO - DAG(s) 'example_sla_dag' retrieved from /home/airflow/.local/lib/python3.12/site-packages/airflow/example_dags/example_sla_dag.py
[2024-11-18T16:52:58.684+0000] {logging_mixin.py:190} INFO - [2024-11-18T16:52:58.684+0000] {dag.py:3239} INFO - Sync 1 DAGs
[2024-11-18T16:52:58.714+0000] {logging_mixin.py:190} INFO - [2024-11-18T16:52:58.714+0000] {dag.py:4180} INFO - Setting next_dagrun for example_sla_dag to 2024-11-18 16:50:00+00:00, run_after=2024-11-18 16:52:00+00:00
[2024-11-18T16:52:58.734+0000] {processor.py:208} INFO - Processing /home/airflow/.local/lib/python3.12/site-packages/airflow/example_dags/example_sla_dag.py took 0.116 seconds
[2024-11-18T16:53:28.826+0000] {processor.py:186} INFO - Started process (PID=1862) to work on /home/airflow/.local/lib/python3.12/site-packages/airflow/example_dags/example_sla_dag.py
[2024-11-18T16:53:28.827+0000] {processor.py:914} INFO - Processing file /home/airflow/.local/lib/python3.12/site-packages/airflow/example_dags/example_sla_dag.py for tasks to queue
[2024-11-18T16:53:28.830+0000] {logging_mixin.py:190} INFO - [2024-11-18T16:53:28.829+0000] {dagbag.py:588} INFO - Filling up the DagBag from /home/airflow/.local/lib/python3.12/site-packages/airflow/example_dags/example_sla_dag.py
[2024-11-18T16:53:28.843+0000] {processor.py:925} INFO - DAG(s) 'example_sla_dag' retrieved from /home/airflow/.local/lib/python3.12/site-packages/airflow/example_dags/example_sla_dag.py
[2024-11-18T16:53:28.864+0000] {logging_mixin.py:190} INFO - [2024-11-18T16:53:28.864+0000] {dag.py:3239} INFO - Sync 1 DAGs
[2024-11-18T16:53:28.894+0000] {logging_mixin.py:190} INFO - [2024-11-18T16:53:28.893+0000] {dag.py:4180} INFO - Setting next_dagrun for example_sla_dag to 2024-11-18 16:50:00+00:00, run_after=2024-11-18 16:52:00+00:00
[2024-11-18T16:53:28.915+0000] {processor.py:208} INFO - Processing /home/airflow/.local/lib/python3.12/site-packages/airflow/example_dags/example_sla_dag.py took 0.096 seconds
[2024-11-18T16:53:59.076+0000] {processor.py:186} INFO - Started process (PID=1925) to work on /home/airflow/.local/lib/python3.12/site-packages/airflow/example_dags/example_sla_dag.py
[2024-11-18T16:53:59.077+0000] {processor.py:914} INFO - Processing file /home/airflow/.local/lib/python3.12/site-packages/airflow/example_dags/example_sla_dag.py for tasks to queue
[2024-11-18T16:53:59.080+0000] {logging_mixin.py:190} INFO - [2024-11-18T16:53:59.080+0000] {dagbag.py:588} INFO - Filling up the DagBag from /home/airflow/.local/lib/python3.12/site-packages/airflow/example_dags/example_sla_dag.py
[2024-11-18T16:53:59.093+0000] {processor.py:925} INFO - DAG(s) 'example_sla_dag' retrieved from /home/airflow/.local/lib/python3.12/site-packages/airflow/example_dags/example_sla_dag.py
[2024-11-18T16:53:59.118+0000] {logging_mixin.py:190} INFO - [2024-11-18T16:53:59.118+0000] {dag.py:3239} INFO - Sync 1 DAGs
[2024-11-18T16:53:59.152+0000] {logging_mixin.py:190} INFO - [2024-11-18T16:53:59.152+0000] {dag.py:4180} INFO - Setting next_dagrun for example_sla_dag to 2024-11-18 16:50:00+00:00, run_after=2024-11-18 16:52:00+00:00
[2024-11-18T16:53:59.174+0000] {processor.py:208} INFO - Processing /home/airflow/.local/lib/python3.12/site-packages/airflow/example_dags/example_sla_dag.py took 0.106 seconds
[2024-11-18T16:54:29.639+0000] {processor.py:186} INFO - Started process (PID=1987) to work on /home/airflow/.local/lib/python3.12/site-packages/airflow/example_dags/example_sla_dag.py
[2024-11-18T16:54:29.640+0000] {processor.py:914} INFO - Processing file /home/airflow/.local/lib/python3.12/site-packages/airflow/example_dags/example_sla_dag.py for tasks to queue
[2024-11-18T16:54:29.644+0000] {logging_mixin.py:190} INFO - [2024-11-18T16:54:29.643+0000] {dagbag.py:588} INFO - Filling up the DagBag from /home/airflow/.local/lib/python3.12/site-packages/airflow/example_dags/example_sla_dag.py
[2024-11-18T16:54:29.661+0000] {processor.py:925} INFO - DAG(s) 'example_sla_dag' retrieved from /home/airflow/.local/lib/python3.12/site-packages/airflow/example_dags/example_sla_dag.py
[2024-11-18T16:54:29.685+0000] {logging_mixin.py:190} INFO - [2024-11-18T16:54:29.684+0000] {dag.py:3239} INFO - Sync 1 DAGs
[2024-11-18T16:54:29.716+0000] {logging_mixin.py:190} INFO - [2024-11-18T16:54:29.715+0000] {dag.py:4180} INFO - Setting next_dagrun for example_sla_dag to 2024-11-18 16:52:00+00:00, run_after=2024-11-18 16:54:00+00:00
[2024-11-18T16:54:29.737+0000] {processor.py:208} INFO - Processing /home/airflow/.local/lib/python3.12/site-packages/airflow/example_dags/example_sla_dag.py took 0.106 seconds
[2024-11-18T16:54:59.971+0000] {processor.py:186} INFO - Started process (PID=2050) to work on /home/airflow/.local/lib/python3.12/site-packages/airflow/example_dags/example_sla_dag.py
[2024-11-18T16:54:59.972+0000] {processor.py:914} INFO - Processing file /home/airflow/.local/lib/python3.12/site-packages/airflow/example_dags/example_sla_dag.py for tasks to queue
[2024-11-18T16:54:59.975+0000] {logging_mixin.py:190} INFO - [2024-11-18T16:54:59.975+0000] {dagbag.py:588} INFO - Filling up the DagBag from /home/airflow/.local/lib/python3.12/site-packages/airflow/example_dags/example_sla_dag.py
[2024-11-18T16:54:59.992+0000] {processor.py:925} INFO - DAG(s) 'example_sla_dag' retrieved from /home/airflow/.local/lib/python3.12/site-packages/airflow/example_dags/example_sla_dag.py
[2024-11-18T16:55:00.022+0000] {logging_mixin.py:190} INFO - [2024-11-18T16:55:00.022+0000] {dag.py:3239} INFO - Sync 1 DAGs
[2024-11-18T16:55:00.055+0000] {logging_mixin.py:190} INFO - [2024-11-18T16:55:00.054+0000] {dag.py:4180} INFO - Setting next_dagrun for example_sla_dag to 2024-11-18 16:52:00+00:00, run_after=2024-11-18 16:54:00+00:00
[2024-11-18T16:55:00.078+0000] {processor.py:208} INFO - Processing /home/airflow/.local/lib/python3.12/site-packages/airflow/example_dags/example_sla_dag.py took 0.115 seconds
[2024-11-18T16:55:30.444+0000] {processor.py:186} INFO - Started process (PID=2112) to work on /home/airflow/.local/lib/python3.12/site-packages/airflow/example_dags/example_sla_dag.py
[2024-11-18T16:55:30.445+0000] {processor.py:914} INFO - Processing file /home/airflow/.local/lib/python3.12/site-packages/airflow/example_dags/example_sla_dag.py for tasks to queue
[2024-11-18T16:55:30.448+0000] {logging_mixin.py:190} INFO - [2024-11-18T16:55:30.448+0000] {dagbag.py:588} INFO - Filling up the DagBag from /home/airflow/.local/lib/python3.12/site-packages/airflow/example_dags/example_sla_dag.py
[2024-11-18T16:55:30.461+0000] {processor.py:925} INFO - DAG(s) 'example_sla_dag' retrieved from /home/airflow/.local/lib/python3.12/site-packages/airflow/example_dags/example_sla_dag.py
[2024-11-18T16:55:30.482+0000] {logging_mixin.py:190} INFO - [2024-11-18T16:55:30.481+0000] {dag.py:3239} INFO - Sync 1 DAGs
[2024-11-18T16:55:30.510+0000] {logging_mixin.py:190} INFO - [2024-11-18T16:55:30.510+0000] {dag.py:4180} INFO - Setting next_dagrun for example_sla_dag to 2024-11-18 16:52:00+00:00, run_after=2024-11-18 16:54:00+00:00
[2024-11-18T16:55:30.532+0000] {processor.py:208} INFO - Processing /home/airflow/.local/lib/python3.12/site-packages/airflow/example_dags/example_sla_dag.py took 0.095 seconds
[2024-11-18T16:56:00.905+0000] {processor.py:186} INFO - Started process (PID=2176) to work on /home/airflow/.local/lib/python3.12/site-packages/airflow/example_dags/example_sla_dag.py
[2024-11-18T16:56:00.907+0000] {processor.py:914} INFO - Processing file /home/airflow/.local/lib/python3.12/site-packages/airflow/example_dags/example_sla_dag.py for tasks to queue
[2024-11-18T16:56:00.910+0000] {logging_mixin.py:190} INFO - [2024-11-18T16:56:00.909+0000] {dagbag.py:588} INFO - Filling up the DagBag from /home/airflow/.local/lib/python3.12/site-packages/airflow/example_dags/example_sla_dag.py
[2024-11-18T16:56:00.923+0000] {processor.py:925} INFO - DAG(s) 'example_sla_dag' retrieved from /home/airflow/.local/lib/python3.12/site-packages/airflow/example_dags/example_sla_dag.py
[2024-11-18T16:56:00.948+0000] {logging_mixin.py:190} INFO - [2024-11-18T16:56:00.948+0000] {dag.py:3239} INFO - Sync 1 DAGs
[2024-11-18T16:56:00.980+0000] {logging_mixin.py:190} INFO - [2024-11-18T16:56:00.980+0000] {dag.py:4180} INFO - Setting next_dagrun for example_sla_dag to 2024-11-18 16:54:00+00:00, run_after=2024-11-18 16:56:00+00:00
[2024-11-18T16:56:01.002+0000] {processor.py:208} INFO - Processing /home/airflow/.local/lib/python3.12/site-packages/airflow/example_dags/example_sla_dag.py took 0.105 seconds
[2024-11-18T16:56:31.698+0000] {processor.py:186} INFO - Started process (PID=2238) to work on /home/airflow/.local/lib/python3.12/site-packages/airflow/example_dags/example_sla_dag.py
[2024-11-18T16:56:31.699+0000] {processor.py:914} INFO - Processing file /home/airflow/.local/lib/python3.12/site-packages/airflow/example_dags/example_sla_dag.py for tasks to queue
[2024-11-18T16:56:31.704+0000] {logging_mixin.py:190} INFO - [2024-11-18T16:56:31.703+0000] {dagbag.py:588} INFO - Filling up the DagBag from /home/airflow/.local/lib/python3.12/site-packages/airflow/example_dags/example_sla_dag.py
[2024-11-18T16:56:31.748+0000] {processor.py:925} INFO - DAG(s) 'example_sla_dag' retrieved from /home/airflow/.local/lib/python3.12/site-packages/airflow/example_dags/example_sla_dag.py
[2024-11-18T16:56:31.803+0000] {logging_mixin.py:190} INFO - [2024-11-18T16:56:31.803+0000] {dag.py:3239} INFO - Sync 1 DAGs
[2024-11-18T16:56:31.848+0000] {logging_mixin.py:190} INFO - [2024-11-18T16:56:31.847+0000] {dag.py:4180} INFO - Setting next_dagrun for example_sla_dag to 2024-11-18 16:54:00+00:00, run_after=2024-11-18 16:56:00+00:00
[2024-11-18T16:56:31.869+0000] {processor.py:208} INFO - Processing /home/airflow/.local/lib/python3.12/site-packages/airflow/example_dags/example_sla_dag.py took 0.187 seconds
[2024-11-18T16:57:02.370+0000] {processor.py:186} INFO - Started process (PID=2301) to work on /home/airflow/.local/lib/python3.12/site-packages/airflow/example_dags/example_sla_dag.py
[2024-11-18T16:57:02.372+0000] {processor.py:914} INFO - Processing file /home/airflow/.local/lib/python3.12/site-packages/airflow/example_dags/example_sla_dag.py for tasks to queue
[2024-11-18T16:57:02.375+0000] {logging_mixin.py:190} INFO - [2024-11-18T16:57:02.375+0000] {dagbag.py:588} INFO - Filling up the DagBag from /home/airflow/.local/lib/python3.12/site-packages/airflow/example_dags/example_sla_dag.py
[2024-11-18T16:57:02.390+0000] {processor.py:925} INFO - DAG(s) 'example_sla_dag' retrieved from /home/airflow/.local/lib/python3.12/site-packages/airflow/example_dags/example_sla_dag.py
[2024-11-18T16:57:02.416+0000] {logging_mixin.py:190} INFO - [2024-11-18T16:57:02.416+0000] {dag.py:3239} INFO - Sync 1 DAGs
[2024-11-18T16:57:02.450+0000] {logging_mixin.py:190} INFO - [2024-11-18T16:57:02.450+0000] {dag.py:4180} INFO - Setting next_dagrun for example_sla_dag to 2024-11-18 16:54:00+00:00, run_after=2024-11-18 16:56:00+00:00
[2024-11-18T16:57:02.473+0000] {processor.py:208} INFO - Processing /home/airflow/.local/lib/python3.12/site-packages/airflow/example_dags/example_sla_dag.py took 0.110 seconds
[2024-11-18T16:57:33.167+0000] {processor.py:186} INFO - Started process (PID=2352) to work on /home/airflow/.local/lib/python3.12/site-packages/airflow/example_dags/example_sla_dag.py
[2024-11-18T16:57:33.168+0000] {processor.py:914} INFO - Processing file /home/airflow/.local/lib/python3.12/site-packages/airflow/example_dags/example_sla_dag.py for tasks to queue
[2024-11-18T16:57:33.172+0000] {logging_mixin.py:190} INFO - [2024-11-18T16:57:33.172+0000] {dagbag.py:588} INFO - Filling up the DagBag from /home/airflow/.local/lib/python3.12/site-packages/airflow/example_dags/example_sla_dag.py
[2024-11-18T16:57:33.186+0000] {processor.py:925} INFO - DAG(s) 'example_sla_dag' retrieved from /home/airflow/.local/lib/python3.12/site-packages/airflow/example_dags/example_sla_dag.py
[2024-11-18T16:57:33.212+0000] {logging_mixin.py:190} INFO - [2024-11-18T16:57:33.212+0000] {dag.py:3239} INFO - Sync 1 DAGs
[2024-11-18T16:57:33.245+0000] {logging_mixin.py:190} INFO - [2024-11-18T16:57:33.245+0000] {dag.py:4180} INFO - Setting next_dagrun for example_sla_dag to 2024-11-18 16:54:00+00:00, run_after=2024-11-18 16:56:00+00:00
[2024-11-18T16:57:33.267+0000] {processor.py:208} INFO - Processing /home/airflow/.local/lib/python3.12/site-packages/airflow/example_dags/example_sla_dag.py took 0.108 seconds
[2024-11-18T16:58:05.033+0000] {processor.py:186} INFO - Started process (PID=2415) to work on /home/airflow/.local/lib/python3.12/site-packages/airflow/example_dags/example_sla_dag.py
[2024-11-18T16:58:05.035+0000] {processor.py:914} INFO - Processing file /home/airflow/.local/lib/python3.12/site-packages/airflow/example_dags/example_sla_dag.py for tasks to queue
[2024-11-18T16:58:05.040+0000] {logging_mixin.py:190} INFO - [2024-11-18T16:58:05.039+0000] {dagbag.py:588} INFO - Filling up the DagBag from /home/airflow/.local/lib/python3.12/site-packages/airflow/example_dags/example_sla_dag.py
[2024-11-18T16:58:05.059+0000] {processor.py:925} INFO - DAG(s) 'example_sla_dag' retrieved from /home/airflow/.local/lib/python3.12/site-packages/airflow/example_dags/example_sla_dag.py
[2024-11-18T16:58:05.084+0000] {logging_mixin.py:190} INFO - [2024-11-18T16:58:05.083+0000] {dag.py:3239} INFO - Sync 1 DAGs
[2024-11-18T16:58:05.117+0000] {logging_mixin.py:190} INFO - [2024-11-18T16:58:05.117+0000] {dag.py:4180} INFO - Setting next_dagrun for example_sla_dag to 2024-11-18 16:56:00+00:00, run_after=2024-11-18 16:58:00+00:00
[2024-11-18T16:58:05.147+0000] {processor.py:208} INFO - Processing /home/airflow/.local/lib/python3.12/site-packages/airflow/example_dags/example_sla_dag.py took 0.122 seconds
[2024-11-18T16:58:36.587+0000] {processor.py:186} INFO - Started process (PID=2478) to work on /home/airflow/.local/lib/python3.12/site-packages/airflow/example_dags/example_sla_dag.py
[2024-11-18T16:58:36.588+0000] {processor.py:914} INFO - Processing file /home/airflow/.local/lib/python3.12/site-packages/airflow/example_dags/example_sla_dag.py for tasks to queue
[2024-11-18T16:58:36.590+0000] {logging_mixin.py:190} INFO - [2024-11-18T16:58:36.590+0000] {dagbag.py:588} INFO - Filling up the DagBag from /home/airflow/.local/lib/python3.12/site-packages/airflow/example_dags/example_sla_dag.py
[2024-11-18T16:58:36.603+0000] {processor.py:925} INFO - DAG(s) 'example_sla_dag' retrieved from /home/airflow/.local/lib/python3.12/site-packages/airflow/example_dags/example_sla_dag.py
[2024-11-18T16:58:36.630+0000] {logging_mixin.py:190} INFO - [2024-11-18T16:58:36.630+0000] {dag.py:3239} INFO - Sync 1 DAGs
[2024-11-18T16:58:36.662+0000] {logging_mixin.py:190} INFO - [2024-11-18T16:58:36.661+0000] {dag.py:4180} INFO - Setting next_dagrun for example_sla_dag to 2024-11-18 16:56:00+00:00, run_after=2024-11-18 16:58:00+00:00
[2024-11-18T16:58:36.681+0000] {processor.py:208} INFO - Processing /home/airflow/.local/lib/python3.12/site-packages/airflow/example_dags/example_sla_dag.py took 0.102 seconds
[2024-11-18T16:59:08.354+0000] {processor.py:186} INFO - Started process (PID=2541) to work on /home/airflow/.local/lib/python3.12/site-packages/airflow/example_dags/example_sla_dag.py
[2024-11-18T16:59:08.356+0000] {processor.py:914} INFO - Processing file /home/airflow/.local/lib/python3.12/site-packages/airflow/example_dags/example_sla_dag.py for tasks to queue
[2024-11-18T16:59:08.359+0000] {logging_mixin.py:190} INFO - [2024-11-18T16:59:08.359+0000] {dagbag.py:588} INFO - Filling up the DagBag from /home/airflow/.local/lib/python3.12/site-packages/airflow/example_dags/example_sla_dag.py
[2024-11-18T16:59:08.374+0000] {processor.py:925} INFO - DAG(s) 'example_sla_dag' retrieved from /home/airflow/.local/lib/python3.12/site-packages/airflow/example_dags/example_sla_dag.py
[2024-11-18T16:59:08.399+0000] {logging_mixin.py:190} INFO - [2024-11-18T16:59:08.399+0000] {dag.py:3239} INFO - Sync 1 DAGs
[2024-11-18T16:59:08.432+0000] {logging_mixin.py:190} INFO - [2024-11-18T16:59:08.432+0000] {dag.py:4180} INFO - Setting next_dagrun for example_sla_dag to 2024-11-18 16:56:00+00:00, run_after=2024-11-18 16:58:00+00:00
[2024-11-18T16:59:08.463+0000] {processor.py:208} INFO - Processing /home/airflow/.local/lib/python3.12/site-packages/airflow/example_dags/example_sla_dag.py took 0.117 seconds
[2024-11-18T16:59:39.056+0000] {processor.py:186} INFO - Started process (PID=2604) to work on /home/airflow/.local/lib/python3.12/site-packages/airflow/example_dags/example_sla_dag.py
[2024-11-18T16:59:39.057+0000] {processor.py:914} INFO - Processing file /home/airflow/.local/lib/python3.12/site-packages/airflow/example_dags/example_sla_dag.py for tasks to queue
[2024-11-18T16:59:39.061+0000] {logging_mixin.py:190} INFO - [2024-11-18T16:59:39.060+0000] {dagbag.py:588} INFO - Filling up the DagBag from /home/airflow/.local/lib/python3.12/site-packages/airflow/example_dags/example_sla_dag.py
[2024-11-18T16:59:39.076+0000] {processor.py:925} INFO - DAG(s) 'example_sla_dag' retrieved from /home/airflow/.local/lib/python3.12/site-packages/airflow/example_dags/example_sla_dag.py
[2024-11-18T16:59:39.101+0000] {logging_mixin.py:190} INFO - [2024-11-18T16:59:39.100+0000] {dag.py:3239} INFO - Sync 1 DAGs
[2024-11-18T16:59:39.131+0000] {logging_mixin.py:190} INFO - [2024-11-18T16:59:39.131+0000] {dag.py:4180} INFO - Setting next_dagrun for example_sla_dag to 2024-11-18 16:56:00+00:00, run_after=2024-11-18 16:58:00+00:00
[2024-11-18T16:59:39.155+0000] {processor.py:208} INFO - Processing /home/airflow/.local/lib/python3.12/site-packages/airflow/example_dags/example_sla_dag.py took 0.106 seconds
[2024-11-18T17:00:10.852+0000] {processor.py:186} INFO - Started process (PID=2666) to work on /home/airflow/.local/lib/python3.12/site-packages/airflow/example_dags/example_sla_dag.py
[2024-11-18T17:00:10.855+0000] {processor.py:914} INFO - Processing file /home/airflow/.local/lib/python3.12/site-packages/airflow/example_dags/example_sla_dag.py for tasks to queue
[2024-11-18T17:00:10.858+0000] {logging_mixin.py:190} INFO - [2024-11-18T17:00:10.857+0000] {dagbag.py:588} INFO - Filling up the DagBag from /home/airflow/.local/lib/python3.12/site-packages/airflow/example_dags/example_sla_dag.py
[2024-11-18T17:00:10.871+0000] {processor.py:925} INFO - DAG(s) 'example_sla_dag' retrieved from /home/airflow/.local/lib/python3.12/site-packages/airflow/example_dags/example_sla_dag.py
[2024-11-18T17:00:10.898+0000] {logging_mixin.py:190} INFO - [2024-11-18T17:00:10.897+0000] {dag.py:3239} INFO - Sync 1 DAGs
[2024-11-18T17:00:10.930+0000] {logging_mixin.py:190} INFO - [2024-11-18T17:00:10.930+0000] {dag.py:4180} INFO - Setting next_dagrun for example_sla_dag to 2024-11-18 16:58:00+00:00, run_after=2024-11-18 17:00:00+00:00
[2024-11-18T17:00:10.951+0000] {processor.py:208} INFO - Processing /home/airflow/.local/lib/python3.12/site-packages/airflow/example_dags/example_sla_dag.py took 0.107 seconds
[2024-11-18T17:00:42.191+0000] {processor.py:186} INFO - Started process (PID=2728) to work on /home/airflow/.local/lib/python3.12/site-packages/airflow/example_dags/example_sla_dag.py
[2024-11-18T17:00:42.192+0000] {processor.py:914} INFO - Processing file /home/airflow/.local/lib/python3.12/site-packages/airflow/example_dags/example_sla_dag.py for tasks to queue
[2024-11-18T17:00:42.195+0000] {logging_mixin.py:190} INFO - [2024-11-18T17:00:42.194+0000] {dagbag.py:588} INFO - Filling up the DagBag from /home/airflow/.local/lib/python3.12/site-packages/airflow/example_dags/example_sla_dag.py
[2024-11-18T17:00:42.212+0000] {processor.py:925} INFO - DAG(s) 'example_sla_dag' retrieved from /home/airflow/.local/lib/python3.12/site-packages/airflow/example_dags/example_sla_dag.py
[2024-11-18T17:00:42.247+0000] {logging_mixin.py:190} INFO - [2024-11-18T17:00:42.247+0000] {dag.py:3239} INFO - Sync 1 DAGs
[2024-11-18T17:00:42.275+0000] {logging_mixin.py:190} INFO - [2024-11-18T17:00:42.275+0000] {dag.py:4180} INFO - Setting next_dagrun for example_sla_dag to 2024-11-18 16:58:00+00:00, run_after=2024-11-18 17:00:00+00:00
[2024-11-18T17:00:42.295+0000] {processor.py:208} INFO - Processing /home/airflow/.local/lib/python3.12/site-packages/airflow/example_dags/example_sla_dag.py took 0.111 seconds
[2024-11-18T17:02:31.768+0000] {processor.py:186} INFO - Started process (PID=97) to work on /home/airflow/.local/lib/python3.12/site-packages/airflow/example_dags/example_sla_dag.py
[2024-11-18T17:02:31.771+0000] {processor.py:914} INFO - Processing file /home/airflow/.local/lib/python3.12/site-packages/airflow/example_dags/example_sla_dag.py for tasks to queue
[2024-11-18T17:02:31.779+0000] {logging_mixin.py:190} INFO - [2024-11-18T17:02:31.778+0000] {dagbag.py:588} INFO - Filling up the DagBag from /home/airflow/.local/lib/python3.12/site-packages/airflow/example_dags/example_sla_dag.py
[2024-11-18T17:02:31.809+0000] {processor.py:925} INFO - DAG(s) 'example_sla_dag' retrieved from /home/airflow/.local/lib/python3.12/site-packages/airflow/example_dags/example_sla_dag.py
[2024-11-18T17:02:31.848+0000] {logging_mixin.py:190} INFO - [2024-11-18T17:02:31.847+0000] {dag.py:3239} INFO - Sync 1 DAGs
[2024-11-18T17:02:31.908+0000] {logging_mixin.py:190} INFO - [2024-11-18T17:02:31.908+0000] {dag.py:4180} INFO - Setting next_dagrun for example_sla_dag to 2024-11-18 17:00:00+00:00, run_after=2024-11-18 17:02:00+00:00
[2024-11-18T17:02:31.949+0000] {processor.py:208} INFO - Processing /home/airflow/.local/lib/python3.12/site-packages/airflow/example_dags/example_sla_dag.py took 0.198 seconds
