[2024-11-18T16:24:30.304+0000] {processor.py:186} INFO - Started process (PID=90) to work on /home/airflow/.local/lib/python3.12/site-packages/airflow/example_dags/example_kubernetes_executor.py
[2024-11-18T16:24:30.306+0000] {processor.py:914} INFO - Processing file /home/airflow/.local/lib/python3.12/site-packages/airflow/example_dags/example_kubernetes_executor.py for tasks to queue
[2024-11-18T16:24:30.311+0000] {logging_mixin.py:190} INFO - [2024-11-18T16:24:30.311+0000] {dagbag.py:588} INFO - Filling up the DagBag from /home/airflow/.local/lib/python3.12/site-packages/airflow/example_dags/example_kubernetes_executor.py
[2024-11-18T16:24:30.336+0000] {processor.py:925} INFO - DAG(s) 'example_kubernetes_executor' retrieved from /home/airflow/.local/lib/python3.12/site-packages/airflow/example_dags/example_kubernetes_executor.py
[2024-11-18T16:24:30.546+0000] {logging_mixin.py:190} INFO - [2024-11-18T16:24:30.545+0000] {override.py:1911} INFO - Created Permission View: can read on DAG:example_kubernetes_executor
[2024-11-18T16:24:30.558+0000] {logging_mixin.py:190} INFO - [2024-11-18T16:24:30.558+0000] {override.py:1911} INFO - Created Permission View: can edit on DAG:example_kubernetes_executor
[2024-11-18T16:24:30.569+0000] {logging_mixin.py:190} INFO - [2024-11-18T16:24:30.569+0000] {override.py:1911} INFO - Created Permission View: can delete on DAG:example_kubernetes_executor
[2024-11-18T16:24:30.581+0000] {logging_mixin.py:190} INFO - [2024-11-18T16:24:30.580+0000] {override.py:1911} INFO - Created Permission View: can read on DAG Run:example_kubernetes_executor
[2024-11-18T16:24:30.589+0000] {logging_mixin.py:190} INFO - [2024-11-18T16:24:30.589+0000] {override.py:1911} INFO - Created Permission View: menu access on DAG Run:example_kubernetes_executor
[2024-11-18T16:24:30.597+0000] {logging_mixin.py:190} INFO - [2024-11-18T16:24:30.596+0000] {override.py:1911} INFO - Created Permission View: can create on DAG Run:example_kubernetes_executor
[2024-11-18T16:24:30.604+0000] {logging_mixin.py:190} INFO - [2024-11-18T16:24:30.604+0000] {override.py:1911} INFO - Created Permission View: can delete on DAG Run:example_kubernetes_executor
[2024-11-18T16:24:30.605+0000] {logging_mixin.py:190} INFO - [2024-11-18T16:24:30.605+0000] {dag.py:3239} INFO - Sync 1 DAGs
[2024-11-18T16:24:30.624+0000] {logging_mixin.py:190} INFO - [2024-11-18T16:24:30.624+0000] {dag.py:3262} INFO - Creating ORM DAG for example_kubernetes_executor
[2024-11-18T16:24:30.625+0000] {logging_mixin.py:190} INFO - [2024-11-18T16:24:30.625+0000] {dag.py:4180} INFO - Setting next_dagrun for example_kubernetes_executor to None, run_after=None
[2024-11-18T16:24:30.645+0000] {processor.py:208} INFO - Processing /home/airflow/.local/lib/python3.12/site-packages/airflow/example_dags/example_kubernetes_executor.py took 0.348 seconds
[2024-11-18T16:25:00.709+0000] {processor.py:186} INFO - Started process (PID=152) to work on /home/airflow/.local/lib/python3.12/site-packages/airflow/example_dags/example_kubernetes_executor.py
[2024-11-18T16:25:00.710+0000] {processor.py:914} INFO - Processing file /home/airflow/.local/lib/python3.12/site-packages/airflow/example_dags/example_kubernetes_executor.py for tasks to queue
[2024-11-18T16:25:00.718+0000] {logging_mixin.py:190} INFO - [2024-11-18T16:25:00.717+0000] {dagbag.py:588} INFO - Filling up the DagBag from /home/airflow/.local/lib/python3.12/site-packages/airflow/example_dags/example_kubernetes_executor.py
[2024-11-18T16:25:00.803+0000] {processor.py:925} INFO - DAG(s) 'example_kubernetes_executor' retrieved from /home/airflow/.local/lib/python3.12/site-packages/airflow/example_dags/example_kubernetes_executor.py
[2024-11-18T16:25:00.925+0000] {logging_mixin.py:190} INFO - [2024-11-18T16:25:00.924+0000] {dag.py:3239} INFO - Sync 1 DAGs
[2024-11-18T16:25:00.959+0000] {logging_mixin.py:190} INFO - [2024-11-18T16:25:00.959+0000] {dag.py:4180} INFO - Setting next_dagrun for example_kubernetes_executor to None, run_after=None
[2024-11-18T16:25:01.003+0000] {processor.py:208} INFO - Processing /home/airflow/.local/lib/python3.12/site-packages/airflow/example_dags/example_kubernetes_executor.py took 0.308 seconds
[2024-11-18T16:25:31.534+0000] {processor.py:186} INFO - Started process (PID=214) to work on /home/airflow/.local/lib/python3.12/site-packages/airflow/example_dags/example_kubernetes_executor.py
[2024-11-18T16:25:31.536+0000] {processor.py:914} INFO - Processing file /home/airflow/.local/lib/python3.12/site-packages/airflow/example_dags/example_kubernetes_executor.py for tasks to queue
[2024-11-18T16:25:31.538+0000] {logging_mixin.py:190} INFO - [2024-11-18T16:25:31.538+0000] {dagbag.py:588} INFO - Filling up the DagBag from /home/airflow/.local/lib/python3.12/site-packages/airflow/example_dags/example_kubernetes_executor.py
[2024-11-18T16:25:31.557+0000] {processor.py:925} INFO - DAG(s) 'example_kubernetes_executor' retrieved from /home/airflow/.local/lib/python3.12/site-packages/airflow/example_dags/example_kubernetes_executor.py
[2024-11-18T16:25:31.603+0000] {logging_mixin.py:190} INFO - [2024-11-18T16:25:31.603+0000] {dag.py:3239} INFO - Sync 1 DAGs
[2024-11-18T16:25:31.623+0000] {logging_mixin.py:190} INFO - [2024-11-18T16:25:31.623+0000] {dag.py:4180} INFO - Setting next_dagrun for example_kubernetes_executor to None, run_after=None
[2024-11-18T16:25:31.643+0000] {processor.py:208} INFO - Processing /home/airflow/.local/lib/python3.12/site-packages/airflow/example_dags/example_kubernetes_executor.py took 0.117 seconds
[2024-11-18T16:26:02.417+0000] {processor.py:186} INFO - Started process (PID=277) to work on /home/airflow/.local/lib/python3.12/site-packages/airflow/example_dags/example_kubernetes_executor.py
[2024-11-18T16:26:02.418+0000] {processor.py:914} INFO - Processing file /home/airflow/.local/lib/python3.12/site-packages/airflow/example_dags/example_kubernetes_executor.py for tasks to queue
[2024-11-18T16:26:02.422+0000] {logging_mixin.py:190} INFO - [2024-11-18T16:26:02.421+0000] {dagbag.py:588} INFO - Filling up the DagBag from /home/airflow/.local/lib/python3.12/site-packages/airflow/example_dags/example_kubernetes_executor.py
[2024-11-18T16:26:02.443+0000] {processor.py:925} INFO - DAG(s) 'example_kubernetes_executor' retrieved from /home/airflow/.local/lib/python3.12/site-packages/airflow/example_dags/example_kubernetes_executor.py
[2024-11-18T16:26:02.491+0000] {logging_mixin.py:190} INFO - [2024-11-18T16:26:02.491+0000] {dag.py:3239} INFO - Sync 1 DAGs
[2024-11-18T16:26:02.508+0000] {logging_mixin.py:190} INFO - [2024-11-18T16:26:02.508+0000] {dag.py:4180} INFO - Setting next_dagrun for example_kubernetes_executor to None, run_after=None
[2024-11-18T16:26:02.530+0000] {processor.py:208} INFO - Processing /home/airflow/.local/lib/python3.12/site-packages/airflow/example_dags/example_kubernetes_executor.py took 0.121 seconds
[2024-11-18T16:26:32.789+0000] {processor.py:186} INFO - Started process (PID=340) to work on /home/airflow/.local/lib/python3.12/site-packages/airflow/example_dags/example_kubernetes_executor.py
[2024-11-18T16:26:32.791+0000] {processor.py:914} INFO - Processing file /home/airflow/.local/lib/python3.12/site-packages/airflow/example_dags/example_kubernetes_executor.py for tasks to queue
[2024-11-18T16:26:32.796+0000] {logging_mixin.py:190} INFO - [2024-11-18T16:26:32.795+0000] {dagbag.py:588} INFO - Filling up the DagBag from /home/airflow/.local/lib/python3.12/site-packages/airflow/example_dags/example_kubernetes_executor.py
[2024-11-18T16:26:32.817+0000] {processor.py:925} INFO - DAG(s) 'example_kubernetes_executor' retrieved from /home/airflow/.local/lib/python3.12/site-packages/airflow/example_dags/example_kubernetes_executor.py
[2024-11-18T16:26:32.868+0000] {logging_mixin.py:190} INFO - [2024-11-18T16:26:32.868+0000] {dag.py:3239} INFO - Sync 1 DAGs
[2024-11-18T16:26:32.886+0000] {logging_mixin.py:190} INFO - [2024-11-18T16:26:32.886+0000] {dag.py:4180} INFO - Setting next_dagrun for example_kubernetes_executor to None, run_after=None
[2024-11-18T16:26:32.907+0000] {processor.py:208} INFO - Processing /home/airflow/.local/lib/python3.12/site-packages/airflow/example_dags/example_kubernetes_executor.py took 0.131 seconds
[2024-11-18T16:27:03.307+0000] {processor.py:186} INFO - Started process (PID=409) to work on /home/airflow/.local/lib/python3.12/site-packages/airflow/example_dags/example_kubernetes_executor.py
[2024-11-18T16:27:03.309+0000] {processor.py:914} INFO - Processing file /home/airflow/.local/lib/python3.12/site-packages/airflow/example_dags/example_kubernetes_executor.py for tasks to queue
[2024-11-18T16:27:03.313+0000] {logging_mixin.py:190} INFO - [2024-11-18T16:27:03.312+0000] {dagbag.py:588} INFO - Filling up the DagBag from /home/airflow/.local/lib/python3.12/site-packages/airflow/example_dags/example_kubernetes_executor.py
[2024-11-18T16:27:03.331+0000] {processor.py:925} INFO - DAG(s) 'example_kubernetes_executor' retrieved from /home/airflow/.local/lib/python3.12/site-packages/airflow/example_dags/example_kubernetes_executor.py
[2024-11-18T16:27:03.376+0000] {logging_mixin.py:190} INFO - [2024-11-18T16:27:03.376+0000] {dag.py:3239} INFO - Sync 1 DAGs
[2024-11-18T16:27:03.393+0000] {logging_mixin.py:190} INFO - [2024-11-18T16:27:03.393+0000] {dag.py:4180} INFO - Setting next_dagrun for example_kubernetes_executor to None, run_after=None
[2024-11-18T16:27:03.413+0000] {processor.py:208} INFO - Processing /home/airflow/.local/lib/python3.12/site-packages/airflow/example_dags/example_kubernetes_executor.py took 0.115 seconds
[2024-11-18T16:27:33.586+0000] {processor.py:186} INFO - Started process (PID=472) to work on /home/airflow/.local/lib/python3.12/site-packages/airflow/example_dags/example_kubernetes_executor.py
[2024-11-18T16:27:33.587+0000] {processor.py:914} INFO - Processing file /home/airflow/.local/lib/python3.12/site-packages/airflow/example_dags/example_kubernetes_executor.py for tasks to queue
[2024-11-18T16:27:33.591+0000] {logging_mixin.py:190} INFO - [2024-11-18T16:27:33.590+0000] {dagbag.py:588} INFO - Filling up the DagBag from /home/airflow/.local/lib/python3.12/site-packages/airflow/example_dags/example_kubernetes_executor.py
[2024-11-18T16:27:33.611+0000] {processor.py:925} INFO - DAG(s) 'example_kubernetes_executor' retrieved from /home/airflow/.local/lib/python3.12/site-packages/airflow/example_dags/example_kubernetes_executor.py
[2024-11-18T16:27:33.652+0000] {logging_mixin.py:190} INFO - [2024-11-18T16:27:33.651+0000] {dag.py:3239} INFO - Sync 1 DAGs
[2024-11-18T16:27:33.668+0000] {logging_mixin.py:190} INFO - [2024-11-18T16:27:33.668+0000] {dag.py:4180} INFO - Setting next_dagrun for example_kubernetes_executor to None, run_after=None
[2024-11-18T16:27:33.689+0000] {processor.py:208} INFO - Processing /home/airflow/.local/lib/python3.12/site-packages/airflow/example_dags/example_kubernetes_executor.py took 0.111 seconds
[2024-11-18T16:28:03.866+0000] {processor.py:186} INFO - Started process (PID=535) to work on /home/airflow/.local/lib/python3.12/site-packages/airflow/example_dags/example_kubernetes_executor.py
[2024-11-18T16:28:03.868+0000] {processor.py:914} INFO - Processing file /home/airflow/.local/lib/python3.12/site-packages/airflow/example_dags/example_kubernetes_executor.py for tasks to queue
[2024-11-18T16:28:03.871+0000] {logging_mixin.py:190} INFO - [2024-11-18T16:28:03.871+0000] {dagbag.py:588} INFO - Filling up the DagBag from /home/airflow/.local/lib/python3.12/site-packages/airflow/example_dags/example_kubernetes_executor.py
[2024-11-18T16:28:03.890+0000] {processor.py:925} INFO - DAG(s) 'example_kubernetes_executor' retrieved from /home/airflow/.local/lib/python3.12/site-packages/airflow/example_dags/example_kubernetes_executor.py
[2024-11-18T16:28:03.936+0000] {logging_mixin.py:190} INFO - [2024-11-18T16:28:03.936+0000] {dag.py:3239} INFO - Sync 1 DAGs
[2024-11-18T16:28:03.953+0000] {logging_mixin.py:190} INFO - [2024-11-18T16:28:03.953+0000] {dag.py:4180} INFO - Setting next_dagrun for example_kubernetes_executor to None, run_after=None
[2024-11-18T16:28:03.973+0000] {processor.py:208} INFO - Processing /home/airflow/.local/lib/python3.12/site-packages/airflow/example_dags/example_kubernetes_executor.py took 0.115 seconds
[2024-11-18T16:28:34.634+0000] {processor.py:186} INFO - Started process (PID=598) to work on /home/airflow/.local/lib/python3.12/site-packages/airflow/example_dags/example_kubernetes_executor.py
[2024-11-18T16:28:34.635+0000] {processor.py:914} INFO - Processing file /home/airflow/.local/lib/python3.12/site-packages/airflow/example_dags/example_kubernetes_executor.py for tasks to queue
[2024-11-18T16:28:34.637+0000] {logging_mixin.py:190} INFO - [2024-11-18T16:28:34.637+0000] {dagbag.py:588} INFO - Filling up the DagBag from /home/airflow/.local/lib/python3.12/site-packages/airflow/example_dags/example_kubernetes_executor.py
[2024-11-18T16:28:34.654+0000] {processor.py:925} INFO - DAG(s) 'example_kubernetes_executor' retrieved from /home/airflow/.local/lib/python3.12/site-packages/airflow/example_dags/example_kubernetes_executor.py
[2024-11-18T16:28:34.696+0000] {logging_mixin.py:190} INFO - [2024-11-18T16:28:34.696+0000] {dag.py:3239} INFO - Sync 1 DAGs
[2024-11-18T16:28:34.713+0000] {logging_mixin.py:190} INFO - [2024-11-18T16:28:34.712+0000] {dag.py:4180} INFO - Setting next_dagrun for example_kubernetes_executor to None, run_after=None
[2024-11-18T16:28:34.736+0000] {processor.py:208} INFO - Processing /home/airflow/.local/lib/python3.12/site-packages/airflow/example_dags/example_kubernetes_executor.py took 0.109 seconds
[2024-11-18T16:29:05.053+0000] {processor.py:186} INFO - Started process (PID=661) to work on /home/airflow/.local/lib/python3.12/site-packages/airflow/example_dags/example_kubernetes_executor.py
[2024-11-18T16:29:05.055+0000] {processor.py:914} INFO - Processing file /home/airflow/.local/lib/python3.12/site-packages/airflow/example_dags/example_kubernetes_executor.py for tasks to queue
[2024-11-18T16:29:05.059+0000] {logging_mixin.py:190} INFO - [2024-11-18T16:29:05.058+0000] {dagbag.py:588} INFO - Filling up the DagBag from /home/airflow/.local/lib/python3.12/site-packages/airflow/example_dags/example_kubernetes_executor.py
[2024-11-18T16:29:05.079+0000] {processor.py:925} INFO - DAG(s) 'example_kubernetes_executor' retrieved from /home/airflow/.local/lib/python3.12/site-packages/airflow/example_dags/example_kubernetes_executor.py
[2024-11-18T16:29:05.127+0000] {logging_mixin.py:190} INFO - [2024-11-18T16:29:05.126+0000] {dag.py:3239} INFO - Sync 1 DAGs
[2024-11-18T16:29:05.143+0000] {logging_mixin.py:190} INFO - [2024-11-18T16:29:05.143+0000] {dag.py:4180} INFO - Setting next_dagrun for example_kubernetes_executor to None, run_after=None
[2024-11-18T16:29:05.165+0000] {processor.py:208} INFO - Processing /home/airflow/.local/lib/python3.12/site-packages/airflow/example_dags/example_kubernetes_executor.py took 0.122 seconds
[2024-11-18T16:29:35.764+0000] {processor.py:186} INFO - Started process (PID=724) to work on /home/airflow/.local/lib/python3.12/site-packages/airflow/example_dags/example_kubernetes_executor.py
[2024-11-18T16:29:35.765+0000] {processor.py:914} INFO - Processing file /home/airflow/.local/lib/python3.12/site-packages/airflow/example_dags/example_kubernetes_executor.py for tasks to queue
[2024-11-18T16:29:35.768+0000] {logging_mixin.py:190} INFO - [2024-11-18T16:29:35.768+0000] {dagbag.py:588} INFO - Filling up the DagBag from /home/airflow/.local/lib/python3.12/site-packages/airflow/example_dags/example_kubernetes_executor.py
[2024-11-18T16:29:35.785+0000] {processor.py:925} INFO - DAG(s) 'example_kubernetes_executor' retrieved from /home/airflow/.local/lib/python3.12/site-packages/airflow/example_dags/example_kubernetes_executor.py
[2024-11-18T16:29:35.829+0000] {logging_mixin.py:190} INFO - [2024-11-18T16:29:35.829+0000] {dag.py:3239} INFO - Sync 1 DAGs
[2024-11-18T16:29:35.845+0000] {logging_mixin.py:190} INFO - [2024-11-18T16:29:35.845+0000] {dag.py:4180} INFO - Setting next_dagrun for example_kubernetes_executor to None, run_after=None
[2024-11-18T16:29:35.865+0000] {processor.py:208} INFO - Processing /home/airflow/.local/lib/python3.12/site-packages/airflow/example_dags/example_kubernetes_executor.py took 0.107 seconds
[2024-11-18T16:30:06.040+0000] {processor.py:186} INFO - Started process (PID=787) to work on /home/airflow/.local/lib/python3.12/site-packages/airflow/example_dags/example_kubernetes_executor.py
[2024-11-18T16:30:06.042+0000] {processor.py:914} INFO - Processing file /home/airflow/.local/lib/python3.12/site-packages/airflow/example_dags/example_kubernetes_executor.py for tasks to queue
[2024-11-18T16:30:06.045+0000] {logging_mixin.py:190} INFO - [2024-11-18T16:30:06.044+0000] {dagbag.py:588} INFO - Filling up the DagBag from /home/airflow/.local/lib/python3.12/site-packages/airflow/example_dags/example_kubernetes_executor.py
[2024-11-18T16:30:06.064+0000] {processor.py:925} INFO - DAG(s) 'example_kubernetes_executor' retrieved from /home/airflow/.local/lib/python3.12/site-packages/airflow/example_dags/example_kubernetes_executor.py
[2024-11-18T16:30:06.104+0000] {logging_mixin.py:190} INFO - [2024-11-18T16:30:06.104+0000] {dag.py:3239} INFO - Sync 1 DAGs
[2024-11-18T16:30:06.122+0000] {logging_mixin.py:190} INFO - [2024-11-18T16:30:06.121+0000] {dag.py:4180} INFO - Setting next_dagrun for example_kubernetes_executor to None, run_after=None
[2024-11-18T16:30:06.143+0000] {processor.py:208} INFO - Processing /home/airflow/.local/lib/python3.12/site-packages/airflow/example_dags/example_kubernetes_executor.py took 0.110 seconds
[2024-11-18T16:30:36.519+0000] {processor.py:186} INFO - Started process (PID=850) to work on /home/airflow/.local/lib/python3.12/site-packages/airflow/example_dags/example_kubernetes_executor.py
[2024-11-18T16:30:36.520+0000] {processor.py:914} INFO - Processing file /home/airflow/.local/lib/python3.12/site-packages/airflow/example_dags/example_kubernetes_executor.py for tasks to queue
[2024-11-18T16:30:36.523+0000] {logging_mixin.py:190} INFO - [2024-11-18T16:30:36.523+0000] {dagbag.py:588} INFO - Filling up the DagBag from /home/airflow/.local/lib/python3.12/site-packages/airflow/example_dags/example_kubernetes_executor.py
[2024-11-18T16:30:36.542+0000] {processor.py:925} INFO - DAG(s) 'example_kubernetes_executor' retrieved from /home/airflow/.local/lib/python3.12/site-packages/airflow/example_dags/example_kubernetes_executor.py
[2024-11-18T16:30:36.596+0000] {logging_mixin.py:190} INFO - [2024-11-18T16:30:36.596+0000] {dag.py:3239} INFO - Sync 1 DAGs
[2024-11-18T16:30:36.614+0000] {logging_mixin.py:190} INFO - [2024-11-18T16:30:36.614+0000] {dag.py:4180} INFO - Setting next_dagrun for example_kubernetes_executor to None, run_after=None
[2024-11-18T16:30:36.637+0000] {processor.py:208} INFO - Processing /home/airflow/.local/lib/python3.12/site-packages/airflow/example_dags/example_kubernetes_executor.py took 0.126 seconds
[2024-11-18T16:31:07.090+0000] {processor.py:186} INFO - Started process (PID=913) to work on /home/airflow/.local/lib/python3.12/site-packages/airflow/example_dags/example_kubernetes_executor.py
[2024-11-18T16:31:07.091+0000] {processor.py:914} INFO - Processing file /home/airflow/.local/lib/python3.12/site-packages/airflow/example_dags/example_kubernetes_executor.py for tasks to queue
[2024-11-18T16:31:07.094+0000] {logging_mixin.py:190} INFO - [2024-11-18T16:31:07.093+0000] {dagbag.py:588} INFO - Filling up the DagBag from /home/airflow/.local/lib/python3.12/site-packages/airflow/example_dags/example_kubernetes_executor.py
[2024-11-18T16:31:07.113+0000] {processor.py:925} INFO - DAG(s) 'example_kubernetes_executor' retrieved from /home/airflow/.local/lib/python3.12/site-packages/airflow/example_dags/example_kubernetes_executor.py
[2024-11-18T16:31:07.164+0000] {logging_mixin.py:190} INFO - [2024-11-18T16:31:07.164+0000] {dag.py:3239} INFO - Sync 1 DAGs
[2024-11-18T16:31:07.181+0000] {logging_mixin.py:190} INFO - [2024-11-18T16:31:07.181+0000] {dag.py:4180} INFO - Setting next_dagrun for example_kubernetes_executor to None, run_after=None
[2024-11-18T16:31:07.206+0000] {processor.py:208} INFO - Processing /home/airflow/.local/lib/python3.12/site-packages/airflow/example_dags/example_kubernetes_executor.py took 0.124 seconds
[2024-11-18T16:31:37.534+0000] {processor.py:186} INFO - Started process (PID=976) to work on /home/airflow/.local/lib/python3.12/site-packages/airflow/example_dags/example_kubernetes_executor.py
[2024-11-18T16:31:37.537+0000] {processor.py:914} INFO - Processing file /home/airflow/.local/lib/python3.12/site-packages/airflow/example_dags/example_kubernetes_executor.py for tasks to queue
[2024-11-18T16:31:37.540+0000] {logging_mixin.py:190} INFO - [2024-11-18T16:31:37.540+0000] {dagbag.py:588} INFO - Filling up the DagBag from /home/airflow/.local/lib/python3.12/site-packages/airflow/example_dags/example_kubernetes_executor.py
[2024-11-18T16:31:37.571+0000] {processor.py:925} INFO - DAG(s) 'example_kubernetes_executor' retrieved from /home/airflow/.local/lib/python3.12/site-packages/airflow/example_dags/example_kubernetes_executor.py
[2024-11-18T16:31:37.621+0000] {logging_mixin.py:190} INFO - [2024-11-18T16:31:37.621+0000] {dag.py:3239} INFO - Sync 1 DAGs
[2024-11-18T16:31:37.640+0000] {logging_mixin.py:190} INFO - [2024-11-18T16:31:37.640+0000] {dag.py:4180} INFO - Setting next_dagrun for example_kubernetes_executor to None, run_after=None
[2024-11-18T16:31:37.664+0000] {processor.py:208} INFO - Processing /home/airflow/.local/lib/python3.12/site-packages/airflow/example_dags/example_kubernetes_executor.py took 0.143 seconds
[2024-11-18T16:32:08.662+0000] {processor.py:186} INFO - Started process (PID=1039) to work on /home/airflow/.local/lib/python3.12/site-packages/airflow/example_dags/example_kubernetes_executor.py
[2024-11-18T16:32:08.663+0000] {processor.py:914} INFO - Processing file /home/airflow/.local/lib/python3.12/site-packages/airflow/example_dags/example_kubernetes_executor.py for tasks to queue
[2024-11-18T16:32:08.667+0000] {logging_mixin.py:190} INFO - [2024-11-18T16:32:08.666+0000] {dagbag.py:588} INFO - Filling up the DagBag from /home/airflow/.local/lib/python3.12/site-packages/airflow/example_dags/example_kubernetes_executor.py
[2024-11-18T16:32:08.686+0000] {processor.py:925} INFO - DAG(s) 'example_kubernetes_executor' retrieved from /home/airflow/.local/lib/python3.12/site-packages/airflow/example_dags/example_kubernetes_executor.py
[2024-11-18T16:32:08.731+0000] {logging_mixin.py:190} INFO - [2024-11-18T16:32:08.731+0000] {dag.py:3239} INFO - Sync 1 DAGs
[2024-11-18T16:32:08.749+0000] {logging_mixin.py:190} INFO - [2024-11-18T16:32:08.749+0000] {dag.py:4180} INFO - Setting next_dagrun for example_kubernetes_executor to None, run_after=None
[2024-11-18T16:32:08.775+0000] {processor.py:208} INFO - Processing /home/airflow/.local/lib/python3.12/site-packages/airflow/example_dags/example_kubernetes_executor.py took 0.123 seconds
[2024-11-18T16:32:39.382+0000] {processor.py:186} INFO - Started process (PID=1102) to work on /home/airflow/.local/lib/python3.12/site-packages/airflow/example_dags/example_kubernetes_executor.py
[2024-11-18T16:32:39.384+0000] {processor.py:914} INFO - Processing file /home/airflow/.local/lib/python3.12/site-packages/airflow/example_dags/example_kubernetes_executor.py for tasks to queue
[2024-11-18T16:32:39.389+0000] {logging_mixin.py:190} INFO - [2024-11-18T16:32:39.388+0000] {dagbag.py:588} INFO - Filling up the DagBag from /home/airflow/.local/lib/python3.12/site-packages/airflow/example_dags/example_kubernetes_executor.py
[2024-11-18T16:32:39.418+0000] {processor.py:925} INFO - DAG(s) 'example_kubernetes_executor' retrieved from /home/airflow/.local/lib/python3.12/site-packages/airflow/example_dags/example_kubernetes_executor.py
[2024-11-18T16:32:39.594+0000] {logging_mixin.py:190} INFO - [2024-11-18T16:32:39.594+0000] {dag.py:3239} INFO - Sync 1 DAGs
[2024-11-18T16:32:39.628+0000] {logging_mixin.py:190} INFO - [2024-11-18T16:32:39.628+0000] {dag.py:4180} INFO - Setting next_dagrun for example_kubernetes_executor to None, run_after=None
[2024-11-18T16:32:39.667+0000] {processor.py:208} INFO - Processing /home/airflow/.local/lib/python3.12/site-packages/airflow/example_dags/example_kubernetes_executor.py took 0.293 seconds
[2024-11-18T16:33:10.475+0000] {processor.py:186} INFO - Started process (PID=1165) to work on /home/airflow/.local/lib/python3.12/site-packages/airflow/example_dags/example_kubernetes_executor.py
[2024-11-18T16:33:10.479+0000] {processor.py:914} INFO - Processing file /home/airflow/.local/lib/python3.12/site-packages/airflow/example_dags/example_kubernetes_executor.py for tasks to queue
[2024-11-18T16:33:10.482+0000] {logging_mixin.py:190} INFO - [2024-11-18T16:33:10.482+0000] {dagbag.py:588} INFO - Filling up the DagBag from /home/airflow/.local/lib/python3.12/site-packages/airflow/example_dags/example_kubernetes_executor.py
[2024-11-18T16:33:10.506+0000] {processor.py:925} INFO - DAG(s) 'example_kubernetes_executor' retrieved from /home/airflow/.local/lib/python3.12/site-packages/airflow/example_dags/example_kubernetes_executor.py
[2024-11-18T16:33:10.736+0000] {logging_mixin.py:190} INFO - [2024-11-18T16:33:10.736+0000] {dag.py:3239} INFO - Sync 1 DAGs
[2024-11-18T16:33:10.772+0000] {logging_mixin.py:190} INFO - [2024-11-18T16:33:10.771+0000] {dag.py:4180} INFO - Setting next_dagrun for example_kubernetes_executor to None, run_after=None
[2024-11-18T16:33:10.817+0000] {processor.py:208} INFO - Processing /home/airflow/.local/lib/python3.12/site-packages/airflow/example_dags/example_kubernetes_executor.py took 0.352 seconds
[2024-11-18T16:33:41.493+0000] {processor.py:186} INFO - Started process (PID=1228) to work on /home/airflow/.local/lib/python3.12/site-packages/airflow/example_dags/example_kubernetes_executor.py
[2024-11-18T16:33:41.494+0000] {processor.py:914} INFO - Processing file /home/airflow/.local/lib/python3.12/site-packages/airflow/example_dags/example_kubernetes_executor.py for tasks to queue
[2024-11-18T16:33:41.499+0000] {logging_mixin.py:190} INFO - [2024-11-18T16:33:41.497+0000] {dagbag.py:588} INFO - Filling up the DagBag from /home/airflow/.local/lib/python3.12/site-packages/airflow/example_dags/example_kubernetes_executor.py
[2024-11-18T16:33:41.525+0000] {processor.py:925} INFO - DAG(s) 'example_kubernetes_executor' retrieved from /home/airflow/.local/lib/python3.12/site-packages/airflow/example_dags/example_kubernetes_executor.py
[2024-11-18T16:33:41.588+0000] {logging_mixin.py:190} INFO - [2024-11-18T16:33:41.587+0000] {dag.py:3239} INFO - Sync 1 DAGs
[2024-11-18T16:33:41.610+0000] {logging_mixin.py:190} INFO - [2024-11-18T16:33:41.610+0000] {dag.py:4180} INFO - Setting next_dagrun for example_kubernetes_executor to None, run_after=None
[2024-11-18T16:33:41.700+0000] {processor.py:208} INFO - Processing /home/airflow/.local/lib/python3.12/site-packages/airflow/example_dags/example_kubernetes_executor.py took 0.215 seconds
[2024-11-18T16:34:12.499+0000] {processor.py:186} INFO - Started process (PID=1291) to work on /home/airflow/.local/lib/python3.12/site-packages/airflow/example_dags/example_kubernetes_executor.py
[2024-11-18T16:34:12.501+0000] {processor.py:914} INFO - Processing file /home/airflow/.local/lib/python3.12/site-packages/airflow/example_dags/example_kubernetes_executor.py for tasks to queue
[2024-11-18T16:34:12.504+0000] {logging_mixin.py:190} INFO - [2024-11-18T16:34:12.504+0000] {dagbag.py:588} INFO - Filling up the DagBag from /home/airflow/.local/lib/python3.12/site-packages/airflow/example_dags/example_kubernetes_executor.py
[2024-11-18T16:34:12.540+0000] {processor.py:925} INFO - DAG(s) 'example_kubernetes_executor' retrieved from /home/airflow/.local/lib/python3.12/site-packages/airflow/example_dags/example_kubernetes_executor.py
[2024-11-18T16:34:12.609+0000] {logging_mixin.py:190} INFO - [2024-11-18T16:34:12.609+0000] {dag.py:3239} INFO - Sync 1 DAGs
[2024-11-18T16:34:12.631+0000] {logging_mixin.py:190} INFO - [2024-11-18T16:34:12.631+0000] {dag.py:4180} INFO - Setting next_dagrun for example_kubernetes_executor to None, run_after=None
[2024-11-18T16:34:12.661+0000] {processor.py:208} INFO - Processing /home/airflow/.local/lib/python3.12/site-packages/airflow/example_dags/example_kubernetes_executor.py took 0.169 seconds
[2024-11-18T16:39:12.128+0000] {processor.py:186} INFO - Started process (PID=92) to work on /home/airflow/.local/lib/python3.12/site-packages/airflow/example_dags/example_kubernetes_executor.py
[2024-11-18T16:39:12.133+0000] {processor.py:914} INFO - Processing file /home/airflow/.local/lib/python3.12/site-packages/airflow/example_dags/example_kubernetes_executor.py for tasks to queue
[2024-11-18T16:39:12.144+0000] {logging_mixin.py:190} INFO - [2024-11-18T16:39:12.143+0000] {dagbag.py:588} INFO - Filling up the DagBag from /home/airflow/.local/lib/python3.12/site-packages/airflow/example_dags/example_kubernetes_executor.py
[2024-11-18T16:39:12.196+0000] {processor.py:925} INFO - DAG(s) 'example_kubernetes_executor' retrieved from /home/airflow/.local/lib/python3.12/site-packages/airflow/example_dags/example_kubernetes_executor.py
[2024-11-18T16:39:12.803+0000] {logging_mixin.py:190} INFO - [2024-11-18T16:39:12.799+0000] {dag.py:3239} INFO - Sync 1 DAGs
[2024-11-18T16:39:12.938+0000] {logging_mixin.py:190} INFO - [2024-11-18T16:39:12.938+0000] {dag.py:4180} INFO - Setting next_dagrun for example_kubernetes_executor to None, run_after=None
[2024-11-18T16:39:13.038+0000] {processor.py:208} INFO - Processing /home/airflow/.local/lib/python3.12/site-packages/airflow/example_dags/example_kubernetes_executor.py took 0.931 seconds
[2024-11-18T16:39:43.424+0000] {processor.py:186} INFO - Started process (PID=154) to work on /home/airflow/.local/lib/python3.12/site-packages/airflow/example_dags/example_kubernetes_executor.py
[2024-11-18T16:39:43.425+0000] {processor.py:914} INFO - Processing file /home/airflow/.local/lib/python3.12/site-packages/airflow/example_dags/example_kubernetes_executor.py for tasks to queue
[2024-11-18T16:39:43.428+0000] {logging_mixin.py:190} INFO - [2024-11-18T16:39:43.428+0000] {dagbag.py:588} INFO - Filling up the DagBag from /home/airflow/.local/lib/python3.12/site-packages/airflow/example_dags/example_kubernetes_executor.py
[2024-11-18T16:39:43.446+0000] {processor.py:925} INFO - DAG(s) 'example_kubernetes_executor' retrieved from /home/airflow/.local/lib/python3.12/site-packages/airflow/example_dags/example_kubernetes_executor.py
[2024-11-18T16:39:43.490+0000] {logging_mixin.py:190} INFO - [2024-11-18T16:39:43.490+0000] {dag.py:3239} INFO - Sync 1 DAGs
[2024-11-18T16:39:43.508+0000] {logging_mixin.py:190} INFO - [2024-11-18T16:39:43.508+0000] {dag.py:4180} INFO - Setting next_dagrun for example_kubernetes_executor to None, run_after=None
[2024-11-18T16:39:43.529+0000] {processor.py:208} INFO - Processing /home/airflow/.local/lib/python3.12/site-packages/airflow/example_dags/example_kubernetes_executor.py took 0.112 seconds
[2024-11-18T16:40:13.875+0000] {processor.py:186} INFO - Started process (PID=217) to work on /home/airflow/.local/lib/python3.12/site-packages/airflow/example_dags/example_kubernetes_executor.py
[2024-11-18T16:40:13.877+0000] {processor.py:914} INFO - Processing file /home/airflow/.local/lib/python3.12/site-packages/airflow/example_dags/example_kubernetes_executor.py for tasks to queue
[2024-11-18T16:40:13.880+0000] {logging_mixin.py:190} INFO - [2024-11-18T16:40:13.879+0000] {dagbag.py:588} INFO - Filling up the DagBag from /home/airflow/.local/lib/python3.12/site-packages/airflow/example_dags/example_kubernetes_executor.py
[2024-11-18T16:40:13.899+0000] {processor.py:925} INFO - DAG(s) 'example_kubernetes_executor' retrieved from /home/airflow/.local/lib/python3.12/site-packages/airflow/example_dags/example_kubernetes_executor.py
[2024-11-18T16:40:13.945+0000] {logging_mixin.py:190} INFO - [2024-11-18T16:40:13.945+0000] {dag.py:3239} INFO - Sync 1 DAGs
[2024-11-18T16:40:13.969+0000] {logging_mixin.py:190} INFO - [2024-11-18T16:40:13.969+0000] {dag.py:4180} INFO - Setting next_dagrun for example_kubernetes_executor to None, run_after=None
[2024-11-18T16:40:13.993+0000] {processor.py:208} INFO - Processing /home/airflow/.local/lib/python3.12/site-packages/airflow/example_dags/example_kubernetes_executor.py took 0.126 seconds
[2024-11-18T16:40:44.511+0000] {processor.py:186} INFO - Started process (PID=285) to work on /home/airflow/.local/lib/python3.12/site-packages/airflow/example_dags/example_kubernetes_executor.py
[2024-11-18T16:40:44.513+0000] {processor.py:914} INFO - Processing file /home/airflow/.local/lib/python3.12/site-packages/airflow/example_dags/example_kubernetes_executor.py for tasks to queue
[2024-11-18T16:40:44.516+0000] {logging_mixin.py:190} INFO - [2024-11-18T16:40:44.516+0000] {dagbag.py:588} INFO - Filling up the DagBag from /home/airflow/.local/lib/python3.12/site-packages/airflow/example_dags/example_kubernetes_executor.py
[2024-11-18T16:40:44.534+0000] {processor.py:925} INFO - DAG(s) 'example_kubernetes_executor' retrieved from /home/airflow/.local/lib/python3.12/site-packages/airflow/example_dags/example_kubernetes_executor.py
[2024-11-18T16:40:44.579+0000] {logging_mixin.py:190} INFO - [2024-11-18T16:40:44.578+0000] {dag.py:3239} INFO - Sync 1 DAGs
[2024-11-18T16:40:44.595+0000] {logging_mixin.py:190} INFO - [2024-11-18T16:40:44.595+0000] {dag.py:4180} INFO - Setting next_dagrun for example_kubernetes_executor to None, run_after=None
[2024-11-18T16:40:44.616+0000] {processor.py:208} INFO - Processing /home/airflow/.local/lib/python3.12/site-packages/airflow/example_dags/example_kubernetes_executor.py took 0.112 seconds
[2024-11-18T16:41:14.980+0000] {processor.py:186} INFO - Started process (PID=348) to work on /home/airflow/.local/lib/python3.12/site-packages/airflow/example_dags/example_kubernetes_executor.py
[2024-11-18T16:41:14.982+0000] {processor.py:914} INFO - Processing file /home/airflow/.local/lib/python3.12/site-packages/airflow/example_dags/example_kubernetes_executor.py for tasks to queue
[2024-11-18T16:41:14.985+0000] {logging_mixin.py:190} INFO - [2024-11-18T16:41:14.984+0000] {dagbag.py:588} INFO - Filling up the DagBag from /home/airflow/.local/lib/python3.12/site-packages/airflow/example_dags/example_kubernetes_executor.py
[2024-11-18T16:41:15.002+0000] {processor.py:925} INFO - DAG(s) 'example_kubernetes_executor' retrieved from /home/airflow/.local/lib/python3.12/site-packages/airflow/example_dags/example_kubernetes_executor.py
[2024-11-18T16:41:15.045+0000] {logging_mixin.py:190} INFO - [2024-11-18T16:41:15.044+0000] {dag.py:3239} INFO - Sync 1 DAGs
[2024-11-18T16:41:15.061+0000] {logging_mixin.py:190} INFO - [2024-11-18T16:41:15.061+0000] {dag.py:4180} INFO - Setting next_dagrun for example_kubernetes_executor to None, run_after=None
[2024-11-18T16:41:15.082+0000] {processor.py:208} INFO - Processing /home/airflow/.local/lib/python3.12/site-packages/airflow/example_dags/example_kubernetes_executor.py took 0.111 seconds
[2024-11-18T16:41:45.714+0000] {processor.py:186} INFO - Started process (PID=411) to work on /home/airflow/.local/lib/python3.12/site-packages/airflow/example_dags/example_kubernetes_executor.py
[2024-11-18T16:41:45.716+0000] {processor.py:914} INFO - Processing file /home/airflow/.local/lib/python3.12/site-packages/airflow/example_dags/example_kubernetes_executor.py for tasks to queue
[2024-11-18T16:41:45.719+0000] {logging_mixin.py:190} INFO - [2024-11-18T16:41:45.718+0000] {dagbag.py:588} INFO - Filling up the DagBag from /home/airflow/.local/lib/python3.12/site-packages/airflow/example_dags/example_kubernetes_executor.py
[2024-11-18T16:41:45.735+0000] {processor.py:925} INFO - DAG(s) 'example_kubernetes_executor' retrieved from /home/airflow/.local/lib/python3.12/site-packages/airflow/example_dags/example_kubernetes_executor.py
[2024-11-18T16:41:45.775+0000] {logging_mixin.py:190} INFO - [2024-11-18T16:41:45.775+0000] {dag.py:3239} INFO - Sync 1 DAGs
[2024-11-18T16:41:45.792+0000] {logging_mixin.py:190} INFO - [2024-11-18T16:41:45.791+0000] {dag.py:4180} INFO - Setting next_dagrun for example_kubernetes_executor to None, run_after=None
[2024-11-18T16:41:45.814+0000] {processor.py:208} INFO - Processing /home/airflow/.local/lib/python3.12/site-packages/airflow/example_dags/example_kubernetes_executor.py took 0.107 seconds
[2024-11-18T16:42:15.995+0000] {processor.py:186} INFO - Started process (PID=474) to work on /home/airflow/.local/lib/python3.12/site-packages/airflow/example_dags/example_kubernetes_executor.py
[2024-11-18T16:42:15.998+0000] {processor.py:914} INFO - Processing file /home/airflow/.local/lib/python3.12/site-packages/airflow/example_dags/example_kubernetes_executor.py for tasks to queue
[2024-11-18T16:42:16.002+0000] {logging_mixin.py:190} INFO - [2024-11-18T16:42:16.001+0000] {dagbag.py:588} INFO - Filling up the DagBag from /home/airflow/.local/lib/python3.12/site-packages/airflow/example_dags/example_kubernetes_executor.py
[2024-11-18T16:42:16.020+0000] {processor.py:925} INFO - DAG(s) 'example_kubernetes_executor' retrieved from /home/airflow/.local/lib/python3.12/site-packages/airflow/example_dags/example_kubernetes_executor.py
[2024-11-18T16:42:16.061+0000] {logging_mixin.py:190} INFO - [2024-11-18T16:42:16.061+0000] {dag.py:3239} INFO - Sync 1 DAGs
[2024-11-18T16:42:16.078+0000] {logging_mixin.py:190} INFO - [2024-11-18T16:42:16.078+0000] {dag.py:4180} INFO - Setting next_dagrun for example_kubernetes_executor to None, run_after=None
[2024-11-18T16:42:16.100+0000] {processor.py:208} INFO - Processing /home/airflow/.local/lib/python3.12/site-packages/airflow/example_dags/example_kubernetes_executor.py took 0.112 seconds
[2024-11-18T16:42:46.749+0000] {processor.py:186} INFO - Started process (PID=537) to work on /home/airflow/.local/lib/python3.12/site-packages/airflow/example_dags/example_kubernetes_executor.py
[2024-11-18T16:42:46.750+0000] {processor.py:914} INFO - Processing file /home/airflow/.local/lib/python3.12/site-packages/airflow/example_dags/example_kubernetes_executor.py for tasks to queue
[2024-11-18T16:42:46.753+0000] {logging_mixin.py:190} INFO - [2024-11-18T16:42:46.752+0000] {dagbag.py:588} INFO - Filling up the DagBag from /home/airflow/.local/lib/python3.12/site-packages/airflow/example_dags/example_kubernetes_executor.py
[2024-11-18T16:42:46.773+0000] {processor.py:925} INFO - DAG(s) 'example_kubernetes_executor' retrieved from /home/airflow/.local/lib/python3.12/site-packages/airflow/example_dags/example_kubernetes_executor.py
[2024-11-18T16:42:46.818+0000] {logging_mixin.py:190} INFO - [2024-11-18T16:42:46.818+0000] {dag.py:3239} INFO - Sync 1 DAGs
[2024-11-18T16:42:46.834+0000] {logging_mixin.py:190} INFO - [2024-11-18T16:42:46.834+0000] {dag.py:4180} INFO - Setting next_dagrun for example_kubernetes_executor to None, run_after=None
[2024-11-18T16:42:46.855+0000] {processor.py:208} INFO - Processing /home/airflow/.local/lib/python3.12/site-packages/airflow/example_dags/example_kubernetes_executor.py took 0.113 seconds
[2024-11-18T16:43:16.964+0000] {processor.py:186} INFO - Started process (PID=600) to work on /home/airflow/.local/lib/python3.12/site-packages/airflow/example_dags/example_kubernetes_executor.py
[2024-11-18T16:43:16.966+0000] {processor.py:914} INFO - Processing file /home/airflow/.local/lib/python3.12/site-packages/airflow/example_dags/example_kubernetes_executor.py for tasks to queue
[2024-11-18T16:43:16.969+0000] {logging_mixin.py:190} INFO - [2024-11-18T16:43:16.968+0000] {dagbag.py:588} INFO - Filling up the DagBag from /home/airflow/.local/lib/python3.12/site-packages/airflow/example_dags/example_kubernetes_executor.py
[2024-11-18T16:43:16.986+0000] {processor.py:925} INFO - DAG(s) 'example_kubernetes_executor' retrieved from /home/airflow/.local/lib/python3.12/site-packages/airflow/example_dags/example_kubernetes_executor.py
[2024-11-18T16:43:17.032+0000] {logging_mixin.py:190} INFO - [2024-11-18T16:43:17.031+0000] {dag.py:3239} INFO - Sync 1 DAGs
[2024-11-18T16:43:17.049+0000] {logging_mixin.py:190} INFO - [2024-11-18T16:43:17.048+0000] {dag.py:4180} INFO - Setting next_dagrun for example_kubernetes_executor to None, run_after=None
[2024-11-18T16:43:17.076+0000] {processor.py:208} INFO - Processing /home/airflow/.local/lib/python3.12/site-packages/airflow/example_dags/example_kubernetes_executor.py took 0.118 seconds
[2024-11-18T16:43:47.336+0000] {processor.py:186} INFO - Started process (PID=663) to work on /home/airflow/.local/lib/python3.12/site-packages/airflow/example_dags/example_kubernetes_executor.py
[2024-11-18T16:43:47.337+0000] {processor.py:914} INFO - Processing file /home/airflow/.local/lib/python3.12/site-packages/airflow/example_dags/example_kubernetes_executor.py for tasks to queue
[2024-11-18T16:43:47.341+0000] {logging_mixin.py:190} INFO - [2024-11-18T16:43:47.340+0000] {dagbag.py:588} INFO - Filling up the DagBag from /home/airflow/.local/lib/python3.12/site-packages/airflow/example_dags/example_kubernetes_executor.py
[2024-11-18T16:43:47.358+0000] {processor.py:925} INFO - DAG(s) 'example_kubernetes_executor' retrieved from /home/airflow/.local/lib/python3.12/site-packages/airflow/example_dags/example_kubernetes_executor.py
[2024-11-18T16:43:47.398+0000] {logging_mixin.py:190} INFO - [2024-11-18T16:43:47.398+0000] {dag.py:3239} INFO - Sync 1 DAGs
[2024-11-18T16:43:47.417+0000] {logging_mixin.py:190} INFO - [2024-11-18T16:43:47.417+0000] {dag.py:4180} INFO - Setting next_dagrun for example_kubernetes_executor to None, run_after=None
[2024-11-18T16:43:47.450+0000] {processor.py:208} INFO - Processing /home/airflow/.local/lib/python3.12/site-packages/airflow/example_dags/example_kubernetes_executor.py took 0.123 seconds
[2024-11-18T16:44:17.700+0000] {processor.py:186} INFO - Started process (PID=726) to work on /home/airflow/.local/lib/python3.12/site-packages/airflow/example_dags/example_kubernetes_executor.py
[2024-11-18T16:44:17.702+0000] {processor.py:914} INFO - Processing file /home/airflow/.local/lib/python3.12/site-packages/airflow/example_dags/example_kubernetes_executor.py for tasks to queue
[2024-11-18T16:44:17.705+0000] {logging_mixin.py:190} INFO - [2024-11-18T16:44:17.705+0000] {dagbag.py:588} INFO - Filling up the DagBag from /home/airflow/.local/lib/python3.12/site-packages/airflow/example_dags/example_kubernetes_executor.py
[2024-11-18T16:44:17.723+0000] {processor.py:925} INFO - DAG(s) 'example_kubernetes_executor' retrieved from /home/airflow/.local/lib/python3.12/site-packages/airflow/example_dags/example_kubernetes_executor.py
[2024-11-18T16:44:17.763+0000] {logging_mixin.py:190} INFO - [2024-11-18T16:44:17.762+0000] {dag.py:3239} INFO - Sync 1 DAGs
[2024-11-18T16:44:17.779+0000] {logging_mixin.py:190} INFO - [2024-11-18T16:44:17.779+0000] {dag.py:4180} INFO - Setting next_dagrun for example_kubernetes_executor to None, run_after=None
[2024-11-18T16:44:17.801+0000] {processor.py:208} INFO - Processing /home/airflow/.local/lib/python3.12/site-packages/airflow/example_dags/example_kubernetes_executor.py took 0.109 seconds
[2024-11-18T16:44:48.184+0000] {processor.py:186} INFO - Started process (PID=788) to work on /home/airflow/.local/lib/python3.12/site-packages/airflow/example_dags/example_kubernetes_executor.py
[2024-11-18T16:44:48.185+0000] {processor.py:914} INFO - Processing file /home/airflow/.local/lib/python3.12/site-packages/airflow/example_dags/example_kubernetes_executor.py for tasks to queue
[2024-11-18T16:44:48.188+0000] {logging_mixin.py:190} INFO - [2024-11-18T16:44:48.187+0000] {dagbag.py:588} INFO - Filling up the DagBag from /home/airflow/.local/lib/python3.12/site-packages/airflow/example_dags/example_kubernetes_executor.py
[2024-11-18T16:44:48.206+0000] {processor.py:925} INFO - DAG(s) 'example_kubernetes_executor' retrieved from /home/airflow/.local/lib/python3.12/site-packages/airflow/example_dags/example_kubernetes_executor.py
[2024-11-18T16:44:48.248+0000] {logging_mixin.py:190} INFO - [2024-11-18T16:44:48.248+0000] {dag.py:3239} INFO - Sync 1 DAGs
[2024-11-18T16:44:48.266+0000] {logging_mixin.py:190} INFO - [2024-11-18T16:44:48.266+0000] {dag.py:4180} INFO - Setting next_dagrun for example_kubernetes_executor to None, run_after=None
[2024-11-18T16:44:48.288+0000] {processor.py:208} INFO - Processing /home/airflow/.local/lib/python3.12/site-packages/airflow/example_dags/example_kubernetes_executor.py took 0.113 seconds
[2024-11-18T16:45:18.750+0000] {processor.py:186} INFO - Started process (PID=851) to work on /home/airflow/.local/lib/python3.12/site-packages/airflow/example_dags/example_kubernetes_executor.py
[2024-11-18T16:45:18.751+0000] {processor.py:914} INFO - Processing file /home/airflow/.local/lib/python3.12/site-packages/airflow/example_dags/example_kubernetes_executor.py for tasks to queue
[2024-11-18T16:45:18.754+0000] {logging_mixin.py:190} INFO - [2024-11-18T16:45:18.753+0000] {dagbag.py:588} INFO - Filling up the DagBag from /home/airflow/.local/lib/python3.12/site-packages/airflow/example_dags/example_kubernetes_executor.py
[2024-11-18T16:45:18.774+0000] {processor.py:925} INFO - DAG(s) 'example_kubernetes_executor' retrieved from /home/airflow/.local/lib/python3.12/site-packages/airflow/example_dags/example_kubernetes_executor.py
[2024-11-18T16:45:18.814+0000] {logging_mixin.py:190} INFO - [2024-11-18T16:45:18.814+0000] {dag.py:3239} INFO - Sync 1 DAGs
[2024-11-18T16:45:18.834+0000] {logging_mixin.py:190} INFO - [2024-11-18T16:45:18.834+0000] {dag.py:4180} INFO - Setting next_dagrun for example_kubernetes_executor to None, run_after=None
[2024-11-18T16:45:18.857+0000] {processor.py:208} INFO - Processing /home/airflow/.local/lib/python3.12/site-packages/airflow/example_dags/example_kubernetes_executor.py took 0.117 seconds
[2024-11-18T16:45:48.977+0000] {processor.py:186} INFO - Started process (PID=913) to work on /home/airflow/.local/lib/python3.12/site-packages/airflow/example_dags/example_kubernetes_executor.py
[2024-11-18T16:45:48.978+0000] {processor.py:914} INFO - Processing file /home/airflow/.local/lib/python3.12/site-packages/airflow/example_dags/example_kubernetes_executor.py for tasks to queue
[2024-11-18T16:45:48.981+0000] {logging_mixin.py:190} INFO - [2024-11-18T16:45:48.981+0000] {dagbag.py:588} INFO - Filling up the DagBag from /home/airflow/.local/lib/python3.12/site-packages/airflow/example_dags/example_kubernetes_executor.py
[2024-11-18T16:45:48.998+0000] {processor.py:925} INFO - DAG(s) 'example_kubernetes_executor' retrieved from /home/airflow/.local/lib/python3.12/site-packages/airflow/example_dags/example_kubernetes_executor.py
[2024-11-18T16:45:49.038+0000] {logging_mixin.py:190} INFO - [2024-11-18T16:45:49.038+0000] {dag.py:3239} INFO - Sync 1 DAGs
[2024-11-18T16:45:49.057+0000] {logging_mixin.py:190} INFO - [2024-11-18T16:45:49.056+0000] {dag.py:4180} INFO - Setting next_dagrun for example_kubernetes_executor to None, run_after=None
[2024-11-18T16:45:49.081+0000] {processor.py:208} INFO - Processing /home/airflow/.local/lib/python3.12/site-packages/airflow/example_dags/example_kubernetes_executor.py took 0.113 seconds
[2024-11-18T16:46:19.237+0000] {processor.py:186} INFO - Started process (PID=976) to work on /home/airflow/.local/lib/python3.12/site-packages/airflow/example_dags/example_kubernetes_executor.py
[2024-11-18T16:46:19.238+0000] {processor.py:914} INFO - Processing file /home/airflow/.local/lib/python3.12/site-packages/airflow/example_dags/example_kubernetes_executor.py for tasks to queue
[2024-11-18T16:46:19.241+0000] {logging_mixin.py:190} INFO - [2024-11-18T16:46:19.241+0000] {dagbag.py:588} INFO - Filling up the DagBag from /home/airflow/.local/lib/python3.12/site-packages/airflow/example_dags/example_kubernetes_executor.py
[2024-11-18T16:46:19.258+0000] {processor.py:925} INFO - DAG(s) 'example_kubernetes_executor' retrieved from /home/airflow/.local/lib/python3.12/site-packages/airflow/example_dags/example_kubernetes_executor.py
[2024-11-18T16:46:19.298+0000] {logging_mixin.py:190} INFO - [2024-11-18T16:46:19.298+0000] {dag.py:3239} INFO - Sync 1 DAGs
[2024-11-18T16:46:19.315+0000] {logging_mixin.py:190} INFO - [2024-11-18T16:46:19.314+0000] {dag.py:4180} INFO - Setting next_dagrun for example_kubernetes_executor to None, run_after=None
[2024-11-18T16:46:19.336+0000] {processor.py:208} INFO - Processing /home/airflow/.local/lib/python3.12/site-packages/airflow/example_dags/example_kubernetes_executor.py took 0.107 seconds
[2024-11-18T16:46:49.402+0000] {processor.py:186} INFO - Started process (PID=1039) to work on /home/airflow/.local/lib/python3.12/site-packages/airflow/example_dags/example_kubernetes_executor.py
[2024-11-18T16:46:49.403+0000] {processor.py:914} INFO - Processing file /home/airflow/.local/lib/python3.12/site-packages/airflow/example_dags/example_kubernetes_executor.py for tasks to queue
[2024-11-18T16:46:49.406+0000] {logging_mixin.py:190} INFO - [2024-11-18T16:46:49.406+0000] {dagbag.py:588} INFO - Filling up the DagBag from /home/airflow/.local/lib/python3.12/site-packages/airflow/example_dags/example_kubernetes_executor.py
[2024-11-18T16:46:49.424+0000] {processor.py:925} INFO - DAG(s) 'example_kubernetes_executor' retrieved from /home/airflow/.local/lib/python3.12/site-packages/airflow/example_dags/example_kubernetes_executor.py
[2024-11-18T16:46:49.465+0000] {logging_mixin.py:190} INFO - [2024-11-18T16:46:49.464+0000] {dag.py:3239} INFO - Sync 1 DAGs
[2024-11-18T16:46:49.481+0000] {logging_mixin.py:190} INFO - [2024-11-18T16:46:49.481+0000] {dag.py:4180} INFO - Setting next_dagrun for example_kubernetes_executor to None, run_after=None
[2024-11-18T16:46:49.501+0000] {processor.py:208} INFO - Processing /home/airflow/.local/lib/python3.12/site-packages/airflow/example_dags/example_kubernetes_executor.py took 0.109 seconds
[2024-11-18T16:47:19.730+0000] {processor.py:186} INFO - Started process (PID=1102) to work on /home/airflow/.local/lib/python3.12/site-packages/airflow/example_dags/example_kubernetes_executor.py
[2024-11-18T16:47:19.732+0000] {processor.py:914} INFO - Processing file /home/airflow/.local/lib/python3.12/site-packages/airflow/example_dags/example_kubernetes_executor.py for tasks to queue
[2024-11-18T16:47:19.735+0000] {logging_mixin.py:190} INFO - [2024-11-18T16:47:19.735+0000] {dagbag.py:588} INFO - Filling up the DagBag from /home/airflow/.local/lib/python3.12/site-packages/airflow/example_dags/example_kubernetes_executor.py
[2024-11-18T16:47:19.756+0000] {processor.py:925} INFO - DAG(s) 'example_kubernetes_executor' retrieved from /home/airflow/.local/lib/python3.12/site-packages/airflow/example_dags/example_kubernetes_executor.py
[2024-11-18T16:47:19.808+0000] {logging_mixin.py:190} INFO - [2024-11-18T16:47:19.807+0000] {dag.py:3239} INFO - Sync 1 DAGs
[2024-11-18T16:47:19.828+0000] {logging_mixin.py:190} INFO - [2024-11-18T16:47:19.828+0000] {dag.py:4180} INFO - Setting next_dagrun for example_kubernetes_executor to None, run_after=None
[2024-11-18T16:47:19.856+0000] {processor.py:208} INFO - Processing /home/airflow/.local/lib/python3.12/site-packages/airflow/example_dags/example_kubernetes_executor.py took 0.135 seconds
[2024-11-18T16:47:50.609+0000] {processor.py:186} INFO - Started process (PID=1165) to work on /home/airflow/.local/lib/python3.12/site-packages/airflow/example_dags/example_kubernetes_executor.py
[2024-11-18T16:47:50.610+0000] {processor.py:914} INFO - Processing file /home/airflow/.local/lib/python3.12/site-packages/airflow/example_dags/example_kubernetes_executor.py for tasks to queue
[2024-11-18T16:47:50.613+0000] {logging_mixin.py:190} INFO - [2024-11-18T16:47:50.612+0000] {dagbag.py:588} INFO - Filling up the DagBag from /home/airflow/.local/lib/python3.12/site-packages/airflow/example_dags/example_kubernetes_executor.py
[2024-11-18T16:47:50.629+0000] {processor.py:925} INFO - DAG(s) 'example_kubernetes_executor' retrieved from /home/airflow/.local/lib/python3.12/site-packages/airflow/example_dags/example_kubernetes_executor.py
[2024-11-18T16:47:50.671+0000] {logging_mixin.py:190} INFO - [2024-11-18T16:47:50.671+0000] {dag.py:3239} INFO - Sync 1 DAGs
[2024-11-18T16:47:50.692+0000] {logging_mixin.py:190} INFO - [2024-11-18T16:47:50.691+0000] {dag.py:4180} INFO - Setting next_dagrun for example_kubernetes_executor to None, run_after=None
[2024-11-18T16:47:50.716+0000] {processor.py:208} INFO - Processing /home/airflow/.local/lib/python3.12/site-packages/airflow/example_dags/example_kubernetes_executor.py took 0.115 seconds
[2024-11-18T16:48:21.560+0000] {processor.py:186} INFO - Started process (PID=1228) to work on /home/airflow/.local/lib/python3.12/site-packages/airflow/example_dags/example_kubernetes_executor.py
[2024-11-18T16:48:21.561+0000] {processor.py:914} INFO - Processing file /home/airflow/.local/lib/python3.12/site-packages/airflow/example_dags/example_kubernetes_executor.py for tasks to queue
[2024-11-18T16:48:21.563+0000] {logging_mixin.py:190} INFO - [2024-11-18T16:48:21.563+0000] {dagbag.py:588} INFO - Filling up the DagBag from /home/airflow/.local/lib/python3.12/site-packages/airflow/example_dags/example_kubernetes_executor.py
[2024-11-18T16:48:21.579+0000] {processor.py:925} INFO - DAG(s) 'example_kubernetes_executor' retrieved from /home/airflow/.local/lib/python3.12/site-packages/airflow/example_dags/example_kubernetes_executor.py
[2024-11-18T16:48:21.617+0000] {logging_mixin.py:190} INFO - [2024-11-18T16:48:21.617+0000] {dag.py:3239} INFO - Sync 1 DAGs
[2024-11-18T16:48:21.635+0000] {logging_mixin.py:190} INFO - [2024-11-18T16:48:21.635+0000] {dag.py:4180} INFO - Setting next_dagrun for example_kubernetes_executor to None, run_after=None
[2024-11-18T16:48:21.656+0000] {processor.py:208} INFO - Processing /home/airflow/.local/lib/python3.12/site-packages/airflow/example_dags/example_kubernetes_executor.py took 0.104 seconds
[2024-11-18T16:48:51.755+0000] {processor.py:186} INFO - Started process (PID=1291) to work on /home/airflow/.local/lib/python3.12/site-packages/airflow/example_dags/example_kubernetes_executor.py
[2024-11-18T16:48:51.756+0000] {processor.py:914} INFO - Processing file /home/airflow/.local/lib/python3.12/site-packages/airflow/example_dags/example_kubernetes_executor.py for tasks to queue
[2024-11-18T16:48:51.759+0000] {logging_mixin.py:190} INFO - [2024-11-18T16:48:51.759+0000] {dagbag.py:588} INFO - Filling up the DagBag from /home/airflow/.local/lib/python3.12/site-packages/airflow/example_dags/example_kubernetes_executor.py
[2024-11-18T16:48:51.776+0000] {processor.py:925} INFO - DAG(s) 'example_kubernetes_executor' retrieved from /home/airflow/.local/lib/python3.12/site-packages/airflow/example_dags/example_kubernetes_executor.py
[2024-11-18T16:48:51.816+0000] {logging_mixin.py:190} INFO - [2024-11-18T16:48:51.816+0000] {dag.py:3239} INFO - Sync 1 DAGs
[2024-11-18T16:48:51.835+0000] {logging_mixin.py:190} INFO - [2024-11-18T16:48:51.834+0000] {dag.py:4180} INFO - Setting next_dagrun for example_kubernetes_executor to None, run_after=None
[2024-11-18T16:48:51.858+0000] {processor.py:208} INFO - Processing /home/airflow/.local/lib/python3.12/site-packages/airflow/example_dags/example_kubernetes_executor.py took 0.110 seconds
[2024-11-18T16:49:22.466+0000] {processor.py:186} INFO - Started process (PID=1354) to work on /home/airflow/.local/lib/python3.12/site-packages/airflow/example_dags/example_kubernetes_executor.py
[2024-11-18T16:49:22.467+0000] {processor.py:914} INFO - Processing file /home/airflow/.local/lib/python3.12/site-packages/airflow/example_dags/example_kubernetes_executor.py for tasks to queue
[2024-11-18T16:49:22.470+0000] {logging_mixin.py:190} INFO - [2024-11-18T16:49:22.470+0000] {dagbag.py:588} INFO - Filling up the DagBag from /home/airflow/.local/lib/python3.12/site-packages/airflow/example_dags/example_kubernetes_executor.py
[2024-11-18T16:49:22.489+0000] {processor.py:925} INFO - DAG(s) 'example_kubernetes_executor' retrieved from /home/airflow/.local/lib/python3.12/site-packages/airflow/example_dags/example_kubernetes_executor.py
[2024-11-18T16:49:22.530+0000] {logging_mixin.py:190} INFO - [2024-11-18T16:49:22.529+0000] {dag.py:3239} INFO - Sync 1 DAGs
[2024-11-18T16:49:22.547+0000] {logging_mixin.py:190} INFO - [2024-11-18T16:49:22.547+0000] {dag.py:4180} INFO - Setting next_dagrun for example_kubernetes_executor to None, run_after=None
[2024-11-18T16:49:22.567+0000] {processor.py:208} INFO - Processing /home/airflow/.local/lib/python3.12/site-packages/airflow/example_dags/example_kubernetes_executor.py took 0.110 seconds
[2024-11-18T16:49:52.695+0000] {processor.py:186} INFO - Started process (PID=1417) to work on /home/airflow/.local/lib/python3.12/site-packages/airflow/example_dags/example_kubernetes_executor.py
[2024-11-18T16:49:52.696+0000] {processor.py:914} INFO - Processing file /home/airflow/.local/lib/python3.12/site-packages/airflow/example_dags/example_kubernetes_executor.py for tasks to queue
[2024-11-18T16:49:52.699+0000] {logging_mixin.py:190} INFO - [2024-11-18T16:49:52.699+0000] {dagbag.py:588} INFO - Filling up the DagBag from /home/airflow/.local/lib/python3.12/site-packages/airflow/example_dags/example_kubernetes_executor.py
[2024-11-18T16:49:52.716+0000] {processor.py:925} INFO - DAG(s) 'example_kubernetes_executor' retrieved from /home/airflow/.local/lib/python3.12/site-packages/airflow/example_dags/example_kubernetes_executor.py
[2024-11-18T16:49:52.757+0000] {logging_mixin.py:190} INFO - [2024-11-18T16:49:52.757+0000] {dag.py:3239} INFO - Sync 1 DAGs
[2024-11-18T16:49:52.774+0000] {logging_mixin.py:190} INFO - [2024-11-18T16:49:52.773+0000] {dag.py:4180} INFO - Setting next_dagrun for example_kubernetes_executor to None, run_after=None
[2024-11-18T16:49:52.795+0000] {processor.py:208} INFO - Processing /home/airflow/.local/lib/python3.12/site-packages/airflow/example_dags/example_kubernetes_executor.py took 0.108 seconds
[2024-11-18T16:50:23.010+0000] {processor.py:186} INFO - Started process (PID=1480) to work on /home/airflow/.local/lib/python3.12/site-packages/airflow/example_dags/example_kubernetes_executor.py
[2024-11-18T16:50:23.012+0000] {processor.py:914} INFO - Processing file /home/airflow/.local/lib/python3.12/site-packages/airflow/example_dags/example_kubernetes_executor.py for tasks to queue
[2024-11-18T16:50:23.015+0000] {logging_mixin.py:190} INFO - [2024-11-18T16:50:23.014+0000] {dagbag.py:588} INFO - Filling up the DagBag from /home/airflow/.local/lib/python3.12/site-packages/airflow/example_dags/example_kubernetes_executor.py
[2024-11-18T16:50:23.032+0000] {processor.py:925} INFO - DAG(s) 'example_kubernetes_executor' retrieved from /home/airflow/.local/lib/python3.12/site-packages/airflow/example_dags/example_kubernetes_executor.py
[2024-11-18T16:50:23.076+0000] {logging_mixin.py:190} INFO - [2024-11-18T16:50:23.076+0000] {dag.py:3239} INFO - Sync 1 DAGs
[2024-11-18T16:50:23.093+0000] {logging_mixin.py:190} INFO - [2024-11-18T16:50:23.093+0000] {dag.py:4180} INFO - Setting next_dagrun for example_kubernetes_executor to None, run_after=None
[2024-11-18T16:50:23.114+0000] {processor.py:208} INFO - Processing /home/airflow/.local/lib/python3.12/site-packages/airflow/example_dags/example_kubernetes_executor.py took 0.113 seconds
[2024-11-18T16:50:53.630+0000] {processor.py:186} INFO - Started process (PID=1543) to work on /home/airflow/.local/lib/python3.12/site-packages/airflow/example_dags/example_kubernetes_executor.py
[2024-11-18T16:50:53.631+0000] {processor.py:914} INFO - Processing file /home/airflow/.local/lib/python3.12/site-packages/airflow/example_dags/example_kubernetes_executor.py for tasks to queue
[2024-11-18T16:50:53.637+0000] {logging_mixin.py:190} INFO - [2024-11-18T16:50:53.636+0000] {dagbag.py:588} INFO - Filling up the DagBag from /home/airflow/.local/lib/python3.12/site-packages/airflow/example_dags/example_kubernetes_executor.py
[2024-11-18T16:50:53.752+0000] {processor.py:925} INFO - DAG(s) 'example_kubernetes_executor' retrieved from /home/airflow/.local/lib/python3.12/site-packages/airflow/example_dags/example_kubernetes_executor.py
[2024-11-18T16:50:53.807+0000] {logging_mixin.py:190} INFO - [2024-11-18T16:50:53.807+0000] {dag.py:3239} INFO - Sync 1 DAGs
[2024-11-18T16:50:53.828+0000] {logging_mixin.py:190} INFO - [2024-11-18T16:50:53.828+0000] {dag.py:4180} INFO - Setting next_dagrun for example_kubernetes_executor to None, run_after=None
[2024-11-18T16:50:53.852+0000] {processor.py:208} INFO - Processing /home/airflow/.local/lib/python3.12/site-packages/airflow/example_dags/example_kubernetes_executor.py took 0.231 seconds
[2024-11-18T16:51:24.392+0000] {processor.py:186} INFO - Started process (PID=1606) to work on /home/airflow/.local/lib/python3.12/site-packages/airflow/example_dags/example_kubernetes_executor.py
[2024-11-18T16:51:24.393+0000] {processor.py:914} INFO - Processing file /home/airflow/.local/lib/python3.12/site-packages/airflow/example_dags/example_kubernetes_executor.py for tasks to queue
[2024-11-18T16:51:24.396+0000] {logging_mixin.py:190} INFO - [2024-11-18T16:51:24.396+0000] {dagbag.py:588} INFO - Filling up the DagBag from /home/airflow/.local/lib/python3.12/site-packages/airflow/example_dags/example_kubernetes_executor.py
[2024-11-18T16:51:24.413+0000] {processor.py:925} INFO - DAG(s) 'example_kubernetes_executor' retrieved from /home/airflow/.local/lib/python3.12/site-packages/airflow/example_dags/example_kubernetes_executor.py
[2024-11-18T16:51:24.455+0000] {logging_mixin.py:190} INFO - [2024-11-18T16:51:24.455+0000] {dag.py:3239} INFO - Sync 1 DAGs
[2024-11-18T16:51:24.474+0000] {logging_mixin.py:190} INFO - [2024-11-18T16:51:24.474+0000] {dag.py:4180} INFO - Setting next_dagrun for example_kubernetes_executor to None, run_after=None
[2024-11-18T16:51:24.500+0000] {processor.py:208} INFO - Processing /home/airflow/.local/lib/python3.12/site-packages/airflow/example_dags/example_kubernetes_executor.py took 0.116 seconds
[2024-11-18T16:51:54.614+0000] {processor.py:186} INFO - Started process (PID=1668) to work on /home/airflow/.local/lib/python3.12/site-packages/airflow/example_dags/example_kubernetes_executor.py
[2024-11-18T16:51:54.616+0000] {processor.py:914} INFO - Processing file /home/airflow/.local/lib/python3.12/site-packages/airflow/example_dags/example_kubernetes_executor.py for tasks to queue
[2024-11-18T16:51:54.619+0000] {logging_mixin.py:190} INFO - [2024-11-18T16:51:54.618+0000] {dagbag.py:588} INFO - Filling up the DagBag from /home/airflow/.local/lib/python3.12/site-packages/airflow/example_dags/example_kubernetes_executor.py
[2024-11-18T16:51:54.636+0000] {processor.py:925} INFO - DAG(s) 'example_kubernetes_executor' retrieved from /home/airflow/.local/lib/python3.12/site-packages/airflow/example_dags/example_kubernetes_executor.py
[2024-11-18T16:51:54.674+0000] {logging_mixin.py:190} INFO - [2024-11-18T16:51:54.674+0000] {dag.py:3239} INFO - Sync 1 DAGs
[2024-11-18T16:51:54.692+0000] {logging_mixin.py:190} INFO - [2024-11-18T16:51:54.692+0000] {dag.py:4180} INFO - Setting next_dagrun for example_kubernetes_executor to None, run_after=None
[2024-11-18T16:51:54.713+0000] {processor.py:208} INFO - Processing /home/airflow/.local/lib/python3.12/site-packages/airflow/example_dags/example_kubernetes_executor.py took 0.107 seconds
[2024-11-18T16:52:24.927+0000] {processor.py:186} INFO - Started process (PID=1731) to work on /home/airflow/.local/lib/python3.12/site-packages/airflow/example_dags/example_kubernetes_executor.py
[2024-11-18T16:52:24.929+0000] {processor.py:914} INFO - Processing file /home/airflow/.local/lib/python3.12/site-packages/airflow/example_dags/example_kubernetes_executor.py for tasks to queue
[2024-11-18T16:52:24.932+0000] {logging_mixin.py:190} INFO - [2024-11-18T16:52:24.932+0000] {dagbag.py:588} INFO - Filling up the DagBag from /home/airflow/.local/lib/python3.12/site-packages/airflow/example_dags/example_kubernetes_executor.py
[2024-11-18T16:52:24.951+0000] {processor.py:925} INFO - DAG(s) 'example_kubernetes_executor' retrieved from /home/airflow/.local/lib/python3.12/site-packages/airflow/example_dags/example_kubernetes_executor.py
[2024-11-18T16:52:24.992+0000] {logging_mixin.py:190} INFO - [2024-11-18T16:52:24.991+0000] {dag.py:3239} INFO - Sync 1 DAGs
[2024-11-18T16:52:25.008+0000] {logging_mixin.py:190} INFO - [2024-11-18T16:52:25.008+0000] {dag.py:4180} INFO - Setting next_dagrun for example_kubernetes_executor to None, run_after=None
[2024-11-18T16:52:25.028+0000] {processor.py:208} INFO - Processing /home/airflow/.local/lib/python3.12/site-packages/airflow/example_dags/example_kubernetes_executor.py took 0.109 seconds
[2024-11-18T16:52:55.397+0000] {processor.py:186} INFO - Started process (PID=1792) to work on /home/airflow/.local/lib/python3.12/site-packages/airflow/example_dags/example_kubernetes_executor.py
[2024-11-18T16:52:55.398+0000] {processor.py:914} INFO - Processing file /home/airflow/.local/lib/python3.12/site-packages/airflow/example_dags/example_kubernetes_executor.py for tasks to queue
[2024-11-18T16:52:55.402+0000] {logging_mixin.py:190} INFO - [2024-11-18T16:52:55.402+0000] {dagbag.py:588} INFO - Filling up the DagBag from /home/airflow/.local/lib/python3.12/site-packages/airflow/example_dags/example_kubernetes_executor.py
[2024-11-18T16:52:55.422+0000] {processor.py:925} INFO - DAG(s) 'example_kubernetes_executor' retrieved from /home/airflow/.local/lib/python3.12/site-packages/airflow/example_dags/example_kubernetes_executor.py
[2024-11-18T16:52:55.471+0000] {logging_mixin.py:190} INFO - [2024-11-18T16:52:55.471+0000] {dag.py:3239} INFO - Sync 1 DAGs
[2024-11-18T16:52:55.493+0000] {logging_mixin.py:190} INFO - [2024-11-18T16:52:55.493+0000] {dag.py:4180} INFO - Setting next_dagrun for example_kubernetes_executor to None, run_after=None
[2024-11-18T16:52:55.516+0000] {processor.py:208} INFO - Processing /home/airflow/.local/lib/python3.12/site-packages/airflow/example_dags/example_kubernetes_executor.py took 0.126 seconds
[2024-11-18T16:53:25.658+0000] {processor.py:186} INFO - Started process (PID=1855) to work on /home/airflow/.local/lib/python3.12/site-packages/airflow/example_dags/example_kubernetes_executor.py
[2024-11-18T16:53:25.659+0000] {processor.py:914} INFO - Processing file /home/airflow/.local/lib/python3.12/site-packages/airflow/example_dags/example_kubernetes_executor.py for tasks to queue
[2024-11-18T16:53:25.662+0000] {logging_mixin.py:190} INFO - [2024-11-18T16:53:25.662+0000] {dagbag.py:588} INFO - Filling up the DagBag from /home/airflow/.local/lib/python3.12/site-packages/airflow/example_dags/example_kubernetes_executor.py
[2024-11-18T16:53:25.683+0000] {processor.py:925} INFO - DAG(s) 'example_kubernetes_executor' retrieved from /home/airflow/.local/lib/python3.12/site-packages/airflow/example_dags/example_kubernetes_executor.py
[2024-11-18T16:53:25.724+0000] {logging_mixin.py:190} INFO - [2024-11-18T16:53:25.724+0000] {dag.py:3239} INFO - Sync 1 DAGs
[2024-11-18T16:53:25.740+0000] {logging_mixin.py:190} INFO - [2024-11-18T16:53:25.740+0000] {dag.py:4180} INFO - Setting next_dagrun for example_kubernetes_executor to None, run_after=None
[2024-11-18T16:53:25.760+0000] {processor.py:208} INFO - Processing /home/airflow/.local/lib/python3.12/site-packages/airflow/example_dags/example_kubernetes_executor.py took 0.111 seconds
[2024-11-18T16:53:55.928+0000] {processor.py:186} INFO - Started process (PID=1918) to work on /home/airflow/.local/lib/python3.12/site-packages/airflow/example_dags/example_kubernetes_executor.py
[2024-11-18T16:53:55.929+0000] {processor.py:914} INFO - Processing file /home/airflow/.local/lib/python3.12/site-packages/airflow/example_dags/example_kubernetes_executor.py for tasks to queue
[2024-11-18T16:53:55.932+0000] {logging_mixin.py:190} INFO - [2024-11-18T16:53:55.931+0000] {dagbag.py:588} INFO - Filling up the DagBag from /home/airflow/.local/lib/python3.12/site-packages/airflow/example_dags/example_kubernetes_executor.py
[2024-11-18T16:53:55.951+0000] {processor.py:925} INFO - DAG(s) 'example_kubernetes_executor' retrieved from /home/airflow/.local/lib/python3.12/site-packages/airflow/example_dags/example_kubernetes_executor.py
[2024-11-18T16:53:55.990+0000] {logging_mixin.py:190} INFO - [2024-11-18T16:53:55.990+0000] {dag.py:3239} INFO - Sync 1 DAGs
[2024-11-18T16:53:56.007+0000] {logging_mixin.py:190} INFO - [2024-11-18T16:53:56.007+0000] {dag.py:4180} INFO - Setting next_dagrun for example_kubernetes_executor to None, run_after=None
[2024-11-18T16:53:56.028+0000] {processor.py:208} INFO - Processing /home/airflow/.local/lib/python3.12/site-packages/airflow/example_dags/example_kubernetes_executor.py took 0.109 seconds
[2024-11-18T16:54:26.474+0000] {processor.py:186} INFO - Started process (PID=1981) to work on /home/airflow/.local/lib/python3.12/site-packages/airflow/example_dags/example_kubernetes_executor.py
[2024-11-18T16:54:26.475+0000] {processor.py:914} INFO - Processing file /home/airflow/.local/lib/python3.12/site-packages/airflow/example_dags/example_kubernetes_executor.py for tasks to queue
[2024-11-18T16:54:26.480+0000] {logging_mixin.py:190} INFO - [2024-11-18T16:54:26.479+0000] {dagbag.py:588} INFO - Filling up the DagBag from /home/airflow/.local/lib/python3.12/site-packages/airflow/example_dags/example_kubernetes_executor.py
[2024-11-18T16:54:26.500+0000] {processor.py:925} INFO - DAG(s) 'example_kubernetes_executor' retrieved from /home/airflow/.local/lib/python3.12/site-packages/airflow/example_dags/example_kubernetes_executor.py
[2024-11-18T16:54:26.561+0000] {logging_mixin.py:190} INFO - [2024-11-18T16:54:26.560+0000] {dag.py:3239} INFO - Sync 1 DAGs
[2024-11-18T16:54:26.584+0000] {logging_mixin.py:190} INFO - [2024-11-18T16:54:26.583+0000] {dag.py:4180} INFO - Setting next_dagrun for example_kubernetes_executor to None, run_after=None
[2024-11-18T16:54:26.607+0000] {processor.py:208} INFO - Processing /home/airflow/.local/lib/python3.12/site-packages/airflow/example_dags/example_kubernetes_executor.py took 0.143 seconds
[2024-11-18T16:54:57.476+0000] {processor.py:186} INFO - Started process (PID=2043) to work on /home/airflow/.local/lib/python3.12/site-packages/airflow/example_dags/example_kubernetes_executor.py
[2024-11-18T16:54:57.478+0000] {processor.py:914} INFO - Processing file /home/airflow/.local/lib/python3.12/site-packages/airflow/example_dags/example_kubernetes_executor.py for tasks to queue
[2024-11-18T16:54:57.480+0000] {logging_mixin.py:190} INFO - [2024-11-18T16:54:57.480+0000] {dagbag.py:588} INFO - Filling up the DagBag from /home/airflow/.local/lib/python3.12/site-packages/airflow/example_dags/example_kubernetes_executor.py
[2024-11-18T16:54:57.498+0000] {processor.py:925} INFO - DAG(s) 'example_kubernetes_executor' retrieved from /home/airflow/.local/lib/python3.12/site-packages/airflow/example_dags/example_kubernetes_executor.py
[2024-11-18T16:54:57.544+0000] {logging_mixin.py:190} INFO - [2024-11-18T16:54:57.543+0000] {dag.py:3239} INFO - Sync 1 DAGs
[2024-11-18T16:54:57.567+0000] {logging_mixin.py:190} INFO - [2024-11-18T16:54:57.567+0000] {dag.py:4180} INFO - Setting next_dagrun for example_kubernetes_executor to None, run_after=None
[2024-11-18T16:54:57.596+0000] {processor.py:208} INFO - Processing /home/airflow/.local/lib/python3.12/site-packages/airflow/example_dags/example_kubernetes_executor.py took 0.126 seconds
[2024-11-18T16:55:28.398+0000] {processor.py:186} INFO - Started process (PID=2105) to work on /home/airflow/.local/lib/python3.12/site-packages/airflow/example_dags/example_kubernetes_executor.py
[2024-11-18T16:55:28.399+0000] {processor.py:914} INFO - Processing file /home/airflow/.local/lib/python3.12/site-packages/airflow/example_dags/example_kubernetes_executor.py for tasks to queue
[2024-11-18T16:55:28.402+0000] {logging_mixin.py:190} INFO - [2024-11-18T16:55:28.402+0000] {dagbag.py:588} INFO - Filling up the DagBag from /home/airflow/.local/lib/python3.12/site-packages/airflow/example_dags/example_kubernetes_executor.py
[2024-11-18T16:55:28.422+0000] {processor.py:925} INFO - DAG(s) 'example_kubernetes_executor' retrieved from /home/airflow/.local/lib/python3.12/site-packages/airflow/example_dags/example_kubernetes_executor.py
[2024-11-18T16:55:28.465+0000] {logging_mixin.py:190} INFO - [2024-11-18T16:55:28.464+0000] {dag.py:3239} INFO - Sync 1 DAGs
[2024-11-18T16:55:28.481+0000] {logging_mixin.py:190} INFO - [2024-11-18T16:55:28.481+0000] {dag.py:4180} INFO - Setting next_dagrun for example_kubernetes_executor to None, run_after=None
[2024-11-18T16:55:28.505+0000] {processor.py:208} INFO - Processing /home/airflow/.local/lib/python3.12/site-packages/airflow/example_dags/example_kubernetes_executor.py took 0.114 seconds
[2024-11-18T16:55:58.807+0000] {processor.py:186} INFO - Started process (PID=2169) to work on /home/airflow/.local/lib/python3.12/site-packages/airflow/example_dags/example_kubernetes_executor.py
[2024-11-18T16:55:58.808+0000] {processor.py:914} INFO - Processing file /home/airflow/.local/lib/python3.12/site-packages/airflow/example_dags/example_kubernetes_executor.py for tasks to queue
[2024-11-18T16:55:58.810+0000] {logging_mixin.py:190} INFO - [2024-11-18T16:55:58.810+0000] {dagbag.py:588} INFO - Filling up the DagBag from /home/airflow/.local/lib/python3.12/site-packages/airflow/example_dags/example_kubernetes_executor.py
[2024-11-18T16:55:58.832+0000] {processor.py:925} INFO - DAG(s) 'example_kubernetes_executor' retrieved from /home/airflow/.local/lib/python3.12/site-packages/airflow/example_dags/example_kubernetes_executor.py
[2024-11-18T16:55:58.872+0000] {logging_mixin.py:190} INFO - [2024-11-18T16:55:58.872+0000] {dag.py:3239} INFO - Sync 1 DAGs
[2024-11-18T16:55:58.890+0000] {logging_mixin.py:190} INFO - [2024-11-18T16:55:58.890+0000] {dag.py:4180} INFO - Setting next_dagrun for example_kubernetes_executor to None, run_after=None
[2024-11-18T16:55:58.916+0000] {processor.py:208} INFO - Processing /home/airflow/.local/lib/python3.12/site-packages/airflow/example_dags/example_kubernetes_executor.py took 0.117 seconds
[2024-11-18T16:56:29.772+0000] {processor.py:186} INFO - Started process (PID=2223) to work on /home/airflow/.local/lib/python3.12/site-packages/airflow/example_dags/example_kubernetes_executor.py
[2024-11-18T16:56:29.774+0000] {processor.py:914} INFO - Processing file /home/airflow/.local/lib/python3.12/site-packages/airflow/example_dags/example_kubernetes_executor.py for tasks to queue
[2024-11-18T16:56:29.778+0000] {logging_mixin.py:190} INFO - [2024-11-18T16:56:29.777+0000] {dagbag.py:588} INFO - Filling up the DagBag from /home/airflow/.local/lib/python3.12/site-packages/airflow/example_dags/example_kubernetes_executor.py
[2024-11-18T16:56:29.800+0000] {processor.py:925} INFO - DAG(s) 'example_kubernetes_executor' retrieved from /home/airflow/.local/lib/python3.12/site-packages/airflow/example_dags/example_kubernetes_executor.py
[2024-11-18T16:56:29.849+0000] {logging_mixin.py:190} INFO - [2024-11-18T16:56:29.849+0000] {dag.py:3239} INFO - Sync 1 DAGs
[2024-11-18T16:56:29.868+0000] {logging_mixin.py:190} INFO - [2024-11-18T16:56:29.868+0000] {dag.py:4180} INFO - Setting next_dagrun for example_kubernetes_executor to None, run_after=None
[2024-11-18T16:56:29.892+0000] {processor.py:208} INFO - Processing /home/airflow/.local/lib/python3.12/site-packages/airflow/example_dags/example_kubernetes_executor.py took 0.128 seconds
[2024-11-18T16:57:01.174+0000] {processor.py:186} INFO - Started process (PID=2283) to work on /home/airflow/.local/lib/python3.12/site-packages/airflow/example_dags/example_kubernetes_executor.py
[2024-11-18T16:57:01.176+0000] {processor.py:914} INFO - Processing file /home/airflow/.local/lib/python3.12/site-packages/airflow/example_dags/example_kubernetes_executor.py for tasks to queue
[2024-11-18T16:57:01.180+0000] {logging_mixin.py:190} INFO - [2024-11-18T16:57:01.180+0000] {dagbag.py:588} INFO - Filling up the DagBag from /home/airflow/.local/lib/python3.12/site-packages/airflow/example_dags/example_kubernetes_executor.py
[2024-11-18T16:57:01.202+0000] {processor.py:925} INFO - DAG(s) 'example_kubernetes_executor' retrieved from /home/airflow/.local/lib/python3.12/site-packages/airflow/example_dags/example_kubernetes_executor.py
[2024-11-18T16:57:01.256+0000] {logging_mixin.py:190} INFO - [2024-11-18T16:57:01.255+0000] {dag.py:3239} INFO - Sync 1 DAGs
[2024-11-18T16:57:01.277+0000] {logging_mixin.py:190} INFO - [2024-11-18T16:57:01.277+0000] {dag.py:4180} INFO - Setting next_dagrun for example_kubernetes_executor to None, run_after=None
[2024-11-18T16:57:01.302+0000] {processor.py:208} INFO - Processing /home/airflow/.local/lib/python3.12/site-packages/airflow/example_dags/example_kubernetes_executor.py took 0.137 seconds
[2024-11-18T16:57:32.531+0000] {processor.py:186} INFO - Started process (PID=2346) to work on /home/airflow/.local/lib/python3.12/site-packages/airflow/example_dags/example_kubernetes_executor.py
[2024-11-18T16:57:32.532+0000] {processor.py:914} INFO - Processing file /home/airflow/.local/lib/python3.12/site-packages/airflow/example_dags/example_kubernetes_executor.py for tasks to queue
[2024-11-18T16:57:32.536+0000] {logging_mixin.py:190} INFO - [2024-11-18T16:57:32.534+0000] {dagbag.py:588} INFO - Filling up the DagBag from /home/airflow/.local/lib/python3.12/site-packages/airflow/example_dags/example_kubernetes_executor.py
[2024-11-18T16:57:32.557+0000] {processor.py:925} INFO - DAG(s) 'example_kubernetes_executor' retrieved from /home/airflow/.local/lib/python3.12/site-packages/airflow/example_dags/example_kubernetes_executor.py
[2024-11-18T16:57:32.611+0000] {logging_mixin.py:190} INFO - [2024-11-18T16:57:32.610+0000] {dag.py:3239} INFO - Sync 1 DAGs
[2024-11-18T16:57:32.630+0000] {logging_mixin.py:190} INFO - [2024-11-18T16:57:32.629+0000] {dag.py:4180} INFO - Setting next_dagrun for example_kubernetes_executor to None, run_after=None
[2024-11-18T16:57:32.654+0000] {processor.py:208} INFO - Processing /home/airflow/.local/lib/python3.12/site-packages/airflow/example_dags/example_kubernetes_executor.py took 0.130 seconds
[2024-11-18T16:58:04.395+0000] {processor.py:186} INFO - Started process (PID=2409) to work on /home/airflow/.local/lib/python3.12/site-packages/airflow/example_dags/example_kubernetes_executor.py
[2024-11-18T16:58:04.397+0000] {processor.py:914} INFO - Processing file /home/airflow/.local/lib/python3.12/site-packages/airflow/example_dags/example_kubernetes_executor.py for tasks to queue
[2024-11-18T16:58:04.402+0000] {logging_mixin.py:190} INFO - [2024-11-18T16:58:04.402+0000] {dagbag.py:588} INFO - Filling up the DagBag from /home/airflow/.local/lib/python3.12/site-packages/airflow/example_dags/example_kubernetes_executor.py
[2024-11-18T16:58:04.421+0000] {processor.py:925} INFO - DAG(s) 'example_kubernetes_executor' retrieved from /home/airflow/.local/lib/python3.12/site-packages/airflow/example_dags/example_kubernetes_executor.py
[2024-11-18T16:58:04.470+0000] {logging_mixin.py:190} INFO - [2024-11-18T16:58:04.469+0000] {dag.py:3239} INFO - Sync 1 DAGs
[2024-11-18T16:58:04.490+0000] {logging_mixin.py:190} INFO - [2024-11-18T16:58:04.490+0000] {dag.py:4180} INFO - Setting next_dagrun for example_kubernetes_executor to None, run_after=None
[2024-11-18T16:58:04.511+0000] {processor.py:208} INFO - Processing /home/airflow/.local/lib/python3.12/site-packages/airflow/example_dags/example_kubernetes_executor.py took 0.123 seconds
[2024-11-18T16:58:35.866+0000] {processor.py:186} INFO - Started process (PID=2472) to work on /home/airflow/.local/lib/python3.12/site-packages/airflow/example_dags/example_kubernetes_executor.py
[2024-11-18T16:58:35.867+0000] {processor.py:914} INFO - Processing file /home/airflow/.local/lib/python3.12/site-packages/airflow/example_dags/example_kubernetes_executor.py for tasks to queue
[2024-11-18T16:58:35.871+0000] {logging_mixin.py:190} INFO - [2024-11-18T16:58:35.870+0000] {dagbag.py:588} INFO - Filling up the DagBag from /home/airflow/.local/lib/python3.12/site-packages/airflow/example_dags/example_kubernetes_executor.py
[2024-11-18T16:58:35.890+0000] {processor.py:925} INFO - DAG(s) 'example_kubernetes_executor' retrieved from /home/airflow/.local/lib/python3.12/site-packages/airflow/example_dags/example_kubernetes_executor.py
[2024-11-18T16:58:35.943+0000] {logging_mixin.py:190} INFO - [2024-11-18T16:58:35.943+0000] {dag.py:3239} INFO - Sync 1 DAGs
[2024-11-18T16:58:35.964+0000] {logging_mixin.py:190} INFO - [2024-11-18T16:58:35.963+0000] {dag.py:4180} INFO - Setting next_dagrun for example_kubernetes_executor to None, run_after=None
[2024-11-18T16:58:35.990+0000] {processor.py:208} INFO - Processing /home/airflow/.local/lib/python3.12/site-packages/airflow/example_dags/example_kubernetes_executor.py took 0.132 seconds
[2024-11-18T16:59:07.608+0000] {processor.py:186} INFO - Started process (PID=2535) to work on /home/airflow/.local/lib/python3.12/site-packages/airflow/example_dags/example_kubernetes_executor.py
[2024-11-18T16:59:07.609+0000] {processor.py:914} INFO - Processing file /home/airflow/.local/lib/python3.12/site-packages/airflow/example_dags/example_kubernetes_executor.py for tasks to queue
[2024-11-18T16:59:07.612+0000] {logging_mixin.py:190} INFO - [2024-11-18T16:59:07.611+0000] {dagbag.py:588} INFO - Filling up the DagBag from /home/airflow/.local/lib/python3.12/site-packages/airflow/example_dags/example_kubernetes_executor.py
[2024-11-18T16:59:07.630+0000] {processor.py:925} INFO - DAG(s) 'example_kubernetes_executor' retrieved from /home/airflow/.local/lib/python3.12/site-packages/airflow/example_dags/example_kubernetes_executor.py
[2024-11-18T16:59:07.676+0000] {logging_mixin.py:190} INFO - [2024-11-18T16:59:07.676+0000] {dag.py:3239} INFO - Sync 1 DAGs
[2024-11-18T16:59:07.702+0000] {logging_mixin.py:190} INFO - [2024-11-18T16:59:07.701+0000] {dag.py:4180} INFO - Setting next_dagrun for example_kubernetes_executor to None, run_after=None
[2024-11-18T16:59:07.725+0000] {processor.py:208} INFO - Processing /home/airflow/.local/lib/python3.12/site-packages/airflow/example_dags/example_kubernetes_executor.py took 0.125 seconds
[2024-11-18T16:59:38.599+0000] {processor.py:186} INFO - Started process (PID=2598) to work on /home/airflow/.local/lib/python3.12/site-packages/airflow/example_dags/example_kubernetes_executor.py
[2024-11-18T16:59:38.600+0000] {processor.py:914} INFO - Processing file /home/airflow/.local/lib/python3.12/site-packages/airflow/example_dags/example_kubernetes_executor.py for tasks to queue
[2024-11-18T16:59:38.602+0000] {logging_mixin.py:190} INFO - [2024-11-18T16:59:38.602+0000] {dagbag.py:588} INFO - Filling up the DagBag from /home/airflow/.local/lib/python3.12/site-packages/airflow/example_dags/example_kubernetes_executor.py
[2024-11-18T16:59:38.619+0000] {processor.py:925} INFO - DAG(s) 'example_kubernetes_executor' retrieved from /home/airflow/.local/lib/python3.12/site-packages/airflow/example_dags/example_kubernetes_executor.py
[2024-11-18T16:59:38.659+0000] {logging_mixin.py:190} INFO - [2024-11-18T16:59:38.659+0000] {dag.py:3239} INFO - Sync 1 DAGs
[2024-11-18T16:59:38.676+0000] {logging_mixin.py:190} INFO - [2024-11-18T16:59:38.676+0000] {dag.py:4180} INFO - Setting next_dagrun for example_kubernetes_executor to None, run_after=None
[2024-11-18T16:59:38.699+0000] {processor.py:208} INFO - Processing /home/airflow/.local/lib/python3.12/site-packages/airflow/example_dags/example_kubernetes_executor.py took 0.108 seconds
[2024-11-18T17:00:10.326+0000] {processor.py:186} INFO - Started process (PID=2660) to work on /home/airflow/.local/lib/python3.12/site-packages/airflow/example_dags/example_kubernetes_executor.py
[2024-11-18T17:00:10.328+0000] {processor.py:914} INFO - Processing file /home/airflow/.local/lib/python3.12/site-packages/airflow/example_dags/example_kubernetes_executor.py for tasks to queue
[2024-11-18T17:00:10.331+0000] {logging_mixin.py:190} INFO - [2024-11-18T17:00:10.331+0000] {dagbag.py:588} INFO - Filling up the DagBag from /home/airflow/.local/lib/python3.12/site-packages/airflow/example_dags/example_kubernetes_executor.py
[2024-11-18T17:00:10.353+0000] {processor.py:925} INFO - DAG(s) 'example_kubernetes_executor' retrieved from /home/airflow/.local/lib/python3.12/site-packages/airflow/example_dags/example_kubernetes_executor.py
[2024-11-18T17:00:10.403+0000] {logging_mixin.py:190} INFO - [2024-11-18T17:00:10.402+0000] {dag.py:3239} INFO - Sync 1 DAGs
[2024-11-18T17:00:10.420+0000] {logging_mixin.py:190} INFO - [2024-11-18T17:00:10.420+0000] {dag.py:4180} INFO - Setting next_dagrun for example_kubernetes_executor to None, run_after=None
[2024-11-18T17:00:10.443+0000] {processor.py:208} INFO - Processing /home/airflow/.local/lib/python3.12/site-packages/airflow/example_dags/example_kubernetes_executor.py took 0.124 seconds
[2024-11-18T17:00:41.228+0000] {processor.py:186} INFO - Started process (PID=2722) to work on /home/airflow/.local/lib/python3.12/site-packages/airflow/example_dags/example_kubernetes_executor.py
[2024-11-18T17:00:41.231+0000] {processor.py:914} INFO - Processing file /home/airflow/.local/lib/python3.12/site-packages/airflow/example_dags/example_kubernetes_executor.py for tasks to queue
[2024-11-18T17:00:41.234+0000] {logging_mixin.py:190} INFO - [2024-11-18T17:00:41.233+0000] {dagbag.py:588} INFO - Filling up the DagBag from /home/airflow/.local/lib/python3.12/site-packages/airflow/example_dags/example_kubernetes_executor.py
[2024-11-18T17:00:41.252+0000] {processor.py:925} INFO - DAG(s) 'example_kubernetes_executor' retrieved from /home/airflow/.local/lib/python3.12/site-packages/airflow/example_dags/example_kubernetes_executor.py
[2024-11-18T17:00:41.292+0000] {logging_mixin.py:190} INFO - [2024-11-18T17:00:41.292+0000] {dag.py:3239} INFO - Sync 1 DAGs
[2024-11-18T17:00:41.312+0000] {logging_mixin.py:190} INFO - [2024-11-18T17:00:41.312+0000] {dag.py:4180} INFO - Setting next_dagrun for example_kubernetes_executor to None, run_after=None
[2024-11-18T17:00:41.337+0000] {processor.py:208} INFO - Processing /home/airflow/.local/lib/python3.12/site-packages/airflow/example_dags/example_kubernetes_executor.py took 0.116 seconds
[2024-11-18T17:02:28.137+0000] {processor.py:186} INFO - Started process (PID=91) to work on /home/airflow/.local/lib/python3.12/site-packages/airflow/example_dags/example_kubernetes_executor.py
[2024-11-18T17:02:28.144+0000] {processor.py:914} INFO - Processing file /home/airflow/.local/lib/python3.12/site-packages/airflow/example_dags/example_kubernetes_executor.py for tasks to queue
[2024-11-18T17:02:28.160+0000] {logging_mixin.py:190} INFO - [2024-11-18T17:02:28.158+0000] {dagbag.py:588} INFO - Filling up the DagBag from /home/airflow/.local/lib/python3.12/site-packages/airflow/example_dags/example_kubernetes_executor.py
[2024-11-18T17:02:28.245+0000] {processor.py:925} INFO - DAG(s) 'example_kubernetes_executor' retrieved from /home/airflow/.local/lib/python3.12/site-packages/airflow/example_dags/example_kubernetes_executor.py
[2024-11-18T17:02:28.362+0000] {logging_mixin.py:190} INFO - [2024-11-18T17:02:28.362+0000] {dag.py:3239} INFO - Sync 1 DAGs
[2024-11-18T17:02:28.426+0000] {logging_mixin.py:190} INFO - [2024-11-18T17:02:28.425+0000] {dag.py:4180} INFO - Setting next_dagrun for example_kubernetes_executor to None, run_after=None
[2024-11-18T17:02:28.481+0000] {processor.py:208} INFO - Processing /home/airflow/.local/lib/python3.12/site-packages/airflow/example_dags/example_kubernetes_executor.py took 0.385 seconds
