[2024-11-18T16:24:38.941+0000] {processor.py:186} INFO - Started process (PID=118) to work on /home/airflow/.local/lib/python3.12/site-packages/airflow/example_dags/example_python_operator.py
[2024-11-18T16:24:38.943+0000] {processor.py:914} INFO - Processing file /home/airflow/.local/lib/python3.12/site-packages/airflow/example_dags/example_python_operator.py for tasks to queue
[2024-11-18T16:24:38.947+0000] {logging_mixin.py:190} INFO - [2024-11-18T16:24:38.946+0000] {dagbag.py:588} INFO - Filling up the DagBag from /home/airflow/.local/lib/python3.12/site-packages/airflow/example_dags/example_python_operator.py
[2024-11-18T16:24:38.986+0000] {processor.py:925} INFO - DAG(s) 'example_python_operator' retrieved from /home/airflow/.local/lib/python3.12/site-packages/airflow/example_dags/example_python_operator.py
[2024-11-18T16:24:39.249+0000] {logging_mixin.py:190} INFO - [2024-11-18T16:24:39.248+0000] {override.py:1911} INFO - Created Permission View: can read on DAG:example_python_operator
[2024-11-18T16:24:39.273+0000] {logging_mixin.py:190} INFO - [2024-11-18T16:24:39.273+0000] {override.py:1911} INFO - Created Permission View: can edit on DAG:example_python_operator
[2024-11-18T16:24:39.288+0000] {logging_mixin.py:190} INFO - [2024-11-18T16:24:39.288+0000] {override.py:1911} INFO - Created Permission View: can delete on DAG:example_python_operator
[2024-11-18T16:24:39.307+0000] {logging_mixin.py:190} INFO - [2024-11-18T16:24:39.306+0000] {override.py:1911} INFO - Created Permission View: can read on DAG Run:example_python_operator
[2024-11-18T16:24:39.320+0000] {logging_mixin.py:190} INFO - [2024-11-18T16:24:39.320+0000] {override.py:1911} INFO - Created Permission View: menu access on DAG Run:example_python_operator
[2024-11-18T16:24:39.337+0000] {logging_mixin.py:190} INFO - [2024-11-18T16:24:39.337+0000] {override.py:1911} INFO - Created Permission View: can create on DAG Run:example_python_operator
[2024-11-18T16:24:39.352+0000] {logging_mixin.py:190} INFO - [2024-11-18T16:24:39.351+0000] {override.py:1911} INFO - Created Permission View: can delete on DAG Run:example_python_operator
[2024-11-18T16:24:39.352+0000] {logging_mixin.py:190} INFO - [2024-11-18T16:24:39.352+0000] {dag.py:3239} INFO - Sync 1 DAGs
[2024-11-18T16:24:39.379+0000] {logging_mixin.py:190} INFO - [2024-11-18T16:24:39.379+0000] {dag.py:3262} INFO - Creating ORM DAG for example_python_operator
[2024-11-18T16:24:39.383+0000] {logging_mixin.py:190} INFO - [2024-11-18T16:24:39.383+0000] {dag.py:4180} INFO - Setting next_dagrun for example_python_operator to None, run_after=None
[2024-11-18T16:24:39.429+0000] {processor.py:208} INFO - Processing /home/airflow/.local/lib/python3.12/site-packages/airflow/example_dags/example_python_operator.py took 0.503 seconds
[2024-11-18T16:25:10.981+0000] {processor.py:186} INFO - Started process (PID=181) to work on /home/airflow/.local/lib/python3.12/site-packages/airflow/example_dags/example_python_operator.py
[2024-11-18T16:25:10.983+0000] {processor.py:914} INFO - Processing file /home/airflow/.local/lib/python3.12/site-packages/airflow/example_dags/example_python_operator.py for tasks to queue
[2024-11-18T16:25:10.990+0000] {logging_mixin.py:190} INFO - [2024-11-18T16:25:10.989+0000] {dagbag.py:588} INFO - Filling up the DagBag from /home/airflow/.local/lib/python3.12/site-packages/airflow/example_dags/example_python_operator.py
[2024-11-18T16:25:11.009+0000] {processor.py:925} INFO - DAG(s) 'example_python_operator' retrieved from /home/airflow/.local/lib/python3.12/site-packages/airflow/example_dags/example_python_operator.py
[2024-11-18T16:25:11.042+0000] {logging_mixin.py:190} INFO - [2024-11-18T16:25:11.041+0000] {dag.py:3239} INFO - Sync 1 DAGs
[2024-11-18T16:25:11.070+0000] {logging_mixin.py:190} INFO - [2024-11-18T16:25:11.070+0000] {dag.py:4180} INFO - Setting next_dagrun for example_python_operator to None, run_after=None
[2024-11-18T16:25:11.100+0000] {processor.py:208} INFO - Processing /home/airflow/.local/lib/python3.12/site-packages/airflow/example_dags/example_python_operator.py took 0.130 seconds
[2024-11-18T16:25:42.105+0000] {processor.py:186} INFO - Started process (PID=244) to work on /home/airflow/.local/lib/python3.12/site-packages/airflow/example_dags/example_python_operator.py
[2024-11-18T16:25:42.107+0000] {processor.py:914} INFO - Processing file /home/airflow/.local/lib/python3.12/site-packages/airflow/example_dags/example_python_operator.py for tasks to queue
[2024-11-18T16:25:42.110+0000] {logging_mixin.py:190} INFO - [2024-11-18T16:25:42.110+0000] {dagbag.py:588} INFO - Filling up the DagBag from /home/airflow/.local/lib/python3.12/site-packages/airflow/example_dags/example_python_operator.py
[2024-11-18T16:25:42.127+0000] {processor.py:925} INFO - DAG(s) 'example_python_operator' retrieved from /home/airflow/.local/lib/python3.12/site-packages/airflow/example_dags/example_python_operator.py
[2024-11-18T16:25:42.161+0000] {logging_mixin.py:190} INFO - [2024-11-18T16:25:42.160+0000] {dag.py:3239} INFO - Sync 1 DAGs
[2024-11-18T16:25:42.179+0000] {logging_mixin.py:190} INFO - [2024-11-18T16:25:42.179+0000] {dag.py:4180} INFO - Setting next_dagrun for example_python_operator to None, run_after=None
[2024-11-18T16:25:42.202+0000] {processor.py:208} INFO - Processing /home/airflow/.local/lib/python3.12/site-packages/airflow/example_dags/example_python_operator.py took 0.105 seconds
[2024-11-18T16:26:12.319+0000] {processor.py:186} INFO - Started process (PID=306) to work on /home/airflow/.local/lib/python3.12/site-packages/airflow/example_dags/example_python_operator.py
[2024-11-18T16:26:12.321+0000] {processor.py:914} INFO - Processing file /home/airflow/.local/lib/python3.12/site-packages/airflow/example_dags/example_python_operator.py for tasks to queue
[2024-11-18T16:26:12.324+0000] {logging_mixin.py:190} INFO - [2024-11-18T16:26:12.324+0000] {dagbag.py:588} INFO - Filling up the DagBag from /home/airflow/.local/lib/python3.12/site-packages/airflow/example_dags/example_python_operator.py
[2024-11-18T16:26:12.339+0000] {processor.py:925} INFO - DAG(s) 'example_python_operator' retrieved from /home/airflow/.local/lib/python3.12/site-packages/airflow/example_dags/example_python_operator.py
[2024-11-18T16:26:12.366+0000] {logging_mixin.py:190} INFO - [2024-11-18T16:26:12.366+0000] {dag.py:3239} INFO - Sync 1 DAGs
[2024-11-18T16:26:12.383+0000] {logging_mixin.py:190} INFO - [2024-11-18T16:26:12.383+0000] {dag.py:4180} INFO - Setting next_dagrun for example_python_operator to None, run_after=None
[2024-11-18T16:26:12.405+0000] {processor.py:208} INFO - Processing /home/airflow/.local/lib/python3.12/site-packages/airflow/example_dags/example_python_operator.py took 0.096 seconds
[2024-11-18T16:26:42.560+0000] {processor.py:186} INFO - Started process (PID=369) to work on /home/airflow/.local/lib/python3.12/site-packages/airflow/example_dags/example_python_operator.py
[2024-11-18T16:26:42.561+0000] {processor.py:914} INFO - Processing file /home/airflow/.local/lib/python3.12/site-packages/airflow/example_dags/example_python_operator.py for tasks to queue
[2024-11-18T16:26:42.564+0000] {logging_mixin.py:190} INFO - [2024-11-18T16:26:42.564+0000] {dagbag.py:588} INFO - Filling up the DagBag from /home/airflow/.local/lib/python3.12/site-packages/airflow/example_dags/example_python_operator.py
[2024-11-18T16:26:42.580+0000] {processor.py:925} INFO - DAG(s) 'example_python_operator' retrieved from /home/airflow/.local/lib/python3.12/site-packages/airflow/example_dags/example_python_operator.py
[2024-11-18T16:26:42.618+0000] {logging_mixin.py:190} INFO - [2024-11-18T16:26:42.617+0000] {dag.py:3239} INFO - Sync 1 DAGs
[2024-11-18T16:26:42.654+0000] {logging_mixin.py:190} INFO - [2024-11-18T16:26:42.654+0000] {dag.py:4180} INFO - Setting next_dagrun for example_python_operator to None, run_after=None
[2024-11-18T16:26:42.689+0000] {processor.py:208} INFO - Processing /home/airflow/.local/lib/python3.12/site-packages/airflow/example_dags/example_python_operator.py took 0.136 seconds
[2024-11-18T16:27:13.103+0000] {processor.py:186} INFO - Started process (PID=432) to work on /home/airflow/.local/lib/python3.12/site-packages/airflow/example_dags/example_python_operator.py
[2024-11-18T16:27:13.104+0000] {processor.py:914} INFO - Processing file /home/airflow/.local/lib/python3.12/site-packages/airflow/example_dags/example_python_operator.py for tasks to queue
[2024-11-18T16:27:13.107+0000] {logging_mixin.py:190} INFO - [2024-11-18T16:27:13.106+0000] {dagbag.py:588} INFO - Filling up the DagBag from /home/airflow/.local/lib/python3.12/site-packages/airflow/example_dags/example_python_operator.py
[2024-11-18T16:27:13.121+0000] {processor.py:925} INFO - DAG(s) 'example_python_operator' retrieved from /home/airflow/.local/lib/python3.12/site-packages/airflow/example_dags/example_python_operator.py
[2024-11-18T16:27:13.149+0000] {logging_mixin.py:190} INFO - [2024-11-18T16:27:13.149+0000] {dag.py:3239} INFO - Sync 1 DAGs
[2024-11-18T16:27:13.165+0000] {logging_mixin.py:190} INFO - [2024-11-18T16:27:13.165+0000] {dag.py:4180} INFO - Setting next_dagrun for example_python_operator to None, run_after=None
[2024-11-18T16:27:13.187+0000] {processor.py:208} INFO - Processing /home/airflow/.local/lib/python3.12/site-packages/airflow/example_dags/example_python_operator.py took 0.091 seconds
[2024-11-18T16:27:44.018+0000] {processor.py:186} INFO - Started process (PID=495) to work on /home/airflow/.local/lib/python3.12/site-packages/airflow/example_dags/example_python_operator.py
[2024-11-18T16:27:44.019+0000] {processor.py:914} INFO - Processing file /home/airflow/.local/lib/python3.12/site-packages/airflow/example_dags/example_python_operator.py for tasks to queue
[2024-11-18T16:27:44.024+0000] {logging_mixin.py:190} INFO - [2024-11-18T16:27:44.023+0000] {dagbag.py:588} INFO - Filling up the DagBag from /home/airflow/.local/lib/python3.12/site-packages/airflow/example_dags/example_python_operator.py
[2024-11-18T16:27:44.041+0000] {processor.py:925} INFO - DAG(s) 'example_python_operator' retrieved from /home/airflow/.local/lib/python3.12/site-packages/airflow/example_dags/example_python_operator.py
[2024-11-18T16:27:44.069+0000] {logging_mixin.py:190} INFO - [2024-11-18T16:27:44.069+0000] {dag.py:3239} INFO - Sync 1 DAGs
[2024-11-18T16:27:44.089+0000] {logging_mixin.py:190} INFO - [2024-11-18T16:27:44.088+0000] {dag.py:4180} INFO - Setting next_dagrun for example_python_operator to None, run_after=None
[2024-11-18T16:27:44.115+0000] {processor.py:208} INFO - Processing /home/airflow/.local/lib/python3.12/site-packages/airflow/example_dags/example_python_operator.py took 0.105 seconds
[2024-11-18T16:28:14.872+0000] {processor.py:186} INFO - Started process (PID=557) to work on /home/airflow/.local/lib/python3.12/site-packages/airflow/example_dags/example_python_operator.py
[2024-11-18T16:28:14.873+0000] {processor.py:914} INFO - Processing file /home/airflow/.local/lib/python3.12/site-packages/airflow/example_dags/example_python_operator.py for tasks to queue
[2024-11-18T16:28:14.877+0000] {logging_mixin.py:190} INFO - [2024-11-18T16:28:14.876+0000] {dagbag.py:588} INFO - Filling up the DagBag from /home/airflow/.local/lib/python3.12/site-packages/airflow/example_dags/example_python_operator.py
[2024-11-18T16:28:14.892+0000] {processor.py:925} INFO - DAG(s) 'example_python_operator' retrieved from /home/airflow/.local/lib/python3.12/site-packages/airflow/example_dags/example_python_operator.py
[2024-11-18T16:28:14.923+0000] {logging_mixin.py:190} INFO - [2024-11-18T16:28:14.923+0000] {dag.py:3239} INFO - Sync 1 DAGs
[2024-11-18T16:28:14.952+0000] {logging_mixin.py:190} INFO - [2024-11-18T16:28:14.951+0000] {dag.py:4180} INFO - Setting next_dagrun for example_python_operator to None, run_after=None
[2024-11-18T16:28:14.980+0000] {processor.py:208} INFO - Processing /home/airflow/.local/lib/python3.12/site-packages/airflow/example_dags/example_python_operator.py took 0.117 seconds
[2024-11-18T16:28:45.483+0000] {processor.py:186} INFO - Started process (PID=620) to work on /home/airflow/.local/lib/python3.12/site-packages/airflow/example_dags/example_python_operator.py
[2024-11-18T16:28:45.485+0000] {processor.py:914} INFO - Processing file /home/airflow/.local/lib/python3.12/site-packages/airflow/example_dags/example_python_operator.py for tasks to queue
[2024-11-18T16:28:45.488+0000] {logging_mixin.py:190} INFO - [2024-11-18T16:28:45.487+0000] {dagbag.py:588} INFO - Filling up the DagBag from /home/airflow/.local/lib/python3.12/site-packages/airflow/example_dags/example_python_operator.py
[2024-11-18T16:28:45.504+0000] {processor.py:925} INFO - DAG(s) 'example_python_operator' retrieved from /home/airflow/.local/lib/python3.12/site-packages/airflow/example_dags/example_python_operator.py
[2024-11-18T16:28:45.536+0000] {logging_mixin.py:190} INFO - [2024-11-18T16:28:45.536+0000] {dag.py:3239} INFO - Sync 1 DAGs
[2024-11-18T16:28:45.553+0000] {logging_mixin.py:190} INFO - [2024-11-18T16:28:45.552+0000] {dag.py:4180} INFO - Setting next_dagrun for example_python_operator to None, run_after=None
[2024-11-18T16:28:45.573+0000] {processor.py:208} INFO - Processing /home/airflow/.local/lib/python3.12/site-packages/airflow/example_dags/example_python_operator.py took 0.098 seconds
[2024-11-18T16:29:15.767+0000] {processor.py:186} INFO - Started process (PID=683) to work on /home/airflow/.local/lib/python3.12/site-packages/airflow/example_dags/example_python_operator.py
[2024-11-18T16:29:15.769+0000] {processor.py:914} INFO - Processing file /home/airflow/.local/lib/python3.12/site-packages/airflow/example_dags/example_python_operator.py for tasks to queue
[2024-11-18T16:29:15.773+0000] {logging_mixin.py:190} INFO - [2024-11-18T16:29:15.772+0000] {dagbag.py:588} INFO - Filling up the DagBag from /home/airflow/.local/lib/python3.12/site-packages/airflow/example_dags/example_python_operator.py
[2024-11-18T16:29:15.798+0000] {processor.py:925} INFO - DAG(s) 'example_python_operator' retrieved from /home/airflow/.local/lib/python3.12/site-packages/airflow/example_dags/example_python_operator.py
[2024-11-18T16:29:15.830+0000] {logging_mixin.py:190} INFO - [2024-11-18T16:29:15.830+0000] {dag.py:3239} INFO - Sync 1 DAGs
[2024-11-18T16:29:15.847+0000] {logging_mixin.py:190} INFO - [2024-11-18T16:29:15.846+0000] {dag.py:4180} INFO - Setting next_dagrun for example_python_operator to None, run_after=None
[2024-11-18T16:29:15.879+0000] {processor.py:208} INFO - Processing /home/airflow/.local/lib/python3.12/site-packages/airflow/example_dags/example_python_operator.py took 0.120 seconds
[2024-11-18T16:29:45.964+0000] {processor.py:186} INFO - Started process (PID=746) to work on /home/airflow/.local/lib/python3.12/site-packages/airflow/example_dags/example_python_operator.py
[2024-11-18T16:29:45.966+0000] {processor.py:914} INFO - Processing file /home/airflow/.local/lib/python3.12/site-packages/airflow/example_dags/example_python_operator.py for tasks to queue
[2024-11-18T16:29:45.969+0000] {logging_mixin.py:190} INFO - [2024-11-18T16:29:45.968+0000] {dagbag.py:588} INFO - Filling up the DagBag from /home/airflow/.local/lib/python3.12/site-packages/airflow/example_dags/example_python_operator.py
[2024-11-18T16:29:45.984+0000] {processor.py:925} INFO - DAG(s) 'example_python_operator' retrieved from /home/airflow/.local/lib/python3.12/site-packages/airflow/example_dags/example_python_operator.py
[2024-11-18T16:29:46.010+0000] {logging_mixin.py:190} INFO - [2024-11-18T16:29:46.010+0000] {dag.py:3239} INFO - Sync 1 DAGs
[2024-11-18T16:29:46.028+0000] {logging_mixin.py:190} INFO - [2024-11-18T16:29:46.028+0000] {dag.py:4180} INFO - Setting next_dagrun for example_python_operator to None, run_after=None
[2024-11-18T16:29:46.056+0000] {processor.py:208} INFO - Processing /home/airflow/.local/lib/python3.12/site-packages/airflow/example_dags/example_python_operator.py took 0.099 seconds
[2024-11-18T16:30:16.122+0000] {processor.py:186} INFO - Started process (PID=809) to work on /home/airflow/.local/lib/python3.12/site-packages/airflow/example_dags/example_python_operator.py
[2024-11-18T16:30:16.123+0000] {processor.py:914} INFO - Processing file /home/airflow/.local/lib/python3.12/site-packages/airflow/example_dags/example_python_operator.py for tasks to queue
[2024-11-18T16:30:16.125+0000] {logging_mixin.py:190} INFO - [2024-11-18T16:30:16.125+0000] {dagbag.py:588} INFO - Filling up the DagBag from /home/airflow/.local/lib/python3.12/site-packages/airflow/example_dags/example_python_operator.py
[2024-11-18T16:30:16.141+0000] {processor.py:925} INFO - DAG(s) 'example_python_operator' retrieved from /home/airflow/.local/lib/python3.12/site-packages/airflow/example_dags/example_python_operator.py
[2024-11-18T16:30:16.169+0000] {logging_mixin.py:190} INFO - [2024-11-18T16:30:16.169+0000] {dag.py:3239} INFO - Sync 1 DAGs
[2024-11-18T16:30:16.186+0000] {logging_mixin.py:190} INFO - [2024-11-18T16:30:16.186+0000] {dag.py:4180} INFO - Setting next_dagrun for example_python_operator to None, run_after=None
[2024-11-18T16:30:16.207+0000] {processor.py:208} INFO - Processing /home/airflow/.local/lib/python3.12/site-packages/airflow/example_dags/example_python_operator.py took 0.092 seconds
[2024-11-18T16:30:47.788+0000] {processor.py:186} INFO - Started process (PID=872) to work on /home/airflow/.local/lib/python3.12/site-packages/airflow/example_dags/example_python_operator.py
[2024-11-18T16:30:47.789+0000] {processor.py:914} INFO - Processing file /home/airflow/.local/lib/python3.12/site-packages/airflow/example_dags/example_python_operator.py for tasks to queue
[2024-11-18T16:30:47.792+0000] {logging_mixin.py:190} INFO - [2024-11-18T16:30:47.792+0000] {dagbag.py:588} INFO - Filling up the DagBag from /home/airflow/.local/lib/python3.12/site-packages/airflow/example_dags/example_python_operator.py
[2024-11-18T16:30:47.811+0000] {processor.py:925} INFO - DAG(s) 'example_python_operator' retrieved from /home/airflow/.local/lib/python3.12/site-packages/airflow/example_dags/example_python_operator.py
[2024-11-18T16:30:47.837+0000] {logging_mixin.py:190} INFO - [2024-11-18T16:30:47.837+0000] {dag.py:3239} INFO - Sync 1 DAGs
[2024-11-18T16:30:47.860+0000] {logging_mixin.py:190} INFO - [2024-11-18T16:30:47.860+0000] {dag.py:4180} INFO - Setting next_dagrun for example_python_operator to None, run_after=None
[2024-11-18T16:30:48.035+0000] {processor.py:208} INFO - Processing /home/airflow/.local/lib/python3.12/site-packages/airflow/example_dags/example_python_operator.py took 0.255 seconds
[2024-11-18T16:31:19.599+0000] {processor.py:186} INFO - Started process (PID=935) to work on /home/airflow/.local/lib/python3.12/site-packages/airflow/example_dags/example_python_operator.py
[2024-11-18T16:31:19.602+0000] {processor.py:914} INFO - Processing file /home/airflow/.local/lib/python3.12/site-packages/airflow/example_dags/example_python_operator.py for tasks to queue
[2024-11-18T16:31:19.614+0000] {logging_mixin.py:190} INFO - [2024-11-18T16:31:19.614+0000] {dagbag.py:588} INFO - Filling up the DagBag from /home/airflow/.local/lib/python3.12/site-packages/airflow/example_dags/example_python_operator.py
[2024-11-18T16:31:19.646+0000] {processor.py:925} INFO - DAG(s) 'example_python_operator' retrieved from /home/airflow/.local/lib/python3.12/site-packages/airflow/example_dags/example_python_operator.py
[2024-11-18T16:31:19.709+0000] {logging_mixin.py:190} INFO - [2024-11-18T16:31:19.708+0000] {dag.py:3239} INFO - Sync 1 DAGs
[2024-11-18T16:31:19.732+0000] {logging_mixin.py:190} INFO - [2024-11-18T16:31:19.731+0000] {dag.py:4180} INFO - Setting next_dagrun for example_python_operator to None, run_after=None
[2024-11-18T16:31:19.761+0000] {processor.py:208} INFO - Processing /home/airflow/.local/lib/python3.12/site-packages/airflow/example_dags/example_python_operator.py took 0.179 seconds
[2024-11-18T16:31:51.094+0000] {processor.py:186} INFO - Started process (PID=998) to work on /home/airflow/.local/lib/python3.12/site-packages/airflow/example_dags/example_python_operator.py
[2024-11-18T16:31:51.096+0000] {processor.py:914} INFO - Processing file /home/airflow/.local/lib/python3.12/site-packages/airflow/example_dags/example_python_operator.py for tasks to queue
[2024-11-18T16:31:51.099+0000] {logging_mixin.py:190} INFO - [2024-11-18T16:31:51.098+0000] {dagbag.py:588} INFO - Filling up the DagBag from /home/airflow/.local/lib/python3.12/site-packages/airflow/example_dags/example_python_operator.py
[2024-11-18T16:31:51.114+0000] {processor.py:925} INFO - DAG(s) 'example_python_operator' retrieved from /home/airflow/.local/lib/python3.12/site-packages/airflow/example_dags/example_python_operator.py
[2024-11-18T16:31:51.143+0000] {logging_mixin.py:190} INFO - [2024-11-18T16:31:51.142+0000] {dag.py:3239} INFO - Sync 1 DAGs
[2024-11-18T16:31:51.160+0000] {logging_mixin.py:190} INFO - [2024-11-18T16:31:51.159+0000] {dag.py:4180} INFO - Setting next_dagrun for example_python_operator to None, run_after=None
[2024-11-18T16:31:51.180+0000] {processor.py:208} INFO - Processing /home/airflow/.local/lib/python3.12/site-packages/airflow/example_dags/example_python_operator.py took 0.092 seconds
[2024-11-18T16:32:22.606+0000] {processor.py:186} INFO - Started process (PID=1061) to work on /home/airflow/.local/lib/python3.12/site-packages/airflow/example_dags/example_python_operator.py
[2024-11-18T16:32:22.607+0000] {processor.py:914} INFO - Processing file /home/airflow/.local/lib/python3.12/site-packages/airflow/example_dags/example_python_operator.py for tasks to queue
[2024-11-18T16:32:22.611+0000] {logging_mixin.py:190} INFO - [2024-11-18T16:32:22.610+0000] {dagbag.py:588} INFO - Filling up the DagBag from /home/airflow/.local/lib/python3.12/site-packages/airflow/example_dags/example_python_operator.py
[2024-11-18T16:32:22.626+0000] {processor.py:925} INFO - DAG(s) 'example_python_operator' retrieved from /home/airflow/.local/lib/python3.12/site-packages/airflow/example_dags/example_python_operator.py
[2024-11-18T16:32:22.652+0000] {logging_mixin.py:190} INFO - [2024-11-18T16:32:22.651+0000] {dag.py:3239} INFO - Sync 1 DAGs
[2024-11-18T16:32:22.669+0000] {logging_mixin.py:190} INFO - [2024-11-18T16:32:22.669+0000] {dag.py:4180} INFO - Setting next_dagrun for example_python_operator to None, run_after=None
[2024-11-18T16:32:22.693+0000] {processor.py:208} INFO - Processing /home/airflow/.local/lib/python3.12/site-packages/airflow/example_dags/example_python_operator.py took 0.094 seconds
[2024-11-18T16:32:54.730+0000] {processor.py:186} INFO - Started process (PID=1124) to work on /home/airflow/.local/lib/python3.12/site-packages/airflow/example_dags/example_python_operator.py
[2024-11-18T16:32:54.734+0000] {processor.py:914} INFO - Processing file /home/airflow/.local/lib/python3.12/site-packages/airflow/example_dags/example_python_operator.py for tasks to queue
[2024-11-18T16:32:54.739+0000] {logging_mixin.py:190} INFO - [2024-11-18T16:32:54.739+0000] {dagbag.py:588} INFO - Filling up the DagBag from /home/airflow/.local/lib/python3.12/site-packages/airflow/example_dags/example_python_operator.py
[2024-11-18T16:32:54.764+0000] {processor.py:925} INFO - DAG(s) 'example_python_operator' retrieved from /home/airflow/.local/lib/python3.12/site-packages/airflow/example_dags/example_python_operator.py
[2024-11-18T16:32:54.812+0000] {logging_mixin.py:190} INFO - [2024-11-18T16:32:54.811+0000] {dag.py:3239} INFO - Sync 1 DAGs
[2024-11-18T16:32:54.837+0000] {logging_mixin.py:190} INFO - [2024-11-18T16:32:54.836+0000] {dag.py:4180} INFO - Setting next_dagrun for example_python_operator to None, run_after=None
[2024-11-18T16:32:54.864+0000] {processor.py:208} INFO - Processing /home/airflow/.local/lib/python3.12/site-packages/airflow/example_dags/example_python_operator.py took 0.155 seconds
[2024-11-18T16:33:25.823+0000] {processor.py:186} INFO - Started process (PID=1187) to work on /home/airflow/.local/lib/python3.12/site-packages/airflow/example_dags/example_python_operator.py
[2024-11-18T16:33:25.824+0000] {processor.py:914} INFO - Processing file /home/airflow/.local/lib/python3.12/site-packages/airflow/example_dags/example_python_operator.py for tasks to queue
[2024-11-18T16:33:25.827+0000] {logging_mixin.py:190} INFO - [2024-11-18T16:33:25.826+0000] {dagbag.py:588} INFO - Filling up the DagBag from /home/airflow/.local/lib/python3.12/site-packages/airflow/example_dags/example_python_operator.py
[2024-11-18T16:33:25.843+0000] {processor.py:925} INFO - DAG(s) 'example_python_operator' retrieved from /home/airflow/.local/lib/python3.12/site-packages/airflow/example_dags/example_python_operator.py
[2024-11-18T16:33:25.880+0000] {logging_mixin.py:190} INFO - [2024-11-18T16:33:25.879+0000] {dag.py:3239} INFO - Sync 1 DAGs
[2024-11-18T16:33:25.901+0000] {logging_mixin.py:190} INFO - [2024-11-18T16:33:25.901+0000] {dag.py:4180} INFO - Setting next_dagrun for example_python_operator to None, run_after=None
[2024-11-18T16:33:25.931+0000] {processor.py:208} INFO - Processing /home/airflow/.local/lib/python3.12/site-packages/airflow/example_dags/example_python_operator.py took 0.115 seconds
[2024-11-18T16:33:58.385+0000] {processor.py:186} INFO - Started process (PID=1252) to work on /home/airflow/.local/lib/python3.12/site-packages/airflow/example_dags/example_python_operator.py
[2024-11-18T16:33:58.386+0000] {processor.py:914} INFO - Processing file /home/airflow/.local/lib/python3.12/site-packages/airflow/example_dags/example_python_operator.py for tasks to queue
[2024-11-18T16:33:58.390+0000] {logging_mixin.py:190} INFO - [2024-11-18T16:33:58.389+0000] {dagbag.py:588} INFO - Filling up the DagBag from /home/airflow/.local/lib/python3.12/site-packages/airflow/example_dags/example_python_operator.py
[2024-11-18T16:33:58.408+0000] {processor.py:925} INFO - DAG(s) 'example_python_operator' retrieved from /home/airflow/.local/lib/python3.12/site-packages/airflow/example_dags/example_python_operator.py
[2024-11-18T16:33:58.453+0000] {logging_mixin.py:190} INFO - [2024-11-18T16:33:58.452+0000] {dag.py:3239} INFO - Sync 1 DAGs
[2024-11-18T16:33:58.722+0000] {logging_mixin.py:190} INFO - [2024-11-18T16:33:58.722+0000] {dag.py:4180} INFO - Setting next_dagrun for example_python_operator to None, run_after=None
[2024-11-18T16:33:58.878+0000] {processor.py:208} INFO - Processing /home/airflow/.local/lib/python3.12/site-packages/airflow/example_dags/example_python_operator.py took 0.502 seconds
[2024-11-18T16:34:29.234+0000] {processor.py:186} INFO - Started process (PID=1314) to work on /home/airflow/.local/lib/python3.12/site-packages/airflow/example_dags/example_python_operator.py
[2024-11-18T16:34:29.236+0000] {processor.py:914} INFO - Processing file /home/airflow/.local/lib/python3.12/site-packages/airflow/example_dags/example_python_operator.py for tasks to queue
[2024-11-18T16:34:29.239+0000] {logging_mixin.py:190} INFO - [2024-11-18T16:34:29.238+0000] {dagbag.py:588} INFO - Filling up the DagBag from /home/airflow/.local/lib/python3.12/site-packages/airflow/example_dags/example_python_operator.py
[2024-11-18T16:34:29.253+0000] {processor.py:925} INFO - DAG(s) 'example_python_operator' retrieved from /home/airflow/.local/lib/python3.12/site-packages/airflow/example_dags/example_python_operator.py
[2024-11-18T16:34:29.279+0000] {logging_mixin.py:190} INFO - [2024-11-18T16:34:29.279+0000] {dag.py:3239} INFO - Sync 1 DAGs
[2024-11-18T16:34:29.301+0000] {logging_mixin.py:190} INFO - [2024-11-18T16:34:29.301+0000] {dag.py:4180} INFO - Setting next_dagrun for example_python_operator to None, run_after=None
[2024-11-18T16:34:29.337+0000] {processor.py:208} INFO - Processing /home/airflow/.local/lib/python3.12/site-packages/airflow/example_dags/example_python_operator.py took 0.110 seconds
[2024-11-18T16:39:19.114+0000] {processor.py:186} INFO - Started process (PID=120) to work on /home/airflow/.local/lib/python3.12/site-packages/airflow/example_dags/example_python_operator.py
[2024-11-18T16:39:19.118+0000] {processor.py:914} INFO - Processing file /home/airflow/.local/lib/python3.12/site-packages/airflow/example_dags/example_python_operator.py for tasks to queue
[2024-11-18T16:39:19.122+0000] {logging_mixin.py:190} INFO - [2024-11-18T16:39:19.121+0000] {dagbag.py:588} INFO - Filling up the DagBag from /home/airflow/.local/lib/python3.12/site-packages/airflow/example_dags/example_python_operator.py
[2024-11-18T16:39:19.160+0000] {processor.py:925} INFO - DAG(s) 'example_python_operator' retrieved from /home/airflow/.local/lib/python3.12/site-packages/airflow/example_dags/example_python_operator.py
[2024-11-18T16:39:19.446+0000] {logging_mixin.py:190} INFO - [2024-11-18T16:39:19.446+0000] {dag.py:3239} INFO - Sync 1 DAGs
[2024-11-18T16:39:19.464+0000] {logging_mixin.py:190} INFO - [2024-11-18T16:39:19.464+0000] {dag.py:4180} INFO - Setting next_dagrun for example_python_operator to None, run_after=None
[2024-11-18T16:39:19.536+0000] {processor.py:208} INFO - Processing /home/airflow/.local/lib/python3.12/site-packages/airflow/example_dags/example_python_operator.py took 0.433 seconds
[2024-11-18T16:39:51.370+0000] {processor.py:186} INFO - Started process (PID=183) to work on /home/airflow/.local/lib/python3.12/site-packages/airflow/example_dags/example_python_operator.py
[2024-11-18T16:39:51.372+0000] {processor.py:914} INFO - Processing file /home/airflow/.local/lib/python3.12/site-packages/airflow/example_dags/example_python_operator.py for tasks to queue
[2024-11-18T16:39:51.374+0000] {logging_mixin.py:190} INFO - [2024-11-18T16:39:51.374+0000] {dagbag.py:588} INFO - Filling up the DagBag from /home/airflow/.local/lib/python3.12/site-packages/airflow/example_dags/example_python_operator.py
[2024-11-18T16:39:51.413+0000] {processor.py:925} INFO - DAG(s) 'example_python_operator' retrieved from /home/airflow/.local/lib/python3.12/site-packages/airflow/example_dags/example_python_operator.py
[2024-11-18T16:39:51.453+0000] {logging_mixin.py:190} INFO - [2024-11-18T16:39:51.453+0000] {dag.py:3239} INFO - Sync 1 DAGs
[2024-11-18T16:39:51.488+0000] {logging_mixin.py:190} INFO - [2024-11-18T16:39:51.487+0000] {dag.py:4180} INFO - Setting next_dagrun for example_python_operator to None, run_after=None
[2024-11-18T16:39:51.517+0000] {processor.py:208} INFO - Processing /home/airflow/.local/lib/python3.12/site-packages/airflow/example_dags/example_python_operator.py took 0.156 seconds
[2024-11-18T16:40:23.769+0000] {processor.py:186} INFO - Started process (PID=246) to work on /home/airflow/.local/lib/python3.12/site-packages/airflow/example_dags/example_python_operator.py
[2024-11-18T16:40:23.771+0000] {processor.py:914} INFO - Processing file /home/airflow/.local/lib/python3.12/site-packages/airflow/example_dags/example_python_operator.py for tasks to queue
[2024-11-18T16:40:23.775+0000] {logging_mixin.py:190} INFO - [2024-11-18T16:40:23.774+0000] {dagbag.py:588} INFO - Filling up the DagBag from /home/airflow/.local/lib/python3.12/site-packages/airflow/example_dags/example_python_operator.py
[2024-11-18T16:40:23.807+0000] {processor.py:925} INFO - DAG(s) 'example_python_operator' retrieved from /home/airflow/.local/lib/python3.12/site-packages/airflow/example_dags/example_python_operator.py
[2024-11-18T16:40:23.863+0000] {logging_mixin.py:190} INFO - [2024-11-18T16:40:23.863+0000] {dag.py:3239} INFO - Sync 1 DAGs
[2024-11-18T16:40:23.898+0000] {logging_mixin.py:190} INFO - [2024-11-18T16:40:23.897+0000] {dag.py:4180} INFO - Setting next_dagrun for example_python_operator to None, run_after=None
[2024-11-18T16:40:23.943+0000] {processor.py:208} INFO - Processing /home/airflow/.local/lib/python3.12/site-packages/airflow/example_dags/example_python_operator.py took 0.192 seconds
[2024-11-18T16:40:54.111+0000] {processor.py:186} INFO - Started process (PID=308) to work on /home/airflow/.local/lib/python3.12/site-packages/airflow/example_dags/example_python_operator.py
[2024-11-18T16:40:54.113+0000] {processor.py:914} INFO - Processing file /home/airflow/.local/lib/python3.12/site-packages/airflow/example_dags/example_python_operator.py for tasks to queue
[2024-11-18T16:40:54.116+0000] {logging_mixin.py:190} INFO - [2024-11-18T16:40:54.115+0000] {dagbag.py:588} INFO - Filling up the DagBag from /home/airflow/.local/lib/python3.12/site-packages/airflow/example_dags/example_python_operator.py
[2024-11-18T16:40:54.130+0000] {processor.py:925} INFO - DAG(s) 'example_python_operator' retrieved from /home/airflow/.local/lib/python3.12/site-packages/airflow/example_dags/example_python_operator.py
[2024-11-18T16:40:54.157+0000] {logging_mixin.py:190} INFO - [2024-11-18T16:40:54.156+0000] {dag.py:3239} INFO - Sync 1 DAGs
[2024-11-18T16:40:54.175+0000] {logging_mixin.py:190} INFO - [2024-11-18T16:40:54.174+0000] {dag.py:4180} INFO - Setting next_dagrun for example_python_operator to None, run_after=None
[2024-11-18T16:40:54.199+0000] {processor.py:208} INFO - Processing /home/airflow/.local/lib/python3.12/site-packages/airflow/example_dags/example_python_operator.py took 0.095 seconds
[2024-11-18T16:41:24.653+0000] {processor.py:186} INFO - Started process (PID=371) to work on /home/airflow/.local/lib/python3.12/site-packages/airflow/example_dags/example_python_operator.py
[2024-11-18T16:41:24.656+0000] {processor.py:914} INFO - Processing file /home/airflow/.local/lib/python3.12/site-packages/airflow/example_dags/example_python_operator.py for tasks to queue
[2024-11-18T16:41:24.659+0000] {logging_mixin.py:190} INFO - [2024-11-18T16:41:24.659+0000] {dagbag.py:588} INFO - Filling up the DagBag from /home/airflow/.local/lib/python3.12/site-packages/airflow/example_dags/example_python_operator.py
[2024-11-18T16:41:24.676+0000] {processor.py:925} INFO - DAG(s) 'example_python_operator' retrieved from /home/airflow/.local/lib/python3.12/site-packages/airflow/example_dags/example_python_operator.py
[2024-11-18T16:41:24.705+0000] {logging_mixin.py:190} INFO - [2024-11-18T16:41:24.705+0000] {dag.py:3239} INFO - Sync 1 DAGs
[2024-11-18T16:41:24.723+0000] {logging_mixin.py:190} INFO - [2024-11-18T16:41:24.723+0000] {dag.py:4180} INFO - Setting next_dagrun for example_python_operator to None, run_after=None
[2024-11-18T16:41:24.748+0000] {processor.py:208} INFO - Processing /home/airflow/.local/lib/python3.12/site-packages/airflow/example_dags/example_python_operator.py took 0.104 seconds
[2024-11-18T16:41:55.349+0000] {processor.py:186} INFO - Started process (PID=433) to work on /home/airflow/.local/lib/python3.12/site-packages/airflow/example_dags/example_python_operator.py
[2024-11-18T16:41:55.350+0000] {processor.py:914} INFO - Processing file /home/airflow/.local/lib/python3.12/site-packages/airflow/example_dags/example_python_operator.py for tasks to queue
[2024-11-18T16:41:55.354+0000] {logging_mixin.py:190} INFO - [2024-11-18T16:41:55.354+0000] {dagbag.py:588} INFO - Filling up the DagBag from /home/airflow/.local/lib/python3.12/site-packages/airflow/example_dags/example_python_operator.py
[2024-11-18T16:41:55.371+0000] {processor.py:925} INFO - DAG(s) 'example_python_operator' retrieved from /home/airflow/.local/lib/python3.12/site-packages/airflow/example_dags/example_python_operator.py
[2024-11-18T16:41:55.406+0000] {logging_mixin.py:190} INFO - [2024-11-18T16:41:55.405+0000] {dag.py:3239} INFO - Sync 1 DAGs
[2024-11-18T16:41:55.424+0000] {logging_mixin.py:190} INFO - [2024-11-18T16:41:55.424+0000] {dag.py:4180} INFO - Setting next_dagrun for example_python_operator to None, run_after=None
[2024-11-18T16:41:55.447+0000] {processor.py:208} INFO - Processing /home/airflow/.local/lib/python3.12/site-packages/airflow/example_dags/example_python_operator.py took 0.107 seconds
[2024-11-18T16:42:25.977+0000] {processor.py:186} INFO - Started process (PID=496) to work on /home/airflow/.local/lib/python3.12/site-packages/airflow/example_dags/example_python_operator.py
[2024-11-18T16:42:25.979+0000] {processor.py:914} INFO - Processing file /home/airflow/.local/lib/python3.12/site-packages/airflow/example_dags/example_python_operator.py for tasks to queue
[2024-11-18T16:42:25.982+0000] {logging_mixin.py:190} INFO - [2024-11-18T16:42:25.982+0000] {dagbag.py:588} INFO - Filling up the DagBag from /home/airflow/.local/lib/python3.12/site-packages/airflow/example_dags/example_python_operator.py
[2024-11-18T16:42:26.004+0000] {processor.py:925} INFO - DAG(s) 'example_python_operator' retrieved from /home/airflow/.local/lib/python3.12/site-packages/airflow/example_dags/example_python_operator.py
[2024-11-18T16:42:26.042+0000] {logging_mixin.py:190} INFO - [2024-11-18T16:42:26.042+0000] {dag.py:3239} INFO - Sync 1 DAGs
[2024-11-18T16:42:26.063+0000] {logging_mixin.py:190} INFO - [2024-11-18T16:42:26.062+0000] {dag.py:4180} INFO - Setting next_dagrun for example_python_operator to None, run_after=None
[2024-11-18T16:42:26.090+0000] {processor.py:208} INFO - Processing /home/airflow/.local/lib/python3.12/site-packages/airflow/example_dags/example_python_operator.py took 0.121 seconds
[2024-11-18T16:42:56.354+0000] {processor.py:186} INFO - Started process (PID=558) to work on /home/airflow/.local/lib/python3.12/site-packages/airflow/example_dags/example_python_operator.py
[2024-11-18T16:42:56.355+0000] {processor.py:914} INFO - Processing file /home/airflow/.local/lib/python3.12/site-packages/airflow/example_dags/example_python_operator.py for tasks to queue
[2024-11-18T16:42:56.358+0000] {logging_mixin.py:190} INFO - [2024-11-18T16:42:56.358+0000] {dagbag.py:588} INFO - Filling up the DagBag from /home/airflow/.local/lib/python3.12/site-packages/airflow/example_dags/example_python_operator.py
[2024-11-18T16:42:56.372+0000] {processor.py:925} INFO - DAG(s) 'example_python_operator' retrieved from /home/airflow/.local/lib/python3.12/site-packages/airflow/example_dags/example_python_operator.py
[2024-11-18T16:42:56.398+0000] {logging_mixin.py:190} INFO - [2024-11-18T16:42:56.397+0000] {dag.py:3239} INFO - Sync 1 DAGs
[2024-11-18T16:42:56.414+0000] {logging_mixin.py:190} INFO - [2024-11-18T16:42:56.414+0000] {dag.py:4180} INFO - Setting next_dagrun for example_python_operator to None, run_after=None
[2024-11-18T16:42:56.439+0000] {processor.py:208} INFO - Processing /home/airflow/.local/lib/python3.12/site-packages/airflow/example_dags/example_python_operator.py took 0.092 seconds
[2024-11-18T16:43:26.986+0000] {processor.py:186} INFO - Started process (PID=621) to work on /home/airflow/.local/lib/python3.12/site-packages/airflow/example_dags/example_python_operator.py
[2024-11-18T16:43:26.987+0000] {processor.py:914} INFO - Processing file /home/airflow/.local/lib/python3.12/site-packages/airflow/example_dags/example_python_operator.py for tasks to queue
[2024-11-18T16:43:26.991+0000] {logging_mixin.py:190} INFO - [2024-11-18T16:43:26.991+0000] {dagbag.py:588} INFO - Filling up the DagBag from /home/airflow/.local/lib/python3.12/site-packages/airflow/example_dags/example_python_operator.py
[2024-11-18T16:43:27.010+0000] {processor.py:925} INFO - DAG(s) 'example_python_operator' retrieved from /home/airflow/.local/lib/python3.12/site-packages/airflow/example_dags/example_python_operator.py
[2024-11-18T16:43:27.046+0000] {logging_mixin.py:190} INFO - [2024-11-18T16:43:27.045+0000] {dag.py:3239} INFO - Sync 1 DAGs
[2024-11-18T16:43:27.066+0000] {logging_mixin.py:190} INFO - [2024-11-18T16:43:27.066+0000] {dag.py:4180} INFO - Setting next_dagrun for example_python_operator to None, run_after=None
[2024-11-18T16:43:27.097+0000] {processor.py:208} INFO - Processing /home/airflow/.local/lib/python3.12/site-packages/airflow/example_dags/example_python_operator.py took 0.119 seconds
[2024-11-18T16:43:57.443+0000] {processor.py:186} INFO - Started process (PID=684) to work on /home/airflow/.local/lib/python3.12/site-packages/airflow/example_dags/example_python_operator.py
[2024-11-18T16:43:57.444+0000] {processor.py:914} INFO - Processing file /home/airflow/.local/lib/python3.12/site-packages/airflow/example_dags/example_python_operator.py for tasks to queue
[2024-11-18T16:43:57.449+0000] {logging_mixin.py:190} INFO - [2024-11-18T16:43:57.448+0000] {dagbag.py:588} INFO - Filling up the DagBag from /home/airflow/.local/lib/python3.12/site-packages/airflow/example_dags/example_python_operator.py
[2024-11-18T16:43:57.465+0000] {processor.py:925} INFO - DAG(s) 'example_python_operator' retrieved from /home/airflow/.local/lib/python3.12/site-packages/airflow/example_dags/example_python_operator.py
[2024-11-18T16:43:57.494+0000] {logging_mixin.py:190} INFO - [2024-11-18T16:43:57.493+0000] {dag.py:3239} INFO - Sync 1 DAGs
[2024-11-18T16:43:57.511+0000] {logging_mixin.py:190} INFO - [2024-11-18T16:43:57.511+0000] {dag.py:4180} INFO - Setting next_dagrun for example_python_operator to None, run_after=None
[2024-11-18T16:43:57.533+0000] {processor.py:208} INFO - Processing /home/airflow/.local/lib/python3.12/site-packages/airflow/example_dags/example_python_operator.py took 0.099 seconds
[2024-11-18T16:44:27.737+0000] {processor.py:186} INFO - Started process (PID=747) to work on /home/airflow/.local/lib/python3.12/site-packages/airflow/example_dags/example_python_operator.py
[2024-11-18T16:44:27.739+0000] {processor.py:914} INFO - Processing file /home/airflow/.local/lib/python3.12/site-packages/airflow/example_dags/example_python_operator.py for tasks to queue
[2024-11-18T16:44:27.743+0000] {logging_mixin.py:190} INFO - [2024-11-18T16:44:27.742+0000] {dagbag.py:588} INFO - Filling up the DagBag from /home/airflow/.local/lib/python3.12/site-packages/airflow/example_dags/example_python_operator.py
[2024-11-18T16:44:27.759+0000] {processor.py:925} INFO - DAG(s) 'example_python_operator' retrieved from /home/airflow/.local/lib/python3.12/site-packages/airflow/example_dags/example_python_operator.py
[2024-11-18T16:44:27.795+0000] {logging_mixin.py:190} INFO - [2024-11-18T16:44:27.795+0000] {dag.py:3239} INFO - Sync 1 DAGs
[2024-11-18T16:44:27.815+0000] {logging_mixin.py:190} INFO - [2024-11-18T16:44:27.815+0000] {dag.py:4180} INFO - Setting next_dagrun for example_python_operator to None, run_after=None
[2024-11-18T16:44:27.842+0000] {processor.py:208} INFO - Processing /home/airflow/.local/lib/python3.12/site-packages/airflow/example_dags/example_python_operator.py took 0.112 seconds
[2024-11-18T16:44:58.081+0000] {processor.py:186} INFO - Started process (PID=809) to work on /home/airflow/.local/lib/python3.12/site-packages/airflow/example_dags/example_python_operator.py
[2024-11-18T16:44:58.082+0000] {processor.py:914} INFO - Processing file /home/airflow/.local/lib/python3.12/site-packages/airflow/example_dags/example_python_operator.py for tasks to queue
[2024-11-18T16:44:58.085+0000] {logging_mixin.py:190} INFO - [2024-11-18T16:44:58.084+0000] {dagbag.py:588} INFO - Filling up the DagBag from /home/airflow/.local/lib/python3.12/site-packages/airflow/example_dags/example_python_operator.py
[2024-11-18T16:44:58.099+0000] {processor.py:925} INFO - DAG(s) 'example_python_operator' retrieved from /home/airflow/.local/lib/python3.12/site-packages/airflow/example_dags/example_python_operator.py
[2024-11-18T16:44:58.127+0000] {logging_mixin.py:190} INFO - [2024-11-18T16:44:58.126+0000] {dag.py:3239} INFO - Sync 1 DAGs
[2024-11-18T16:44:58.143+0000] {logging_mixin.py:190} INFO - [2024-11-18T16:44:58.143+0000] {dag.py:4180} INFO - Setting next_dagrun for example_python_operator to None, run_after=None
[2024-11-18T16:44:58.164+0000] {processor.py:208} INFO - Processing /home/airflow/.local/lib/python3.12/site-packages/airflow/example_dags/example_python_operator.py took 0.090 seconds
[2024-11-18T16:45:29.081+0000] {processor.py:186} INFO - Started process (PID=872) to work on /home/airflow/.local/lib/python3.12/site-packages/airflow/example_dags/example_python_operator.py
[2024-11-18T16:45:29.083+0000] {processor.py:914} INFO - Processing file /home/airflow/.local/lib/python3.12/site-packages/airflow/example_dags/example_python_operator.py for tasks to queue
[2024-11-18T16:45:29.086+0000] {logging_mixin.py:190} INFO - [2024-11-18T16:45:29.085+0000] {dagbag.py:588} INFO - Filling up the DagBag from /home/airflow/.local/lib/python3.12/site-packages/airflow/example_dags/example_python_operator.py
[2024-11-18T16:45:29.100+0000] {processor.py:925} INFO - DAG(s) 'example_python_operator' retrieved from /home/airflow/.local/lib/python3.12/site-packages/airflow/example_dags/example_python_operator.py
[2024-11-18T16:45:29.132+0000] {logging_mixin.py:190} INFO - [2024-11-18T16:45:29.132+0000] {dag.py:3239} INFO - Sync 1 DAGs
[2024-11-18T16:45:29.150+0000] {logging_mixin.py:190} INFO - [2024-11-18T16:45:29.150+0000] {dag.py:4180} INFO - Setting next_dagrun for example_python_operator to None, run_after=None
[2024-11-18T16:45:29.171+0000] {processor.py:208} INFO - Processing /home/airflow/.local/lib/python3.12/site-packages/airflow/example_dags/example_python_operator.py took 0.097 seconds
[2024-11-18T16:46:00.434+0000] {processor.py:186} INFO - Started process (PID=934) to work on /home/airflow/.local/lib/python3.12/site-packages/airflow/example_dags/example_python_operator.py
[2024-11-18T16:46:00.436+0000] {processor.py:914} INFO - Processing file /home/airflow/.local/lib/python3.12/site-packages/airflow/example_dags/example_python_operator.py for tasks to queue
[2024-11-18T16:46:00.438+0000] {logging_mixin.py:190} INFO - [2024-11-18T16:46:00.438+0000] {dagbag.py:588} INFO - Filling up the DagBag from /home/airflow/.local/lib/python3.12/site-packages/airflow/example_dags/example_python_operator.py
[2024-11-18T16:46:00.453+0000] {processor.py:925} INFO - DAG(s) 'example_python_operator' retrieved from /home/airflow/.local/lib/python3.12/site-packages/airflow/example_dags/example_python_operator.py
[2024-11-18T16:46:00.480+0000] {logging_mixin.py:190} INFO - [2024-11-18T16:46:00.479+0000] {dag.py:3239} INFO - Sync 1 DAGs
[2024-11-18T16:46:00.496+0000] {logging_mixin.py:190} INFO - [2024-11-18T16:46:00.496+0000] {dag.py:4180} INFO - Setting next_dagrun for example_python_operator to None, run_after=None
[2024-11-18T16:46:00.517+0000] {processor.py:208} INFO - Processing /home/airflow/.local/lib/python3.12/site-packages/airflow/example_dags/example_python_operator.py took 0.089 seconds
[2024-11-18T16:46:31.473+0000] {processor.py:186} INFO - Started process (PID=997) to work on /home/airflow/.local/lib/python3.12/site-packages/airflow/example_dags/example_python_operator.py
[2024-11-18T16:46:31.474+0000] {processor.py:914} INFO - Processing file /home/airflow/.local/lib/python3.12/site-packages/airflow/example_dags/example_python_operator.py for tasks to queue
[2024-11-18T16:46:31.476+0000] {logging_mixin.py:190} INFO - [2024-11-18T16:46:31.476+0000] {dagbag.py:588} INFO - Filling up the DagBag from /home/airflow/.local/lib/python3.12/site-packages/airflow/example_dags/example_python_operator.py
[2024-11-18T16:46:31.492+0000] {processor.py:925} INFO - DAG(s) 'example_python_operator' retrieved from /home/airflow/.local/lib/python3.12/site-packages/airflow/example_dags/example_python_operator.py
[2024-11-18T16:46:31.523+0000] {logging_mixin.py:190} INFO - [2024-11-18T16:46:31.523+0000] {dag.py:3239} INFO - Sync 1 DAGs
[2024-11-18T16:46:31.542+0000] {logging_mixin.py:190} INFO - [2024-11-18T16:46:31.542+0000] {dag.py:4180} INFO - Setting next_dagrun for example_python_operator to None, run_after=None
[2024-11-18T16:46:31.565+0000] {processor.py:208} INFO - Processing /home/airflow/.local/lib/python3.12/site-packages/airflow/example_dags/example_python_operator.py took 0.099 seconds
[2024-11-18T16:47:02.628+0000] {processor.py:186} INFO - Started process (PID=1060) to work on /home/airflow/.local/lib/python3.12/site-packages/airflow/example_dags/example_python_operator.py
[2024-11-18T16:47:02.630+0000] {processor.py:914} INFO - Processing file /home/airflow/.local/lib/python3.12/site-packages/airflow/example_dags/example_python_operator.py for tasks to queue
[2024-11-18T16:47:02.637+0000] {logging_mixin.py:190} INFO - [2024-11-18T16:47:02.637+0000] {dagbag.py:588} INFO - Filling up the DagBag from /home/airflow/.local/lib/python3.12/site-packages/airflow/example_dags/example_python_operator.py
[2024-11-18T16:47:02.680+0000] {processor.py:925} INFO - DAG(s) 'example_python_operator' retrieved from /home/airflow/.local/lib/python3.12/site-packages/airflow/example_dags/example_python_operator.py
[2024-11-18T16:47:02.940+0000] {logging_mixin.py:190} INFO - [2024-11-18T16:47:02.940+0000] {dag.py:3239} INFO - Sync 1 DAGs
[2024-11-18T16:47:02.972+0000] {logging_mixin.py:190} INFO - [2024-11-18T16:47:02.972+0000] {dag.py:4180} INFO - Setting next_dagrun for example_python_operator to None, run_after=None
[2024-11-18T16:47:02.995+0000] {processor.py:208} INFO - Processing /home/airflow/.local/lib/python3.12/site-packages/airflow/example_dags/example_python_operator.py took 0.380 seconds
[2024-11-18T16:47:33.966+0000] {processor.py:186} INFO - Started process (PID=1123) to work on /home/airflow/.local/lib/python3.12/site-packages/airflow/example_dags/example_python_operator.py
[2024-11-18T16:47:33.967+0000] {processor.py:914} INFO - Processing file /home/airflow/.local/lib/python3.12/site-packages/airflow/example_dags/example_python_operator.py for tasks to queue
[2024-11-18T16:47:33.970+0000] {logging_mixin.py:190} INFO - [2024-11-18T16:47:33.970+0000] {dagbag.py:588} INFO - Filling up the DagBag from /home/airflow/.local/lib/python3.12/site-packages/airflow/example_dags/example_python_operator.py
[2024-11-18T16:47:33.987+0000] {processor.py:925} INFO - DAG(s) 'example_python_operator' retrieved from /home/airflow/.local/lib/python3.12/site-packages/airflow/example_dags/example_python_operator.py
[2024-11-18T16:47:34.015+0000] {logging_mixin.py:190} INFO - [2024-11-18T16:47:34.015+0000] {dag.py:3239} INFO - Sync 1 DAGs
[2024-11-18T16:47:34.031+0000] {logging_mixin.py:190} INFO - [2024-11-18T16:47:34.031+0000] {dag.py:4180} INFO - Setting next_dagrun for example_python_operator to None, run_after=None
[2024-11-18T16:47:34.051+0000] {processor.py:208} INFO - Processing /home/airflow/.local/lib/python3.12/site-packages/airflow/example_dags/example_python_operator.py took 0.093 seconds
[2024-11-18T16:48:05.687+0000] {processor.py:186} INFO - Started process (PID=1186) to work on /home/airflow/.local/lib/python3.12/site-packages/airflow/example_dags/example_python_operator.py
[2024-11-18T16:48:05.688+0000] {processor.py:914} INFO - Processing file /home/airflow/.local/lib/python3.12/site-packages/airflow/example_dags/example_python_operator.py for tasks to queue
[2024-11-18T16:48:05.690+0000] {logging_mixin.py:190} INFO - [2024-11-18T16:48:05.690+0000] {dagbag.py:588} INFO - Filling up the DagBag from /home/airflow/.local/lib/python3.12/site-packages/airflow/example_dags/example_python_operator.py
[2024-11-18T16:48:05.705+0000] {processor.py:925} INFO - DAG(s) 'example_python_operator' retrieved from /home/airflow/.local/lib/python3.12/site-packages/airflow/example_dags/example_python_operator.py
[2024-11-18T16:48:05.734+0000] {logging_mixin.py:190} INFO - [2024-11-18T16:48:05.734+0000] {dag.py:3239} INFO - Sync 1 DAGs
[2024-11-18T16:48:05.751+0000] {logging_mixin.py:190} INFO - [2024-11-18T16:48:05.750+0000] {dag.py:4180} INFO - Setting next_dagrun for example_python_operator to None, run_after=None
[2024-11-18T16:48:05.772+0000] {processor.py:208} INFO - Processing /home/airflow/.local/lib/python3.12/site-packages/airflow/example_dags/example_python_operator.py took 0.093 seconds
[2024-11-18T16:48:37.021+0000] {processor.py:186} INFO - Started process (PID=1249) to work on /home/airflow/.local/lib/python3.12/site-packages/airflow/example_dags/example_python_operator.py
[2024-11-18T16:48:37.022+0000] {processor.py:914} INFO - Processing file /home/airflow/.local/lib/python3.12/site-packages/airflow/example_dags/example_python_operator.py for tasks to queue
[2024-11-18T16:48:37.025+0000] {logging_mixin.py:190} INFO - [2024-11-18T16:48:37.025+0000] {dagbag.py:588} INFO - Filling up the DagBag from /home/airflow/.local/lib/python3.12/site-packages/airflow/example_dags/example_python_operator.py
[2024-11-18T16:48:37.040+0000] {processor.py:925} INFO - DAG(s) 'example_python_operator' retrieved from /home/airflow/.local/lib/python3.12/site-packages/airflow/example_dags/example_python_operator.py
[2024-11-18T16:48:37.073+0000] {logging_mixin.py:190} INFO - [2024-11-18T16:48:37.072+0000] {dag.py:3239} INFO - Sync 1 DAGs
[2024-11-18T16:48:37.091+0000] {logging_mixin.py:190} INFO - [2024-11-18T16:48:37.091+0000] {dag.py:4180} INFO - Setting next_dagrun for example_python_operator to None, run_after=None
[2024-11-18T16:48:37.111+0000] {processor.py:208} INFO - Processing /home/airflow/.local/lib/python3.12/site-packages/airflow/example_dags/example_python_operator.py took 0.096 seconds
[2024-11-18T16:49:08.262+0000] {processor.py:186} INFO - Started process (PID=1312) to work on /home/airflow/.local/lib/python3.12/site-packages/airflow/example_dags/example_python_operator.py
[2024-11-18T16:49:08.264+0000] {processor.py:914} INFO - Processing file /home/airflow/.local/lib/python3.12/site-packages/airflow/example_dags/example_python_operator.py for tasks to queue
[2024-11-18T16:49:08.267+0000] {logging_mixin.py:190} INFO - [2024-11-18T16:49:08.267+0000] {dagbag.py:588} INFO - Filling up the DagBag from /home/airflow/.local/lib/python3.12/site-packages/airflow/example_dags/example_python_operator.py
[2024-11-18T16:49:08.295+0000] {processor.py:925} INFO - DAG(s) 'example_python_operator' retrieved from /home/airflow/.local/lib/python3.12/site-packages/airflow/example_dags/example_python_operator.py
[2024-11-18T16:49:08.355+0000] {logging_mixin.py:190} INFO - [2024-11-18T16:49:08.354+0000] {dag.py:3239} INFO - Sync 1 DAGs
[2024-11-18T16:49:08.385+0000] {logging_mixin.py:190} INFO - [2024-11-18T16:49:08.385+0000] {dag.py:4180} INFO - Setting next_dagrun for example_python_operator to None, run_after=None
[2024-11-18T16:49:08.413+0000] {processor.py:208} INFO - Processing /home/airflow/.local/lib/python3.12/site-packages/airflow/example_dags/example_python_operator.py took 0.158 seconds
[2024-11-18T16:49:39.984+0000] {processor.py:186} INFO - Started process (PID=1375) to work on /home/airflow/.local/lib/python3.12/site-packages/airflow/example_dags/example_python_operator.py
[2024-11-18T16:49:39.985+0000] {processor.py:914} INFO - Processing file /home/airflow/.local/lib/python3.12/site-packages/airflow/example_dags/example_python_operator.py for tasks to queue
[2024-11-18T16:49:39.988+0000] {logging_mixin.py:190} INFO - [2024-11-18T16:49:39.987+0000] {dagbag.py:588} INFO - Filling up the DagBag from /home/airflow/.local/lib/python3.12/site-packages/airflow/example_dags/example_python_operator.py
[2024-11-18T16:49:40.003+0000] {processor.py:925} INFO - DAG(s) 'example_python_operator' retrieved from /home/airflow/.local/lib/python3.12/site-packages/airflow/example_dags/example_python_operator.py
[2024-11-18T16:49:40.034+0000] {logging_mixin.py:190} INFO - [2024-11-18T16:49:40.034+0000] {dag.py:3239} INFO - Sync 1 DAGs
[2024-11-18T16:49:40.053+0000] {logging_mixin.py:190} INFO - [2024-11-18T16:49:40.053+0000] {dag.py:4180} INFO - Setting next_dagrun for example_python_operator to None, run_after=None
[2024-11-18T16:49:40.076+0000] {processor.py:208} INFO - Processing /home/airflow/.local/lib/python3.12/site-packages/airflow/example_dags/example_python_operator.py took 0.099 seconds
[2024-11-18T16:50:11.530+0000] {processor.py:186} INFO - Started process (PID=1438) to work on /home/airflow/.local/lib/python3.12/site-packages/airflow/example_dags/example_python_operator.py
[2024-11-18T16:50:11.541+0000] {processor.py:914} INFO - Processing file /home/airflow/.local/lib/python3.12/site-packages/airflow/example_dags/example_python_operator.py for tasks to queue
[2024-11-18T16:50:11.613+0000] {logging_mixin.py:190} INFO - [2024-11-18T16:50:11.606+0000] {dagbag.py:588} INFO - Filling up the DagBag from /home/airflow/.local/lib/python3.12/site-packages/airflow/example_dags/example_python_operator.py
[2024-11-18T16:50:11.661+0000] {processor.py:925} INFO - DAG(s) 'example_python_operator' retrieved from /home/airflow/.local/lib/python3.12/site-packages/airflow/example_dags/example_python_operator.py
[2024-11-18T16:50:11.694+0000] {logging_mixin.py:190} INFO - [2024-11-18T16:50:11.694+0000] {dag.py:3239} INFO - Sync 1 DAGs
[2024-11-18T16:50:11.783+0000] {logging_mixin.py:190} INFO - [2024-11-18T16:50:11.783+0000] {dag.py:4180} INFO - Setting next_dagrun for example_python_operator to None, run_after=None
[2024-11-18T16:50:11.826+0000] {processor.py:208} INFO - Processing /home/airflow/.local/lib/python3.12/site-packages/airflow/example_dags/example_python_operator.py took 0.362 seconds
[2024-11-18T16:50:43.473+0000] {processor.py:186} INFO - Started process (PID=1501) to work on /home/airflow/.local/lib/python3.12/site-packages/airflow/example_dags/example_python_operator.py
[2024-11-18T16:50:43.475+0000] {processor.py:914} INFO - Processing file /home/airflow/.local/lib/python3.12/site-packages/airflow/example_dags/example_python_operator.py for tasks to queue
[2024-11-18T16:50:43.477+0000] {logging_mixin.py:190} INFO - [2024-11-18T16:50:43.477+0000] {dagbag.py:588} INFO - Filling up the DagBag from /home/airflow/.local/lib/python3.12/site-packages/airflow/example_dags/example_python_operator.py
[2024-11-18T16:50:43.494+0000] {processor.py:925} INFO - DAG(s) 'example_python_operator' retrieved from /home/airflow/.local/lib/python3.12/site-packages/airflow/example_dags/example_python_operator.py
[2024-11-18T16:50:43.519+0000] {logging_mixin.py:190} INFO - [2024-11-18T16:50:43.518+0000] {dag.py:3239} INFO - Sync 1 DAGs
[2024-11-18T16:50:43.537+0000] {logging_mixin.py:190} INFO - [2024-11-18T16:50:43.537+0000] {dag.py:4180} INFO - Setting next_dagrun for example_python_operator to None, run_after=None
[2024-11-18T16:50:43.562+0000] {processor.py:208} INFO - Processing /home/airflow/.local/lib/python3.12/site-packages/airflow/example_dags/example_python_operator.py took 0.097 seconds
[2024-11-18T16:51:15.584+0000] {processor.py:186} INFO - Started process (PID=1564) to work on /home/airflow/.local/lib/python3.12/site-packages/airflow/example_dags/example_python_operator.py
[2024-11-18T16:51:15.585+0000] {processor.py:914} INFO - Processing file /home/airflow/.local/lib/python3.12/site-packages/airflow/example_dags/example_python_operator.py for tasks to queue
[2024-11-18T16:51:15.590+0000] {logging_mixin.py:190} INFO - [2024-11-18T16:51:15.589+0000] {dagbag.py:588} INFO - Filling up the DagBag from /home/airflow/.local/lib/python3.12/site-packages/airflow/example_dags/example_python_operator.py
[2024-11-18T16:51:15.604+0000] {processor.py:925} INFO - DAG(s) 'example_python_operator' retrieved from /home/airflow/.local/lib/python3.12/site-packages/airflow/example_dags/example_python_operator.py
[2024-11-18T16:51:15.630+0000] {logging_mixin.py:190} INFO - [2024-11-18T16:51:15.630+0000] {dag.py:3239} INFO - Sync 1 DAGs
[2024-11-18T16:51:15.646+0000] {logging_mixin.py:190} INFO - [2024-11-18T16:51:15.646+0000] {dag.py:4180} INFO - Setting next_dagrun for example_python_operator to None, run_after=None
[2024-11-18T16:51:15.671+0000] {processor.py:208} INFO - Processing /home/airflow/.local/lib/python3.12/site-packages/airflow/example_dags/example_python_operator.py took 0.095 seconds
[2024-11-18T16:51:47.078+0000] {processor.py:186} INFO - Started process (PID=1632) to work on /home/airflow/.local/lib/python3.12/site-packages/airflow/example_dags/example_python_operator.py
[2024-11-18T16:51:47.079+0000] {processor.py:914} INFO - Processing file /home/airflow/.local/lib/python3.12/site-packages/airflow/example_dags/example_python_operator.py for tasks to queue
[2024-11-18T16:51:47.083+0000] {logging_mixin.py:190} INFO - [2024-11-18T16:51:47.082+0000] {dagbag.py:588} INFO - Filling up the DagBag from /home/airflow/.local/lib/python3.12/site-packages/airflow/example_dags/example_python_operator.py
[2024-11-18T16:51:47.104+0000] {processor.py:925} INFO - DAG(s) 'example_python_operator' retrieved from /home/airflow/.local/lib/python3.12/site-packages/airflow/example_dags/example_python_operator.py
[2024-11-18T16:51:47.137+0000] {logging_mixin.py:190} INFO - [2024-11-18T16:51:47.136+0000] {dag.py:3239} INFO - Sync 1 DAGs
[2024-11-18T16:51:47.153+0000] {logging_mixin.py:190} INFO - [2024-11-18T16:51:47.153+0000] {dag.py:4180} INFO - Setting next_dagrun for example_python_operator to None, run_after=None
[2024-11-18T16:51:47.174+0000] {processor.py:208} INFO - Processing /home/airflow/.local/lib/python3.12/site-packages/airflow/example_dags/example_python_operator.py took 0.105 seconds
[2024-11-18T16:52:18.362+0000] {processor.py:186} INFO - Started process (PID=1695) to work on /home/airflow/.local/lib/python3.12/site-packages/airflow/example_dags/example_python_operator.py
[2024-11-18T16:52:18.363+0000] {processor.py:914} INFO - Processing file /home/airflow/.local/lib/python3.12/site-packages/airflow/example_dags/example_python_operator.py for tasks to queue
[2024-11-18T16:52:18.366+0000] {logging_mixin.py:190} INFO - [2024-11-18T16:52:18.366+0000] {dagbag.py:588} INFO - Filling up the DagBag from /home/airflow/.local/lib/python3.12/site-packages/airflow/example_dags/example_python_operator.py
[2024-11-18T16:52:18.381+0000] {processor.py:925} INFO - DAG(s) 'example_python_operator' retrieved from /home/airflow/.local/lib/python3.12/site-packages/airflow/example_dags/example_python_operator.py
[2024-11-18T16:52:18.408+0000] {logging_mixin.py:190} INFO - [2024-11-18T16:52:18.408+0000] {dag.py:3239} INFO - Sync 1 DAGs
[2024-11-18T16:52:18.425+0000] {logging_mixin.py:190} INFO - [2024-11-18T16:52:18.425+0000] {dag.py:4180} INFO - Setting next_dagrun for example_python_operator to None, run_after=None
[2024-11-18T16:52:18.448+0000] {processor.py:208} INFO - Processing /home/airflow/.local/lib/python3.12/site-packages/airflow/example_dags/example_python_operator.py took 0.093 seconds
[2024-11-18T16:52:49.730+0000] {processor.py:186} INFO - Started process (PID=1758) to work on /home/airflow/.local/lib/python3.12/site-packages/airflow/example_dags/example_python_operator.py
[2024-11-18T16:52:49.731+0000] {processor.py:914} INFO - Processing file /home/airflow/.local/lib/python3.12/site-packages/airflow/example_dags/example_python_operator.py for tasks to queue
[2024-11-18T16:52:49.734+0000] {logging_mixin.py:190} INFO - [2024-11-18T16:52:49.733+0000] {dagbag.py:588} INFO - Filling up the DagBag from /home/airflow/.local/lib/python3.12/site-packages/airflow/example_dags/example_python_operator.py
[2024-11-18T16:52:49.749+0000] {processor.py:925} INFO - DAG(s) 'example_python_operator' retrieved from /home/airflow/.local/lib/python3.12/site-packages/airflow/example_dags/example_python_operator.py
[2024-11-18T16:52:49.776+0000] {logging_mixin.py:190} INFO - [2024-11-18T16:52:49.775+0000] {dag.py:3239} INFO - Sync 1 DAGs
[2024-11-18T16:52:49.793+0000] {logging_mixin.py:190} INFO - [2024-11-18T16:52:49.792+0000] {dag.py:4180} INFO - Setting next_dagrun for example_python_operator to None, run_after=None
[2024-11-18T16:52:49.814+0000] {processor.py:208} INFO - Processing /home/airflow/.local/lib/python3.12/site-packages/airflow/example_dags/example_python_operator.py took 0.092 seconds
[2024-11-18T16:53:20.644+0000] {processor.py:186} INFO - Started process (PID=1821) to work on /home/airflow/.local/lib/python3.12/site-packages/airflow/example_dags/example_python_operator.py
[2024-11-18T16:53:20.645+0000] {processor.py:914} INFO - Processing file /home/airflow/.local/lib/python3.12/site-packages/airflow/example_dags/example_python_operator.py for tasks to queue
[2024-11-18T16:53:20.648+0000] {logging_mixin.py:190} INFO - [2024-11-18T16:53:20.648+0000] {dagbag.py:588} INFO - Filling up the DagBag from /home/airflow/.local/lib/python3.12/site-packages/airflow/example_dags/example_python_operator.py
[2024-11-18T16:53:20.664+0000] {processor.py:925} INFO - DAG(s) 'example_python_operator' retrieved from /home/airflow/.local/lib/python3.12/site-packages/airflow/example_dags/example_python_operator.py
[2024-11-18T16:53:20.693+0000] {logging_mixin.py:190} INFO - [2024-11-18T16:53:20.693+0000] {dag.py:3239} INFO - Sync 1 DAGs
[2024-11-18T16:53:20.711+0000] {logging_mixin.py:190} INFO - [2024-11-18T16:53:20.711+0000] {dag.py:4180} INFO - Setting next_dagrun for example_python_operator to None, run_after=None
[2024-11-18T16:53:20.732+0000] {processor.py:208} INFO - Processing /home/airflow/.local/lib/python3.12/site-packages/airflow/example_dags/example_python_operator.py took 0.095 seconds
[2024-11-18T16:53:51.924+0000] {processor.py:186} INFO - Started process (PID=1886) to work on /home/airflow/.local/lib/python3.12/site-packages/airflow/example_dags/example_python_operator.py
[2024-11-18T16:53:51.926+0000] {processor.py:914} INFO - Processing file /home/airflow/.local/lib/python3.12/site-packages/airflow/example_dags/example_python_operator.py for tasks to queue
[2024-11-18T16:53:51.933+0000] {logging_mixin.py:190} INFO - [2024-11-18T16:53:51.932+0000] {dagbag.py:588} INFO - Filling up the DagBag from /home/airflow/.local/lib/python3.12/site-packages/airflow/example_dags/example_python_operator.py
[2024-11-18T16:53:51.948+0000] {processor.py:925} INFO - DAG(s) 'example_python_operator' retrieved from /home/airflow/.local/lib/python3.12/site-packages/airflow/example_dags/example_python_operator.py
[2024-11-18T16:53:51.974+0000] {logging_mixin.py:190} INFO - [2024-11-18T16:53:51.974+0000] {dag.py:3239} INFO - Sync 1 DAGs
[2024-11-18T16:53:51.990+0000] {logging_mixin.py:190} INFO - [2024-11-18T16:53:51.990+0000] {dag.py:4180} INFO - Setting next_dagrun for example_python_operator to None, run_after=None
[2024-11-18T16:53:52.011+0000] {processor.py:208} INFO - Processing /home/airflow/.local/lib/python3.12/site-packages/airflow/example_dags/example_python_operator.py took 0.095 seconds
[2024-11-18T16:54:22.800+0000] {processor.py:186} INFO - Started process (PID=1951) to work on /home/airflow/.local/lib/python3.12/site-packages/airflow/example_dags/example_python_operator.py
[2024-11-18T16:54:22.801+0000] {processor.py:914} INFO - Processing file /home/airflow/.local/lib/python3.12/site-packages/airflow/example_dags/example_python_operator.py for tasks to queue
[2024-11-18T16:54:22.804+0000] {logging_mixin.py:190} INFO - [2024-11-18T16:54:22.803+0000] {dagbag.py:588} INFO - Filling up the DagBag from /home/airflow/.local/lib/python3.12/site-packages/airflow/example_dags/example_python_operator.py
[2024-11-18T16:54:22.818+0000] {processor.py:925} INFO - DAG(s) 'example_python_operator' retrieved from /home/airflow/.local/lib/python3.12/site-packages/airflow/example_dags/example_python_operator.py
[2024-11-18T16:54:22.851+0000] {logging_mixin.py:190} INFO - [2024-11-18T16:54:22.850+0000] {dag.py:3239} INFO - Sync 1 DAGs
[2024-11-18T16:54:22.870+0000] {logging_mixin.py:190} INFO - [2024-11-18T16:54:22.870+0000] {dag.py:4180} INFO - Setting next_dagrun for example_python_operator to None, run_after=None
[2024-11-18T16:54:22.889+0000] {processor.py:208} INFO - Processing /home/airflow/.local/lib/python3.12/site-packages/airflow/example_dags/example_python_operator.py took 0.096 seconds
[2024-11-18T16:54:52.945+0000] {processor.py:186} INFO - Started process (PID=2013) to work on /home/airflow/.local/lib/python3.12/site-packages/airflow/example_dags/example_python_operator.py
[2024-11-18T16:54:52.946+0000] {processor.py:914} INFO - Processing file /home/airflow/.local/lib/python3.12/site-packages/airflow/example_dags/example_python_operator.py for tasks to queue
[2024-11-18T16:54:52.949+0000] {logging_mixin.py:190} INFO - [2024-11-18T16:54:52.949+0000] {dagbag.py:588} INFO - Filling up the DagBag from /home/airflow/.local/lib/python3.12/site-packages/airflow/example_dags/example_python_operator.py
[2024-11-18T16:54:52.963+0000] {processor.py:925} INFO - DAG(s) 'example_python_operator' retrieved from /home/airflow/.local/lib/python3.12/site-packages/airflow/example_dags/example_python_operator.py
[2024-11-18T16:54:52.990+0000] {logging_mixin.py:190} INFO - [2024-11-18T16:54:52.990+0000] {dag.py:3239} INFO - Sync 1 DAGs
[2024-11-18T16:54:53.006+0000] {logging_mixin.py:190} INFO - [2024-11-18T16:54:53.006+0000] {dag.py:4180} INFO - Setting next_dagrun for example_python_operator to None, run_after=None
[2024-11-18T16:54:53.027+0000] {processor.py:208} INFO - Processing /home/airflow/.local/lib/python3.12/site-packages/airflow/example_dags/example_python_operator.py took 0.089 seconds
[2024-11-18T16:55:24.010+0000] {processor.py:186} INFO - Started process (PID=2078) to work on /home/airflow/.local/lib/python3.12/site-packages/airflow/example_dags/example_python_operator.py
[2024-11-18T16:55:24.011+0000] {processor.py:914} INFO - Processing file /home/airflow/.local/lib/python3.12/site-packages/airflow/example_dags/example_python_operator.py for tasks to queue
[2024-11-18T16:55:24.014+0000] {logging_mixin.py:190} INFO - [2024-11-18T16:55:24.013+0000] {dagbag.py:588} INFO - Filling up the DagBag from /home/airflow/.local/lib/python3.12/site-packages/airflow/example_dags/example_python_operator.py
[2024-11-18T16:55:24.028+0000] {processor.py:925} INFO - DAG(s) 'example_python_operator' retrieved from /home/airflow/.local/lib/python3.12/site-packages/airflow/example_dags/example_python_operator.py
[2024-11-18T16:55:24.053+0000] {logging_mixin.py:190} INFO - [2024-11-18T16:55:24.053+0000] {dag.py:3239} INFO - Sync 1 DAGs
[2024-11-18T16:55:24.070+0000] {logging_mixin.py:190} INFO - [2024-11-18T16:55:24.070+0000] {dag.py:4180} INFO - Setting next_dagrun for example_python_operator to None, run_after=None
[2024-11-18T16:55:24.090+0000] {processor.py:208} INFO - Processing /home/airflow/.local/lib/python3.12/site-packages/airflow/example_dags/example_python_operator.py took 0.087 seconds
[2024-11-18T16:55:54.425+0000] {processor.py:186} INFO - Started process (PID=2142) to work on /home/airflow/.local/lib/python3.12/site-packages/airflow/example_dags/example_python_operator.py
[2024-11-18T16:55:54.427+0000] {processor.py:914} INFO - Processing file /home/airflow/.local/lib/python3.12/site-packages/airflow/example_dags/example_python_operator.py for tasks to queue
[2024-11-18T16:55:54.431+0000] {logging_mixin.py:190} INFO - [2024-11-18T16:55:54.430+0000] {dagbag.py:588} INFO - Filling up the DagBag from /home/airflow/.local/lib/python3.12/site-packages/airflow/example_dags/example_python_operator.py
[2024-11-18T16:55:54.447+0000] {processor.py:925} INFO - DAG(s) 'example_python_operator' retrieved from /home/airflow/.local/lib/python3.12/site-packages/airflow/example_dags/example_python_operator.py
[2024-11-18T16:55:54.473+0000] {logging_mixin.py:190} INFO - [2024-11-18T16:55:54.473+0000] {dag.py:3239} INFO - Sync 1 DAGs
[2024-11-18T16:55:54.490+0000] {logging_mixin.py:190} INFO - [2024-11-18T16:55:54.490+0000] {dag.py:4180} INFO - Setting next_dagrun for example_python_operator to None, run_after=None
[2024-11-18T16:55:54.512+0000] {processor.py:208} INFO - Processing /home/airflow/.local/lib/python3.12/site-packages/airflow/example_dags/example_python_operator.py took 0.095 seconds
[2024-11-18T16:56:24.828+0000] {processor.py:186} INFO - Started process (PID=2205) to work on /home/airflow/.local/lib/python3.12/site-packages/airflow/example_dags/example_python_operator.py
[2024-11-18T16:56:24.830+0000] {processor.py:914} INFO - Processing file /home/airflow/.local/lib/python3.12/site-packages/airflow/example_dags/example_python_operator.py for tasks to queue
[2024-11-18T16:56:24.833+0000] {logging_mixin.py:190} INFO - [2024-11-18T16:56:24.832+0000] {dagbag.py:588} INFO - Filling up the DagBag from /home/airflow/.local/lib/python3.12/site-packages/airflow/example_dags/example_python_operator.py
[2024-11-18T16:56:24.853+0000] {processor.py:925} INFO - DAG(s) 'example_python_operator' retrieved from /home/airflow/.local/lib/python3.12/site-packages/airflow/example_dags/example_python_operator.py
[2024-11-18T16:56:24.881+0000] {logging_mixin.py:190} INFO - [2024-11-18T16:56:24.881+0000] {dag.py:3239} INFO - Sync 1 DAGs
[2024-11-18T16:56:24.902+0000] {logging_mixin.py:190} INFO - [2024-11-18T16:56:24.902+0000] {dag.py:4180} INFO - Setting next_dagrun for example_python_operator to None, run_after=None
[2024-11-18T16:56:24.924+0000] {processor.py:208} INFO - Processing /home/airflow/.local/lib/python3.12/site-packages/airflow/example_dags/example_python_operator.py took 0.107 seconds
[2024-11-18T16:56:55.249+0000] {processor.py:186} INFO - Started process (PID=2268) to work on /home/airflow/.local/lib/python3.12/site-packages/airflow/example_dags/example_python_operator.py
[2024-11-18T16:56:55.250+0000] {processor.py:914} INFO - Processing file /home/airflow/.local/lib/python3.12/site-packages/airflow/example_dags/example_python_operator.py for tasks to queue
[2024-11-18T16:56:55.252+0000] {logging_mixin.py:190} INFO - [2024-11-18T16:56:55.252+0000] {dagbag.py:588} INFO - Filling up the DagBag from /home/airflow/.local/lib/python3.12/site-packages/airflow/example_dags/example_python_operator.py
[2024-11-18T16:56:55.269+0000] {processor.py:925} INFO - DAG(s) 'example_python_operator' retrieved from /home/airflow/.local/lib/python3.12/site-packages/airflow/example_dags/example_python_operator.py
[2024-11-18T16:56:55.296+0000] {logging_mixin.py:190} INFO - [2024-11-18T16:56:55.296+0000] {dag.py:3239} INFO - Sync 1 DAGs
[2024-11-18T16:56:55.314+0000] {logging_mixin.py:190} INFO - [2024-11-18T16:56:55.314+0000] {dag.py:4180} INFO - Setting next_dagrun for example_python_operator to None, run_after=None
[2024-11-18T16:56:55.335+0000] {processor.py:208} INFO - Processing /home/airflow/.local/lib/python3.12/site-packages/airflow/example_dags/example_python_operator.py took 0.095 seconds
[2024-11-18T16:57:25.547+0000] {processor.py:186} INFO - Started process (PID=2331) to work on /home/airflow/.local/lib/python3.12/site-packages/airflow/example_dags/example_python_operator.py
[2024-11-18T16:57:25.548+0000] {processor.py:914} INFO - Processing file /home/airflow/.local/lib/python3.12/site-packages/airflow/example_dags/example_python_operator.py for tasks to queue
[2024-11-18T16:57:25.551+0000] {logging_mixin.py:190} INFO - [2024-11-18T16:57:25.550+0000] {dagbag.py:588} INFO - Filling up the DagBag from /home/airflow/.local/lib/python3.12/site-packages/airflow/example_dags/example_python_operator.py
[2024-11-18T16:57:25.568+0000] {processor.py:925} INFO - DAG(s) 'example_python_operator' retrieved from /home/airflow/.local/lib/python3.12/site-packages/airflow/example_dags/example_python_operator.py
[2024-11-18T16:57:25.596+0000] {logging_mixin.py:190} INFO - [2024-11-18T16:57:25.596+0000] {dag.py:3239} INFO - Sync 1 DAGs
[2024-11-18T16:57:25.615+0000] {logging_mixin.py:190} INFO - [2024-11-18T16:57:25.614+0000] {dag.py:4180} INFO - Setting next_dagrun for example_python_operator to None, run_after=None
[2024-11-18T16:57:25.638+0000] {processor.py:208} INFO - Processing /home/airflow/.local/lib/python3.12/site-packages/airflow/example_dags/example_python_operator.py took 0.099 seconds
[2024-11-18T16:57:56.374+0000] {processor.py:186} INFO - Started process (PID=2394) to work on /home/airflow/.local/lib/python3.12/site-packages/airflow/example_dags/example_python_operator.py
[2024-11-18T16:57:56.375+0000] {processor.py:914} INFO - Processing file /home/airflow/.local/lib/python3.12/site-packages/airflow/example_dags/example_python_operator.py for tasks to queue
[2024-11-18T16:57:56.378+0000] {logging_mixin.py:190} INFO - [2024-11-18T16:57:56.378+0000] {dagbag.py:588} INFO - Filling up the DagBag from /home/airflow/.local/lib/python3.12/site-packages/airflow/example_dags/example_python_operator.py
[2024-11-18T16:57:56.395+0000] {processor.py:925} INFO - DAG(s) 'example_python_operator' retrieved from /home/airflow/.local/lib/python3.12/site-packages/airflow/example_dags/example_python_operator.py
[2024-11-18T16:57:56.422+0000] {logging_mixin.py:190} INFO - [2024-11-18T16:57:56.422+0000] {dag.py:3239} INFO - Sync 1 DAGs
[2024-11-18T16:57:56.439+0000] {logging_mixin.py:190} INFO - [2024-11-18T16:57:56.439+0000] {dag.py:4180} INFO - Setting next_dagrun for example_python_operator to None, run_after=None
[2024-11-18T16:57:56.460+0000] {processor.py:208} INFO - Processing /home/airflow/.local/lib/python3.12/site-packages/airflow/example_dags/example_python_operator.py took 0.095 seconds
[2024-11-18T16:58:26.690+0000] {processor.py:186} INFO - Started process (PID=2457) to work on /home/airflow/.local/lib/python3.12/site-packages/airflow/example_dags/example_python_operator.py
[2024-11-18T16:58:26.691+0000] {processor.py:914} INFO - Processing file /home/airflow/.local/lib/python3.12/site-packages/airflow/example_dags/example_python_operator.py for tasks to queue
[2024-11-18T16:58:26.695+0000] {logging_mixin.py:190} INFO - [2024-11-18T16:58:26.694+0000] {dagbag.py:588} INFO - Filling up the DagBag from /home/airflow/.local/lib/python3.12/site-packages/airflow/example_dags/example_python_operator.py
[2024-11-18T16:58:26.713+0000] {processor.py:925} INFO - DAG(s) 'example_python_operator' retrieved from /home/airflow/.local/lib/python3.12/site-packages/airflow/example_dags/example_python_operator.py
[2024-11-18T16:58:26.742+0000] {logging_mixin.py:190} INFO - [2024-11-18T16:58:26.742+0000] {dag.py:3239} INFO - Sync 1 DAGs
[2024-11-18T16:58:26.760+0000] {logging_mixin.py:190} INFO - [2024-11-18T16:58:26.760+0000] {dag.py:4180} INFO - Setting next_dagrun for example_python_operator to None, run_after=None
[2024-11-18T16:58:26.782+0000] {processor.py:208} INFO - Processing /home/airflow/.local/lib/python3.12/site-packages/airflow/example_dags/example_python_operator.py took 0.100 seconds
[2024-11-18T16:58:57.668+0000] {processor.py:186} INFO - Started process (PID=2520) to work on /home/airflow/.local/lib/python3.12/site-packages/airflow/example_dags/example_python_operator.py
[2024-11-18T16:58:57.670+0000] {processor.py:914} INFO - Processing file /home/airflow/.local/lib/python3.12/site-packages/airflow/example_dags/example_python_operator.py for tasks to queue
[2024-11-18T16:58:57.672+0000] {logging_mixin.py:190} INFO - [2024-11-18T16:58:57.672+0000] {dagbag.py:588} INFO - Filling up the DagBag from /home/airflow/.local/lib/python3.12/site-packages/airflow/example_dags/example_python_operator.py
[2024-11-18T16:58:57.687+0000] {processor.py:925} INFO - DAG(s) 'example_python_operator' retrieved from /home/airflow/.local/lib/python3.12/site-packages/airflow/example_dags/example_python_operator.py
[2024-11-18T16:58:57.712+0000] {logging_mixin.py:190} INFO - [2024-11-18T16:58:57.711+0000] {dag.py:3239} INFO - Sync 1 DAGs
[2024-11-18T16:58:57.728+0000] {logging_mixin.py:190} INFO - [2024-11-18T16:58:57.728+0000] {dag.py:4180} INFO - Setting next_dagrun for example_python_operator to None, run_after=None
[2024-11-18T16:58:57.749+0000] {processor.py:208} INFO - Processing /home/airflow/.local/lib/python3.12/site-packages/airflow/example_dags/example_python_operator.py took 0.089 seconds
[2024-11-18T16:59:27.927+0000] {processor.py:186} INFO - Started process (PID=2583) to work on /home/airflow/.local/lib/python3.12/site-packages/airflow/example_dags/example_python_operator.py
[2024-11-18T16:59:27.929+0000] {processor.py:914} INFO - Processing file /home/airflow/.local/lib/python3.12/site-packages/airflow/example_dags/example_python_operator.py for tasks to queue
[2024-11-18T16:59:27.932+0000] {logging_mixin.py:190} INFO - [2024-11-18T16:59:27.932+0000] {dagbag.py:588} INFO - Filling up the DagBag from /home/airflow/.local/lib/python3.12/site-packages/airflow/example_dags/example_python_operator.py
[2024-11-18T16:59:27.947+0000] {processor.py:925} INFO - DAG(s) 'example_python_operator' retrieved from /home/airflow/.local/lib/python3.12/site-packages/airflow/example_dags/example_python_operator.py
[2024-11-18T16:59:27.972+0000] {logging_mixin.py:190} INFO - [2024-11-18T16:59:27.972+0000] {dag.py:3239} INFO - Sync 1 DAGs
[2024-11-18T16:59:27.989+0000] {logging_mixin.py:190} INFO - [2024-11-18T16:59:27.989+0000] {dag.py:4180} INFO - Setting next_dagrun for example_python_operator to None, run_after=None
[2024-11-18T16:59:28.008+0000] {processor.py:208} INFO - Processing /home/airflow/.local/lib/python3.12/site-packages/airflow/example_dags/example_python_operator.py took 0.088 seconds
[2024-11-18T16:59:58.523+0000] {processor.py:186} INFO - Started process (PID=2645) to work on /home/airflow/.local/lib/python3.12/site-packages/airflow/example_dags/example_python_operator.py
[2024-11-18T16:59:58.525+0000] {processor.py:914} INFO - Processing file /home/airflow/.local/lib/python3.12/site-packages/airflow/example_dags/example_python_operator.py for tasks to queue
[2024-11-18T16:59:58.529+0000] {logging_mixin.py:190} INFO - [2024-11-18T16:59:58.529+0000] {dagbag.py:588} INFO - Filling up the DagBag from /home/airflow/.local/lib/python3.12/site-packages/airflow/example_dags/example_python_operator.py
[2024-11-18T16:59:58.555+0000] {processor.py:925} INFO - DAG(s) 'example_python_operator' retrieved from /home/airflow/.local/lib/python3.12/site-packages/airflow/example_dags/example_python_operator.py
[2024-11-18T16:59:58.584+0000] {logging_mixin.py:190} INFO - [2024-11-18T16:59:58.583+0000] {dag.py:3239} INFO - Sync 1 DAGs
[2024-11-18T16:59:58.609+0000] {logging_mixin.py:190} INFO - [2024-11-18T16:59:58.608+0000] {dag.py:4180} INFO - Setting next_dagrun for example_python_operator to None, run_after=None
[2024-11-18T16:59:58.631+0000] {processor.py:208} INFO - Processing /home/airflow/.local/lib/python3.12/site-packages/airflow/example_dags/example_python_operator.py took 0.118 seconds
[2024-11-18T17:00:28.963+0000] {processor.py:186} INFO - Started process (PID=2707) to work on /home/airflow/.local/lib/python3.12/site-packages/airflow/example_dags/example_python_operator.py
[2024-11-18T17:00:28.966+0000] {processor.py:914} INFO - Processing file /home/airflow/.local/lib/python3.12/site-packages/airflow/example_dags/example_python_operator.py for tasks to queue
[2024-11-18T17:00:28.971+0000] {logging_mixin.py:190} INFO - [2024-11-18T17:00:28.970+0000] {dagbag.py:588} INFO - Filling up the DagBag from /home/airflow/.local/lib/python3.12/site-packages/airflow/example_dags/example_python_operator.py
[2024-11-18T17:00:28.991+0000] {processor.py:925} INFO - DAG(s) 'example_python_operator' retrieved from /home/airflow/.local/lib/python3.12/site-packages/airflow/example_dags/example_python_operator.py
[2024-11-18T17:00:29.022+0000] {logging_mixin.py:190} INFO - [2024-11-18T17:00:29.022+0000] {dag.py:3239} INFO - Sync 1 DAGs
[2024-11-18T17:00:29.042+0000] {logging_mixin.py:190} INFO - [2024-11-18T17:00:29.042+0000] {dag.py:4180} INFO - Setting next_dagrun for example_python_operator to None, run_after=None
[2024-11-18T17:00:29.071+0000] {processor.py:208} INFO - Processing /home/airflow/.local/lib/python3.12/site-packages/airflow/example_dags/example_python_operator.py took 0.116 seconds
[2024-11-18T17:02:35.435+0000] {processor.py:186} INFO - Started process (PID=113) to work on /home/airflow/.local/lib/python3.12/site-packages/airflow/example_dags/example_python_operator.py
[2024-11-18T17:02:35.437+0000] {processor.py:914} INFO - Processing file /home/airflow/.local/lib/python3.12/site-packages/airflow/example_dags/example_python_operator.py for tasks to queue
[2024-11-18T17:02:35.442+0000] {logging_mixin.py:190} INFO - [2024-11-18T17:02:35.441+0000] {dagbag.py:588} INFO - Filling up the DagBag from /home/airflow/.local/lib/python3.12/site-packages/airflow/example_dags/example_python_operator.py
[2024-11-18T17:02:35.460+0000] {processor.py:925} INFO - DAG(s) 'example_python_operator' retrieved from /home/airflow/.local/lib/python3.12/site-packages/airflow/example_dags/example_python_operator.py
[2024-11-18T17:02:35.704+0000] {logging_mixin.py:190} INFO - [2024-11-18T17:02:35.704+0000] {dag.py:3239} INFO - Sync 1 DAGs
[2024-11-18T17:02:35.725+0000] {logging_mixin.py:190} INFO - [2024-11-18T17:02:35.725+0000] {dag.py:4180} INFO - Setting next_dagrun for example_python_operator to None, run_after=None
[2024-11-18T17:02:35.753+0000] {processor.py:208} INFO - Processing /home/airflow/.local/lib/python3.12/site-packages/airflow/example_dags/example_python_operator.py took 0.329 seconds
