[2024-11-18T16:24:32.542+0000] {processor.py:186} INFO - Started process (PID=103) to work on /home/airflow/.local/lib/python3.12/site-packages/airflow/example_dags/example_branch_python_dop_operator_3.py
[2024-11-18T16:24:32.544+0000] {processor.py:914} INFO - Processing file /home/airflow/.local/lib/python3.12/site-packages/airflow/example_dags/example_branch_python_dop_operator_3.py for tasks to queue
[2024-11-18T16:24:32.548+0000] {logging_mixin.py:190} INFO - [2024-11-18T16:24:32.548+0000] {dagbag.py:588} INFO - Filling up the DagBag from /home/airflow/.local/lib/python3.12/site-packages/airflow/example_dags/example_branch_python_dop_operator_3.py
[2024-11-18T16:24:32.565+0000] {processor.py:925} INFO - DAG(s) 'example_branch_dop_operator_v3' retrieved from /home/airflow/.local/lib/python3.12/site-packages/airflow/example_dags/example_branch_python_dop_operator_3.py
[2024-11-18T16:24:32.706+0000] {logging_mixin.py:190} INFO - [2024-11-18T16:24:32.706+0000] {override.py:1911} INFO - Created Permission View: can read on DAG:example_branch_dop_operator_v3
[2024-11-18T16:24:32.717+0000] {logging_mixin.py:190} INFO - [2024-11-18T16:24:32.717+0000] {override.py:1911} INFO - Created Permission View: can edit on DAG:example_branch_dop_operator_v3
[2024-11-18T16:24:32.727+0000] {logging_mixin.py:190} INFO - [2024-11-18T16:24:32.726+0000] {override.py:1911} INFO - Created Permission View: can delete on DAG:example_branch_dop_operator_v3
[2024-11-18T16:24:32.743+0000] {logging_mixin.py:190} INFO - [2024-11-18T16:24:32.742+0000] {override.py:1911} INFO - Created Permission View: can read on DAG Run:example_branch_dop_operator_v3
[2024-11-18T16:24:32.754+0000] {logging_mixin.py:190} INFO - [2024-11-18T16:24:32.753+0000] {override.py:1911} INFO - Created Permission View: menu access on DAG Run:example_branch_dop_operator_v3
[2024-11-18T16:24:32.764+0000] {logging_mixin.py:190} INFO - [2024-11-18T16:24:32.763+0000] {override.py:1911} INFO - Created Permission View: can create on DAG Run:example_branch_dop_operator_v3
[2024-11-18T16:24:32.774+0000] {logging_mixin.py:190} INFO - [2024-11-18T16:24:32.774+0000] {override.py:1911} INFO - Created Permission View: can delete on DAG Run:example_branch_dop_operator_v3
[2024-11-18T16:24:32.775+0000] {logging_mixin.py:190} INFO - [2024-11-18T16:24:32.774+0000] {dag.py:3239} INFO - Sync 1 DAGs
[2024-11-18T16:24:32.799+0000] {logging_mixin.py:190} INFO - [2024-11-18T16:24:32.798+0000] {dag.py:3262} INFO - Creating ORM DAG for example_branch_dop_operator_v3
[2024-11-18T16:24:32.828+0000] {logging_mixin.py:190} INFO - [2024-11-18T16:24:32.827+0000] {dag.py:4180} INFO - Setting next_dagrun for example_branch_dop_operator_v3 to 2024-11-18 16:23:00+00:00, run_after=2024-11-18 16:24:00+00:00
[2024-11-18T16:24:32.902+0000] {processor.py:208} INFO - Processing /home/airflow/.local/lib/python3.12/site-packages/airflow/example_dags/example_branch_python_dop_operator_3.py took 0.369 seconds
[2024-11-18T16:25:03.400+0000] {processor.py:186} INFO - Started process (PID=166) to work on /home/airflow/.local/lib/python3.12/site-packages/airflow/example_dags/example_branch_python_dop_operator_3.py
[2024-11-18T16:25:03.403+0000] {processor.py:914} INFO - Processing file /home/airflow/.local/lib/python3.12/site-packages/airflow/example_dags/example_branch_python_dop_operator_3.py for tasks to queue
[2024-11-18T16:25:03.406+0000] {logging_mixin.py:190} INFO - [2024-11-18T16:25:03.406+0000] {dagbag.py:588} INFO - Filling up the DagBag from /home/airflow/.local/lib/python3.12/site-packages/airflow/example_dags/example_branch_python_dop_operator_3.py
[2024-11-18T16:25:03.418+0000] {processor.py:925} INFO - DAG(s) 'example_branch_dop_operator_v3' retrieved from /home/airflow/.local/lib/python3.12/site-packages/airflow/example_dags/example_branch_python_dop_operator_3.py
[2024-11-18T16:25:03.456+0000] {logging_mixin.py:190} INFO - [2024-11-18T16:25:03.456+0000] {dag.py:3239} INFO - Sync 1 DAGs
[2024-11-18T16:25:03.489+0000] {logging_mixin.py:190} INFO - [2024-11-18T16:25:03.488+0000] {dag.py:4180} INFO - Setting next_dagrun for example_branch_dop_operator_v3 to 2024-11-18 16:24:00+00:00, run_after=2024-11-18 16:25:00+00:00
[2024-11-18T16:25:03.516+0000] {processor.py:208} INFO - Processing /home/airflow/.local/lib/python3.12/site-packages/airflow/example_dags/example_branch_python_dop_operator_3.py took 0.122 seconds
[2024-11-18T16:25:34.572+0000] {processor.py:186} INFO - Started process (PID=229) to work on /home/airflow/.local/lib/python3.12/site-packages/airflow/example_dags/example_branch_python_dop_operator_3.py
[2024-11-18T16:25:34.573+0000] {processor.py:914} INFO - Processing file /home/airflow/.local/lib/python3.12/site-packages/airflow/example_dags/example_branch_python_dop_operator_3.py for tasks to queue
[2024-11-18T16:25:34.576+0000] {logging_mixin.py:190} INFO - [2024-11-18T16:25:34.576+0000] {dagbag.py:588} INFO - Filling up the DagBag from /home/airflow/.local/lib/python3.12/site-packages/airflow/example_dags/example_branch_python_dop_operator_3.py
[2024-11-18T16:25:34.590+0000] {processor.py:925} INFO - DAG(s) 'example_branch_dop_operator_v3' retrieved from /home/airflow/.local/lib/python3.12/site-packages/airflow/example_dags/example_branch_python_dop_operator_3.py
[2024-11-18T16:25:34.614+0000] {logging_mixin.py:190} INFO - [2024-11-18T16:25:34.613+0000] {dag.py:3239} INFO - Sync 1 DAGs
[2024-11-18T16:25:34.649+0000] {logging_mixin.py:190} INFO - [2024-11-18T16:25:34.648+0000] {dag.py:4180} INFO - Setting next_dagrun for example_branch_dop_operator_v3 to 2024-11-18 16:24:00+00:00, run_after=2024-11-18 16:25:00+00:00
[2024-11-18T16:25:34.670+0000] {processor.py:208} INFO - Processing /home/airflow/.local/lib/python3.12/site-packages/airflow/example_dags/example_branch_python_dop_operator_3.py took 0.105 seconds
[2024-11-18T16:26:05.017+0000] {processor.py:186} INFO - Started process (PID=291) to work on /home/airflow/.local/lib/python3.12/site-packages/airflow/example_dags/example_branch_python_dop_operator_3.py
[2024-11-18T16:26:05.019+0000] {processor.py:914} INFO - Processing file /home/airflow/.local/lib/python3.12/site-packages/airflow/example_dags/example_branch_python_dop_operator_3.py for tasks to queue
[2024-11-18T16:26:05.023+0000] {logging_mixin.py:190} INFO - [2024-11-18T16:26:05.022+0000] {dagbag.py:588} INFO - Filling up the DagBag from /home/airflow/.local/lib/python3.12/site-packages/airflow/example_dags/example_branch_python_dop_operator_3.py
[2024-11-18T16:26:05.039+0000] {processor.py:925} INFO - DAG(s) 'example_branch_dop_operator_v3' retrieved from /home/airflow/.local/lib/python3.12/site-packages/airflow/example_dags/example_branch_python_dop_operator_3.py
[2024-11-18T16:26:05.065+0000] {logging_mixin.py:190} INFO - [2024-11-18T16:26:05.065+0000] {dag.py:3239} INFO - Sync 1 DAGs
[2024-11-18T16:26:05.099+0000] {logging_mixin.py:190} INFO - [2024-11-18T16:26:05.099+0000] {dag.py:4180} INFO - Setting next_dagrun for example_branch_dop_operator_v3 to 2024-11-18 16:25:00+00:00, run_after=2024-11-18 16:26:00+00:00
[2024-11-18T16:26:05.121+0000] {processor.py:208} INFO - Processing /home/airflow/.local/lib/python3.12/site-packages/airflow/example_dags/example_branch_python_dop_operator_3.py took 0.113 seconds
[2024-11-18T16:26:35.751+0000] {processor.py:186} INFO - Started process (PID=354) to work on /home/airflow/.local/lib/python3.12/site-packages/airflow/example_dags/example_branch_python_dop_operator_3.py
[2024-11-18T16:26:35.752+0000] {processor.py:914} INFO - Processing file /home/airflow/.local/lib/python3.12/site-packages/airflow/example_dags/example_branch_python_dop_operator_3.py for tasks to queue
[2024-11-18T16:26:35.756+0000] {logging_mixin.py:190} INFO - [2024-11-18T16:26:35.756+0000] {dagbag.py:588} INFO - Filling up the DagBag from /home/airflow/.local/lib/python3.12/site-packages/airflow/example_dags/example_branch_python_dop_operator_3.py
[2024-11-18T16:26:35.775+0000] {processor.py:925} INFO - DAG(s) 'example_branch_dop_operator_v3' retrieved from /home/airflow/.local/lib/python3.12/site-packages/airflow/example_dags/example_branch_python_dop_operator_3.py
[2024-11-18T16:26:35.803+0000] {logging_mixin.py:190} INFO - [2024-11-18T16:26:35.803+0000] {dag.py:3239} INFO - Sync 1 DAGs
[2024-11-18T16:26:35.839+0000] {logging_mixin.py:190} INFO - [2024-11-18T16:26:35.838+0000] {dag.py:4180} INFO - Setting next_dagrun for example_branch_dop_operator_v3 to 2024-11-18 16:25:00+00:00, run_after=2024-11-18 16:26:00+00:00
[2024-11-18T16:26:35.861+0000] {processor.py:208} INFO - Processing /home/airflow/.local/lib/python3.12/site-packages/airflow/example_dags/example_branch_python_dop_operator_3.py took 0.120 seconds
[2024-11-18T16:27:06.107+0000] {processor.py:186} INFO - Started process (PID=417) to work on /home/airflow/.local/lib/python3.12/site-packages/airflow/example_dags/example_branch_python_dop_operator_3.py
[2024-11-18T16:27:06.108+0000] {processor.py:914} INFO - Processing file /home/airflow/.local/lib/python3.12/site-packages/airflow/example_dags/example_branch_python_dop_operator_3.py for tasks to queue
[2024-11-18T16:27:06.111+0000] {logging_mixin.py:190} INFO - [2024-11-18T16:27:06.111+0000] {dagbag.py:588} INFO - Filling up the DagBag from /home/airflow/.local/lib/python3.12/site-packages/airflow/example_dags/example_branch_python_dop_operator_3.py
[2024-11-18T16:27:06.124+0000] {processor.py:925} INFO - DAG(s) 'example_branch_dop_operator_v3' retrieved from /home/airflow/.local/lib/python3.12/site-packages/airflow/example_dags/example_branch_python_dop_operator_3.py
[2024-11-18T16:27:06.153+0000] {logging_mixin.py:190} INFO - [2024-11-18T16:27:06.152+0000] {dag.py:3239} INFO - Sync 1 DAGs
[2024-11-18T16:27:06.185+0000] {logging_mixin.py:190} INFO - [2024-11-18T16:27:06.185+0000] {dag.py:4180} INFO - Setting next_dagrun for example_branch_dop_operator_v3 to 2024-11-18 16:26:00+00:00, run_after=2024-11-18 16:27:00+00:00
[2024-11-18T16:27:06.207+0000] {processor.py:208} INFO - Processing /home/airflow/.local/lib/python3.12/site-packages/airflow/example_dags/example_branch_python_dop_operator_3.py took 0.107 seconds
[2024-11-18T16:27:36.289+0000] {processor.py:186} INFO - Started process (PID=479) to work on /home/airflow/.local/lib/python3.12/site-packages/airflow/example_dags/example_branch_python_dop_operator_3.py
[2024-11-18T16:27:36.290+0000] {processor.py:914} INFO - Processing file /home/airflow/.local/lib/python3.12/site-packages/airflow/example_dags/example_branch_python_dop_operator_3.py for tasks to queue
[2024-11-18T16:27:36.293+0000] {logging_mixin.py:190} INFO - [2024-11-18T16:27:36.292+0000] {dagbag.py:588} INFO - Filling up the DagBag from /home/airflow/.local/lib/python3.12/site-packages/airflow/example_dags/example_branch_python_dop_operator_3.py
[2024-11-18T16:27:36.305+0000] {processor.py:925} INFO - DAG(s) 'example_branch_dop_operator_v3' retrieved from /home/airflow/.local/lib/python3.12/site-packages/airflow/example_dags/example_branch_python_dop_operator_3.py
[2024-11-18T16:27:36.328+0000] {logging_mixin.py:190} INFO - [2024-11-18T16:27:36.328+0000] {dag.py:3239} INFO - Sync 1 DAGs
[2024-11-18T16:27:36.357+0000] {logging_mixin.py:190} INFO - [2024-11-18T16:27:36.357+0000] {dag.py:4180} INFO - Setting next_dagrun for example_branch_dop_operator_v3 to 2024-11-18 16:26:00+00:00, run_after=2024-11-18 16:27:00+00:00
[2024-11-18T16:27:36.378+0000] {processor.py:208} INFO - Processing /home/airflow/.local/lib/python3.12/site-packages/airflow/example_dags/example_branch_python_dop_operator_3.py took 0.095 seconds
[2024-11-18T16:28:06.470+0000] {processor.py:186} INFO - Started process (PID=542) to work on /home/airflow/.local/lib/python3.12/site-packages/airflow/example_dags/example_branch_python_dop_operator_3.py
[2024-11-18T16:28:06.472+0000] {processor.py:914} INFO - Processing file /home/airflow/.local/lib/python3.12/site-packages/airflow/example_dags/example_branch_python_dop_operator_3.py for tasks to queue
[2024-11-18T16:28:06.476+0000] {logging_mixin.py:190} INFO - [2024-11-18T16:28:06.475+0000] {dagbag.py:588} INFO - Filling up the DagBag from /home/airflow/.local/lib/python3.12/site-packages/airflow/example_dags/example_branch_python_dop_operator_3.py
[2024-11-18T16:28:06.492+0000] {processor.py:925} INFO - DAG(s) 'example_branch_dop_operator_v3' retrieved from /home/airflow/.local/lib/python3.12/site-packages/airflow/example_dags/example_branch_python_dop_operator_3.py
[2024-11-18T16:28:06.518+0000] {logging_mixin.py:190} INFO - [2024-11-18T16:28:06.518+0000] {dag.py:3239} INFO - Sync 1 DAGs
[2024-11-18T16:28:06.550+0000] {logging_mixin.py:190} INFO - [2024-11-18T16:28:06.550+0000] {dag.py:4180} INFO - Setting next_dagrun for example_branch_dop_operator_v3 to 2024-11-18 16:27:00+00:00, run_after=2024-11-18 16:28:00+00:00
[2024-11-18T16:28:06.571+0000] {processor.py:208} INFO - Processing /home/airflow/.local/lib/python3.12/site-packages/airflow/example_dags/example_branch_python_dop_operator_3.py took 0.110 seconds
[2024-11-18T16:28:37.162+0000] {processor.py:186} INFO - Started process (PID=605) to work on /home/airflow/.local/lib/python3.12/site-packages/airflow/example_dags/example_branch_python_dop_operator_3.py
[2024-11-18T16:28:37.163+0000] {processor.py:914} INFO - Processing file /home/airflow/.local/lib/python3.12/site-packages/airflow/example_dags/example_branch_python_dop_operator_3.py for tasks to queue
[2024-11-18T16:28:37.165+0000] {logging_mixin.py:190} INFO - [2024-11-18T16:28:37.165+0000] {dagbag.py:588} INFO - Filling up the DagBag from /home/airflow/.local/lib/python3.12/site-packages/airflow/example_dags/example_branch_python_dop_operator_3.py
[2024-11-18T16:28:37.182+0000] {processor.py:925} INFO - DAG(s) 'example_branch_dop_operator_v3' retrieved from /home/airflow/.local/lib/python3.12/site-packages/airflow/example_dags/example_branch_python_dop_operator_3.py
[2024-11-18T16:28:37.211+0000] {logging_mixin.py:190} INFO - [2024-11-18T16:28:37.211+0000] {dag.py:3239} INFO - Sync 1 DAGs
[2024-11-18T16:28:37.251+0000] {logging_mixin.py:190} INFO - [2024-11-18T16:28:37.251+0000] {dag.py:4180} INFO - Setting next_dagrun for example_branch_dop_operator_v3 to 2024-11-18 16:27:00+00:00, run_after=2024-11-18 16:28:00+00:00
[2024-11-18T16:28:37.273+0000] {processor.py:208} INFO - Processing /home/airflow/.local/lib/python3.12/site-packages/airflow/example_dags/example_branch_python_dop_operator_3.py took 0.119 seconds
[2024-11-18T16:29:07.633+0000] {processor.py:186} INFO - Started process (PID=668) to work on /home/airflow/.local/lib/python3.12/site-packages/airflow/example_dags/example_branch_python_dop_operator_3.py
[2024-11-18T16:29:07.635+0000] {processor.py:914} INFO - Processing file /home/airflow/.local/lib/python3.12/site-packages/airflow/example_dags/example_branch_python_dop_operator_3.py for tasks to queue
[2024-11-18T16:29:07.639+0000] {logging_mixin.py:190} INFO - [2024-11-18T16:29:07.638+0000] {dagbag.py:588} INFO - Filling up the DagBag from /home/airflow/.local/lib/python3.12/site-packages/airflow/example_dags/example_branch_python_dop_operator_3.py
[2024-11-18T16:29:07.657+0000] {processor.py:925} INFO - DAG(s) 'example_branch_dop_operator_v3' retrieved from /home/airflow/.local/lib/python3.12/site-packages/airflow/example_dags/example_branch_python_dop_operator_3.py
[2024-11-18T16:29:07.680+0000] {logging_mixin.py:190} INFO - [2024-11-18T16:29:07.679+0000] {dag.py:3239} INFO - Sync 1 DAGs
[2024-11-18T16:29:07.711+0000] {logging_mixin.py:190} INFO - [2024-11-18T16:29:07.711+0000] {dag.py:4180} INFO - Setting next_dagrun for example_branch_dop_operator_v3 to 2024-11-18 16:28:00+00:00, run_after=2024-11-18 16:29:00+00:00
[2024-11-18T16:29:07.734+0000] {processor.py:208} INFO - Processing /home/airflow/.local/lib/python3.12/site-packages/airflow/example_dags/example_branch_python_dop_operator_3.py took 0.109 seconds
[2024-11-18T16:29:38.349+0000] {processor.py:186} INFO - Started process (PID=731) to work on /home/airflow/.local/lib/python3.12/site-packages/airflow/example_dags/example_branch_python_dop_operator_3.py
[2024-11-18T16:29:38.351+0000] {processor.py:914} INFO - Processing file /home/airflow/.local/lib/python3.12/site-packages/airflow/example_dags/example_branch_python_dop_operator_3.py for tasks to queue
[2024-11-18T16:29:38.353+0000] {logging_mixin.py:190} INFO - [2024-11-18T16:29:38.353+0000] {dagbag.py:588} INFO - Filling up the DagBag from /home/airflow/.local/lib/python3.12/site-packages/airflow/example_dags/example_branch_python_dop_operator_3.py
[2024-11-18T16:29:38.366+0000] {processor.py:925} INFO - DAG(s) 'example_branch_dop_operator_v3' retrieved from /home/airflow/.local/lib/python3.12/site-packages/airflow/example_dags/example_branch_python_dop_operator_3.py
[2024-11-18T16:29:38.388+0000] {logging_mixin.py:190} INFO - [2024-11-18T16:29:38.388+0000] {dag.py:3239} INFO - Sync 1 DAGs
[2024-11-18T16:29:38.420+0000] {logging_mixin.py:190} INFO - [2024-11-18T16:29:38.419+0000] {dag.py:4180} INFO - Setting next_dagrun for example_branch_dop_operator_v3 to 2024-11-18 16:28:00+00:00, run_after=2024-11-18 16:29:00+00:00
[2024-11-18T16:29:38.441+0000] {processor.py:208} INFO - Processing /home/airflow/.local/lib/python3.12/site-packages/airflow/example_dags/example_branch_python_dop_operator_3.py took 0.099 seconds
[2024-11-18T16:30:08.784+0000] {processor.py:186} INFO - Started process (PID=794) to work on /home/airflow/.local/lib/python3.12/site-packages/airflow/example_dags/example_branch_python_dop_operator_3.py
[2024-11-18T16:30:08.786+0000] {processor.py:914} INFO - Processing file /home/airflow/.local/lib/python3.12/site-packages/airflow/example_dags/example_branch_python_dop_operator_3.py for tasks to queue
[2024-11-18T16:30:08.789+0000] {logging_mixin.py:190} INFO - [2024-11-18T16:30:08.788+0000] {dagbag.py:588} INFO - Filling up the DagBag from /home/airflow/.local/lib/python3.12/site-packages/airflow/example_dags/example_branch_python_dop_operator_3.py
[2024-11-18T16:30:08.804+0000] {processor.py:925} INFO - DAG(s) 'example_branch_dop_operator_v3' retrieved from /home/airflow/.local/lib/python3.12/site-packages/airflow/example_dags/example_branch_python_dop_operator_3.py
[2024-11-18T16:30:08.828+0000] {logging_mixin.py:190} INFO - [2024-11-18T16:30:08.828+0000] {dag.py:3239} INFO - Sync 1 DAGs
[2024-11-18T16:30:08.863+0000] {logging_mixin.py:190} INFO - [2024-11-18T16:30:08.863+0000] {dag.py:4180} INFO - Setting next_dagrun for example_branch_dop_operator_v3 to 2024-11-18 16:29:00+00:00, run_after=2024-11-18 16:30:00+00:00
[2024-11-18T16:30:08.885+0000] {processor.py:208} INFO - Processing /home/airflow/.local/lib/python3.12/site-packages/airflow/example_dags/example_branch_python_dop_operator_3.py took 0.109 seconds
[2024-11-18T16:30:39.077+0000] {processor.py:186} INFO - Started process (PID=857) to work on /home/airflow/.local/lib/python3.12/site-packages/airflow/example_dags/example_branch_python_dop_operator_3.py
[2024-11-18T16:30:39.078+0000] {processor.py:914} INFO - Processing file /home/airflow/.local/lib/python3.12/site-packages/airflow/example_dags/example_branch_python_dop_operator_3.py for tasks to queue
[2024-11-18T16:30:39.081+0000] {logging_mixin.py:190} INFO - [2024-11-18T16:30:39.081+0000] {dagbag.py:588} INFO - Filling up the DagBag from /home/airflow/.local/lib/python3.12/site-packages/airflow/example_dags/example_branch_python_dop_operator_3.py
[2024-11-18T16:30:39.096+0000] {processor.py:925} INFO - DAG(s) 'example_branch_dop_operator_v3' retrieved from /home/airflow/.local/lib/python3.12/site-packages/airflow/example_dags/example_branch_python_dop_operator_3.py
[2024-11-18T16:30:39.123+0000] {logging_mixin.py:190} INFO - [2024-11-18T16:30:39.123+0000] {dag.py:3239} INFO - Sync 1 DAGs
[2024-11-18T16:30:39.155+0000] {logging_mixin.py:190} INFO - [2024-11-18T16:30:39.154+0000] {dag.py:4180} INFO - Setting next_dagrun for example_branch_dop_operator_v3 to 2024-11-18 16:29:00+00:00, run_after=2024-11-18 16:30:00+00:00
[2024-11-18T16:30:39.176+0000] {processor.py:208} INFO - Processing /home/airflow/.local/lib/python3.12/site-packages/airflow/example_dags/example_branch_python_dop_operator_3.py took 0.108 seconds
[2024-11-18T16:31:09.680+0000] {processor.py:186} INFO - Started process (PID=920) to work on /home/airflow/.local/lib/python3.12/site-packages/airflow/example_dags/example_branch_python_dop_operator_3.py
[2024-11-18T16:31:09.681+0000] {processor.py:914} INFO - Processing file /home/airflow/.local/lib/python3.12/site-packages/airflow/example_dags/example_branch_python_dop_operator_3.py for tasks to queue
[2024-11-18T16:31:09.685+0000] {logging_mixin.py:190} INFO - [2024-11-18T16:31:09.685+0000] {dagbag.py:588} INFO - Filling up the DagBag from /home/airflow/.local/lib/python3.12/site-packages/airflow/example_dags/example_branch_python_dop_operator_3.py
[2024-11-18T16:31:09.698+0000] {processor.py:925} INFO - DAG(s) 'example_branch_dop_operator_v3' retrieved from /home/airflow/.local/lib/python3.12/site-packages/airflow/example_dags/example_branch_python_dop_operator_3.py
[2024-11-18T16:31:09.727+0000] {logging_mixin.py:190} INFO - [2024-11-18T16:31:09.726+0000] {dag.py:3239} INFO - Sync 1 DAGs
[2024-11-18T16:31:09.758+0000] {logging_mixin.py:190} INFO - [2024-11-18T16:31:09.758+0000] {dag.py:4180} INFO - Setting next_dagrun for example_branch_dop_operator_v3 to 2024-11-18 16:30:00+00:00, run_after=2024-11-18 16:31:00+00:00
[2024-11-18T16:31:09.780+0000] {processor.py:208} INFO - Processing /home/airflow/.local/lib/python3.12/site-packages/airflow/example_dags/example_branch_python_dop_operator_3.py took 0.107 seconds
[2024-11-18T16:31:40.554+0000] {processor.py:186} INFO - Started process (PID=983) to work on /home/airflow/.local/lib/python3.12/site-packages/airflow/example_dags/example_branch_python_dop_operator_3.py
[2024-11-18T16:31:40.556+0000] {processor.py:914} INFO - Processing file /home/airflow/.local/lib/python3.12/site-packages/airflow/example_dags/example_branch_python_dop_operator_3.py for tasks to queue
[2024-11-18T16:31:40.561+0000] {logging_mixin.py:190} INFO - [2024-11-18T16:31:40.561+0000] {dagbag.py:588} INFO - Filling up the DagBag from /home/airflow/.local/lib/python3.12/site-packages/airflow/example_dags/example_branch_python_dop_operator_3.py
[2024-11-18T16:31:40.576+0000] {processor.py:925} INFO - DAG(s) 'example_branch_dop_operator_v3' retrieved from /home/airflow/.local/lib/python3.12/site-packages/airflow/example_dags/example_branch_python_dop_operator_3.py
[2024-11-18T16:31:40.601+0000] {logging_mixin.py:190} INFO - [2024-11-18T16:31:40.600+0000] {dag.py:3239} INFO - Sync 1 DAGs
[2024-11-18T16:31:40.633+0000] {logging_mixin.py:190} INFO - [2024-11-18T16:31:40.632+0000] {dag.py:4180} INFO - Setting next_dagrun for example_branch_dop_operator_v3 to 2024-11-18 16:30:00+00:00, run_after=2024-11-18 16:31:00+00:00
[2024-11-18T16:31:40.654+0000] {processor.py:208} INFO - Processing /home/airflow/.local/lib/python3.12/site-packages/airflow/example_dags/example_branch_python_dop_operator_3.py took 0.112 seconds
[2024-11-18T16:32:11.137+0000] {processor.py:186} INFO - Started process (PID=1046) to work on /home/airflow/.local/lib/python3.12/site-packages/airflow/example_dags/example_branch_python_dop_operator_3.py
[2024-11-18T16:32:11.138+0000] {processor.py:914} INFO - Processing file /home/airflow/.local/lib/python3.12/site-packages/airflow/example_dags/example_branch_python_dop_operator_3.py for tasks to queue
[2024-11-18T16:32:11.141+0000] {logging_mixin.py:190} INFO - [2024-11-18T16:32:11.141+0000] {dagbag.py:588} INFO - Filling up the DagBag from /home/airflow/.local/lib/python3.12/site-packages/airflow/example_dags/example_branch_python_dop_operator_3.py
[2024-11-18T16:32:11.155+0000] {processor.py:925} INFO - DAG(s) 'example_branch_dop_operator_v3' retrieved from /home/airflow/.local/lib/python3.12/site-packages/airflow/example_dags/example_branch_python_dop_operator_3.py
[2024-11-18T16:32:11.181+0000] {logging_mixin.py:190} INFO - [2024-11-18T16:32:11.181+0000] {dag.py:3239} INFO - Sync 1 DAGs
[2024-11-18T16:32:11.212+0000] {logging_mixin.py:190} INFO - [2024-11-18T16:32:11.212+0000] {dag.py:4180} INFO - Setting next_dagrun for example_branch_dop_operator_v3 to 2024-11-18 16:31:00+00:00, run_after=2024-11-18 16:32:00+00:00
[2024-11-18T16:32:11.238+0000] {processor.py:208} INFO - Processing /home/airflow/.local/lib/python3.12/site-packages/airflow/example_dags/example_branch_python_dop_operator_3.py took 0.108 seconds
[2024-11-18T16:32:42.183+0000] {processor.py:186} INFO - Started process (PID=1109) to work on /home/airflow/.local/lib/python3.12/site-packages/airflow/example_dags/example_branch_python_dop_operator_3.py
[2024-11-18T16:32:42.185+0000] {processor.py:914} INFO - Processing file /home/airflow/.local/lib/python3.12/site-packages/airflow/example_dags/example_branch_python_dop_operator_3.py for tasks to queue
[2024-11-18T16:32:42.188+0000] {logging_mixin.py:190} INFO - [2024-11-18T16:32:42.188+0000] {dagbag.py:588} INFO - Filling up the DagBag from /home/airflow/.local/lib/python3.12/site-packages/airflow/example_dags/example_branch_python_dop_operator_3.py
[2024-11-18T16:32:42.202+0000] {processor.py:925} INFO - DAG(s) 'example_branch_dop_operator_v3' retrieved from /home/airflow/.local/lib/python3.12/site-packages/airflow/example_dags/example_branch_python_dop_operator_3.py
[2024-11-18T16:32:42.228+0000] {logging_mixin.py:190} INFO - [2024-11-18T16:32:42.228+0000] {dag.py:3239} INFO - Sync 1 DAGs
[2024-11-18T16:32:42.265+0000] {logging_mixin.py:190} INFO - [2024-11-18T16:32:42.265+0000] {dag.py:4180} INFO - Setting next_dagrun for example_branch_dop_operator_v3 to 2024-11-18 16:31:00+00:00, run_after=2024-11-18 16:32:00+00:00
[2024-11-18T16:32:42.289+0000] {processor.py:208} INFO - Processing /home/airflow/.local/lib/python3.12/site-packages/airflow/example_dags/example_branch_python_dop_operator_3.py took 0.113 seconds
[2024-11-18T16:33:12.369+0000] {processor.py:186} INFO - Started process (PID=1172) to work on /home/airflow/.local/lib/python3.12/site-packages/airflow/example_dags/example_branch_python_dop_operator_3.py
[2024-11-18T16:33:12.371+0000] {processor.py:914} INFO - Processing file /home/airflow/.local/lib/python3.12/site-packages/airflow/example_dags/example_branch_python_dop_operator_3.py for tasks to queue
[2024-11-18T16:33:12.375+0000] {logging_mixin.py:190} INFO - [2024-11-18T16:33:12.375+0000] {dagbag.py:588} INFO - Filling up the DagBag from /home/airflow/.local/lib/python3.12/site-packages/airflow/example_dags/example_branch_python_dop_operator_3.py
[2024-11-18T16:33:12.392+0000] {processor.py:925} INFO - DAG(s) 'example_branch_dop_operator_v3' retrieved from /home/airflow/.local/lib/python3.12/site-packages/airflow/example_dags/example_branch_python_dop_operator_3.py
[2024-11-18T16:33:12.430+0000] {logging_mixin.py:190} INFO - [2024-11-18T16:33:12.430+0000] {dag.py:3239} INFO - Sync 1 DAGs
[2024-11-18T16:33:12.471+0000] {logging_mixin.py:190} INFO - [2024-11-18T16:33:12.471+0000] {dag.py:4180} INFO - Setting next_dagrun for example_branch_dop_operator_v3 to 2024-11-18 16:32:00+00:00, run_after=2024-11-18 16:33:00+00:00
[2024-11-18T16:33:12.497+0000] {processor.py:208} INFO - Processing /home/airflow/.local/lib/python3.12/site-packages/airflow/example_dags/example_branch_python_dop_operator_3.py took 0.137 seconds
[2024-11-18T16:33:43.184+0000] {processor.py:186} INFO - Started process (PID=1235) to work on /home/airflow/.local/lib/python3.12/site-packages/airflow/example_dags/example_branch_python_dop_operator_3.py
[2024-11-18T16:33:43.185+0000] {processor.py:914} INFO - Processing file /home/airflow/.local/lib/python3.12/site-packages/airflow/example_dags/example_branch_python_dop_operator_3.py for tasks to queue
[2024-11-18T16:33:43.187+0000] {logging_mixin.py:190} INFO - [2024-11-18T16:33:43.187+0000] {dagbag.py:588} INFO - Filling up the DagBag from /home/airflow/.local/lib/python3.12/site-packages/airflow/example_dags/example_branch_python_dop_operator_3.py
[2024-11-18T16:33:43.200+0000] {processor.py:925} INFO - DAG(s) 'example_branch_dop_operator_v3' retrieved from /home/airflow/.local/lib/python3.12/site-packages/airflow/example_dags/example_branch_python_dop_operator_3.py
[2024-11-18T16:33:43.231+0000] {logging_mixin.py:190} INFO - [2024-11-18T16:33:43.230+0000] {dag.py:3239} INFO - Sync 1 DAGs
[2024-11-18T16:33:43.271+0000] {logging_mixin.py:190} INFO - [2024-11-18T16:33:43.271+0000] {dag.py:4180} INFO - Setting next_dagrun for example_branch_dop_operator_v3 to 2024-11-18 16:32:00+00:00, run_after=2024-11-18 16:33:00+00:00
[2024-11-18T16:33:43.300+0000] {processor.py:208} INFO - Processing /home/airflow/.local/lib/python3.12/site-packages/airflow/example_dags/example_branch_python_dop_operator_3.py took 0.124 seconds
[2024-11-18T16:34:14.188+0000] {processor.py:186} INFO - Started process (PID=1298) to work on /home/airflow/.local/lib/python3.12/site-packages/airflow/example_dags/example_branch_python_dop_operator_3.py
[2024-11-18T16:34:14.189+0000] {processor.py:914} INFO - Processing file /home/airflow/.local/lib/python3.12/site-packages/airflow/example_dags/example_branch_python_dop_operator_3.py for tasks to queue
[2024-11-18T16:34:14.192+0000] {logging_mixin.py:190} INFO - [2024-11-18T16:34:14.191+0000] {dagbag.py:588} INFO - Filling up the DagBag from /home/airflow/.local/lib/python3.12/site-packages/airflow/example_dags/example_branch_python_dop_operator_3.py
[2024-11-18T16:34:14.206+0000] {processor.py:925} INFO - DAG(s) 'example_branch_dop_operator_v3' retrieved from /home/airflow/.local/lib/python3.12/site-packages/airflow/example_dags/example_branch_python_dop_operator_3.py
[2024-11-18T16:34:14.240+0000] {logging_mixin.py:190} INFO - [2024-11-18T16:34:14.240+0000] {dag.py:3239} INFO - Sync 1 DAGs
[2024-11-18T16:34:14.284+0000] {logging_mixin.py:190} INFO - [2024-11-18T16:34:14.283+0000] {dag.py:4180} INFO - Setting next_dagrun for example_branch_dop_operator_v3 to 2024-11-18 16:33:00+00:00, run_after=2024-11-18 16:34:00+00:00
[2024-11-18T16:34:14.316+0000] {processor.py:208} INFO - Processing /home/airflow/.local/lib/python3.12/site-packages/airflow/example_dags/example_branch_python_dop_operator_3.py took 0.138 seconds
[2024-11-18T16:39:15.407+0000] {processor.py:186} INFO - Started process (PID=105) to work on /home/airflow/.local/lib/python3.12/site-packages/airflow/example_dags/example_branch_python_dop_operator_3.py
[2024-11-18T16:39:15.409+0000] {processor.py:914} INFO - Processing file /home/airflow/.local/lib/python3.12/site-packages/airflow/example_dags/example_branch_python_dop_operator_3.py for tasks to queue
[2024-11-18T16:39:15.413+0000] {logging_mixin.py:190} INFO - [2024-11-18T16:39:15.412+0000] {dagbag.py:588} INFO - Filling up the DagBag from /home/airflow/.local/lib/python3.12/site-packages/airflow/example_dags/example_branch_python_dop_operator_3.py
[2024-11-18T16:39:15.431+0000] {processor.py:925} INFO - DAG(s) 'example_branch_dop_operator_v3' retrieved from /home/airflow/.local/lib/python3.12/site-packages/airflow/example_dags/example_branch_python_dop_operator_3.py
[2024-11-18T16:39:15.462+0000] {logging_mixin.py:190} INFO - [2024-11-18T16:39:15.462+0000] {dag.py:3239} INFO - Sync 1 DAGs
[2024-11-18T16:39:15.503+0000] {logging_mixin.py:190} INFO - [2024-11-18T16:39:15.503+0000] {dag.py:4180} INFO - Setting next_dagrun for example_branch_dop_operator_v3 to 2024-11-18 16:38:00+00:00, run_after=2024-11-18 16:39:00+00:00
[2024-11-18T16:39:15.528+0000] {processor.py:208} INFO - Processing /home/airflow/.local/lib/python3.12/site-packages/airflow/example_dags/example_branch_python_dop_operator_3.py took 0.131 seconds
[2024-11-18T16:39:46.646+0000] {processor.py:186} INFO - Started process (PID=168) to work on /home/airflow/.local/lib/python3.12/site-packages/airflow/example_dags/example_branch_python_dop_operator_3.py
[2024-11-18T16:39:46.649+0000] {processor.py:914} INFO - Processing file /home/airflow/.local/lib/python3.12/site-packages/airflow/example_dags/example_branch_python_dop_operator_3.py for tasks to queue
[2024-11-18T16:39:46.652+0000] {logging_mixin.py:190} INFO - [2024-11-18T16:39:46.651+0000] {dagbag.py:588} INFO - Filling up the DagBag from /home/airflow/.local/lib/python3.12/site-packages/airflow/example_dags/example_branch_python_dop_operator_3.py
[2024-11-18T16:39:46.670+0000] {processor.py:925} INFO - DAG(s) 'example_branch_dop_operator_v3' retrieved from /home/airflow/.local/lib/python3.12/site-packages/airflow/example_dags/example_branch_python_dop_operator_3.py
[2024-11-18T16:39:46.712+0000] {logging_mixin.py:190} INFO - [2024-11-18T16:39:46.712+0000] {dag.py:3239} INFO - Sync 1 DAGs
[2024-11-18T16:39:46.788+0000] {logging_mixin.py:190} INFO - [2024-11-18T16:39:46.788+0000] {dag.py:4180} INFO - Setting next_dagrun for example_branch_dop_operator_v3 to 2024-11-18 16:38:00+00:00, run_after=2024-11-18 16:39:00+00:00
[2024-11-18T16:39:46.840+0000] {processor.py:208} INFO - Processing /home/airflow/.local/lib/python3.12/site-packages/airflow/example_dags/example_branch_python_dop_operator_3.py took 0.204 seconds
[2024-11-18T16:40:17.464+0000] {processor.py:186} INFO - Started process (PID=230) to work on /home/airflow/.local/lib/python3.12/site-packages/airflow/example_dags/example_branch_python_dop_operator_3.py
[2024-11-18T16:40:17.465+0000] {processor.py:914} INFO - Processing file /home/airflow/.local/lib/python3.12/site-packages/airflow/example_dags/example_branch_python_dop_operator_3.py for tasks to queue
[2024-11-18T16:40:17.469+0000] {logging_mixin.py:190} INFO - [2024-11-18T16:40:17.468+0000] {dagbag.py:588} INFO - Filling up the DagBag from /home/airflow/.local/lib/python3.12/site-packages/airflow/example_dags/example_branch_python_dop_operator_3.py
[2024-11-18T16:40:17.482+0000] {processor.py:925} INFO - DAG(s) 'example_branch_dop_operator_v3' retrieved from /home/airflow/.local/lib/python3.12/site-packages/airflow/example_dags/example_branch_python_dop_operator_3.py
[2024-11-18T16:40:17.505+0000] {logging_mixin.py:190} INFO - [2024-11-18T16:40:17.505+0000] {dag.py:3239} INFO - Sync 1 DAGs
[2024-11-18T16:40:17.539+0000] {logging_mixin.py:190} INFO - [2024-11-18T16:40:17.539+0000] {dag.py:4180} INFO - Setting next_dagrun for example_branch_dop_operator_v3 to 2024-11-18 16:39:00+00:00, run_after=2024-11-18 16:40:00+00:00
[2024-11-18T16:40:17.572+0000] {processor.py:208} INFO - Processing /home/airflow/.local/lib/python3.12/site-packages/airflow/example_dags/example_branch_python_dop_operator_3.py took 0.115 seconds
[2024-11-18T16:40:47.744+0000] {processor.py:186} INFO - Started process (PID=293) to work on /home/airflow/.local/lib/python3.12/site-packages/airflow/example_dags/example_branch_python_dop_operator_3.py
[2024-11-18T16:40:47.746+0000] {processor.py:914} INFO - Processing file /home/airflow/.local/lib/python3.12/site-packages/airflow/example_dags/example_branch_python_dop_operator_3.py for tasks to queue
[2024-11-18T16:40:47.748+0000] {logging_mixin.py:190} INFO - [2024-11-18T16:40:47.748+0000] {dagbag.py:588} INFO - Filling up the DagBag from /home/airflow/.local/lib/python3.12/site-packages/airflow/example_dags/example_branch_python_dop_operator_3.py
[2024-11-18T16:40:47.761+0000] {processor.py:925} INFO - DAG(s) 'example_branch_dop_operator_v3' retrieved from /home/airflow/.local/lib/python3.12/site-packages/airflow/example_dags/example_branch_python_dop_operator_3.py
[2024-11-18T16:40:47.784+0000] {logging_mixin.py:190} INFO - [2024-11-18T16:40:47.784+0000] {dag.py:3239} INFO - Sync 1 DAGs
[2024-11-18T16:40:47.815+0000] {logging_mixin.py:190} INFO - [2024-11-18T16:40:47.815+0000] {dag.py:4180} INFO - Setting next_dagrun for example_branch_dop_operator_v3 to 2024-11-18 16:39:00+00:00, run_after=2024-11-18 16:40:00+00:00
[2024-11-18T16:40:47.837+0000] {processor.py:208} INFO - Processing /home/airflow/.local/lib/python3.12/site-packages/airflow/example_dags/example_branch_python_dop_operator_3.py took 0.100 seconds
[2024-11-18T16:41:18.253+0000] {processor.py:186} INFO - Started process (PID=356) to work on /home/airflow/.local/lib/python3.12/site-packages/airflow/example_dags/example_branch_python_dop_operator_3.py
[2024-11-18T16:41:18.254+0000] {processor.py:914} INFO - Processing file /home/airflow/.local/lib/python3.12/site-packages/airflow/example_dags/example_branch_python_dop_operator_3.py for tasks to queue
[2024-11-18T16:41:18.257+0000] {logging_mixin.py:190} INFO - [2024-11-18T16:41:18.257+0000] {dagbag.py:588} INFO - Filling up the DagBag from /home/airflow/.local/lib/python3.12/site-packages/airflow/example_dags/example_branch_python_dop_operator_3.py
[2024-11-18T16:41:18.270+0000] {processor.py:925} INFO - DAG(s) 'example_branch_dop_operator_v3' retrieved from /home/airflow/.local/lib/python3.12/site-packages/airflow/example_dags/example_branch_python_dop_operator_3.py
[2024-11-18T16:41:18.292+0000] {logging_mixin.py:190} INFO - [2024-11-18T16:41:18.292+0000] {dag.py:3239} INFO - Sync 1 DAGs
[2024-11-18T16:41:18.325+0000] {logging_mixin.py:190} INFO - [2024-11-18T16:41:18.324+0000] {dag.py:4180} INFO - Setting next_dagrun for example_branch_dop_operator_v3 to 2024-11-18 16:40:00+00:00, run_after=2024-11-18 16:41:00+00:00
[2024-11-18T16:41:18.346+0000] {processor.py:208} INFO - Processing /home/airflow/.local/lib/python3.12/site-packages/airflow/example_dags/example_branch_python_dop_operator_3.py took 0.100 seconds
[2024-11-18T16:41:49.260+0000] {processor.py:186} INFO - Started process (PID=419) to work on /home/airflow/.local/lib/python3.12/site-packages/airflow/example_dags/example_branch_python_dop_operator_3.py
[2024-11-18T16:41:49.261+0000] {processor.py:914} INFO - Processing file /home/airflow/.local/lib/python3.12/site-packages/airflow/example_dags/example_branch_python_dop_operator_3.py for tasks to queue
[2024-11-18T16:41:49.264+0000] {logging_mixin.py:190} INFO - [2024-11-18T16:41:49.263+0000] {dagbag.py:588} INFO - Filling up the DagBag from /home/airflow/.local/lib/python3.12/site-packages/airflow/example_dags/example_branch_python_dop_operator_3.py
[2024-11-18T16:41:49.276+0000] {processor.py:925} INFO - DAG(s) 'example_branch_dop_operator_v3' retrieved from /home/airflow/.local/lib/python3.12/site-packages/airflow/example_dags/example_branch_python_dop_operator_3.py
[2024-11-18T16:41:49.299+0000] {logging_mixin.py:190} INFO - [2024-11-18T16:41:49.298+0000] {dag.py:3239} INFO - Sync 1 DAGs
[2024-11-18T16:41:49.327+0000] {logging_mixin.py:190} INFO - [2024-11-18T16:41:49.327+0000] {dag.py:4180} INFO - Setting next_dagrun for example_branch_dop_operator_v3 to 2024-11-18 16:40:00+00:00, run_after=2024-11-18 16:41:00+00:00
[2024-11-18T16:41:49.347+0000] {processor.py:208} INFO - Processing /home/airflow/.local/lib/python3.12/site-packages/airflow/example_dags/example_branch_python_dop_operator_3.py took 0.094 seconds
[2024-11-18T16:42:19.697+0000] {processor.py:186} INFO - Started process (PID=482) to work on /home/airflow/.local/lib/python3.12/site-packages/airflow/example_dags/example_branch_python_dop_operator_3.py
[2024-11-18T16:42:19.698+0000] {processor.py:914} INFO - Processing file /home/airflow/.local/lib/python3.12/site-packages/airflow/example_dags/example_branch_python_dop_operator_3.py for tasks to queue
[2024-11-18T16:42:19.701+0000] {logging_mixin.py:190} INFO - [2024-11-18T16:42:19.701+0000] {dagbag.py:588} INFO - Filling up the DagBag from /home/airflow/.local/lib/python3.12/site-packages/airflow/example_dags/example_branch_python_dop_operator_3.py
[2024-11-18T16:42:19.714+0000] {processor.py:925} INFO - DAG(s) 'example_branch_dop_operator_v3' retrieved from /home/airflow/.local/lib/python3.12/site-packages/airflow/example_dags/example_branch_python_dop_operator_3.py
[2024-11-18T16:42:19.738+0000] {logging_mixin.py:190} INFO - [2024-11-18T16:42:19.738+0000] {dag.py:3239} INFO - Sync 1 DAGs
[2024-11-18T16:42:19.769+0000] {logging_mixin.py:190} INFO - [2024-11-18T16:42:19.769+0000] {dag.py:4180} INFO - Setting next_dagrun for example_branch_dop_operator_v3 to 2024-11-18 16:41:00+00:00, run_after=2024-11-18 16:42:00+00:00
[2024-11-18T16:42:19.791+0000] {processor.py:208} INFO - Processing /home/airflow/.local/lib/python3.12/site-packages/airflow/example_dags/example_branch_python_dop_operator_3.py took 0.102 seconds
[2024-11-18T16:42:50.332+0000] {processor.py:186} INFO - Started process (PID=544) to work on /home/airflow/.local/lib/python3.12/site-packages/airflow/example_dags/example_branch_python_dop_operator_3.py
[2024-11-18T16:42:50.333+0000] {processor.py:914} INFO - Processing file /home/airflow/.local/lib/python3.12/site-packages/airflow/example_dags/example_branch_python_dop_operator_3.py for tasks to queue
[2024-11-18T16:42:50.336+0000] {logging_mixin.py:190} INFO - [2024-11-18T16:42:50.336+0000] {dagbag.py:588} INFO - Filling up the DagBag from /home/airflow/.local/lib/python3.12/site-packages/airflow/example_dags/example_branch_python_dop_operator_3.py
[2024-11-18T16:42:50.350+0000] {processor.py:925} INFO - DAG(s) 'example_branch_dop_operator_v3' retrieved from /home/airflow/.local/lib/python3.12/site-packages/airflow/example_dags/example_branch_python_dop_operator_3.py
[2024-11-18T16:42:50.373+0000] {logging_mixin.py:190} INFO - [2024-11-18T16:42:50.373+0000] {dag.py:3239} INFO - Sync 1 DAGs
[2024-11-18T16:42:50.413+0000] {logging_mixin.py:190} INFO - [2024-11-18T16:42:50.413+0000] {dag.py:4180} INFO - Setting next_dagrun for example_branch_dop_operator_v3 to 2024-11-18 16:41:00+00:00, run_after=2024-11-18 16:42:00+00:00
[2024-11-18T16:42:50.435+0000] {processor.py:208} INFO - Processing /home/airflow/.local/lib/python3.12/site-packages/airflow/example_dags/example_branch_python_dop_operator_3.py took 0.111 seconds
[2024-11-18T16:43:20.544+0000] {processor.py:186} INFO - Started process (PID=607) to work on /home/airflow/.local/lib/python3.12/site-packages/airflow/example_dags/example_branch_python_dop_operator_3.py
[2024-11-18T16:43:20.545+0000] {processor.py:914} INFO - Processing file /home/airflow/.local/lib/python3.12/site-packages/airflow/example_dags/example_branch_python_dop_operator_3.py for tasks to queue
[2024-11-18T16:43:20.549+0000] {logging_mixin.py:190} INFO - [2024-11-18T16:43:20.548+0000] {dagbag.py:588} INFO - Filling up the DagBag from /home/airflow/.local/lib/python3.12/site-packages/airflow/example_dags/example_branch_python_dop_operator_3.py
[2024-11-18T16:43:20.561+0000] {processor.py:925} INFO - DAG(s) 'example_branch_dop_operator_v3' retrieved from /home/airflow/.local/lib/python3.12/site-packages/airflow/example_dags/example_branch_python_dop_operator_3.py
[2024-11-18T16:43:20.585+0000] {logging_mixin.py:190} INFO - [2024-11-18T16:43:20.584+0000] {dag.py:3239} INFO - Sync 1 DAGs
[2024-11-18T16:43:20.614+0000] {logging_mixin.py:190} INFO - [2024-11-18T16:43:20.614+0000] {dag.py:4180} INFO - Setting next_dagrun for example_branch_dop_operator_v3 to 2024-11-18 16:42:00+00:00, run_after=2024-11-18 16:43:00+00:00
[2024-11-18T16:43:20.636+0000] {processor.py:208} INFO - Processing /home/airflow/.local/lib/python3.12/site-packages/airflow/example_dags/example_branch_python_dop_operator_3.py took 0.100 seconds
[2024-11-18T16:43:50.890+0000] {processor.py:186} INFO - Started process (PID=670) to work on /home/airflow/.local/lib/python3.12/site-packages/airflow/example_dags/example_branch_python_dop_operator_3.py
[2024-11-18T16:43:50.891+0000] {processor.py:914} INFO - Processing file /home/airflow/.local/lib/python3.12/site-packages/airflow/example_dags/example_branch_python_dop_operator_3.py for tasks to queue
[2024-11-18T16:43:50.894+0000] {logging_mixin.py:190} INFO - [2024-11-18T16:43:50.893+0000] {dagbag.py:588} INFO - Filling up the DagBag from /home/airflow/.local/lib/python3.12/site-packages/airflow/example_dags/example_branch_python_dop_operator_3.py
[2024-11-18T16:43:50.908+0000] {processor.py:925} INFO - DAG(s) 'example_branch_dop_operator_v3' retrieved from /home/airflow/.local/lib/python3.12/site-packages/airflow/example_dags/example_branch_python_dop_operator_3.py
[2024-11-18T16:43:50.932+0000] {logging_mixin.py:190} INFO - [2024-11-18T16:43:50.931+0000] {dag.py:3239} INFO - Sync 1 DAGs
[2024-11-18T16:43:50.966+0000] {logging_mixin.py:190} INFO - [2024-11-18T16:43:50.966+0000] {dag.py:4180} INFO - Setting next_dagrun for example_branch_dop_operator_v3 to 2024-11-18 16:42:00+00:00, run_after=2024-11-18 16:43:00+00:00
[2024-11-18T16:43:50.990+0000] {processor.py:208} INFO - Processing /home/airflow/.local/lib/python3.12/site-packages/airflow/example_dags/example_branch_python_dop_operator_3.py took 0.107 seconds
[2024-11-18T16:44:21.175+0000] {processor.py:186} INFO - Started process (PID=733) to work on /home/airflow/.local/lib/python3.12/site-packages/airflow/example_dags/example_branch_python_dop_operator_3.py
[2024-11-18T16:44:21.176+0000] {processor.py:914} INFO - Processing file /home/airflow/.local/lib/python3.12/site-packages/airflow/example_dags/example_branch_python_dop_operator_3.py for tasks to queue
[2024-11-18T16:44:21.179+0000] {logging_mixin.py:190} INFO - [2024-11-18T16:44:21.179+0000] {dagbag.py:588} INFO - Filling up the DagBag from /home/airflow/.local/lib/python3.12/site-packages/airflow/example_dags/example_branch_python_dop_operator_3.py
[2024-11-18T16:44:21.192+0000] {processor.py:925} INFO - DAG(s) 'example_branch_dop_operator_v3' retrieved from /home/airflow/.local/lib/python3.12/site-packages/airflow/example_dags/example_branch_python_dop_operator_3.py
[2024-11-18T16:44:21.216+0000] {logging_mixin.py:190} INFO - [2024-11-18T16:44:21.216+0000] {dag.py:3239} INFO - Sync 1 DAGs
[2024-11-18T16:44:21.247+0000] {logging_mixin.py:190} INFO - [2024-11-18T16:44:21.247+0000] {dag.py:4180} INFO - Setting next_dagrun for example_branch_dop_operator_v3 to 2024-11-18 16:43:00+00:00, run_after=2024-11-18 16:44:00+00:00
[2024-11-18T16:44:21.270+0000] {processor.py:208} INFO - Processing /home/airflow/.local/lib/python3.12/site-packages/airflow/example_dags/example_branch_python_dop_operator_3.py took 0.102 seconds
[2024-11-18T16:44:51.666+0000] {processor.py:186} INFO - Started process (PID=795) to work on /home/airflow/.local/lib/python3.12/site-packages/airflow/example_dags/example_branch_python_dop_operator_3.py
[2024-11-18T16:44:51.667+0000] {processor.py:914} INFO - Processing file /home/airflow/.local/lib/python3.12/site-packages/airflow/example_dags/example_branch_python_dop_operator_3.py for tasks to queue
[2024-11-18T16:44:51.670+0000] {logging_mixin.py:190} INFO - [2024-11-18T16:44:51.669+0000] {dagbag.py:588} INFO - Filling up the DagBag from /home/airflow/.local/lib/python3.12/site-packages/airflow/example_dags/example_branch_python_dop_operator_3.py
[2024-11-18T16:44:51.682+0000] {processor.py:925} INFO - DAG(s) 'example_branch_dop_operator_v3' retrieved from /home/airflow/.local/lib/python3.12/site-packages/airflow/example_dags/example_branch_python_dop_operator_3.py
[2024-11-18T16:44:51.705+0000] {logging_mixin.py:190} INFO - [2024-11-18T16:44:51.705+0000] {dag.py:3239} INFO - Sync 1 DAGs
[2024-11-18T16:44:51.737+0000] {logging_mixin.py:190} INFO - [2024-11-18T16:44:51.737+0000] {dag.py:4180} INFO - Setting next_dagrun for example_branch_dop_operator_v3 to 2024-11-18 16:43:00+00:00, run_after=2024-11-18 16:44:00+00:00
[2024-11-18T16:44:51.758+0000] {processor.py:208} INFO - Processing /home/airflow/.local/lib/python3.12/site-packages/airflow/example_dags/example_branch_python_dop_operator_3.py took 0.099 seconds
[2024-11-18T16:45:22.293+0000] {processor.py:186} INFO - Started process (PID=858) to work on /home/airflow/.local/lib/python3.12/site-packages/airflow/example_dags/example_branch_python_dop_operator_3.py
[2024-11-18T16:45:22.294+0000] {processor.py:914} INFO - Processing file /home/airflow/.local/lib/python3.12/site-packages/airflow/example_dags/example_branch_python_dop_operator_3.py for tasks to queue
[2024-11-18T16:45:22.297+0000] {logging_mixin.py:190} INFO - [2024-11-18T16:45:22.296+0000] {dagbag.py:588} INFO - Filling up the DagBag from /home/airflow/.local/lib/python3.12/site-packages/airflow/example_dags/example_branch_python_dop_operator_3.py
[2024-11-18T16:45:22.310+0000] {processor.py:925} INFO - DAG(s) 'example_branch_dop_operator_v3' retrieved from /home/airflow/.local/lib/python3.12/site-packages/airflow/example_dags/example_branch_python_dop_operator_3.py
[2024-11-18T16:45:22.333+0000] {logging_mixin.py:190} INFO - [2024-11-18T16:45:22.332+0000] {dag.py:3239} INFO - Sync 1 DAGs
[2024-11-18T16:45:22.364+0000] {logging_mixin.py:190} INFO - [2024-11-18T16:45:22.364+0000] {dag.py:4180} INFO - Setting next_dagrun for example_branch_dop_operator_v3 to 2024-11-18 16:44:00+00:00, run_after=2024-11-18 16:45:00+00:00
[2024-11-18T16:45:22.386+0000] {processor.py:208} INFO - Processing /home/airflow/.local/lib/python3.12/site-packages/airflow/example_dags/example_branch_python_dop_operator_3.py took 0.101 seconds
[2024-11-18T16:45:52.649+0000] {processor.py:186} INFO - Started process (PID=920) to work on /home/airflow/.local/lib/python3.12/site-packages/airflow/example_dags/example_branch_python_dop_operator_3.py
[2024-11-18T16:45:52.650+0000] {processor.py:914} INFO - Processing file /home/airflow/.local/lib/python3.12/site-packages/airflow/example_dags/example_branch_python_dop_operator_3.py for tasks to queue
[2024-11-18T16:45:52.653+0000] {logging_mixin.py:190} INFO - [2024-11-18T16:45:52.653+0000] {dagbag.py:588} INFO - Filling up the DagBag from /home/airflow/.local/lib/python3.12/site-packages/airflow/example_dags/example_branch_python_dop_operator_3.py
[2024-11-18T16:45:52.673+0000] {processor.py:925} INFO - DAG(s) 'example_branch_dop_operator_v3' retrieved from /home/airflow/.local/lib/python3.12/site-packages/airflow/example_dags/example_branch_python_dop_operator_3.py
[2024-11-18T16:45:52.805+0000] {logging_mixin.py:190} INFO - [2024-11-18T16:45:52.804+0000] {dag.py:3239} INFO - Sync 1 DAGs
[2024-11-18T16:45:52.888+0000] {logging_mixin.py:190} INFO - [2024-11-18T16:45:52.888+0000] {dag.py:4180} INFO - Setting next_dagrun for example_branch_dop_operator_v3 to 2024-11-18 16:44:00+00:00, run_after=2024-11-18 16:45:00+00:00
[2024-11-18T16:45:52.914+0000] {processor.py:208} INFO - Processing /home/airflow/.local/lib/python3.12/site-packages/airflow/example_dags/example_branch_python_dop_operator_3.py took 0.275 seconds
[2024-11-18T16:46:23.807+0000] {processor.py:186} INFO - Started process (PID=983) to work on /home/airflow/.local/lib/python3.12/site-packages/airflow/example_dags/example_branch_python_dop_operator_3.py
[2024-11-18T16:46:23.809+0000] {processor.py:914} INFO - Processing file /home/airflow/.local/lib/python3.12/site-packages/airflow/example_dags/example_branch_python_dop_operator_3.py for tasks to queue
[2024-11-18T16:46:23.812+0000] {logging_mixin.py:190} INFO - [2024-11-18T16:46:23.812+0000] {dagbag.py:588} INFO - Filling up the DagBag from /home/airflow/.local/lib/python3.12/site-packages/airflow/example_dags/example_branch_python_dop_operator_3.py
[2024-11-18T16:46:23.826+0000] {processor.py:925} INFO - DAG(s) 'example_branch_dop_operator_v3' retrieved from /home/airflow/.local/lib/python3.12/site-packages/airflow/example_dags/example_branch_python_dop_operator_3.py
[2024-11-18T16:46:23.852+0000] {logging_mixin.py:190} INFO - [2024-11-18T16:46:23.852+0000] {dag.py:3239} INFO - Sync 1 DAGs
[2024-11-18T16:46:23.891+0000] {logging_mixin.py:190} INFO - [2024-11-18T16:46:23.891+0000] {dag.py:4180} INFO - Setting next_dagrun for example_branch_dop_operator_v3 to 2024-11-18 16:45:00+00:00, run_after=2024-11-18 16:46:00+00:00
[2024-11-18T16:46:23.918+0000] {processor.py:208} INFO - Processing /home/airflow/.local/lib/python3.12/site-packages/airflow/example_dags/example_branch_python_dop_operator_3.py took 0.120 seconds
[2024-11-18T16:46:54.021+0000] {processor.py:186} INFO - Started process (PID=1046) to work on /home/airflow/.local/lib/python3.12/site-packages/airflow/example_dags/example_branch_python_dop_operator_3.py
[2024-11-18T16:46:54.022+0000] {processor.py:914} INFO - Processing file /home/airflow/.local/lib/python3.12/site-packages/airflow/example_dags/example_branch_python_dop_operator_3.py for tasks to queue
[2024-11-18T16:46:54.025+0000] {logging_mixin.py:190} INFO - [2024-11-18T16:46:54.025+0000] {dagbag.py:588} INFO - Filling up the DagBag from /home/airflow/.local/lib/python3.12/site-packages/airflow/example_dags/example_branch_python_dop_operator_3.py
[2024-11-18T16:46:54.038+0000] {processor.py:925} INFO - DAG(s) 'example_branch_dop_operator_v3' retrieved from /home/airflow/.local/lib/python3.12/site-packages/airflow/example_dags/example_branch_python_dop_operator_3.py
[2024-11-18T16:46:54.064+0000] {logging_mixin.py:190} INFO - [2024-11-18T16:46:54.064+0000] {dag.py:3239} INFO - Sync 1 DAGs
[2024-11-18T16:46:54.094+0000] {logging_mixin.py:190} INFO - [2024-11-18T16:46:54.094+0000] {dag.py:4180} INFO - Setting next_dagrun for example_branch_dop_operator_v3 to 2024-11-18 16:45:00+00:00, run_after=2024-11-18 16:46:00+00:00
[2024-11-18T16:46:54.117+0000] {processor.py:208} INFO - Processing /home/airflow/.local/lib/python3.12/site-packages/airflow/example_dags/example_branch_python_dop_operator_3.py took 0.104 seconds
[2024-11-18T16:47:24.188+0000] {processor.py:186} INFO - Started process (PID=1109) to work on /home/airflow/.local/lib/python3.12/site-packages/airflow/example_dags/example_branch_python_dop_operator_3.py
[2024-11-18T16:47:24.189+0000] {processor.py:914} INFO - Processing file /home/airflow/.local/lib/python3.12/site-packages/airflow/example_dags/example_branch_python_dop_operator_3.py for tasks to queue
[2024-11-18T16:47:24.193+0000] {logging_mixin.py:190} INFO - [2024-11-18T16:47:24.192+0000] {dagbag.py:588} INFO - Filling up the DagBag from /home/airflow/.local/lib/python3.12/site-packages/airflow/example_dags/example_branch_python_dop_operator_3.py
[2024-11-18T16:47:24.205+0000] {processor.py:925} INFO - DAG(s) 'example_branch_dop_operator_v3' retrieved from /home/airflow/.local/lib/python3.12/site-packages/airflow/example_dags/example_branch_python_dop_operator_3.py
[2024-11-18T16:47:24.234+0000] {logging_mixin.py:190} INFO - [2024-11-18T16:47:24.233+0000] {dag.py:3239} INFO - Sync 1 DAGs
[2024-11-18T16:47:24.266+0000] {logging_mixin.py:190} INFO - [2024-11-18T16:47:24.265+0000] {dag.py:4180} INFO - Setting next_dagrun for example_branch_dop_operator_v3 to 2024-11-18 16:46:00+00:00, run_after=2024-11-18 16:47:00+00:00
[2024-11-18T16:47:24.291+0000] {processor.py:208} INFO - Processing /home/airflow/.local/lib/python3.12/site-packages/airflow/example_dags/example_branch_python_dop_operator_3.py took 0.111 seconds
[2024-11-18T16:47:55.489+0000] {processor.py:186} INFO - Started process (PID=1172) to work on /home/airflow/.local/lib/python3.12/site-packages/airflow/example_dags/example_branch_python_dop_operator_3.py
[2024-11-18T16:47:55.495+0000] {processor.py:914} INFO - Processing file /home/airflow/.local/lib/python3.12/site-packages/airflow/example_dags/example_branch_python_dop_operator_3.py for tasks to queue
[2024-11-18T16:47:55.507+0000] {logging_mixin.py:190} INFO - [2024-11-18T16:47:55.506+0000] {dagbag.py:588} INFO - Filling up the DagBag from /home/airflow/.local/lib/python3.12/site-packages/airflow/example_dags/example_branch_python_dop_operator_3.py
[2024-11-18T16:47:55.547+0000] {processor.py:925} INFO - DAG(s) 'example_branch_dop_operator_v3' retrieved from /home/airflow/.local/lib/python3.12/site-packages/airflow/example_dags/example_branch_python_dop_operator_3.py
[2024-11-18T16:47:55.593+0000] {logging_mixin.py:190} INFO - [2024-11-18T16:47:55.593+0000] {dag.py:3239} INFO - Sync 1 DAGs
[2024-11-18T16:47:55.642+0000] {logging_mixin.py:190} INFO - [2024-11-18T16:47:55.641+0000] {dag.py:4180} INFO - Setting next_dagrun for example_branch_dop_operator_v3 to 2024-11-18 16:46:00+00:00, run_after=2024-11-18 16:47:00+00:00
[2024-11-18T16:47:55.676+0000] {processor.py:208} INFO - Processing /home/airflow/.local/lib/python3.12/site-packages/airflow/example_dags/example_branch_python_dop_operator_3.py took 0.321 seconds
[2024-11-18T16:48:26.057+0000] {processor.py:186} INFO - Started process (PID=1235) to work on /home/airflow/.local/lib/python3.12/site-packages/airflow/example_dags/example_branch_python_dop_operator_3.py
[2024-11-18T16:48:26.061+0000] {processor.py:914} INFO - Processing file /home/airflow/.local/lib/python3.12/site-packages/airflow/example_dags/example_branch_python_dop_operator_3.py for tasks to queue
[2024-11-18T16:48:26.064+0000] {logging_mixin.py:190} INFO - [2024-11-18T16:48:26.063+0000] {dagbag.py:588} INFO - Filling up the DagBag from /home/airflow/.local/lib/python3.12/site-packages/airflow/example_dags/example_branch_python_dop_operator_3.py
[2024-11-18T16:48:26.081+0000] {processor.py:925} INFO - DAG(s) 'example_branch_dop_operator_v3' retrieved from /home/airflow/.local/lib/python3.12/site-packages/airflow/example_dags/example_branch_python_dop_operator_3.py
[2024-11-18T16:48:26.112+0000] {logging_mixin.py:190} INFO - [2024-11-18T16:48:26.112+0000] {dag.py:3239} INFO - Sync 1 DAGs
[2024-11-18T16:48:26.152+0000] {logging_mixin.py:190} INFO - [2024-11-18T16:48:26.152+0000] {dag.py:4180} INFO - Setting next_dagrun for example_branch_dop_operator_v3 to 2024-11-18 16:47:00+00:00, run_after=2024-11-18 16:48:00+00:00
[2024-11-18T16:48:26.178+0000] {processor.py:208} INFO - Processing /home/airflow/.local/lib/python3.12/site-packages/airflow/example_dags/example_branch_python_dop_operator_3.py took 0.130 seconds
[2024-11-18T16:48:56.354+0000] {processor.py:186} INFO - Started process (PID=1298) to work on /home/airflow/.local/lib/python3.12/site-packages/airflow/example_dags/example_branch_python_dop_operator_3.py
[2024-11-18T16:48:56.355+0000] {processor.py:914} INFO - Processing file /home/airflow/.local/lib/python3.12/site-packages/airflow/example_dags/example_branch_python_dop_operator_3.py for tasks to queue
[2024-11-18T16:48:56.358+0000] {logging_mixin.py:190} INFO - [2024-11-18T16:48:56.358+0000] {dagbag.py:588} INFO - Filling up the DagBag from /home/airflow/.local/lib/python3.12/site-packages/airflow/example_dags/example_branch_python_dop_operator_3.py
[2024-11-18T16:48:56.372+0000] {processor.py:925} INFO - DAG(s) 'example_branch_dop_operator_v3' retrieved from /home/airflow/.local/lib/python3.12/site-packages/airflow/example_dags/example_branch_python_dop_operator_3.py
[2024-11-18T16:48:56.400+0000] {logging_mixin.py:190} INFO - [2024-11-18T16:48:56.400+0000] {dag.py:3239} INFO - Sync 1 DAGs
[2024-11-18T16:48:56.432+0000] {logging_mixin.py:190} INFO - [2024-11-18T16:48:56.432+0000] {dag.py:4180} INFO - Setting next_dagrun for example_branch_dop_operator_v3 to 2024-11-18 16:47:00+00:00, run_after=2024-11-18 16:48:00+00:00
[2024-11-18T16:48:56.458+0000] {processor.py:208} INFO - Processing /home/airflow/.local/lib/python3.12/site-packages/airflow/example_dags/example_branch_python_dop_operator_3.py took 0.112 seconds
[2024-11-18T16:49:27.033+0000] {processor.py:186} INFO - Started process (PID=1361) to work on /home/airflow/.local/lib/python3.12/site-packages/airflow/example_dags/example_branch_python_dop_operator_3.py
[2024-11-18T16:49:27.035+0000] {processor.py:914} INFO - Processing file /home/airflow/.local/lib/python3.12/site-packages/airflow/example_dags/example_branch_python_dop_operator_3.py for tasks to queue
[2024-11-18T16:49:27.038+0000] {logging_mixin.py:190} INFO - [2024-11-18T16:49:27.037+0000] {dagbag.py:588} INFO - Filling up the DagBag from /home/airflow/.local/lib/python3.12/site-packages/airflow/example_dags/example_branch_python_dop_operator_3.py
[2024-11-18T16:49:27.054+0000] {processor.py:925} INFO - DAG(s) 'example_branch_dop_operator_v3' retrieved from /home/airflow/.local/lib/python3.12/site-packages/airflow/example_dags/example_branch_python_dop_operator_3.py
[2024-11-18T16:49:27.083+0000] {logging_mixin.py:190} INFO - [2024-11-18T16:49:27.083+0000] {dag.py:3239} INFO - Sync 1 DAGs
[2024-11-18T16:49:27.117+0000] {logging_mixin.py:190} INFO - [2024-11-18T16:49:27.117+0000] {dag.py:4180} INFO - Setting next_dagrun for example_branch_dop_operator_v3 to 2024-11-18 16:48:00+00:00, run_after=2024-11-18 16:49:00+00:00
[2024-11-18T16:49:27.143+0000] {processor.py:208} INFO - Processing /home/airflow/.local/lib/python3.12/site-packages/airflow/example_dags/example_branch_python_dop_operator_3.py took 0.118 seconds
[2024-11-18T16:49:57.270+0000] {processor.py:186} INFO - Started process (PID=1424) to work on /home/airflow/.local/lib/python3.12/site-packages/airflow/example_dags/example_branch_python_dop_operator_3.py
[2024-11-18T16:49:57.271+0000] {processor.py:914} INFO - Processing file /home/airflow/.local/lib/python3.12/site-packages/airflow/example_dags/example_branch_python_dop_operator_3.py for tasks to queue
[2024-11-18T16:49:57.274+0000] {logging_mixin.py:190} INFO - [2024-11-18T16:49:57.273+0000] {dagbag.py:588} INFO - Filling up the DagBag from /home/airflow/.local/lib/python3.12/site-packages/airflow/example_dags/example_branch_python_dop_operator_3.py
[2024-11-18T16:49:57.286+0000] {processor.py:925} INFO - DAG(s) 'example_branch_dop_operator_v3' retrieved from /home/airflow/.local/lib/python3.12/site-packages/airflow/example_dags/example_branch_python_dop_operator_3.py
[2024-11-18T16:49:57.313+0000] {logging_mixin.py:190} INFO - [2024-11-18T16:49:57.312+0000] {dag.py:3239} INFO - Sync 1 DAGs
[2024-11-18T16:49:57.349+0000] {logging_mixin.py:190} INFO - [2024-11-18T16:49:57.348+0000] {dag.py:4180} INFO - Setting next_dagrun for example_branch_dop_operator_v3 to 2024-11-18 16:48:00+00:00, run_after=2024-11-18 16:49:00+00:00
[2024-11-18T16:49:57.375+0000] {processor.py:208} INFO - Processing /home/airflow/.local/lib/python3.12/site-packages/airflow/example_dags/example_branch_python_dop_operator_3.py took 0.112 seconds
[2024-11-18T16:50:27.586+0000] {processor.py:186} INFO - Started process (PID=1487) to work on /home/airflow/.local/lib/python3.12/site-packages/airflow/example_dags/example_branch_python_dop_operator_3.py
[2024-11-18T16:50:27.587+0000] {processor.py:914} INFO - Processing file /home/airflow/.local/lib/python3.12/site-packages/airflow/example_dags/example_branch_python_dop_operator_3.py for tasks to queue
[2024-11-18T16:50:27.593+0000] {logging_mixin.py:190} INFO - [2024-11-18T16:50:27.592+0000] {dagbag.py:588} INFO - Filling up the DagBag from /home/airflow/.local/lib/python3.12/site-packages/airflow/example_dags/example_branch_python_dop_operator_3.py
[2024-11-18T16:50:27.606+0000] {processor.py:925} INFO - DAG(s) 'example_branch_dop_operator_v3' retrieved from /home/airflow/.local/lib/python3.12/site-packages/airflow/example_dags/example_branch_python_dop_operator_3.py
[2024-11-18T16:50:27.632+0000] {logging_mixin.py:190} INFO - [2024-11-18T16:50:27.632+0000] {dag.py:3239} INFO - Sync 1 DAGs
[2024-11-18T16:50:27.662+0000] {logging_mixin.py:190} INFO - [2024-11-18T16:50:27.661+0000] {dag.py:4180} INFO - Setting next_dagrun for example_branch_dop_operator_v3 to 2024-11-18 16:49:00+00:00, run_after=2024-11-18 16:50:00+00:00
[2024-11-18T16:50:27.688+0000] {processor.py:208} INFO - Processing /home/airflow/.local/lib/python3.12/site-packages/airflow/example_dags/example_branch_python_dop_operator_3.py took 0.114 seconds
[2024-11-18T16:50:58.385+0000] {processor.py:186} INFO - Started process (PID=1550) to work on /home/airflow/.local/lib/python3.12/site-packages/airflow/example_dags/example_branch_python_dop_operator_3.py
[2024-11-18T16:50:58.386+0000] {processor.py:914} INFO - Processing file /home/airflow/.local/lib/python3.12/site-packages/airflow/example_dags/example_branch_python_dop_operator_3.py for tasks to queue
[2024-11-18T16:50:58.390+0000] {logging_mixin.py:190} INFO - [2024-11-18T16:50:58.390+0000] {dagbag.py:588} INFO - Filling up the DagBag from /home/airflow/.local/lib/python3.12/site-packages/airflow/example_dags/example_branch_python_dop_operator_3.py
[2024-11-18T16:50:58.408+0000] {processor.py:925} INFO - DAG(s) 'example_branch_dop_operator_v3' retrieved from /home/airflow/.local/lib/python3.12/site-packages/airflow/example_dags/example_branch_python_dop_operator_3.py
[2024-11-18T16:50:58.468+0000] {logging_mixin.py:190} INFO - [2024-11-18T16:50:58.467+0000] {dag.py:3239} INFO - Sync 1 DAGs
[2024-11-18T16:50:58.512+0000] {logging_mixin.py:190} INFO - [2024-11-18T16:50:58.512+0000] {dag.py:4180} INFO - Setting next_dagrun for example_branch_dop_operator_v3 to 2024-11-18 16:49:00+00:00, run_after=2024-11-18 16:50:00+00:00
[2024-11-18T16:50:58.540+0000] {processor.py:208} INFO - Processing /home/airflow/.local/lib/python3.12/site-packages/airflow/example_dags/example_branch_python_dop_operator_3.py took 0.167 seconds
[2024-11-18T16:51:29.069+0000] {processor.py:186} INFO - Started process (PID=1613) to work on /home/airflow/.local/lib/python3.12/site-packages/airflow/example_dags/example_branch_python_dop_operator_3.py
[2024-11-18T16:51:29.071+0000] {processor.py:914} INFO - Processing file /home/airflow/.local/lib/python3.12/site-packages/airflow/example_dags/example_branch_python_dop_operator_3.py for tasks to queue
[2024-11-18T16:51:29.073+0000] {logging_mixin.py:190} INFO - [2024-11-18T16:51:29.073+0000] {dagbag.py:588} INFO - Filling up the DagBag from /home/airflow/.local/lib/python3.12/site-packages/airflow/example_dags/example_branch_python_dop_operator_3.py
[2024-11-18T16:51:29.092+0000] {processor.py:925} INFO - DAG(s) 'example_branch_dop_operator_v3' retrieved from /home/airflow/.local/lib/python3.12/site-packages/airflow/example_dags/example_branch_python_dop_operator_3.py
[2024-11-18T16:51:29.175+0000] {logging_mixin.py:190} INFO - [2024-11-18T16:51:29.174+0000] {dag.py:3239} INFO - Sync 1 DAGs
[2024-11-18T16:51:29.255+0000] {logging_mixin.py:190} INFO - [2024-11-18T16:51:29.255+0000] {dag.py:4180} INFO - Setting next_dagrun for example_branch_dop_operator_v3 to 2024-11-18 16:50:00+00:00, run_after=2024-11-18 16:51:00+00:00
[2024-11-18T16:51:29.319+0000] {processor.py:208} INFO - Processing /home/airflow/.local/lib/python3.12/site-packages/airflow/example_dags/example_branch_python_dop_operator_3.py took 0.259 seconds
[2024-11-18T16:51:59.375+0000] {processor.py:186} INFO - Started process (PID=1676) to work on /home/airflow/.local/lib/python3.12/site-packages/airflow/example_dags/example_branch_python_dop_operator_3.py
[2024-11-18T16:51:59.376+0000] {processor.py:914} INFO - Processing file /home/airflow/.local/lib/python3.12/site-packages/airflow/example_dags/example_branch_python_dop_operator_3.py for tasks to queue
[2024-11-18T16:51:59.379+0000] {logging_mixin.py:190} INFO - [2024-11-18T16:51:59.378+0000] {dagbag.py:588} INFO - Filling up the DagBag from /home/airflow/.local/lib/python3.12/site-packages/airflow/example_dags/example_branch_python_dop_operator_3.py
[2024-11-18T16:51:59.393+0000] {processor.py:925} INFO - DAG(s) 'example_branch_dop_operator_v3' retrieved from /home/airflow/.local/lib/python3.12/site-packages/airflow/example_dags/example_branch_python_dop_operator_3.py
[2024-11-18T16:51:59.419+0000] {logging_mixin.py:190} INFO - [2024-11-18T16:51:59.419+0000] {dag.py:3239} INFO - Sync 1 DAGs
[2024-11-18T16:51:59.454+0000] {logging_mixin.py:190} INFO - [2024-11-18T16:51:59.454+0000] {dag.py:4180} INFO - Setting next_dagrun for example_branch_dop_operator_v3 to 2024-11-18 16:50:00+00:00, run_after=2024-11-18 16:51:00+00:00
[2024-11-18T16:51:59.478+0000] {processor.py:208} INFO - Processing /home/airflow/.local/lib/python3.12/site-packages/airflow/example_dags/example_branch_python_dop_operator_3.py took 0.110 seconds
[2024-11-18T16:52:29.598+0000] {processor.py:186} INFO - Started process (PID=1739) to work on /home/airflow/.local/lib/python3.12/site-packages/airflow/example_dags/example_branch_python_dop_operator_3.py
[2024-11-18T16:52:29.599+0000] {processor.py:914} INFO - Processing file /home/airflow/.local/lib/python3.12/site-packages/airflow/example_dags/example_branch_python_dop_operator_3.py for tasks to queue
[2024-11-18T16:52:29.602+0000] {logging_mixin.py:190} INFO - [2024-11-18T16:52:29.602+0000] {dagbag.py:588} INFO - Filling up the DagBag from /home/airflow/.local/lib/python3.12/site-packages/airflow/example_dags/example_branch_python_dop_operator_3.py
[2024-11-18T16:52:29.614+0000] {processor.py:925} INFO - DAG(s) 'example_branch_dop_operator_v3' retrieved from /home/airflow/.local/lib/python3.12/site-packages/airflow/example_dags/example_branch_python_dop_operator_3.py
[2024-11-18T16:52:29.636+0000] {logging_mixin.py:190} INFO - [2024-11-18T16:52:29.636+0000] {dag.py:3239} INFO - Sync 1 DAGs
[2024-11-18T16:52:29.666+0000] {logging_mixin.py:190} INFO - [2024-11-18T16:52:29.666+0000] {dag.py:4180} INFO - Setting next_dagrun for example_branch_dop_operator_v3 to 2024-11-18 16:51:00+00:00, run_after=2024-11-18 16:52:00+00:00
[2024-11-18T16:52:29.687+0000] {processor.py:208} INFO - Processing /home/airflow/.local/lib/python3.12/site-packages/airflow/example_dags/example_branch_python_dop_operator_3.py took 0.096 seconds
[2024-11-18T16:52:59.788+0000] {processor.py:186} INFO - Started process (PID=1801) to work on /home/airflow/.local/lib/python3.12/site-packages/airflow/example_dags/example_branch_python_dop_operator_3.py
[2024-11-18T16:52:59.789+0000] {processor.py:914} INFO - Processing file /home/airflow/.local/lib/python3.12/site-packages/airflow/example_dags/example_branch_python_dop_operator_3.py for tasks to queue
[2024-11-18T16:52:59.792+0000] {logging_mixin.py:190} INFO - [2024-11-18T16:52:59.792+0000] {dagbag.py:588} INFO - Filling up the DagBag from /home/airflow/.local/lib/python3.12/site-packages/airflow/example_dags/example_branch_python_dop_operator_3.py
[2024-11-18T16:52:59.808+0000] {processor.py:925} INFO - DAG(s) 'example_branch_dop_operator_v3' retrieved from /home/airflow/.local/lib/python3.12/site-packages/airflow/example_dags/example_branch_python_dop_operator_3.py
[2024-11-18T16:52:59.831+0000] {logging_mixin.py:190} INFO - [2024-11-18T16:52:59.831+0000] {dag.py:3239} INFO - Sync 1 DAGs
[2024-11-18T16:52:59.861+0000] {logging_mixin.py:190} INFO - [2024-11-18T16:52:59.861+0000] {dag.py:4180} INFO - Setting next_dagrun for example_branch_dop_operator_v3 to 2024-11-18 16:51:00+00:00, run_after=2024-11-18 16:52:00+00:00
[2024-11-18T16:52:59.882+0000] {processor.py:208} INFO - Processing /home/airflow/.local/lib/python3.12/site-packages/airflow/example_dags/example_branch_python_dop_operator_3.py took 0.103 seconds
[2024-11-18T16:53:29.960+0000] {processor.py:186} INFO - Started process (PID=1864) to work on /home/airflow/.local/lib/python3.12/site-packages/airflow/example_dags/example_branch_python_dop_operator_3.py
[2024-11-18T16:53:29.961+0000] {processor.py:914} INFO - Processing file /home/airflow/.local/lib/python3.12/site-packages/airflow/example_dags/example_branch_python_dop_operator_3.py for tasks to queue
[2024-11-18T16:53:29.965+0000] {logging_mixin.py:190} INFO - [2024-11-18T16:53:29.964+0000] {dagbag.py:588} INFO - Filling up the DagBag from /home/airflow/.local/lib/python3.12/site-packages/airflow/example_dags/example_branch_python_dop_operator_3.py
[2024-11-18T16:53:29.983+0000] {processor.py:925} INFO - DAG(s) 'example_branch_dop_operator_v3' retrieved from /home/airflow/.local/lib/python3.12/site-packages/airflow/example_dags/example_branch_python_dop_operator_3.py
[2024-11-18T16:53:30.014+0000] {logging_mixin.py:190} INFO - [2024-11-18T16:53:30.013+0000] {dag.py:3239} INFO - Sync 1 DAGs
[2024-11-18T16:53:30.049+0000] {logging_mixin.py:190} INFO - [2024-11-18T16:53:30.049+0000] {dag.py:4180} INFO - Setting next_dagrun for example_branch_dop_operator_v3 to 2024-11-18 16:52:00+00:00, run_after=2024-11-18 16:53:00+00:00
[2024-11-18T16:53:30.072+0000] {processor.py:208} INFO - Processing /home/airflow/.local/lib/python3.12/site-packages/airflow/example_dags/example_branch_python_dop_operator_3.py took 0.121 seconds
[2024-11-18T16:54:00.341+0000] {processor.py:186} INFO - Started process (PID=1927) to work on /home/airflow/.local/lib/python3.12/site-packages/airflow/example_dags/example_branch_python_dop_operator_3.py
[2024-11-18T16:54:00.343+0000] {processor.py:914} INFO - Processing file /home/airflow/.local/lib/python3.12/site-packages/airflow/example_dags/example_branch_python_dop_operator_3.py for tasks to queue
[2024-11-18T16:54:00.349+0000] {logging_mixin.py:190} INFO - [2024-11-18T16:54:00.348+0000] {dagbag.py:588} INFO - Filling up the DagBag from /home/airflow/.local/lib/python3.12/site-packages/airflow/example_dags/example_branch_python_dop_operator_3.py
[2024-11-18T16:54:00.377+0000] {processor.py:925} INFO - DAG(s) 'example_branch_dop_operator_v3' retrieved from /home/airflow/.local/lib/python3.12/site-packages/airflow/example_dags/example_branch_python_dop_operator_3.py
[2024-11-18T16:54:00.410+0000] {logging_mixin.py:190} INFO - [2024-11-18T16:54:00.410+0000] {dag.py:3239} INFO - Sync 1 DAGs
[2024-11-18T16:54:00.446+0000] {logging_mixin.py:190} INFO - [2024-11-18T16:54:00.446+0000] {dag.py:4180} INFO - Setting next_dagrun for example_branch_dop_operator_v3 to 2024-11-18 16:53:00+00:00, run_after=2024-11-18 16:54:00+00:00
[2024-11-18T16:54:00.469+0000] {processor.py:208} INFO - Processing /home/airflow/.local/lib/python3.12/site-packages/airflow/example_dags/example_branch_python_dop_operator_3.py took 0.145 seconds
[2024-11-18T16:54:30.582+0000] {processor.py:186} INFO - Started process (PID=1990) to work on /home/airflow/.local/lib/python3.12/site-packages/airflow/example_dags/example_branch_python_dop_operator_3.py
[2024-11-18T16:54:30.583+0000] {processor.py:914} INFO - Processing file /home/airflow/.local/lib/python3.12/site-packages/airflow/example_dags/example_branch_python_dop_operator_3.py for tasks to queue
[2024-11-18T16:54:30.587+0000] {logging_mixin.py:190} INFO - [2024-11-18T16:54:30.587+0000] {dagbag.py:588} INFO - Filling up the DagBag from /home/airflow/.local/lib/python3.12/site-packages/airflow/example_dags/example_branch_python_dop_operator_3.py
[2024-11-18T16:54:30.599+0000] {processor.py:925} INFO - DAG(s) 'example_branch_dop_operator_v3' retrieved from /home/airflow/.local/lib/python3.12/site-packages/airflow/example_dags/example_branch_python_dop_operator_3.py
[2024-11-18T16:54:30.623+0000] {logging_mixin.py:190} INFO - [2024-11-18T16:54:30.622+0000] {dag.py:3239} INFO - Sync 1 DAGs
[2024-11-18T16:54:30.655+0000] {logging_mixin.py:190} INFO - [2024-11-18T16:54:30.654+0000] {dag.py:4180} INFO - Setting next_dagrun for example_branch_dop_operator_v3 to 2024-11-18 16:53:00+00:00, run_after=2024-11-18 16:54:00+00:00
[2024-11-18T16:54:30.677+0000] {processor.py:208} INFO - Processing /home/airflow/.local/lib/python3.12/site-packages/airflow/example_dags/example_branch_python_dop_operator_3.py took 0.103 seconds
[2024-11-18T16:55:01.124+0000] {processor.py:186} INFO - Started process (PID=2051) to work on /home/airflow/.local/lib/python3.12/site-packages/airflow/example_dags/example_branch_python_dop_operator_3.py
[2024-11-18T16:55:01.126+0000] {processor.py:914} INFO - Processing file /home/airflow/.local/lib/python3.12/site-packages/airflow/example_dags/example_branch_python_dop_operator_3.py for tasks to queue
[2024-11-18T16:55:01.129+0000] {logging_mixin.py:190} INFO - [2024-11-18T16:55:01.128+0000] {dagbag.py:588} INFO - Filling up the DagBag from /home/airflow/.local/lib/python3.12/site-packages/airflow/example_dags/example_branch_python_dop_operator_3.py
[2024-11-18T16:55:01.145+0000] {processor.py:925} INFO - DAG(s) 'example_branch_dop_operator_v3' retrieved from /home/airflow/.local/lib/python3.12/site-packages/airflow/example_dags/example_branch_python_dop_operator_3.py
[2024-11-18T16:55:01.179+0000] {logging_mixin.py:190} INFO - [2024-11-18T16:55:01.178+0000] {dag.py:3239} INFO - Sync 1 DAGs
[2024-11-18T16:55:01.216+0000] {logging_mixin.py:190} INFO - [2024-11-18T16:55:01.216+0000] {dag.py:4180} INFO - Setting next_dagrun for example_branch_dop_operator_v3 to 2024-11-18 16:54:00+00:00, run_after=2024-11-18 16:55:00+00:00
[2024-11-18T16:55:01.249+0000] {processor.py:208} INFO - Processing /home/airflow/.local/lib/python3.12/site-packages/airflow/example_dags/example_branch_python_dop_operator_3.py took 0.134 seconds
[2024-11-18T16:55:31.580+0000] {processor.py:186} INFO - Started process (PID=2113) to work on /home/airflow/.local/lib/python3.12/site-packages/airflow/example_dags/example_branch_python_dop_operator_3.py
[2024-11-18T16:55:31.582+0000] {processor.py:914} INFO - Processing file /home/airflow/.local/lib/python3.12/site-packages/airflow/example_dags/example_branch_python_dop_operator_3.py for tasks to queue
[2024-11-18T16:55:31.585+0000] {logging_mixin.py:190} INFO - [2024-11-18T16:55:31.584+0000] {dagbag.py:588} INFO - Filling up the DagBag from /home/airflow/.local/lib/python3.12/site-packages/airflow/example_dags/example_branch_python_dop_operator_3.py
[2024-11-18T16:55:31.599+0000] {processor.py:925} INFO - DAG(s) 'example_branch_dop_operator_v3' retrieved from /home/airflow/.local/lib/python3.12/site-packages/airflow/example_dags/example_branch_python_dop_operator_3.py
[2024-11-18T16:55:31.622+0000] {logging_mixin.py:190} INFO - [2024-11-18T16:55:31.622+0000] {dag.py:3239} INFO - Sync 1 DAGs
[2024-11-18T16:55:31.652+0000] {logging_mixin.py:190} INFO - [2024-11-18T16:55:31.652+0000] {dag.py:4180} INFO - Setting next_dagrun for example_branch_dop_operator_v3 to 2024-11-18 16:54:00+00:00, run_after=2024-11-18 16:55:00+00:00
[2024-11-18T16:55:31.673+0000] {processor.py:208} INFO - Processing /home/airflow/.local/lib/python3.12/site-packages/airflow/example_dags/example_branch_python_dop_operator_3.py took 0.102 seconds
[2024-11-18T16:56:02.045+0000] {processor.py:186} INFO - Started process (PID=2177) to work on /home/airflow/.local/lib/python3.12/site-packages/airflow/example_dags/example_branch_python_dop_operator_3.py
[2024-11-18T16:56:02.047+0000] {processor.py:914} INFO - Processing file /home/airflow/.local/lib/python3.12/site-packages/airflow/example_dags/example_branch_python_dop_operator_3.py for tasks to queue
[2024-11-18T16:56:02.051+0000] {logging_mixin.py:190} INFO - [2024-11-18T16:56:02.051+0000] {dagbag.py:588} INFO - Filling up the DagBag from /home/airflow/.local/lib/python3.12/site-packages/airflow/example_dags/example_branch_python_dop_operator_3.py
[2024-11-18T16:56:02.072+0000] {processor.py:925} INFO - DAG(s) 'example_branch_dop_operator_v3' retrieved from /home/airflow/.local/lib/python3.12/site-packages/airflow/example_dags/example_branch_python_dop_operator_3.py
[2024-11-18T16:56:02.108+0000] {logging_mixin.py:190} INFO - [2024-11-18T16:56:02.107+0000] {dag.py:3239} INFO - Sync 1 DAGs
[2024-11-18T16:56:02.153+0000] {logging_mixin.py:190} INFO - [2024-11-18T16:56:02.153+0000] {dag.py:4180} INFO - Setting next_dagrun for example_branch_dop_operator_v3 to 2024-11-18 16:55:00+00:00, run_after=2024-11-18 16:56:00+00:00
[2024-11-18T16:56:02.183+0000] {processor.py:208} INFO - Processing /home/airflow/.local/lib/python3.12/site-packages/airflow/example_dags/example_branch_python_dop_operator_3.py took 0.147 seconds
[2024-11-18T16:56:32.666+0000] {processor.py:186} INFO - Started process (PID=2240) to work on /home/airflow/.local/lib/python3.12/site-packages/airflow/example_dags/example_branch_python_dop_operator_3.py
[2024-11-18T16:56:32.667+0000] {processor.py:914} INFO - Processing file /home/airflow/.local/lib/python3.12/site-packages/airflow/example_dags/example_branch_python_dop_operator_3.py for tasks to queue
[2024-11-18T16:56:32.670+0000] {logging_mixin.py:190} INFO - [2024-11-18T16:56:32.669+0000] {dagbag.py:588} INFO - Filling up the DagBag from /home/airflow/.local/lib/python3.12/site-packages/airflow/example_dags/example_branch_python_dop_operator_3.py
[2024-11-18T16:56:32.685+0000] {processor.py:925} INFO - DAG(s) 'example_branch_dop_operator_v3' retrieved from /home/airflow/.local/lib/python3.12/site-packages/airflow/example_dags/example_branch_python_dop_operator_3.py
[2024-11-18T16:56:32.712+0000] {logging_mixin.py:190} INFO - [2024-11-18T16:56:32.711+0000] {dag.py:3239} INFO - Sync 1 DAGs
[2024-11-18T16:56:32.744+0000] {logging_mixin.py:190} INFO - [2024-11-18T16:56:32.744+0000] {dag.py:4180} INFO - Setting next_dagrun for example_branch_dop_operator_v3 to 2024-11-18 16:55:00+00:00, run_after=2024-11-18 16:56:00+00:00
[2024-11-18T16:56:32.765+0000] {processor.py:208} INFO - Processing /home/airflow/.local/lib/python3.12/site-packages/airflow/example_dags/example_branch_python_dop_operator_3.py took 0.107 seconds
[2024-11-18T16:57:03.524+0000] {processor.py:186} INFO - Started process (PID=2302) to work on /home/airflow/.local/lib/python3.12/site-packages/airflow/example_dags/example_branch_python_dop_operator_3.py
[2024-11-18T16:57:03.525+0000] {processor.py:914} INFO - Processing file /home/airflow/.local/lib/python3.12/site-packages/airflow/example_dags/example_branch_python_dop_operator_3.py for tasks to queue
[2024-11-18T16:57:03.528+0000] {logging_mixin.py:190} INFO - [2024-11-18T16:57:03.528+0000] {dagbag.py:588} INFO - Filling up the DagBag from /home/airflow/.local/lib/python3.12/site-packages/airflow/example_dags/example_branch_python_dop_operator_3.py
[2024-11-18T16:57:03.546+0000] {processor.py:925} INFO - DAG(s) 'example_branch_dop_operator_v3' retrieved from /home/airflow/.local/lib/python3.12/site-packages/airflow/example_dags/example_branch_python_dop_operator_3.py
[2024-11-18T16:57:03.576+0000] {logging_mixin.py:190} INFO - [2024-11-18T16:57:03.576+0000] {dag.py:3239} INFO - Sync 1 DAGs
[2024-11-18T16:57:03.617+0000] {logging_mixin.py:190} INFO - [2024-11-18T16:57:03.616+0000] {dag.py:4180} INFO - Setting next_dagrun for example_branch_dop_operator_v3 to 2024-11-18 16:56:00+00:00, run_after=2024-11-18 16:57:00+00:00
[2024-11-18T16:57:03.648+0000] {processor.py:208} INFO - Processing /home/airflow/.local/lib/python3.12/site-packages/airflow/example_dags/example_branch_python_dop_operator_3.py took 0.134 seconds
[2024-11-18T16:57:33.882+0000] {processor.py:186} INFO - Started process (PID=2365) to work on /home/airflow/.local/lib/python3.12/site-packages/airflow/example_dags/example_branch_python_dop_operator_3.py
[2024-11-18T16:57:33.883+0000] {processor.py:914} INFO - Processing file /home/airflow/.local/lib/python3.12/site-packages/airflow/example_dags/example_branch_python_dop_operator_3.py for tasks to queue
[2024-11-18T16:57:33.887+0000] {logging_mixin.py:190} INFO - [2024-11-18T16:57:33.886+0000] {dagbag.py:588} INFO - Filling up the DagBag from /home/airflow/.local/lib/python3.12/site-packages/airflow/example_dags/example_branch_python_dop_operator_3.py
[2024-11-18T16:57:33.901+0000] {processor.py:925} INFO - DAG(s) 'example_branch_dop_operator_v3' retrieved from /home/airflow/.local/lib/python3.12/site-packages/airflow/example_dags/example_branch_python_dop_operator_3.py
[2024-11-18T16:57:33.926+0000] {logging_mixin.py:190} INFO - [2024-11-18T16:57:33.926+0000] {dag.py:3239} INFO - Sync 1 DAGs
[2024-11-18T16:57:33.961+0000] {logging_mixin.py:190} INFO - [2024-11-18T16:57:33.961+0000] {dag.py:4180} INFO - Setting next_dagrun for example_branch_dop_operator_v3 to 2024-11-18 16:56:00+00:00, run_after=2024-11-18 16:57:00+00:00
[2024-11-18T16:57:33.989+0000] {processor.py:208} INFO - Processing /home/airflow/.local/lib/python3.12/site-packages/airflow/example_dags/example_branch_python_dop_operator_3.py took 0.113 seconds
[2024-11-18T16:58:05.183+0000] {processor.py:186} INFO - Started process (PID=2416) to work on /home/airflow/.local/lib/python3.12/site-packages/airflow/example_dags/example_branch_python_dop_operator_3.py
[2024-11-18T16:58:05.184+0000] {processor.py:914} INFO - Processing file /home/airflow/.local/lib/python3.12/site-packages/airflow/example_dags/example_branch_python_dop_operator_3.py for tasks to queue
[2024-11-18T16:58:05.188+0000] {logging_mixin.py:190} INFO - [2024-11-18T16:58:05.188+0000] {dagbag.py:588} INFO - Filling up the DagBag from /home/airflow/.local/lib/python3.12/site-packages/airflow/example_dags/example_branch_python_dop_operator_3.py
[2024-11-18T16:58:05.203+0000] {processor.py:925} INFO - DAG(s) 'example_branch_dop_operator_v3' retrieved from /home/airflow/.local/lib/python3.12/site-packages/airflow/example_dags/example_branch_python_dop_operator_3.py
[2024-11-18T16:58:05.229+0000] {logging_mixin.py:190} INFO - [2024-11-18T16:58:05.229+0000] {dag.py:3239} INFO - Sync 1 DAGs
[2024-11-18T16:58:05.261+0000] {logging_mixin.py:190} INFO - [2024-11-18T16:58:05.261+0000] {dag.py:4180} INFO - Setting next_dagrun for example_branch_dop_operator_v3 to 2024-11-18 16:57:00+00:00, run_after=2024-11-18 16:58:00+00:00
[2024-11-18T16:58:05.287+0000] {processor.py:208} INFO - Processing /home/airflow/.local/lib/python3.12/site-packages/airflow/example_dags/example_branch_python_dop_operator_3.py took 0.113 seconds
[2024-11-18T16:58:36.671+0000] {processor.py:186} INFO - Started process (PID=2479) to work on /home/airflow/.local/lib/python3.12/site-packages/airflow/example_dags/example_branch_python_dop_operator_3.py
[2024-11-18T16:58:36.672+0000] {processor.py:914} INFO - Processing file /home/airflow/.local/lib/python3.12/site-packages/airflow/example_dags/example_branch_python_dop_operator_3.py for tasks to queue
[2024-11-18T16:58:36.674+0000] {logging_mixin.py:190} INFO - [2024-11-18T16:58:36.674+0000] {dagbag.py:588} INFO - Filling up the DagBag from /home/airflow/.local/lib/python3.12/site-packages/airflow/example_dags/example_branch_python_dop_operator_3.py
[2024-11-18T16:58:36.687+0000] {processor.py:925} INFO - DAG(s) 'example_branch_dop_operator_v3' retrieved from /home/airflow/.local/lib/python3.12/site-packages/airflow/example_dags/example_branch_python_dop_operator_3.py
[2024-11-18T16:58:36.709+0000] {logging_mixin.py:190} INFO - [2024-11-18T16:58:36.709+0000] {dag.py:3239} INFO - Sync 1 DAGs
[2024-11-18T16:58:36.739+0000] {logging_mixin.py:190} INFO - [2024-11-18T16:58:36.739+0000] {dag.py:4180} INFO - Setting next_dagrun for example_branch_dop_operator_v3 to 2024-11-18 16:57:00+00:00, run_after=2024-11-18 16:58:00+00:00
[2024-11-18T16:58:36.759+0000] {processor.py:208} INFO - Processing /home/airflow/.local/lib/python3.12/site-packages/airflow/example_dags/example_branch_python_dop_operator_3.py took 0.096 seconds
[2024-11-18T16:59:08.474+0000] {processor.py:186} INFO - Started process (PID=2542) to work on /home/airflow/.local/lib/python3.12/site-packages/airflow/example_dags/example_branch_python_dop_operator_3.py
[2024-11-18T16:59:08.475+0000] {processor.py:914} INFO - Processing file /home/airflow/.local/lib/python3.12/site-packages/airflow/example_dags/example_branch_python_dop_operator_3.py for tasks to queue
[2024-11-18T16:59:08.478+0000] {logging_mixin.py:190} INFO - [2024-11-18T16:59:08.477+0000] {dagbag.py:588} INFO - Filling up the DagBag from /home/airflow/.local/lib/python3.12/site-packages/airflow/example_dags/example_branch_python_dop_operator_3.py
[2024-11-18T16:59:08.491+0000] {processor.py:925} INFO - DAG(s) 'example_branch_dop_operator_v3' retrieved from /home/airflow/.local/lib/python3.12/site-packages/airflow/example_dags/example_branch_python_dop_operator_3.py
[2024-11-18T16:59:08.517+0000] {logging_mixin.py:190} INFO - [2024-11-18T16:59:08.517+0000] {dag.py:3239} INFO - Sync 1 DAGs
[2024-11-18T16:59:08.550+0000] {logging_mixin.py:190} INFO - [2024-11-18T16:59:08.550+0000] {dag.py:4180} INFO - Setting next_dagrun for example_branch_dop_operator_v3 to 2024-11-18 16:58:00+00:00, run_after=2024-11-18 16:59:00+00:00
[2024-11-18T16:59:08.575+0000] {processor.py:208} INFO - Processing /home/airflow/.local/lib/python3.12/site-packages/airflow/example_dags/example_branch_python_dop_operator_3.py took 0.109 seconds
[2024-11-18T16:59:39.184+0000] {processor.py:186} INFO - Started process (PID=2605) to work on /home/airflow/.local/lib/python3.12/site-packages/airflow/example_dags/example_branch_python_dop_operator_3.py
[2024-11-18T16:59:39.185+0000] {processor.py:914} INFO - Processing file /home/airflow/.local/lib/python3.12/site-packages/airflow/example_dags/example_branch_python_dop_operator_3.py for tasks to queue
[2024-11-18T16:59:39.190+0000] {logging_mixin.py:190} INFO - [2024-11-18T16:59:39.189+0000] {dagbag.py:588} INFO - Filling up the DagBag from /home/airflow/.local/lib/python3.12/site-packages/airflow/example_dags/example_branch_python_dop_operator_3.py
[2024-11-18T16:59:39.204+0000] {processor.py:925} INFO - DAG(s) 'example_branch_dop_operator_v3' retrieved from /home/airflow/.local/lib/python3.12/site-packages/airflow/example_dags/example_branch_python_dop_operator_3.py
[2024-11-18T16:59:39.226+0000] {logging_mixin.py:190} INFO - [2024-11-18T16:59:39.226+0000] {dag.py:3239} INFO - Sync 1 DAGs
[2024-11-18T16:59:39.257+0000] {logging_mixin.py:190} INFO - [2024-11-18T16:59:39.256+0000] {dag.py:4180} INFO - Setting next_dagrun for example_branch_dop_operator_v3 to 2024-11-18 16:58:00+00:00, run_after=2024-11-18 16:59:00+00:00
[2024-11-18T16:59:39.281+0000] {processor.py:208} INFO - Processing /home/airflow/.local/lib/python3.12/site-packages/airflow/example_dags/example_branch_python_dop_operator_3.py took 0.104 seconds
[2024-11-18T17:00:10.983+0000] {processor.py:186} INFO - Started process (PID=2667) to work on /home/airflow/.local/lib/python3.12/site-packages/airflow/example_dags/example_branch_python_dop_operator_3.py
[2024-11-18T17:00:10.984+0000] {processor.py:914} INFO - Processing file /home/airflow/.local/lib/python3.12/site-packages/airflow/example_dags/example_branch_python_dop_operator_3.py for tasks to queue
[2024-11-18T17:00:10.987+0000] {logging_mixin.py:190} INFO - [2024-11-18T17:00:10.986+0000] {dagbag.py:588} INFO - Filling up the DagBag from /home/airflow/.local/lib/python3.12/site-packages/airflow/example_dags/example_branch_python_dop_operator_3.py
[2024-11-18T17:00:11.002+0000] {processor.py:925} INFO - DAG(s) 'example_branch_dop_operator_v3' retrieved from /home/airflow/.local/lib/python3.12/site-packages/airflow/example_dags/example_branch_python_dop_operator_3.py
[2024-11-18T17:00:11.026+0000] {logging_mixin.py:190} INFO - [2024-11-18T17:00:11.026+0000] {dag.py:3239} INFO - Sync 1 DAGs
[2024-11-18T17:00:11.065+0000] {logging_mixin.py:190} INFO - [2024-11-18T17:00:11.065+0000] {dag.py:4180} INFO - Setting next_dagrun for example_branch_dop_operator_v3 to 2024-11-18 16:59:00+00:00, run_after=2024-11-18 17:00:00+00:00
[2024-11-18T17:00:11.099+0000] {processor.py:208} INFO - Processing /home/airflow/.local/lib/python3.12/site-packages/airflow/example_dags/example_branch_python_dop_operator_3.py took 0.124 seconds
[2024-11-18T17:00:42.323+0000] {processor.py:186} INFO - Started process (PID=2729) to work on /home/airflow/.local/lib/python3.12/site-packages/airflow/example_dags/example_branch_python_dop_operator_3.py
[2024-11-18T17:00:42.324+0000] {processor.py:914} INFO - Processing file /home/airflow/.local/lib/python3.12/site-packages/airflow/example_dags/example_branch_python_dop_operator_3.py for tasks to queue
[2024-11-18T17:00:42.327+0000] {logging_mixin.py:190} INFO - [2024-11-18T17:00:42.327+0000] {dagbag.py:588} INFO - Filling up the DagBag from /home/airflow/.local/lib/python3.12/site-packages/airflow/example_dags/example_branch_python_dop_operator_3.py
[2024-11-18T17:00:42.340+0000] {processor.py:925} INFO - DAG(s) 'example_branch_dop_operator_v3' retrieved from /home/airflow/.local/lib/python3.12/site-packages/airflow/example_dags/example_branch_python_dop_operator_3.py
[2024-11-18T17:00:42.364+0000] {logging_mixin.py:190} INFO - [2024-11-18T17:00:42.364+0000] {dag.py:3239} INFO - Sync 1 DAGs
[2024-11-18T17:00:42.397+0000] {logging_mixin.py:190} INFO - [2024-11-18T17:00:42.397+0000] {dag.py:4180} INFO - Setting next_dagrun for example_branch_dop_operator_v3 to 2024-11-18 16:59:00+00:00, run_after=2024-11-18 17:00:00+00:00
[2024-11-18T17:00:42.420+0000] {processor.py:208} INFO - Processing /home/airflow/.local/lib/python3.12/site-packages/airflow/example_dags/example_branch_python_dop_operator_3.py took 0.104 seconds
[2024-11-18T17:02:31.843+0000] {processor.py:186} INFO - Started process (PID=98) to work on /home/airflow/.local/lib/python3.12/site-packages/airflow/example_dags/example_branch_python_dop_operator_3.py
[2024-11-18T17:02:31.845+0000] {processor.py:914} INFO - Processing file /home/airflow/.local/lib/python3.12/site-packages/airflow/example_dags/example_branch_python_dop_operator_3.py for tasks to queue
[2024-11-18T17:02:31.856+0000] {logging_mixin.py:190} INFO - [2024-11-18T17:02:31.850+0000] {dagbag.py:588} INFO - Filling up the DagBag from /home/airflow/.local/lib/python3.12/site-packages/airflow/example_dags/example_branch_python_dop_operator_3.py
[2024-11-18T17:02:31.878+0000] {processor.py:925} INFO - DAG(s) 'example_branch_dop_operator_v3' retrieved from /home/airflow/.local/lib/python3.12/site-packages/airflow/example_dags/example_branch_python_dop_operator_3.py
[2024-11-18T17:02:31.934+0000] {logging_mixin.py:190} INFO - [2024-11-18T17:02:31.933+0000] {dag.py:3239} INFO - Sync 1 DAGs
[2024-11-18T17:02:31.982+0000] {logging_mixin.py:190} INFO - [2024-11-18T17:02:31.982+0000] {dag.py:4180} INFO - Setting next_dagrun for example_branch_dop_operator_v3 to 2024-11-18 17:01:00+00:00, run_after=2024-11-18 17:02:00+00:00
[2024-11-18T17:02:32.008+0000] {processor.py:208} INFO - Processing /home/airflow/.local/lib/python3.12/site-packages/airflow/example_dags/example_branch_python_dop_operator_3.py took 0.175 seconds
