[2024-11-18T16:24:41.918+0000] {processor.py:186} INFO - Started process (PID=126) to work on /home/airflow/.local/lib/python3.12/site-packages/airflow/example_dags/example_latest_only_with_trigger.py
[2024-11-18T16:24:41.919+0000] {processor.py:914} INFO - Processing file /home/airflow/.local/lib/python3.12/site-packages/airflow/example_dags/example_latest_only_with_trigger.py for tasks to queue
[2024-11-18T16:24:41.923+0000] {logging_mixin.py:190} INFO - [2024-11-18T16:24:41.923+0000] {dagbag.py:588} INFO - Filling up the DagBag from /home/airflow/.local/lib/python3.12/site-packages/airflow/example_dags/example_latest_only_with_trigger.py
[2024-11-18T16:24:41.938+0000] {processor.py:925} INFO - DAG(s) 'latest_only_with_trigger' retrieved from /home/airflow/.local/lib/python3.12/site-packages/airflow/example_dags/example_latest_only_with_trigger.py
[2024-11-18T16:24:42.136+0000] {logging_mixin.py:190} INFO - [2024-11-18T16:24:42.135+0000] {override.py:1911} INFO - Created Permission View: can read on DAG:latest_only_with_trigger
[2024-11-18T16:24:42.152+0000] {logging_mixin.py:190} INFO - [2024-11-18T16:24:42.152+0000] {override.py:1911} INFO - Created Permission View: can edit on DAG:latest_only_with_trigger
[2024-11-18T16:24:42.169+0000] {logging_mixin.py:190} INFO - [2024-11-18T16:24:42.169+0000] {override.py:1911} INFO - Created Permission View: can delete on DAG:latest_only_with_trigger
[2024-11-18T16:24:42.183+0000] {logging_mixin.py:190} INFO - [2024-11-18T16:24:42.182+0000] {override.py:1911} INFO - Created Permission View: can read on DAG Run:latest_only_with_trigger
[2024-11-18T16:24:42.197+0000] {logging_mixin.py:190} INFO - [2024-11-18T16:24:42.196+0000] {override.py:1911} INFO - Created Permission View: menu access on DAG Run:latest_only_with_trigger
[2024-11-18T16:24:42.209+0000] {logging_mixin.py:190} INFO - [2024-11-18T16:24:42.209+0000] {override.py:1911} INFO - Created Permission View: can create on DAG Run:latest_only_with_trigger
[2024-11-18T16:24:42.223+0000] {logging_mixin.py:190} INFO - [2024-11-18T16:24:42.223+0000] {override.py:1911} INFO - Created Permission View: can delete on DAG Run:latest_only_with_trigger
[2024-11-18T16:24:42.224+0000] {logging_mixin.py:190} INFO - [2024-11-18T16:24:42.224+0000] {dag.py:3239} INFO - Sync 1 DAGs
[2024-11-18T16:24:42.249+0000] {logging_mixin.py:190} INFO - [2024-11-18T16:24:42.248+0000] {dag.py:3262} INFO - Creating ORM DAG for latest_only_with_trigger
[2024-11-18T16:24:42.268+0000] {logging_mixin.py:190} INFO - [2024-11-18T16:24:42.268+0000] {dag.py:4180} INFO - Setting next_dagrun for latest_only_with_trigger to 2024-11-18 12:00:00+00:00, run_after=2024-11-18 16:00:00+00:00
[2024-11-18T16:24:42.303+0000] {processor.py:208} INFO - Processing /home/airflow/.local/lib/python3.12/site-packages/airflow/example_dags/example_latest_only_with_trigger.py took 0.397 seconds
[2024-11-18T16:25:12.792+0000] {processor.py:186} INFO - Started process (PID=189) to work on /home/airflow/.local/lib/python3.12/site-packages/airflow/example_dags/example_latest_only_with_trigger.py
[2024-11-18T16:25:12.794+0000] {processor.py:914} INFO - Processing file /home/airflow/.local/lib/python3.12/site-packages/airflow/example_dags/example_latest_only_with_trigger.py for tasks to queue
[2024-11-18T16:25:12.797+0000] {logging_mixin.py:190} INFO - [2024-11-18T16:25:12.796+0000] {dagbag.py:588} INFO - Filling up the DagBag from /home/airflow/.local/lib/python3.12/site-packages/airflow/example_dags/example_latest_only_with_trigger.py
[2024-11-18T16:25:12.810+0000] {processor.py:925} INFO - DAG(s) 'latest_only_with_trigger' retrieved from /home/airflow/.local/lib/python3.12/site-packages/airflow/example_dags/example_latest_only_with_trigger.py
[2024-11-18T16:25:12.880+0000] {logging_mixin.py:190} INFO - [2024-11-18T16:25:12.880+0000] {dag.py:3239} INFO - Sync 1 DAGs
[2024-11-18T16:25:12.940+0000] {logging_mixin.py:190} INFO - [2024-11-18T16:25:12.940+0000] {dag.py:4180} INFO - Setting next_dagrun for latest_only_with_trigger to 2024-11-18 12:00:00+00:00, run_after=2024-11-18 16:00:00+00:00
[2024-11-18T16:25:12.982+0000] {processor.py:208} INFO - Processing /home/airflow/.local/lib/python3.12/site-packages/airflow/example_dags/example_latest_only_with_trigger.py took 0.197 seconds
[2024-11-18T16:25:43.080+0000] {processor.py:186} INFO - Started process (PID=252) to work on /home/airflow/.local/lib/python3.12/site-packages/airflow/example_dags/example_latest_only_with_trigger.py
[2024-11-18T16:25:43.082+0000] {processor.py:914} INFO - Processing file /home/airflow/.local/lib/python3.12/site-packages/airflow/example_dags/example_latest_only_with_trigger.py for tasks to queue
[2024-11-18T16:25:43.085+0000] {logging_mixin.py:190} INFO - [2024-11-18T16:25:43.084+0000] {dagbag.py:588} INFO - Filling up the DagBag from /home/airflow/.local/lib/python3.12/site-packages/airflow/example_dags/example_latest_only_with_trigger.py
[2024-11-18T16:25:43.098+0000] {processor.py:925} INFO - DAG(s) 'latest_only_with_trigger' retrieved from /home/airflow/.local/lib/python3.12/site-packages/airflow/example_dags/example_latest_only_with_trigger.py
[2024-11-18T16:25:43.127+0000] {logging_mixin.py:190} INFO - [2024-11-18T16:25:43.127+0000] {dag.py:3239} INFO - Sync 1 DAGs
[2024-11-18T16:25:43.157+0000] {logging_mixin.py:190} INFO - [2024-11-18T16:25:43.157+0000] {dag.py:4180} INFO - Setting next_dagrun for latest_only_with_trigger to 2024-11-18 12:00:00+00:00, run_after=2024-11-18 16:00:00+00:00
[2024-11-18T16:25:43.187+0000] {processor.py:208} INFO - Processing /home/airflow/.local/lib/python3.12/site-packages/airflow/example_dags/example_latest_only_with_trigger.py took 0.115 seconds
[2024-11-18T16:26:14.226+0000] {processor.py:186} INFO - Started process (PID=315) to work on /home/airflow/.local/lib/python3.12/site-packages/airflow/example_dags/example_latest_only_with_trigger.py
[2024-11-18T16:26:14.227+0000] {processor.py:914} INFO - Processing file /home/airflow/.local/lib/python3.12/site-packages/airflow/example_dags/example_latest_only_with_trigger.py for tasks to queue
[2024-11-18T16:26:14.230+0000] {logging_mixin.py:190} INFO - [2024-11-18T16:26:14.230+0000] {dagbag.py:588} INFO - Filling up the DagBag from /home/airflow/.local/lib/python3.12/site-packages/airflow/example_dags/example_latest_only_with_trigger.py
[2024-11-18T16:26:14.239+0000] {processor.py:925} INFO - DAG(s) 'latest_only_with_trigger' retrieved from /home/airflow/.local/lib/python3.12/site-packages/airflow/example_dags/example_latest_only_with_trigger.py
[2024-11-18T16:26:14.263+0000] {logging_mixin.py:190} INFO - [2024-11-18T16:26:14.263+0000] {dag.py:3239} INFO - Sync 1 DAGs
[2024-11-18T16:26:14.290+0000] {logging_mixin.py:190} INFO - [2024-11-18T16:26:14.290+0000] {dag.py:4180} INFO - Setting next_dagrun for latest_only_with_trigger to 2024-11-18 12:00:00+00:00, run_after=2024-11-18 16:00:00+00:00
[2024-11-18T16:26:14.312+0000] {processor.py:208} INFO - Processing /home/airflow/.local/lib/python3.12/site-packages/airflow/example_dags/example_latest_only_with_trigger.py took 0.093 seconds
[2024-11-18T16:26:44.509+0000] {processor.py:186} INFO - Started process (PID=378) to work on /home/airflow/.local/lib/python3.12/site-packages/airflow/example_dags/example_latest_only_with_trigger.py
[2024-11-18T16:26:44.511+0000] {processor.py:914} INFO - Processing file /home/airflow/.local/lib/python3.12/site-packages/airflow/example_dags/example_latest_only_with_trigger.py for tasks to queue
[2024-11-18T16:26:44.515+0000] {logging_mixin.py:190} INFO - [2024-11-18T16:26:44.515+0000] {dagbag.py:588} INFO - Filling up the DagBag from /home/airflow/.local/lib/python3.12/site-packages/airflow/example_dags/example_latest_only_with_trigger.py
[2024-11-18T16:26:44.529+0000] {processor.py:925} INFO - DAG(s) 'latest_only_with_trigger' retrieved from /home/airflow/.local/lib/python3.12/site-packages/airflow/example_dags/example_latest_only_with_trigger.py
[2024-11-18T16:26:44.562+0000] {logging_mixin.py:190} INFO - [2024-11-18T16:26:44.562+0000] {dag.py:3239} INFO - Sync 1 DAGs
[2024-11-18T16:26:44.594+0000] {logging_mixin.py:190} INFO - [2024-11-18T16:26:44.594+0000] {dag.py:4180} INFO - Setting next_dagrun for latest_only_with_trigger to 2024-11-18 12:00:00+00:00, run_after=2024-11-18 16:00:00+00:00
[2024-11-18T16:26:44.617+0000] {processor.py:208} INFO - Processing /home/airflow/.local/lib/python3.12/site-packages/airflow/example_dags/example_latest_only_with_trigger.py took 0.119 seconds
[2024-11-18T16:27:14.865+0000] {processor.py:186} INFO - Started process (PID=440) to work on /home/airflow/.local/lib/python3.12/site-packages/airflow/example_dags/example_latest_only_with_trigger.py
[2024-11-18T16:27:14.866+0000] {processor.py:914} INFO - Processing file /home/airflow/.local/lib/python3.12/site-packages/airflow/example_dags/example_latest_only_with_trigger.py for tasks to queue
[2024-11-18T16:27:14.869+0000] {logging_mixin.py:190} INFO - [2024-11-18T16:27:14.868+0000] {dagbag.py:588} INFO - Filling up the DagBag from /home/airflow/.local/lib/python3.12/site-packages/airflow/example_dags/example_latest_only_with_trigger.py
[2024-11-18T16:27:14.877+0000] {processor.py:925} INFO - DAG(s) 'latest_only_with_trigger' retrieved from /home/airflow/.local/lib/python3.12/site-packages/airflow/example_dags/example_latest_only_with_trigger.py
[2024-11-18T16:27:14.911+0000] {logging_mixin.py:190} INFO - [2024-11-18T16:27:14.910+0000] {dag.py:3239} INFO - Sync 1 DAGs
[2024-11-18T16:27:14.942+0000] {logging_mixin.py:190} INFO - [2024-11-18T16:27:14.942+0000] {dag.py:4180} INFO - Setting next_dagrun for latest_only_with_trigger to 2024-11-18 12:00:00+00:00, run_after=2024-11-18 16:00:00+00:00
[2024-11-18T16:27:14.967+0000] {processor.py:208} INFO - Processing /home/airflow/.local/lib/python3.12/site-packages/airflow/example_dags/example_latest_only_with_trigger.py took 0.109 seconds
[2024-11-18T16:27:46.064+0000] {processor.py:186} INFO - Started process (PID=503) to work on /home/airflow/.local/lib/python3.12/site-packages/airflow/example_dags/example_latest_only_with_trigger.py
[2024-11-18T16:27:46.065+0000] {processor.py:914} INFO - Processing file /home/airflow/.local/lib/python3.12/site-packages/airflow/example_dags/example_latest_only_with_trigger.py for tasks to queue
[2024-11-18T16:27:46.069+0000] {logging_mixin.py:190} INFO - [2024-11-18T16:27:46.068+0000] {dagbag.py:588} INFO - Filling up the DagBag from /home/airflow/.local/lib/python3.12/site-packages/airflow/example_dags/example_latest_only_with_trigger.py
[2024-11-18T16:27:46.082+0000] {processor.py:925} INFO - DAG(s) 'latest_only_with_trigger' retrieved from /home/airflow/.local/lib/python3.12/site-packages/airflow/example_dags/example_latest_only_with_trigger.py
[2024-11-18T16:27:46.140+0000] {logging_mixin.py:190} INFO - [2024-11-18T16:27:46.140+0000] {dag.py:3239} INFO - Sync 1 DAGs
[2024-11-18T16:27:46.187+0000] {logging_mixin.py:190} INFO - [2024-11-18T16:27:46.187+0000] {dag.py:4180} INFO - Setting next_dagrun for latest_only_with_trigger to 2024-11-18 12:00:00+00:00, run_after=2024-11-18 16:00:00+00:00
[2024-11-18T16:27:46.225+0000] {processor.py:208} INFO - Processing /home/airflow/.local/lib/python3.12/site-packages/airflow/example_dags/example_latest_only_with_trigger.py took 0.171 seconds
[2024-11-18T16:28:16.396+0000] {processor.py:186} INFO - Started process (PID=566) to work on /home/airflow/.local/lib/python3.12/site-packages/airflow/example_dags/example_latest_only_with_trigger.py
[2024-11-18T16:28:16.397+0000] {processor.py:914} INFO - Processing file /home/airflow/.local/lib/python3.12/site-packages/airflow/example_dags/example_latest_only_with_trigger.py for tasks to queue
[2024-11-18T16:28:16.400+0000] {logging_mixin.py:190} INFO - [2024-11-18T16:28:16.400+0000] {dagbag.py:588} INFO - Filling up the DagBag from /home/airflow/.local/lib/python3.12/site-packages/airflow/example_dags/example_latest_only_with_trigger.py
[2024-11-18T16:28:16.409+0000] {processor.py:925} INFO - DAG(s) 'latest_only_with_trigger' retrieved from /home/airflow/.local/lib/python3.12/site-packages/airflow/example_dags/example_latest_only_with_trigger.py
[2024-11-18T16:28:16.435+0000] {logging_mixin.py:190} INFO - [2024-11-18T16:28:16.435+0000] {dag.py:3239} INFO - Sync 1 DAGs
[2024-11-18T16:28:16.463+0000] {logging_mixin.py:190} INFO - [2024-11-18T16:28:16.462+0000] {dag.py:4180} INFO - Setting next_dagrun for latest_only_with_trigger to 2024-11-18 12:00:00+00:00, run_after=2024-11-18 16:00:00+00:00
[2024-11-18T16:28:16.481+0000] {processor.py:208} INFO - Processing /home/airflow/.local/lib/python3.12/site-packages/airflow/example_dags/example_latest_only_with_trigger.py took 0.093 seconds
[2024-11-18T16:28:47.381+0000] {processor.py:186} INFO - Started process (PID=629) to work on /home/airflow/.local/lib/python3.12/site-packages/airflow/example_dags/example_latest_only_with_trigger.py
[2024-11-18T16:28:47.382+0000] {processor.py:914} INFO - Processing file /home/airflow/.local/lib/python3.12/site-packages/airflow/example_dags/example_latest_only_with_trigger.py for tasks to queue
[2024-11-18T16:28:47.385+0000] {logging_mixin.py:190} INFO - [2024-11-18T16:28:47.385+0000] {dagbag.py:588} INFO - Filling up the DagBag from /home/airflow/.local/lib/python3.12/site-packages/airflow/example_dags/example_latest_only_with_trigger.py
[2024-11-18T16:28:47.395+0000] {processor.py:925} INFO - DAG(s) 'latest_only_with_trigger' retrieved from /home/airflow/.local/lib/python3.12/site-packages/airflow/example_dags/example_latest_only_with_trigger.py
[2024-11-18T16:28:47.423+0000] {logging_mixin.py:190} INFO - [2024-11-18T16:28:47.423+0000] {dag.py:3239} INFO - Sync 1 DAGs
[2024-11-18T16:28:47.452+0000] {logging_mixin.py:190} INFO - [2024-11-18T16:28:47.452+0000] {dag.py:4180} INFO - Setting next_dagrun for latest_only_with_trigger to 2024-11-18 12:00:00+00:00, run_after=2024-11-18 16:00:00+00:00
[2024-11-18T16:28:47.476+0000] {processor.py:208} INFO - Processing /home/airflow/.local/lib/python3.12/site-packages/airflow/example_dags/example_latest_only_with_trigger.py took 0.103 seconds
[2024-11-18T16:29:18.385+0000] {processor.py:186} INFO - Started process (PID=692) to work on /home/airflow/.local/lib/python3.12/site-packages/airflow/example_dags/example_latest_only_with_trigger.py
[2024-11-18T16:29:18.386+0000] {processor.py:914} INFO - Processing file /home/airflow/.local/lib/python3.12/site-packages/airflow/example_dags/example_latest_only_with_trigger.py for tasks to queue
[2024-11-18T16:29:18.389+0000] {logging_mixin.py:190} INFO - [2024-11-18T16:29:18.389+0000] {dagbag.py:588} INFO - Filling up the DagBag from /home/airflow/.local/lib/python3.12/site-packages/airflow/example_dags/example_latest_only_with_trigger.py
[2024-11-18T16:29:18.399+0000] {processor.py:925} INFO - DAG(s) 'latest_only_with_trigger' retrieved from /home/airflow/.local/lib/python3.12/site-packages/airflow/example_dags/example_latest_only_with_trigger.py
[2024-11-18T16:29:18.423+0000] {logging_mixin.py:190} INFO - [2024-11-18T16:29:18.423+0000] {dag.py:3239} INFO - Sync 1 DAGs
[2024-11-18T16:29:18.469+0000] {logging_mixin.py:190} INFO - [2024-11-18T16:29:18.468+0000] {dag.py:4180} INFO - Setting next_dagrun for latest_only_with_trigger to 2024-11-18 12:00:00+00:00, run_after=2024-11-18 16:00:00+00:00
[2024-11-18T16:29:18.559+0000] {processor.py:208} INFO - Processing /home/airflow/.local/lib/python3.12/site-packages/airflow/example_dags/example_latest_only_with_trigger.py took 0.180 seconds
[2024-11-18T16:29:48.591+0000] {processor.py:186} INFO - Started process (PID=754) to work on /home/airflow/.local/lib/python3.12/site-packages/airflow/example_dags/example_latest_only_with_trigger.py
[2024-11-18T16:29:48.592+0000] {processor.py:914} INFO - Processing file /home/airflow/.local/lib/python3.12/site-packages/airflow/example_dags/example_latest_only_with_trigger.py for tasks to queue
[2024-11-18T16:29:48.595+0000] {logging_mixin.py:190} INFO - [2024-11-18T16:29:48.595+0000] {dagbag.py:588} INFO - Filling up the DagBag from /home/airflow/.local/lib/python3.12/site-packages/airflow/example_dags/example_latest_only_with_trigger.py
[2024-11-18T16:29:48.603+0000] {processor.py:925} INFO - DAG(s) 'latest_only_with_trigger' retrieved from /home/airflow/.local/lib/python3.12/site-packages/airflow/example_dags/example_latest_only_with_trigger.py
[2024-11-18T16:29:48.627+0000] {logging_mixin.py:190} INFO - [2024-11-18T16:29:48.627+0000] {dag.py:3239} INFO - Sync 1 DAGs
[2024-11-18T16:29:48.652+0000] {logging_mixin.py:190} INFO - [2024-11-18T16:29:48.652+0000] {dag.py:4180} INFO - Setting next_dagrun for latest_only_with_trigger to 2024-11-18 12:00:00+00:00, run_after=2024-11-18 16:00:00+00:00
[2024-11-18T16:29:48.672+0000] {processor.py:208} INFO - Processing /home/airflow/.local/lib/python3.12/site-packages/airflow/example_dags/example_latest_only_with_trigger.py took 0.088 seconds
[2024-11-18T16:30:18.749+0000] {processor.py:186} INFO - Started process (PID=817) to work on /home/airflow/.local/lib/python3.12/site-packages/airflow/example_dags/example_latest_only_with_trigger.py
[2024-11-18T16:30:18.750+0000] {processor.py:914} INFO - Processing file /home/airflow/.local/lib/python3.12/site-packages/airflow/example_dags/example_latest_only_with_trigger.py for tasks to queue
[2024-11-18T16:30:18.754+0000] {logging_mixin.py:190} INFO - [2024-11-18T16:30:18.753+0000] {dagbag.py:588} INFO - Filling up the DagBag from /home/airflow/.local/lib/python3.12/site-packages/airflow/example_dags/example_latest_only_with_trigger.py
[2024-11-18T16:30:18.765+0000] {processor.py:925} INFO - DAG(s) 'latest_only_with_trigger' retrieved from /home/airflow/.local/lib/python3.12/site-packages/airflow/example_dags/example_latest_only_with_trigger.py
[2024-11-18T16:30:18.792+0000] {logging_mixin.py:190} INFO - [2024-11-18T16:30:18.792+0000] {dag.py:3239} INFO - Sync 1 DAGs
[2024-11-18T16:30:18.820+0000] {logging_mixin.py:190} INFO - [2024-11-18T16:30:18.820+0000] {dag.py:4180} INFO - Setting next_dagrun for latest_only_with_trigger to 2024-11-18 12:00:00+00:00, run_after=2024-11-18 16:00:00+00:00
[2024-11-18T16:30:18.849+0000] {processor.py:208} INFO - Processing /home/airflow/.local/lib/python3.12/site-packages/airflow/example_dags/example_latest_only_with_trigger.py took 0.110 seconds
[2024-11-18T16:30:48.975+0000] {processor.py:186} INFO - Started process (PID=880) to work on /home/airflow/.local/lib/python3.12/site-packages/airflow/example_dags/example_latest_only_with_trigger.py
[2024-11-18T16:30:48.977+0000] {processor.py:914} INFO - Processing file /home/airflow/.local/lib/python3.12/site-packages/airflow/example_dags/example_latest_only_with_trigger.py for tasks to queue
[2024-11-18T16:30:48.980+0000] {logging_mixin.py:190} INFO - [2024-11-18T16:30:48.980+0000] {dagbag.py:588} INFO - Filling up the DagBag from /home/airflow/.local/lib/python3.12/site-packages/airflow/example_dags/example_latest_only_with_trigger.py
[2024-11-18T16:30:48.993+0000] {processor.py:925} INFO - DAG(s) 'latest_only_with_trigger' retrieved from /home/airflow/.local/lib/python3.12/site-packages/airflow/example_dags/example_latest_only_with_trigger.py
[2024-11-18T16:30:49.026+0000] {logging_mixin.py:190} INFO - [2024-11-18T16:30:49.026+0000] {dag.py:3239} INFO - Sync 1 DAGs
[2024-11-18T16:30:49.062+0000] {logging_mixin.py:190} INFO - [2024-11-18T16:30:49.062+0000] {dag.py:4180} INFO - Setting next_dagrun for latest_only_with_trigger to 2024-11-18 12:00:00+00:00, run_after=2024-11-18 16:00:00+00:00
[2024-11-18T16:30:49.087+0000] {processor.py:208} INFO - Processing /home/airflow/.local/lib/python3.12/site-packages/airflow/example_dags/example_latest_only_with_trigger.py took 0.122 seconds
[2024-11-18T16:31:20.139+0000] {processor.py:186} INFO - Started process (PID=943) to work on /home/airflow/.local/lib/python3.12/site-packages/airflow/example_dags/example_latest_only_with_trigger.py
[2024-11-18T16:31:20.140+0000] {processor.py:914} INFO - Processing file /home/airflow/.local/lib/python3.12/site-packages/airflow/example_dags/example_latest_only_with_trigger.py for tasks to queue
[2024-11-18T16:31:20.143+0000] {logging_mixin.py:190} INFO - [2024-11-18T16:31:20.143+0000] {dagbag.py:588} INFO - Filling up the DagBag from /home/airflow/.local/lib/python3.12/site-packages/airflow/example_dags/example_latest_only_with_trigger.py
[2024-11-18T16:31:20.152+0000] {processor.py:925} INFO - DAG(s) 'latest_only_with_trigger' retrieved from /home/airflow/.local/lib/python3.12/site-packages/airflow/example_dags/example_latest_only_with_trigger.py
[2024-11-18T16:31:20.177+0000] {logging_mixin.py:190} INFO - [2024-11-18T16:31:20.177+0000] {dag.py:3239} INFO - Sync 1 DAGs
[2024-11-18T16:31:20.203+0000] {logging_mixin.py:190} INFO - [2024-11-18T16:31:20.202+0000] {dag.py:4180} INFO - Setting next_dagrun for latest_only_with_trigger to 2024-11-18 12:00:00+00:00, run_after=2024-11-18 16:00:00+00:00
[2024-11-18T16:31:20.225+0000] {processor.py:208} INFO - Processing /home/airflow/.local/lib/python3.12/site-packages/airflow/example_dags/example_latest_only_with_trigger.py took 0.093 seconds
[2024-11-18T16:31:51.523+0000] {processor.py:186} INFO - Started process (PID=1006) to work on /home/airflow/.local/lib/python3.12/site-packages/airflow/example_dags/example_latest_only_with_trigger.py
[2024-11-18T16:31:51.524+0000] {processor.py:914} INFO - Processing file /home/airflow/.local/lib/python3.12/site-packages/airflow/example_dags/example_latest_only_with_trigger.py for tasks to queue
[2024-11-18T16:31:51.527+0000] {logging_mixin.py:190} INFO - [2024-11-18T16:31:51.527+0000] {dagbag.py:588} INFO - Filling up the DagBag from /home/airflow/.local/lib/python3.12/site-packages/airflow/example_dags/example_latest_only_with_trigger.py
[2024-11-18T16:31:51.540+0000] {processor.py:925} INFO - DAG(s) 'latest_only_with_trigger' retrieved from /home/airflow/.local/lib/python3.12/site-packages/airflow/example_dags/example_latest_only_with_trigger.py
[2024-11-18T16:31:51.566+0000] {logging_mixin.py:190} INFO - [2024-11-18T16:31:51.566+0000] {dag.py:3239} INFO - Sync 1 DAGs
[2024-11-18T16:31:51.596+0000] {logging_mixin.py:190} INFO - [2024-11-18T16:31:51.596+0000] {dag.py:4180} INFO - Setting next_dagrun for latest_only_with_trigger to 2024-11-18 12:00:00+00:00, run_after=2024-11-18 16:00:00+00:00
[2024-11-18T16:31:51.618+0000] {processor.py:208} INFO - Processing /home/airflow/.local/lib/python3.12/site-packages/airflow/example_dags/example_latest_only_with_trigger.py took 0.102 seconds
[2024-11-18T16:32:23.065+0000] {processor.py:186} INFO - Started process (PID=1069) to work on /home/airflow/.local/lib/python3.12/site-packages/airflow/example_dags/example_latest_only_with_trigger.py
[2024-11-18T16:32:23.066+0000] {processor.py:914} INFO - Processing file /home/airflow/.local/lib/python3.12/site-packages/airflow/example_dags/example_latest_only_with_trigger.py for tasks to queue
[2024-11-18T16:32:23.068+0000] {logging_mixin.py:190} INFO - [2024-11-18T16:32:23.068+0000] {dagbag.py:588} INFO - Filling up the DagBag from /home/airflow/.local/lib/python3.12/site-packages/airflow/example_dags/example_latest_only_with_trigger.py
[2024-11-18T16:32:23.078+0000] {processor.py:925} INFO - DAG(s) 'latest_only_with_trigger' retrieved from /home/airflow/.local/lib/python3.12/site-packages/airflow/example_dags/example_latest_only_with_trigger.py
[2024-11-18T16:32:23.102+0000] {logging_mixin.py:190} INFO - [2024-11-18T16:32:23.102+0000] {dag.py:3239} INFO - Sync 1 DAGs
[2024-11-18T16:32:23.127+0000] {logging_mixin.py:190} INFO - [2024-11-18T16:32:23.127+0000] {dag.py:4180} INFO - Setting next_dagrun for latest_only_with_trigger to 2024-11-18 12:00:00+00:00, run_after=2024-11-18 16:00:00+00:00
[2024-11-18T16:32:23.148+0000] {processor.py:208} INFO - Processing /home/airflow/.local/lib/python3.12/site-packages/airflow/example_dags/example_latest_only_with_trigger.py took 0.090 seconds
[2024-11-18T16:32:55.295+0000] {processor.py:186} INFO - Started process (PID=1132) to work on /home/airflow/.local/lib/python3.12/site-packages/airflow/example_dags/example_latest_only_with_trigger.py
[2024-11-18T16:32:55.297+0000] {processor.py:914} INFO - Processing file /home/airflow/.local/lib/python3.12/site-packages/airflow/example_dags/example_latest_only_with_trigger.py for tasks to queue
[2024-11-18T16:32:55.300+0000] {logging_mixin.py:190} INFO - [2024-11-18T16:32:55.300+0000] {dagbag.py:588} INFO - Filling up the DagBag from /home/airflow/.local/lib/python3.12/site-packages/airflow/example_dags/example_latest_only_with_trigger.py
[2024-11-18T16:32:55.314+0000] {processor.py:925} INFO - DAG(s) 'latest_only_with_trigger' retrieved from /home/airflow/.local/lib/python3.12/site-packages/airflow/example_dags/example_latest_only_with_trigger.py
[2024-11-18T16:32:55.349+0000] {logging_mixin.py:190} INFO - [2024-11-18T16:32:55.349+0000] {dag.py:3239} INFO - Sync 1 DAGs
[2024-11-18T16:32:55.380+0000] {logging_mixin.py:190} INFO - [2024-11-18T16:32:55.379+0000] {dag.py:4180} INFO - Setting next_dagrun for latest_only_with_trigger to 2024-11-18 12:00:00+00:00, run_after=2024-11-18 16:00:00+00:00
[2024-11-18T16:32:55.412+0000] {processor.py:208} INFO - Processing /home/airflow/.local/lib/python3.12/site-packages/airflow/example_dags/example_latest_only_with_trigger.py took 0.125 seconds
[2024-11-18T16:33:26.435+0000] {processor.py:186} INFO - Started process (PID=1197) to work on /home/airflow/.local/lib/python3.12/site-packages/airflow/example_dags/example_latest_only_with_trigger.py
[2024-11-18T16:33:26.436+0000] {processor.py:914} INFO - Processing file /home/airflow/.local/lib/python3.12/site-packages/airflow/example_dags/example_latest_only_with_trigger.py for tasks to queue
[2024-11-18T16:33:26.439+0000] {logging_mixin.py:190} INFO - [2024-11-18T16:33:26.439+0000] {dagbag.py:588} INFO - Filling up the DagBag from /home/airflow/.local/lib/python3.12/site-packages/airflow/example_dags/example_latest_only_with_trigger.py
[2024-11-18T16:33:26.448+0000] {processor.py:925} INFO - DAG(s) 'latest_only_with_trigger' retrieved from /home/airflow/.local/lib/python3.12/site-packages/airflow/example_dags/example_latest_only_with_trigger.py
[2024-11-18T16:33:26.475+0000] {logging_mixin.py:190} INFO - [2024-11-18T16:33:26.475+0000] {dag.py:3239} INFO - Sync 1 DAGs
[2024-11-18T16:33:26.506+0000] {logging_mixin.py:190} INFO - [2024-11-18T16:33:26.506+0000] {dag.py:4180} INFO - Setting next_dagrun for latest_only_with_trigger to 2024-11-18 12:00:00+00:00, run_after=2024-11-18 16:00:00+00:00
[2024-11-18T16:33:26.528+0000] {processor.py:208} INFO - Processing /home/airflow/.local/lib/python3.12/site-packages/airflow/example_dags/example_latest_only_with_trigger.py took 0.100 seconds
[2024-11-18T16:33:59.804+0000] {processor.py:186} INFO - Started process (PID=1260) to work on /home/airflow/.local/lib/python3.12/site-packages/airflow/example_dags/example_latest_only_with_trigger.py
[2024-11-18T16:33:59.806+0000] {processor.py:914} INFO - Processing file /home/airflow/.local/lib/python3.12/site-packages/airflow/example_dags/example_latest_only_with_trigger.py for tasks to queue
[2024-11-18T16:33:59.811+0000] {logging_mixin.py:190} INFO - [2024-11-18T16:33:59.808+0000] {dagbag.py:588} INFO - Filling up the DagBag from /home/airflow/.local/lib/python3.12/site-packages/airflow/example_dags/example_latest_only_with_trigger.py
[2024-11-18T16:33:59.823+0000] {processor.py:925} INFO - DAG(s) 'latest_only_with_trigger' retrieved from /home/airflow/.local/lib/python3.12/site-packages/airflow/example_dags/example_latest_only_with_trigger.py
[2024-11-18T16:33:59.849+0000] {logging_mixin.py:190} INFO - [2024-11-18T16:33:59.849+0000] {dag.py:3239} INFO - Sync 1 DAGs
[2024-11-18T16:33:59.882+0000] {logging_mixin.py:190} INFO - [2024-11-18T16:33:59.882+0000] {dag.py:4180} INFO - Setting next_dagrun for latest_only_with_trigger to 2024-11-18 12:00:00+00:00, run_after=2024-11-18 16:00:00+00:00
[2024-11-18T16:33:59.911+0000] {processor.py:208} INFO - Processing /home/airflow/.local/lib/python3.12/site-packages/airflow/example_dags/example_latest_only_with_trigger.py took 0.115 seconds
[2024-11-18T16:34:30.174+0000] {processor.py:186} INFO - Started process (PID=1323) to work on /home/airflow/.local/lib/python3.12/site-packages/airflow/example_dags/example_latest_only_with_trigger.py
[2024-11-18T16:34:30.176+0000] {processor.py:914} INFO - Processing file /home/airflow/.local/lib/python3.12/site-packages/airflow/example_dags/example_latest_only_with_trigger.py for tasks to queue
[2024-11-18T16:34:30.179+0000] {logging_mixin.py:190} INFO - [2024-11-18T16:34:30.179+0000] {dagbag.py:588} INFO - Filling up the DagBag from /home/airflow/.local/lib/python3.12/site-packages/airflow/example_dags/example_latest_only_with_trigger.py
[2024-11-18T16:34:30.188+0000] {processor.py:925} INFO - DAG(s) 'latest_only_with_trigger' retrieved from /home/airflow/.local/lib/python3.12/site-packages/airflow/example_dags/example_latest_only_with_trigger.py
[2024-11-18T16:34:30.211+0000] {logging_mixin.py:190} INFO - [2024-11-18T16:34:30.211+0000] {dag.py:3239} INFO - Sync 1 DAGs
[2024-11-18T16:34:30.238+0000] {logging_mixin.py:190} INFO - [2024-11-18T16:34:30.238+0000] {dag.py:4180} INFO - Setting next_dagrun for latest_only_with_trigger to 2024-11-18 12:00:00+00:00, run_after=2024-11-18 16:00:00+00:00
[2024-11-18T16:34:30.269+0000] {processor.py:208} INFO - Processing /home/airflow/.local/lib/python3.12/site-packages/airflow/example_dags/example_latest_only_with_trigger.py took 0.101 seconds
[2024-11-18T16:39:20.419+0000] {processor.py:186} INFO - Started process (PID=128) to work on /home/airflow/.local/lib/python3.12/site-packages/airflow/example_dags/example_latest_only_with_trigger.py
[2024-11-18T16:39:20.421+0000] {processor.py:914} INFO - Processing file /home/airflow/.local/lib/python3.12/site-packages/airflow/example_dags/example_latest_only_with_trigger.py for tasks to queue
[2024-11-18T16:39:20.424+0000] {logging_mixin.py:190} INFO - [2024-11-18T16:39:20.424+0000] {dagbag.py:588} INFO - Filling up the DagBag from /home/airflow/.local/lib/python3.12/site-packages/airflow/example_dags/example_latest_only_with_trigger.py
[2024-11-18T16:39:20.436+0000] {processor.py:925} INFO - DAG(s) 'latest_only_with_trigger' retrieved from /home/airflow/.local/lib/python3.12/site-packages/airflow/example_dags/example_latest_only_with_trigger.py
[2024-11-18T16:39:20.478+0000] {logging_mixin.py:190} INFO - [2024-11-18T16:39:20.477+0000] {dag.py:3239} INFO - Sync 1 DAGs
[2024-11-18T16:39:20.514+0000] {logging_mixin.py:190} INFO - [2024-11-18T16:39:20.514+0000] {dag.py:4180} INFO - Setting next_dagrun for latest_only_with_trigger to 2024-11-18 12:00:00+00:00, run_after=2024-11-18 16:00:00+00:00
[2024-11-18T16:39:20.541+0000] {processor.py:208} INFO - Processing /home/airflow/.local/lib/python3.12/site-packages/airflow/example_dags/example_latest_only_with_trigger.py took 0.130 seconds
[2024-11-18T16:39:52.061+0000] {processor.py:186} INFO - Started process (PID=191) to work on /home/airflow/.local/lib/python3.12/site-packages/airflow/example_dags/example_latest_only_with_trigger.py
[2024-11-18T16:39:52.062+0000] {processor.py:914} INFO - Processing file /home/airflow/.local/lib/python3.12/site-packages/airflow/example_dags/example_latest_only_with_trigger.py for tasks to queue
[2024-11-18T16:39:52.065+0000] {logging_mixin.py:190} INFO - [2024-11-18T16:39:52.065+0000] {dagbag.py:588} INFO - Filling up the DagBag from /home/airflow/.local/lib/python3.12/site-packages/airflow/example_dags/example_latest_only_with_trigger.py
[2024-11-18T16:39:52.078+0000] {processor.py:925} INFO - DAG(s) 'latest_only_with_trigger' retrieved from /home/airflow/.local/lib/python3.12/site-packages/airflow/example_dags/example_latest_only_with_trigger.py
[2024-11-18T16:39:52.105+0000] {logging_mixin.py:190} INFO - [2024-11-18T16:39:52.104+0000] {dag.py:3239} INFO - Sync 1 DAGs
[2024-11-18T16:39:52.131+0000] {logging_mixin.py:190} INFO - [2024-11-18T16:39:52.131+0000] {dag.py:4180} INFO - Setting next_dagrun for latest_only_with_trigger to 2024-11-18 12:00:00+00:00, run_after=2024-11-18 16:00:00+00:00
[2024-11-18T16:39:52.155+0000] {processor.py:208} INFO - Processing /home/airflow/.local/lib/python3.12/site-packages/airflow/example_dags/example_latest_only_with_trigger.py took 0.102 seconds
[2024-11-18T16:40:24.728+0000] {processor.py:186} INFO - Started process (PID=254) to work on /home/airflow/.local/lib/python3.12/site-packages/airflow/example_dags/example_latest_only_with_trigger.py
[2024-11-18T16:40:24.730+0000] {processor.py:914} INFO - Processing file /home/airflow/.local/lib/python3.12/site-packages/airflow/example_dags/example_latest_only_with_trigger.py for tasks to queue
[2024-11-18T16:40:24.734+0000] {logging_mixin.py:190} INFO - [2024-11-18T16:40:24.733+0000] {dagbag.py:588} INFO - Filling up the DagBag from /home/airflow/.local/lib/python3.12/site-packages/airflow/example_dags/example_latest_only_with_trigger.py
[2024-11-18T16:40:24.747+0000] {processor.py:925} INFO - DAG(s) 'latest_only_with_trigger' retrieved from /home/airflow/.local/lib/python3.12/site-packages/airflow/example_dags/example_latest_only_with_trigger.py
[2024-11-18T16:40:24.777+0000] {logging_mixin.py:190} INFO - [2024-11-18T16:40:24.777+0000] {dag.py:3239} INFO - Sync 1 DAGs
[2024-11-18T16:40:24.811+0000] {logging_mixin.py:190} INFO - [2024-11-18T16:40:24.811+0000] {dag.py:4180} INFO - Setting next_dagrun for latest_only_with_trigger to 2024-11-18 12:00:00+00:00, run_after=2024-11-18 16:00:00+00:00
[2024-11-18T16:40:24.833+0000] {processor.py:208} INFO - Processing /home/airflow/.local/lib/python3.12/site-packages/airflow/example_dags/example_latest_only_with_trigger.py took 0.113 seconds
[2024-11-18T16:40:55.222+0000] {processor.py:186} INFO - Started process (PID=317) to work on /home/airflow/.local/lib/python3.12/site-packages/airflow/example_dags/example_latest_only_with_trigger.py
[2024-11-18T16:40:55.223+0000] {processor.py:914} INFO - Processing file /home/airflow/.local/lib/python3.12/site-packages/airflow/example_dags/example_latest_only_with_trigger.py for tasks to queue
[2024-11-18T16:40:55.226+0000] {logging_mixin.py:190} INFO - [2024-11-18T16:40:55.225+0000] {dagbag.py:588} INFO - Filling up the DagBag from /home/airflow/.local/lib/python3.12/site-packages/airflow/example_dags/example_latest_only_with_trigger.py
[2024-11-18T16:40:55.235+0000] {processor.py:925} INFO - DAG(s) 'latest_only_with_trigger' retrieved from /home/airflow/.local/lib/python3.12/site-packages/airflow/example_dags/example_latest_only_with_trigger.py
[2024-11-18T16:40:55.257+0000] {logging_mixin.py:190} INFO - [2024-11-18T16:40:55.257+0000] {dag.py:3239} INFO - Sync 1 DAGs
[2024-11-18T16:40:55.284+0000] {logging_mixin.py:190} INFO - [2024-11-18T16:40:55.284+0000] {dag.py:4180} INFO - Setting next_dagrun for latest_only_with_trigger to 2024-11-18 12:00:00+00:00, run_after=2024-11-18 16:00:00+00:00
[2024-11-18T16:40:55.303+0000] {processor.py:208} INFO - Processing /home/airflow/.local/lib/python3.12/site-packages/airflow/example_dags/example_latest_only_with_trigger.py took 0.088 seconds
[2024-11-18T16:41:25.977+0000] {processor.py:186} INFO - Started process (PID=380) to work on /home/airflow/.local/lib/python3.12/site-packages/airflow/example_dags/example_latest_only_with_trigger.py
[2024-11-18T16:41:25.978+0000] {processor.py:914} INFO - Processing file /home/airflow/.local/lib/python3.12/site-packages/airflow/example_dags/example_latest_only_with_trigger.py for tasks to queue
[2024-11-18T16:41:25.981+0000] {logging_mixin.py:190} INFO - [2024-11-18T16:41:25.980+0000] {dagbag.py:588} INFO - Filling up the DagBag from /home/airflow/.local/lib/python3.12/site-packages/airflow/example_dags/example_latest_only_with_trigger.py
[2024-11-18T16:41:25.990+0000] {processor.py:925} INFO - DAG(s) 'latest_only_with_trigger' retrieved from /home/airflow/.local/lib/python3.12/site-packages/airflow/example_dags/example_latest_only_with_trigger.py
[2024-11-18T16:41:26.013+0000] {logging_mixin.py:190} INFO - [2024-11-18T16:41:26.013+0000] {dag.py:3239} INFO - Sync 1 DAGs
[2024-11-18T16:41:26.042+0000] {logging_mixin.py:190} INFO - [2024-11-18T16:41:26.041+0000] {dag.py:4180} INFO - Setting next_dagrun for latest_only_with_trigger to 2024-11-18 12:00:00+00:00, run_after=2024-11-18 16:00:00+00:00
[2024-11-18T16:41:26.063+0000] {processor.py:208} INFO - Processing /home/airflow/.local/lib/python3.12/site-packages/airflow/example_dags/example_latest_only_with_trigger.py took 0.093 seconds
[2024-11-18T16:41:56.554+0000] {processor.py:186} INFO - Started process (PID=443) to work on /home/airflow/.local/lib/python3.12/site-packages/airflow/example_dags/example_latest_only_with_trigger.py
[2024-11-18T16:41:56.555+0000] {processor.py:914} INFO - Processing file /home/airflow/.local/lib/python3.12/site-packages/airflow/example_dags/example_latest_only_with_trigger.py for tasks to queue
[2024-11-18T16:41:56.558+0000] {logging_mixin.py:190} INFO - [2024-11-18T16:41:56.558+0000] {dagbag.py:588} INFO - Filling up the DagBag from /home/airflow/.local/lib/python3.12/site-packages/airflow/example_dags/example_latest_only_with_trigger.py
[2024-11-18T16:41:56.566+0000] {processor.py:925} INFO - DAG(s) 'latest_only_with_trigger' retrieved from /home/airflow/.local/lib/python3.12/site-packages/airflow/example_dags/example_latest_only_with_trigger.py
[2024-11-18T16:41:56.590+0000] {logging_mixin.py:190} INFO - [2024-11-18T16:41:56.590+0000] {dag.py:3239} INFO - Sync 1 DAGs
[2024-11-18T16:41:56.616+0000] {logging_mixin.py:190} INFO - [2024-11-18T16:41:56.616+0000] {dag.py:4180} INFO - Setting next_dagrun for latest_only_with_trigger to 2024-11-18 12:00:00+00:00, run_after=2024-11-18 16:00:00+00:00
[2024-11-18T16:41:56.636+0000] {processor.py:208} INFO - Processing /home/airflow/.local/lib/python3.12/site-packages/airflow/example_dags/example_latest_only_with_trigger.py took 0.090 seconds
[2024-11-18T16:42:26.958+0000] {processor.py:186} INFO - Started process (PID=505) to work on /home/airflow/.local/lib/python3.12/site-packages/airflow/example_dags/example_latest_only_with_trigger.py
[2024-11-18T16:42:26.960+0000] {processor.py:914} INFO - Processing file /home/airflow/.local/lib/python3.12/site-packages/airflow/example_dags/example_latest_only_with_trigger.py for tasks to queue
[2024-11-18T16:42:26.962+0000] {logging_mixin.py:190} INFO - [2024-11-18T16:42:26.962+0000] {dagbag.py:588} INFO - Filling up the DagBag from /home/airflow/.local/lib/python3.12/site-packages/airflow/example_dags/example_latest_only_with_trigger.py
[2024-11-18T16:42:26.972+0000] {processor.py:925} INFO - DAG(s) 'latest_only_with_trigger' retrieved from /home/airflow/.local/lib/python3.12/site-packages/airflow/example_dags/example_latest_only_with_trigger.py
[2024-11-18T16:42:26.997+0000] {logging_mixin.py:190} INFO - [2024-11-18T16:42:26.996+0000] {dag.py:3239} INFO - Sync 1 DAGs
[2024-11-18T16:42:27.025+0000] {logging_mixin.py:190} INFO - [2024-11-18T16:42:27.024+0000] {dag.py:4180} INFO - Setting next_dagrun for latest_only_with_trigger to 2024-11-18 12:00:00+00:00, run_after=2024-11-18 16:00:00+00:00
[2024-11-18T16:42:27.046+0000] {processor.py:208} INFO - Processing /home/airflow/.local/lib/python3.12/site-packages/airflow/example_dags/example_latest_only_with_trigger.py took 0.095 seconds
[2024-11-18T16:42:57.763+0000] {processor.py:186} INFO - Started process (PID=567) to work on /home/airflow/.local/lib/python3.12/site-packages/airflow/example_dags/example_latest_only_with_trigger.py
[2024-11-18T16:42:57.764+0000] {processor.py:914} INFO - Processing file /home/airflow/.local/lib/python3.12/site-packages/airflow/example_dags/example_latest_only_with_trigger.py for tasks to queue
[2024-11-18T16:42:57.767+0000] {logging_mixin.py:190} INFO - [2024-11-18T16:42:57.766+0000] {dagbag.py:588} INFO - Filling up the DagBag from /home/airflow/.local/lib/python3.12/site-packages/airflow/example_dags/example_latest_only_with_trigger.py
[2024-11-18T16:42:57.778+0000] {processor.py:925} INFO - DAG(s) 'latest_only_with_trigger' retrieved from /home/airflow/.local/lib/python3.12/site-packages/airflow/example_dags/example_latest_only_with_trigger.py
[2024-11-18T16:42:57.804+0000] {logging_mixin.py:190} INFO - [2024-11-18T16:42:57.804+0000] {dag.py:3239} INFO - Sync 1 DAGs
[2024-11-18T16:42:57.832+0000] {logging_mixin.py:190} INFO - [2024-11-18T16:42:57.832+0000] {dag.py:4180} INFO - Setting next_dagrun for latest_only_with_trigger to 2024-11-18 12:00:00+00:00, run_after=2024-11-18 16:00:00+00:00
[2024-11-18T16:42:57.857+0000] {processor.py:208} INFO - Processing /home/airflow/.local/lib/python3.12/site-packages/airflow/example_dags/example_latest_only_with_trigger.py took 0.102 seconds
[2024-11-18T16:43:28.950+0000] {processor.py:186} INFO - Started process (PID=630) to work on /home/airflow/.local/lib/python3.12/site-packages/airflow/example_dags/example_latest_only_with_trigger.py
[2024-11-18T16:43:28.952+0000] {processor.py:914} INFO - Processing file /home/airflow/.local/lib/python3.12/site-packages/airflow/example_dags/example_latest_only_with_trigger.py for tasks to queue
[2024-11-18T16:43:28.956+0000] {logging_mixin.py:190} INFO - [2024-11-18T16:43:28.955+0000] {dagbag.py:588} INFO - Filling up the DagBag from /home/airflow/.local/lib/python3.12/site-packages/airflow/example_dags/example_latest_only_with_trigger.py
[2024-11-18T16:43:28.965+0000] {processor.py:925} INFO - DAG(s) 'latest_only_with_trigger' retrieved from /home/airflow/.local/lib/python3.12/site-packages/airflow/example_dags/example_latest_only_with_trigger.py
[2024-11-18T16:43:28.990+0000] {logging_mixin.py:190} INFO - [2024-11-18T16:43:28.990+0000] {dag.py:3239} INFO - Sync 1 DAGs
[2024-11-18T16:43:29.017+0000] {logging_mixin.py:190} INFO - [2024-11-18T16:43:29.017+0000] {dag.py:4180} INFO - Setting next_dagrun for latest_only_with_trigger to 2024-11-18 12:00:00+00:00, run_after=2024-11-18 16:00:00+00:00
[2024-11-18T16:43:29.040+0000] {processor.py:208} INFO - Processing /home/airflow/.local/lib/python3.12/site-packages/airflow/example_dags/example_latest_only_with_trigger.py took 0.098 seconds
[2024-11-18T16:43:59.168+0000] {processor.py:186} INFO - Started process (PID=693) to work on /home/airflow/.local/lib/python3.12/site-packages/airflow/example_dags/example_latest_only_with_trigger.py
[2024-11-18T16:43:59.171+0000] {processor.py:914} INFO - Processing file /home/airflow/.local/lib/python3.12/site-packages/airflow/example_dags/example_latest_only_with_trigger.py for tasks to queue
[2024-11-18T16:43:59.174+0000] {logging_mixin.py:190} INFO - [2024-11-18T16:43:59.174+0000] {dagbag.py:588} INFO - Filling up the DagBag from /home/airflow/.local/lib/python3.12/site-packages/airflow/example_dags/example_latest_only_with_trigger.py
[2024-11-18T16:43:59.183+0000] {processor.py:925} INFO - DAG(s) 'latest_only_with_trigger' retrieved from /home/airflow/.local/lib/python3.12/site-packages/airflow/example_dags/example_latest_only_with_trigger.py
[2024-11-18T16:43:59.205+0000] {logging_mixin.py:190} INFO - [2024-11-18T16:43:59.205+0000] {dag.py:3239} INFO - Sync 1 DAGs
[2024-11-18T16:43:59.231+0000] {logging_mixin.py:190} INFO - [2024-11-18T16:43:59.231+0000] {dag.py:4180} INFO - Setting next_dagrun for latest_only_with_trigger to 2024-11-18 12:00:00+00:00, run_after=2024-11-18 16:00:00+00:00
[2024-11-18T16:43:59.250+0000] {processor.py:208} INFO - Processing /home/airflow/.local/lib/python3.12/site-packages/airflow/example_dags/example_latest_only_with_trigger.py took 0.089 seconds
[2024-11-18T16:44:29.374+0000] {processor.py:186} INFO - Started process (PID=755) to work on /home/airflow/.local/lib/python3.12/site-packages/airflow/example_dags/example_latest_only_with_trigger.py
[2024-11-18T16:44:29.376+0000] {processor.py:914} INFO - Processing file /home/airflow/.local/lib/python3.12/site-packages/airflow/example_dags/example_latest_only_with_trigger.py for tasks to queue
[2024-11-18T16:44:29.379+0000] {logging_mixin.py:190} INFO - [2024-11-18T16:44:29.378+0000] {dagbag.py:588} INFO - Filling up the DagBag from /home/airflow/.local/lib/python3.12/site-packages/airflow/example_dags/example_latest_only_with_trigger.py
[2024-11-18T16:44:29.392+0000] {processor.py:925} INFO - DAG(s) 'latest_only_with_trigger' retrieved from /home/airflow/.local/lib/python3.12/site-packages/airflow/example_dags/example_latest_only_with_trigger.py
[2024-11-18T16:44:29.425+0000] {logging_mixin.py:190} INFO - [2024-11-18T16:44:29.424+0000] {dag.py:3239} INFO - Sync 1 DAGs
[2024-11-18T16:44:29.461+0000] {logging_mixin.py:190} INFO - [2024-11-18T16:44:29.461+0000] {dag.py:4180} INFO - Setting next_dagrun for latest_only_with_trigger to 2024-11-18 12:00:00+00:00, run_after=2024-11-18 16:00:00+00:00
[2024-11-18T16:44:29.487+0000] {processor.py:208} INFO - Processing /home/airflow/.local/lib/python3.12/site-packages/airflow/example_dags/example_latest_only_with_trigger.py took 0.123 seconds
[2024-11-18T16:44:59.730+0000] {processor.py:186} INFO - Started process (PID=818) to work on /home/airflow/.local/lib/python3.12/site-packages/airflow/example_dags/example_latest_only_with_trigger.py
[2024-11-18T16:44:59.732+0000] {processor.py:914} INFO - Processing file /home/airflow/.local/lib/python3.12/site-packages/airflow/example_dags/example_latest_only_with_trigger.py for tasks to queue
[2024-11-18T16:44:59.736+0000] {logging_mixin.py:190} INFO - [2024-11-18T16:44:59.735+0000] {dagbag.py:588} INFO - Filling up the DagBag from /home/airflow/.local/lib/python3.12/site-packages/airflow/example_dags/example_latest_only_with_trigger.py
[2024-11-18T16:44:59.756+0000] {processor.py:925} INFO - DAG(s) 'latest_only_with_trigger' retrieved from /home/airflow/.local/lib/python3.12/site-packages/airflow/example_dags/example_latest_only_with_trigger.py
[2024-11-18T16:44:59.793+0000] {logging_mixin.py:190} INFO - [2024-11-18T16:44:59.792+0000] {dag.py:3239} INFO - Sync 1 DAGs
[2024-11-18T16:44:59.822+0000] {logging_mixin.py:190} INFO - [2024-11-18T16:44:59.821+0000] {dag.py:4180} INFO - Setting next_dagrun for latest_only_with_trigger to 2024-11-18 12:00:00+00:00, run_after=2024-11-18 16:00:00+00:00
[2024-11-18T16:44:59.844+0000] {processor.py:208} INFO - Processing /home/airflow/.local/lib/python3.12/site-packages/airflow/example_dags/example_latest_only_with_trigger.py took 0.124 seconds
[2024-11-18T16:45:30.641+0000] {processor.py:186} INFO - Started process (PID=880) to work on /home/airflow/.local/lib/python3.12/site-packages/airflow/example_dags/example_latest_only_with_trigger.py
[2024-11-18T16:45:30.642+0000] {processor.py:914} INFO - Processing file /home/airflow/.local/lib/python3.12/site-packages/airflow/example_dags/example_latest_only_with_trigger.py for tasks to queue
[2024-11-18T16:45:30.646+0000] {logging_mixin.py:190} INFO - [2024-11-18T16:45:30.645+0000] {dagbag.py:588} INFO - Filling up the DagBag from /home/airflow/.local/lib/python3.12/site-packages/airflow/example_dags/example_latest_only_with_trigger.py
[2024-11-18T16:45:30.657+0000] {processor.py:925} INFO - DAG(s) 'latest_only_with_trigger' retrieved from /home/airflow/.local/lib/python3.12/site-packages/airflow/example_dags/example_latest_only_with_trigger.py
[2024-11-18T16:45:30.688+0000] {logging_mixin.py:190} INFO - [2024-11-18T16:45:30.688+0000] {dag.py:3239} INFO - Sync 1 DAGs
[2024-11-18T16:45:30.720+0000] {logging_mixin.py:190} INFO - [2024-11-18T16:45:30.720+0000] {dag.py:4180} INFO - Setting next_dagrun for latest_only_with_trigger to 2024-11-18 12:00:00+00:00, run_after=2024-11-18 16:00:00+00:00
[2024-11-18T16:45:30.749+0000] {processor.py:208} INFO - Processing /home/airflow/.local/lib/python3.12/site-packages/airflow/example_dags/example_latest_only_with_trigger.py took 0.118 seconds
[2024-11-18T16:46:00.919+0000] {processor.py:186} INFO - Started process (PID=942) to work on /home/airflow/.local/lib/python3.12/site-packages/airflow/example_dags/example_latest_only_with_trigger.py
[2024-11-18T16:46:00.920+0000] {processor.py:914} INFO - Processing file /home/airflow/.local/lib/python3.12/site-packages/airflow/example_dags/example_latest_only_with_trigger.py for tasks to queue
[2024-11-18T16:46:00.923+0000] {logging_mixin.py:190} INFO - [2024-11-18T16:46:00.923+0000] {dagbag.py:588} INFO - Filling up the DagBag from /home/airflow/.local/lib/python3.12/site-packages/airflow/example_dags/example_latest_only_with_trigger.py
[2024-11-18T16:46:00.933+0000] {processor.py:925} INFO - DAG(s) 'latest_only_with_trigger' retrieved from /home/airflow/.local/lib/python3.12/site-packages/airflow/example_dags/example_latest_only_with_trigger.py
[2024-11-18T16:46:00.956+0000] {logging_mixin.py:190} INFO - [2024-11-18T16:46:00.956+0000] {dag.py:3239} INFO - Sync 1 DAGs
[2024-11-18T16:46:00.984+0000] {logging_mixin.py:190} INFO - [2024-11-18T16:46:00.983+0000] {dag.py:4180} INFO - Setting next_dagrun for latest_only_with_trigger to 2024-11-18 12:00:00+00:00, run_after=2024-11-18 16:00:00+00:00
[2024-11-18T16:46:01.003+0000] {processor.py:208} INFO - Processing /home/airflow/.local/lib/python3.12/site-packages/airflow/example_dags/example_latest_only_with_trigger.py took 0.090 seconds
[2024-11-18T16:46:32.057+0000] {processor.py:186} INFO - Started process (PID=1005) to work on /home/airflow/.local/lib/python3.12/site-packages/airflow/example_dags/example_latest_only_with_trigger.py
[2024-11-18T16:46:32.058+0000] {processor.py:914} INFO - Processing file /home/airflow/.local/lib/python3.12/site-packages/airflow/example_dags/example_latest_only_with_trigger.py for tasks to queue
[2024-11-18T16:46:32.061+0000] {logging_mixin.py:190} INFO - [2024-11-18T16:46:32.061+0000] {dagbag.py:588} INFO - Filling up the DagBag from /home/airflow/.local/lib/python3.12/site-packages/airflow/example_dags/example_latest_only_with_trigger.py
[2024-11-18T16:46:32.070+0000] {processor.py:925} INFO - DAG(s) 'latest_only_with_trigger' retrieved from /home/airflow/.local/lib/python3.12/site-packages/airflow/example_dags/example_latest_only_with_trigger.py
[2024-11-18T16:46:32.097+0000] {logging_mixin.py:190} INFO - [2024-11-18T16:46:32.096+0000] {dag.py:3239} INFO - Sync 1 DAGs
[2024-11-18T16:46:32.127+0000] {logging_mixin.py:190} INFO - [2024-11-18T16:46:32.127+0000] {dag.py:4180} INFO - Setting next_dagrun for latest_only_with_trigger to 2024-11-18 12:00:00+00:00, run_after=2024-11-18 16:00:00+00:00
[2024-11-18T16:46:32.149+0000] {processor.py:208} INFO - Processing /home/airflow/.local/lib/python3.12/site-packages/airflow/example_dags/example_latest_only_with_trigger.py took 0.099 seconds
[2024-11-18T16:47:03.434+0000] {processor.py:186} INFO - Started process (PID=1068) to work on /home/airflow/.local/lib/python3.12/site-packages/airflow/example_dags/example_latest_only_with_trigger.py
[2024-11-18T16:47:03.435+0000] {processor.py:914} INFO - Processing file /home/airflow/.local/lib/python3.12/site-packages/airflow/example_dags/example_latest_only_with_trigger.py for tasks to queue
[2024-11-18T16:47:03.438+0000] {logging_mixin.py:190} INFO - [2024-11-18T16:47:03.438+0000] {dagbag.py:588} INFO - Filling up the DagBag from /home/airflow/.local/lib/python3.12/site-packages/airflow/example_dags/example_latest_only_with_trigger.py
[2024-11-18T16:47:03.450+0000] {processor.py:925} INFO - DAG(s) 'latest_only_with_trigger' retrieved from /home/airflow/.local/lib/python3.12/site-packages/airflow/example_dags/example_latest_only_with_trigger.py
[2024-11-18T16:47:03.489+0000] {logging_mixin.py:190} INFO - [2024-11-18T16:47:03.489+0000] {dag.py:3239} INFO - Sync 1 DAGs
[2024-11-18T16:47:03.527+0000] {logging_mixin.py:190} INFO - [2024-11-18T16:47:03.527+0000] {dag.py:4180} INFO - Setting next_dagrun for latest_only_with_trigger to 2024-11-18 12:00:00+00:00, run_after=2024-11-18 16:00:00+00:00
[2024-11-18T16:47:03.550+0000] {processor.py:208} INFO - Processing /home/airflow/.local/lib/python3.12/site-packages/airflow/example_dags/example_latest_only_with_trigger.py took 0.131 seconds
[2024-11-18T16:47:34.575+0000] {processor.py:186} INFO - Started process (PID=1131) to work on /home/airflow/.local/lib/python3.12/site-packages/airflow/example_dags/example_latest_only_with_trigger.py
[2024-11-18T16:47:34.576+0000] {processor.py:914} INFO - Processing file /home/airflow/.local/lib/python3.12/site-packages/airflow/example_dags/example_latest_only_with_trigger.py for tasks to queue
[2024-11-18T16:47:34.579+0000] {logging_mixin.py:190} INFO - [2024-11-18T16:47:34.579+0000] {dagbag.py:588} INFO - Filling up the DagBag from /home/airflow/.local/lib/python3.12/site-packages/airflow/example_dags/example_latest_only_with_trigger.py
[2024-11-18T16:47:34.589+0000] {processor.py:925} INFO - DAG(s) 'latest_only_with_trigger' retrieved from /home/airflow/.local/lib/python3.12/site-packages/airflow/example_dags/example_latest_only_with_trigger.py
[2024-11-18T16:47:34.616+0000] {logging_mixin.py:190} INFO - [2024-11-18T16:47:34.616+0000] {dag.py:3239} INFO - Sync 1 DAGs
[2024-11-18T16:47:34.644+0000] {logging_mixin.py:190} INFO - [2024-11-18T16:47:34.644+0000] {dag.py:4180} INFO - Setting next_dagrun for latest_only_with_trigger to 2024-11-18 12:00:00+00:00, run_after=2024-11-18 16:00:00+00:00
[2024-11-18T16:47:34.667+0000] {processor.py:208} INFO - Processing /home/airflow/.local/lib/python3.12/site-packages/airflow/example_dags/example_latest_only_with_trigger.py took 0.100 seconds
[2024-11-18T16:48:06.145+0000] {processor.py:186} INFO - Started process (PID=1194) to work on /home/airflow/.local/lib/python3.12/site-packages/airflow/example_dags/example_latest_only_with_trigger.py
[2024-11-18T16:48:06.146+0000] {processor.py:914} INFO - Processing file /home/airflow/.local/lib/python3.12/site-packages/airflow/example_dags/example_latest_only_with_trigger.py for tasks to queue
[2024-11-18T16:48:06.149+0000] {logging_mixin.py:190} INFO - [2024-11-18T16:48:06.148+0000] {dagbag.py:588} INFO - Filling up the DagBag from /home/airflow/.local/lib/python3.12/site-packages/airflow/example_dags/example_latest_only_with_trigger.py
[2024-11-18T16:48:06.162+0000] {processor.py:925} INFO - DAG(s) 'latest_only_with_trigger' retrieved from /home/airflow/.local/lib/python3.12/site-packages/airflow/example_dags/example_latest_only_with_trigger.py
[2024-11-18T16:48:06.192+0000] {logging_mixin.py:190} INFO - [2024-11-18T16:48:06.191+0000] {dag.py:3239} INFO - Sync 1 DAGs
[2024-11-18T16:48:06.222+0000] {logging_mixin.py:190} INFO - [2024-11-18T16:48:06.222+0000] {dag.py:4180} INFO - Setting next_dagrun for latest_only_with_trigger to 2024-11-18 12:00:00+00:00, run_after=2024-11-18 16:00:00+00:00
[2024-11-18T16:48:06.247+0000] {processor.py:208} INFO - Processing /home/airflow/.local/lib/python3.12/site-packages/airflow/example_dags/example_latest_only_with_trigger.py took 0.109 seconds
[2024-11-18T16:48:37.617+0000] {processor.py:186} INFO - Started process (PID=1257) to work on /home/airflow/.local/lib/python3.12/site-packages/airflow/example_dags/example_latest_only_with_trigger.py
[2024-11-18T16:48:37.618+0000] {processor.py:914} INFO - Processing file /home/airflow/.local/lib/python3.12/site-packages/airflow/example_dags/example_latest_only_with_trigger.py for tasks to queue
[2024-11-18T16:48:37.622+0000] {logging_mixin.py:190} INFO - [2024-11-18T16:48:37.622+0000] {dagbag.py:588} INFO - Filling up the DagBag from /home/airflow/.local/lib/python3.12/site-packages/airflow/example_dags/example_latest_only_with_trigger.py
[2024-11-18T16:48:37.636+0000] {processor.py:925} INFO - DAG(s) 'latest_only_with_trigger' retrieved from /home/airflow/.local/lib/python3.12/site-packages/airflow/example_dags/example_latest_only_with_trigger.py
[2024-11-18T16:48:37.670+0000] {logging_mixin.py:190} INFO - [2024-11-18T16:48:37.669+0000] {dag.py:3239} INFO - Sync 1 DAGs
[2024-11-18T16:48:37.707+0000] {logging_mixin.py:190} INFO - [2024-11-18T16:48:37.707+0000] {dag.py:4180} INFO - Setting next_dagrun for latest_only_with_trigger to 2024-11-18 12:00:00+00:00, run_after=2024-11-18 16:00:00+00:00
[2024-11-18T16:48:37.735+0000] {processor.py:208} INFO - Processing /home/airflow/.local/lib/python3.12/site-packages/airflow/example_dags/example_latest_only_with_trigger.py took 0.128 seconds
[2024-11-18T16:49:08.889+0000] {processor.py:186} INFO - Started process (PID=1320) to work on /home/airflow/.local/lib/python3.12/site-packages/airflow/example_dags/example_latest_only_with_trigger.py
[2024-11-18T16:49:08.890+0000] {processor.py:914} INFO - Processing file /home/airflow/.local/lib/python3.12/site-packages/airflow/example_dags/example_latest_only_with_trigger.py for tasks to queue
[2024-11-18T16:49:08.894+0000] {logging_mixin.py:190} INFO - [2024-11-18T16:49:08.893+0000] {dagbag.py:588} INFO - Filling up the DagBag from /home/airflow/.local/lib/python3.12/site-packages/airflow/example_dags/example_latest_only_with_trigger.py
[2024-11-18T16:49:08.905+0000] {processor.py:925} INFO - DAG(s) 'latest_only_with_trigger' retrieved from /home/airflow/.local/lib/python3.12/site-packages/airflow/example_dags/example_latest_only_with_trigger.py
[2024-11-18T16:49:08.939+0000] {logging_mixin.py:190} INFO - [2024-11-18T16:49:08.939+0000] {dag.py:3239} INFO - Sync 1 DAGs
[2024-11-18T16:49:08.980+0000] {logging_mixin.py:190} INFO - [2024-11-18T16:49:08.980+0000] {dag.py:4180} INFO - Setting next_dagrun for latest_only_with_trigger to 2024-11-18 12:00:00+00:00, run_after=2024-11-18 16:00:00+00:00
[2024-11-18T16:49:09.005+0000] {processor.py:208} INFO - Processing /home/airflow/.local/lib/python3.12/site-packages/airflow/example_dags/example_latest_only_with_trigger.py took 0.125 seconds
[2024-11-18T16:49:40.450+0000] {processor.py:186} INFO - Started process (PID=1383) to work on /home/airflow/.local/lib/python3.12/site-packages/airflow/example_dags/example_latest_only_with_trigger.py
[2024-11-18T16:49:40.451+0000] {processor.py:914} INFO - Processing file /home/airflow/.local/lib/python3.12/site-packages/airflow/example_dags/example_latest_only_with_trigger.py for tasks to queue
[2024-11-18T16:49:40.455+0000] {logging_mixin.py:190} INFO - [2024-11-18T16:49:40.455+0000] {dagbag.py:588} INFO - Filling up the DagBag from /home/airflow/.local/lib/python3.12/site-packages/airflow/example_dags/example_latest_only_with_trigger.py
[2024-11-18T16:49:40.465+0000] {processor.py:925} INFO - DAG(s) 'latest_only_with_trigger' retrieved from /home/airflow/.local/lib/python3.12/site-packages/airflow/example_dags/example_latest_only_with_trigger.py
[2024-11-18T16:49:40.489+0000] {logging_mixin.py:190} INFO - [2024-11-18T16:49:40.489+0000] {dag.py:3239} INFO - Sync 1 DAGs
[2024-11-18T16:49:40.516+0000] {logging_mixin.py:190} INFO - [2024-11-18T16:49:40.516+0000] {dag.py:4180} INFO - Setting next_dagrun for latest_only_with_trigger to 2024-11-18 12:00:00+00:00, run_after=2024-11-18 16:00:00+00:00
[2024-11-18T16:49:40.544+0000] {processor.py:208} INFO - Processing /home/airflow/.local/lib/python3.12/site-packages/airflow/example_dags/example_latest_only_with_trigger.py took 0.101 seconds
[2024-11-18T16:50:12.309+0000] {processor.py:186} INFO - Started process (PID=1446) to work on /home/airflow/.local/lib/python3.12/site-packages/airflow/example_dags/example_latest_only_with_trigger.py
[2024-11-18T16:50:12.310+0000] {processor.py:914} INFO - Processing file /home/airflow/.local/lib/python3.12/site-packages/airflow/example_dags/example_latest_only_with_trigger.py for tasks to queue
[2024-11-18T16:50:12.315+0000] {logging_mixin.py:190} INFO - [2024-11-18T16:50:12.314+0000] {dagbag.py:588} INFO - Filling up the DagBag from /home/airflow/.local/lib/python3.12/site-packages/airflow/example_dags/example_latest_only_with_trigger.py
[2024-11-18T16:50:12.324+0000] {processor.py:925} INFO - DAG(s) 'latest_only_with_trigger' retrieved from /home/airflow/.local/lib/python3.12/site-packages/airflow/example_dags/example_latest_only_with_trigger.py
[2024-11-18T16:50:12.358+0000] {logging_mixin.py:190} INFO - [2024-11-18T16:50:12.357+0000] {dag.py:3239} INFO - Sync 1 DAGs
[2024-11-18T16:50:12.435+0000] {logging_mixin.py:190} INFO - [2024-11-18T16:50:12.435+0000] {dag.py:4180} INFO - Setting next_dagrun for latest_only_with_trigger to 2024-11-18 12:00:00+00:00, run_after=2024-11-18 16:00:00+00:00
[2024-11-18T16:50:12.491+0000] {processor.py:208} INFO - Processing /home/airflow/.local/lib/python3.12/site-packages/airflow/example_dags/example_latest_only_with_trigger.py took 0.190 seconds
[2024-11-18T16:50:44.059+0000] {processor.py:186} INFO - Started process (PID=1509) to work on /home/airflow/.local/lib/python3.12/site-packages/airflow/example_dags/example_latest_only_with_trigger.py
[2024-11-18T16:50:44.061+0000] {processor.py:914} INFO - Processing file /home/airflow/.local/lib/python3.12/site-packages/airflow/example_dags/example_latest_only_with_trigger.py for tasks to queue
[2024-11-18T16:50:44.064+0000] {logging_mixin.py:190} INFO - [2024-11-18T16:50:44.064+0000] {dagbag.py:588} INFO - Filling up the DagBag from /home/airflow/.local/lib/python3.12/site-packages/airflow/example_dags/example_latest_only_with_trigger.py
[2024-11-18T16:50:44.077+0000] {processor.py:925} INFO - DAG(s) 'latest_only_with_trigger' retrieved from /home/airflow/.local/lib/python3.12/site-packages/airflow/example_dags/example_latest_only_with_trigger.py
[2024-11-18T16:50:44.116+0000] {logging_mixin.py:190} INFO - [2024-11-18T16:50:44.115+0000] {dag.py:3239} INFO - Sync 1 DAGs
[2024-11-18T16:50:44.146+0000] {logging_mixin.py:190} INFO - [2024-11-18T16:50:44.146+0000] {dag.py:4180} INFO - Setting next_dagrun for latest_only_with_trigger to 2024-11-18 12:00:00+00:00, run_after=2024-11-18 16:00:00+00:00
[2024-11-18T16:50:44.168+0000] {processor.py:208} INFO - Processing /home/airflow/.local/lib/python3.12/site-packages/airflow/example_dags/example_latest_only_with_trigger.py took 0.119 seconds
[2024-11-18T16:51:16.397+0000] {processor.py:186} INFO - Started process (PID=1578) to work on /home/airflow/.local/lib/python3.12/site-packages/airflow/example_dags/example_latest_only_with_trigger.py
[2024-11-18T16:51:16.398+0000] {processor.py:914} INFO - Processing file /home/airflow/.local/lib/python3.12/site-packages/airflow/example_dags/example_latest_only_with_trigger.py for tasks to queue
[2024-11-18T16:51:16.401+0000] {logging_mixin.py:190} INFO - [2024-11-18T16:51:16.401+0000] {dagbag.py:588} INFO - Filling up the DagBag from /home/airflow/.local/lib/python3.12/site-packages/airflow/example_dags/example_latest_only_with_trigger.py
[2024-11-18T16:51:16.413+0000] {processor.py:925} INFO - DAG(s) 'latest_only_with_trigger' retrieved from /home/airflow/.local/lib/python3.12/site-packages/airflow/example_dags/example_latest_only_with_trigger.py
[2024-11-18T16:51:16.438+0000] {logging_mixin.py:190} INFO - [2024-11-18T16:51:16.437+0000] {dag.py:3239} INFO - Sync 1 DAGs
[2024-11-18T16:51:16.471+0000] {logging_mixin.py:190} INFO - [2024-11-18T16:51:16.470+0000] {dag.py:4180} INFO - Setting next_dagrun for latest_only_with_trigger to 2024-11-18 12:00:00+00:00, run_after=2024-11-18 16:00:00+00:00
[2024-11-18T16:51:16.491+0000] {processor.py:208} INFO - Processing /home/airflow/.local/lib/python3.12/site-packages/airflow/example_dags/example_latest_only_with_trigger.py took 0.106 seconds
[2024-11-18T16:51:47.529+0000] {processor.py:186} INFO - Started process (PID=1640) to work on /home/airflow/.local/lib/python3.12/site-packages/airflow/example_dags/example_latest_only_with_trigger.py
[2024-11-18T16:51:47.530+0000] {processor.py:914} INFO - Processing file /home/airflow/.local/lib/python3.12/site-packages/airflow/example_dags/example_latest_only_with_trigger.py for tasks to queue
[2024-11-18T16:51:47.533+0000] {logging_mixin.py:190} INFO - [2024-11-18T16:51:47.533+0000] {dagbag.py:588} INFO - Filling up the DagBag from /home/airflow/.local/lib/python3.12/site-packages/airflow/example_dags/example_latest_only_with_trigger.py
[2024-11-18T16:51:47.542+0000] {processor.py:925} INFO - DAG(s) 'latest_only_with_trigger' retrieved from /home/airflow/.local/lib/python3.12/site-packages/airflow/example_dags/example_latest_only_with_trigger.py
[2024-11-18T16:51:47.566+0000] {logging_mixin.py:190} INFO - [2024-11-18T16:51:47.566+0000] {dag.py:3239} INFO - Sync 1 DAGs
[2024-11-18T16:51:47.591+0000] {logging_mixin.py:190} INFO - [2024-11-18T16:51:47.591+0000] {dag.py:4180} INFO - Setting next_dagrun for latest_only_with_trigger to 2024-11-18 12:00:00+00:00, run_after=2024-11-18 16:00:00+00:00
[2024-11-18T16:51:47.612+0000] {processor.py:208} INFO - Processing /home/airflow/.local/lib/python3.12/site-packages/airflow/example_dags/example_latest_only_with_trigger.py took 0.091 seconds
[2024-11-18T16:52:19.165+0000] {processor.py:186} INFO - Started process (PID=1705) to work on /home/airflow/.local/lib/python3.12/site-packages/airflow/example_dags/example_latest_only_with_trigger.py
[2024-11-18T16:52:19.166+0000] {processor.py:914} INFO - Processing file /home/airflow/.local/lib/python3.12/site-packages/airflow/example_dags/example_latest_only_with_trigger.py for tasks to queue
[2024-11-18T16:52:19.169+0000] {logging_mixin.py:190} INFO - [2024-11-18T16:52:19.169+0000] {dagbag.py:588} INFO - Filling up the DagBag from /home/airflow/.local/lib/python3.12/site-packages/airflow/example_dags/example_latest_only_with_trigger.py
[2024-11-18T16:52:19.179+0000] {processor.py:925} INFO - DAG(s) 'latest_only_with_trigger' retrieved from /home/airflow/.local/lib/python3.12/site-packages/airflow/example_dags/example_latest_only_with_trigger.py
[2024-11-18T16:52:19.207+0000] {logging_mixin.py:190} INFO - [2024-11-18T16:52:19.207+0000] {dag.py:3239} INFO - Sync 1 DAGs
[2024-11-18T16:52:19.236+0000] {logging_mixin.py:190} INFO - [2024-11-18T16:52:19.236+0000] {dag.py:4180} INFO - Setting next_dagrun for latest_only_with_trigger to 2024-11-18 12:00:00+00:00, run_after=2024-11-18 16:00:00+00:00
[2024-11-18T16:52:19.259+0000] {processor.py:208} INFO - Processing /home/airflow/.local/lib/python3.12/site-packages/airflow/example_dags/example_latest_only_with_trigger.py took 0.101 seconds
[2024-11-18T16:52:50.818+0000] {processor.py:186} INFO - Started process (PID=1774) to work on /home/airflow/.local/lib/python3.12/site-packages/airflow/example_dags/example_latest_only_with_trigger.py
[2024-11-18T16:52:50.819+0000] {processor.py:914} INFO - Processing file /home/airflow/.local/lib/python3.12/site-packages/airflow/example_dags/example_latest_only_with_trigger.py for tasks to queue
[2024-11-18T16:52:50.822+0000] {logging_mixin.py:190} INFO - [2024-11-18T16:52:50.822+0000] {dagbag.py:588} INFO - Filling up the DagBag from /home/airflow/.local/lib/python3.12/site-packages/airflow/example_dags/example_latest_only_with_trigger.py
[2024-11-18T16:52:50.833+0000] {processor.py:925} INFO - DAG(s) 'latest_only_with_trigger' retrieved from /home/airflow/.local/lib/python3.12/site-packages/airflow/example_dags/example_latest_only_with_trigger.py
[2024-11-18T16:52:50.858+0000] {logging_mixin.py:190} INFO - [2024-11-18T16:52:50.858+0000] {dag.py:3239} INFO - Sync 1 DAGs
[2024-11-18T16:52:50.886+0000] {logging_mixin.py:190} INFO - [2024-11-18T16:52:50.885+0000] {dag.py:4180} INFO - Setting next_dagrun for latest_only_with_trigger to 2024-11-18 12:00:00+00:00, run_after=2024-11-18 16:00:00+00:00
[2024-11-18T16:52:50.909+0000] {processor.py:208} INFO - Processing /home/airflow/.local/lib/python3.12/site-packages/airflow/example_dags/example_latest_only_with_trigger.py took 0.101 seconds
[2024-11-18T16:53:22.068+0000] {processor.py:186} INFO - Started process (PID=1840) to work on /home/airflow/.local/lib/python3.12/site-packages/airflow/example_dags/example_latest_only_with_trigger.py
[2024-11-18T16:53:22.070+0000] {processor.py:914} INFO - Processing file /home/airflow/.local/lib/python3.12/site-packages/airflow/example_dags/example_latest_only_with_trigger.py for tasks to queue
[2024-11-18T16:53:22.074+0000] {logging_mixin.py:190} INFO - [2024-11-18T16:53:22.074+0000] {dagbag.py:588} INFO - Filling up the DagBag from /home/airflow/.local/lib/python3.12/site-packages/airflow/example_dags/example_latest_only_with_trigger.py
[2024-11-18T16:53:22.084+0000] {processor.py:925} INFO - DAG(s) 'latest_only_with_trigger' retrieved from /home/airflow/.local/lib/python3.12/site-packages/airflow/example_dags/example_latest_only_with_trigger.py
[2024-11-18T16:53:22.107+0000] {logging_mixin.py:190} INFO - [2024-11-18T16:53:22.106+0000] {dag.py:3239} INFO - Sync 1 DAGs
[2024-11-18T16:53:22.133+0000] {logging_mixin.py:190} INFO - [2024-11-18T16:53:22.133+0000] {dag.py:4180} INFO - Setting next_dagrun for latest_only_with_trigger to 2024-11-18 12:00:00+00:00, run_after=2024-11-18 16:00:00+00:00
[2024-11-18T16:53:22.154+0000] {processor.py:208} INFO - Processing /home/airflow/.local/lib/python3.12/site-packages/airflow/example_dags/example_latest_only_with_trigger.py took 0.093 seconds
[2024-11-18T16:53:53.375+0000] {processor.py:186} INFO - Started process (PID=1903) to work on /home/airflow/.local/lib/python3.12/site-packages/airflow/example_dags/example_latest_only_with_trigger.py
[2024-11-18T16:53:53.376+0000] {processor.py:914} INFO - Processing file /home/airflow/.local/lib/python3.12/site-packages/airflow/example_dags/example_latest_only_with_trigger.py for tasks to queue
[2024-11-18T16:53:53.379+0000] {logging_mixin.py:190} INFO - [2024-11-18T16:53:53.379+0000] {dagbag.py:588} INFO - Filling up the DagBag from /home/airflow/.local/lib/python3.12/site-packages/airflow/example_dags/example_latest_only_with_trigger.py
[2024-11-18T16:53:53.388+0000] {processor.py:925} INFO - DAG(s) 'latest_only_with_trigger' retrieved from /home/airflow/.local/lib/python3.12/site-packages/airflow/example_dags/example_latest_only_with_trigger.py
[2024-11-18T16:53:53.413+0000] {logging_mixin.py:190} INFO - [2024-11-18T16:53:53.412+0000] {dag.py:3239} INFO - Sync 1 DAGs
[2024-11-18T16:53:53.439+0000] {logging_mixin.py:190} INFO - [2024-11-18T16:53:53.439+0000] {dag.py:4180} INFO - Setting next_dagrun for latest_only_with_trigger to 2024-11-18 12:00:00+00:00, run_after=2024-11-18 16:00:00+00:00
[2024-11-18T16:53:53.465+0000] {processor.py:208} INFO - Processing /home/airflow/.local/lib/python3.12/site-packages/airflow/example_dags/example_latest_only_with_trigger.py took 0.098 seconds
[2024-11-18T16:54:24.460+0000] {processor.py:186} INFO - Started process (PID=1966) to work on /home/airflow/.local/lib/python3.12/site-packages/airflow/example_dags/example_latest_only_with_trigger.py
[2024-11-18T16:54:24.461+0000] {processor.py:914} INFO - Processing file /home/airflow/.local/lib/python3.12/site-packages/airflow/example_dags/example_latest_only_with_trigger.py for tasks to queue
[2024-11-18T16:54:24.464+0000] {logging_mixin.py:190} INFO - [2024-11-18T16:54:24.464+0000] {dagbag.py:588} INFO - Filling up the DagBag from /home/airflow/.local/lib/python3.12/site-packages/airflow/example_dags/example_latest_only_with_trigger.py
[2024-11-18T16:54:24.478+0000] {processor.py:925} INFO - DAG(s) 'latest_only_with_trigger' retrieved from /home/airflow/.local/lib/python3.12/site-packages/airflow/example_dags/example_latest_only_with_trigger.py
[2024-11-18T16:54:24.513+0000] {logging_mixin.py:190} INFO - [2024-11-18T16:54:24.513+0000] {dag.py:3239} INFO - Sync 1 DAGs
[2024-11-18T16:54:24.548+0000] {logging_mixin.py:190} INFO - [2024-11-18T16:54:24.548+0000] {dag.py:4180} INFO - Setting next_dagrun for latest_only_with_trigger to 2024-11-18 12:00:00+00:00, run_after=2024-11-18 16:00:00+00:00
[2024-11-18T16:54:24.575+0000] {processor.py:208} INFO - Processing /home/airflow/.local/lib/python3.12/site-packages/airflow/example_dags/example_latest_only_with_trigger.py took 0.124 seconds
[2024-11-18T16:54:55.984+0000] {processor.py:186} INFO - Started process (PID=2033) to work on /home/airflow/.local/lib/python3.12/site-packages/airflow/example_dags/example_latest_only_with_trigger.py
[2024-11-18T16:54:55.985+0000] {processor.py:914} INFO - Processing file /home/airflow/.local/lib/python3.12/site-packages/airflow/example_dags/example_latest_only_with_trigger.py for tasks to queue
[2024-11-18T16:54:55.990+0000] {logging_mixin.py:190} INFO - [2024-11-18T16:54:55.990+0000] {dagbag.py:588} INFO - Filling up the DagBag from /home/airflow/.local/lib/python3.12/site-packages/airflow/example_dags/example_latest_only_with_trigger.py
[2024-11-18T16:54:55.999+0000] {processor.py:925} INFO - DAG(s) 'latest_only_with_trigger' retrieved from /home/airflow/.local/lib/python3.12/site-packages/airflow/example_dags/example_latest_only_with_trigger.py
[2024-11-18T16:54:56.026+0000] {logging_mixin.py:190} INFO - [2024-11-18T16:54:56.025+0000] {dag.py:3239} INFO - Sync 1 DAGs
[2024-11-18T16:54:56.053+0000] {logging_mixin.py:190} INFO - [2024-11-18T16:54:56.052+0000] {dag.py:4180} INFO - Setting next_dagrun for latest_only_with_trigger to 2024-11-18 12:00:00+00:00, run_after=2024-11-18 16:00:00+00:00
[2024-11-18T16:54:56.075+0000] {processor.py:208} INFO - Processing /home/airflow/.local/lib/python3.12/site-packages/airflow/example_dags/example_latest_only_with_trigger.py took 0.098 seconds
[2024-11-18T16:55:27.012+0000] {processor.py:186} INFO - Started process (PID=2095) to work on /home/airflow/.local/lib/python3.12/site-packages/airflow/example_dags/example_latest_only_with_trigger.py
[2024-11-18T16:55:27.013+0000] {processor.py:914} INFO - Processing file /home/airflow/.local/lib/python3.12/site-packages/airflow/example_dags/example_latest_only_with_trigger.py for tasks to queue
[2024-11-18T16:55:27.017+0000] {logging_mixin.py:190} INFO - [2024-11-18T16:55:27.017+0000] {dagbag.py:588} INFO - Filling up the DagBag from /home/airflow/.local/lib/python3.12/site-packages/airflow/example_dags/example_latest_only_with_trigger.py
[2024-11-18T16:55:27.028+0000] {processor.py:925} INFO - DAG(s) 'latest_only_with_trigger' retrieved from /home/airflow/.local/lib/python3.12/site-packages/airflow/example_dags/example_latest_only_with_trigger.py
[2024-11-18T16:55:27.052+0000] {logging_mixin.py:190} INFO - [2024-11-18T16:55:27.052+0000] {dag.py:3239} INFO - Sync 1 DAGs
[2024-11-18T16:55:27.079+0000] {logging_mixin.py:190} INFO - [2024-11-18T16:55:27.078+0000] {dag.py:4180} INFO - Setting next_dagrun for latest_only_with_trigger to 2024-11-18 12:00:00+00:00, run_after=2024-11-18 16:00:00+00:00
[2024-11-18T16:55:27.100+0000] {processor.py:208} INFO - Processing /home/airflow/.local/lib/python3.12/site-packages/airflow/example_dags/example_latest_only_with_trigger.py took 0.096 seconds
[2024-11-18T16:55:58.513+0000] {processor.py:186} INFO - Started process (PID=2163) to work on /home/airflow/.local/lib/python3.12/site-packages/airflow/example_dags/example_latest_only_with_trigger.py
[2024-11-18T16:55:58.514+0000] {processor.py:914} INFO - Processing file /home/airflow/.local/lib/python3.12/site-packages/airflow/example_dags/example_latest_only_with_trigger.py for tasks to queue
[2024-11-18T16:55:58.517+0000] {logging_mixin.py:190} INFO - [2024-11-18T16:55:58.517+0000] {dagbag.py:588} INFO - Filling up the DagBag from /home/airflow/.local/lib/python3.12/site-packages/airflow/example_dags/example_latest_only_with_trigger.py
[2024-11-18T16:55:58.528+0000] {processor.py:925} INFO - DAG(s) 'latest_only_with_trigger' retrieved from /home/airflow/.local/lib/python3.12/site-packages/airflow/example_dags/example_latest_only_with_trigger.py
[2024-11-18T16:55:58.555+0000] {logging_mixin.py:190} INFO - [2024-11-18T16:55:58.555+0000] {dag.py:3239} INFO - Sync 1 DAGs
[2024-11-18T16:55:58.585+0000] {logging_mixin.py:190} INFO - [2024-11-18T16:55:58.585+0000] {dag.py:4180} INFO - Setting next_dagrun for latest_only_with_trigger to 2024-11-18 12:00:00+00:00, run_after=2024-11-18 16:00:00+00:00
[2024-11-18T16:55:58.611+0000] {processor.py:208} INFO - Processing /home/airflow/.local/lib/python3.12/site-packages/airflow/example_dags/example_latest_only_with_trigger.py took 0.107 seconds
[2024-11-18T16:56:30.316+0000] {processor.py:186} INFO - Started process (PID=2230) to work on /home/airflow/.local/lib/python3.12/site-packages/airflow/example_dags/example_latest_only_with_trigger.py
[2024-11-18T16:56:30.318+0000] {processor.py:914} INFO - Processing file /home/airflow/.local/lib/python3.12/site-packages/airflow/example_dags/example_latest_only_with_trigger.py for tasks to queue
[2024-11-18T16:56:30.321+0000] {logging_mixin.py:190} INFO - [2024-11-18T16:56:30.320+0000] {dagbag.py:588} INFO - Filling up the DagBag from /home/airflow/.local/lib/python3.12/site-packages/airflow/example_dags/example_latest_only_with_trigger.py
[2024-11-18T16:56:30.330+0000] {processor.py:925} INFO - DAG(s) 'latest_only_with_trigger' retrieved from /home/airflow/.local/lib/python3.12/site-packages/airflow/example_dags/example_latest_only_with_trigger.py
[2024-11-18T16:56:30.355+0000] {logging_mixin.py:190} INFO - [2024-11-18T16:56:30.355+0000] {dag.py:3239} INFO - Sync 1 DAGs
[2024-11-18T16:56:30.382+0000] {logging_mixin.py:190} INFO - [2024-11-18T16:56:30.382+0000] {dag.py:4180} INFO - Setting next_dagrun for latest_only_with_trigger to 2024-11-18 12:00:00+00:00, run_after=2024-11-18 16:00:00+00:00
[2024-11-18T16:56:30.403+0000] {processor.py:208} INFO - Processing /home/airflow/.local/lib/python3.12/site-packages/airflow/example_dags/example_latest_only_with_trigger.py took 0.094 seconds
[2024-11-18T16:57:02.005+0000] {processor.py:186} INFO - Started process (PID=2294) to work on /home/airflow/.local/lib/python3.12/site-packages/airflow/example_dags/example_latest_only_with_trigger.py
[2024-11-18T16:57:02.006+0000] {processor.py:914} INFO - Processing file /home/airflow/.local/lib/python3.12/site-packages/airflow/example_dags/example_latest_only_with_trigger.py for tasks to queue
[2024-11-18T16:57:02.009+0000] {logging_mixin.py:190} INFO - [2024-11-18T16:57:02.009+0000] {dagbag.py:588} INFO - Filling up the DagBag from /home/airflow/.local/lib/python3.12/site-packages/airflow/example_dags/example_latest_only_with_trigger.py
[2024-11-18T16:57:02.019+0000] {processor.py:925} INFO - DAG(s) 'latest_only_with_trigger' retrieved from /home/airflow/.local/lib/python3.12/site-packages/airflow/example_dags/example_latest_only_with_trigger.py
[2024-11-18T16:57:02.045+0000] {logging_mixin.py:190} INFO - [2024-11-18T16:57:02.045+0000] {dag.py:3239} INFO - Sync 1 DAGs
[2024-11-18T16:57:02.072+0000] {logging_mixin.py:190} INFO - [2024-11-18T16:57:02.072+0000] {dag.py:4180} INFO - Setting next_dagrun for latest_only_with_trigger to 2024-11-18 12:00:00+00:00, run_after=2024-11-18 16:00:00+00:00
[2024-11-18T16:57:02.093+0000] {processor.py:208} INFO - Processing /home/airflow/.local/lib/python3.12/site-packages/airflow/example_dags/example_latest_only_with_trigger.py took 0.096 seconds
[2024-11-18T16:57:33.630+0000] {processor.py:186} INFO - Started process (PID=2359) to work on /home/airflow/.local/lib/python3.12/site-packages/airflow/example_dags/example_latest_only_with_trigger.py
[2024-11-18T16:57:33.631+0000] {processor.py:914} INFO - Processing file /home/airflow/.local/lib/python3.12/site-packages/airflow/example_dags/example_latest_only_with_trigger.py for tasks to queue
[2024-11-18T16:57:33.634+0000] {logging_mixin.py:190} INFO - [2024-11-18T16:57:33.634+0000] {dagbag.py:588} INFO - Filling up the DagBag from /home/airflow/.local/lib/python3.12/site-packages/airflow/example_dags/example_latest_only_with_trigger.py
[2024-11-18T16:57:33.644+0000] {processor.py:925} INFO - DAG(s) 'latest_only_with_trigger' retrieved from /home/airflow/.local/lib/python3.12/site-packages/airflow/example_dags/example_latest_only_with_trigger.py
[2024-11-18T16:57:33.673+0000] {logging_mixin.py:190} INFO - [2024-11-18T16:57:33.673+0000] {dag.py:3239} INFO - Sync 1 DAGs
[2024-11-18T16:57:33.704+0000] {logging_mixin.py:190} INFO - [2024-11-18T16:57:33.704+0000] {dag.py:4180} INFO - Setting next_dagrun for latest_only_with_trigger to 2024-11-18 12:00:00+00:00, run_after=2024-11-18 16:00:00+00:00
[2024-11-18T16:57:33.728+0000] {processor.py:208} INFO - Processing /home/airflow/.local/lib/python3.12/site-packages/airflow/example_dags/example_latest_only_with_trigger.py took 0.105 seconds
[2024-11-18T16:58:06.000+0000] {processor.py:186} INFO - Started process (PID=2426) to work on /home/airflow/.local/lib/python3.12/site-packages/airflow/example_dags/example_latest_only_with_trigger.py
[2024-11-18T16:58:06.002+0000] {processor.py:914} INFO - Processing file /home/airflow/.local/lib/python3.12/site-packages/airflow/example_dags/example_latest_only_with_trigger.py for tasks to queue
[2024-11-18T16:58:06.008+0000] {logging_mixin.py:190} INFO - [2024-11-18T16:58:06.007+0000] {dagbag.py:588} INFO - Filling up the DagBag from /home/airflow/.local/lib/python3.12/site-packages/airflow/example_dags/example_latest_only_with_trigger.py
[2024-11-18T16:58:06.019+0000] {processor.py:925} INFO - DAG(s) 'latest_only_with_trigger' retrieved from /home/airflow/.local/lib/python3.12/site-packages/airflow/example_dags/example_latest_only_with_trigger.py
[2024-11-18T16:58:06.052+0000] {logging_mixin.py:190} INFO - [2024-11-18T16:58:06.051+0000] {dag.py:3239} INFO - Sync 1 DAGs
[2024-11-18T16:58:06.083+0000] {logging_mixin.py:190} INFO - [2024-11-18T16:58:06.083+0000] {dag.py:4180} INFO - Setting next_dagrun for latest_only_with_trigger to 2024-11-18 12:00:00+00:00, run_after=2024-11-18 16:00:00+00:00
[2024-11-18T16:58:06.110+0000] {processor.py:208} INFO - Processing /home/airflow/.local/lib/python3.12/site-packages/airflow/example_dags/example_latest_only_with_trigger.py took 0.117 seconds
[2024-11-18T16:58:37.599+0000] {processor.py:186} INFO - Started process (PID=2493) to work on /home/airflow/.local/lib/python3.12/site-packages/airflow/example_dags/example_latest_only_with_trigger.py
[2024-11-18T16:58:37.600+0000] {processor.py:914} INFO - Processing file /home/airflow/.local/lib/python3.12/site-packages/airflow/example_dags/example_latest_only_with_trigger.py for tasks to queue
[2024-11-18T16:58:37.603+0000] {logging_mixin.py:190} INFO - [2024-11-18T16:58:37.602+0000] {dagbag.py:588} INFO - Filling up the DagBag from /home/airflow/.local/lib/python3.12/site-packages/airflow/example_dags/example_latest_only_with_trigger.py
[2024-11-18T16:58:37.612+0000] {processor.py:925} INFO - DAG(s) 'latest_only_with_trigger' retrieved from /home/airflow/.local/lib/python3.12/site-packages/airflow/example_dags/example_latest_only_with_trigger.py
[2024-11-18T16:58:37.638+0000] {logging_mixin.py:190} INFO - [2024-11-18T16:58:37.638+0000] {dag.py:3239} INFO - Sync 1 DAGs
[2024-11-18T16:58:37.667+0000] {logging_mixin.py:190} INFO - [2024-11-18T16:58:37.667+0000] {dag.py:4180} INFO - Setting next_dagrun for latest_only_with_trigger to 2024-11-18 12:00:00+00:00, run_after=2024-11-18 16:00:00+00:00
[2024-11-18T16:58:37.687+0000] {processor.py:208} INFO - Processing /home/airflow/.local/lib/python3.12/site-packages/airflow/example_dags/example_latest_only_with_trigger.py took 0.096 seconds
[2024-11-18T16:59:09.560+0000] {processor.py:186} INFO - Started process (PID=2556) to work on /home/airflow/.local/lib/python3.12/site-packages/airflow/example_dags/example_latest_only_with_trigger.py
[2024-11-18T16:59:09.562+0000] {processor.py:914} INFO - Processing file /home/airflow/.local/lib/python3.12/site-packages/airflow/example_dags/example_latest_only_with_trigger.py for tasks to queue
[2024-11-18T16:59:09.571+0000] {logging_mixin.py:190} INFO - [2024-11-18T16:59:09.570+0000] {dagbag.py:588} INFO - Filling up the DagBag from /home/airflow/.local/lib/python3.12/site-packages/airflow/example_dags/example_latest_only_with_trigger.py
[2024-11-18T16:59:09.585+0000] {processor.py:925} INFO - DAG(s) 'latest_only_with_trigger' retrieved from /home/airflow/.local/lib/python3.12/site-packages/airflow/example_dags/example_latest_only_with_trigger.py
[2024-11-18T16:59:09.623+0000] {logging_mixin.py:190} INFO - [2024-11-18T16:59:09.622+0000] {dag.py:3239} INFO - Sync 1 DAGs
[2024-11-18T16:59:09.665+0000] {logging_mixin.py:190} INFO - [2024-11-18T16:59:09.664+0000] {dag.py:4180} INFO - Setting next_dagrun for latest_only_with_trigger to 2024-11-18 12:00:00+00:00, run_after=2024-11-18 16:00:00+00:00
[2024-11-18T16:59:09.690+0000] {processor.py:208} INFO - Processing /home/airflow/.local/lib/python3.12/site-packages/airflow/example_dags/example_latest_only_with_trigger.py took 0.147 seconds
[2024-11-18T16:59:40.221+0000] {processor.py:186} INFO - Started process (PID=2619) to work on /home/airflow/.local/lib/python3.12/site-packages/airflow/example_dags/example_latest_only_with_trigger.py
[2024-11-18T16:59:40.222+0000] {processor.py:914} INFO - Processing file /home/airflow/.local/lib/python3.12/site-packages/airflow/example_dags/example_latest_only_with_trigger.py for tasks to queue
[2024-11-18T16:59:40.226+0000] {logging_mixin.py:190} INFO - [2024-11-18T16:59:40.226+0000] {dagbag.py:588} INFO - Filling up the DagBag from /home/airflow/.local/lib/python3.12/site-packages/airflow/example_dags/example_latest_only_with_trigger.py
[2024-11-18T16:59:40.238+0000] {processor.py:925} INFO - DAG(s) 'latest_only_with_trigger' retrieved from /home/airflow/.local/lib/python3.12/site-packages/airflow/example_dags/example_latest_only_with_trigger.py
[2024-11-18T16:59:40.502+0000] {logging_mixin.py:190} INFO - [2024-11-18T16:59:40.502+0000] {dag.py:3239} INFO - Sync 1 DAGs
[2024-11-18T16:59:40.559+0000] {logging_mixin.py:190} INFO - [2024-11-18T16:59:40.558+0000] {dag.py:4180} INFO - Setting next_dagrun for latest_only_with_trigger to 2024-11-18 12:00:00+00:00, run_after=2024-11-18 16:00:00+00:00
[2024-11-18T16:59:40.593+0000] {processor.py:208} INFO - Processing /home/airflow/.local/lib/python3.12/site-packages/airflow/example_dags/example_latest_only_with_trigger.py took 0.385 seconds
[2024-11-18T17:00:12.152+0000] {processor.py:186} INFO - Started process (PID=2683) to work on /home/airflow/.local/lib/python3.12/site-packages/airflow/example_dags/example_latest_only_with_trigger.py
[2024-11-18T17:00:12.153+0000] {processor.py:914} INFO - Processing file /home/airflow/.local/lib/python3.12/site-packages/airflow/example_dags/example_latest_only_with_trigger.py for tasks to queue
[2024-11-18T17:00:12.155+0000] {logging_mixin.py:190} INFO - [2024-11-18T17:00:12.155+0000] {dagbag.py:588} INFO - Filling up the DagBag from /home/airflow/.local/lib/python3.12/site-packages/airflow/example_dags/example_latest_only_with_trigger.py
[2024-11-18T17:00:12.166+0000] {processor.py:925} INFO - DAG(s) 'latest_only_with_trigger' retrieved from /home/airflow/.local/lib/python3.12/site-packages/airflow/example_dags/example_latest_only_with_trigger.py
[2024-11-18T17:00:12.198+0000] {logging_mixin.py:190} INFO - [2024-11-18T17:00:12.198+0000] {dag.py:3239} INFO - Sync 1 DAGs
[2024-11-18T17:00:12.228+0000] {logging_mixin.py:190} INFO - [2024-11-18T17:00:12.228+0000] {dag.py:4180} INFO - Setting next_dagrun for latest_only_with_trigger to 2024-11-18 12:00:00+00:00, run_after=2024-11-18 16:00:00+00:00
[2024-11-18T17:00:12.253+0000] {processor.py:208} INFO - Processing /home/airflow/.local/lib/python3.12/site-packages/airflow/example_dags/example_latest_only_with_trigger.py took 0.109 seconds
[2024-11-18T17:00:43.543+0000] {processor.py:186} INFO - Started process (PID=2745) to work on /home/airflow/.local/lib/python3.12/site-packages/airflow/example_dags/example_latest_only_with_trigger.py
[2024-11-18T17:00:43.544+0000] {processor.py:914} INFO - Processing file /home/airflow/.local/lib/python3.12/site-packages/airflow/example_dags/example_latest_only_with_trigger.py for tasks to queue
[2024-11-18T17:00:43.548+0000] {logging_mixin.py:190} INFO - [2024-11-18T17:00:43.547+0000] {dagbag.py:588} INFO - Filling up the DagBag from /home/airflow/.local/lib/python3.12/site-packages/airflow/example_dags/example_latest_only_with_trigger.py
[2024-11-18T17:00:43.557+0000] {processor.py:925} INFO - DAG(s) 'latest_only_with_trigger' retrieved from /home/airflow/.local/lib/python3.12/site-packages/airflow/example_dags/example_latest_only_with_trigger.py
[2024-11-18T17:00:43.590+0000] {logging_mixin.py:190} INFO - [2024-11-18T17:00:43.590+0000] {dag.py:3239} INFO - Sync 1 DAGs
[2024-11-18T17:00:43.622+0000] {logging_mixin.py:190} INFO - [2024-11-18T17:00:43.621+0000] {dag.py:4180} INFO - Setting next_dagrun for latest_only_with_trigger to 2024-11-18 12:00:00+00:00, run_after=2024-11-18 16:00:00+00:00
[2024-11-18T17:00:43.643+0000] {processor.py:208} INFO - Processing /home/airflow/.local/lib/python3.12/site-packages/airflow/example_dags/example_latest_only_with_trigger.py took 0.109 seconds
[2024-11-18T17:02:36.176+0000] {processor.py:186} INFO - Started process (PID=121) to work on /home/airflow/.local/lib/python3.12/site-packages/airflow/example_dags/example_latest_only_with_trigger.py
[2024-11-18T17:02:36.177+0000] {processor.py:914} INFO - Processing file /home/airflow/.local/lib/python3.12/site-packages/airflow/example_dags/example_latest_only_with_trigger.py for tasks to queue
[2024-11-18T17:02:36.180+0000] {logging_mixin.py:190} INFO - [2024-11-18T17:02:36.180+0000] {dagbag.py:588} INFO - Filling up the DagBag from /home/airflow/.local/lib/python3.12/site-packages/airflow/example_dags/example_latest_only_with_trigger.py
[2024-11-18T17:02:36.190+0000] {processor.py:925} INFO - DAG(s) 'latest_only_with_trigger' retrieved from /home/airflow/.local/lib/python3.12/site-packages/airflow/example_dags/example_latest_only_with_trigger.py
[2024-11-18T17:02:36.226+0000] {logging_mixin.py:190} INFO - [2024-11-18T17:02:36.226+0000] {dag.py:3239} INFO - Sync 1 DAGs
[2024-11-18T17:02:36.257+0000] {logging_mixin.py:190} INFO - [2024-11-18T17:02:36.257+0000] {dag.py:4180} INFO - Setting next_dagrun for latest_only_with_trigger to 2024-11-18 12:00:00+00:00, run_after=2024-11-18 16:00:00+00:00
[2024-11-18T17:02:36.282+0000] {processor.py:208} INFO - Processing /home/airflow/.local/lib/python3.12/site-packages/airflow/example_dags/example_latest_only_with_trigger.py took 0.114 seconds
