[2024-11-18T16:24:31.753+0000] {processor.py:186} INFO - Started process (PID=93) to work on /home/airflow/.local/lib/python3.12/site-packages/airflow/example_dags/example_complex.py
[2024-11-18T16:24:31.755+0000] {processor.py:914} INFO - Processing file /home/airflow/.local/lib/python3.12/site-packages/airflow/example_dags/example_complex.py for tasks to queue
[2024-11-18T16:24:31.765+0000] {logging_mixin.py:190} INFO - [2024-11-18T16:24:31.764+0000] {dagbag.py:588} INFO - Filling up the DagBag from /home/airflow/.local/lib/python3.12/site-packages/airflow/example_dags/example_complex.py
[2024-11-18T16:24:31.788+0000] {processor.py:925} INFO - DAG(s) 'example_complex' retrieved from /home/airflow/.local/lib/python3.12/site-packages/airflow/example_dags/example_complex.py
[2024-11-18T16:24:31.951+0000] {logging_mixin.py:190} INFO - [2024-11-18T16:24:31.951+0000] {override.py:1911} INFO - Created Permission View: can read on DAG:example_complex
[2024-11-18T16:24:31.966+0000] {logging_mixin.py:190} INFO - [2024-11-18T16:24:31.966+0000] {override.py:1911} INFO - Created Permission View: can edit on DAG:example_complex
[2024-11-18T16:24:31.975+0000] {logging_mixin.py:190} INFO - [2024-11-18T16:24:31.975+0000] {override.py:1911} INFO - Created Permission View: can delete on DAG:example_complex
[2024-11-18T16:24:31.984+0000] {logging_mixin.py:190} INFO - [2024-11-18T16:24:31.984+0000] {override.py:1911} INFO - Created Permission View: can read on DAG Run:example_complex
[2024-11-18T16:24:31.992+0000] {logging_mixin.py:190} INFO - [2024-11-18T16:24:31.992+0000] {override.py:1911} INFO - Created Permission View: menu access on DAG Run:example_complex
[2024-11-18T16:24:32.000+0000] {logging_mixin.py:190} INFO - [2024-11-18T16:24:32.000+0000] {override.py:1911} INFO - Created Permission View: can create on DAG Run:example_complex
[2024-11-18T16:24:32.008+0000] {logging_mixin.py:190} INFO - [2024-11-18T16:24:32.008+0000] {override.py:1911} INFO - Created Permission View: can delete on DAG Run:example_complex
[2024-11-18T16:24:32.009+0000] {logging_mixin.py:190} INFO - [2024-11-18T16:24:32.009+0000] {dag.py:3239} INFO - Sync 1 DAGs
[2024-11-18T16:24:32.026+0000] {logging_mixin.py:190} INFO - [2024-11-18T16:24:32.026+0000] {dag.py:3262} INFO - Creating ORM DAG for example_complex
[2024-11-18T16:24:32.027+0000] {logging_mixin.py:190} INFO - [2024-11-18T16:24:32.027+0000] {dag.py:4180} INFO - Setting next_dagrun for example_complex to None, run_after=None
[2024-11-18T16:24:32.049+0000] {processor.py:208} INFO - Processing /home/airflow/.local/lib/python3.12/site-packages/airflow/example_dags/example_complex.py took 0.309 seconds
[2024-11-18T16:25:02.781+0000] {processor.py:186} INFO - Started process (PID=158) to work on /home/airflow/.local/lib/python3.12/site-packages/airflow/example_dags/example_complex.py
[2024-11-18T16:25:02.783+0000] {processor.py:914} INFO - Processing file /home/airflow/.local/lib/python3.12/site-packages/airflow/example_dags/example_complex.py for tasks to queue
[2024-11-18T16:25:02.786+0000] {logging_mixin.py:190} INFO - [2024-11-18T16:25:02.785+0000] {dagbag.py:588} INFO - Filling up the DagBag from /home/airflow/.local/lib/python3.12/site-packages/airflow/example_dags/example_complex.py
[2024-11-18T16:25:02.810+0000] {processor.py:925} INFO - DAG(s) 'example_complex' retrieved from /home/airflow/.local/lib/python3.12/site-packages/airflow/example_dags/example_complex.py
[2024-11-18T16:25:02.851+0000] {logging_mixin.py:190} INFO - [2024-11-18T16:25:02.851+0000] {dag.py:3239} INFO - Sync 1 DAGs
[2024-11-18T16:25:02.868+0000] {logging_mixin.py:190} INFO - [2024-11-18T16:25:02.868+0000] {dag.py:4180} INFO - Setting next_dagrun for example_complex to None, run_after=None
[2024-11-18T16:25:02.889+0000] {processor.py:208} INFO - Processing /home/airflow/.local/lib/python3.12/site-packages/airflow/example_dags/example_complex.py took 0.115 seconds
[2024-11-18T16:25:33.113+0000] {processor.py:186} INFO - Started process (PID=224) to work on /home/airflow/.local/lib/python3.12/site-packages/airflow/example_dags/example_complex.py
[2024-11-18T16:25:33.115+0000] {processor.py:914} INFO - Processing file /home/airflow/.local/lib/python3.12/site-packages/airflow/example_dags/example_complex.py for tasks to queue
[2024-11-18T16:25:33.117+0000] {logging_mixin.py:190} INFO - [2024-11-18T16:25:33.117+0000] {dagbag.py:588} INFO - Filling up the DagBag from /home/airflow/.local/lib/python3.12/site-packages/airflow/example_dags/example_complex.py
[2024-11-18T16:25:33.133+0000] {processor.py:925} INFO - DAG(s) 'example_complex' retrieved from /home/airflow/.local/lib/python3.12/site-packages/airflow/example_dags/example_complex.py
[2024-11-18T16:25:33.176+0000] {logging_mixin.py:190} INFO - [2024-11-18T16:25:33.176+0000] {dag.py:3239} INFO - Sync 1 DAGs
[2024-11-18T16:25:33.195+0000] {logging_mixin.py:190} INFO - [2024-11-18T16:25:33.195+0000] {dag.py:4180} INFO - Setting next_dagrun for example_complex to None, run_after=None
[2024-11-18T16:25:33.224+0000] {processor.py:208} INFO - Processing /home/airflow/.local/lib/python3.12/site-packages/airflow/example_dags/example_complex.py took 0.118 seconds
[2024-11-18T16:26:03.712+0000] {processor.py:186} INFO - Started process (PID=287) to work on /home/airflow/.local/lib/python3.12/site-packages/airflow/example_dags/example_complex.py
[2024-11-18T16:26:03.713+0000] {processor.py:914} INFO - Processing file /home/airflow/.local/lib/python3.12/site-packages/airflow/example_dags/example_complex.py for tasks to queue
[2024-11-18T16:26:03.719+0000] {logging_mixin.py:190} INFO - [2024-11-18T16:26:03.718+0000] {dagbag.py:588} INFO - Filling up the DagBag from /home/airflow/.local/lib/python3.12/site-packages/airflow/example_dags/example_complex.py
[2024-11-18T16:26:03.736+0000] {processor.py:925} INFO - DAG(s) 'example_complex' retrieved from /home/airflow/.local/lib/python3.12/site-packages/airflow/example_dags/example_complex.py
[2024-11-18T16:26:03.782+0000] {logging_mixin.py:190} INFO - [2024-11-18T16:26:03.782+0000] {dag.py:3239} INFO - Sync 1 DAGs
[2024-11-18T16:26:03.804+0000] {logging_mixin.py:190} INFO - [2024-11-18T16:26:03.803+0000] {dag.py:4180} INFO - Setting next_dagrun for example_complex to None, run_after=None
[2024-11-18T16:26:03.824+0000] {processor.py:208} INFO - Processing /home/airflow/.local/lib/python3.12/site-packages/airflow/example_dags/example_complex.py took 0.124 seconds
[2024-11-18T16:26:34.308+0000] {processor.py:186} INFO - Started process (PID=350) to work on /home/airflow/.local/lib/python3.12/site-packages/airflow/example_dags/example_complex.py
[2024-11-18T16:26:34.309+0000] {processor.py:914} INFO - Processing file /home/airflow/.local/lib/python3.12/site-packages/airflow/example_dags/example_complex.py for tasks to queue
[2024-11-18T16:26:34.312+0000] {logging_mixin.py:190} INFO - [2024-11-18T16:26:34.312+0000] {dagbag.py:588} INFO - Filling up the DagBag from /home/airflow/.local/lib/python3.12/site-packages/airflow/example_dags/example_complex.py
[2024-11-18T16:26:34.327+0000] {processor.py:925} INFO - DAG(s) 'example_complex' retrieved from /home/airflow/.local/lib/python3.12/site-packages/airflow/example_dags/example_complex.py
[2024-11-18T16:26:34.366+0000] {logging_mixin.py:190} INFO - [2024-11-18T16:26:34.366+0000] {dag.py:3239} INFO - Sync 1 DAGs
[2024-11-18T16:26:34.383+0000] {logging_mixin.py:190} INFO - [2024-11-18T16:26:34.383+0000] {dag.py:4180} INFO - Setting next_dagrun for example_complex to None, run_after=None
[2024-11-18T16:26:34.405+0000] {processor.py:208} INFO - Processing /home/airflow/.local/lib/python3.12/site-packages/airflow/example_dags/example_complex.py took 0.104 seconds
[2024-11-18T16:27:04.474+0000] {processor.py:186} INFO - Started process (PID=412) to work on /home/airflow/.local/lib/python3.12/site-packages/airflow/example_dags/example_complex.py
[2024-11-18T16:27:04.475+0000] {processor.py:914} INFO - Processing file /home/airflow/.local/lib/python3.12/site-packages/airflow/example_dags/example_complex.py for tasks to queue
[2024-11-18T16:27:04.478+0000] {logging_mixin.py:190} INFO - [2024-11-18T16:27:04.478+0000] {dagbag.py:588} INFO - Filling up the DagBag from /home/airflow/.local/lib/python3.12/site-packages/airflow/example_dags/example_complex.py
[2024-11-18T16:27:04.494+0000] {processor.py:925} INFO - DAG(s) 'example_complex' retrieved from /home/airflow/.local/lib/python3.12/site-packages/airflow/example_dags/example_complex.py
[2024-11-18T16:27:04.540+0000] {logging_mixin.py:190} INFO - [2024-11-18T16:27:04.539+0000] {dag.py:3239} INFO - Sync 1 DAGs
[2024-11-18T16:27:04.557+0000] {logging_mixin.py:190} INFO - [2024-11-18T16:27:04.557+0000] {dag.py:4180} INFO - Setting next_dagrun for example_complex to None, run_after=None
[2024-11-18T16:27:04.581+0000] {processor.py:208} INFO - Processing /home/airflow/.local/lib/python3.12/site-packages/airflow/example_dags/example_complex.py took 0.115 seconds
[2024-11-18T16:27:34.738+0000] {processor.py:186} INFO - Started process (PID=475) to work on /home/airflow/.local/lib/python3.12/site-packages/airflow/example_dags/example_complex.py
[2024-11-18T16:27:34.740+0000] {processor.py:914} INFO - Processing file /home/airflow/.local/lib/python3.12/site-packages/airflow/example_dags/example_complex.py for tasks to queue
[2024-11-18T16:27:34.743+0000] {logging_mixin.py:190} INFO - [2024-11-18T16:27:34.742+0000] {dagbag.py:588} INFO - Filling up the DagBag from /home/airflow/.local/lib/python3.12/site-packages/airflow/example_dags/example_complex.py
[2024-11-18T16:27:34.761+0000] {processor.py:925} INFO - DAG(s) 'example_complex' retrieved from /home/airflow/.local/lib/python3.12/site-packages/airflow/example_dags/example_complex.py
[2024-11-18T16:27:34.811+0000] {logging_mixin.py:190} INFO - [2024-11-18T16:27:34.810+0000] {dag.py:3239} INFO - Sync 1 DAGs
[2024-11-18T16:27:34.829+0000] {logging_mixin.py:190} INFO - [2024-11-18T16:27:34.828+0000] {dag.py:4180} INFO - Setting next_dagrun for example_complex to None, run_after=None
[2024-11-18T16:27:34.853+0000] {processor.py:208} INFO - Processing /home/airflow/.local/lib/python3.12/site-packages/airflow/example_dags/example_complex.py took 0.123 seconds
[2024-11-18T16:28:05.032+0000] {processor.py:186} INFO - Started process (PID=538) to work on /home/airflow/.local/lib/python3.12/site-packages/airflow/example_dags/example_complex.py
[2024-11-18T16:28:05.033+0000] {processor.py:914} INFO - Processing file /home/airflow/.local/lib/python3.12/site-packages/airflow/example_dags/example_complex.py for tasks to queue
[2024-11-18T16:28:05.036+0000] {logging_mixin.py:190} INFO - [2024-11-18T16:28:05.036+0000] {dagbag.py:588} INFO - Filling up the DagBag from /home/airflow/.local/lib/python3.12/site-packages/airflow/example_dags/example_complex.py
[2024-11-18T16:28:05.052+0000] {processor.py:925} INFO - DAG(s) 'example_complex' retrieved from /home/airflow/.local/lib/python3.12/site-packages/airflow/example_dags/example_complex.py
[2024-11-18T16:28:05.102+0000] {logging_mixin.py:190} INFO - [2024-11-18T16:28:05.102+0000] {dag.py:3239} INFO - Sync 1 DAGs
[2024-11-18T16:28:05.123+0000] {logging_mixin.py:190} INFO - [2024-11-18T16:28:05.122+0000] {dag.py:4180} INFO - Setting next_dagrun for example_complex to None, run_after=None
[2024-11-18T16:28:05.150+0000] {processor.py:208} INFO - Processing /home/airflow/.local/lib/python3.12/site-packages/airflow/example_dags/example_complex.py took 0.125 seconds
[2024-11-18T16:28:35.789+0000] {processor.py:186} INFO - Started process (PID=601) to work on /home/airflow/.local/lib/python3.12/site-packages/airflow/example_dags/example_complex.py
[2024-11-18T16:28:35.790+0000] {processor.py:914} INFO - Processing file /home/airflow/.local/lib/python3.12/site-packages/airflow/example_dags/example_complex.py for tasks to queue
[2024-11-18T16:28:35.793+0000] {logging_mixin.py:190} INFO - [2024-11-18T16:28:35.793+0000] {dagbag.py:588} INFO - Filling up the DagBag from /home/airflow/.local/lib/python3.12/site-packages/airflow/example_dags/example_complex.py
[2024-11-18T16:28:35.808+0000] {processor.py:925} INFO - DAG(s) 'example_complex' retrieved from /home/airflow/.local/lib/python3.12/site-packages/airflow/example_dags/example_complex.py
[2024-11-18T16:28:35.852+0000] {logging_mixin.py:190} INFO - [2024-11-18T16:28:35.851+0000] {dag.py:3239} INFO - Sync 1 DAGs
[2024-11-18T16:28:35.868+0000] {logging_mixin.py:190} INFO - [2024-11-18T16:28:35.868+0000] {dag.py:4180} INFO - Setting next_dagrun for example_complex to None, run_after=None
[2024-11-18T16:28:35.890+0000] {processor.py:208} INFO - Processing /home/airflow/.local/lib/python3.12/site-packages/airflow/example_dags/example_complex.py took 0.109 seconds
[2024-11-18T16:29:06.218+0000] {processor.py:186} INFO - Started process (PID=664) to work on /home/airflow/.local/lib/python3.12/site-packages/airflow/example_dags/example_complex.py
[2024-11-18T16:29:06.220+0000] {processor.py:914} INFO - Processing file /home/airflow/.local/lib/python3.12/site-packages/airflow/example_dags/example_complex.py for tasks to queue
[2024-11-18T16:29:06.223+0000] {logging_mixin.py:190} INFO - [2024-11-18T16:29:06.223+0000] {dagbag.py:588} INFO - Filling up the DagBag from /home/airflow/.local/lib/python3.12/site-packages/airflow/example_dags/example_complex.py
[2024-11-18T16:29:06.238+0000] {processor.py:925} INFO - DAG(s) 'example_complex' retrieved from /home/airflow/.local/lib/python3.12/site-packages/airflow/example_dags/example_complex.py
[2024-11-18T16:29:06.282+0000] {logging_mixin.py:190} INFO - [2024-11-18T16:29:06.282+0000] {dag.py:3239} INFO - Sync 1 DAGs
[2024-11-18T16:29:06.305+0000] {logging_mixin.py:190} INFO - [2024-11-18T16:29:06.304+0000] {dag.py:4180} INFO - Setting next_dagrun for example_complex to None, run_after=None
[2024-11-18T16:29:06.328+0000] {processor.py:208} INFO - Processing /home/airflow/.local/lib/python3.12/site-packages/airflow/example_dags/example_complex.py took 0.117 seconds
[2024-11-18T16:29:36.932+0000] {processor.py:186} INFO - Started process (PID=727) to work on /home/airflow/.local/lib/python3.12/site-packages/airflow/example_dags/example_complex.py
[2024-11-18T16:29:36.933+0000] {processor.py:914} INFO - Processing file /home/airflow/.local/lib/python3.12/site-packages/airflow/example_dags/example_complex.py for tasks to queue
[2024-11-18T16:29:36.942+0000] {logging_mixin.py:190} INFO - [2024-11-18T16:29:36.938+0000] {dagbag.py:588} INFO - Filling up the DagBag from /home/airflow/.local/lib/python3.12/site-packages/airflow/example_dags/example_complex.py
[2024-11-18T16:29:36.964+0000] {processor.py:925} INFO - DAG(s) 'example_complex' retrieved from /home/airflow/.local/lib/python3.12/site-packages/airflow/example_dags/example_complex.py
[2024-11-18T16:29:37.026+0000] {logging_mixin.py:190} INFO - [2024-11-18T16:29:37.025+0000] {dag.py:3239} INFO - Sync 1 DAGs
[2024-11-18T16:29:37.054+0000] {logging_mixin.py:190} INFO - [2024-11-18T16:29:37.053+0000] {dag.py:4180} INFO - Setting next_dagrun for example_complex to None, run_after=None
[2024-11-18T16:29:37.076+0000] {processor.py:208} INFO - Processing /home/airflow/.local/lib/python3.12/site-packages/airflow/example_dags/example_complex.py took 0.155 seconds
[2024-11-18T16:30:07.201+0000] {processor.py:186} INFO - Started process (PID=789) to work on /home/airflow/.local/lib/python3.12/site-packages/airflow/example_dags/example_complex.py
[2024-11-18T16:30:07.203+0000] {processor.py:914} INFO - Processing file /home/airflow/.local/lib/python3.12/site-packages/airflow/example_dags/example_complex.py for tasks to queue
[2024-11-18T16:30:07.206+0000] {logging_mixin.py:190} INFO - [2024-11-18T16:30:07.205+0000] {dagbag.py:588} INFO - Filling up the DagBag from /home/airflow/.local/lib/python3.12/site-packages/airflow/example_dags/example_complex.py
[2024-11-18T16:30:07.222+0000] {processor.py:925} INFO - DAG(s) 'example_complex' retrieved from /home/airflow/.local/lib/python3.12/site-packages/airflow/example_dags/example_complex.py
[2024-11-18T16:30:07.264+0000] {logging_mixin.py:190} INFO - [2024-11-18T16:30:07.263+0000] {dag.py:3239} INFO - Sync 1 DAGs
[2024-11-18T16:30:07.281+0000] {logging_mixin.py:190} INFO - [2024-11-18T16:30:07.280+0000] {dag.py:4180} INFO - Setting next_dagrun for example_complex to None, run_after=None
[2024-11-18T16:30:07.301+0000] {processor.py:208} INFO - Processing /home/airflow/.local/lib/python3.12/site-packages/airflow/example_dags/example_complex.py took 0.109 seconds
[2024-11-18T16:30:37.693+0000] {processor.py:186} INFO - Started process (PID=853) to work on /home/airflow/.local/lib/python3.12/site-packages/airflow/example_dags/example_complex.py
[2024-11-18T16:30:37.694+0000] {processor.py:914} INFO - Processing file /home/airflow/.local/lib/python3.12/site-packages/airflow/example_dags/example_complex.py for tasks to queue
[2024-11-18T16:30:37.698+0000] {logging_mixin.py:190} INFO - [2024-11-18T16:30:37.697+0000] {dagbag.py:588} INFO - Filling up the DagBag from /home/airflow/.local/lib/python3.12/site-packages/airflow/example_dags/example_complex.py
[2024-11-18T16:30:37.716+0000] {processor.py:925} INFO - DAG(s) 'example_complex' retrieved from /home/airflow/.local/lib/python3.12/site-packages/airflow/example_dags/example_complex.py
[2024-11-18T16:30:37.756+0000] {logging_mixin.py:190} INFO - [2024-11-18T16:30:37.756+0000] {dag.py:3239} INFO - Sync 1 DAGs
[2024-11-18T16:30:37.775+0000] {logging_mixin.py:190} INFO - [2024-11-18T16:30:37.774+0000] {dag.py:4180} INFO - Setting next_dagrun for example_complex to None, run_after=None
[2024-11-18T16:30:37.797+0000] {processor.py:208} INFO - Processing /home/airflow/.local/lib/python3.12/site-packages/airflow/example_dags/example_complex.py took 0.112 seconds
[2024-11-18T16:31:08.263+0000] {processor.py:186} INFO - Started process (PID=916) to work on /home/airflow/.local/lib/python3.12/site-packages/airflow/example_dags/example_complex.py
[2024-11-18T16:31:08.264+0000] {processor.py:914} INFO - Processing file /home/airflow/.local/lib/python3.12/site-packages/airflow/example_dags/example_complex.py for tasks to queue
[2024-11-18T16:31:08.267+0000] {logging_mixin.py:190} INFO - [2024-11-18T16:31:08.266+0000] {dagbag.py:588} INFO - Filling up the DagBag from /home/airflow/.local/lib/python3.12/site-packages/airflow/example_dags/example_complex.py
[2024-11-18T16:31:08.285+0000] {processor.py:925} INFO - DAG(s) 'example_complex' retrieved from /home/airflow/.local/lib/python3.12/site-packages/airflow/example_dags/example_complex.py
[2024-11-18T16:31:08.331+0000] {logging_mixin.py:190} INFO - [2024-11-18T16:31:08.331+0000] {dag.py:3239} INFO - Sync 1 DAGs
[2024-11-18T16:31:08.351+0000] {logging_mixin.py:190} INFO - [2024-11-18T16:31:08.351+0000] {dag.py:4180} INFO - Setting next_dagrun for example_complex to None, run_after=None
[2024-11-18T16:31:08.379+0000] {processor.py:208} INFO - Processing /home/airflow/.local/lib/python3.12/site-packages/airflow/example_dags/example_complex.py took 0.125 seconds
[2024-11-18T16:31:38.762+0000] {processor.py:186} INFO - Started process (PID=979) to work on /home/airflow/.local/lib/python3.12/site-packages/airflow/example_dags/example_complex.py
[2024-11-18T16:31:38.763+0000] {processor.py:914} INFO - Processing file /home/airflow/.local/lib/python3.12/site-packages/airflow/example_dags/example_complex.py for tasks to queue
[2024-11-18T16:31:38.766+0000] {logging_mixin.py:190} INFO - [2024-11-18T16:31:38.765+0000] {dagbag.py:588} INFO - Filling up the DagBag from /home/airflow/.local/lib/python3.12/site-packages/airflow/example_dags/example_complex.py
[2024-11-18T16:31:38.784+0000] {processor.py:925} INFO - DAG(s) 'example_complex' retrieved from /home/airflow/.local/lib/python3.12/site-packages/airflow/example_dags/example_complex.py
[2024-11-18T16:31:38.937+0000] {logging_mixin.py:190} INFO - [2024-11-18T16:31:38.935+0000] {dag.py:3239} INFO - Sync 1 DAGs
[2024-11-18T16:31:39.001+0000] {logging_mixin.py:190} INFO - [2024-11-18T16:31:39.001+0000] {dag.py:4180} INFO - Setting next_dagrun for example_complex to None, run_after=None
[2024-11-18T16:31:39.055+0000] {processor.py:208} INFO - Processing /home/airflow/.local/lib/python3.12/site-packages/airflow/example_dags/example_complex.py took 0.301 seconds
[2024-11-18T16:32:09.823+0000] {processor.py:186} INFO - Started process (PID=1042) to work on /home/airflow/.local/lib/python3.12/site-packages/airflow/example_dags/example_complex.py
[2024-11-18T16:32:09.824+0000] {processor.py:914} INFO - Processing file /home/airflow/.local/lib/python3.12/site-packages/airflow/example_dags/example_complex.py for tasks to queue
[2024-11-18T16:32:09.827+0000] {logging_mixin.py:190} INFO - [2024-11-18T16:32:09.827+0000] {dagbag.py:588} INFO - Filling up the DagBag from /home/airflow/.local/lib/python3.12/site-packages/airflow/example_dags/example_complex.py
[2024-11-18T16:32:09.842+0000] {processor.py:925} INFO - DAG(s) 'example_complex' retrieved from /home/airflow/.local/lib/python3.12/site-packages/airflow/example_dags/example_complex.py
[2024-11-18T16:32:09.879+0000] {logging_mixin.py:190} INFO - [2024-11-18T16:32:09.879+0000] {dag.py:3239} INFO - Sync 1 DAGs
[2024-11-18T16:32:09.899+0000] {logging_mixin.py:190} INFO - [2024-11-18T16:32:09.899+0000] {dag.py:4180} INFO - Setting next_dagrun for example_complex to None, run_after=None
[2024-11-18T16:32:09.923+0000] {processor.py:208} INFO - Processing /home/airflow/.local/lib/python3.12/site-packages/airflow/example_dags/example_complex.py took 0.108 seconds
[2024-11-18T16:32:40.721+0000] {processor.py:186} INFO - Started process (PID=1105) to work on /home/airflow/.local/lib/python3.12/site-packages/airflow/example_dags/example_complex.py
[2024-11-18T16:32:40.723+0000] {processor.py:914} INFO - Processing file /home/airflow/.local/lib/python3.12/site-packages/airflow/example_dags/example_complex.py for tasks to queue
[2024-11-18T16:32:40.726+0000] {logging_mixin.py:190} INFO - [2024-11-18T16:32:40.726+0000] {dagbag.py:588} INFO - Filling up the DagBag from /home/airflow/.local/lib/python3.12/site-packages/airflow/example_dags/example_complex.py
[2024-11-18T16:32:40.749+0000] {processor.py:925} INFO - DAG(s) 'example_complex' retrieved from /home/airflow/.local/lib/python3.12/site-packages/airflow/example_dags/example_complex.py
[2024-11-18T16:32:40.825+0000] {logging_mixin.py:190} INFO - [2024-11-18T16:32:40.824+0000] {dag.py:3239} INFO - Sync 1 DAGs
[2024-11-18T16:32:40.852+0000] {logging_mixin.py:190} INFO - [2024-11-18T16:32:40.852+0000] {dag.py:4180} INFO - Setting next_dagrun for example_complex to None, run_after=None
[2024-11-18T16:32:40.885+0000] {processor.py:208} INFO - Processing /home/airflow/.local/lib/python3.12/site-packages/airflow/example_dags/example_complex.py took 0.175 seconds
[2024-11-18T16:33:11.893+0000] {processor.py:186} INFO - Started process (PID=1168) to work on /home/airflow/.local/lib/python3.12/site-packages/airflow/example_dags/example_complex.py
[2024-11-18T16:33:11.894+0000] {processor.py:914} INFO - Processing file /home/airflow/.local/lib/python3.12/site-packages/airflow/example_dags/example_complex.py for tasks to queue
[2024-11-18T16:33:11.897+0000] {logging_mixin.py:190} INFO - [2024-11-18T16:33:11.897+0000] {dagbag.py:588} INFO - Filling up the DagBag from /home/airflow/.local/lib/python3.12/site-packages/airflow/example_dags/example_complex.py
[2024-11-18T16:33:11.918+0000] {processor.py:925} INFO - DAG(s) 'example_complex' retrieved from /home/airflow/.local/lib/python3.12/site-packages/airflow/example_dags/example_complex.py
[2024-11-18T16:33:11.977+0000] {logging_mixin.py:190} INFO - [2024-11-18T16:33:11.977+0000] {dag.py:3239} INFO - Sync 1 DAGs
[2024-11-18T16:33:12.000+0000] {logging_mixin.py:190} INFO - [2024-11-18T16:33:12.000+0000] {dag.py:4180} INFO - Setting next_dagrun for example_complex to None, run_after=None
[2024-11-18T16:33:12.029+0000] {processor.py:208} INFO - Processing /home/airflow/.local/lib/python3.12/site-packages/airflow/example_dags/example_complex.py took 0.149 seconds
[2024-11-18T16:33:42.762+0000] {processor.py:186} INFO - Started process (PID=1231) to work on /home/airflow/.local/lib/python3.12/site-packages/airflow/example_dags/example_complex.py
[2024-11-18T16:33:42.764+0000] {processor.py:914} INFO - Processing file /home/airflow/.local/lib/python3.12/site-packages/airflow/example_dags/example_complex.py for tasks to queue
[2024-11-18T16:33:42.767+0000] {logging_mixin.py:190} INFO - [2024-11-18T16:33:42.767+0000] {dagbag.py:588} INFO - Filling up the DagBag from /home/airflow/.local/lib/python3.12/site-packages/airflow/example_dags/example_complex.py
[2024-11-18T16:33:42.783+0000] {processor.py:925} INFO - DAG(s) 'example_complex' retrieved from /home/airflow/.local/lib/python3.12/site-packages/airflow/example_dags/example_complex.py
[2024-11-18T16:33:42.827+0000] {logging_mixin.py:190} INFO - [2024-11-18T16:33:42.826+0000] {dag.py:3239} INFO - Sync 1 DAGs
[2024-11-18T16:33:42.843+0000] {logging_mixin.py:190} INFO - [2024-11-18T16:33:42.842+0000] {dag.py:4180} INFO - Setting next_dagrun for example_complex to None, run_after=None
[2024-11-18T16:33:42.869+0000] {processor.py:208} INFO - Processing /home/airflow/.local/lib/python3.12/site-packages/airflow/example_dags/example_complex.py took 0.115 seconds
[2024-11-18T16:34:13.710+0000] {processor.py:186} INFO - Started process (PID=1294) to work on /home/airflow/.local/lib/python3.12/site-packages/airflow/example_dags/example_complex.py
[2024-11-18T16:34:13.714+0000] {processor.py:914} INFO - Processing file /home/airflow/.local/lib/python3.12/site-packages/airflow/example_dags/example_complex.py for tasks to queue
[2024-11-18T16:34:13.717+0000] {logging_mixin.py:190} INFO - [2024-11-18T16:34:13.716+0000] {dagbag.py:588} INFO - Filling up the DagBag from /home/airflow/.local/lib/python3.12/site-packages/airflow/example_dags/example_complex.py
[2024-11-18T16:34:13.736+0000] {processor.py:925} INFO - DAG(s) 'example_complex' retrieved from /home/airflow/.local/lib/python3.12/site-packages/airflow/example_dags/example_complex.py
[2024-11-18T16:34:13.790+0000] {logging_mixin.py:190} INFO - [2024-11-18T16:34:13.790+0000] {dag.py:3239} INFO - Sync 1 DAGs
[2024-11-18T16:34:13.811+0000] {logging_mixin.py:190} INFO - [2024-11-18T16:34:13.810+0000] {dag.py:4180} INFO - Setting next_dagrun for example_complex to None, run_after=None
[2024-11-18T16:34:13.839+0000] {processor.py:208} INFO - Processing /home/airflow/.local/lib/python3.12/site-packages/airflow/example_dags/example_complex.py took 0.136 seconds
[2024-11-18T16:39:14.609+0000] {processor.py:186} INFO - Started process (PID=101) to work on /home/airflow/.local/lib/python3.12/site-packages/airflow/example_dags/example_complex.py
[2024-11-18T16:39:14.612+0000] {processor.py:914} INFO - Processing file /home/airflow/.local/lib/python3.12/site-packages/airflow/example_dags/example_complex.py for tasks to queue
[2024-11-18T16:39:14.616+0000] {logging_mixin.py:190} INFO - [2024-11-18T16:39:14.615+0000] {dagbag.py:588} INFO - Filling up the DagBag from /home/airflow/.local/lib/python3.12/site-packages/airflow/example_dags/example_complex.py
[2024-11-18T16:39:14.648+0000] {processor.py:925} INFO - DAG(s) 'example_complex' retrieved from /home/airflow/.local/lib/python3.12/site-packages/airflow/example_dags/example_complex.py
[2024-11-18T16:39:14.710+0000] {logging_mixin.py:190} INFO - [2024-11-18T16:39:14.710+0000] {dag.py:3239} INFO - Sync 1 DAGs
[2024-11-18T16:39:14.744+0000] {logging_mixin.py:190} INFO - [2024-11-18T16:39:14.743+0000] {dag.py:4180} INFO - Setting next_dagrun for example_complex to None, run_after=None
[2024-11-18T16:39:14.796+0000] {processor.py:208} INFO - Processing /home/airflow/.local/lib/python3.12/site-packages/airflow/example_dags/example_complex.py took 0.200 seconds
[2024-11-18T16:39:44.884+0000] {processor.py:186} INFO - Started process (PID=163) to work on /home/airflow/.local/lib/python3.12/site-packages/airflow/example_dags/example_complex.py
[2024-11-18T16:39:44.885+0000] {processor.py:914} INFO - Processing file /home/airflow/.local/lib/python3.12/site-packages/airflow/example_dags/example_complex.py for tasks to queue
[2024-11-18T16:39:44.888+0000] {logging_mixin.py:190} INFO - [2024-11-18T16:39:44.888+0000] {dagbag.py:588} INFO - Filling up the DagBag from /home/airflow/.local/lib/python3.12/site-packages/airflow/example_dags/example_complex.py
[2024-11-18T16:39:44.902+0000] {processor.py:925} INFO - DAG(s) 'example_complex' retrieved from /home/airflow/.local/lib/python3.12/site-packages/airflow/example_dags/example_complex.py
[2024-11-18T16:39:44.942+0000] {logging_mixin.py:190} INFO - [2024-11-18T16:39:44.941+0000] {dag.py:3239} INFO - Sync 1 DAGs
[2024-11-18T16:39:44.970+0000] {logging_mixin.py:190} INFO - [2024-11-18T16:39:44.970+0000] {dag.py:4180} INFO - Setting next_dagrun for example_complex to None, run_after=None
[2024-11-18T16:39:44.991+0000] {processor.py:208} INFO - Processing /home/airflow/.local/lib/python3.12/site-packages/airflow/example_dags/example_complex.py took 0.114 seconds
[2024-11-18T16:40:15.030+0000] {processor.py:186} INFO - Started process (PID=226) to work on /home/airflow/.local/lib/python3.12/site-packages/airflow/example_dags/example_complex.py
[2024-11-18T16:40:15.032+0000] {processor.py:914} INFO - Processing file /home/airflow/.local/lib/python3.12/site-packages/airflow/example_dags/example_complex.py for tasks to queue
[2024-11-18T16:40:15.035+0000] {logging_mixin.py:190} INFO - [2024-11-18T16:40:15.035+0000] {dagbag.py:588} INFO - Filling up the DagBag from /home/airflow/.local/lib/python3.12/site-packages/airflow/example_dags/example_complex.py
[2024-11-18T16:40:15.051+0000] {processor.py:925} INFO - DAG(s) 'example_complex' retrieved from /home/airflow/.local/lib/python3.12/site-packages/airflow/example_dags/example_complex.py
[2024-11-18T16:40:15.098+0000] {logging_mixin.py:190} INFO - [2024-11-18T16:40:15.098+0000] {dag.py:3239} INFO - Sync 1 DAGs
[2024-11-18T16:40:15.118+0000] {logging_mixin.py:190} INFO - [2024-11-18T16:40:15.118+0000] {dag.py:4180} INFO - Setting next_dagrun for example_complex to None, run_after=None
[2024-11-18T16:40:15.144+0000] {processor.py:208} INFO - Processing /home/airflow/.local/lib/python3.12/site-packages/airflow/example_dags/example_complex.py took 0.122 seconds
[2024-11-18T16:40:46.020+0000] {processor.py:186} INFO - Started process (PID=289) to work on /home/airflow/.local/lib/python3.12/site-packages/airflow/example_dags/example_complex.py
[2024-11-18T16:40:46.022+0000] {processor.py:914} INFO - Processing file /home/airflow/.local/lib/python3.12/site-packages/airflow/example_dags/example_complex.py for tasks to queue
[2024-11-18T16:40:46.026+0000] {logging_mixin.py:190} INFO - [2024-11-18T16:40:46.025+0000] {dagbag.py:588} INFO - Filling up the DagBag from /home/airflow/.local/lib/python3.12/site-packages/airflow/example_dags/example_complex.py
[2024-11-18T16:40:46.040+0000] {processor.py:925} INFO - DAG(s) 'example_complex' retrieved from /home/airflow/.local/lib/python3.12/site-packages/airflow/example_dags/example_complex.py
[2024-11-18T16:40:46.078+0000] {logging_mixin.py:190} INFO - [2024-11-18T16:40:46.078+0000] {dag.py:3239} INFO - Sync 1 DAGs
[2024-11-18T16:40:46.095+0000] {logging_mixin.py:190} INFO - [2024-11-18T16:40:46.095+0000] {dag.py:4180} INFO - Setting next_dagrun for example_complex to None, run_after=None
[2024-11-18T16:40:46.116+0000] {processor.py:208} INFO - Processing /home/airflow/.local/lib/python3.12/site-packages/airflow/example_dags/example_complex.py took 0.103 seconds
[2024-11-18T16:41:16.224+0000] {processor.py:186} INFO - Started process (PID=351) to work on /home/airflow/.local/lib/python3.12/site-packages/airflow/example_dags/example_complex.py
[2024-11-18T16:41:16.225+0000] {processor.py:914} INFO - Processing file /home/airflow/.local/lib/python3.12/site-packages/airflow/example_dags/example_complex.py for tasks to queue
[2024-11-18T16:41:16.231+0000] {logging_mixin.py:190} INFO - [2024-11-18T16:41:16.230+0000] {dagbag.py:588} INFO - Filling up the DagBag from /home/airflow/.local/lib/python3.12/site-packages/airflow/example_dags/example_complex.py
[2024-11-18T16:41:16.252+0000] {processor.py:925} INFO - DAG(s) 'example_complex' retrieved from /home/airflow/.local/lib/python3.12/site-packages/airflow/example_dags/example_complex.py
[2024-11-18T16:41:16.368+0000] {logging_mixin.py:190} INFO - [2024-11-18T16:41:16.368+0000] {dag.py:3239} INFO - Sync 1 DAGs
[2024-11-18T16:41:16.385+0000] {logging_mixin.py:190} INFO - [2024-11-18T16:41:16.385+0000] {dag.py:4180} INFO - Setting next_dagrun for example_complex to None, run_after=None
[2024-11-18T16:41:16.403+0000] {processor.py:208} INFO - Processing /home/airflow/.local/lib/python3.12/site-packages/airflow/example_dags/example_complex.py took 0.189 seconds
[2024-11-18T16:41:46.967+0000] {processor.py:186} INFO - Started process (PID=414) to work on /home/airflow/.local/lib/python3.12/site-packages/airflow/example_dags/example_complex.py
[2024-11-18T16:41:46.969+0000] {processor.py:914} INFO - Processing file /home/airflow/.local/lib/python3.12/site-packages/airflow/example_dags/example_complex.py for tasks to queue
[2024-11-18T16:41:46.973+0000] {logging_mixin.py:190} INFO - [2024-11-18T16:41:46.972+0000] {dagbag.py:588} INFO - Filling up the DagBag from /home/airflow/.local/lib/python3.12/site-packages/airflow/example_dags/example_complex.py
[2024-11-18T16:41:46.988+0000] {processor.py:925} INFO - DAG(s) 'example_complex' retrieved from /home/airflow/.local/lib/python3.12/site-packages/airflow/example_dags/example_complex.py
[2024-11-18T16:41:47.022+0000] {logging_mixin.py:190} INFO - [2024-11-18T16:41:47.022+0000] {dag.py:3239} INFO - Sync 1 DAGs
[2024-11-18T16:41:47.039+0000] {logging_mixin.py:190} INFO - [2024-11-18T16:41:47.038+0000] {dag.py:4180} INFO - Setting next_dagrun for example_complex to None, run_after=None
[2024-11-18T16:41:47.059+0000] {processor.py:208} INFO - Processing /home/airflow/.local/lib/python3.12/site-packages/airflow/example_dags/example_complex.py took 0.100 seconds
[2024-11-18T16:42:17.247+0000] {processor.py:186} INFO - Started process (PID=477) to work on /home/airflow/.local/lib/python3.12/site-packages/airflow/example_dags/example_complex.py
[2024-11-18T16:42:17.249+0000] {processor.py:914} INFO - Processing file /home/airflow/.local/lib/python3.12/site-packages/airflow/example_dags/example_complex.py for tasks to queue
[2024-11-18T16:42:17.251+0000] {logging_mixin.py:190} INFO - [2024-11-18T16:42:17.251+0000] {dagbag.py:588} INFO - Filling up the DagBag from /home/airflow/.local/lib/python3.12/site-packages/airflow/example_dags/example_complex.py
[2024-11-18T16:42:17.265+0000] {processor.py:925} INFO - DAG(s) 'example_complex' retrieved from /home/airflow/.local/lib/python3.12/site-packages/airflow/example_dags/example_complex.py
[2024-11-18T16:42:17.301+0000] {logging_mixin.py:190} INFO - [2024-11-18T16:42:17.301+0000] {dag.py:3239} INFO - Sync 1 DAGs
[2024-11-18T16:42:17.318+0000] {logging_mixin.py:190} INFO - [2024-11-18T16:42:17.318+0000] {dag.py:4180} INFO - Setting next_dagrun for example_complex to None, run_after=None
[2024-11-18T16:42:17.338+0000] {processor.py:208} INFO - Processing /home/airflow/.local/lib/python3.12/site-packages/airflow/example_dags/example_complex.py took 0.098 seconds
[2024-11-18T16:42:48.031+0000] {processor.py:186} INFO - Started process (PID=540) to work on /home/airflow/.local/lib/python3.12/site-packages/airflow/example_dags/example_complex.py
[2024-11-18T16:42:48.032+0000] {processor.py:914} INFO - Processing file /home/airflow/.local/lib/python3.12/site-packages/airflow/example_dags/example_complex.py for tasks to queue
[2024-11-18T16:42:48.035+0000] {logging_mixin.py:190} INFO - [2024-11-18T16:42:48.035+0000] {dagbag.py:588} INFO - Filling up the DagBag from /home/airflow/.local/lib/python3.12/site-packages/airflow/example_dags/example_complex.py
[2024-11-18T16:42:48.051+0000] {processor.py:925} INFO - DAG(s) 'example_complex' retrieved from /home/airflow/.local/lib/python3.12/site-packages/airflow/example_dags/example_complex.py
[2024-11-18T16:42:48.091+0000] {logging_mixin.py:190} INFO - [2024-11-18T16:42:48.091+0000] {dag.py:3239} INFO - Sync 1 DAGs
[2024-11-18T16:42:48.109+0000] {logging_mixin.py:190} INFO - [2024-11-18T16:42:48.109+0000] {dag.py:4180} INFO - Setting next_dagrun for example_complex to None, run_after=None
[2024-11-18T16:42:48.132+0000] {processor.py:208} INFO - Processing /home/airflow/.local/lib/python3.12/site-packages/airflow/example_dags/example_complex.py took 0.110 seconds
[2024-11-18T16:43:18.245+0000] {processor.py:186} INFO - Started process (PID=603) to work on /home/airflow/.local/lib/python3.12/site-packages/airflow/example_dags/example_complex.py
[2024-11-18T16:43:18.247+0000] {processor.py:914} INFO - Processing file /home/airflow/.local/lib/python3.12/site-packages/airflow/example_dags/example_complex.py for tasks to queue
[2024-11-18T16:43:18.251+0000] {logging_mixin.py:190} INFO - [2024-11-18T16:43:18.251+0000] {dagbag.py:588} INFO - Filling up the DagBag from /home/airflow/.local/lib/python3.12/site-packages/airflow/example_dags/example_complex.py
[2024-11-18T16:43:18.271+0000] {processor.py:925} INFO - DAG(s) 'example_complex' retrieved from /home/airflow/.local/lib/python3.12/site-packages/airflow/example_dags/example_complex.py
[2024-11-18T16:43:18.315+0000] {logging_mixin.py:190} INFO - [2024-11-18T16:43:18.315+0000] {dag.py:3239} INFO - Sync 1 DAGs
[2024-11-18T16:43:18.331+0000] {logging_mixin.py:190} INFO - [2024-11-18T16:43:18.331+0000] {dag.py:4180} INFO - Setting next_dagrun for example_complex to None, run_after=None
[2024-11-18T16:43:18.352+0000] {processor.py:208} INFO - Processing /home/airflow/.local/lib/python3.12/site-packages/airflow/example_dags/example_complex.py took 0.115 seconds
[2024-11-18T16:43:48.575+0000] {processor.py:186} INFO - Started process (PID=666) to work on /home/airflow/.local/lib/python3.12/site-packages/airflow/example_dags/example_complex.py
[2024-11-18T16:43:48.577+0000] {processor.py:914} INFO - Processing file /home/airflow/.local/lib/python3.12/site-packages/airflow/example_dags/example_complex.py for tasks to queue
[2024-11-18T16:43:48.580+0000] {logging_mixin.py:190} INFO - [2024-11-18T16:43:48.579+0000] {dagbag.py:588} INFO - Filling up the DagBag from /home/airflow/.local/lib/python3.12/site-packages/airflow/example_dags/example_complex.py
[2024-11-18T16:43:48.597+0000] {processor.py:925} INFO - DAG(s) 'example_complex' retrieved from /home/airflow/.local/lib/python3.12/site-packages/airflow/example_dags/example_complex.py
[2024-11-18T16:43:48.645+0000] {logging_mixin.py:190} INFO - [2024-11-18T16:43:48.645+0000] {dag.py:3239} INFO - Sync 1 DAGs
[2024-11-18T16:43:48.661+0000] {logging_mixin.py:190} INFO - [2024-11-18T16:43:48.661+0000] {dag.py:4180} INFO - Setting next_dagrun for example_complex to None, run_after=None
[2024-11-18T16:43:48.681+0000] {processor.py:208} INFO - Processing /home/airflow/.local/lib/python3.12/site-packages/airflow/example_dags/example_complex.py took 0.113 seconds
[2024-11-18T16:44:18.894+0000] {processor.py:186} INFO - Started process (PID=729) to work on /home/airflow/.local/lib/python3.12/site-packages/airflow/example_dags/example_complex.py
[2024-11-18T16:44:18.895+0000] {processor.py:914} INFO - Processing file /home/airflow/.local/lib/python3.12/site-packages/airflow/example_dags/example_complex.py for tasks to queue
[2024-11-18T16:44:18.898+0000] {logging_mixin.py:190} INFO - [2024-11-18T16:44:18.898+0000] {dagbag.py:588} INFO - Filling up the DagBag from /home/airflow/.local/lib/python3.12/site-packages/airflow/example_dags/example_complex.py
[2024-11-18T16:44:18.913+0000] {processor.py:925} INFO - DAG(s) 'example_complex' retrieved from /home/airflow/.local/lib/python3.12/site-packages/airflow/example_dags/example_complex.py
[2024-11-18T16:44:18.952+0000] {logging_mixin.py:190} INFO - [2024-11-18T16:44:18.952+0000] {dag.py:3239} INFO - Sync 1 DAGs
[2024-11-18T16:44:18.970+0000] {logging_mixin.py:190} INFO - [2024-11-18T16:44:18.970+0000] {dag.py:4180} INFO - Setting next_dagrun for example_complex to None, run_after=None
[2024-11-18T16:44:18.993+0000] {processor.py:208} INFO - Processing /home/airflow/.local/lib/python3.12/site-packages/airflow/example_dags/example_complex.py took 0.106 seconds
[2024-11-18T16:44:49.372+0000] {processor.py:186} INFO - Started process (PID=791) to work on /home/airflow/.local/lib/python3.12/site-packages/airflow/example_dags/example_complex.py
[2024-11-18T16:44:49.373+0000] {processor.py:914} INFO - Processing file /home/airflow/.local/lib/python3.12/site-packages/airflow/example_dags/example_complex.py for tasks to queue
[2024-11-18T16:44:49.376+0000] {logging_mixin.py:190} INFO - [2024-11-18T16:44:49.376+0000] {dagbag.py:588} INFO - Filling up the DagBag from /home/airflow/.local/lib/python3.12/site-packages/airflow/example_dags/example_complex.py
[2024-11-18T16:44:49.391+0000] {processor.py:925} INFO - DAG(s) 'example_complex' retrieved from /home/airflow/.local/lib/python3.12/site-packages/airflow/example_dags/example_complex.py
[2024-11-18T16:44:49.434+0000] {logging_mixin.py:190} INFO - [2024-11-18T16:44:49.434+0000] {dag.py:3239} INFO - Sync 1 DAGs
[2024-11-18T16:44:49.457+0000] {logging_mixin.py:190} INFO - [2024-11-18T16:44:49.457+0000] {dag.py:4180} INFO - Setting next_dagrun for example_complex to None, run_after=None
[2024-11-18T16:44:49.482+0000] {processor.py:208} INFO - Processing /home/airflow/.local/lib/python3.12/site-packages/airflow/example_dags/example_complex.py took 0.117 seconds
[2024-11-18T16:45:20.011+0000] {processor.py:186} INFO - Started process (PID=854) to work on /home/airflow/.local/lib/python3.12/site-packages/airflow/example_dags/example_complex.py
[2024-11-18T16:45:20.012+0000] {processor.py:914} INFO - Processing file /home/airflow/.local/lib/python3.12/site-packages/airflow/example_dags/example_complex.py for tasks to queue
[2024-11-18T16:45:20.015+0000] {logging_mixin.py:190} INFO - [2024-11-18T16:45:20.015+0000] {dagbag.py:588} INFO - Filling up the DagBag from /home/airflow/.local/lib/python3.12/site-packages/airflow/example_dags/example_complex.py
[2024-11-18T16:45:20.029+0000] {processor.py:925} INFO - DAG(s) 'example_complex' retrieved from /home/airflow/.local/lib/python3.12/site-packages/airflow/example_dags/example_complex.py
[2024-11-18T16:45:20.067+0000] {logging_mixin.py:190} INFO - [2024-11-18T16:45:20.066+0000] {dag.py:3239} INFO - Sync 1 DAGs
[2024-11-18T16:45:20.084+0000] {logging_mixin.py:190} INFO - [2024-11-18T16:45:20.084+0000] {dag.py:4180} INFO - Setting next_dagrun for example_complex to None, run_after=None
[2024-11-18T16:45:20.105+0000] {processor.py:208} INFO - Processing /home/airflow/.local/lib/python3.12/site-packages/airflow/example_dags/example_complex.py took 0.100 seconds
[2024-11-18T16:45:50.306+0000] {processor.py:186} INFO - Started process (PID=916) to work on /home/airflow/.local/lib/python3.12/site-packages/airflow/example_dags/example_complex.py
[2024-11-18T16:45:50.307+0000] {processor.py:914} INFO - Processing file /home/airflow/.local/lib/python3.12/site-packages/airflow/example_dags/example_complex.py for tasks to queue
[2024-11-18T16:45:50.310+0000] {logging_mixin.py:190} INFO - [2024-11-18T16:45:50.309+0000] {dagbag.py:588} INFO - Filling up the DagBag from /home/airflow/.local/lib/python3.12/site-packages/airflow/example_dags/example_complex.py
[2024-11-18T16:45:50.326+0000] {processor.py:925} INFO - DAG(s) 'example_complex' retrieved from /home/airflow/.local/lib/python3.12/site-packages/airflow/example_dags/example_complex.py
[2024-11-18T16:45:50.363+0000] {logging_mixin.py:190} INFO - [2024-11-18T16:45:50.363+0000] {dag.py:3239} INFO - Sync 1 DAGs
[2024-11-18T16:45:50.380+0000] {logging_mixin.py:190} INFO - [2024-11-18T16:45:50.380+0000] {dag.py:4180} INFO - Setting next_dagrun for example_complex to None, run_after=None
[2024-11-18T16:45:50.404+0000] {processor.py:208} INFO - Processing /home/airflow/.local/lib/python3.12/site-packages/airflow/example_dags/example_complex.py took 0.106 seconds
[2024-11-18T16:46:20.501+0000] {processor.py:186} INFO - Started process (PID=979) to work on /home/airflow/.local/lib/python3.12/site-packages/airflow/example_dags/example_complex.py
[2024-11-18T16:46:20.504+0000] {processor.py:914} INFO - Processing file /home/airflow/.local/lib/python3.12/site-packages/airflow/example_dags/example_complex.py for tasks to queue
[2024-11-18T16:46:20.507+0000] {logging_mixin.py:190} INFO - [2024-11-18T16:46:20.506+0000] {dagbag.py:588} INFO - Filling up the DagBag from /home/airflow/.local/lib/python3.12/site-packages/airflow/example_dags/example_complex.py
[2024-11-18T16:46:20.521+0000] {processor.py:925} INFO - DAG(s) 'example_complex' retrieved from /home/airflow/.local/lib/python3.12/site-packages/airflow/example_dags/example_complex.py
[2024-11-18T16:46:20.559+0000] {logging_mixin.py:190} INFO - [2024-11-18T16:46:20.559+0000] {dag.py:3239} INFO - Sync 1 DAGs
[2024-11-18T16:46:20.576+0000] {logging_mixin.py:190} INFO - [2024-11-18T16:46:20.576+0000] {dag.py:4180} INFO - Setting next_dagrun for example_complex to None, run_after=None
[2024-11-18T16:46:20.597+0000] {processor.py:208} INFO - Processing /home/airflow/.local/lib/python3.12/site-packages/airflow/example_dags/example_complex.py took 0.103 seconds
[2024-11-18T16:46:50.657+0000] {processor.py:186} INFO - Started process (PID=1042) to work on /home/airflow/.local/lib/python3.12/site-packages/airflow/example_dags/example_complex.py
[2024-11-18T16:46:50.658+0000] {processor.py:914} INFO - Processing file /home/airflow/.local/lib/python3.12/site-packages/airflow/example_dags/example_complex.py for tasks to queue
[2024-11-18T16:46:50.661+0000] {logging_mixin.py:190} INFO - [2024-11-18T16:46:50.660+0000] {dagbag.py:588} INFO - Filling up the DagBag from /home/airflow/.local/lib/python3.12/site-packages/airflow/example_dags/example_complex.py
[2024-11-18T16:46:50.677+0000] {processor.py:925} INFO - DAG(s) 'example_complex' retrieved from /home/airflow/.local/lib/python3.12/site-packages/airflow/example_dags/example_complex.py
[2024-11-18T16:46:50.717+0000] {logging_mixin.py:190} INFO - [2024-11-18T16:46:50.716+0000] {dag.py:3239} INFO - Sync 1 DAGs
[2024-11-18T16:46:50.733+0000] {logging_mixin.py:190} INFO - [2024-11-18T16:46:50.733+0000] {dag.py:4180} INFO - Setting next_dagrun for example_complex to None, run_after=None
[2024-11-18T16:46:50.755+0000] {processor.py:208} INFO - Processing /home/airflow/.local/lib/python3.12/site-packages/airflow/example_dags/example_complex.py took 0.105 seconds
[2024-11-18T16:47:20.871+0000] {processor.py:186} INFO - Started process (PID=1104) to work on /home/airflow/.local/lib/python3.12/site-packages/airflow/example_dags/example_complex.py
[2024-11-18T16:47:20.872+0000] {processor.py:914} INFO - Processing file /home/airflow/.local/lib/python3.12/site-packages/airflow/example_dags/example_complex.py for tasks to queue
[2024-11-18T16:47:20.875+0000] {logging_mixin.py:190} INFO - [2024-11-18T16:47:20.875+0000] {dagbag.py:588} INFO - Filling up the DagBag from /home/airflow/.local/lib/python3.12/site-packages/airflow/example_dags/example_complex.py
[2024-11-18T16:47:20.895+0000] {processor.py:925} INFO - DAG(s) 'example_complex' retrieved from /home/airflow/.local/lib/python3.12/site-packages/airflow/example_dags/example_complex.py
[2024-11-18T16:47:20.938+0000] {logging_mixin.py:190} INFO - [2024-11-18T16:47:20.937+0000] {dag.py:3239} INFO - Sync 1 DAGs
[2024-11-18T16:47:20.955+0000] {logging_mixin.py:190} INFO - [2024-11-18T16:47:20.955+0000] {dag.py:4180} INFO - Setting next_dagrun for example_complex to None, run_after=None
[2024-11-18T16:47:20.977+0000] {processor.py:208} INFO - Processing /home/airflow/.local/lib/python3.12/site-packages/airflow/example_dags/example_complex.py took 0.114 seconds
[2024-11-18T16:47:51.891+0000] {processor.py:186} INFO - Started process (PID=1168) to work on /home/airflow/.local/lib/python3.12/site-packages/airflow/example_dags/example_complex.py
[2024-11-18T16:47:51.892+0000] {processor.py:914} INFO - Processing file /home/airflow/.local/lib/python3.12/site-packages/airflow/example_dags/example_complex.py for tasks to queue
[2024-11-18T16:47:51.895+0000] {logging_mixin.py:190} INFO - [2024-11-18T16:47:51.895+0000] {dagbag.py:588} INFO - Filling up the DagBag from /home/airflow/.local/lib/python3.12/site-packages/airflow/example_dags/example_complex.py
[2024-11-18T16:47:51.912+0000] {processor.py:925} INFO - DAG(s) 'example_complex' retrieved from /home/airflow/.local/lib/python3.12/site-packages/airflow/example_dags/example_complex.py
[2024-11-18T16:47:51.960+0000] {logging_mixin.py:190} INFO - [2024-11-18T16:47:51.959+0000] {dag.py:3239} INFO - Sync 1 DAGs
[2024-11-18T16:47:51.983+0000] {logging_mixin.py:190} INFO - [2024-11-18T16:47:51.983+0000] {dag.py:4180} INFO - Setting next_dagrun for example_complex to None, run_after=None
[2024-11-18T16:47:52.006+0000] {processor.py:208} INFO - Processing /home/airflow/.local/lib/python3.12/site-packages/airflow/example_dags/example_complex.py took 0.124 seconds
[2024-11-18T16:48:22.745+0000] {processor.py:186} INFO - Started process (PID=1231) to work on /home/airflow/.local/lib/python3.12/site-packages/airflow/example_dags/example_complex.py
[2024-11-18T16:48:22.746+0000] {processor.py:914} INFO - Processing file /home/airflow/.local/lib/python3.12/site-packages/airflow/example_dags/example_complex.py for tasks to queue
[2024-11-18T16:48:22.749+0000] {logging_mixin.py:190} INFO - [2024-11-18T16:48:22.749+0000] {dagbag.py:588} INFO - Filling up the DagBag from /home/airflow/.local/lib/python3.12/site-packages/airflow/example_dags/example_complex.py
[2024-11-18T16:48:22.766+0000] {processor.py:925} INFO - DAG(s) 'example_complex' retrieved from /home/airflow/.local/lib/python3.12/site-packages/airflow/example_dags/example_complex.py
[2024-11-18T16:48:22.802+0000] {logging_mixin.py:190} INFO - [2024-11-18T16:48:22.801+0000] {dag.py:3239} INFO - Sync 1 DAGs
[2024-11-18T16:48:22.819+0000] {logging_mixin.py:190} INFO - [2024-11-18T16:48:22.818+0000] {dag.py:4180} INFO - Setting next_dagrun for example_complex to None, run_after=None
[2024-11-18T16:48:22.842+0000] {processor.py:208} INFO - Processing /home/airflow/.local/lib/python3.12/site-packages/airflow/example_dags/example_complex.py took 0.106 seconds
[2024-11-18T16:48:53.051+0000] {processor.py:186} INFO - Started process (PID=1294) to work on /home/airflow/.local/lib/python3.12/site-packages/airflow/example_dags/example_complex.py
[2024-11-18T16:48:53.052+0000] {processor.py:914} INFO - Processing file /home/airflow/.local/lib/python3.12/site-packages/airflow/example_dags/example_complex.py for tasks to queue
[2024-11-18T16:48:53.055+0000] {logging_mixin.py:190} INFO - [2024-11-18T16:48:53.055+0000] {dagbag.py:588} INFO - Filling up the DagBag from /home/airflow/.local/lib/python3.12/site-packages/airflow/example_dags/example_complex.py
[2024-11-18T16:48:53.069+0000] {processor.py:925} INFO - DAG(s) 'example_complex' retrieved from /home/airflow/.local/lib/python3.12/site-packages/airflow/example_dags/example_complex.py
[2024-11-18T16:48:53.110+0000] {logging_mixin.py:190} INFO - [2024-11-18T16:48:53.110+0000] {dag.py:3239} INFO - Sync 1 DAGs
[2024-11-18T16:48:53.127+0000] {logging_mixin.py:190} INFO - [2024-11-18T16:48:53.126+0000] {dag.py:4180} INFO - Setting next_dagrun for example_complex to None, run_after=None
[2024-11-18T16:48:53.146+0000] {processor.py:208} INFO - Processing /home/airflow/.local/lib/python3.12/site-packages/airflow/example_dags/example_complex.py took 0.102 seconds
[2024-11-18T16:49:23.732+0000] {processor.py:186} INFO - Started process (PID=1357) to work on /home/airflow/.local/lib/python3.12/site-packages/airflow/example_dags/example_complex.py
[2024-11-18T16:49:23.733+0000] {processor.py:914} INFO - Processing file /home/airflow/.local/lib/python3.12/site-packages/airflow/example_dags/example_complex.py for tasks to queue
[2024-11-18T16:49:23.736+0000] {logging_mixin.py:190} INFO - [2024-11-18T16:49:23.736+0000] {dagbag.py:588} INFO - Filling up the DagBag from /home/airflow/.local/lib/python3.12/site-packages/airflow/example_dags/example_complex.py
[2024-11-18T16:49:23.753+0000] {processor.py:925} INFO - DAG(s) 'example_complex' retrieved from /home/airflow/.local/lib/python3.12/site-packages/airflow/example_dags/example_complex.py
[2024-11-18T16:49:23.794+0000] {logging_mixin.py:190} INFO - [2024-11-18T16:49:23.794+0000] {dag.py:3239} INFO - Sync 1 DAGs
[2024-11-18T16:49:23.812+0000] {logging_mixin.py:190} INFO - [2024-11-18T16:49:23.811+0000] {dag.py:4180} INFO - Setting next_dagrun for example_complex to None, run_after=None
[2024-11-18T16:49:23.833+0000] {processor.py:208} INFO - Processing /home/airflow/.local/lib/python3.12/site-packages/airflow/example_dags/example_complex.py took 0.110 seconds
[2024-11-18T16:49:53.992+0000] {processor.py:186} INFO - Started process (PID=1420) to work on /home/airflow/.local/lib/python3.12/site-packages/airflow/example_dags/example_complex.py
[2024-11-18T16:49:53.993+0000] {processor.py:914} INFO - Processing file /home/airflow/.local/lib/python3.12/site-packages/airflow/example_dags/example_complex.py for tasks to queue
[2024-11-18T16:49:53.996+0000] {logging_mixin.py:190} INFO - [2024-11-18T16:49:53.996+0000] {dagbag.py:588} INFO - Filling up the DagBag from /home/airflow/.local/lib/python3.12/site-packages/airflow/example_dags/example_complex.py
[2024-11-18T16:49:54.011+0000] {processor.py:925} INFO - DAG(s) 'example_complex' retrieved from /home/airflow/.local/lib/python3.12/site-packages/airflow/example_dags/example_complex.py
[2024-11-18T16:49:54.051+0000] {logging_mixin.py:190} INFO - [2024-11-18T16:49:54.051+0000] {dag.py:3239} INFO - Sync 1 DAGs
[2024-11-18T16:49:54.071+0000] {logging_mixin.py:190} INFO - [2024-11-18T16:49:54.070+0000] {dag.py:4180} INFO - Setting next_dagrun for example_complex to None, run_after=None
[2024-11-18T16:49:54.091+0000] {processor.py:208} INFO - Processing /home/airflow/.local/lib/python3.12/site-packages/airflow/example_dags/example_complex.py took 0.108 seconds
[2024-11-18T16:50:24.265+0000] {processor.py:186} INFO - Started process (PID=1483) to work on /home/airflow/.local/lib/python3.12/site-packages/airflow/example_dags/example_complex.py
[2024-11-18T16:50:24.266+0000] {processor.py:914} INFO - Processing file /home/airflow/.local/lib/python3.12/site-packages/airflow/example_dags/example_complex.py for tasks to queue
[2024-11-18T16:50:24.269+0000] {logging_mixin.py:190} INFO - [2024-11-18T16:50:24.268+0000] {dagbag.py:588} INFO - Filling up the DagBag from /home/airflow/.local/lib/python3.12/site-packages/airflow/example_dags/example_complex.py
[2024-11-18T16:50:24.286+0000] {processor.py:925} INFO - DAG(s) 'example_complex' retrieved from /home/airflow/.local/lib/python3.12/site-packages/airflow/example_dags/example_complex.py
[2024-11-18T16:50:24.325+0000] {logging_mixin.py:190} INFO - [2024-11-18T16:50:24.324+0000] {dag.py:3239} INFO - Sync 1 DAGs
[2024-11-18T16:50:24.342+0000] {logging_mixin.py:190} INFO - [2024-11-18T16:50:24.342+0000] {dag.py:4180} INFO - Setting next_dagrun for example_complex to None, run_after=None
[2024-11-18T16:50:24.363+0000] {processor.py:208} INFO - Processing /home/airflow/.local/lib/python3.12/site-packages/airflow/example_dags/example_complex.py took 0.105 seconds
[2024-11-18T16:50:55.018+0000] {processor.py:186} INFO - Started process (PID=1546) to work on /home/airflow/.local/lib/python3.12/site-packages/airflow/example_dags/example_complex.py
[2024-11-18T16:50:55.019+0000] {processor.py:914} INFO - Processing file /home/airflow/.local/lib/python3.12/site-packages/airflow/example_dags/example_complex.py for tasks to queue
[2024-11-18T16:50:55.022+0000] {logging_mixin.py:190} INFO - [2024-11-18T16:50:55.021+0000] {dagbag.py:588} INFO - Filling up the DagBag from /home/airflow/.local/lib/python3.12/site-packages/airflow/example_dags/example_complex.py
[2024-11-18T16:50:55.038+0000] {processor.py:925} INFO - DAG(s) 'example_complex' retrieved from /home/airflow/.local/lib/python3.12/site-packages/airflow/example_dags/example_complex.py
[2024-11-18T16:50:55.077+0000] {logging_mixin.py:190} INFO - [2024-11-18T16:50:55.077+0000] {dag.py:3239} INFO - Sync 1 DAGs
[2024-11-18T16:50:55.094+0000] {logging_mixin.py:190} INFO - [2024-11-18T16:50:55.094+0000] {dag.py:4180} INFO - Setting next_dagrun for example_complex to None, run_after=None
[2024-11-18T16:50:55.114+0000] {processor.py:208} INFO - Processing /home/airflow/.local/lib/python3.12/site-packages/airflow/example_dags/example_complex.py took 0.105 seconds
[2024-11-18T16:51:25.668+0000] {processor.py:186} INFO - Started process (PID=1609) to work on /home/airflow/.local/lib/python3.12/site-packages/airflow/example_dags/example_complex.py
[2024-11-18T16:51:25.669+0000] {processor.py:914} INFO - Processing file /home/airflow/.local/lib/python3.12/site-packages/airflow/example_dags/example_complex.py for tasks to queue
[2024-11-18T16:51:25.672+0000] {logging_mixin.py:190} INFO - [2024-11-18T16:51:25.672+0000] {dagbag.py:588} INFO - Filling up the DagBag from /home/airflow/.local/lib/python3.12/site-packages/airflow/example_dags/example_complex.py
[2024-11-18T16:51:25.688+0000] {processor.py:925} INFO - DAG(s) 'example_complex' retrieved from /home/airflow/.local/lib/python3.12/site-packages/airflow/example_dags/example_complex.py
[2024-11-18T16:51:25.736+0000] {logging_mixin.py:190} INFO - [2024-11-18T16:51:25.736+0000] {dag.py:3239} INFO - Sync 1 DAGs
[2024-11-18T16:51:25.757+0000] {logging_mixin.py:190} INFO - [2024-11-18T16:51:25.757+0000] {dag.py:4180} INFO - Setting next_dagrun for example_complex to None, run_after=None
[2024-11-18T16:51:25.778+0000] {processor.py:208} INFO - Processing /home/airflow/.local/lib/python3.12/site-packages/airflow/example_dags/example_complex.py took 0.118 seconds
[2024-11-18T16:51:55.914+0000] {processor.py:186} INFO - Started process (PID=1671) to work on /home/airflow/.local/lib/python3.12/site-packages/airflow/example_dags/example_complex.py
[2024-11-18T16:51:55.916+0000] {processor.py:914} INFO - Processing file /home/airflow/.local/lib/python3.12/site-packages/airflow/example_dags/example_complex.py for tasks to queue
[2024-11-18T16:51:55.921+0000] {logging_mixin.py:190} INFO - [2024-11-18T16:51:55.921+0000] {dagbag.py:588} INFO - Filling up the DagBag from /home/airflow/.local/lib/python3.12/site-packages/airflow/example_dags/example_complex.py
[2024-11-18T16:51:55.935+0000] {processor.py:925} INFO - DAG(s) 'example_complex' retrieved from /home/airflow/.local/lib/python3.12/site-packages/airflow/example_dags/example_complex.py
[2024-11-18T16:51:55.974+0000] {logging_mixin.py:190} INFO - [2024-11-18T16:51:55.974+0000] {dag.py:3239} INFO - Sync 1 DAGs
[2024-11-18T16:51:55.993+0000] {logging_mixin.py:190} INFO - [2024-11-18T16:51:55.992+0000] {dag.py:4180} INFO - Setting next_dagrun for example_complex to None, run_after=None
[2024-11-18T16:51:56.017+0000] {processor.py:208} INFO - Processing /home/airflow/.local/lib/python3.12/site-packages/airflow/example_dags/example_complex.py took 0.110 seconds
[2024-11-18T16:52:26.066+0000] {processor.py:186} INFO - Started process (PID=1733) to work on /home/airflow/.local/lib/python3.12/site-packages/airflow/example_dags/example_complex.py
[2024-11-18T16:52:26.067+0000] {processor.py:914} INFO - Processing file /home/airflow/.local/lib/python3.12/site-packages/airflow/example_dags/example_complex.py for tasks to queue
[2024-11-18T16:52:26.070+0000] {logging_mixin.py:190} INFO - [2024-11-18T16:52:26.070+0000] {dagbag.py:588} INFO - Filling up the DagBag from /home/airflow/.local/lib/python3.12/site-packages/airflow/example_dags/example_complex.py
[2024-11-18T16:52:26.084+0000] {processor.py:925} INFO - DAG(s) 'example_complex' retrieved from /home/airflow/.local/lib/python3.12/site-packages/airflow/example_dags/example_complex.py
[2024-11-18T16:52:26.120+0000] {logging_mixin.py:190} INFO - [2024-11-18T16:52:26.119+0000] {dag.py:3239} INFO - Sync 1 DAGs
[2024-11-18T16:52:26.138+0000] {logging_mixin.py:190} INFO - [2024-11-18T16:52:26.138+0000] {dag.py:4180} INFO - Setting next_dagrun for example_complex to None, run_after=None
[2024-11-18T16:52:26.159+0000] {processor.py:208} INFO - Processing /home/airflow/.local/lib/python3.12/site-packages/airflow/example_dags/example_complex.py took 0.100 seconds
[2024-11-18T16:52:56.426+0000] {processor.py:186} INFO - Started process (PID=1796) to work on /home/airflow/.local/lib/python3.12/site-packages/airflow/example_dags/example_complex.py
[2024-11-18T16:52:56.427+0000] {processor.py:914} INFO - Processing file /home/airflow/.local/lib/python3.12/site-packages/airflow/example_dags/example_complex.py for tasks to queue
[2024-11-18T16:52:56.430+0000] {logging_mixin.py:190} INFO - [2024-11-18T16:52:56.430+0000] {dagbag.py:588} INFO - Filling up the DagBag from /home/airflow/.local/lib/python3.12/site-packages/airflow/example_dags/example_complex.py
[2024-11-18T16:52:56.447+0000] {processor.py:925} INFO - DAG(s) 'example_complex' retrieved from /home/airflow/.local/lib/python3.12/site-packages/airflow/example_dags/example_complex.py
[2024-11-18T16:52:56.490+0000] {logging_mixin.py:190} INFO - [2024-11-18T16:52:56.489+0000] {dag.py:3239} INFO - Sync 1 DAGs
[2024-11-18T16:52:56.508+0000] {logging_mixin.py:190} INFO - [2024-11-18T16:52:56.508+0000] {dag.py:4180} INFO - Setting next_dagrun for example_complex to None, run_after=None
[2024-11-18T16:52:56.534+0000] {processor.py:208} INFO - Processing /home/airflow/.local/lib/python3.12/site-packages/airflow/example_dags/example_complex.py took 0.116 seconds
[2024-11-18T16:53:26.897+0000] {processor.py:186} INFO - Started process (PID=1858) to work on /home/airflow/.local/lib/python3.12/site-packages/airflow/example_dags/example_complex.py
[2024-11-18T16:53:26.899+0000] {processor.py:914} INFO - Processing file /home/airflow/.local/lib/python3.12/site-packages/airflow/example_dags/example_complex.py for tasks to queue
[2024-11-18T16:53:26.902+0000] {logging_mixin.py:190} INFO - [2024-11-18T16:53:26.901+0000] {dagbag.py:588} INFO - Filling up the DagBag from /home/airflow/.local/lib/python3.12/site-packages/airflow/example_dags/example_complex.py
[2024-11-18T16:53:26.919+0000] {processor.py:925} INFO - DAG(s) 'example_complex' retrieved from /home/airflow/.local/lib/python3.12/site-packages/airflow/example_dags/example_complex.py
[2024-11-18T16:53:26.956+0000] {logging_mixin.py:190} INFO - [2024-11-18T16:53:26.956+0000] {dag.py:3239} INFO - Sync 1 DAGs
[2024-11-18T16:53:26.974+0000] {logging_mixin.py:190} INFO - [2024-11-18T16:53:26.974+0000] {dag.py:4180} INFO - Setting next_dagrun for example_complex to None, run_after=None
[2024-11-18T16:53:26.997+0000] {processor.py:208} INFO - Processing /home/airflow/.local/lib/python3.12/site-packages/airflow/example_dags/example_complex.py took 0.107 seconds
[2024-11-18T16:53:57.105+0000] {processor.py:186} INFO - Started process (PID=1921) to work on /home/airflow/.local/lib/python3.12/site-packages/airflow/example_dags/example_complex.py
[2024-11-18T16:53:57.106+0000] {processor.py:914} INFO - Processing file /home/airflow/.local/lib/python3.12/site-packages/airflow/example_dags/example_complex.py for tasks to queue
[2024-11-18T16:53:57.109+0000] {logging_mixin.py:190} INFO - [2024-11-18T16:53:57.108+0000] {dagbag.py:588} INFO - Filling up the DagBag from /home/airflow/.local/lib/python3.12/site-packages/airflow/example_dags/example_complex.py
[2024-11-18T16:53:57.128+0000] {processor.py:925} INFO - DAG(s) 'example_complex' retrieved from /home/airflow/.local/lib/python3.12/site-packages/airflow/example_dags/example_complex.py
[2024-11-18T16:53:57.172+0000] {logging_mixin.py:190} INFO - [2024-11-18T16:53:57.172+0000] {dag.py:3239} INFO - Sync 1 DAGs
[2024-11-18T16:53:57.190+0000] {logging_mixin.py:190} INFO - [2024-11-18T16:53:57.190+0000] {dag.py:4180} INFO - Setting next_dagrun for example_complex to None, run_after=None
[2024-11-18T16:53:57.212+0000] {processor.py:208} INFO - Processing /home/airflow/.local/lib/python3.12/site-packages/airflow/example_dags/example_complex.py took 0.115 seconds
[2024-11-18T16:54:27.471+0000] {processor.py:186} INFO - Started process (PID=1984) to work on /home/airflow/.local/lib/python3.12/site-packages/airflow/example_dags/example_complex.py
[2024-11-18T16:54:27.472+0000] {processor.py:914} INFO - Processing file /home/airflow/.local/lib/python3.12/site-packages/airflow/example_dags/example_complex.py for tasks to queue
[2024-11-18T16:54:27.475+0000] {logging_mixin.py:190} INFO - [2024-11-18T16:54:27.474+0000] {dagbag.py:588} INFO - Filling up the DagBag from /home/airflow/.local/lib/python3.12/site-packages/airflow/example_dags/example_complex.py
[2024-11-18T16:54:27.491+0000] {processor.py:925} INFO - DAG(s) 'example_complex' retrieved from /home/airflow/.local/lib/python3.12/site-packages/airflow/example_dags/example_complex.py
[2024-11-18T16:54:27.532+0000] {logging_mixin.py:190} INFO - [2024-11-18T16:54:27.532+0000] {dag.py:3239} INFO - Sync 1 DAGs
[2024-11-18T16:54:27.550+0000] {logging_mixin.py:190} INFO - [2024-11-18T16:54:27.550+0000] {dag.py:4180} INFO - Setting next_dagrun for example_complex to None, run_after=None
[2024-11-18T16:54:27.569+0000] {processor.py:208} INFO - Processing /home/airflow/.local/lib/python3.12/site-packages/airflow/example_dags/example_complex.py took 0.105 seconds
[2024-11-18T16:54:57.793+0000] {processor.py:186} INFO - Started process (PID=2047) to work on /home/airflow/.local/lib/python3.12/site-packages/airflow/example_dags/example_complex.py
[2024-11-18T16:54:57.794+0000] {processor.py:914} INFO - Processing file /home/airflow/.local/lib/python3.12/site-packages/airflow/example_dags/example_complex.py for tasks to queue
[2024-11-18T16:54:57.797+0000] {logging_mixin.py:190} INFO - [2024-11-18T16:54:57.797+0000] {dagbag.py:588} INFO - Filling up the DagBag from /home/airflow/.local/lib/python3.12/site-packages/airflow/example_dags/example_complex.py
[2024-11-18T16:54:57.812+0000] {processor.py:925} INFO - DAG(s) 'example_complex' retrieved from /home/airflow/.local/lib/python3.12/site-packages/airflow/example_dags/example_complex.py
[2024-11-18T16:54:57.856+0000] {logging_mixin.py:190} INFO - [2024-11-18T16:54:57.856+0000] {dag.py:3239} INFO - Sync 1 DAGs
[2024-11-18T16:54:57.877+0000] {logging_mixin.py:190} INFO - [2024-11-18T16:54:57.877+0000] {dag.py:4180} INFO - Setting next_dagrun for example_complex to None, run_after=None
[2024-11-18T16:54:57.899+0000] {processor.py:208} INFO - Processing /home/airflow/.local/lib/python3.12/site-packages/airflow/example_dags/example_complex.py took 0.113 seconds
[2024-11-18T16:55:28.573+0000] {processor.py:186} INFO - Started process (PID=2108) to work on /home/airflow/.local/lib/python3.12/site-packages/airflow/example_dags/example_complex.py
[2024-11-18T16:55:28.576+0000] {processor.py:914} INFO - Processing file /home/airflow/.local/lib/python3.12/site-packages/airflow/example_dags/example_complex.py for tasks to queue
[2024-11-18T16:55:28.579+0000] {logging_mixin.py:190} INFO - [2024-11-18T16:55:28.579+0000] {dagbag.py:588} INFO - Filling up the DagBag from /home/airflow/.local/lib/python3.12/site-packages/airflow/example_dags/example_complex.py
[2024-11-18T16:55:28.599+0000] {processor.py:925} INFO - DAG(s) 'example_complex' retrieved from /home/airflow/.local/lib/python3.12/site-packages/airflow/example_dags/example_complex.py
[2024-11-18T16:55:28.644+0000] {logging_mixin.py:190} INFO - [2024-11-18T16:55:28.643+0000] {dag.py:3239} INFO - Sync 1 DAGs
[2024-11-18T16:55:28.667+0000] {logging_mixin.py:190} INFO - [2024-11-18T16:55:28.666+0000] {dag.py:4180} INFO - Setting next_dagrun for example_complex to None, run_after=None
[2024-11-18T16:55:28.690+0000] {processor.py:208} INFO - Processing /home/airflow/.local/lib/python3.12/site-packages/airflow/example_dags/example_complex.py took 0.131 seconds
[2024-11-18T16:55:58.968+0000] {processor.py:186} INFO - Started process (PID=2172) to work on /home/airflow/.local/lib/python3.12/site-packages/airflow/example_dags/example_complex.py
[2024-11-18T16:55:58.969+0000] {processor.py:914} INFO - Processing file /home/airflow/.local/lib/python3.12/site-packages/airflow/example_dags/example_complex.py for tasks to queue
[2024-11-18T16:55:58.972+0000] {logging_mixin.py:190} INFO - [2024-11-18T16:55:58.972+0000] {dagbag.py:588} INFO - Filling up the DagBag from /home/airflow/.local/lib/python3.12/site-packages/airflow/example_dags/example_complex.py
[2024-11-18T16:55:58.986+0000] {processor.py:925} INFO - DAG(s) 'example_complex' retrieved from /home/airflow/.local/lib/python3.12/site-packages/airflow/example_dags/example_complex.py
[2024-11-18T16:55:59.022+0000] {logging_mixin.py:190} INFO - [2024-11-18T16:55:59.021+0000] {dag.py:3239} INFO - Sync 1 DAGs
[2024-11-18T16:55:59.038+0000] {logging_mixin.py:190} INFO - [2024-11-18T16:55:59.037+0000] {dag.py:4180} INFO - Setting next_dagrun for example_complex to None, run_after=None
[2024-11-18T16:55:59.060+0000] {processor.py:208} INFO - Processing /home/airflow/.local/lib/python3.12/site-packages/airflow/example_dags/example_complex.py took 0.099 seconds
[2024-11-18T16:56:30.072+0000] {processor.py:186} INFO - Started process (PID=2226) to work on /home/airflow/.local/lib/python3.12/site-packages/airflow/example_dags/example_complex.py
[2024-11-18T16:56:30.074+0000] {processor.py:914} INFO - Processing file /home/airflow/.local/lib/python3.12/site-packages/airflow/example_dags/example_complex.py for tasks to queue
[2024-11-18T16:56:30.077+0000] {logging_mixin.py:190} INFO - [2024-11-18T16:56:30.076+0000] {dagbag.py:588} INFO - Filling up the DagBag from /home/airflow/.local/lib/python3.12/site-packages/airflow/example_dags/example_complex.py
[2024-11-18T16:56:30.092+0000] {processor.py:925} INFO - DAG(s) 'example_complex' retrieved from /home/airflow/.local/lib/python3.12/site-packages/airflow/example_dags/example_complex.py
[2024-11-18T16:56:30.131+0000] {logging_mixin.py:190} INFO - [2024-11-18T16:56:30.131+0000] {dag.py:3239} INFO - Sync 1 DAGs
[2024-11-18T16:56:30.150+0000] {logging_mixin.py:190} INFO - [2024-11-18T16:56:30.149+0000] {dag.py:4180} INFO - Setting next_dagrun for example_complex to None, run_after=None
[2024-11-18T16:56:30.172+0000] {processor.py:208} INFO - Processing /home/airflow/.local/lib/python3.12/site-packages/airflow/example_dags/example_complex.py took 0.107 seconds
[2024-11-18T16:57:01.433+0000] {processor.py:186} INFO - Started process (PID=2286) to work on /home/airflow/.local/lib/python3.12/site-packages/airflow/example_dags/example_complex.py
[2024-11-18T16:57:01.434+0000] {processor.py:914} INFO - Processing file /home/airflow/.local/lib/python3.12/site-packages/airflow/example_dags/example_complex.py for tasks to queue
[2024-11-18T16:57:01.437+0000] {logging_mixin.py:190} INFO - [2024-11-18T16:57:01.437+0000] {dagbag.py:588} INFO - Filling up the DagBag from /home/airflow/.local/lib/python3.12/site-packages/airflow/example_dags/example_complex.py
[2024-11-18T16:57:01.453+0000] {processor.py:925} INFO - DAG(s) 'example_complex' retrieved from /home/airflow/.local/lib/python3.12/site-packages/airflow/example_dags/example_complex.py
[2024-11-18T16:57:01.505+0000] {logging_mixin.py:190} INFO - [2024-11-18T16:57:01.504+0000] {dag.py:3239} INFO - Sync 1 DAGs
[2024-11-18T16:57:01.525+0000] {logging_mixin.py:190} INFO - [2024-11-18T16:57:01.525+0000] {dag.py:4180} INFO - Setting next_dagrun for example_complex to None, run_after=None
[2024-11-18T16:57:01.550+0000] {processor.py:208} INFO - Processing /home/airflow/.local/lib/python3.12/site-packages/airflow/example_dags/example_complex.py took 0.125 seconds
[2024-11-18T16:57:32.786+0000] {processor.py:186} INFO - Started process (PID=2349) to work on /home/airflow/.local/lib/python3.12/site-packages/airflow/example_dags/example_complex.py
[2024-11-18T16:57:32.787+0000] {processor.py:914} INFO - Processing file /home/airflow/.local/lib/python3.12/site-packages/airflow/example_dags/example_complex.py for tasks to queue
[2024-11-18T16:57:32.790+0000] {logging_mixin.py:190} INFO - [2024-11-18T16:57:32.790+0000] {dagbag.py:588} INFO - Filling up the DagBag from /home/airflow/.local/lib/python3.12/site-packages/airflow/example_dags/example_complex.py
[2024-11-18T16:57:32.809+0000] {processor.py:925} INFO - DAG(s) 'example_complex' retrieved from /home/airflow/.local/lib/python3.12/site-packages/airflow/example_dags/example_complex.py
[2024-11-18T16:57:32.849+0000] {logging_mixin.py:190} INFO - [2024-11-18T16:57:32.849+0000] {dag.py:3239} INFO - Sync 1 DAGs
[2024-11-18T16:57:32.870+0000] {logging_mixin.py:190} INFO - [2024-11-18T16:57:32.869+0000] {dag.py:4180} INFO - Setting next_dagrun for example_complex to None, run_after=None
[2024-11-18T16:57:32.896+0000] {processor.py:208} INFO - Processing /home/airflow/.local/lib/python3.12/site-packages/airflow/example_dags/example_complex.py took 0.117 seconds
[2024-11-18T16:58:04.667+0000] {processor.py:186} INFO - Started process (PID=2412) to work on /home/airflow/.local/lib/python3.12/site-packages/airflow/example_dags/example_complex.py
[2024-11-18T16:58:04.670+0000] {processor.py:914} INFO - Processing file /home/airflow/.local/lib/python3.12/site-packages/airflow/example_dags/example_complex.py for tasks to queue
[2024-11-18T16:58:04.674+0000] {logging_mixin.py:190} INFO - [2024-11-18T16:58:04.674+0000] {dagbag.py:588} INFO - Filling up the DagBag from /home/airflow/.local/lib/python3.12/site-packages/airflow/example_dags/example_complex.py
[2024-11-18T16:58:04.696+0000] {processor.py:925} INFO - DAG(s) 'example_complex' retrieved from /home/airflow/.local/lib/python3.12/site-packages/airflow/example_dags/example_complex.py
[2024-11-18T16:58:04.756+0000] {logging_mixin.py:190} INFO - [2024-11-18T16:58:04.756+0000] {dag.py:3239} INFO - Sync 1 DAGs
[2024-11-18T16:58:04.776+0000] {logging_mixin.py:190} INFO - [2024-11-18T16:58:04.776+0000] {dag.py:4180} INFO - Setting next_dagrun for example_complex to None, run_after=None
[2024-11-18T16:58:04.808+0000] {processor.py:208} INFO - Processing /home/airflow/.local/lib/python3.12/site-packages/airflow/example_dags/example_complex.py took 0.149 seconds
[2024-11-18T16:58:36.157+0000] {processor.py:186} INFO - Started process (PID=2475) to work on /home/airflow/.local/lib/python3.12/site-packages/airflow/example_dags/example_complex.py
[2024-11-18T16:58:36.160+0000] {processor.py:914} INFO - Processing file /home/airflow/.local/lib/python3.12/site-packages/airflow/example_dags/example_complex.py for tasks to queue
[2024-11-18T16:58:36.182+0000] {logging_mixin.py:190} INFO - [2024-11-18T16:58:36.179+0000] {dagbag.py:588} INFO - Filling up the DagBag from /home/airflow/.local/lib/python3.12/site-packages/airflow/example_dags/example_complex.py
[2024-11-18T16:58:36.223+0000] {processor.py:925} INFO - DAG(s) 'example_complex' retrieved from /home/airflow/.local/lib/python3.12/site-packages/airflow/example_dags/example_complex.py
[2024-11-18T16:58:36.280+0000] {logging_mixin.py:190} INFO - [2024-11-18T16:58:36.280+0000] {dag.py:3239} INFO - Sync 1 DAGs
[2024-11-18T16:58:36.301+0000] {logging_mixin.py:190} INFO - [2024-11-18T16:58:36.301+0000] {dag.py:4180} INFO - Setting next_dagrun for example_complex to None, run_after=None
[2024-11-18T16:58:36.329+0000] {processor.py:208} INFO - Processing /home/airflow/.local/lib/python3.12/site-packages/airflow/example_dags/example_complex.py took 0.193 seconds
[2024-11-18T16:59:08.016+0000] {processor.py:186} INFO - Started process (PID=2538) to work on /home/airflow/.local/lib/python3.12/site-packages/airflow/example_dags/example_complex.py
[2024-11-18T16:59:08.017+0000] {processor.py:914} INFO - Processing file /home/airflow/.local/lib/python3.12/site-packages/airflow/example_dags/example_complex.py for tasks to queue
[2024-11-18T16:59:08.021+0000] {logging_mixin.py:190} INFO - [2024-11-18T16:59:08.021+0000] {dagbag.py:588} INFO - Filling up the DagBag from /home/airflow/.local/lib/python3.12/site-packages/airflow/example_dags/example_complex.py
[2024-11-18T16:59:08.044+0000] {processor.py:925} INFO - DAG(s) 'example_complex' retrieved from /home/airflow/.local/lib/python3.12/site-packages/airflow/example_dags/example_complex.py
[2024-11-18T16:59:08.107+0000] {logging_mixin.py:190} INFO - [2024-11-18T16:59:08.106+0000] {dag.py:3239} INFO - Sync 1 DAGs
[2024-11-18T16:59:08.143+0000] {logging_mixin.py:190} INFO - [2024-11-18T16:59:08.142+0000] {dag.py:4180} INFO - Setting next_dagrun for example_complex to None, run_after=None
[2024-11-18T16:59:08.182+0000] {processor.py:208} INFO - Processing /home/airflow/.local/lib/python3.12/site-packages/airflow/example_dags/example_complex.py took 0.178 seconds
[2024-11-18T16:59:38.819+0000] {processor.py:186} INFO - Started process (PID=2601) to work on /home/airflow/.local/lib/python3.12/site-packages/airflow/example_dags/example_complex.py
[2024-11-18T16:59:38.820+0000] {processor.py:914} INFO - Processing file /home/airflow/.local/lib/python3.12/site-packages/airflow/example_dags/example_complex.py for tasks to queue
[2024-11-18T16:59:38.823+0000] {logging_mixin.py:190} INFO - [2024-11-18T16:59:38.822+0000] {dagbag.py:588} INFO - Filling up the DagBag from /home/airflow/.local/lib/python3.12/site-packages/airflow/example_dags/example_complex.py
[2024-11-18T16:59:38.837+0000] {processor.py:925} INFO - DAG(s) 'example_complex' retrieved from /home/airflow/.local/lib/python3.12/site-packages/airflow/example_dags/example_complex.py
[2024-11-18T16:59:38.875+0000] {logging_mixin.py:190} INFO - [2024-11-18T16:59:38.875+0000] {dag.py:3239} INFO - Sync 1 DAGs
[2024-11-18T16:59:38.892+0000] {logging_mixin.py:190} INFO - [2024-11-18T16:59:38.892+0000] {dag.py:4180} INFO - Setting next_dagrun for example_complex to None, run_after=None
[2024-11-18T16:59:38.917+0000] {processor.py:208} INFO - Processing /home/airflow/.local/lib/python3.12/site-packages/airflow/example_dags/example_complex.py took 0.105 seconds
[2024-11-18T17:00:10.598+0000] {processor.py:186} INFO - Started process (PID=2663) to work on /home/airflow/.local/lib/python3.12/site-packages/airflow/example_dags/example_complex.py
[2024-11-18T17:00:10.600+0000] {processor.py:914} INFO - Processing file /home/airflow/.local/lib/python3.12/site-packages/airflow/example_dags/example_complex.py for tasks to queue
[2024-11-18T17:00:10.603+0000] {logging_mixin.py:190} INFO - [2024-11-18T17:00:10.602+0000] {dagbag.py:588} INFO - Filling up the DagBag from /home/airflow/.local/lib/python3.12/site-packages/airflow/example_dags/example_complex.py
[2024-11-18T17:00:10.620+0000] {processor.py:925} INFO - DAG(s) 'example_complex' retrieved from /home/airflow/.local/lib/python3.12/site-packages/airflow/example_dags/example_complex.py
[2024-11-18T17:00:10.665+0000] {logging_mixin.py:190} INFO - [2024-11-18T17:00:10.664+0000] {dag.py:3239} INFO - Sync 1 DAGs
[2024-11-18T17:00:10.684+0000] {logging_mixin.py:190} INFO - [2024-11-18T17:00:10.683+0000] {dag.py:4180} INFO - Setting next_dagrun for example_complex to None, run_after=None
[2024-11-18T17:00:10.708+0000] {processor.py:208} INFO - Processing /home/airflow/.local/lib/python3.12/site-packages/airflow/example_dags/example_complex.py took 0.120 seconds
[2024-11-18T17:00:41.959+0000] {processor.py:186} INFO - Started process (PID=2725) to work on /home/airflow/.local/lib/python3.12/site-packages/airflow/example_dags/example_complex.py
[2024-11-18T17:00:41.961+0000] {processor.py:914} INFO - Processing file /home/airflow/.local/lib/python3.12/site-packages/airflow/example_dags/example_complex.py for tasks to queue
[2024-11-18T17:00:41.963+0000] {logging_mixin.py:190} INFO - [2024-11-18T17:00:41.963+0000] {dagbag.py:588} INFO - Filling up the DagBag from /home/airflow/.local/lib/python3.12/site-packages/airflow/example_dags/example_complex.py
[2024-11-18T17:00:41.978+0000] {processor.py:925} INFO - DAG(s) 'example_complex' retrieved from /home/airflow/.local/lib/python3.12/site-packages/airflow/example_dags/example_complex.py
[2024-11-18T17:00:42.020+0000] {logging_mixin.py:190} INFO - [2024-11-18T17:00:42.020+0000] {dag.py:3239} INFO - Sync 1 DAGs
[2024-11-18T17:00:42.037+0000] {logging_mixin.py:190} INFO - [2024-11-18T17:00:42.037+0000] {dag.py:4180} INFO - Setting next_dagrun for example_complex to None, run_after=None
[2024-11-18T17:00:42.059+0000] {processor.py:208} INFO - Processing /home/airflow/.local/lib/python3.12/site-packages/airflow/example_dags/example_complex.py took 0.107 seconds
[2024-11-18T17:02:30.231+0000] {processor.py:186} INFO - Started process (PID=94) to work on /home/airflow/.local/lib/python3.12/site-packages/airflow/example_dags/example_complex.py
[2024-11-18T17:02:30.237+0000] {processor.py:914} INFO - Processing file /home/airflow/.local/lib/python3.12/site-packages/airflow/example_dags/example_complex.py for tasks to queue
[2024-11-18T17:02:30.261+0000] {logging_mixin.py:190} INFO - [2024-11-18T17:02:30.258+0000] {dagbag.py:588} INFO - Filling up the DagBag from /home/airflow/.local/lib/python3.12/site-packages/airflow/example_dags/example_complex.py
[2024-11-18T17:02:30.350+0000] {processor.py:925} INFO - DAG(s) 'example_complex' retrieved from /home/airflow/.local/lib/python3.12/site-packages/airflow/example_dags/example_complex.py
[2024-11-18T17:02:30.441+0000] {logging_mixin.py:190} INFO - [2024-11-18T17:02:30.441+0000] {dag.py:3239} INFO - Sync 1 DAGs
[2024-11-18T17:02:30.484+0000] {logging_mixin.py:190} INFO - [2024-11-18T17:02:30.483+0000] {dag.py:4180} INFO - Setting next_dagrun for example_complex to None, run_after=None
[2024-11-18T17:02:30.543+0000] {processor.py:208} INFO - Processing /home/airflow/.local/lib/python3.12/site-packages/airflow/example_dags/example_complex.py took 0.346 seconds
