[2024-11-18T16:24:39.833+0000] {processor.py:186} INFO - Started process (PID=121) to work on /home/airflow/.local/lib/python3.12/site-packages/airflow/example_dags/example_display_name.py
[2024-11-18T16:24:39.837+0000] {processor.py:914} INFO - Processing file /home/airflow/.local/lib/python3.12/site-packages/airflow/example_dags/example_display_name.py for tasks to queue
[2024-11-18T16:24:39.840+0000] {logging_mixin.py:190} INFO - [2024-11-18T16:24:39.840+0000] {dagbag.py:588} INFO - Filling up the DagBag from /home/airflow/.local/lib/python3.12/site-packages/airflow/example_dags/example_display_name.py
[2024-11-18T16:24:39.856+0000] {processor.py:925} INFO - DAG(s) 'example_display_name' retrieved from /home/airflow/.local/lib/python3.12/site-packages/airflow/example_dags/example_display_name.py
[2024-11-18T16:24:40.248+0000] {logging_mixin.py:190} INFO - [2024-11-18T16:24:40.242+0000] {override.py:1911} INFO - Created Permission View: can read on DAG:example_display_name
[2024-11-18T16:24:40.297+0000] {logging_mixin.py:190} INFO - [2024-11-18T16:24:40.296+0000] {override.py:1911} INFO - Created Permission View: can edit on DAG:example_display_name
[2024-11-18T16:24:40.381+0000] {logging_mixin.py:190} INFO - [2024-11-18T16:24:40.380+0000] {override.py:1911} INFO - Created Permission View: can delete on DAG:example_display_name
[2024-11-18T16:24:40.477+0000] {logging_mixin.py:190} INFO - [2024-11-18T16:24:40.460+0000] {override.py:1911} INFO - Created Permission View: can read on DAG Run:example_display_name
[2024-11-18T16:24:40.516+0000] {logging_mixin.py:190} INFO - [2024-11-18T16:24:40.515+0000] {override.py:1911} INFO - Created Permission View: menu access on DAG Run:example_display_name
[2024-11-18T16:24:40.540+0000] {logging_mixin.py:190} INFO - [2024-11-18T16:24:40.539+0000] {override.py:1911} INFO - Created Permission View: can create on DAG Run:example_display_name
[2024-11-18T16:24:40.582+0000] {logging_mixin.py:190} INFO - [2024-11-18T16:24:40.581+0000] {override.py:1911} INFO - Created Permission View: can delete on DAG Run:example_display_name
[2024-11-18T16:24:40.586+0000] {logging_mixin.py:190} INFO - [2024-11-18T16:24:40.585+0000] {dag.py:3239} INFO - Sync 1 DAGs
[2024-11-18T16:24:40.801+0000] {logging_mixin.py:190} INFO - [2024-11-18T16:24:40.800+0000] {dag.py:3262} INFO - Creating ORM DAG for example_display_name
[2024-11-18T16:24:40.803+0000] {logging_mixin.py:190} INFO - [2024-11-18T16:24:40.803+0000] {dag.py:4180} INFO - Setting next_dagrun for example_display_name to None, run_after=None
[2024-11-18T16:24:40.847+0000] {processor.py:208} INFO - Processing /home/airflow/.local/lib/python3.12/site-packages/airflow/example_dags/example_display_name.py took 1.025 seconds
[2024-11-18T16:25:11.287+0000] {processor.py:186} INFO - Started process (PID=184) to work on /home/airflow/.local/lib/python3.12/site-packages/airflow/example_dags/example_display_name.py
[2024-11-18T16:25:11.297+0000] {processor.py:914} INFO - Processing file /home/airflow/.local/lib/python3.12/site-packages/airflow/example_dags/example_display_name.py for tasks to queue
[2024-11-18T16:25:11.304+0000] {logging_mixin.py:190} INFO - [2024-11-18T16:25:11.303+0000] {dagbag.py:588} INFO - Filling up the DagBag from /home/airflow/.local/lib/python3.12/site-packages/airflow/example_dags/example_display_name.py
[2024-11-18T16:25:11.319+0000] {processor.py:925} INFO - DAG(s) 'example_display_name' retrieved from /home/airflow/.local/lib/python3.12/site-packages/airflow/example_dags/example_display_name.py
[2024-11-18T16:25:11.344+0000] {logging_mixin.py:190} INFO - [2024-11-18T16:25:11.344+0000] {dag.py:3239} INFO - Sync 1 DAGs
[2024-11-18T16:25:11.362+0000] {logging_mixin.py:190} INFO - [2024-11-18T16:25:11.362+0000] {dag.py:4180} INFO - Setting next_dagrun for example_display_name to None, run_after=None
[2024-11-18T16:25:11.384+0000] {processor.py:208} INFO - Processing /home/airflow/.local/lib/python3.12/site-packages/airflow/example_dags/example_display_name.py took 0.104 seconds
[2024-11-18T16:25:42.474+0000] {processor.py:186} INFO - Started process (PID=247) to work on /home/airflow/.local/lib/python3.12/site-packages/airflow/example_dags/example_display_name.py
[2024-11-18T16:25:42.476+0000] {processor.py:914} INFO - Processing file /home/airflow/.local/lib/python3.12/site-packages/airflow/example_dags/example_display_name.py for tasks to queue
[2024-11-18T16:25:42.479+0000] {logging_mixin.py:190} INFO - [2024-11-18T16:25:42.479+0000] {dagbag.py:588} INFO - Filling up the DagBag from /home/airflow/.local/lib/python3.12/site-packages/airflow/example_dags/example_display_name.py
[2024-11-18T16:25:42.489+0000] {processor.py:925} INFO - DAG(s) 'example_display_name' retrieved from /home/airflow/.local/lib/python3.12/site-packages/airflow/example_dags/example_display_name.py
[2024-11-18T16:25:42.514+0000] {logging_mixin.py:190} INFO - [2024-11-18T16:25:42.514+0000] {dag.py:3239} INFO - Sync 1 DAGs
[2024-11-18T16:25:42.531+0000] {logging_mixin.py:190} INFO - [2024-11-18T16:25:42.531+0000] {dag.py:4180} INFO - Setting next_dagrun for example_display_name to None, run_after=None
[2024-11-18T16:25:42.653+0000] {processor.py:208} INFO - Processing /home/airflow/.local/lib/python3.12/site-packages/airflow/example_dags/example_display_name.py took 0.187 seconds
[2024-11-18T16:26:13.597+0000] {processor.py:186} INFO - Started process (PID=310) to work on /home/airflow/.local/lib/python3.12/site-packages/airflow/example_dags/example_display_name.py
[2024-11-18T16:26:13.599+0000] {processor.py:914} INFO - Processing file /home/airflow/.local/lib/python3.12/site-packages/airflow/example_dags/example_display_name.py for tasks to queue
[2024-11-18T16:26:13.602+0000] {logging_mixin.py:190} INFO - [2024-11-18T16:26:13.601+0000] {dagbag.py:588} INFO - Filling up the DagBag from /home/airflow/.local/lib/python3.12/site-packages/airflow/example_dags/example_display_name.py
[2024-11-18T16:26:13.613+0000] {processor.py:925} INFO - DAG(s) 'example_display_name' retrieved from /home/airflow/.local/lib/python3.12/site-packages/airflow/example_dags/example_display_name.py
[2024-11-18T16:26:13.641+0000] {logging_mixin.py:190} INFO - [2024-11-18T16:26:13.640+0000] {dag.py:3239} INFO - Sync 1 DAGs
[2024-11-18T16:26:13.658+0000] {logging_mixin.py:190} INFO - [2024-11-18T16:26:13.657+0000] {dag.py:4180} INFO - Setting next_dagrun for example_display_name to None, run_after=None
[2024-11-18T16:26:13.684+0000] {processor.py:208} INFO - Processing /home/airflow/.local/lib/python3.12/site-packages/airflow/example_dags/example_display_name.py took 0.095 seconds
[2024-11-18T16:26:43.997+0000] {processor.py:186} INFO - Started process (PID=372) to work on /home/airflow/.local/lib/python3.12/site-packages/airflow/example_dags/example_display_name.py
[2024-11-18T16:26:43.998+0000] {processor.py:914} INFO - Processing file /home/airflow/.local/lib/python3.12/site-packages/airflow/example_dags/example_display_name.py for tasks to queue
[2024-11-18T16:26:44.001+0000] {logging_mixin.py:190} INFO - [2024-11-18T16:26:44.001+0000] {dagbag.py:588} INFO - Filling up the DagBag from /home/airflow/.local/lib/python3.12/site-packages/airflow/example_dags/example_display_name.py
[2024-11-18T16:26:44.013+0000] {processor.py:925} INFO - DAG(s) 'example_display_name' retrieved from /home/airflow/.local/lib/python3.12/site-packages/airflow/example_dags/example_display_name.py
[2024-11-18T16:26:44.054+0000] {logging_mixin.py:190} INFO - [2024-11-18T16:26:44.053+0000] {dag.py:3239} INFO - Sync 1 DAGs
[2024-11-18T16:26:44.078+0000] {logging_mixin.py:190} INFO - [2024-11-18T16:26:44.078+0000] {dag.py:4180} INFO - Setting next_dagrun for example_display_name to None, run_after=None
[2024-11-18T16:26:44.114+0000] {processor.py:208} INFO - Processing /home/airflow/.local/lib/python3.12/site-packages/airflow/example_dags/example_display_name.py took 0.125 seconds
[2024-11-18T16:27:14.488+0000] {processor.py:186} INFO - Started process (PID=435) to work on /home/airflow/.local/lib/python3.12/site-packages/airflow/example_dags/example_display_name.py
[2024-11-18T16:27:14.489+0000] {processor.py:914} INFO - Processing file /home/airflow/.local/lib/python3.12/site-packages/airflow/example_dags/example_display_name.py for tasks to queue
[2024-11-18T16:27:14.493+0000] {logging_mixin.py:190} INFO - [2024-11-18T16:27:14.493+0000] {dagbag.py:588} INFO - Filling up the DagBag from /home/airflow/.local/lib/python3.12/site-packages/airflow/example_dags/example_display_name.py
[2024-11-18T16:27:14.509+0000] {processor.py:925} INFO - DAG(s) 'example_display_name' retrieved from /home/airflow/.local/lib/python3.12/site-packages/airflow/example_dags/example_display_name.py
[2024-11-18T16:27:14.539+0000] {logging_mixin.py:190} INFO - [2024-11-18T16:27:14.538+0000] {dag.py:3239} INFO - Sync 1 DAGs
[2024-11-18T16:27:14.556+0000] {logging_mixin.py:190} INFO - [2024-11-18T16:27:14.556+0000] {dag.py:4180} INFO - Setting next_dagrun for example_display_name to None, run_after=None
[2024-11-18T16:27:14.582+0000] {processor.py:208} INFO - Processing /home/airflow/.local/lib/python3.12/site-packages/airflow/example_dags/example_display_name.py took 0.101 seconds
[2024-11-18T16:27:44.936+0000] {processor.py:186} INFO - Started process (PID=498) to work on /home/airflow/.local/lib/python3.12/site-packages/airflow/example_dags/example_display_name.py
[2024-11-18T16:27:44.937+0000] {processor.py:914} INFO - Processing file /home/airflow/.local/lib/python3.12/site-packages/airflow/example_dags/example_display_name.py for tasks to queue
[2024-11-18T16:27:44.943+0000] {logging_mixin.py:190} INFO - [2024-11-18T16:27:44.942+0000] {dagbag.py:588} INFO - Filling up the DagBag from /home/airflow/.local/lib/python3.12/site-packages/airflow/example_dags/example_display_name.py
[2024-11-18T16:27:44.958+0000] {processor.py:925} INFO - DAG(s) 'example_display_name' retrieved from /home/airflow/.local/lib/python3.12/site-packages/airflow/example_dags/example_display_name.py
[2024-11-18T16:27:45.438+0000] {logging_mixin.py:190} INFO - [2024-11-18T16:27:45.436+0000] {dag.py:3239} INFO - Sync 1 DAGs
[2024-11-18T16:27:45.478+0000] {logging_mixin.py:190} INFO - [2024-11-18T16:27:45.477+0000] {dag.py:4180} INFO - Setting next_dagrun for example_display_name to None, run_after=None
[2024-11-18T16:27:45.519+0000] {processor.py:208} INFO - Processing /home/airflow/.local/lib/python3.12/site-packages/airflow/example_dags/example_display_name.py took 0.592 seconds
[2024-11-18T16:28:15.979+0000] {processor.py:186} INFO - Started process (PID=561) to work on /home/airflow/.local/lib/python3.12/site-packages/airflow/example_dags/example_display_name.py
[2024-11-18T16:28:15.980+0000] {processor.py:914} INFO - Processing file /home/airflow/.local/lib/python3.12/site-packages/airflow/example_dags/example_display_name.py for tasks to queue
[2024-11-18T16:28:15.983+0000] {logging_mixin.py:190} INFO - [2024-11-18T16:28:15.982+0000] {dagbag.py:588} INFO - Filling up the DagBag from /home/airflow/.local/lib/python3.12/site-packages/airflow/example_dags/example_display_name.py
[2024-11-18T16:28:15.993+0000] {processor.py:925} INFO - DAG(s) 'example_display_name' retrieved from /home/airflow/.local/lib/python3.12/site-packages/airflow/example_dags/example_display_name.py
[2024-11-18T16:28:16.019+0000] {logging_mixin.py:190} INFO - [2024-11-18T16:28:16.018+0000] {dag.py:3239} INFO - Sync 1 DAGs
[2024-11-18T16:28:16.038+0000] {logging_mixin.py:190} INFO - [2024-11-18T16:28:16.038+0000] {dag.py:4180} INFO - Setting next_dagrun for example_display_name to None, run_after=None
[2024-11-18T16:28:16.061+0000] {processor.py:208} INFO - Processing /home/airflow/.local/lib/python3.12/site-packages/airflow/example_dags/example_display_name.py took 0.090 seconds
[2024-11-18T16:28:46.702+0000] {processor.py:186} INFO - Started process (PID=624) to work on /home/airflow/.local/lib/python3.12/site-packages/airflow/example_dags/example_display_name.py
[2024-11-18T16:28:46.705+0000] {processor.py:914} INFO - Processing file /home/airflow/.local/lib/python3.12/site-packages/airflow/example_dags/example_display_name.py for tasks to queue
[2024-11-18T16:28:46.712+0000] {logging_mixin.py:190} INFO - [2024-11-18T16:28:46.711+0000] {dagbag.py:588} INFO - Filling up the DagBag from /home/airflow/.local/lib/python3.12/site-packages/airflow/example_dags/example_display_name.py
[2024-11-18T16:28:46.729+0000] {processor.py:925} INFO - DAG(s) 'example_display_name' retrieved from /home/airflow/.local/lib/python3.12/site-packages/airflow/example_dags/example_display_name.py
[2024-11-18T16:28:46.762+0000] {logging_mixin.py:190} INFO - [2024-11-18T16:28:46.762+0000] {dag.py:3239} INFO - Sync 1 DAGs
[2024-11-18T16:28:46.783+0000] {logging_mixin.py:190} INFO - [2024-11-18T16:28:46.783+0000] {dag.py:4180} INFO - Setting next_dagrun for example_display_name to None, run_after=None
[2024-11-18T16:28:46.812+0000] {processor.py:208} INFO - Processing /home/airflow/.local/lib/python3.12/site-packages/airflow/example_dags/example_display_name.py took 0.121 seconds
[2024-11-18T16:29:16.949+0000] {processor.py:186} INFO - Started process (PID=686) to work on /home/airflow/.local/lib/python3.12/site-packages/airflow/example_dags/example_display_name.py
[2024-11-18T16:29:16.951+0000] {processor.py:914} INFO - Processing file /home/airflow/.local/lib/python3.12/site-packages/airflow/example_dags/example_display_name.py for tasks to queue
[2024-11-18T16:29:16.954+0000] {logging_mixin.py:190} INFO - [2024-11-18T16:29:16.954+0000] {dagbag.py:588} INFO - Filling up the DagBag from /home/airflow/.local/lib/python3.12/site-packages/airflow/example_dags/example_display_name.py
[2024-11-18T16:29:16.967+0000] {processor.py:925} INFO - DAG(s) 'example_display_name' retrieved from /home/airflow/.local/lib/python3.12/site-packages/airflow/example_dags/example_display_name.py
[2024-11-18T16:29:16.996+0000] {logging_mixin.py:190} INFO - [2024-11-18T16:29:16.995+0000] {dag.py:3239} INFO - Sync 1 DAGs
[2024-11-18T16:29:17.018+0000] {logging_mixin.py:190} INFO - [2024-11-18T16:29:17.018+0000] {dag.py:4180} INFO - Setting next_dagrun for example_display_name to None, run_after=None
[2024-11-18T16:29:17.050+0000] {processor.py:208} INFO - Processing /home/airflow/.local/lib/python3.12/site-packages/airflow/example_dags/example_display_name.py took 0.113 seconds
[2024-11-18T16:29:47.124+0000] {processor.py:186} INFO - Started process (PID=749) to work on /home/airflow/.local/lib/python3.12/site-packages/airflow/example_dags/example_display_name.py
[2024-11-18T16:29:47.126+0000] {processor.py:914} INFO - Processing file /home/airflow/.local/lib/python3.12/site-packages/airflow/example_dags/example_display_name.py for tasks to queue
[2024-11-18T16:29:47.128+0000] {logging_mixin.py:190} INFO - [2024-11-18T16:29:47.128+0000] {dagbag.py:588} INFO - Filling up the DagBag from /home/airflow/.local/lib/python3.12/site-packages/airflow/example_dags/example_display_name.py
[2024-11-18T16:29:47.139+0000] {processor.py:925} INFO - DAG(s) 'example_display_name' retrieved from /home/airflow/.local/lib/python3.12/site-packages/airflow/example_dags/example_display_name.py
[2024-11-18T16:29:47.165+0000] {logging_mixin.py:190} INFO - [2024-11-18T16:29:47.165+0000] {dag.py:3239} INFO - Sync 1 DAGs
[2024-11-18T16:29:47.183+0000] {logging_mixin.py:190} INFO - [2024-11-18T16:29:47.183+0000] {dag.py:4180} INFO - Setting next_dagrun for example_display_name to None, run_after=None
[2024-11-18T16:29:47.208+0000] {processor.py:208} INFO - Processing /home/airflow/.local/lib/python3.12/site-packages/airflow/example_dags/example_display_name.py took 0.091 seconds
[2024-11-18T16:30:17.484+0000] {processor.py:186} INFO - Started process (PID=812) to work on /home/airflow/.local/lib/python3.12/site-packages/airflow/example_dags/example_display_name.py
[2024-11-18T16:30:17.485+0000] {processor.py:914} INFO - Processing file /home/airflow/.local/lib/python3.12/site-packages/airflow/example_dags/example_display_name.py for tasks to queue
[2024-11-18T16:30:17.489+0000] {logging_mixin.py:190} INFO - [2024-11-18T16:30:17.488+0000] {dagbag.py:588} INFO - Filling up the DagBag from /home/airflow/.local/lib/python3.12/site-packages/airflow/example_dags/example_display_name.py
[2024-11-18T16:30:17.500+0000] {processor.py:925} INFO - DAG(s) 'example_display_name' retrieved from /home/airflow/.local/lib/python3.12/site-packages/airflow/example_dags/example_display_name.py
[2024-11-18T16:30:17.528+0000] {logging_mixin.py:190} INFO - [2024-11-18T16:30:17.527+0000] {dag.py:3239} INFO - Sync 1 DAGs
[2024-11-18T16:30:17.546+0000] {logging_mixin.py:190} INFO - [2024-11-18T16:30:17.545+0000] {dag.py:4180} INFO - Setting next_dagrun for example_display_name to None, run_after=None
[2024-11-18T16:30:17.579+0000] {processor.py:208} INFO - Processing /home/airflow/.local/lib/python3.12/site-packages/airflow/example_dags/example_display_name.py took 0.104 seconds
[2024-11-18T16:30:48.464+0000] {processor.py:186} INFO - Started process (PID=875) to work on /home/airflow/.local/lib/python3.12/site-packages/airflow/example_dags/example_display_name.py
[2024-11-18T16:30:48.466+0000] {processor.py:914} INFO - Processing file /home/airflow/.local/lib/python3.12/site-packages/airflow/example_dags/example_display_name.py for tasks to queue
[2024-11-18T16:30:48.473+0000] {logging_mixin.py:190} INFO - [2024-11-18T16:30:48.472+0000] {dagbag.py:588} INFO - Filling up the DagBag from /home/airflow/.local/lib/python3.12/site-packages/airflow/example_dags/example_display_name.py
[2024-11-18T16:30:48.510+0000] {processor.py:925} INFO - DAG(s) 'example_display_name' retrieved from /home/airflow/.local/lib/python3.12/site-packages/airflow/example_dags/example_display_name.py
[2024-11-18T16:30:48.598+0000] {logging_mixin.py:190} INFO - [2024-11-18T16:30:48.597+0000] {dag.py:3239} INFO - Sync 1 DAGs
[2024-11-18T16:30:48.643+0000] {logging_mixin.py:190} INFO - [2024-11-18T16:30:48.643+0000] {dag.py:4180} INFO - Setting next_dagrun for example_display_name to None, run_after=None
[2024-11-18T16:30:48.675+0000] {processor.py:208} INFO - Processing /home/airflow/.local/lib/python3.12/site-packages/airflow/example_dags/example_display_name.py took 0.223 seconds
[2024-11-18T16:31:19.890+0000] {processor.py:186} INFO - Started process (PID=938) to work on /home/airflow/.local/lib/python3.12/site-packages/airflow/example_dags/example_display_name.py
[2024-11-18T16:31:19.891+0000] {processor.py:914} INFO - Processing file /home/airflow/.local/lib/python3.12/site-packages/airflow/example_dags/example_display_name.py for tasks to queue
[2024-11-18T16:31:19.894+0000] {logging_mixin.py:190} INFO - [2024-11-18T16:31:19.893+0000] {dagbag.py:588} INFO - Filling up the DagBag from /home/airflow/.local/lib/python3.12/site-packages/airflow/example_dags/example_display_name.py
[2024-11-18T16:31:19.904+0000] {processor.py:925} INFO - DAG(s) 'example_display_name' retrieved from /home/airflow/.local/lib/python3.12/site-packages/airflow/example_dags/example_display_name.py
[2024-11-18T16:31:19.926+0000] {logging_mixin.py:190} INFO - [2024-11-18T16:31:19.925+0000] {dag.py:3239} INFO - Sync 1 DAGs
[2024-11-18T16:31:19.942+0000] {logging_mixin.py:190} INFO - [2024-11-18T16:31:19.942+0000] {dag.py:4180} INFO - Setting next_dagrun for example_display_name to None, run_after=None
[2024-11-18T16:31:19.963+0000] {processor.py:208} INFO - Processing /home/airflow/.local/lib/python3.12/site-packages/airflow/example_dags/example_display_name.py took 0.080 seconds
[2024-11-18T16:31:51.221+0000] {processor.py:186} INFO - Started process (PID=1001) to work on /home/airflow/.local/lib/python3.12/site-packages/airflow/example_dags/example_display_name.py
[2024-11-18T16:31:51.222+0000] {processor.py:914} INFO - Processing file /home/airflow/.local/lib/python3.12/site-packages/airflow/example_dags/example_display_name.py for tasks to queue
[2024-11-18T16:31:51.225+0000] {logging_mixin.py:190} INFO - [2024-11-18T16:31:51.224+0000] {dagbag.py:588} INFO - Filling up the DagBag from /home/airflow/.local/lib/python3.12/site-packages/airflow/example_dags/example_display_name.py
[2024-11-18T16:31:51.235+0000] {processor.py:925} INFO - DAG(s) 'example_display_name' retrieved from /home/airflow/.local/lib/python3.12/site-packages/airflow/example_dags/example_display_name.py
[2024-11-18T16:31:51.259+0000] {logging_mixin.py:190} INFO - [2024-11-18T16:31:51.258+0000] {dag.py:3239} INFO - Sync 1 DAGs
[2024-11-18T16:31:51.276+0000] {logging_mixin.py:190} INFO - [2024-11-18T16:31:51.276+0000] {dag.py:4180} INFO - Setting next_dagrun for example_display_name to None, run_after=None
[2024-11-18T16:31:51.296+0000] {processor.py:208} INFO - Processing /home/airflow/.local/lib/python3.12/site-packages/airflow/example_dags/example_display_name.py took 0.083 seconds
[2024-11-18T16:32:22.766+0000] {processor.py:186} INFO - Started process (PID=1064) to work on /home/airflow/.local/lib/python3.12/site-packages/airflow/example_dags/example_display_name.py
[2024-11-18T16:32:22.767+0000] {processor.py:914} INFO - Processing file /home/airflow/.local/lib/python3.12/site-packages/airflow/example_dags/example_display_name.py for tasks to queue
[2024-11-18T16:32:22.770+0000] {logging_mixin.py:190} INFO - [2024-11-18T16:32:22.769+0000] {dagbag.py:588} INFO - Filling up the DagBag from /home/airflow/.local/lib/python3.12/site-packages/airflow/example_dags/example_display_name.py
[2024-11-18T16:32:22.781+0000] {processor.py:925} INFO - DAG(s) 'example_display_name' retrieved from /home/airflow/.local/lib/python3.12/site-packages/airflow/example_dags/example_display_name.py
[2024-11-18T16:32:22.806+0000] {logging_mixin.py:190} INFO - [2024-11-18T16:32:22.806+0000] {dag.py:3239} INFO - Sync 1 DAGs
[2024-11-18T16:32:22.823+0000] {logging_mixin.py:190} INFO - [2024-11-18T16:32:22.822+0000] {dag.py:4180} INFO - Setting next_dagrun for example_display_name to None, run_after=None
[2024-11-18T16:32:22.842+0000] {processor.py:208} INFO - Processing /home/airflow/.local/lib/python3.12/site-packages/airflow/example_dags/example_display_name.py took 0.083 seconds
[2024-11-18T16:32:55.016+0000] {processor.py:186} INFO - Started process (PID=1127) to work on /home/airflow/.local/lib/python3.12/site-packages/airflow/example_dags/example_display_name.py
[2024-11-18T16:32:55.017+0000] {processor.py:914} INFO - Processing file /home/airflow/.local/lib/python3.12/site-packages/airflow/example_dags/example_display_name.py for tasks to queue
[2024-11-18T16:32:55.021+0000] {logging_mixin.py:190} INFO - [2024-11-18T16:32:55.021+0000] {dagbag.py:588} INFO - Filling up the DagBag from /home/airflow/.local/lib/python3.12/site-packages/airflow/example_dags/example_display_name.py
[2024-11-18T16:32:55.032+0000] {processor.py:925} INFO - DAG(s) 'example_display_name' retrieved from /home/airflow/.local/lib/python3.12/site-packages/airflow/example_dags/example_display_name.py
[2024-11-18T16:32:55.058+0000] {logging_mixin.py:190} INFO - [2024-11-18T16:32:55.058+0000] {dag.py:3239} INFO - Sync 1 DAGs
[2024-11-18T16:32:55.075+0000] {logging_mixin.py:190} INFO - [2024-11-18T16:32:55.075+0000] {dag.py:4180} INFO - Setting next_dagrun for example_display_name to None, run_after=None
[2024-11-18T16:32:55.096+0000] {processor.py:208} INFO - Processing /home/airflow/.local/lib/python3.12/site-packages/airflow/example_dags/example_display_name.py took 0.091 seconds
[2024-11-18T16:33:26.114+0000] {processor.py:186} INFO - Started process (PID=1192) to work on /home/airflow/.local/lib/python3.12/site-packages/airflow/example_dags/example_display_name.py
[2024-11-18T16:33:26.116+0000] {processor.py:914} INFO - Processing file /home/airflow/.local/lib/python3.12/site-packages/airflow/example_dags/example_display_name.py for tasks to queue
[2024-11-18T16:33:26.122+0000] {logging_mixin.py:190} INFO - [2024-11-18T16:33:26.121+0000] {dagbag.py:588} INFO - Filling up the DagBag from /home/airflow/.local/lib/python3.12/site-packages/airflow/example_dags/example_display_name.py
[2024-11-18T16:33:26.131+0000] {processor.py:925} INFO - DAG(s) 'example_display_name' retrieved from /home/airflow/.local/lib/python3.12/site-packages/airflow/example_dags/example_display_name.py
[2024-11-18T16:33:26.159+0000] {logging_mixin.py:190} INFO - [2024-11-18T16:33:26.159+0000] {dag.py:3239} INFO - Sync 1 DAGs
[2024-11-18T16:33:26.177+0000] {logging_mixin.py:190} INFO - [2024-11-18T16:33:26.176+0000] {dag.py:4180} INFO - Setting next_dagrun for example_display_name to None, run_after=None
[2024-11-18T16:33:26.197+0000] {processor.py:208} INFO - Processing /home/airflow/.local/lib/python3.12/site-packages/airflow/example_dags/example_display_name.py took 0.089 seconds
[2024-11-18T16:33:59.316+0000] {processor.py:186} INFO - Started process (PID=1255) to work on /home/airflow/.local/lib/python3.12/site-packages/airflow/example_dags/example_display_name.py
[2024-11-18T16:33:59.322+0000] {processor.py:914} INFO - Processing file /home/airflow/.local/lib/python3.12/site-packages/airflow/example_dags/example_display_name.py for tasks to queue
[2024-11-18T16:33:59.327+0000] {logging_mixin.py:190} INFO - [2024-11-18T16:33:59.327+0000] {dagbag.py:588} INFO - Filling up the DagBag from /home/airflow/.local/lib/python3.12/site-packages/airflow/example_dags/example_display_name.py
[2024-11-18T16:33:59.349+0000] {processor.py:925} INFO - DAG(s) 'example_display_name' retrieved from /home/airflow/.local/lib/python3.12/site-packages/airflow/example_dags/example_display_name.py
[2024-11-18T16:33:59.419+0000] {logging_mixin.py:190} INFO - [2024-11-18T16:33:59.418+0000] {dag.py:3239} INFO - Sync 1 DAGs
[2024-11-18T16:33:59.470+0000] {logging_mixin.py:190} INFO - [2024-11-18T16:33:59.468+0000] {dag.py:4180} INFO - Setting next_dagrun for example_display_name to None, run_after=None
[2024-11-18T16:33:59.509+0000] {processor.py:208} INFO - Processing /home/airflow/.local/lib/python3.12/site-packages/airflow/example_dags/example_display_name.py took 0.206 seconds
[2024-11-18T16:34:29.571+0000] {processor.py:186} INFO - Started process (PID=1318) to work on /home/airflow/.local/lib/python3.12/site-packages/airflow/example_dags/example_display_name.py
[2024-11-18T16:34:29.572+0000] {processor.py:914} INFO - Processing file /home/airflow/.local/lib/python3.12/site-packages/airflow/example_dags/example_display_name.py for tasks to queue
[2024-11-18T16:34:29.575+0000] {logging_mixin.py:190} INFO - [2024-11-18T16:34:29.574+0000] {dagbag.py:588} INFO - Filling up the DagBag from /home/airflow/.local/lib/python3.12/site-packages/airflow/example_dags/example_display_name.py
[2024-11-18T16:34:29.584+0000] {processor.py:925} INFO - DAG(s) 'example_display_name' retrieved from /home/airflow/.local/lib/python3.12/site-packages/airflow/example_dags/example_display_name.py
[2024-11-18T16:34:29.607+0000] {logging_mixin.py:190} INFO - [2024-11-18T16:34:29.606+0000] {dag.py:3239} INFO - Sync 1 DAGs
[2024-11-18T16:34:29.623+0000] {logging_mixin.py:190} INFO - [2024-11-18T16:34:29.623+0000] {dag.py:4180} INFO - Setting next_dagrun for example_display_name to None, run_after=None
[2024-11-18T16:34:29.644+0000] {processor.py:208} INFO - Processing /home/airflow/.local/lib/python3.12/site-packages/airflow/example_dags/example_display_name.py took 0.081 seconds
[2024-11-18T16:39:19.751+0000] {processor.py:186} INFO - Started process (PID=123) to work on /home/airflow/.local/lib/python3.12/site-packages/airflow/example_dags/example_display_name.py
[2024-11-18T16:39:19.754+0000] {processor.py:914} INFO - Processing file /home/airflow/.local/lib/python3.12/site-packages/airflow/example_dags/example_display_name.py for tasks to queue
[2024-11-18T16:39:19.759+0000] {logging_mixin.py:190} INFO - [2024-11-18T16:39:19.759+0000] {dagbag.py:588} INFO - Filling up the DagBag from /home/airflow/.local/lib/python3.12/site-packages/airflow/example_dags/example_display_name.py
[2024-11-18T16:39:19.771+0000] {processor.py:925} INFO - DAG(s) 'example_display_name' retrieved from /home/airflow/.local/lib/python3.12/site-packages/airflow/example_dags/example_display_name.py
[2024-11-18T16:39:19.809+0000] {logging_mixin.py:190} INFO - [2024-11-18T16:39:19.809+0000] {dag.py:3239} INFO - Sync 1 DAGs
[2024-11-18T16:39:19.831+0000] {logging_mixin.py:190} INFO - [2024-11-18T16:39:19.831+0000] {dag.py:4180} INFO - Setting next_dagrun for example_display_name to None, run_after=None
[2024-11-18T16:39:19.860+0000] {processor.py:208} INFO - Processing /home/airflow/.local/lib/python3.12/site-packages/airflow/example_dags/example_display_name.py took 0.116 seconds
[2024-11-18T16:39:51.687+0000] {processor.py:186} INFO - Started process (PID=186) to work on /home/airflow/.local/lib/python3.12/site-packages/airflow/example_dags/example_display_name.py
[2024-11-18T16:39:51.691+0000] {processor.py:914} INFO - Processing file /home/airflow/.local/lib/python3.12/site-packages/airflow/example_dags/example_display_name.py for tasks to queue
[2024-11-18T16:39:51.695+0000] {logging_mixin.py:190} INFO - [2024-11-18T16:39:51.694+0000] {dagbag.py:588} INFO - Filling up the DagBag from /home/airflow/.local/lib/python3.12/site-packages/airflow/example_dags/example_display_name.py
[2024-11-18T16:39:51.709+0000] {processor.py:925} INFO - DAG(s) 'example_display_name' retrieved from /home/airflow/.local/lib/python3.12/site-packages/airflow/example_dags/example_display_name.py
[2024-11-18T16:39:51.736+0000] {logging_mixin.py:190} INFO - [2024-11-18T16:39:51.736+0000] {dag.py:3239} INFO - Sync 1 DAGs
[2024-11-18T16:39:51.766+0000] {logging_mixin.py:190} INFO - [2024-11-18T16:39:51.766+0000] {dag.py:4180} INFO - Setting next_dagrun for example_display_name to None, run_after=None
[2024-11-18T16:39:51.794+0000] {processor.py:208} INFO - Processing /home/airflow/.local/lib/python3.12/site-packages/airflow/example_dags/example_display_name.py took 0.116 seconds
[2024-11-18T16:40:24.217+0000] {processor.py:186} INFO - Started process (PID=249) to work on /home/airflow/.local/lib/python3.12/site-packages/airflow/example_dags/example_display_name.py
[2024-11-18T16:40:24.219+0000] {processor.py:914} INFO - Processing file /home/airflow/.local/lib/python3.12/site-packages/airflow/example_dags/example_display_name.py for tasks to queue
[2024-11-18T16:40:24.222+0000] {logging_mixin.py:190} INFO - [2024-11-18T16:40:24.221+0000] {dagbag.py:588} INFO - Filling up the DagBag from /home/airflow/.local/lib/python3.12/site-packages/airflow/example_dags/example_display_name.py
[2024-11-18T16:40:24.232+0000] {processor.py:925} INFO - DAG(s) 'example_display_name' retrieved from /home/airflow/.local/lib/python3.12/site-packages/airflow/example_dags/example_display_name.py
[2024-11-18T16:40:24.259+0000] {logging_mixin.py:190} INFO - [2024-11-18T16:40:24.259+0000] {dag.py:3239} INFO - Sync 1 DAGs
[2024-11-18T16:40:24.283+0000] {logging_mixin.py:190} INFO - [2024-11-18T16:40:24.283+0000] {dag.py:4180} INFO - Setting next_dagrun for example_display_name to None, run_after=None
[2024-11-18T16:40:24.310+0000] {processor.py:208} INFO - Processing /home/airflow/.local/lib/python3.12/site-packages/airflow/example_dags/example_display_name.py took 0.102 seconds
[2024-11-18T16:40:54.881+0000] {processor.py:186} INFO - Started process (PID=312) to work on /home/airflow/.local/lib/python3.12/site-packages/airflow/example_dags/example_display_name.py
[2024-11-18T16:40:54.883+0000] {processor.py:914} INFO - Processing file /home/airflow/.local/lib/python3.12/site-packages/airflow/example_dags/example_display_name.py for tasks to queue
[2024-11-18T16:40:54.886+0000] {logging_mixin.py:190} INFO - [2024-11-18T16:40:54.885+0000] {dagbag.py:588} INFO - Filling up the DagBag from /home/airflow/.local/lib/python3.12/site-packages/airflow/example_dags/example_display_name.py
[2024-11-18T16:40:54.895+0000] {processor.py:925} INFO - DAG(s) 'example_display_name' retrieved from /home/airflow/.local/lib/python3.12/site-packages/airflow/example_dags/example_display_name.py
[2024-11-18T16:40:54.921+0000] {logging_mixin.py:190} INFO - [2024-11-18T16:40:54.921+0000] {dag.py:3239} INFO - Sync 1 DAGs
[2024-11-18T16:40:54.947+0000] {logging_mixin.py:190} INFO - [2024-11-18T16:40:54.947+0000] {dag.py:4180} INFO - Setting next_dagrun for example_display_name to None, run_after=None
[2024-11-18T16:40:54.972+0000] {processor.py:208} INFO - Processing /home/airflow/.local/lib/python3.12/site-packages/airflow/example_dags/example_display_name.py took 0.098 seconds
[2024-11-18T16:41:25.029+0000] {processor.py:186} INFO - Started process (PID=374) to work on /home/airflow/.local/lib/python3.12/site-packages/airflow/example_dags/example_display_name.py
[2024-11-18T16:41:25.031+0000] {processor.py:914} INFO - Processing file /home/airflow/.local/lib/python3.12/site-packages/airflow/example_dags/example_display_name.py for tasks to queue
[2024-11-18T16:41:25.034+0000] {logging_mixin.py:190} INFO - [2024-11-18T16:41:25.034+0000] {dagbag.py:588} INFO - Filling up the DagBag from /home/airflow/.local/lib/python3.12/site-packages/airflow/example_dags/example_display_name.py
[2024-11-18T16:41:25.044+0000] {processor.py:925} INFO - DAG(s) 'example_display_name' retrieved from /home/airflow/.local/lib/python3.12/site-packages/airflow/example_dags/example_display_name.py
[2024-11-18T16:41:25.067+0000] {logging_mixin.py:190} INFO - [2024-11-18T16:41:25.067+0000] {dag.py:3239} INFO - Sync 1 DAGs
[2024-11-18T16:41:25.085+0000] {logging_mixin.py:190} INFO - [2024-11-18T16:41:25.085+0000] {dag.py:4180} INFO - Setting next_dagrun for example_display_name to None, run_after=None
[2024-11-18T16:41:25.113+0000] {processor.py:208} INFO - Processing /home/airflow/.local/lib/python3.12/site-packages/airflow/example_dags/example_display_name.py took 0.091 seconds
[2024-11-18T16:41:55.495+0000] {processor.py:186} INFO - Started process (PID=436) to work on /home/airflow/.local/lib/python3.12/site-packages/airflow/example_dags/example_display_name.py
[2024-11-18T16:41:55.495+0000] {processor.py:914} INFO - Processing file /home/airflow/.local/lib/python3.12/site-packages/airflow/example_dags/example_display_name.py for tasks to queue
[2024-11-18T16:41:55.500+0000] {logging_mixin.py:190} INFO - [2024-11-18T16:41:55.500+0000] {dagbag.py:588} INFO - Filling up the DagBag from /home/airflow/.local/lib/python3.12/site-packages/airflow/example_dags/example_display_name.py
[2024-11-18T16:41:55.511+0000] {processor.py:925} INFO - DAG(s) 'example_display_name' retrieved from /home/airflow/.local/lib/python3.12/site-packages/airflow/example_dags/example_display_name.py
[2024-11-18T16:41:55.540+0000] {logging_mixin.py:190} INFO - [2024-11-18T16:41:55.540+0000] {dag.py:3239} INFO - Sync 1 DAGs
[2024-11-18T16:41:55.563+0000] {logging_mixin.py:190} INFO - [2024-11-18T16:41:55.563+0000] {dag.py:4180} INFO - Setting next_dagrun for example_display_name to None, run_after=None
[2024-11-18T16:41:55.586+0000] {processor.py:208} INFO - Processing /home/airflow/.local/lib/python3.12/site-packages/airflow/example_dags/example_display_name.py took 0.099 seconds
[2024-11-18T16:42:26.363+0000] {processor.py:186} INFO - Started process (PID=499) to work on /home/airflow/.local/lib/python3.12/site-packages/airflow/example_dags/example_display_name.py
[2024-11-18T16:42:26.365+0000] {processor.py:914} INFO - Processing file /home/airflow/.local/lib/python3.12/site-packages/airflow/example_dags/example_display_name.py for tasks to queue
[2024-11-18T16:42:26.368+0000] {logging_mixin.py:190} INFO - [2024-11-18T16:42:26.367+0000] {dagbag.py:588} INFO - Filling up the DagBag from /home/airflow/.local/lib/python3.12/site-packages/airflow/example_dags/example_display_name.py
[2024-11-18T16:42:26.378+0000] {processor.py:925} INFO - DAG(s) 'example_display_name' retrieved from /home/airflow/.local/lib/python3.12/site-packages/airflow/example_dags/example_display_name.py
[2024-11-18T16:42:26.417+0000] {logging_mixin.py:190} INFO - [2024-11-18T16:42:26.417+0000] {dag.py:3239} INFO - Sync 1 DAGs
[2024-11-18T16:42:26.460+0000] {logging_mixin.py:190} INFO - [2024-11-18T16:42:26.459+0000] {dag.py:4180} INFO - Setting next_dagrun for example_display_name to None, run_after=None
[2024-11-18T16:42:26.492+0000] {processor.py:208} INFO - Processing /home/airflow/.local/lib/python3.12/site-packages/airflow/example_dags/example_display_name.py took 0.136 seconds
[2024-11-18T16:42:57.416+0000] {processor.py:186} INFO - Started process (PID=562) to work on /home/airflow/.local/lib/python3.12/site-packages/airflow/example_dags/example_display_name.py
[2024-11-18T16:42:57.417+0000] {processor.py:914} INFO - Processing file /home/airflow/.local/lib/python3.12/site-packages/airflow/example_dags/example_display_name.py for tasks to queue
[2024-11-18T16:42:57.421+0000] {logging_mixin.py:190} INFO - [2024-11-18T16:42:57.421+0000] {dagbag.py:588} INFO - Filling up the DagBag from /home/airflow/.local/lib/python3.12/site-packages/airflow/example_dags/example_display_name.py
[2024-11-18T16:42:57.431+0000] {processor.py:925} INFO - DAG(s) 'example_display_name' retrieved from /home/airflow/.local/lib/python3.12/site-packages/airflow/example_dags/example_display_name.py
[2024-11-18T16:42:57.455+0000] {logging_mixin.py:190} INFO - [2024-11-18T16:42:57.454+0000] {dag.py:3239} INFO - Sync 1 DAGs
[2024-11-18T16:42:57.477+0000] {logging_mixin.py:190} INFO - [2024-11-18T16:42:57.476+0000] {dag.py:4180} INFO - Setting next_dagrun for example_display_name to None, run_after=None
[2024-11-18T16:42:57.501+0000] {processor.py:208} INFO - Processing /home/airflow/.local/lib/python3.12/site-packages/airflow/example_dags/example_display_name.py took 0.092 seconds
[2024-11-18T16:43:28.279+0000] {processor.py:186} INFO - Started process (PID=625) to work on /home/airflow/.local/lib/python3.12/site-packages/airflow/example_dags/example_display_name.py
[2024-11-18T16:43:28.280+0000] {processor.py:914} INFO - Processing file /home/airflow/.local/lib/python3.12/site-packages/airflow/example_dags/example_display_name.py for tasks to queue
[2024-11-18T16:43:28.283+0000] {logging_mixin.py:190} INFO - [2024-11-18T16:43:28.283+0000] {dagbag.py:588} INFO - Filling up the DagBag from /home/airflow/.local/lib/python3.12/site-packages/airflow/example_dags/example_display_name.py
[2024-11-18T16:43:28.295+0000] {processor.py:925} INFO - DAG(s) 'example_display_name' retrieved from /home/airflow/.local/lib/python3.12/site-packages/airflow/example_dags/example_display_name.py
[2024-11-18T16:43:28.323+0000] {logging_mixin.py:190} INFO - [2024-11-18T16:43:28.323+0000] {dag.py:3239} INFO - Sync 1 DAGs
[2024-11-18T16:43:28.340+0000] {logging_mixin.py:190} INFO - [2024-11-18T16:43:28.339+0000] {dag.py:4180} INFO - Setting next_dagrun for example_display_name to None, run_after=None
[2024-11-18T16:43:28.362+0000] {processor.py:208} INFO - Processing /home/airflow/.local/lib/python3.12/site-packages/airflow/example_dags/example_display_name.py took 0.092 seconds
[2024-11-18T16:43:58.648+0000] {processor.py:186} INFO - Started process (PID=687) to work on /home/airflow/.local/lib/python3.12/site-packages/airflow/example_dags/example_display_name.py
[2024-11-18T16:43:58.649+0000] {processor.py:914} INFO - Processing file /home/airflow/.local/lib/python3.12/site-packages/airflow/example_dags/example_display_name.py for tasks to queue
[2024-11-18T16:43:58.655+0000] {logging_mixin.py:190} INFO - [2024-11-18T16:43:58.655+0000] {dagbag.py:588} INFO - Filling up the DagBag from /home/airflow/.local/lib/python3.12/site-packages/airflow/example_dags/example_display_name.py
[2024-11-18T16:43:58.669+0000] {processor.py:925} INFO - DAG(s) 'example_display_name' retrieved from /home/airflow/.local/lib/python3.12/site-packages/airflow/example_dags/example_display_name.py
[2024-11-18T16:43:58.696+0000] {logging_mixin.py:190} INFO - [2024-11-18T16:43:58.696+0000] {dag.py:3239} INFO - Sync 1 DAGs
[2024-11-18T16:43:58.713+0000] {logging_mixin.py:190} INFO - [2024-11-18T16:43:58.712+0000] {dag.py:4180} INFO - Setting next_dagrun for example_display_name to None, run_after=None
[2024-11-18T16:43:58.735+0000] {processor.py:208} INFO - Processing /home/airflow/.local/lib/python3.12/site-packages/airflow/example_dags/example_display_name.py took 0.097 seconds
[2024-11-18T16:44:28.888+0000] {processor.py:186} INFO - Started process (PID=750) to work on /home/airflow/.local/lib/python3.12/site-packages/airflow/example_dags/example_display_name.py
[2024-11-18T16:44:28.889+0000] {processor.py:914} INFO - Processing file /home/airflow/.local/lib/python3.12/site-packages/airflow/example_dags/example_display_name.py for tasks to queue
[2024-11-18T16:44:28.893+0000] {logging_mixin.py:190} INFO - [2024-11-18T16:44:28.893+0000] {dagbag.py:588} INFO - Filling up the DagBag from /home/airflow/.local/lib/python3.12/site-packages/airflow/example_dags/example_display_name.py
[2024-11-18T16:44:28.906+0000] {processor.py:925} INFO - DAG(s) 'example_display_name' retrieved from /home/airflow/.local/lib/python3.12/site-packages/airflow/example_dags/example_display_name.py
[2024-11-18T16:44:28.932+0000] {logging_mixin.py:190} INFO - [2024-11-18T16:44:28.931+0000] {dag.py:3239} INFO - Sync 1 DAGs
[2024-11-18T16:44:28.952+0000] {logging_mixin.py:190} INFO - [2024-11-18T16:44:28.952+0000] {dag.py:4180} INFO - Setting next_dagrun for example_display_name to None, run_after=None
[2024-11-18T16:44:28.976+0000] {processor.py:208} INFO - Processing /home/airflow/.local/lib/python3.12/site-packages/airflow/example_dags/example_display_name.py took 0.098 seconds
[2024-11-18T16:44:59.206+0000] {processor.py:186} INFO - Started process (PID=812) to work on /home/airflow/.local/lib/python3.12/site-packages/airflow/example_dags/example_display_name.py
[2024-11-18T16:44:59.207+0000] {processor.py:914} INFO - Processing file /home/airflow/.local/lib/python3.12/site-packages/airflow/example_dags/example_display_name.py for tasks to queue
[2024-11-18T16:44:59.210+0000] {logging_mixin.py:190} INFO - [2024-11-18T16:44:59.210+0000] {dagbag.py:588} INFO - Filling up the DagBag from /home/airflow/.local/lib/python3.12/site-packages/airflow/example_dags/example_display_name.py
[2024-11-18T16:44:59.220+0000] {processor.py:925} INFO - DAG(s) 'example_display_name' retrieved from /home/airflow/.local/lib/python3.12/site-packages/airflow/example_dags/example_display_name.py
[2024-11-18T16:44:59.293+0000] {logging_mixin.py:190} INFO - [2024-11-18T16:44:59.292+0000] {dag.py:3239} INFO - Sync 1 DAGs
[2024-11-18T16:44:59.310+0000] {logging_mixin.py:190} INFO - [2024-11-18T16:44:59.310+0000] {dag.py:4180} INFO - Setting next_dagrun for example_display_name to None, run_after=None
[2024-11-18T16:44:59.339+0000] {processor.py:208} INFO - Processing /home/airflow/.local/lib/python3.12/site-packages/airflow/example_dags/example_display_name.py took 0.139 seconds
[2024-11-18T16:45:30.219+0000] {processor.py:186} INFO - Started process (PID=875) to work on /home/airflow/.local/lib/python3.12/site-packages/airflow/example_dags/example_display_name.py
[2024-11-18T16:45:30.220+0000] {processor.py:914} INFO - Processing file /home/airflow/.local/lib/python3.12/site-packages/airflow/example_dags/example_display_name.py for tasks to queue
[2024-11-18T16:45:30.227+0000] {logging_mixin.py:190} INFO - [2024-11-18T16:45:30.227+0000] {dagbag.py:588} INFO - Filling up the DagBag from /home/airflow/.local/lib/python3.12/site-packages/airflow/example_dags/example_display_name.py
[2024-11-18T16:45:30.237+0000] {processor.py:925} INFO - DAG(s) 'example_display_name' retrieved from /home/airflow/.local/lib/python3.12/site-packages/airflow/example_dags/example_display_name.py
[2024-11-18T16:45:30.265+0000] {logging_mixin.py:190} INFO - [2024-11-18T16:45:30.265+0000] {dag.py:3239} INFO - Sync 1 DAGs
[2024-11-18T16:45:30.294+0000] {logging_mixin.py:190} INFO - [2024-11-18T16:45:30.294+0000] {dag.py:4180} INFO - Setting next_dagrun for example_display_name to None, run_after=None
[2024-11-18T16:45:30.319+0000] {processor.py:208} INFO - Processing /home/airflow/.local/lib/python3.12/site-packages/airflow/example_dags/example_display_name.py took 0.108 seconds
[2024-11-18T16:46:00.617+0000] {processor.py:186} INFO - Started process (PID=937) to work on /home/airflow/.local/lib/python3.12/site-packages/airflow/example_dags/example_display_name.py
[2024-11-18T16:46:00.618+0000] {processor.py:914} INFO - Processing file /home/airflow/.local/lib/python3.12/site-packages/airflow/example_dags/example_display_name.py for tasks to queue
[2024-11-18T16:46:00.621+0000] {logging_mixin.py:190} INFO - [2024-11-18T16:46:00.620+0000] {dagbag.py:588} INFO - Filling up the DagBag from /home/airflow/.local/lib/python3.12/site-packages/airflow/example_dags/example_display_name.py
[2024-11-18T16:46:00.630+0000] {processor.py:925} INFO - DAG(s) 'example_display_name' retrieved from /home/airflow/.local/lib/python3.12/site-packages/airflow/example_dags/example_display_name.py
[2024-11-18T16:46:00.652+0000] {logging_mixin.py:190} INFO - [2024-11-18T16:46:00.651+0000] {dag.py:3239} INFO - Sync 1 DAGs
[2024-11-18T16:46:00.721+0000] {logging_mixin.py:190} INFO - [2024-11-18T16:46:00.721+0000] {dag.py:4180} INFO - Setting next_dagrun for example_display_name to None, run_after=None
[2024-11-18T16:46:00.744+0000] {processor.py:208} INFO - Processing /home/airflow/.local/lib/python3.12/site-packages/airflow/example_dags/example_display_name.py took 0.133 seconds
[2024-11-18T16:46:31.695+0000] {processor.py:186} INFO - Started process (PID=1000) to work on /home/airflow/.local/lib/python3.12/site-packages/airflow/example_dags/example_display_name.py
[2024-11-18T16:46:31.697+0000] {processor.py:914} INFO - Processing file /home/airflow/.local/lib/python3.12/site-packages/airflow/example_dags/example_display_name.py for tasks to queue
[2024-11-18T16:46:31.699+0000] {logging_mixin.py:190} INFO - [2024-11-18T16:46:31.699+0000] {dagbag.py:588} INFO - Filling up the DagBag from /home/airflow/.local/lib/python3.12/site-packages/airflow/example_dags/example_display_name.py
[2024-11-18T16:46:31.709+0000] {processor.py:925} INFO - DAG(s) 'example_display_name' retrieved from /home/airflow/.local/lib/python3.12/site-packages/airflow/example_dags/example_display_name.py
[2024-11-18T16:46:31.736+0000] {logging_mixin.py:190} INFO - [2024-11-18T16:46:31.736+0000] {dag.py:3239} INFO - Sync 1 DAGs
[2024-11-18T16:46:31.757+0000] {logging_mixin.py:190} INFO - [2024-11-18T16:46:31.756+0000] {dag.py:4180} INFO - Setting next_dagrun for example_display_name to None, run_after=None
[2024-11-18T16:46:31.776+0000] {processor.py:208} INFO - Processing /home/airflow/.local/lib/python3.12/site-packages/airflow/example_dags/example_display_name.py took 0.088 seconds
[2024-11-18T16:47:03.115+0000] {processor.py:186} INFO - Started process (PID=1063) to work on /home/airflow/.local/lib/python3.12/site-packages/airflow/example_dags/example_display_name.py
[2024-11-18T16:47:03.116+0000] {processor.py:914} INFO - Processing file /home/airflow/.local/lib/python3.12/site-packages/airflow/example_dags/example_display_name.py for tasks to queue
[2024-11-18T16:47:03.119+0000] {logging_mixin.py:190} INFO - [2024-11-18T16:47:03.118+0000] {dagbag.py:588} INFO - Filling up the DagBag from /home/airflow/.local/lib/python3.12/site-packages/airflow/example_dags/example_display_name.py
[2024-11-18T16:47:03.128+0000] {processor.py:925} INFO - DAG(s) 'example_display_name' retrieved from /home/airflow/.local/lib/python3.12/site-packages/airflow/example_dags/example_display_name.py
[2024-11-18T16:47:03.151+0000] {logging_mixin.py:190} INFO - [2024-11-18T16:47:03.151+0000] {dag.py:3239} INFO - Sync 1 DAGs
[2024-11-18T16:47:03.172+0000] {logging_mixin.py:190} INFO - [2024-11-18T16:47:03.171+0000] {dag.py:4180} INFO - Setting next_dagrun for example_display_name to None, run_after=None
[2024-11-18T16:47:03.199+0000] {processor.py:208} INFO - Processing /home/airflow/.local/lib/python3.12/site-packages/airflow/example_dags/example_display_name.py took 0.091 seconds
[2024-11-18T16:47:34.174+0000] {processor.py:186} INFO - Started process (PID=1126) to work on /home/airflow/.local/lib/python3.12/site-packages/airflow/example_dags/example_display_name.py
[2024-11-18T16:47:34.175+0000] {processor.py:914} INFO - Processing file /home/airflow/.local/lib/python3.12/site-packages/airflow/example_dags/example_display_name.py for tasks to queue
[2024-11-18T16:47:34.180+0000] {logging_mixin.py:190} INFO - [2024-11-18T16:47:34.179+0000] {dagbag.py:588} INFO - Filling up the DagBag from /home/airflow/.local/lib/python3.12/site-packages/airflow/example_dags/example_display_name.py
[2024-11-18T16:47:34.190+0000] {processor.py:925} INFO - DAG(s) 'example_display_name' retrieved from /home/airflow/.local/lib/python3.12/site-packages/airflow/example_dags/example_display_name.py
[2024-11-18T16:47:34.215+0000] {logging_mixin.py:190} INFO - [2024-11-18T16:47:34.215+0000] {dag.py:3239} INFO - Sync 1 DAGs
[2024-11-18T16:47:34.236+0000] {logging_mixin.py:190} INFO - [2024-11-18T16:47:34.235+0000] {dag.py:4180} INFO - Setting next_dagrun for example_display_name to None, run_after=None
[2024-11-18T16:47:34.260+0000] {processor.py:208} INFO - Processing /home/airflow/.local/lib/python3.12/site-packages/airflow/example_dags/example_display_name.py took 0.093 seconds
[2024-11-18T16:48:05.895+0000] {processor.py:186} INFO - Started process (PID=1189) to work on /home/airflow/.local/lib/python3.12/site-packages/airflow/example_dags/example_display_name.py
[2024-11-18T16:48:05.896+0000] {processor.py:914} INFO - Processing file /home/airflow/.local/lib/python3.12/site-packages/airflow/example_dags/example_display_name.py for tasks to queue
[2024-11-18T16:48:05.898+0000] {logging_mixin.py:190} INFO - [2024-11-18T16:48:05.898+0000] {dagbag.py:588} INFO - Filling up the DagBag from /home/airflow/.local/lib/python3.12/site-packages/airflow/example_dags/example_display_name.py
[2024-11-18T16:48:05.908+0000] {processor.py:925} INFO - DAG(s) 'example_display_name' retrieved from /home/airflow/.local/lib/python3.12/site-packages/airflow/example_dags/example_display_name.py
[2024-11-18T16:48:05.933+0000] {logging_mixin.py:190} INFO - [2024-11-18T16:48:05.933+0000] {dag.py:3239} INFO - Sync 1 DAGs
[2024-11-18T16:48:05.950+0000] {logging_mixin.py:190} INFO - [2024-11-18T16:48:05.950+0000] {dag.py:4180} INFO - Setting next_dagrun for example_display_name to None, run_after=None
[2024-11-18T16:48:05.973+0000] {processor.py:208} INFO - Processing /home/airflow/.local/lib/python3.12/site-packages/airflow/example_dags/example_display_name.py took 0.085 seconds
[2024-11-18T16:48:37.226+0000] {processor.py:186} INFO - Started process (PID=1252) to work on /home/airflow/.local/lib/python3.12/site-packages/airflow/example_dags/example_display_name.py
[2024-11-18T16:48:37.227+0000] {processor.py:914} INFO - Processing file /home/airflow/.local/lib/python3.12/site-packages/airflow/example_dags/example_display_name.py for tasks to queue
[2024-11-18T16:48:37.230+0000] {logging_mixin.py:190} INFO - [2024-11-18T16:48:37.230+0000] {dagbag.py:588} INFO - Filling up the DagBag from /home/airflow/.local/lib/python3.12/site-packages/airflow/example_dags/example_display_name.py
[2024-11-18T16:48:37.240+0000] {processor.py:925} INFO - DAG(s) 'example_display_name' retrieved from /home/airflow/.local/lib/python3.12/site-packages/airflow/example_dags/example_display_name.py
[2024-11-18T16:48:37.261+0000] {logging_mixin.py:190} INFO - [2024-11-18T16:48:37.261+0000] {dag.py:3239} INFO - Sync 1 DAGs
[2024-11-18T16:48:37.278+0000] {logging_mixin.py:190} INFO - [2024-11-18T16:48:37.278+0000] {dag.py:4180} INFO - Setting next_dagrun for example_display_name to None, run_after=None
[2024-11-18T16:48:37.300+0000] {processor.py:208} INFO - Processing /home/airflow/.local/lib/python3.12/site-packages/airflow/example_dags/example_display_name.py took 0.081 seconds
[2024-11-18T16:49:08.542+0000] {processor.py:186} INFO - Started process (PID=1315) to work on /home/airflow/.local/lib/python3.12/site-packages/airflow/example_dags/example_display_name.py
[2024-11-18T16:49:08.543+0000] {processor.py:914} INFO - Processing file /home/airflow/.local/lib/python3.12/site-packages/airflow/example_dags/example_display_name.py for tasks to queue
[2024-11-18T16:49:08.546+0000] {logging_mixin.py:190} INFO - [2024-11-18T16:49:08.546+0000] {dagbag.py:588} INFO - Filling up the DagBag from /home/airflow/.local/lib/python3.12/site-packages/airflow/example_dags/example_display_name.py
[2024-11-18T16:49:08.555+0000] {processor.py:925} INFO - DAG(s) 'example_display_name' retrieved from /home/airflow/.local/lib/python3.12/site-packages/airflow/example_dags/example_display_name.py
[2024-11-18T16:49:08.578+0000] {logging_mixin.py:190} INFO - [2024-11-18T16:49:08.577+0000] {dag.py:3239} INFO - Sync 1 DAGs
[2024-11-18T16:49:08.594+0000] {logging_mixin.py:190} INFO - [2024-11-18T16:49:08.594+0000] {dag.py:4180} INFO - Setting next_dagrun for example_display_name to None, run_after=None
[2024-11-18T16:49:08.614+0000] {processor.py:208} INFO - Processing /home/airflow/.local/lib/python3.12/site-packages/airflow/example_dags/example_display_name.py took 0.079 seconds
[2024-11-18T16:49:40.192+0000] {processor.py:186} INFO - Started process (PID=1378) to work on /home/airflow/.local/lib/python3.12/site-packages/airflow/example_dags/example_display_name.py
[2024-11-18T16:49:40.193+0000] {processor.py:914} INFO - Processing file /home/airflow/.local/lib/python3.12/site-packages/airflow/example_dags/example_display_name.py for tasks to queue
[2024-11-18T16:49:40.196+0000] {logging_mixin.py:190} INFO - [2024-11-18T16:49:40.196+0000] {dagbag.py:588} INFO - Filling up the DagBag from /home/airflow/.local/lib/python3.12/site-packages/airflow/example_dags/example_display_name.py
[2024-11-18T16:49:40.206+0000] {processor.py:925} INFO - DAG(s) 'example_display_name' retrieved from /home/airflow/.local/lib/python3.12/site-packages/airflow/example_dags/example_display_name.py
[2024-11-18T16:49:40.229+0000] {logging_mixin.py:190} INFO - [2024-11-18T16:49:40.228+0000] {dag.py:3239} INFO - Sync 1 DAGs
[2024-11-18T16:49:40.247+0000] {logging_mixin.py:190} INFO - [2024-11-18T16:49:40.246+0000] {dag.py:4180} INFO - Setting next_dagrun for example_display_name to None, run_after=None
[2024-11-18T16:49:40.269+0000] {processor.py:208} INFO - Processing /home/airflow/.local/lib/python3.12/site-packages/airflow/example_dags/example_display_name.py took 0.083 seconds
[2024-11-18T16:50:11.993+0000] {processor.py:186} INFO - Started process (PID=1441) to work on /home/airflow/.local/lib/python3.12/site-packages/airflow/example_dags/example_display_name.py
[2024-11-18T16:50:11.994+0000] {processor.py:914} INFO - Processing file /home/airflow/.local/lib/python3.12/site-packages/airflow/example_dags/example_display_name.py for tasks to queue
[2024-11-18T16:50:11.997+0000] {logging_mixin.py:190} INFO - [2024-11-18T16:50:11.996+0000] {dagbag.py:588} INFO - Filling up the DagBag from /home/airflow/.local/lib/python3.12/site-packages/airflow/example_dags/example_display_name.py
[2024-11-18T16:50:12.006+0000] {processor.py:925} INFO - DAG(s) 'example_display_name' retrieved from /home/airflow/.local/lib/python3.12/site-packages/airflow/example_dags/example_display_name.py
[2024-11-18T16:50:12.028+0000] {logging_mixin.py:190} INFO - [2024-11-18T16:50:12.028+0000] {dag.py:3239} INFO - Sync 1 DAGs
[2024-11-18T16:50:12.045+0000] {logging_mixin.py:190} INFO - [2024-11-18T16:50:12.045+0000] {dag.py:4180} INFO - Setting next_dagrun for example_display_name to None, run_after=None
[2024-11-18T16:50:12.065+0000] {processor.py:208} INFO - Processing /home/airflow/.local/lib/python3.12/site-packages/airflow/example_dags/example_display_name.py took 0.081 seconds
[2024-11-18T16:50:43.749+0000] {processor.py:186} INFO - Started process (PID=1504) to work on /home/airflow/.local/lib/python3.12/site-packages/airflow/example_dags/example_display_name.py
[2024-11-18T16:50:43.750+0000] {processor.py:914} INFO - Processing file /home/airflow/.local/lib/python3.12/site-packages/airflow/example_dags/example_display_name.py for tasks to queue
[2024-11-18T16:50:43.754+0000] {logging_mixin.py:190} INFO - [2024-11-18T16:50:43.754+0000] {dagbag.py:588} INFO - Filling up the DagBag from /home/airflow/.local/lib/python3.12/site-packages/airflow/example_dags/example_display_name.py
[2024-11-18T16:50:43.767+0000] {processor.py:925} INFO - DAG(s) 'example_display_name' retrieved from /home/airflow/.local/lib/python3.12/site-packages/airflow/example_dags/example_display_name.py
[2024-11-18T16:50:43.794+0000] {logging_mixin.py:190} INFO - [2024-11-18T16:50:43.793+0000] {dag.py:3239} INFO - Sync 1 DAGs
[2024-11-18T16:50:43.814+0000] {logging_mixin.py:190} INFO - [2024-11-18T16:50:43.814+0000] {dag.py:4180} INFO - Setting next_dagrun for example_display_name to None, run_after=None
[2024-11-18T16:50:43.840+0000] {processor.py:208} INFO - Processing /home/airflow/.local/lib/python3.12/site-packages/airflow/example_dags/example_display_name.py took 0.104 seconds
[2024-11-18T16:51:15.823+0000] {processor.py:186} INFO - Started process (PID=1567) to work on /home/airflow/.local/lib/python3.12/site-packages/airflow/example_dags/example_display_name.py
[2024-11-18T16:51:15.824+0000] {processor.py:914} INFO - Processing file /home/airflow/.local/lib/python3.12/site-packages/airflow/example_dags/example_display_name.py for tasks to queue
[2024-11-18T16:51:15.827+0000] {logging_mixin.py:190} INFO - [2024-11-18T16:51:15.826+0000] {dagbag.py:588} INFO - Filling up the DagBag from /home/airflow/.local/lib/python3.12/site-packages/airflow/example_dags/example_display_name.py
[2024-11-18T16:51:15.836+0000] {processor.py:925} INFO - DAG(s) 'example_display_name' retrieved from /home/airflow/.local/lib/python3.12/site-packages/airflow/example_dags/example_display_name.py
[2024-11-18T16:51:15.860+0000] {logging_mixin.py:190} INFO - [2024-11-18T16:51:15.860+0000] {dag.py:3239} INFO - Sync 1 DAGs
[2024-11-18T16:51:15.876+0000] {logging_mixin.py:190} INFO - [2024-11-18T16:51:15.876+0000] {dag.py:4180} INFO - Setting next_dagrun for example_display_name to None, run_after=None
[2024-11-18T16:51:15.947+0000] {processor.py:208} INFO - Processing /home/airflow/.local/lib/python3.12/site-packages/airflow/example_dags/example_display_name.py took 0.139 seconds
[2024-11-18T16:51:47.286+0000] {processor.py:186} INFO - Started process (PID=1635) to work on /home/airflow/.local/lib/python3.12/site-packages/airflow/example_dags/example_display_name.py
[2024-11-18T16:51:47.287+0000] {processor.py:914} INFO - Processing file /home/airflow/.local/lib/python3.12/site-packages/airflow/example_dags/example_display_name.py for tasks to queue
[2024-11-18T16:51:47.289+0000] {logging_mixin.py:190} INFO - [2024-11-18T16:51:47.289+0000] {dagbag.py:588} INFO - Filling up the DagBag from /home/airflow/.local/lib/python3.12/site-packages/airflow/example_dags/example_display_name.py
[2024-11-18T16:51:47.299+0000] {processor.py:925} INFO - DAG(s) 'example_display_name' retrieved from /home/airflow/.local/lib/python3.12/site-packages/airflow/example_dags/example_display_name.py
[2024-11-18T16:51:47.323+0000] {logging_mixin.py:190} INFO - [2024-11-18T16:51:47.322+0000] {dag.py:3239} INFO - Sync 1 DAGs
[2024-11-18T16:51:47.339+0000] {logging_mixin.py:190} INFO - [2024-11-18T16:51:47.339+0000] {dag.py:4180} INFO - Setting next_dagrun for example_display_name to None, run_after=None
[2024-11-18T16:51:47.361+0000] {processor.py:208} INFO - Processing /home/airflow/.local/lib/python3.12/site-packages/airflow/example_dags/example_display_name.py took 0.082 seconds
[2024-11-18T16:52:18.575+0000] {processor.py:186} INFO - Started process (PID=1698) to work on /home/airflow/.local/lib/python3.12/site-packages/airflow/example_dags/example_display_name.py
[2024-11-18T16:52:18.576+0000] {processor.py:914} INFO - Processing file /home/airflow/.local/lib/python3.12/site-packages/airflow/example_dags/example_display_name.py for tasks to queue
[2024-11-18T16:52:18.579+0000] {logging_mixin.py:190} INFO - [2024-11-18T16:52:18.578+0000] {dagbag.py:588} INFO - Filling up the DagBag from /home/airflow/.local/lib/python3.12/site-packages/airflow/example_dags/example_display_name.py
[2024-11-18T16:52:18.588+0000] {processor.py:925} INFO - DAG(s) 'example_display_name' retrieved from /home/airflow/.local/lib/python3.12/site-packages/airflow/example_dags/example_display_name.py
[2024-11-18T16:52:18.614+0000] {logging_mixin.py:190} INFO - [2024-11-18T16:52:18.614+0000] {dag.py:3239} INFO - Sync 1 DAGs
[2024-11-18T16:52:18.631+0000] {logging_mixin.py:190} INFO - [2024-11-18T16:52:18.631+0000] {dag.py:4180} INFO - Setting next_dagrun for example_display_name to None, run_after=None
[2024-11-18T16:52:18.653+0000] {processor.py:208} INFO - Processing /home/airflow/.local/lib/python3.12/site-packages/airflow/example_dags/example_display_name.py took 0.085 seconds
[2024-11-18T16:52:49.926+0000] {processor.py:186} INFO - Started process (PID=1761) to work on /home/airflow/.local/lib/python3.12/site-packages/airflow/example_dags/example_display_name.py
[2024-11-18T16:52:49.927+0000] {processor.py:914} INFO - Processing file /home/airflow/.local/lib/python3.12/site-packages/airflow/example_dags/example_display_name.py for tasks to queue
[2024-11-18T16:52:49.930+0000] {logging_mixin.py:190} INFO - [2024-11-18T16:52:49.930+0000] {dagbag.py:588} INFO - Filling up the DagBag from /home/airflow/.local/lib/python3.12/site-packages/airflow/example_dags/example_display_name.py
[2024-11-18T16:52:49.940+0000] {processor.py:925} INFO - DAG(s) 'example_display_name' retrieved from /home/airflow/.local/lib/python3.12/site-packages/airflow/example_dags/example_display_name.py
[2024-11-18T16:52:49.962+0000] {logging_mixin.py:190} INFO - [2024-11-18T16:52:49.961+0000] {dag.py:3239} INFO - Sync 1 DAGs
[2024-11-18T16:52:49.979+0000] {logging_mixin.py:190} INFO - [2024-11-18T16:52:49.978+0000] {dag.py:4180} INFO - Setting next_dagrun for example_display_name to None, run_after=None
[2024-11-18T16:52:49.999+0000] {processor.py:208} INFO - Processing /home/airflow/.local/lib/python3.12/site-packages/airflow/example_dags/example_display_name.py took 0.080 seconds
[2024-11-18T16:53:21.354+0000] {processor.py:186} INFO - Started process (PID=1831) to work on /home/airflow/.local/lib/python3.12/site-packages/airflow/example_dags/example_display_name.py
[2024-11-18T16:53:21.356+0000] {processor.py:914} INFO - Processing file /home/airflow/.local/lib/python3.12/site-packages/airflow/example_dags/example_display_name.py for tasks to queue
[2024-11-18T16:53:21.359+0000] {logging_mixin.py:190} INFO - [2024-11-18T16:53:21.358+0000] {dagbag.py:588} INFO - Filling up the DagBag from /home/airflow/.local/lib/python3.12/site-packages/airflow/example_dags/example_display_name.py
[2024-11-18T16:53:21.368+0000] {processor.py:925} INFO - DAG(s) 'example_display_name' retrieved from /home/airflow/.local/lib/python3.12/site-packages/airflow/example_dags/example_display_name.py
[2024-11-18T16:53:21.392+0000] {logging_mixin.py:190} INFO - [2024-11-18T16:53:21.392+0000] {dag.py:3239} INFO - Sync 1 DAGs
[2024-11-18T16:53:21.412+0000] {logging_mixin.py:190} INFO - [2024-11-18T16:53:21.412+0000] {dag.py:4180} INFO - Setting next_dagrun for example_display_name to None, run_after=None
[2024-11-18T16:53:21.437+0000] {processor.py:208} INFO - Processing /home/airflow/.local/lib/python3.12/site-packages/airflow/example_dags/example_display_name.py took 0.090 seconds
[2024-11-18T16:53:52.981+0000] {processor.py:186} INFO - Started process (PID=1897) to work on /home/airflow/.local/lib/python3.12/site-packages/airflow/example_dags/example_display_name.py
[2024-11-18T16:53:52.982+0000] {processor.py:914} INFO - Processing file /home/airflow/.local/lib/python3.12/site-packages/airflow/example_dags/example_display_name.py for tasks to queue
[2024-11-18T16:53:52.985+0000] {logging_mixin.py:190} INFO - [2024-11-18T16:53:52.985+0000] {dagbag.py:588} INFO - Filling up the DagBag from /home/airflow/.local/lib/python3.12/site-packages/airflow/example_dags/example_display_name.py
[2024-11-18T16:53:52.994+0000] {processor.py:925} INFO - DAG(s) 'example_display_name' retrieved from /home/airflow/.local/lib/python3.12/site-packages/airflow/example_dags/example_display_name.py
[2024-11-18T16:53:53.027+0000] {logging_mixin.py:190} INFO - [2024-11-18T16:53:53.027+0000] {dag.py:3239} INFO - Sync 1 DAGs
[2024-11-18T16:53:53.046+0000] {logging_mixin.py:190} INFO - [2024-11-18T16:53:53.046+0000] {dag.py:4180} INFO - Setting next_dagrun for example_display_name to None, run_after=None
[2024-11-18T16:53:53.068+0000] {processor.py:208} INFO - Processing /home/airflow/.local/lib/python3.12/site-packages/airflow/example_dags/example_display_name.py took 0.094 seconds
[2024-11-18T16:54:23.981+0000] {processor.py:186} INFO - Started process (PID=1961) to work on /home/airflow/.local/lib/python3.12/site-packages/airflow/example_dags/example_display_name.py
[2024-11-18T16:54:23.982+0000] {processor.py:914} INFO - Processing file /home/airflow/.local/lib/python3.12/site-packages/airflow/example_dags/example_display_name.py for tasks to queue
[2024-11-18T16:54:23.985+0000] {logging_mixin.py:190} INFO - [2024-11-18T16:54:23.984+0000] {dagbag.py:588} INFO - Filling up the DagBag from /home/airflow/.local/lib/python3.12/site-packages/airflow/example_dags/example_display_name.py
[2024-11-18T16:54:23.994+0000] {processor.py:925} INFO - DAG(s) 'example_display_name' retrieved from /home/airflow/.local/lib/python3.12/site-packages/airflow/example_dags/example_display_name.py
[2024-11-18T16:54:24.016+0000] {logging_mixin.py:190} INFO - [2024-11-18T16:54:24.016+0000] {dag.py:3239} INFO - Sync 1 DAGs
[2024-11-18T16:54:24.032+0000] {logging_mixin.py:190} INFO - [2024-11-18T16:54:24.032+0000] {dag.py:4180} INFO - Setting next_dagrun for example_display_name to None, run_after=None
[2024-11-18T16:54:24.053+0000] {processor.py:208} INFO - Processing /home/airflow/.local/lib/python3.12/site-packages/airflow/example_dags/example_display_name.py took 0.079 seconds
[2024-11-18T16:54:55.390+0000] {processor.py:186} INFO - Started process (PID=2024) to work on /home/airflow/.local/lib/python3.12/site-packages/airflow/example_dags/example_display_name.py
[2024-11-18T16:54:55.391+0000] {processor.py:914} INFO - Processing file /home/airflow/.local/lib/python3.12/site-packages/airflow/example_dags/example_display_name.py for tasks to queue
[2024-11-18T16:54:55.393+0000] {logging_mixin.py:190} INFO - [2024-11-18T16:54:55.393+0000] {dagbag.py:588} INFO - Filling up the DagBag from /home/airflow/.local/lib/python3.12/site-packages/airflow/example_dags/example_display_name.py
[2024-11-18T16:54:55.402+0000] {processor.py:925} INFO - DAG(s) 'example_display_name' retrieved from /home/airflow/.local/lib/python3.12/site-packages/airflow/example_dags/example_display_name.py
[2024-11-18T16:54:55.426+0000] {logging_mixin.py:190} INFO - [2024-11-18T16:54:55.425+0000] {dag.py:3239} INFO - Sync 1 DAGs
[2024-11-18T16:54:55.443+0000] {logging_mixin.py:190} INFO - [2024-11-18T16:54:55.443+0000] {dag.py:4180} INFO - Setting next_dagrun for example_display_name to None, run_after=None
[2024-11-18T16:54:55.464+0000] {processor.py:208} INFO - Processing /home/airflow/.local/lib/python3.12/site-packages/airflow/example_dags/example_display_name.py took 0.081 seconds
[2024-11-18T16:55:26.569+0000] {processor.py:186} INFO - Started process (PID=2090) to work on /home/airflow/.local/lib/python3.12/site-packages/airflow/example_dags/example_display_name.py
[2024-11-18T16:55:26.570+0000] {processor.py:914} INFO - Processing file /home/airflow/.local/lib/python3.12/site-packages/airflow/example_dags/example_display_name.py for tasks to queue
[2024-11-18T16:55:26.573+0000] {logging_mixin.py:190} INFO - [2024-11-18T16:55:26.573+0000] {dagbag.py:588} INFO - Filling up the DagBag from /home/airflow/.local/lib/python3.12/site-packages/airflow/example_dags/example_display_name.py
[2024-11-18T16:55:26.582+0000] {processor.py:925} INFO - DAG(s) 'example_display_name' retrieved from /home/airflow/.local/lib/python3.12/site-packages/airflow/example_dags/example_display_name.py
[2024-11-18T16:55:26.605+0000] {logging_mixin.py:190} INFO - [2024-11-18T16:55:26.605+0000] {dag.py:3239} INFO - Sync 1 DAGs
[2024-11-18T16:55:26.623+0000] {logging_mixin.py:190} INFO - [2024-11-18T16:55:26.622+0000] {dag.py:4180} INFO - Setting next_dagrun for example_display_name to None, run_after=None
[2024-11-18T16:55:26.643+0000] {processor.py:208} INFO - Processing /home/airflow/.local/lib/python3.12/site-packages/airflow/example_dags/example_display_name.py took 0.082 seconds
[2024-11-18T16:55:57.836+0000] {processor.py:186} INFO - Started process (PID=2154) to work on /home/airflow/.local/lib/python3.12/site-packages/airflow/example_dags/example_display_name.py
[2024-11-18T16:55:57.838+0000] {processor.py:914} INFO - Processing file /home/airflow/.local/lib/python3.12/site-packages/airflow/example_dags/example_display_name.py for tasks to queue
[2024-11-18T16:55:57.840+0000] {logging_mixin.py:190} INFO - [2024-11-18T16:55:57.840+0000] {dagbag.py:588} INFO - Filling up the DagBag from /home/airflow/.local/lib/python3.12/site-packages/airflow/example_dags/example_display_name.py
[2024-11-18T16:55:57.849+0000] {processor.py:925} INFO - DAG(s) 'example_display_name' retrieved from /home/airflow/.local/lib/python3.12/site-packages/airflow/example_dags/example_display_name.py
[2024-11-18T16:55:57.872+0000] {logging_mixin.py:190} INFO - [2024-11-18T16:55:57.871+0000] {dag.py:3239} INFO - Sync 1 DAGs
[2024-11-18T16:55:57.888+0000] {logging_mixin.py:190} INFO - [2024-11-18T16:55:57.888+0000] {dag.py:4180} INFO - Setting next_dagrun for example_display_name to None, run_after=None
[2024-11-18T16:55:57.909+0000] {processor.py:208} INFO - Processing /home/airflow/.local/lib/python3.12/site-packages/airflow/example_dags/example_display_name.py took 0.079 seconds
[2024-11-18T16:56:29.526+0000] {processor.py:186} INFO - Started process (PID=2221) to work on /home/airflow/.local/lib/python3.12/site-packages/airflow/example_dags/example_display_name.py
[2024-11-18T16:56:29.528+0000] {processor.py:914} INFO - Processing file /home/airflow/.local/lib/python3.12/site-packages/airflow/example_dags/example_display_name.py for tasks to queue
[2024-11-18T16:56:29.530+0000] {logging_mixin.py:190} INFO - [2024-11-18T16:56:29.530+0000] {dagbag.py:588} INFO - Filling up the DagBag from /home/airflow/.local/lib/python3.12/site-packages/airflow/example_dags/example_display_name.py
[2024-11-18T16:56:29.542+0000] {processor.py:925} INFO - DAG(s) 'example_display_name' retrieved from /home/airflow/.local/lib/python3.12/site-packages/airflow/example_dags/example_display_name.py
[2024-11-18T16:56:29.566+0000] {logging_mixin.py:190} INFO - [2024-11-18T16:56:29.566+0000] {dag.py:3239} INFO - Sync 1 DAGs
[2024-11-18T16:56:29.585+0000] {logging_mixin.py:190} INFO - [2024-11-18T16:56:29.584+0000] {dag.py:4180} INFO - Setting next_dagrun for example_display_name to None, run_after=None
[2024-11-18T16:56:29.610+0000] {processor.py:208} INFO - Processing /home/airflow/.local/lib/python3.12/site-packages/airflow/example_dags/example_display_name.py took 0.092 seconds
[2024-11-18T16:57:01.615+0000] {processor.py:186} INFO - Started process (PID=2288) to work on /home/airflow/.local/lib/python3.12/site-packages/airflow/example_dags/example_display_name.py
[2024-11-18T16:57:01.616+0000] {processor.py:914} INFO - Processing file /home/airflow/.local/lib/python3.12/site-packages/airflow/example_dags/example_display_name.py for tasks to queue
[2024-11-18T16:57:01.619+0000] {logging_mixin.py:190} INFO - [2024-11-18T16:57:01.618+0000] {dagbag.py:588} INFO - Filling up the DagBag from /home/airflow/.local/lib/python3.12/site-packages/airflow/example_dags/example_display_name.py
[2024-11-18T16:57:01.633+0000] {processor.py:925} INFO - DAG(s) 'example_display_name' retrieved from /home/airflow/.local/lib/python3.12/site-packages/airflow/example_dags/example_display_name.py
[2024-11-18T16:57:01.664+0000] {logging_mixin.py:190} INFO - [2024-11-18T16:57:01.664+0000] {dag.py:3239} INFO - Sync 1 DAGs
[2024-11-18T16:57:01.689+0000] {logging_mixin.py:190} INFO - [2024-11-18T16:57:01.689+0000] {dag.py:4180} INFO - Setting next_dagrun for example_display_name to None, run_after=None
[2024-11-18T16:57:01.718+0000] {processor.py:208} INFO - Processing /home/airflow/.local/lib/python3.12/site-packages/airflow/example_dags/example_display_name.py took 0.112 seconds
[2024-11-18T16:57:33.305+0000] {processor.py:186} INFO - Started process (PID=2354) to work on /home/airflow/.local/lib/python3.12/site-packages/airflow/example_dags/example_display_name.py
[2024-11-18T16:57:33.306+0000] {processor.py:914} INFO - Processing file /home/airflow/.local/lib/python3.12/site-packages/airflow/example_dags/example_display_name.py for tasks to queue
[2024-11-18T16:57:33.309+0000] {logging_mixin.py:190} INFO - [2024-11-18T16:57:33.309+0000] {dagbag.py:588} INFO - Filling up the DagBag from /home/airflow/.local/lib/python3.12/site-packages/airflow/example_dags/example_display_name.py
[2024-11-18T16:57:33.319+0000] {processor.py:925} INFO - DAG(s) 'example_display_name' retrieved from /home/airflow/.local/lib/python3.12/site-packages/airflow/example_dags/example_display_name.py
[2024-11-18T16:57:33.344+0000] {logging_mixin.py:190} INFO - [2024-11-18T16:57:33.344+0000] {dag.py:3239} INFO - Sync 1 DAGs
[2024-11-18T16:57:33.364+0000] {logging_mixin.py:190} INFO - [2024-11-18T16:57:33.364+0000] {dag.py:4180} INFO - Setting next_dagrun for example_display_name to None, run_after=None
[2024-11-18T16:57:33.388+0000] {processor.py:208} INFO - Processing /home/airflow/.local/lib/python3.12/site-packages/airflow/example_dags/example_display_name.py took 0.092 seconds
[2024-11-18T16:58:05.624+0000] {processor.py:186} INFO - Started process (PID=2421) to work on /home/airflow/.local/lib/python3.12/site-packages/airflow/example_dags/example_display_name.py
[2024-11-18T16:58:05.625+0000] {processor.py:914} INFO - Processing file /home/airflow/.local/lib/python3.12/site-packages/airflow/example_dags/example_display_name.py for tasks to queue
[2024-11-18T16:58:05.628+0000] {logging_mixin.py:190} INFO - [2024-11-18T16:58:05.627+0000] {dagbag.py:588} INFO - Filling up the DagBag from /home/airflow/.local/lib/python3.12/site-packages/airflow/example_dags/example_display_name.py
[2024-11-18T16:58:05.642+0000] {processor.py:925} INFO - DAG(s) 'example_display_name' retrieved from /home/airflow/.local/lib/python3.12/site-packages/airflow/example_dags/example_display_name.py
[2024-11-18T16:58:05.672+0000] {logging_mixin.py:190} INFO - [2024-11-18T16:58:05.672+0000] {dag.py:3239} INFO - Sync 1 DAGs
[2024-11-18T16:58:05.692+0000] {logging_mixin.py:190} INFO - [2024-11-18T16:58:05.692+0000] {dag.py:4180} INFO - Setting next_dagrun for example_display_name to None, run_after=None
[2024-11-18T16:58:05.715+0000] {processor.py:208} INFO - Processing /home/airflow/.local/lib/python3.12/site-packages/airflow/example_dags/example_display_name.py took 0.102 seconds
[2024-11-18T16:58:36.944+0000] {processor.py:186} INFO - Started process (PID=2484) to work on /home/airflow/.local/lib/python3.12/site-packages/airflow/example_dags/example_display_name.py
[2024-11-18T16:58:36.946+0000] {processor.py:914} INFO - Processing file /home/airflow/.local/lib/python3.12/site-packages/airflow/example_dags/example_display_name.py for tasks to queue
[2024-11-18T16:58:36.948+0000] {logging_mixin.py:190} INFO - [2024-11-18T16:58:36.948+0000] {dagbag.py:588} INFO - Filling up the DagBag from /home/airflow/.local/lib/python3.12/site-packages/airflow/example_dags/example_display_name.py
[2024-11-18T16:58:36.957+0000] {processor.py:925} INFO - DAG(s) 'example_display_name' retrieved from /home/airflow/.local/lib/python3.12/site-packages/airflow/example_dags/example_display_name.py
[2024-11-18T16:58:36.988+0000] {logging_mixin.py:190} INFO - [2024-11-18T16:58:36.988+0000] {dag.py:3239} INFO - Sync 1 DAGs
[2024-11-18T16:58:37.005+0000] {logging_mixin.py:190} INFO - [2024-11-18T16:58:37.005+0000] {dag.py:4180} INFO - Setting next_dagrun for example_display_name to None, run_after=None
[2024-11-18T16:58:37.028+0000] {processor.py:208} INFO - Processing /home/airflow/.local/lib/python3.12/site-packages/airflow/example_dags/example_display_name.py took 0.090 seconds
[2024-11-18T16:59:09.134+0000] {processor.py:186} INFO - Started process (PID=2551) to work on /home/airflow/.local/lib/python3.12/site-packages/airflow/example_dags/example_display_name.py
[2024-11-18T16:59:09.135+0000] {processor.py:914} INFO - Processing file /home/airflow/.local/lib/python3.12/site-packages/airflow/example_dags/example_display_name.py for tasks to queue
[2024-11-18T16:59:09.138+0000] {logging_mixin.py:190} INFO - [2024-11-18T16:59:09.137+0000] {dagbag.py:588} INFO - Filling up the DagBag from /home/airflow/.local/lib/python3.12/site-packages/airflow/example_dags/example_display_name.py
[2024-11-18T16:59:09.148+0000] {processor.py:925} INFO - DAG(s) 'example_display_name' retrieved from /home/airflow/.local/lib/python3.12/site-packages/airflow/example_dags/example_display_name.py
[2024-11-18T16:59:09.175+0000] {logging_mixin.py:190} INFO - [2024-11-18T16:59:09.175+0000] {dag.py:3239} INFO - Sync 1 DAGs
[2024-11-18T16:59:09.193+0000] {logging_mixin.py:190} INFO - [2024-11-18T16:59:09.193+0000] {dag.py:4180} INFO - Setting next_dagrun for example_display_name to None, run_after=None
[2024-11-18T16:59:09.217+0000] {processor.py:208} INFO - Processing /home/airflow/.local/lib/python3.12/site-packages/airflow/example_dags/example_display_name.py took 0.091 seconds
[2024-11-18T16:59:39.864+0000] {processor.py:186} INFO - Started process (PID=2614) to work on /home/airflow/.local/lib/python3.12/site-packages/airflow/example_dags/example_display_name.py
[2024-11-18T16:59:39.867+0000] {processor.py:914} INFO - Processing file /home/airflow/.local/lib/python3.12/site-packages/airflow/example_dags/example_display_name.py for tasks to queue
[2024-11-18T16:59:39.870+0000] {logging_mixin.py:190} INFO - [2024-11-18T16:59:39.870+0000] {dagbag.py:588} INFO - Filling up the DagBag from /home/airflow/.local/lib/python3.12/site-packages/airflow/example_dags/example_display_name.py
[2024-11-18T16:59:39.882+0000] {processor.py:925} INFO - DAG(s) 'example_display_name' retrieved from /home/airflow/.local/lib/python3.12/site-packages/airflow/example_dags/example_display_name.py
[2024-11-18T16:59:39.908+0000] {logging_mixin.py:190} INFO - [2024-11-18T16:59:39.908+0000] {dag.py:3239} INFO - Sync 1 DAGs
[2024-11-18T16:59:39.924+0000] {logging_mixin.py:190} INFO - [2024-11-18T16:59:39.924+0000] {dag.py:4180} INFO - Setting next_dagrun for example_display_name to None, run_after=None
[2024-11-18T16:59:39.944+0000] {processor.py:208} INFO - Processing /home/airflow/.local/lib/python3.12/site-packages/airflow/example_dags/example_display_name.py took 0.090 seconds
[2024-11-18T17:00:11.802+0000] {processor.py:186} INFO - Started process (PID=2678) to work on /home/airflow/.local/lib/python3.12/site-packages/airflow/example_dags/example_display_name.py
[2024-11-18T17:00:11.803+0000] {processor.py:914} INFO - Processing file /home/airflow/.local/lib/python3.12/site-packages/airflow/example_dags/example_display_name.py for tasks to queue
[2024-11-18T17:00:11.806+0000] {logging_mixin.py:190} INFO - [2024-11-18T17:00:11.805+0000] {dagbag.py:588} INFO - Filling up the DagBag from /home/airflow/.local/lib/python3.12/site-packages/airflow/example_dags/example_display_name.py
[2024-11-18T17:00:11.816+0000] {processor.py:925} INFO - DAG(s) 'example_display_name' retrieved from /home/airflow/.local/lib/python3.12/site-packages/airflow/example_dags/example_display_name.py
[2024-11-18T17:00:11.839+0000] {logging_mixin.py:190} INFO - [2024-11-18T17:00:11.838+0000] {dag.py:3239} INFO - Sync 1 DAGs
[2024-11-18T17:00:11.855+0000] {logging_mixin.py:190} INFO - [2024-11-18T17:00:11.855+0000] {dag.py:4180} INFO - Setting next_dagrun for example_display_name to None, run_after=None
[2024-11-18T17:00:11.877+0000] {processor.py:208} INFO - Processing /home/airflow/.local/lib/python3.12/site-packages/airflow/example_dags/example_display_name.py took 0.083 seconds
[2024-11-18T17:00:43.195+0000] {processor.py:186} INFO - Started process (PID=2740) to work on /home/airflow/.local/lib/python3.12/site-packages/airflow/example_dags/example_display_name.py
[2024-11-18T17:00:43.197+0000] {processor.py:914} INFO - Processing file /home/airflow/.local/lib/python3.12/site-packages/airflow/example_dags/example_display_name.py for tasks to queue
[2024-11-18T17:00:43.200+0000] {logging_mixin.py:190} INFO - [2024-11-18T17:00:43.199+0000] {dagbag.py:588} INFO - Filling up the DagBag from /home/airflow/.local/lib/python3.12/site-packages/airflow/example_dags/example_display_name.py
[2024-11-18T17:00:43.209+0000] {processor.py:925} INFO - DAG(s) 'example_display_name' retrieved from /home/airflow/.local/lib/python3.12/site-packages/airflow/example_dags/example_display_name.py
[2024-11-18T17:00:43.234+0000] {logging_mixin.py:190} INFO - [2024-11-18T17:00:43.234+0000] {dag.py:3239} INFO - Sync 1 DAGs
[2024-11-18T17:00:43.252+0000] {logging_mixin.py:190} INFO - [2024-11-18T17:00:43.252+0000] {dag.py:4180} INFO - Setting next_dagrun for example_display_name to None, run_after=None
[2024-11-18T17:00:43.272+0000] {processor.py:208} INFO - Processing /home/airflow/.local/lib/python3.12/site-packages/airflow/example_dags/example_display_name.py took 0.085 seconds
[2024-11-18T17:02:35.825+0000] {processor.py:186} INFO - Started process (PID=116) to work on /home/airflow/.local/lib/python3.12/site-packages/airflow/example_dags/example_display_name.py
[2024-11-18T17:02:35.828+0000] {processor.py:914} INFO - Processing file /home/airflow/.local/lib/python3.12/site-packages/airflow/example_dags/example_display_name.py for tasks to queue
[2024-11-18T17:02:35.831+0000] {logging_mixin.py:190} INFO - [2024-11-18T17:02:35.831+0000] {dagbag.py:588} INFO - Filling up the DagBag from /home/airflow/.local/lib/python3.12/site-packages/airflow/example_dags/example_display_name.py
[2024-11-18T17:02:35.844+0000] {processor.py:925} INFO - DAG(s) 'example_display_name' retrieved from /home/airflow/.local/lib/python3.12/site-packages/airflow/example_dags/example_display_name.py
[2024-11-18T17:02:35.879+0000] {logging_mixin.py:190} INFO - [2024-11-18T17:02:35.879+0000] {dag.py:3239} INFO - Sync 1 DAGs
[2024-11-18T17:02:35.906+0000] {logging_mixin.py:190} INFO - [2024-11-18T17:02:35.905+0000] {dag.py:4180} INFO - Setting next_dagrun for example_display_name to None, run_after=None
[2024-11-18T17:02:35.928+0000] {processor.py:208} INFO - Processing /home/airflow/.local/lib/python3.12/site-packages/airflow/example_dags/example_display_name.py took 0.113 seconds
