[2024-11-18T16:24:34.480+0000] {processor.py:186} INFO - Started process (PID=110) to work on /home/airflow/.local/lib/python3.12/site-packages/airflow/example_dags/example_branch_operator.py
[2024-11-18T16:24:34.481+0000] {processor.py:914} INFO - Processing file /home/airflow/.local/lib/python3.12/site-packages/airflow/example_dags/example_branch_operator.py for tasks to queue
[2024-11-18T16:24:34.484+0000] {logging_mixin.py:190} INFO - [2024-11-18T16:24:34.484+0000] {dagbag.py:588} INFO - Filling up the DagBag from /home/airflow/.local/lib/python3.12/site-packages/airflow/example_dags/example_branch_operator.py
[2024-11-18T16:24:34.513+0000] {processor.py:925} INFO - DAG(s) 'example_branch_operator' retrieved from /home/airflow/.local/lib/python3.12/site-packages/airflow/example_dags/example_branch_operator.py
[2024-11-18T16:24:34.678+0000] {logging_mixin.py:190} INFO - [2024-11-18T16:24:34.678+0000] {override.py:1911} INFO - Created Permission View: can read on DAG:example_branch_operator
[2024-11-18T16:24:34.691+0000] {logging_mixin.py:190} INFO - [2024-11-18T16:24:34.691+0000] {override.py:1911} INFO - Created Permission View: can edit on DAG:example_branch_operator
[2024-11-18T16:24:34.700+0000] {logging_mixin.py:190} INFO - [2024-11-18T16:24:34.700+0000] {override.py:1911} INFO - Created Permission View: can delete on DAG:example_branch_operator
[2024-11-18T16:24:34.713+0000] {logging_mixin.py:190} INFO - [2024-11-18T16:24:34.712+0000] {override.py:1911} INFO - Created Permission View: can read on DAG Run:example_branch_operator
[2024-11-18T16:24:34.732+0000] {logging_mixin.py:190} INFO - [2024-11-18T16:24:34.731+0000] {override.py:1911} INFO - Created Permission View: menu access on DAG Run:example_branch_operator
[2024-11-18T16:24:34.750+0000] {logging_mixin.py:190} INFO - [2024-11-18T16:24:34.750+0000] {override.py:1911} INFO - Created Permission View: can create on DAG Run:example_branch_operator
[2024-11-18T16:24:34.768+0000] {logging_mixin.py:190} INFO - [2024-11-18T16:24:34.768+0000] {override.py:1911} INFO - Created Permission View: can delete on DAG Run:example_branch_operator
[2024-11-18T16:24:34.769+0000] {logging_mixin.py:190} INFO - [2024-11-18T16:24:34.769+0000] {dag.py:3239} INFO - Sync 1 DAGs
[2024-11-18T16:24:34.814+0000] {logging_mixin.py:190} INFO - [2024-11-18T16:24:34.814+0000] {dag.py:3262} INFO - Creating ORM DAG for example_branch_operator
[2024-11-18T16:24:34.888+0000] {logging_mixin.py:190} INFO - [2024-11-18T16:24:34.887+0000] {dag.py:4180} INFO - Setting next_dagrun for example_branch_operator to 2024-11-17 00:00:00+00:00, run_after=2024-11-18 00:00:00+00:00
[2024-11-18T16:24:34.961+0000] {processor.py:208} INFO - Processing /home/airflow/.local/lib/python3.12/site-packages/airflow/example_dags/example_branch_operator.py took 0.499 seconds
[2024-11-18T16:25:05.228+0000] {processor.py:186} INFO - Started process (PID=172) to work on /home/airflow/.local/lib/python3.12/site-packages/airflow/example_dags/example_branch_operator.py
[2024-11-18T16:25:05.230+0000] {processor.py:914} INFO - Processing file /home/airflow/.local/lib/python3.12/site-packages/airflow/example_dags/example_branch_operator.py for tasks to queue
[2024-11-18T16:25:05.236+0000] {logging_mixin.py:190} INFO - [2024-11-18T16:25:05.235+0000] {dagbag.py:588} INFO - Filling up the DagBag from /home/airflow/.local/lib/python3.12/site-packages/airflow/example_dags/example_branch_operator.py
[2024-11-18T16:25:05.280+0000] {processor.py:925} INFO - DAG(s) 'example_branch_operator' retrieved from /home/airflow/.local/lib/python3.12/site-packages/airflow/example_dags/example_branch_operator.py
[2024-11-18T16:25:05.314+0000] {logging_mixin.py:190} INFO - [2024-11-18T16:25:05.313+0000] {dag.py:3239} INFO - Sync 1 DAGs
[2024-11-18T16:25:05.342+0000] {logging_mixin.py:190} INFO - [2024-11-18T16:25:05.342+0000] {dag.py:4180} INFO - Setting next_dagrun for example_branch_operator to 2024-11-17 00:00:00+00:00, run_after=2024-11-18 00:00:00+00:00
[2024-11-18T16:25:05.363+0000] {processor.py:208} INFO - Processing /home/airflow/.local/lib/python3.12/site-packages/airflow/example_dags/example_branch_operator.py took 0.150 seconds
[2024-11-18T16:25:36.148+0000] {processor.py:186} INFO - Started process (PID=235) to work on /home/airflow/.local/lib/python3.12/site-packages/airflow/example_dags/example_branch_operator.py
[2024-11-18T16:25:36.150+0000] {processor.py:914} INFO - Processing file /home/airflow/.local/lib/python3.12/site-packages/airflow/example_dags/example_branch_operator.py for tasks to queue
[2024-11-18T16:25:36.154+0000] {logging_mixin.py:190} INFO - [2024-11-18T16:25:36.154+0000] {dagbag.py:588} INFO - Filling up the DagBag from /home/airflow/.local/lib/python3.12/site-packages/airflow/example_dags/example_branch_operator.py
[2024-11-18T16:25:36.184+0000] {processor.py:925} INFO - DAG(s) 'example_branch_operator' retrieved from /home/airflow/.local/lib/python3.12/site-packages/airflow/example_dags/example_branch_operator.py
[2024-11-18T16:25:36.226+0000] {logging_mixin.py:190} INFO - [2024-11-18T16:25:36.226+0000] {dag.py:3239} INFO - Sync 1 DAGs
[2024-11-18T16:25:36.260+0000] {logging_mixin.py:190} INFO - [2024-11-18T16:25:36.259+0000] {dag.py:4180} INFO - Setting next_dagrun for example_branch_operator to 2024-11-17 00:00:00+00:00, run_after=2024-11-18 00:00:00+00:00
[2024-11-18T16:25:36.289+0000] {processor.py:208} INFO - Processing /home/airflow/.local/lib/python3.12/site-packages/airflow/example_dags/example_branch_operator.py took 0.149 seconds
[2024-11-18T16:26:06.590+0000] {processor.py:186} INFO - Started process (PID=298) to work on /home/airflow/.local/lib/python3.12/site-packages/airflow/example_dags/example_branch_operator.py
[2024-11-18T16:26:06.592+0000] {processor.py:914} INFO - Processing file /home/airflow/.local/lib/python3.12/site-packages/airflow/example_dags/example_branch_operator.py for tasks to queue
[2024-11-18T16:26:06.596+0000] {logging_mixin.py:190} INFO - [2024-11-18T16:26:06.596+0000] {dagbag.py:588} INFO - Filling up the DagBag from /home/airflow/.local/lib/python3.12/site-packages/airflow/example_dags/example_branch_operator.py
[2024-11-18T16:26:06.632+0000] {processor.py:925} INFO - DAG(s) 'example_branch_operator' retrieved from /home/airflow/.local/lib/python3.12/site-packages/airflow/example_dags/example_branch_operator.py
[2024-11-18T16:26:06.669+0000] {logging_mixin.py:190} INFO - [2024-11-18T16:26:06.669+0000] {dag.py:3239} INFO - Sync 1 DAGs
[2024-11-18T16:26:06.700+0000] {logging_mixin.py:190} INFO - [2024-11-18T16:26:06.700+0000] {dag.py:4180} INFO - Setting next_dagrun for example_branch_operator to 2024-11-17 00:00:00+00:00, run_after=2024-11-18 00:00:00+00:00
[2024-11-18T16:26:06.739+0000] {processor.py:208} INFO - Processing /home/airflow/.local/lib/python3.12/site-packages/airflow/example_dags/example_branch_operator.py took 0.157 seconds
[2024-11-18T16:26:36.833+0000] {processor.py:186} INFO - Started process (PID=361) to work on /home/airflow/.local/lib/python3.12/site-packages/airflow/example_dags/example_branch_operator.py
[2024-11-18T16:26:36.835+0000] {processor.py:914} INFO - Processing file /home/airflow/.local/lib/python3.12/site-packages/airflow/example_dags/example_branch_operator.py for tasks to queue
[2024-11-18T16:26:36.838+0000] {logging_mixin.py:190} INFO - [2024-11-18T16:26:36.838+0000] {dagbag.py:588} INFO - Filling up the DagBag from /home/airflow/.local/lib/python3.12/site-packages/airflow/example_dags/example_branch_operator.py
[2024-11-18T16:26:36.867+0000] {processor.py:925} INFO - DAG(s) 'example_branch_operator' retrieved from /home/airflow/.local/lib/python3.12/site-packages/airflow/example_dags/example_branch_operator.py
[2024-11-18T16:26:36.911+0000] {logging_mixin.py:190} INFO - [2024-11-18T16:26:36.911+0000] {dag.py:3239} INFO - Sync 1 DAGs
[2024-11-18T16:26:36.942+0000] {logging_mixin.py:190} INFO - [2024-11-18T16:26:36.942+0000] {dag.py:4180} INFO - Setting next_dagrun for example_branch_operator to 2024-11-17 00:00:00+00:00, run_after=2024-11-18 00:00:00+00:00
[2024-11-18T16:26:36.964+0000] {processor.py:208} INFO - Processing /home/airflow/.local/lib/python3.12/site-packages/airflow/example_dags/example_branch_operator.py took 0.138 seconds
[2024-11-18T16:27:08.014+0000] {processor.py:186} INFO - Started process (PID=424) to work on /home/airflow/.local/lib/python3.12/site-packages/airflow/example_dags/example_branch_operator.py
[2024-11-18T16:27:08.015+0000] {processor.py:914} INFO - Processing file /home/airflow/.local/lib/python3.12/site-packages/airflow/example_dags/example_branch_operator.py for tasks to queue
[2024-11-18T16:27:08.019+0000] {logging_mixin.py:190} INFO - [2024-11-18T16:27:08.018+0000] {dagbag.py:588} INFO - Filling up the DagBag from /home/airflow/.local/lib/python3.12/site-packages/airflow/example_dags/example_branch_operator.py
[2024-11-18T16:27:08.042+0000] {processor.py:925} INFO - DAG(s) 'example_branch_operator' retrieved from /home/airflow/.local/lib/python3.12/site-packages/airflow/example_dags/example_branch_operator.py
[2024-11-18T16:27:08.081+0000] {logging_mixin.py:190} INFO - [2024-11-18T16:27:08.080+0000] {dag.py:3239} INFO - Sync 1 DAGs
[2024-11-18T16:27:08.185+0000] {logging_mixin.py:190} INFO - [2024-11-18T16:27:08.184+0000] {dag.py:4180} INFO - Setting next_dagrun for example_branch_operator to 2024-11-17 00:00:00+00:00, run_after=2024-11-18 00:00:00+00:00
[2024-11-18T16:27:08.245+0000] {processor.py:208} INFO - Processing /home/airflow/.local/lib/python3.12/site-packages/airflow/example_dags/example_branch_operator.py took 0.242 seconds
[2024-11-18T16:27:38.761+0000] {processor.py:186} INFO - Started process (PID=486) to work on /home/airflow/.local/lib/python3.12/site-packages/airflow/example_dags/example_branch_operator.py
[2024-11-18T16:27:38.762+0000] {processor.py:914} INFO - Processing file /home/airflow/.local/lib/python3.12/site-packages/airflow/example_dags/example_branch_operator.py for tasks to queue
[2024-11-18T16:27:38.768+0000] {logging_mixin.py:190} INFO - [2024-11-18T16:27:38.767+0000] {dagbag.py:588} INFO - Filling up the DagBag from /home/airflow/.local/lib/python3.12/site-packages/airflow/example_dags/example_branch_operator.py
[2024-11-18T16:27:38.875+0000] {processor.py:925} INFO - DAG(s) 'example_branch_operator' retrieved from /home/airflow/.local/lib/python3.12/site-packages/airflow/example_dags/example_branch_operator.py
[2024-11-18T16:27:38.925+0000] {logging_mixin.py:190} INFO - [2024-11-18T16:27:38.925+0000] {dag.py:3239} INFO - Sync 1 DAGs
[2024-11-18T16:27:38.955+0000] {logging_mixin.py:190} INFO - [2024-11-18T16:27:38.954+0000] {dag.py:4180} INFO - Setting next_dagrun for example_branch_operator to 2024-11-17 00:00:00+00:00, run_after=2024-11-18 00:00:00+00:00
[2024-11-18T16:27:38.975+0000] {processor.py:208} INFO - Processing /home/airflow/.local/lib/python3.12/site-packages/airflow/example_dags/example_branch_operator.py took 0.232 seconds
[2024-11-18T16:28:09.780+0000] {processor.py:186} INFO - Started process (PID=549) to work on /home/airflow/.local/lib/python3.12/site-packages/airflow/example_dags/example_branch_operator.py
[2024-11-18T16:28:09.784+0000] {processor.py:914} INFO - Processing file /home/airflow/.local/lib/python3.12/site-packages/airflow/example_dags/example_branch_operator.py for tasks to queue
[2024-11-18T16:28:09.787+0000] {logging_mixin.py:190} INFO - [2024-11-18T16:28:09.787+0000] {dagbag.py:588} INFO - Filling up the DagBag from /home/airflow/.local/lib/python3.12/site-packages/airflow/example_dags/example_branch_operator.py
[2024-11-18T16:28:09.843+0000] {processor.py:925} INFO - DAG(s) 'example_branch_operator' retrieved from /home/airflow/.local/lib/python3.12/site-packages/airflow/example_dags/example_branch_operator.py
[2024-11-18T16:28:09.906+0000] {logging_mixin.py:190} INFO - [2024-11-18T16:28:09.905+0000] {dag.py:3239} INFO - Sync 1 DAGs
[2024-11-18T16:28:09.979+0000] {logging_mixin.py:190} INFO - [2024-11-18T16:28:09.978+0000] {dag.py:4180} INFO - Setting next_dagrun for example_branch_operator to 2024-11-17 00:00:00+00:00, run_after=2024-11-18 00:00:00+00:00
[2024-11-18T16:28:10.017+0000] {processor.py:208} INFO - Processing /home/airflow/.local/lib/python3.12/site-packages/airflow/example_dags/example_branch_operator.py took 0.248 seconds
[2024-11-18T16:28:40.599+0000] {processor.py:186} INFO - Started process (PID=612) to work on /home/airflow/.local/lib/python3.12/site-packages/airflow/example_dags/example_branch_operator.py
[2024-11-18T16:28:40.600+0000] {processor.py:914} INFO - Processing file /home/airflow/.local/lib/python3.12/site-packages/airflow/example_dags/example_branch_operator.py for tasks to queue
[2024-11-18T16:28:40.603+0000] {logging_mixin.py:190} INFO - [2024-11-18T16:28:40.603+0000] {dagbag.py:588} INFO - Filling up the DagBag from /home/airflow/.local/lib/python3.12/site-packages/airflow/example_dags/example_branch_operator.py
[2024-11-18T16:28:40.624+0000] {processor.py:925} INFO - DAG(s) 'example_branch_operator' retrieved from /home/airflow/.local/lib/python3.12/site-packages/airflow/example_dags/example_branch_operator.py
[2024-11-18T16:28:40.656+0000] {logging_mixin.py:190} INFO - [2024-11-18T16:28:40.656+0000] {dag.py:3239} INFO - Sync 1 DAGs
[2024-11-18T16:28:40.684+0000] {logging_mixin.py:190} INFO - [2024-11-18T16:28:40.684+0000] {dag.py:4180} INFO - Setting next_dagrun for example_branch_operator to 2024-11-17 00:00:00+00:00, run_after=2024-11-18 00:00:00+00:00
[2024-11-18T16:28:40.705+0000] {processor.py:208} INFO - Processing /home/airflow/.local/lib/python3.12/site-packages/airflow/example_dags/example_branch_operator.py took 0.113 seconds
[2024-11-18T16:29:11.009+0000] {processor.py:186} INFO - Started process (PID=674) to work on /home/airflow/.local/lib/python3.12/site-packages/airflow/example_dags/example_branch_operator.py
[2024-11-18T16:29:11.011+0000] {processor.py:914} INFO - Processing file /home/airflow/.local/lib/python3.12/site-packages/airflow/example_dags/example_branch_operator.py for tasks to queue
[2024-11-18T16:29:11.016+0000] {logging_mixin.py:190} INFO - [2024-11-18T16:29:11.016+0000] {dagbag.py:588} INFO - Filling up the DagBag from /home/airflow/.local/lib/python3.12/site-packages/airflow/example_dags/example_branch_operator.py
[2024-11-18T16:29:11.045+0000] {processor.py:925} INFO - DAG(s) 'example_branch_operator' retrieved from /home/airflow/.local/lib/python3.12/site-packages/airflow/example_dags/example_branch_operator.py
[2024-11-18T16:29:11.089+0000] {logging_mixin.py:190} INFO - [2024-11-18T16:29:11.089+0000] {dag.py:3239} INFO - Sync 1 DAGs
[2024-11-18T16:29:11.124+0000] {logging_mixin.py:190} INFO - [2024-11-18T16:29:11.124+0000] {dag.py:4180} INFO - Setting next_dagrun for example_branch_operator to 2024-11-17 00:00:00+00:00, run_after=2024-11-18 00:00:00+00:00
[2024-11-18T16:29:11.171+0000] {processor.py:208} INFO - Processing /home/airflow/.local/lib/python3.12/site-packages/airflow/example_dags/example_branch_operator.py took 0.170 seconds
[2024-11-18T16:29:41.658+0000] {processor.py:186} INFO - Started process (PID=737) to work on /home/airflow/.local/lib/python3.12/site-packages/airflow/example_dags/example_branch_operator.py
[2024-11-18T16:29:41.660+0000] {processor.py:914} INFO - Processing file /home/airflow/.local/lib/python3.12/site-packages/airflow/example_dags/example_branch_operator.py for tasks to queue
[2024-11-18T16:29:41.663+0000] {logging_mixin.py:190} INFO - [2024-11-18T16:29:41.662+0000] {dagbag.py:588} INFO - Filling up the DagBag from /home/airflow/.local/lib/python3.12/site-packages/airflow/example_dags/example_branch_operator.py
[2024-11-18T16:29:41.690+0000] {processor.py:925} INFO - DAG(s) 'example_branch_operator' retrieved from /home/airflow/.local/lib/python3.12/site-packages/airflow/example_dags/example_branch_operator.py
[2024-11-18T16:29:41.730+0000] {logging_mixin.py:190} INFO - [2024-11-18T16:29:41.730+0000] {dag.py:3239} INFO - Sync 1 DAGs
[2024-11-18T16:29:41.766+0000] {logging_mixin.py:190} INFO - [2024-11-18T16:29:41.765+0000] {dag.py:4180} INFO - Setting next_dagrun for example_branch_operator to 2024-11-17 00:00:00+00:00, run_after=2024-11-18 00:00:00+00:00
[2024-11-18T16:29:41.789+0000] {processor.py:208} INFO - Processing /home/airflow/.local/lib/python3.12/site-packages/airflow/example_dags/example_branch_operator.py took 0.137 seconds
[2024-11-18T16:30:12.114+0000] {processor.py:186} INFO - Started process (PID=800) to work on /home/airflow/.local/lib/python3.12/site-packages/airflow/example_dags/example_branch_operator.py
[2024-11-18T16:30:12.115+0000] {processor.py:914} INFO - Processing file /home/airflow/.local/lib/python3.12/site-packages/airflow/example_dags/example_branch_operator.py for tasks to queue
[2024-11-18T16:30:12.118+0000] {logging_mixin.py:190} INFO - [2024-11-18T16:30:12.117+0000] {dagbag.py:588} INFO - Filling up the DagBag from /home/airflow/.local/lib/python3.12/site-packages/airflow/example_dags/example_branch_operator.py
[2024-11-18T16:30:12.144+0000] {processor.py:925} INFO - DAG(s) 'example_branch_operator' retrieved from /home/airflow/.local/lib/python3.12/site-packages/airflow/example_dags/example_branch_operator.py
[2024-11-18T16:30:12.183+0000] {logging_mixin.py:190} INFO - [2024-11-18T16:30:12.182+0000] {dag.py:3239} INFO - Sync 1 DAGs
[2024-11-18T16:30:12.212+0000] {logging_mixin.py:190} INFO - [2024-11-18T16:30:12.212+0000] {dag.py:4180} INFO - Setting next_dagrun for example_branch_operator to 2024-11-17 00:00:00+00:00, run_after=2024-11-18 00:00:00+00:00
[2024-11-18T16:30:12.233+0000] {processor.py:208} INFO - Processing /home/airflow/.local/lib/python3.12/site-packages/airflow/example_dags/example_branch_operator.py took 0.127 seconds
[2024-11-18T16:30:42.394+0000] {processor.py:186} INFO - Started process (PID=863) to work on /home/airflow/.local/lib/python3.12/site-packages/airflow/example_dags/example_branch_operator.py
[2024-11-18T16:30:42.395+0000] {processor.py:914} INFO - Processing file /home/airflow/.local/lib/python3.12/site-packages/airflow/example_dags/example_branch_operator.py for tasks to queue
[2024-11-18T16:30:42.398+0000] {logging_mixin.py:190} INFO - [2024-11-18T16:30:42.398+0000] {dagbag.py:588} INFO - Filling up the DagBag from /home/airflow/.local/lib/python3.12/site-packages/airflow/example_dags/example_branch_operator.py
[2024-11-18T16:30:42.430+0000] {processor.py:925} INFO - DAG(s) 'example_branch_operator' retrieved from /home/airflow/.local/lib/python3.12/site-packages/airflow/example_dags/example_branch_operator.py
[2024-11-18T16:30:42.473+0000] {logging_mixin.py:190} INFO - [2024-11-18T16:30:42.473+0000] {dag.py:3239} INFO - Sync 1 DAGs
[2024-11-18T16:30:42.509+0000] {logging_mixin.py:190} INFO - [2024-11-18T16:30:42.509+0000] {dag.py:4180} INFO - Setting next_dagrun for example_branch_operator to 2024-11-17 00:00:00+00:00, run_after=2024-11-18 00:00:00+00:00
[2024-11-18T16:30:42.532+0000] {processor.py:208} INFO - Processing /home/airflow/.local/lib/python3.12/site-packages/airflow/example_dags/example_branch_operator.py took 0.147 seconds
[2024-11-18T16:31:13.055+0000] {processor.py:186} INFO - Started process (PID=926) to work on /home/airflow/.local/lib/python3.12/site-packages/airflow/example_dags/example_branch_operator.py
[2024-11-18T16:31:13.057+0000] {processor.py:914} INFO - Processing file /home/airflow/.local/lib/python3.12/site-packages/airflow/example_dags/example_branch_operator.py for tasks to queue
[2024-11-18T16:31:13.062+0000] {logging_mixin.py:190} INFO - [2024-11-18T16:31:13.061+0000] {dagbag.py:588} INFO - Filling up the DagBag from /home/airflow/.local/lib/python3.12/site-packages/airflow/example_dags/example_branch_operator.py
[2024-11-18T16:31:13.096+0000] {processor.py:925} INFO - DAG(s) 'example_branch_operator' retrieved from /home/airflow/.local/lib/python3.12/site-packages/airflow/example_dags/example_branch_operator.py
[2024-11-18T16:31:13.156+0000] {logging_mixin.py:190} INFO - [2024-11-18T16:31:13.156+0000] {dag.py:3239} INFO - Sync 1 DAGs
[2024-11-18T16:31:13.190+0000] {logging_mixin.py:190} INFO - [2024-11-18T16:31:13.190+0000] {dag.py:4180} INFO - Setting next_dagrun for example_branch_operator to 2024-11-17 00:00:00+00:00, run_after=2024-11-18 00:00:00+00:00
[2024-11-18T16:31:13.221+0000] {processor.py:208} INFO - Processing /home/airflow/.local/lib/python3.12/site-packages/airflow/example_dags/example_branch_operator.py took 0.180 seconds
[2024-11-18T16:31:43.888+0000] {processor.py:186} INFO - Started process (PID=989) to work on /home/airflow/.local/lib/python3.12/site-packages/airflow/example_dags/example_branch_operator.py
[2024-11-18T16:31:43.890+0000] {processor.py:914} INFO - Processing file /home/airflow/.local/lib/python3.12/site-packages/airflow/example_dags/example_branch_operator.py for tasks to queue
[2024-11-18T16:31:43.893+0000] {logging_mixin.py:190} INFO - [2024-11-18T16:31:43.893+0000] {dagbag.py:588} INFO - Filling up the DagBag from /home/airflow/.local/lib/python3.12/site-packages/airflow/example_dags/example_branch_operator.py
[2024-11-18T16:31:43.922+0000] {processor.py:925} INFO - DAG(s) 'example_branch_operator' retrieved from /home/airflow/.local/lib/python3.12/site-packages/airflow/example_dags/example_branch_operator.py
[2024-11-18T16:31:43.966+0000] {logging_mixin.py:190} INFO - [2024-11-18T16:31:43.966+0000] {dag.py:3239} INFO - Sync 1 DAGs
[2024-11-18T16:31:44.006+0000] {logging_mixin.py:190} INFO - [2024-11-18T16:31:44.005+0000] {dag.py:4180} INFO - Setting next_dagrun for example_branch_operator to 2024-11-17 00:00:00+00:00, run_after=2024-11-18 00:00:00+00:00
[2024-11-18T16:31:44.028+0000] {processor.py:208} INFO - Processing /home/airflow/.local/lib/python3.12/site-packages/airflow/example_dags/example_branch_operator.py took 0.149 seconds
[2024-11-18T16:32:14.455+0000] {processor.py:186} INFO - Started process (PID=1052) to work on /home/airflow/.local/lib/python3.12/site-packages/airflow/example_dags/example_branch_operator.py
[2024-11-18T16:32:14.457+0000] {processor.py:914} INFO - Processing file /home/airflow/.local/lib/python3.12/site-packages/airflow/example_dags/example_branch_operator.py for tasks to queue
[2024-11-18T16:32:14.461+0000] {logging_mixin.py:190} INFO - [2024-11-18T16:32:14.460+0000] {dagbag.py:588} INFO - Filling up the DagBag from /home/airflow/.local/lib/python3.12/site-packages/airflow/example_dags/example_branch_operator.py
[2024-11-18T16:32:14.491+0000] {processor.py:925} INFO - DAG(s) 'example_branch_operator' retrieved from /home/airflow/.local/lib/python3.12/site-packages/airflow/example_dags/example_branch_operator.py
[2024-11-18T16:32:14.558+0000] {logging_mixin.py:190} INFO - [2024-11-18T16:32:14.558+0000] {dag.py:3239} INFO - Sync 1 DAGs
[2024-11-18T16:32:14.597+0000] {logging_mixin.py:190} INFO - [2024-11-18T16:32:14.596+0000] {dag.py:4180} INFO - Setting next_dagrun for example_branch_operator to 2024-11-17 00:00:00+00:00, run_after=2024-11-18 00:00:00+00:00
[2024-11-18T16:32:14.622+0000] {processor.py:208} INFO - Processing /home/airflow/.local/lib/python3.12/site-packages/airflow/example_dags/example_branch_operator.py took 0.178 seconds
[2024-11-18T16:32:44.760+0000] {processor.py:186} INFO - Started process (PID=1115) to work on /home/airflow/.local/lib/python3.12/site-packages/airflow/example_dags/example_branch_operator.py
[2024-11-18T16:32:44.761+0000] {processor.py:914} INFO - Processing file /home/airflow/.local/lib/python3.12/site-packages/airflow/example_dags/example_branch_operator.py for tasks to queue
[2024-11-18T16:32:44.763+0000] {logging_mixin.py:190} INFO - [2024-11-18T16:32:44.763+0000] {dagbag.py:588} INFO - Filling up the DagBag from /home/airflow/.local/lib/python3.12/site-packages/airflow/example_dags/example_branch_operator.py
[2024-11-18T16:32:44.788+0000] {processor.py:925} INFO - DAG(s) 'example_branch_operator' retrieved from /home/airflow/.local/lib/python3.12/site-packages/airflow/example_dags/example_branch_operator.py
[2024-11-18T16:32:44.834+0000] {logging_mixin.py:190} INFO - [2024-11-18T16:32:44.833+0000] {dag.py:3239} INFO - Sync 1 DAGs
[2024-11-18T16:32:44.950+0000] {logging_mixin.py:190} INFO - [2024-11-18T16:32:44.949+0000] {dag.py:4180} INFO - Setting next_dagrun for example_branch_operator to 2024-11-17 00:00:00+00:00, run_after=2024-11-18 00:00:00+00:00
[2024-11-18T16:32:44.990+0000] {processor.py:208} INFO - Processing /home/airflow/.local/lib/python3.12/site-packages/airflow/example_dags/example_branch_operator.py took 0.240 seconds
[2024-11-18T16:33:15.123+0000] {processor.py:186} INFO - Started process (PID=1178) to work on /home/airflow/.local/lib/python3.12/site-packages/airflow/example_dags/example_branch_operator.py
[2024-11-18T16:33:15.130+0000] {processor.py:914} INFO - Processing file /home/airflow/.local/lib/python3.12/site-packages/airflow/example_dags/example_branch_operator.py for tasks to queue
[2024-11-18T16:33:15.135+0000] {logging_mixin.py:190} INFO - [2024-11-18T16:33:15.134+0000] {dagbag.py:588} INFO - Filling up the DagBag from /home/airflow/.local/lib/python3.12/site-packages/airflow/example_dags/example_branch_operator.py
[2024-11-18T16:33:15.183+0000] {processor.py:925} INFO - DAG(s) 'example_branch_operator' retrieved from /home/airflow/.local/lib/python3.12/site-packages/airflow/example_dags/example_branch_operator.py
[2024-11-18T16:33:15.265+0000] {logging_mixin.py:190} INFO - [2024-11-18T16:33:15.264+0000] {dag.py:3239} INFO - Sync 1 DAGs
[2024-11-18T16:33:15.319+0000] {logging_mixin.py:190} INFO - [2024-11-18T16:33:15.318+0000] {dag.py:4180} INFO - Setting next_dagrun for example_branch_operator to 2024-11-17 00:00:00+00:00, run_after=2024-11-18 00:00:00+00:00
[2024-11-18T16:33:15.491+0000] {processor.py:208} INFO - Processing /home/airflow/.local/lib/python3.12/site-packages/airflow/example_dags/example_branch_operator.py took 0.391 seconds
[2024-11-18T16:33:45.609+0000] {processor.py:186} INFO - Started process (PID=1241) to work on /home/airflow/.local/lib/python3.12/site-packages/airflow/example_dags/example_branch_operator.py
[2024-11-18T16:33:45.612+0000] {processor.py:914} INFO - Processing file /home/airflow/.local/lib/python3.12/site-packages/airflow/example_dags/example_branch_operator.py for tasks to queue
[2024-11-18T16:33:45.616+0000] {logging_mixin.py:190} INFO - [2024-11-18T16:33:45.616+0000] {dagbag.py:588} INFO - Filling up the DagBag from /home/airflow/.local/lib/python3.12/site-packages/airflow/example_dags/example_branch_operator.py
[2024-11-18T16:33:45.638+0000] {processor.py:925} INFO - DAG(s) 'example_branch_operator' retrieved from /home/airflow/.local/lib/python3.12/site-packages/airflow/example_dags/example_branch_operator.py
[2024-11-18T16:33:45.672+0000] {logging_mixin.py:190} INFO - [2024-11-18T16:33:45.672+0000] {dag.py:3239} INFO - Sync 1 DAGs
[2024-11-18T16:33:45.702+0000] {logging_mixin.py:190} INFO - [2024-11-18T16:33:45.702+0000] {dag.py:4180} INFO - Setting next_dagrun for example_branch_operator to 2024-11-17 00:00:00+00:00, run_after=2024-11-18 00:00:00+00:00
[2024-11-18T16:33:45.724+0000] {processor.py:208} INFO - Processing /home/airflow/.local/lib/python3.12/site-packages/airflow/example_dags/example_branch_operator.py took 0.124 seconds
[2024-11-18T16:34:16.573+0000] {processor.py:186} INFO - Started process (PID=1304) to work on /home/airflow/.local/lib/python3.12/site-packages/airflow/example_dags/example_branch_operator.py
[2024-11-18T16:34:16.577+0000] {processor.py:914} INFO - Processing file /home/airflow/.local/lib/python3.12/site-packages/airflow/example_dags/example_branch_operator.py for tasks to queue
[2024-11-18T16:34:16.584+0000] {logging_mixin.py:190} INFO - [2024-11-18T16:34:16.583+0000] {dagbag.py:588} INFO - Filling up the DagBag from /home/airflow/.local/lib/python3.12/site-packages/airflow/example_dags/example_branch_operator.py
[2024-11-18T16:34:16.637+0000] {processor.py:925} INFO - DAG(s) 'example_branch_operator' retrieved from /home/airflow/.local/lib/python3.12/site-packages/airflow/example_dags/example_branch_operator.py
[2024-11-18T16:34:16.688+0000] {logging_mixin.py:190} INFO - [2024-11-18T16:34:16.688+0000] {dag.py:3239} INFO - Sync 1 DAGs
[2024-11-18T16:34:16.737+0000] {logging_mixin.py:190} INFO - [2024-11-18T16:34:16.737+0000] {dag.py:4180} INFO - Setting next_dagrun for example_branch_operator to 2024-11-17 00:00:00+00:00, run_after=2024-11-18 00:00:00+00:00
[2024-11-18T16:34:16.778+0000] {processor.py:208} INFO - Processing /home/airflow/.local/lib/python3.12/site-packages/airflow/example_dags/example_branch_operator.py took 0.222 seconds
[2024-11-18T16:39:16.527+0000] {processor.py:186} INFO - Started process (PID=112) to work on /home/airflow/.local/lib/python3.12/site-packages/airflow/example_dags/example_branch_operator.py
[2024-11-18T16:39:16.529+0000] {processor.py:914} INFO - Processing file /home/airflow/.local/lib/python3.12/site-packages/airflow/example_dags/example_branch_operator.py for tasks to queue
[2024-11-18T16:39:16.532+0000] {logging_mixin.py:190} INFO - [2024-11-18T16:39:16.531+0000] {dagbag.py:588} INFO - Filling up the DagBag from /home/airflow/.local/lib/python3.12/site-packages/airflow/example_dags/example_branch_operator.py
[2024-11-18T16:39:16.559+0000] {processor.py:925} INFO - DAG(s) 'example_branch_operator' retrieved from /home/airflow/.local/lib/python3.12/site-packages/airflow/example_dags/example_branch_operator.py
[2024-11-18T16:39:16.743+0000] {logging_mixin.py:190} INFO - [2024-11-18T16:39:16.742+0000] {dag.py:3239} INFO - Sync 1 DAGs
[2024-11-18T16:39:16.779+0000] {logging_mixin.py:190} INFO - [2024-11-18T16:39:16.778+0000] {dag.py:4180} INFO - Setting next_dagrun for example_branch_operator to 2024-11-17 00:00:00+00:00, run_after=2024-11-18 00:00:00+00:00
[2024-11-18T16:39:16.813+0000] {processor.py:208} INFO - Processing /home/airflow/.local/lib/python3.12/site-packages/airflow/example_dags/example_branch_operator.py took 0.295 seconds
[2024-11-18T16:39:47.577+0000] {processor.py:186} INFO - Started process (PID=174) to work on /home/airflow/.local/lib/python3.12/site-packages/airflow/example_dags/example_branch_operator.py
[2024-11-18T16:39:47.579+0000] {processor.py:914} INFO - Processing file /home/airflow/.local/lib/python3.12/site-packages/airflow/example_dags/example_branch_operator.py for tasks to queue
[2024-11-18T16:39:47.582+0000] {logging_mixin.py:190} INFO - [2024-11-18T16:39:47.582+0000] {dagbag.py:588} INFO - Filling up the DagBag from /home/airflow/.local/lib/python3.12/site-packages/airflow/example_dags/example_branch_operator.py
[2024-11-18T16:39:47.608+0000] {processor.py:925} INFO - DAG(s) 'example_branch_operator' retrieved from /home/airflow/.local/lib/python3.12/site-packages/airflow/example_dags/example_branch_operator.py
[2024-11-18T16:39:47.646+0000] {logging_mixin.py:190} INFO - [2024-11-18T16:39:47.646+0000] {dag.py:3239} INFO - Sync 1 DAGs
[2024-11-18T16:39:47.678+0000] {logging_mixin.py:190} INFO - [2024-11-18T16:39:47.678+0000] {dag.py:4180} INFO - Setting next_dagrun for example_branch_operator to 2024-11-17 00:00:00+00:00, run_after=2024-11-18 00:00:00+00:00
[2024-11-18T16:39:47.706+0000] {processor.py:208} INFO - Processing /home/airflow/.local/lib/python3.12/site-packages/airflow/example_dags/example_branch_operator.py took 0.139 seconds
[2024-11-18T16:40:18.186+0000] {processor.py:186} INFO - Started process (PID=237) to work on /home/airflow/.local/lib/python3.12/site-packages/airflow/example_dags/example_branch_operator.py
[2024-11-18T16:40:18.187+0000] {processor.py:914} INFO - Processing file /home/airflow/.local/lib/python3.12/site-packages/airflow/example_dags/example_branch_operator.py for tasks to queue
[2024-11-18T16:40:18.190+0000] {logging_mixin.py:190} INFO - [2024-11-18T16:40:18.190+0000] {dagbag.py:588} INFO - Filling up the DagBag from /home/airflow/.local/lib/python3.12/site-packages/airflow/example_dags/example_branch_operator.py
[2024-11-18T16:40:18.214+0000] {processor.py:925} INFO - DAG(s) 'example_branch_operator' retrieved from /home/airflow/.local/lib/python3.12/site-packages/airflow/example_dags/example_branch_operator.py
[2024-11-18T16:40:18.249+0000] {logging_mixin.py:190} INFO - [2024-11-18T16:40:18.249+0000] {dag.py:3239} INFO - Sync 1 DAGs
[2024-11-18T16:40:18.278+0000] {logging_mixin.py:190} INFO - [2024-11-18T16:40:18.278+0000] {dag.py:4180} INFO - Setting next_dagrun for example_branch_operator to 2024-11-17 00:00:00+00:00, run_after=2024-11-18 00:00:00+00:00
[2024-11-18T16:40:18.300+0000] {processor.py:208} INFO - Processing /home/airflow/.local/lib/python3.12/site-packages/airflow/example_dags/example_branch_operator.py took 0.127 seconds
[2024-11-18T16:40:49.186+0000] {processor.py:186} INFO - Started process (PID=300) to work on /home/airflow/.local/lib/python3.12/site-packages/airflow/example_dags/example_branch_operator.py
[2024-11-18T16:40:49.187+0000] {processor.py:914} INFO - Processing file /home/airflow/.local/lib/python3.12/site-packages/airflow/example_dags/example_branch_operator.py for tasks to queue
[2024-11-18T16:40:49.191+0000] {logging_mixin.py:190} INFO - [2024-11-18T16:40:49.191+0000] {dagbag.py:588} INFO - Filling up the DagBag from /home/airflow/.local/lib/python3.12/site-packages/airflow/example_dags/example_branch_operator.py
[2024-11-18T16:40:49.216+0000] {processor.py:925} INFO - DAG(s) 'example_branch_operator' retrieved from /home/airflow/.local/lib/python3.12/site-packages/airflow/example_dags/example_branch_operator.py
[2024-11-18T16:40:49.250+0000] {logging_mixin.py:190} INFO - [2024-11-18T16:40:49.250+0000] {dag.py:3239} INFO - Sync 1 DAGs
[2024-11-18T16:40:49.278+0000] {logging_mixin.py:190} INFO - [2024-11-18T16:40:49.278+0000] {dag.py:4180} INFO - Setting next_dagrun for example_branch_operator to 2024-11-17 00:00:00+00:00, run_after=2024-11-18 00:00:00+00:00
[2024-11-18T16:40:49.299+0000] {processor.py:208} INFO - Processing /home/airflow/.local/lib/python3.12/site-packages/airflow/example_dags/example_branch_operator.py took 0.123 seconds
[2024-11-18T16:41:19.546+0000] {processor.py:186} INFO - Started process (PID=362) to work on /home/airflow/.local/lib/python3.12/site-packages/airflow/example_dags/example_branch_operator.py
[2024-11-18T16:41:19.548+0000] {processor.py:914} INFO - Processing file /home/airflow/.local/lib/python3.12/site-packages/airflow/example_dags/example_branch_operator.py for tasks to queue
[2024-11-18T16:41:19.551+0000] {logging_mixin.py:190} INFO - [2024-11-18T16:41:19.550+0000] {dagbag.py:588} INFO - Filling up the DagBag from /home/airflow/.local/lib/python3.12/site-packages/airflow/example_dags/example_branch_operator.py
[2024-11-18T16:41:19.578+0000] {processor.py:925} INFO - DAG(s) 'example_branch_operator' retrieved from /home/airflow/.local/lib/python3.12/site-packages/airflow/example_dags/example_branch_operator.py
[2024-11-18T16:41:19.617+0000] {logging_mixin.py:190} INFO - [2024-11-18T16:41:19.617+0000] {dag.py:3239} INFO - Sync 1 DAGs
[2024-11-18T16:41:19.660+0000] {logging_mixin.py:190} INFO - [2024-11-18T16:41:19.660+0000] {dag.py:4180} INFO - Setting next_dagrun for example_branch_operator to 2024-11-17 00:00:00+00:00, run_after=2024-11-18 00:00:00+00:00
[2024-11-18T16:41:19.689+0000] {processor.py:208} INFO - Processing /home/airflow/.local/lib/python3.12/site-packages/airflow/example_dags/example_branch_operator.py took 0.152 seconds
[2024-11-18T16:41:50.764+0000] {processor.py:186} INFO - Started process (PID=426) to work on /home/airflow/.local/lib/python3.12/site-packages/airflow/example_dags/example_branch_operator.py
[2024-11-18T16:41:50.765+0000] {processor.py:914} INFO - Processing file /home/airflow/.local/lib/python3.12/site-packages/airflow/example_dags/example_branch_operator.py for tasks to queue
[2024-11-18T16:41:50.771+0000] {logging_mixin.py:190} INFO - [2024-11-18T16:41:50.770+0000] {dagbag.py:588} INFO - Filling up the DagBag from /home/airflow/.local/lib/python3.12/site-packages/airflow/example_dags/example_branch_operator.py
[2024-11-18T16:41:50.806+0000] {processor.py:925} INFO - DAG(s) 'example_branch_operator' retrieved from /home/airflow/.local/lib/python3.12/site-packages/airflow/example_dags/example_branch_operator.py
[2024-11-18T16:41:50.843+0000] {logging_mixin.py:190} INFO - [2024-11-18T16:41:50.843+0000] {dag.py:3239} INFO - Sync 1 DAGs
[2024-11-18T16:41:50.876+0000] {logging_mixin.py:190} INFO - [2024-11-18T16:41:50.876+0000] {dag.py:4180} INFO - Setting next_dagrun for example_branch_operator to 2024-11-17 00:00:00+00:00, run_after=2024-11-18 00:00:00+00:00
[2024-11-18T16:41:50.899+0000] {processor.py:208} INFO - Processing /home/airflow/.local/lib/python3.12/site-packages/airflow/example_dags/example_branch_operator.py took 0.145 seconds
[2024-11-18T16:42:21.344+0000] {processor.py:186} INFO - Started process (PID=488) to work on /home/airflow/.local/lib/python3.12/site-packages/airflow/example_dags/example_branch_operator.py
[2024-11-18T16:42:21.345+0000] {processor.py:914} INFO - Processing file /home/airflow/.local/lib/python3.12/site-packages/airflow/example_dags/example_branch_operator.py for tasks to queue
[2024-11-18T16:42:21.349+0000] {logging_mixin.py:190} INFO - [2024-11-18T16:42:21.348+0000] {dagbag.py:588} INFO - Filling up the DagBag from /home/airflow/.local/lib/python3.12/site-packages/airflow/example_dags/example_branch_operator.py
[2024-11-18T16:42:21.373+0000] {processor.py:925} INFO - DAG(s) 'example_branch_operator' retrieved from /home/airflow/.local/lib/python3.12/site-packages/airflow/example_dags/example_branch_operator.py
[2024-11-18T16:42:21.413+0000] {logging_mixin.py:190} INFO - [2024-11-18T16:42:21.412+0000] {dag.py:3239} INFO - Sync 1 DAGs
[2024-11-18T16:42:21.445+0000] {logging_mixin.py:190} INFO - [2024-11-18T16:42:21.445+0000] {dag.py:4180} INFO - Setting next_dagrun for example_branch_operator to 2024-11-17 00:00:00+00:00, run_after=2024-11-18 00:00:00+00:00
[2024-11-18T16:42:21.476+0000] {processor.py:208} INFO - Processing /home/airflow/.local/lib/python3.12/site-packages/airflow/example_dags/example_branch_operator.py took 0.140 seconds
[2024-11-18T16:42:51.862+0000] {processor.py:186} INFO - Started process (PID=551) to work on /home/airflow/.local/lib/python3.12/site-packages/airflow/example_dags/example_branch_operator.py
[2024-11-18T16:42:51.863+0000] {processor.py:914} INFO - Processing file /home/airflow/.local/lib/python3.12/site-packages/airflow/example_dags/example_branch_operator.py for tasks to queue
[2024-11-18T16:42:51.866+0000] {logging_mixin.py:190} INFO - [2024-11-18T16:42:51.865+0000] {dagbag.py:588} INFO - Filling up the DagBag from /home/airflow/.local/lib/python3.12/site-packages/airflow/example_dags/example_branch_operator.py
[2024-11-18T16:42:51.889+0000] {processor.py:925} INFO - DAG(s) 'example_branch_operator' retrieved from /home/airflow/.local/lib/python3.12/site-packages/airflow/example_dags/example_branch_operator.py
[2024-11-18T16:42:51.924+0000] {logging_mixin.py:190} INFO - [2024-11-18T16:42:51.924+0000] {dag.py:3239} INFO - Sync 1 DAGs
[2024-11-18T16:42:51.962+0000] {logging_mixin.py:190} INFO - [2024-11-18T16:42:51.962+0000] {dag.py:4180} INFO - Setting next_dagrun for example_branch_operator to 2024-11-17 00:00:00+00:00, run_after=2024-11-18 00:00:00+00:00
[2024-11-18T16:42:51.986+0000] {processor.py:208} INFO - Processing /home/airflow/.local/lib/python3.12/site-packages/airflow/example_dags/example_branch_operator.py took 0.138 seconds
[2024-11-18T16:43:22.145+0000] {processor.py:186} INFO - Started process (PID=614) to work on /home/airflow/.local/lib/python3.12/site-packages/airflow/example_dags/example_branch_operator.py
[2024-11-18T16:43:22.147+0000] {processor.py:914} INFO - Processing file /home/airflow/.local/lib/python3.12/site-packages/airflow/example_dags/example_branch_operator.py for tasks to queue
[2024-11-18T16:43:22.149+0000] {logging_mixin.py:190} INFO - [2024-11-18T16:43:22.149+0000] {dagbag.py:588} INFO - Filling up the DagBag from /home/airflow/.local/lib/python3.12/site-packages/airflow/example_dags/example_branch_operator.py
[2024-11-18T16:43:22.172+0000] {processor.py:925} INFO - DAG(s) 'example_branch_operator' retrieved from /home/airflow/.local/lib/python3.12/site-packages/airflow/example_dags/example_branch_operator.py
[2024-11-18T16:43:22.205+0000] {logging_mixin.py:190} INFO - [2024-11-18T16:43:22.205+0000] {dag.py:3239} INFO - Sync 1 DAGs
[2024-11-18T16:43:22.232+0000] {logging_mixin.py:190} INFO - [2024-11-18T16:43:22.232+0000] {dag.py:4180} INFO - Setting next_dagrun for example_branch_operator to 2024-11-17 00:00:00+00:00, run_after=2024-11-18 00:00:00+00:00
[2024-11-18T16:43:22.252+0000] {processor.py:208} INFO - Processing /home/airflow/.local/lib/python3.12/site-packages/airflow/example_dags/example_branch_operator.py took 0.115 seconds
[2024-11-18T16:43:52.304+0000] {processor.py:186} INFO - Started process (PID=676) to work on /home/airflow/.local/lib/python3.12/site-packages/airflow/example_dags/example_branch_operator.py
[2024-11-18T16:43:52.306+0000] {processor.py:914} INFO - Processing file /home/airflow/.local/lib/python3.12/site-packages/airflow/example_dags/example_branch_operator.py for tasks to queue
[2024-11-18T16:43:52.309+0000] {logging_mixin.py:190} INFO - [2024-11-18T16:43:52.308+0000] {dagbag.py:588} INFO - Filling up the DagBag from /home/airflow/.local/lib/python3.12/site-packages/airflow/example_dags/example_branch_operator.py
[2024-11-18T16:43:52.334+0000] {processor.py:925} INFO - DAG(s) 'example_branch_operator' retrieved from /home/airflow/.local/lib/python3.12/site-packages/airflow/example_dags/example_branch_operator.py
[2024-11-18T16:43:52.419+0000] {logging_mixin.py:190} INFO - [2024-11-18T16:43:52.418+0000] {dag.py:3239} INFO - Sync 1 DAGs
[2024-11-18T16:43:52.448+0000] {logging_mixin.py:190} INFO - [2024-11-18T16:43:52.447+0000] {dag.py:4180} INFO - Setting next_dagrun for example_branch_operator to 2024-11-17 00:00:00+00:00, run_after=2024-11-18 00:00:00+00:00
[2024-11-18T16:43:52.470+0000] {processor.py:208} INFO - Processing /home/airflow/.local/lib/python3.12/site-packages/airflow/example_dags/example_branch_operator.py took 0.173 seconds
[2024-11-18T16:44:22.550+0000] {processor.py:186} INFO - Started process (PID=739) to work on /home/airflow/.local/lib/python3.12/site-packages/airflow/example_dags/example_branch_operator.py
[2024-11-18T16:44:22.551+0000] {processor.py:914} INFO - Processing file /home/airflow/.local/lib/python3.12/site-packages/airflow/example_dags/example_branch_operator.py for tasks to queue
[2024-11-18T16:44:22.554+0000] {logging_mixin.py:190} INFO - [2024-11-18T16:44:22.553+0000] {dagbag.py:588} INFO - Filling up the DagBag from /home/airflow/.local/lib/python3.12/site-packages/airflow/example_dags/example_branch_operator.py
[2024-11-18T16:44:22.581+0000] {processor.py:925} INFO - DAG(s) 'example_branch_operator' retrieved from /home/airflow/.local/lib/python3.12/site-packages/airflow/example_dags/example_branch_operator.py
[2024-11-18T16:44:22.616+0000] {logging_mixin.py:190} INFO - [2024-11-18T16:44:22.616+0000] {dag.py:3239} INFO - Sync 1 DAGs
[2024-11-18T16:44:22.645+0000] {logging_mixin.py:190} INFO - [2024-11-18T16:44:22.645+0000] {dag.py:4180} INFO - Setting next_dagrun for example_branch_operator to 2024-11-17 00:00:00+00:00, run_after=2024-11-18 00:00:00+00:00
[2024-11-18T16:44:22.666+0000] {processor.py:208} INFO - Processing /home/airflow/.local/lib/python3.12/site-packages/airflow/example_dags/example_branch_operator.py took 0.124 seconds
[2024-11-18T16:44:52.979+0000] {processor.py:186} INFO - Started process (PID=801) to work on /home/airflow/.local/lib/python3.12/site-packages/airflow/example_dags/example_branch_operator.py
[2024-11-18T16:44:52.980+0000] {processor.py:914} INFO - Processing file /home/airflow/.local/lib/python3.12/site-packages/airflow/example_dags/example_branch_operator.py for tasks to queue
[2024-11-18T16:44:52.982+0000] {logging_mixin.py:190} INFO - [2024-11-18T16:44:52.982+0000] {dagbag.py:588} INFO - Filling up the DagBag from /home/airflow/.local/lib/python3.12/site-packages/airflow/example_dags/example_branch_operator.py
[2024-11-18T16:44:53.004+0000] {processor.py:925} INFO - DAG(s) 'example_branch_operator' retrieved from /home/airflow/.local/lib/python3.12/site-packages/airflow/example_dags/example_branch_operator.py
[2024-11-18T16:44:53.044+0000] {logging_mixin.py:190} INFO - [2024-11-18T16:44:53.043+0000] {dag.py:3239} INFO - Sync 1 DAGs
[2024-11-18T16:44:53.072+0000] {logging_mixin.py:190} INFO - [2024-11-18T16:44:53.072+0000] {dag.py:4180} INFO - Setting next_dagrun for example_branch_operator to 2024-11-17 00:00:00+00:00, run_after=2024-11-18 00:00:00+00:00
[2024-11-18T16:44:53.094+0000] {processor.py:208} INFO - Processing /home/airflow/.local/lib/python3.12/site-packages/airflow/example_dags/example_branch_operator.py took 0.123 seconds
[2024-11-18T16:45:23.588+0000] {processor.py:186} INFO - Started process (PID=864) to work on /home/airflow/.local/lib/python3.12/site-packages/airflow/example_dags/example_branch_operator.py
[2024-11-18T16:45:23.589+0000] {processor.py:914} INFO - Processing file /home/airflow/.local/lib/python3.12/site-packages/airflow/example_dags/example_branch_operator.py for tasks to queue
[2024-11-18T16:45:23.592+0000] {logging_mixin.py:190} INFO - [2024-11-18T16:45:23.592+0000] {dagbag.py:588} INFO - Filling up the DagBag from /home/airflow/.local/lib/python3.12/site-packages/airflow/example_dags/example_branch_operator.py
[2024-11-18T16:45:23.614+0000] {processor.py:925} INFO - DAG(s) 'example_branch_operator' retrieved from /home/airflow/.local/lib/python3.12/site-packages/airflow/example_dags/example_branch_operator.py
[2024-11-18T16:45:23.649+0000] {logging_mixin.py:190} INFO - [2024-11-18T16:45:23.649+0000] {dag.py:3239} INFO - Sync 1 DAGs
[2024-11-18T16:45:23.678+0000] {logging_mixin.py:190} INFO - [2024-11-18T16:45:23.677+0000] {dag.py:4180} INFO - Setting next_dagrun for example_branch_operator to 2024-11-17 00:00:00+00:00, run_after=2024-11-18 00:00:00+00:00
[2024-11-18T16:45:23.699+0000] {processor.py:208} INFO - Processing /home/airflow/.local/lib/python3.12/site-packages/airflow/example_dags/example_branch_operator.py took 0.119 seconds
[2024-11-18T16:45:54.142+0000] {processor.py:186} INFO - Started process (PID=926) to work on /home/airflow/.local/lib/python3.12/site-packages/airflow/example_dags/example_branch_operator.py
[2024-11-18T16:45:54.144+0000] {processor.py:914} INFO - Processing file /home/airflow/.local/lib/python3.12/site-packages/airflow/example_dags/example_branch_operator.py for tasks to queue
[2024-11-18T16:45:54.146+0000] {logging_mixin.py:190} INFO - [2024-11-18T16:45:54.146+0000] {dagbag.py:588} INFO - Filling up the DagBag from /home/airflow/.local/lib/python3.12/site-packages/airflow/example_dags/example_branch_operator.py
[2024-11-18T16:45:54.169+0000] {processor.py:925} INFO - DAG(s) 'example_branch_operator' retrieved from /home/airflow/.local/lib/python3.12/site-packages/airflow/example_dags/example_branch_operator.py
[2024-11-18T16:45:54.204+0000] {logging_mixin.py:190} INFO - [2024-11-18T16:45:54.204+0000] {dag.py:3239} INFO - Sync 1 DAGs
[2024-11-18T16:45:54.237+0000] {logging_mixin.py:190} INFO - [2024-11-18T16:45:54.237+0000] {dag.py:4180} INFO - Setting next_dagrun for example_branch_operator to 2024-11-17 00:00:00+00:00, run_after=2024-11-18 00:00:00+00:00
[2024-11-18T16:45:54.262+0000] {processor.py:208} INFO - Processing /home/airflow/.local/lib/python3.12/site-packages/airflow/example_dags/example_branch_operator.py took 0.128 seconds
[2024-11-18T16:46:25.110+0000] {processor.py:186} INFO - Started process (PID=989) to work on /home/airflow/.local/lib/python3.12/site-packages/airflow/example_dags/example_branch_operator.py
[2024-11-18T16:46:25.111+0000] {processor.py:914} INFO - Processing file /home/airflow/.local/lib/python3.12/site-packages/airflow/example_dags/example_branch_operator.py for tasks to queue
[2024-11-18T16:46:25.114+0000] {logging_mixin.py:190} INFO - [2024-11-18T16:46:25.114+0000] {dagbag.py:588} INFO - Filling up the DagBag from /home/airflow/.local/lib/python3.12/site-packages/airflow/example_dags/example_branch_operator.py
[2024-11-18T16:46:25.136+0000] {processor.py:925} INFO - DAG(s) 'example_branch_operator' retrieved from /home/airflow/.local/lib/python3.12/site-packages/airflow/example_dags/example_branch_operator.py
[2024-11-18T16:46:25.169+0000] {logging_mixin.py:190} INFO - [2024-11-18T16:46:25.169+0000] {dag.py:3239} INFO - Sync 1 DAGs
[2024-11-18T16:46:25.198+0000] {logging_mixin.py:190} INFO - [2024-11-18T16:46:25.198+0000] {dag.py:4180} INFO - Setting next_dagrun for example_branch_operator to 2024-11-17 00:00:00+00:00, run_after=2024-11-18 00:00:00+00:00
[2024-11-18T16:46:25.230+0000] {processor.py:208} INFO - Processing /home/airflow/.local/lib/python3.12/site-packages/airflow/example_dags/example_branch_operator.py took 0.128 seconds
[2024-11-18T16:46:55.296+0000] {processor.py:186} INFO - Started process (PID=1052) to work on /home/airflow/.local/lib/python3.12/site-packages/airflow/example_dags/example_branch_operator.py
[2024-11-18T16:46:55.298+0000] {processor.py:914} INFO - Processing file /home/airflow/.local/lib/python3.12/site-packages/airflow/example_dags/example_branch_operator.py for tasks to queue
[2024-11-18T16:46:55.301+0000] {logging_mixin.py:190} INFO - [2024-11-18T16:46:55.301+0000] {dagbag.py:588} INFO - Filling up the DagBag from /home/airflow/.local/lib/python3.12/site-packages/airflow/example_dags/example_branch_operator.py
[2024-11-18T16:46:55.326+0000] {processor.py:925} INFO - DAG(s) 'example_branch_operator' retrieved from /home/airflow/.local/lib/python3.12/site-packages/airflow/example_dags/example_branch_operator.py
[2024-11-18T16:46:55.371+0000] {logging_mixin.py:190} INFO - [2024-11-18T16:46:55.371+0000] {dag.py:3239} INFO - Sync 1 DAGs
[2024-11-18T16:46:55.403+0000] {logging_mixin.py:190} INFO - [2024-11-18T16:46:55.402+0000] {dag.py:4180} INFO - Setting next_dagrun for example_branch_operator to 2024-11-17 00:00:00+00:00, run_after=2024-11-18 00:00:00+00:00
[2024-11-18T16:46:55.430+0000] {processor.py:208} INFO - Processing /home/airflow/.local/lib/python3.12/site-packages/airflow/example_dags/example_branch_operator.py took 0.142 seconds
[2024-11-18T16:47:25.598+0000] {processor.py:186} INFO - Started process (PID=1115) to work on /home/airflow/.local/lib/python3.12/site-packages/airflow/example_dags/example_branch_operator.py
[2024-11-18T16:47:25.600+0000] {processor.py:914} INFO - Processing file /home/airflow/.local/lib/python3.12/site-packages/airflow/example_dags/example_branch_operator.py for tasks to queue
[2024-11-18T16:47:25.603+0000] {logging_mixin.py:190} INFO - [2024-11-18T16:47:25.603+0000] {dagbag.py:588} INFO - Filling up the DagBag from /home/airflow/.local/lib/python3.12/site-packages/airflow/example_dags/example_branch_operator.py
[2024-11-18T16:47:25.634+0000] {processor.py:925} INFO - DAG(s) 'example_branch_operator' retrieved from /home/airflow/.local/lib/python3.12/site-packages/airflow/example_dags/example_branch_operator.py
[2024-11-18T16:47:25.689+0000] {logging_mixin.py:190} INFO - [2024-11-18T16:47:25.688+0000] {dag.py:3239} INFO - Sync 1 DAGs
[2024-11-18T16:47:25.729+0000] {logging_mixin.py:190} INFO - [2024-11-18T16:47:25.728+0000] {dag.py:4180} INFO - Setting next_dagrun for example_branch_operator to 2024-11-17 00:00:00+00:00, run_after=2024-11-18 00:00:00+00:00
[2024-11-18T16:47:25.757+0000] {processor.py:208} INFO - Processing /home/airflow/.local/lib/python3.12/site-packages/airflow/example_dags/example_branch_operator.py took 0.169 seconds
[2024-11-18T16:47:56.042+0000] {processor.py:186} INFO - Started process (PID=1178) to work on /home/airflow/.local/lib/python3.12/site-packages/airflow/example_dags/example_branch_operator.py
[2024-11-18T16:47:56.057+0000] {processor.py:914} INFO - Processing file /home/airflow/.local/lib/python3.12/site-packages/airflow/example_dags/example_branch_operator.py for tasks to queue
[2024-11-18T16:47:56.079+0000] {logging_mixin.py:190} INFO - [2024-11-18T16:47:56.078+0000] {dagbag.py:588} INFO - Filling up the DagBag from /home/airflow/.local/lib/python3.12/site-packages/airflow/example_dags/example_branch_operator.py
[2024-11-18T16:47:56.117+0000] {processor.py:925} INFO - DAG(s) 'example_branch_operator' retrieved from /home/airflow/.local/lib/python3.12/site-packages/airflow/example_dags/example_branch_operator.py
[2024-11-18T16:47:56.174+0000] {logging_mixin.py:190} INFO - [2024-11-18T16:47:56.174+0000] {dag.py:3239} INFO - Sync 1 DAGs
[2024-11-18T16:47:56.217+0000] {logging_mixin.py:190} INFO - [2024-11-18T16:47:56.217+0000] {dag.py:4180} INFO - Setting next_dagrun for example_branch_operator to 2024-11-17 00:00:00+00:00, run_after=2024-11-18 00:00:00+00:00
[2024-11-18T16:47:56.244+0000] {processor.py:208} INFO - Processing /home/airflow/.local/lib/python3.12/site-packages/airflow/example_dags/example_branch_operator.py took 0.212 seconds
[2024-11-18T16:48:26.543+0000] {processor.py:186} INFO - Started process (PID=1241) to work on /home/airflow/.local/lib/python3.12/site-packages/airflow/example_dags/example_branch_operator.py
[2024-11-18T16:48:26.544+0000] {processor.py:914} INFO - Processing file /home/airflow/.local/lib/python3.12/site-packages/airflow/example_dags/example_branch_operator.py for tasks to queue
[2024-11-18T16:48:26.547+0000] {logging_mixin.py:190} INFO - [2024-11-18T16:48:26.547+0000] {dagbag.py:588} INFO - Filling up the DagBag from /home/airflow/.local/lib/python3.12/site-packages/airflow/example_dags/example_branch_operator.py
[2024-11-18T16:48:26.571+0000] {processor.py:925} INFO - DAG(s) 'example_branch_operator' retrieved from /home/airflow/.local/lib/python3.12/site-packages/airflow/example_dags/example_branch_operator.py
[2024-11-18T16:48:26.607+0000] {logging_mixin.py:190} INFO - [2024-11-18T16:48:26.607+0000] {dag.py:3239} INFO - Sync 1 DAGs
[2024-11-18T16:48:26.634+0000] {logging_mixin.py:190} INFO - [2024-11-18T16:48:26.634+0000] {dag.py:4180} INFO - Setting next_dagrun for example_branch_operator to 2024-11-17 00:00:00+00:00, run_after=2024-11-18 00:00:00+00:00
[2024-11-18T16:48:26.654+0000] {processor.py:208} INFO - Processing /home/airflow/.local/lib/python3.12/site-packages/airflow/example_dags/example_branch_operator.py took 0.120 seconds
[2024-11-18T16:48:56.753+0000] {processor.py:186} INFO - Started process (PID=1304) to work on /home/airflow/.local/lib/python3.12/site-packages/airflow/example_dags/example_branch_operator.py
[2024-11-18T16:48:56.754+0000] {processor.py:914} INFO - Processing file /home/airflow/.local/lib/python3.12/site-packages/airflow/example_dags/example_branch_operator.py for tasks to queue
[2024-11-18T16:48:56.756+0000] {logging_mixin.py:190} INFO - [2024-11-18T16:48:56.756+0000] {dagbag.py:588} INFO - Filling up the DagBag from /home/airflow/.local/lib/python3.12/site-packages/airflow/example_dags/example_branch_operator.py
[2024-11-18T16:48:56.779+0000] {processor.py:925} INFO - DAG(s) 'example_branch_operator' retrieved from /home/airflow/.local/lib/python3.12/site-packages/airflow/example_dags/example_branch_operator.py
[2024-11-18T16:48:56.814+0000] {logging_mixin.py:190} INFO - [2024-11-18T16:48:56.814+0000] {dag.py:3239} INFO - Sync 1 DAGs
[2024-11-18T16:48:56.842+0000] {logging_mixin.py:190} INFO - [2024-11-18T16:48:56.841+0000] {dag.py:4180} INFO - Setting next_dagrun for example_branch_operator to 2024-11-17 00:00:00+00:00, run_after=2024-11-18 00:00:00+00:00
[2024-11-18T16:48:56.864+0000] {processor.py:208} INFO - Processing /home/airflow/.local/lib/python3.12/site-packages/airflow/example_dags/example_branch_operator.py took 0.119 seconds
[2024-11-18T16:49:27.520+0000] {processor.py:186} INFO - Started process (PID=1367) to work on /home/airflow/.local/lib/python3.12/site-packages/airflow/example_dags/example_branch_operator.py
[2024-11-18T16:49:27.521+0000] {processor.py:914} INFO - Processing file /home/airflow/.local/lib/python3.12/site-packages/airflow/example_dags/example_branch_operator.py for tasks to queue
[2024-11-18T16:49:27.524+0000] {logging_mixin.py:190} INFO - [2024-11-18T16:49:27.523+0000] {dagbag.py:588} INFO - Filling up the DagBag from /home/airflow/.local/lib/python3.12/site-packages/airflow/example_dags/example_branch_operator.py
[2024-11-18T16:49:27.547+0000] {processor.py:925} INFO - DAG(s) 'example_branch_operator' retrieved from /home/airflow/.local/lib/python3.12/site-packages/airflow/example_dags/example_branch_operator.py
[2024-11-18T16:49:27.585+0000] {logging_mixin.py:190} INFO - [2024-11-18T16:49:27.585+0000] {dag.py:3239} INFO - Sync 1 DAGs
[2024-11-18T16:49:27.614+0000] {logging_mixin.py:190} INFO - [2024-11-18T16:49:27.614+0000] {dag.py:4180} INFO - Setting next_dagrun for example_branch_operator to 2024-11-17 00:00:00+00:00, run_after=2024-11-18 00:00:00+00:00
[2024-11-18T16:49:27.634+0000] {processor.py:208} INFO - Processing /home/airflow/.local/lib/python3.12/site-packages/airflow/example_dags/example_branch_operator.py took 0.122 seconds
[2024-11-18T16:49:57.789+0000] {processor.py:186} INFO - Started process (PID=1430) to work on /home/airflow/.local/lib/python3.12/site-packages/airflow/example_dags/example_branch_operator.py
[2024-11-18T16:49:57.791+0000] {processor.py:914} INFO - Processing file /home/airflow/.local/lib/python3.12/site-packages/airflow/example_dags/example_branch_operator.py for tasks to queue
[2024-11-18T16:49:57.793+0000] {logging_mixin.py:190} INFO - [2024-11-18T16:49:57.793+0000] {dagbag.py:588} INFO - Filling up the DagBag from /home/airflow/.local/lib/python3.12/site-packages/airflow/example_dags/example_branch_operator.py
[2024-11-18T16:49:57.816+0000] {processor.py:925} INFO - DAG(s) 'example_branch_operator' retrieved from /home/airflow/.local/lib/python3.12/site-packages/airflow/example_dags/example_branch_operator.py
[2024-11-18T16:49:57.857+0000] {logging_mixin.py:190} INFO - [2024-11-18T16:49:57.856+0000] {dag.py:3239} INFO - Sync 1 DAGs
[2024-11-18T16:49:57.884+0000] {logging_mixin.py:190} INFO - [2024-11-18T16:49:57.884+0000] {dag.py:4180} INFO - Setting next_dagrun for example_branch_operator to 2024-11-17 00:00:00+00:00, run_after=2024-11-18 00:00:00+00:00
[2024-11-18T16:49:57.903+0000] {processor.py:208} INFO - Processing /home/airflow/.local/lib/python3.12/site-packages/airflow/example_dags/example_branch_operator.py took 0.122 seconds
[2024-11-18T16:50:27.950+0000] {processor.py:186} INFO - Started process (PID=1493) to work on /home/airflow/.local/lib/python3.12/site-packages/airflow/example_dags/example_branch_operator.py
[2024-11-18T16:50:27.951+0000] {processor.py:914} INFO - Processing file /home/airflow/.local/lib/python3.12/site-packages/airflow/example_dags/example_branch_operator.py for tasks to queue
[2024-11-18T16:50:27.955+0000] {logging_mixin.py:190} INFO - [2024-11-18T16:50:27.954+0000] {dagbag.py:588} INFO - Filling up the DagBag from /home/airflow/.local/lib/python3.12/site-packages/airflow/example_dags/example_branch_operator.py
[2024-11-18T16:50:27.977+0000] {processor.py:925} INFO - DAG(s) 'example_branch_operator' retrieved from /home/airflow/.local/lib/python3.12/site-packages/airflow/example_dags/example_branch_operator.py
[2024-11-18T16:50:28.010+0000] {logging_mixin.py:190} INFO - [2024-11-18T16:50:28.010+0000] {dag.py:3239} INFO - Sync 1 DAGs
[2024-11-18T16:50:28.038+0000] {logging_mixin.py:190} INFO - [2024-11-18T16:50:28.038+0000] {dag.py:4180} INFO - Setting next_dagrun for example_branch_operator to 2024-11-17 00:00:00+00:00, run_after=2024-11-18 00:00:00+00:00
[2024-11-18T16:50:28.059+0000] {processor.py:208} INFO - Processing /home/airflow/.local/lib/python3.12/site-packages/airflow/example_dags/example_branch_operator.py took 0.116 seconds
[2024-11-18T16:50:58.795+0000] {processor.py:186} INFO - Started process (PID=1556) to work on /home/airflow/.local/lib/python3.12/site-packages/airflow/example_dags/example_branch_operator.py
[2024-11-18T16:50:58.796+0000] {processor.py:914} INFO - Processing file /home/airflow/.local/lib/python3.12/site-packages/airflow/example_dags/example_branch_operator.py for tasks to queue
[2024-11-18T16:50:58.799+0000] {logging_mixin.py:190} INFO - [2024-11-18T16:50:58.799+0000] {dagbag.py:588} INFO - Filling up the DagBag from /home/airflow/.local/lib/python3.12/site-packages/airflow/example_dags/example_branch_operator.py
[2024-11-18T16:50:58.823+0000] {processor.py:925} INFO - DAG(s) 'example_branch_operator' retrieved from /home/airflow/.local/lib/python3.12/site-packages/airflow/example_dags/example_branch_operator.py
[2024-11-18T16:50:58.867+0000] {logging_mixin.py:190} INFO - [2024-11-18T16:50:58.866+0000] {dag.py:3239} INFO - Sync 1 DAGs
[2024-11-18T16:50:58.901+0000] {logging_mixin.py:190} INFO - [2024-11-18T16:50:58.901+0000] {dag.py:4180} INFO - Setting next_dagrun for example_branch_operator to 2024-11-17 00:00:00+00:00, run_after=2024-11-18 00:00:00+00:00
[2024-11-18T16:50:58.925+0000] {processor.py:208} INFO - Processing /home/airflow/.local/lib/python3.12/site-packages/airflow/example_dags/example_branch_operator.py took 0.137 seconds
[2024-11-18T16:51:29.690+0000] {processor.py:186} INFO - Started process (PID=1619) to work on /home/airflow/.local/lib/python3.12/site-packages/airflow/example_dags/example_branch_operator.py
[2024-11-18T16:51:29.691+0000] {processor.py:914} INFO - Processing file /home/airflow/.local/lib/python3.12/site-packages/airflow/example_dags/example_branch_operator.py for tasks to queue
[2024-11-18T16:51:29.694+0000] {logging_mixin.py:190} INFO - [2024-11-18T16:51:29.694+0000] {dagbag.py:588} INFO - Filling up the DagBag from /home/airflow/.local/lib/python3.12/site-packages/airflow/example_dags/example_branch_operator.py
[2024-11-18T16:51:29.747+0000] {processor.py:925} INFO - DAG(s) 'example_branch_operator' retrieved from /home/airflow/.local/lib/python3.12/site-packages/airflow/example_dags/example_branch_operator.py
[2024-11-18T16:51:29.783+0000] {logging_mixin.py:190} INFO - [2024-11-18T16:51:29.782+0000] {dag.py:3239} INFO - Sync 1 DAGs
[2024-11-18T16:51:29.812+0000] {logging_mixin.py:190} INFO - [2024-11-18T16:51:29.811+0000] {dag.py:4180} INFO - Setting next_dagrun for example_branch_operator to 2024-11-17 00:00:00+00:00, run_after=2024-11-18 00:00:00+00:00
[2024-11-18T16:51:29.836+0000] {processor.py:208} INFO - Processing /home/airflow/.local/lib/python3.12/site-packages/airflow/example_dags/example_branch_operator.py took 0.155 seconds
[2024-11-18T16:51:59.955+0000] {processor.py:186} INFO - Started process (PID=1682) to work on /home/airflow/.local/lib/python3.12/site-packages/airflow/example_dags/example_branch_operator.py
[2024-11-18T16:51:59.957+0000] {processor.py:914} INFO - Processing file /home/airflow/.local/lib/python3.12/site-packages/airflow/example_dags/example_branch_operator.py for tasks to queue
[2024-11-18T16:51:59.959+0000] {logging_mixin.py:190} INFO - [2024-11-18T16:51:59.959+0000] {dagbag.py:588} INFO - Filling up the DagBag from /home/airflow/.local/lib/python3.12/site-packages/airflow/example_dags/example_branch_operator.py
[2024-11-18T16:51:59.982+0000] {processor.py:925} INFO - DAG(s) 'example_branch_operator' retrieved from /home/airflow/.local/lib/python3.12/site-packages/airflow/example_dags/example_branch_operator.py
[2024-11-18T16:52:00.019+0000] {logging_mixin.py:190} INFO - [2024-11-18T16:52:00.019+0000] {dag.py:3239} INFO - Sync 1 DAGs
[2024-11-18T16:52:00.047+0000] {logging_mixin.py:190} INFO - [2024-11-18T16:52:00.047+0000] {dag.py:4180} INFO - Setting next_dagrun for example_branch_operator to 2024-11-17 00:00:00+00:00, run_after=2024-11-18 00:00:00+00:00
[2024-11-18T16:52:00.069+0000] {processor.py:208} INFO - Processing /home/airflow/.local/lib/python3.12/site-packages/airflow/example_dags/example_branch_operator.py took 0.120 seconds
[2024-11-18T16:52:30.165+0000] {processor.py:186} INFO - Started process (PID=1745) to work on /home/airflow/.local/lib/python3.12/site-packages/airflow/example_dags/example_branch_operator.py
[2024-11-18T16:52:30.166+0000] {processor.py:914} INFO - Processing file /home/airflow/.local/lib/python3.12/site-packages/airflow/example_dags/example_branch_operator.py for tasks to queue
[2024-11-18T16:52:30.169+0000] {logging_mixin.py:190} INFO - [2024-11-18T16:52:30.168+0000] {dagbag.py:588} INFO - Filling up the DagBag from /home/airflow/.local/lib/python3.12/site-packages/airflow/example_dags/example_branch_operator.py
[2024-11-18T16:52:30.245+0000] {processor.py:925} INFO - DAG(s) 'example_branch_operator' retrieved from /home/airflow/.local/lib/python3.12/site-packages/airflow/example_dags/example_branch_operator.py
[2024-11-18T16:52:30.327+0000] {logging_mixin.py:190} INFO - [2024-11-18T16:52:30.326+0000] {dag.py:3239} INFO - Sync 1 DAGs
[2024-11-18T16:52:30.354+0000] {logging_mixin.py:190} INFO - [2024-11-18T16:52:30.354+0000] {dag.py:4180} INFO - Setting next_dagrun for example_branch_operator to 2024-11-17 00:00:00+00:00, run_after=2024-11-18 00:00:00+00:00
[2024-11-18T16:52:30.374+0000] {processor.py:208} INFO - Processing /home/airflow/.local/lib/python3.12/site-packages/airflow/example_dags/example_branch_operator.py took 0.216 seconds
[2024-11-18T16:53:01.273+0000] {processor.py:186} INFO - Started process (PID=1808) to work on /home/airflow/.local/lib/python3.12/site-packages/airflow/example_dags/example_branch_operator.py
[2024-11-18T16:53:01.275+0000] {processor.py:914} INFO - Processing file /home/airflow/.local/lib/python3.12/site-packages/airflow/example_dags/example_branch_operator.py for tasks to queue
[2024-11-18T16:53:01.278+0000] {logging_mixin.py:190} INFO - [2024-11-18T16:53:01.277+0000] {dagbag.py:588} INFO - Filling up the DagBag from /home/airflow/.local/lib/python3.12/site-packages/airflow/example_dags/example_branch_operator.py
[2024-11-18T16:53:01.299+0000] {processor.py:925} INFO - DAG(s) 'example_branch_operator' retrieved from /home/airflow/.local/lib/python3.12/site-packages/airflow/example_dags/example_branch_operator.py
[2024-11-18T16:53:01.336+0000] {logging_mixin.py:190} INFO - [2024-11-18T16:53:01.336+0000] {dag.py:3239} INFO - Sync 1 DAGs
[2024-11-18T16:53:01.362+0000] {logging_mixin.py:190} INFO - [2024-11-18T16:53:01.362+0000] {dag.py:4180} INFO - Setting next_dagrun for example_branch_operator to 2024-11-17 00:00:00+00:00, run_after=2024-11-18 00:00:00+00:00
[2024-11-18T16:53:01.383+0000] {processor.py:208} INFO - Processing /home/airflow/.local/lib/python3.12/site-packages/airflow/example_dags/example_branch_operator.py took 0.117 seconds
[2024-11-18T16:53:31.475+0000] {processor.py:186} INFO - Started process (PID=1871) to work on /home/airflow/.local/lib/python3.12/site-packages/airflow/example_dags/example_branch_operator.py
[2024-11-18T16:53:31.477+0000] {processor.py:914} INFO - Processing file /home/airflow/.local/lib/python3.12/site-packages/airflow/example_dags/example_branch_operator.py for tasks to queue
[2024-11-18T16:53:31.480+0000] {logging_mixin.py:190} INFO - [2024-11-18T16:53:31.480+0000] {dagbag.py:588} INFO - Filling up the DagBag from /home/airflow/.local/lib/python3.12/site-packages/airflow/example_dags/example_branch_operator.py
[2024-11-18T16:53:31.502+0000] {processor.py:925} INFO - DAG(s) 'example_branch_operator' retrieved from /home/airflow/.local/lib/python3.12/site-packages/airflow/example_dags/example_branch_operator.py
[2024-11-18T16:53:31.541+0000] {logging_mixin.py:190} INFO - [2024-11-18T16:53:31.541+0000] {dag.py:3239} INFO - Sync 1 DAGs
[2024-11-18T16:53:31.569+0000] {logging_mixin.py:190} INFO - [2024-11-18T16:53:31.568+0000] {dag.py:4180} INFO - Setting next_dagrun for example_branch_operator to 2024-11-17 00:00:00+00:00, run_after=2024-11-18 00:00:00+00:00
[2024-11-18T16:53:31.591+0000] {processor.py:208} INFO - Processing /home/airflow/.local/lib/python3.12/site-packages/airflow/example_dags/example_branch_operator.py took 0.125 seconds
[2024-11-18T16:54:01.834+0000] {processor.py:186} INFO - Started process (PID=1934) to work on /home/airflow/.local/lib/python3.12/site-packages/airflow/example_dags/example_branch_operator.py
[2024-11-18T16:54:01.835+0000] {processor.py:914} INFO - Processing file /home/airflow/.local/lib/python3.12/site-packages/airflow/example_dags/example_branch_operator.py for tasks to queue
[2024-11-18T16:54:01.839+0000] {logging_mixin.py:190} INFO - [2024-11-18T16:54:01.838+0000] {dagbag.py:588} INFO - Filling up the DagBag from /home/airflow/.local/lib/python3.12/site-packages/airflow/example_dags/example_branch_operator.py
[2024-11-18T16:54:01.865+0000] {processor.py:925} INFO - DAG(s) 'example_branch_operator' retrieved from /home/airflow/.local/lib/python3.12/site-packages/airflow/example_dags/example_branch_operator.py
[2024-11-18T16:54:01.905+0000] {logging_mixin.py:190} INFO - [2024-11-18T16:54:01.904+0000] {dag.py:3239} INFO - Sync 1 DAGs
[2024-11-18T16:54:01.933+0000] {logging_mixin.py:190} INFO - [2024-11-18T16:54:01.932+0000] {dag.py:4180} INFO - Setting next_dagrun for example_branch_operator to 2024-11-17 00:00:00+00:00, run_after=2024-11-18 00:00:00+00:00
[2024-11-18T16:54:01.953+0000] {processor.py:208} INFO - Processing /home/airflow/.local/lib/python3.12/site-packages/airflow/example_dags/example_branch_operator.py took 0.128 seconds
[2024-11-18T16:54:32.070+0000] {processor.py:186} INFO - Started process (PID=1997) to work on /home/airflow/.local/lib/python3.12/site-packages/airflow/example_dags/example_branch_operator.py
[2024-11-18T16:54:32.072+0000] {processor.py:914} INFO - Processing file /home/airflow/.local/lib/python3.12/site-packages/airflow/example_dags/example_branch_operator.py for tasks to queue
[2024-11-18T16:54:32.075+0000] {logging_mixin.py:190} INFO - [2024-11-18T16:54:32.075+0000] {dagbag.py:588} INFO - Filling up the DagBag from /home/airflow/.local/lib/python3.12/site-packages/airflow/example_dags/example_branch_operator.py
[2024-11-18T16:54:32.098+0000] {processor.py:925} INFO - DAG(s) 'example_branch_operator' retrieved from /home/airflow/.local/lib/python3.12/site-packages/airflow/example_dags/example_branch_operator.py
[2024-11-18T16:54:32.136+0000] {logging_mixin.py:190} INFO - [2024-11-18T16:54:32.136+0000] {dag.py:3239} INFO - Sync 1 DAGs
[2024-11-18T16:54:32.170+0000] {logging_mixin.py:190} INFO - [2024-11-18T16:54:32.170+0000] {dag.py:4180} INFO - Setting next_dagrun for example_branch_operator to 2024-11-17 00:00:00+00:00, run_after=2024-11-18 00:00:00+00:00
[2024-11-18T16:54:32.194+0000] {processor.py:208} INFO - Processing /home/airflow/.local/lib/python3.12/site-packages/airflow/example_dags/example_branch_operator.py took 0.133 seconds
[2024-11-18T16:55:02.974+0000] {processor.py:186} INFO - Started process (PID=2059) to work on /home/airflow/.local/lib/python3.12/site-packages/airflow/example_dags/example_branch_operator.py
[2024-11-18T16:55:02.976+0000] {processor.py:914} INFO - Processing file /home/airflow/.local/lib/python3.12/site-packages/airflow/example_dags/example_branch_operator.py for tasks to queue
[2024-11-18T16:55:02.980+0000] {logging_mixin.py:190} INFO - [2024-11-18T16:55:02.979+0000] {dagbag.py:588} INFO - Filling up the DagBag from /home/airflow/.local/lib/python3.12/site-packages/airflow/example_dags/example_branch_operator.py
[2024-11-18T16:55:03.002+0000] {processor.py:925} INFO - DAG(s) 'example_branch_operator' retrieved from /home/airflow/.local/lib/python3.12/site-packages/airflow/example_dags/example_branch_operator.py
[2024-11-18T16:55:03.044+0000] {logging_mixin.py:190} INFO - [2024-11-18T16:55:03.043+0000] {dag.py:3239} INFO - Sync 1 DAGs
[2024-11-18T16:55:03.074+0000] {logging_mixin.py:190} INFO - [2024-11-18T16:55:03.074+0000] {dag.py:4180} INFO - Setting next_dagrun for example_branch_operator to 2024-11-17 00:00:00+00:00, run_after=2024-11-18 00:00:00+00:00
[2024-11-18T16:55:03.096+0000] {processor.py:208} INFO - Processing /home/airflow/.local/lib/python3.12/site-packages/airflow/example_dags/example_branch_operator.py took 0.131 seconds
[2024-11-18T16:55:34.155+0000] {processor.py:186} INFO - Started process (PID=2121) to work on /home/airflow/.local/lib/python3.12/site-packages/airflow/example_dags/example_branch_operator.py
[2024-11-18T16:55:34.156+0000] {processor.py:914} INFO - Processing file /home/airflow/.local/lib/python3.12/site-packages/airflow/example_dags/example_branch_operator.py for tasks to queue
[2024-11-18T16:55:34.159+0000] {logging_mixin.py:190} INFO - [2024-11-18T16:55:34.158+0000] {dagbag.py:588} INFO - Filling up the DagBag from /home/airflow/.local/lib/python3.12/site-packages/airflow/example_dags/example_branch_operator.py
[2024-11-18T16:55:34.180+0000] {processor.py:925} INFO - DAG(s) 'example_branch_operator' retrieved from /home/airflow/.local/lib/python3.12/site-packages/airflow/example_dags/example_branch_operator.py
[2024-11-18T16:55:34.215+0000] {logging_mixin.py:190} INFO - [2024-11-18T16:55:34.215+0000] {dag.py:3239} INFO - Sync 1 DAGs
[2024-11-18T16:55:34.302+0000] {logging_mixin.py:190} INFO - [2024-11-18T16:55:34.301+0000] {dag.py:4180} INFO - Setting next_dagrun for example_branch_operator to 2024-11-17 00:00:00+00:00, run_after=2024-11-18 00:00:00+00:00
[2024-11-18T16:55:34.322+0000] {processor.py:208} INFO - Processing /home/airflow/.local/lib/python3.12/site-packages/airflow/example_dags/example_branch_operator.py took 0.182 seconds
[2024-11-18T16:56:04.568+0000] {processor.py:186} INFO - Started process (PID=2183) to work on /home/airflow/.local/lib/python3.12/site-packages/airflow/example_dags/example_branch_operator.py
[2024-11-18T16:56:04.570+0000] {processor.py:914} INFO - Processing file /home/airflow/.local/lib/python3.12/site-packages/airflow/example_dags/example_branch_operator.py for tasks to queue
[2024-11-18T16:56:04.573+0000] {logging_mixin.py:190} INFO - [2024-11-18T16:56:04.572+0000] {dagbag.py:588} INFO - Filling up the DagBag from /home/airflow/.local/lib/python3.12/site-packages/airflow/example_dags/example_branch_operator.py
[2024-11-18T16:56:04.598+0000] {processor.py:925} INFO - DAG(s) 'example_branch_operator' retrieved from /home/airflow/.local/lib/python3.12/site-packages/airflow/example_dags/example_branch_operator.py
[2024-11-18T16:56:04.652+0000] {logging_mixin.py:190} INFO - [2024-11-18T16:56:04.651+0000] {dag.py:3239} INFO - Sync 1 DAGs
[2024-11-18T16:56:04.687+0000] {logging_mixin.py:190} INFO - [2024-11-18T16:56:04.687+0000] {dag.py:4180} INFO - Setting next_dagrun for example_branch_operator to 2024-11-17 00:00:00+00:00, run_after=2024-11-18 00:00:00+00:00
[2024-11-18T16:56:04.719+0000] {processor.py:208} INFO - Processing /home/airflow/.local/lib/python3.12/site-packages/airflow/example_dags/example_branch_operator.py took 0.158 seconds
[2024-11-18T16:56:35.093+0000] {processor.py:186} INFO - Started process (PID=2246) to work on /home/airflow/.local/lib/python3.12/site-packages/airflow/example_dags/example_branch_operator.py
[2024-11-18T16:56:35.095+0000] {processor.py:914} INFO - Processing file /home/airflow/.local/lib/python3.12/site-packages/airflow/example_dags/example_branch_operator.py for tasks to queue
[2024-11-18T16:56:35.098+0000] {logging_mixin.py:190} INFO - [2024-11-18T16:56:35.097+0000] {dagbag.py:588} INFO - Filling up the DagBag from /home/airflow/.local/lib/python3.12/site-packages/airflow/example_dags/example_branch_operator.py
[2024-11-18T16:56:35.123+0000] {processor.py:925} INFO - DAG(s) 'example_branch_operator' retrieved from /home/airflow/.local/lib/python3.12/site-packages/airflow/example_dags/example_branch_operator.py
[2024-11-18T16:56:35.163+0000] {logging_mixin.py:190} INFO - [2024-11-18T16:56:35.163+0000] {dag.py:3239} INFO - Sync 1 DAGs
[2024-11-18T16:56:35.200+0000] {logging_mixin.py:190} INFO - [2024-11-18T16:56:35.200+0000] {dag.py:4180} INFO - Setting next_dagrun for example_branch_operator to 2024-11-17 00:00:00+00:00, run_after=2024-11-18 00:00:00+00:00
[2024-11-18T16:56:35.242+0000] {processor.py:208} INFO - Processing /home/airflow/.local/lib/python3.12/site-packages/airflow/example_dags/example_branch_operator.py took 0.157 seconds
[2024-11-18T16:57:05.767+0000] {processor.py:186} INFO - Started process (PID=2309) to work on /home/airflow/.local/lib/python3.12/site-packages/airflow/example_dags/example_branch_operator.py
[2024-11-18T16:57:05.768+0000] {processor.py:914} INFO - Processing file /home/airflow/.local/lib/python3.12/site-packages/airflow/example_dags/example_branch_operator.py for tasks to queue
[2024-11-18T16:57:05.773+0000] {logging_mixin.py:190} INFO - [2024-11-18T16:57:05.773+0000] {dagbag.py:588} INFO - Filling up the DagBag from /home/airflow/.local/lib/python3.12/site-packages/airflow/example_dags/example_branch_operator.py
[2024-11-18T16:57:05.800+0000] {processor.py:925} INFO - DAG(s) 'example_branch_operator' retrieved from /home/airflow/.local/lib/python3.12/site-packages/airflow/example_dags/example_branch_operator.py
[2024-11-18T16:57:05.842+0000] {logging_mixin.py:190} INFO - [2024-11-18T16:57:05.842+0000] {dag.py:3239} INFO - Sync 1 DAGs
[2024-11-18T16:57:05.881+0000] {logging_mixin.py:190} INFO - [2024-11-18T16:57:05.881+0000] {dag.py:4180} INFO - Setting next_dagrun for example_branch_operator to 2024-11-17 00:00:00+00:00, run_after=2024-11-18 00:00:00+00:00
[2024-11-18T16:57:05.909+0000] {processor.py:208} INFO - Processing /home/airflow/.local/lib/python3.12/site-packages/airflow/example_dags/example_branch_operator.py took 0.153 seconds
[2024-11-18T16:57:36.248+0000] {processor.py:186} INFO - Started process (PID=2372) to work on /home/airflow/.local/lib/python3.12/site-packages/airflow/example_dags/example_branch_operator.py
[2024-11-18T16:57:36.251+0000] {processor.py:914} INFO - Processing file /home/airflow/.local/lib/python3.12/site-packages/airflow/example_dags/example_branch_operator.py for tasks to queue
[2024-11-18T16:57:36.255+0000] {logging_mixin.py:190} INFO - [2024-11-18T16:57:36.255+0000] {dagbag.py:588} INFO - Filling up the DagBag from /home/airflow/.local/lib/python3.12/site-packages/airflow/example_dags/example_branch_operator.py
[2024-11-18T16:57:36.281+0000] {processor.py:925} INFO - DAG(s) 'example_branch_operator' retrieved from /home/airflow/.local/lib/python3.12/site-packages/airflow/example_dags/example_branch_operator.py
[2024-11-18T16:57:36.317+0000] {logging_mixin.py:190} INFO - [2024-11-18T16:57:36.316+0000] {dag.py:3239} INFO - Sync 1 DAGs
[2024-11-18T16:57:36.347+0000] {logging_mixin.py:190} INFO - [2024-11-18T16:57:36.347+0000] {dag.py:4180} INFO - Setting next_dagrun for example_branch_operator to 2024-11-17 00:00:00+00:00, run_after=2024-11-18 00:00:00+00:00
[2024-11-18T16:57:36.369+0000] {processor.py:208} INFO - Processing /home/airflow/.local/lib/python3.12/site-packages/airflow/example_dags/example_branch_operator.py took 0.132 seconds
[2024-11-18T16:58:06.603+0000] {processor.py:186} INFO - Started process (PID=2435) to work on /home/airflow/.local/lib/python3.12/site-packages/airflow/example_dags/example_branch_operator.py
[2024-11-18T16:58:06.605+0000] {processor.py:914} INFO - Processing file /home/airflow/.local/lib/python3.12/site-packages/airflow/example_dags/example_branch_operator.py for tasks to queue
[2024-11-18T16:58:06.608+0000] {logging_mixin.py:190} INFO - [2024-11-18T16:58:06.607+0000] {dagbag.py:588} INFO - Filling up the DagBag from /home/airflow/.local/lib/python3.12/site-packages/airflow/example_dags/example_branch_operator.py
[2024-11-18T16:58:06.633+0000] {processor.py:925} INFO - DAG(s) 'example_branch_operator' retrieved from /home/airflow/.local/lib/python3.12/site-packages/airflow/example_dags/example_branch_operator.py
[2024-11-18T16:58:06.680+0000] {logging_mixin.py:190} INFO - [2024-11-18T16:58:06.679+0000] {dag.py:3239} INFO - Sync 1 DAGs
[2024-11-18T16:58:06.723+0000] {logging_mixin.py:190} INFO - [2024-11-18T16:58:06.723+0000] {dag.py:4180} INFO - Setting next_dagrun for example_branch_operator to 2024-11-17 00:00:00+00:00, run_after=2024-11-18 00:00:00+00:00
[2024-11-18T16:58:06.754+0000] {processor.py:208} INFO - Processing /home/airflow/.local/lib/python3.12/site-packages/airflow/example_dags/example_branch_operator.py took 0.160 seconds
[2024-11-18T16:58:37.314+0000] {processor.py:186} INFO - Started process (PID=2490) to work on /home/airflow/.local/lib/python3.12/site-packages/airflow/example_dags/example_branch_operator.py
[2024-11-18T16:58:37.316+0000] {processor.py:914} INFO - Processing file /home/airflow/.local/lib/python3.12/site-packages/airflow/example_dags/example_branch_operator.py for tasks to queue
[2024-11-18T16:58:37.318+0000] {logging_mixin.py:190} INFO - [2024-11-18T16:58:37.318+0000] {dagbag.py:588} INFO - Filling up the DagBag from /home/airflow/.local/lib/python3.12/site-packages/airflow/example_dags/example_branch_operator.py
[2024-11-18T16:58:37.339+0000] {processor.py:925} INFO - DAG(s) 'example_branch_operator' retrieved from /home/airflow/.local/lib/python3.12/site-packages/airflow/example_dags/example_branch_operator.py
[2024-11-18T16:58:37.372+0000] {logging_mixin.py:190} INFO - [2024-11-18T16:58:37.371+0000] {dag.py:3239} INFO - Sync 1 DAGs
[2024-11-18T16:58:37.405+0000] {logging_mixin.py:190} INFO - [2024-11-18T16:58:37.405+0000] {dag.py:4180} INFO - Setting next_dagrun for example_branch_operator to 2024-11-17 00:00:00+00:00, run_after=2024-11-18 00:00:00+00:00
[2024-11-18T16:58:37.434+0000] {processor.py:208} INFO - Processing /home/airflow/.local/lib/python3.12/site-packages/airflow/example_dags/example_branch_operator.py took 0.127 seconds
[2024-11-18T16:59:08.865+0000] {processor.py:186} INFO - Started process (PID=2548) to work on /home/airflow/.local/lib/python3.12/site-packages/airflow/example_dags/example_branch_operator.py
[2024-11-18T16:59:08.866+0000] {processor.py:914} INFO - Processing file /home/airflow/.local/lib/python3.12/site-packages/airflow/example_dags/example_branch_operator.py for tasks to queue
[2024-11-18T16:59:08.870+0000] {logging_mixin.py:190} INFO - [2024-11-18T16:59:08.869+0000] {dagbag.py:588} INFO - Filling up the DagBag from /home/airflow/.local/lib/python3.12/site-packages/airflow/example_dags/example_branch_operator.py
[2024-11-18T16:59:08.892+0000] {processor.py:925} INFO - DAG(s) 'example_branch_operator' retrieved from /home/airflow/.local/lib/python3.12/site-packages/airflow/example_dags/example_branch_operator.py
[2024-11-18T16:59:08.927+0000] {logging_mixin.py:190} INFO - [2024-11-18T16:59:08.927+0000] {dag.py:3239} INFO - Sync 1 DAGs
[2024-11-18T16:59:08.955+0000] {logging_mixin.py:190} INFO - [2024-11-18T16:59:08.955+0000] {dag.py:4180} INFO - Setting next_dagrun for example_branch_operator to 2024-11-17 00:00:00+00:00, run_after=2024-11-18 00:00:00+00:00
[2024-11-18T16:59:08.976+0000] {processor.py:208} INFO - Processing /home/airflow/.local/lib/python3.12/site-packages/airflow/example_dags/example_branch_operator.py took 0.119 seconds
[2024-11-18T16:59:39.592+0000] {processor.py:186} INFO - Started process (PID=2611) to work on /home/airflow/.local/lib/python3.12/site-packages/airflow/example_dags/example_branch_operator.py
[2024-11-18T16:59:39.593+0000] {processor.py:914} INFO - Processing file /home/airflow/.local/lib/python3.12/site-packages/airflow/example_dags/example_branch_operator.py for tasks to queue
[2024-11-18T16:59:39.596+0000] {logging_mixin.py:190} INFO - [2024-11-18T16:59:39.596+0000] {dagbag.py:588} INFO - Filling up the DagBag from /home/airflow/.local/lib/python3.12/site-packages/airflow/example_dags/example_branch_operator.py
[2024-11-18T16:59:39.621+0000] {processor.py:925} INFO - DAG(s) 'example_branch_operator' retrieved from /home/airflow/.local/lib/python3.12/site-packages/airflow/example_dags/example_branch_operator.py
[2024-11-18T16:59:39.659+0000] {logging_mixin.py:190} INFO - [2024-11-18T16:59:39.659+0000] {dag.py:3239} INFO - Sync 1 DAGs
[2024-11-18T16:59:39.693+0000] {logging_mixin.py:190} INFO - [2024-11-18T16:59:39.692+0000] {dag.py:4180} INFO - Setting next_dagrun for example_branch_operator to 2024-11-17 00:00:00+00:00, run_after=2024-11-18 00:00:00+00:00
[2024-11-18T16:59:39.716+0000] {processor.py:208} INFO - Processing /home/airflow/.local/lib/python3.12/site-packages/airflow/example_dags/example_branch_operator.py took 0.133 seconds
[2024-11-18T17:00:11.397+0000] {processor.py:186} INFO - Started process (PID=2673) to work on /home/airflow/.local/lib/python3.12/site-packages/airflow/example_dags/example_branch_operator.py
[2024-11-18T17:00:11.399+0000] {processor.py:914} INFO - Processing file /home/airflow/.local/lib/python3.12/site-packages/airflow/example_dags/example_branch_operator.py for tasks to queue
[2024-11-18T17:00:11.402+0000] {logging_mixin.py:190} INFO - [2024-11-18T17:00:11.401+0000] {dagbag.py:588} INFO - Filling up the DagBag from /home/airflow/.local/lib/python3.12/site-packages/airflow/example_dags/example_branch_operator.py
[2024-11-18T17:00:11.429+0000] {processor.py:925} INFO - DAG(s) 'example_branch_operator' retrieved from /home/airflow/.local/lib/python3.12/site-packages/airflow/example_dags/example_branch_operator.py
[2024-11-18T17:00:11.473+0000] {logging_mixin.py:190} INFO - [2024-11-18T17:00:11.473+0000] {dag.py:3239} INFO - Sync 1 DAGs
[2024-11-18T17:00:11.506+0000] {logging_mixin.py:190} INFO - [2024-11-18T17:00:11.506+0000] {dag.py:4180} INFO - Setting next_dagrun for example_branch_operator to 2024-11-17 00:00:00+00:00, run_after=2024-11-18 00:00:00+00:00
[2024-11-18T17:00:11.529+0000] {processor.py:208} INFO - Processing /home/airflow/.local/lib/python3.12/site-packages/airflow/example_dags/example_branch_operator.py took 0.140 seconds
[2024-11-18T17:00:42.781+0000] {processor.py:186} INFO - Started process (PID=2735) to work on /home/airflow/.local/lib/python3.12/site-packages/airflow/example_dags/example_branch_operator.py
[2024-11-18T17:00:42.782+0000] {processor.py:914} INFO - Processing file /home/airflow/.local/lib/python3.12/site-packages/airflow/example_dags/example_branch_operator.py for tasks to queue
[2024-11-18T17:00:42.785+0000] {logging_mixin.py:190} INFO - [2024-11-18T17:00:42.784+0000] {dagbag.py:588} INFO - Filling up the DagBag from /home/airflow/.local/lib/python3.12/site-packages/airflow/example_dags/example_branch_operator.py
[2024-11-18T17:00:42.819+0000] {processor.py:925} INFO - DAG(s) 'example_branch_operator' retrieved from /home/airflow/.local/lib/python3.12/site-packages/airflow/example_dags/example_branch_operator.py
[2024-11-18T17:00:42.861+0000] {logging_mixin.py:190} INFO - [2024-11-18T17:00:42.861+0000] {dag.py:3239} INFO - Sync 1 DAGs
[2024-11-18T17:00:42.893+0000] {logging_mixin.py:190} INFO - [2024-11-18T17:00:42.892+0000] {dag.py:4180} INFO - Setting next_dagrun for example_branch_operator to 2024-11-17 00:00:00+00:00, run_after=2024-11-18 00:00:00+00:00
[2024-11-18T17:00:42.923+0000] {processor.py:208} INFO - Processing /home/airflow/.local/lib/python3.12/site-packages/airflow/example_dags/example_branch_operator.py took 0.152 seconds
[2024-11-18T17:02:32.823+0000] {processor.py:186} INFO - Started process (PID=105) to work on /home/airflow/.local/lib/python3.12/site-packages/airflow/example_dags/example_branch_operator.py
[2024-11-18T17:02:32.824+0000] {processor.py:914} INFO - Processing file /home/airflow/.local/lib/python3.12/site-packages/airflow/example_dags/example_branch_operator.py for tasks to queue
[2024-11-18T17:02:32.828+0000] {logging_mixin.py:190} INFO - [2024-11-18T17:02:32.828+0000] {dagbag.py:588} INFO - Filling up the DagBag from /home/airflow/.local/lib/python3.12/site-packages/airflow/example_dags/example_branch_operator.py
[2024-11-18T17:02:32.888+0000] {processor.py:925} INFO - DAG(s) 'example_branch_operator' retrieved from /home/airflow/.local/lib/python3.12/site-packages/airflow/example_dags/example_branch_operator.py
[2024-11-18T17:02:33.235+0000] {logging_mixin.py:190} INFO - [2024-11-18T17:02:33.234+0000] {dag.py:3239} INFO - Sync 1 DAGs
[2024-11-18T17:02:33.273+0000] {logging_mixin.py:190} INFO - [2024-11-18T17:02:33.272+0000] {dag.py:4180} INFO - Setting next_dagrun for example_branch_operator to 2024-11-17 00:00:00+00:00, run_after=2024-11-18 00:00:00+00:00
[2024-11-18T17:02:33.306+0000] {processor.py:208} INFO - Processing /home/airflow/.local/lib/python3.12/site-packages/airflow/example_dags/example_branch_operator.py took 0.491 seconds
