[2024-11-18T16:24:35.894+0000] {processor.py:186} INFO - Started process (PID=113) to work on /home/airflow/.local/lib/python3.12/site-packages/airflow/example_dags/example_skip_dag.py
[2024-11-18T16:24:35.896+0000] {processor.py:914} INFO - Processing file /home/airflow/.local/lib/python3.12/site-packages/airflow/example_dags/example_skip_dag.py for tasks to queue
[2024-11-18T16:24:35.900+0000] {logging_mixin.py:190} INFO - [2024-11-18T16:24:35.900+0000] {dagbag.py:588} INFO - Filling up the DagBag from /home/airflow/.local/lib/python3.12/site-packages/airflow/example_dags/example_skip_dag.py
[2024-11-18T16:24:35.911+0000] {processor.py:925} INFO - DAG(s) 'example_skip_dag' retrieved from /home/airflow/.local/lib/python3.12/site-packages/airflow/example_dags/example_skip_dag.py
[2024-11-18T16:24:36.059+0000] {logging_mixin.py:190} INFO - [2024-11-18T16:24:36.058+0000] {override.py:1911} INFO - Created Permission View: can read on DAG:example_skip_dag
[2024-11-18T16:24:36.076+0000] {logging_mixin.py:190} INFO - [2024-11-18T16:24:36.075+0000] {override.py:1911} INFO - Created Permission View: can edit on DAG:example_skip_dag
[2024-11-18T16:24:36.085+0000] {logging_mixin.py:190} INFO - [2024-11-18T16:24:36.084+0000] {override.py:1911} INFO - Created Permission View: can delete on DAG:example_skip_dag
[2024-11-18T16:24:36.094+0000] {logging_mixin.py:190} INFO - [2024-11-18T16:24:36.094+0000] {override.py:1911} INFO - Created Permission View: can read on DAG Run:example_skip_dag
[2024-11-18T16:24:36.105+0000] {logging_mixin.py:190} INFO - [2024-11-18T16:24:36.105+0000] {override.py:1911} INFO - Created Permission View: menu access on DAG Run:example_skip_dag
[2024-11-18T16:24:36.115+0000] {logging_mixin.py:190} INFO - [2024-11-18T16:24:36.114+0000] {override.py:1911} INFO - Created Permission View: can create on DAG Run:example_skip_dag
[2024-11-18T16:24:36.124+0000] {logging_mixin.py:190} INFO - [2024-11-18T16:24:36.124+0000] {override.py:1911} INFO - Created Permission View: can delete on DAG Run:example_skip_dag
[2024-11-18T16:24:36.125+0000] {logging_mixin.py:190} INFO - [2024-11-18T16:24:36.125+0000] {dag.py:3239} INFO - Sync 1 DAGs
[2024-11-18T16:24:36.148+0000] {logging_mixin.py:190} INFO - [2024-11-18T16:24:36.148+0000] {dag.py:3262} INFO - Creating ORM DAG for example_skip_dag
[2024-11-18T16:24:36.161+0000] {logging_mixin.py:190} INFO - [2024-11-18T16:24:36.161+0000] {dag.py:4180} INFO - Setting next_dagrun for example_skip_dag to 2024-11-17 00:00:00+00:00, run_after=2024-11-18 00:00:00+00:00
[2024-11-18T16:24:36.194+0000] {processor.py:208} INFO - Processing /home/airflow/.local/lib/python3.12/site-packages/airflow/example_dags/example_skip_dag.py took 0.309 seconds
[2024-11-18T16:25:06.525+0000] {processor.py:186} INFO - Started process (PID=176) to work on /home/airflow/.local/lib/python3.12/site-packages/airflow/example_dags/example_skip_dag.py
[2024-11-18T16:25:06.526+0000] {processor.py:914} INFO - Processing file /home/airflow/.local/lib/python3.12/site-packages/airflow/example_dags/example_skip_dag.py for tasks to queue
[2024-11-18T16:25:06.529+0000] {logging_mixin.py:190} INFO - [2024-11-18T16:25:06.529+0000] {dagbag.py:588} INFO - Filling up the DagBag from /home/airflow/.local/lib/python3.12/site-packages/airflow/example_dags/example_skip_dag.py
[2024-11-18T16:25:06.539+0000] {processor.py:925} INFO - DAG(s) 'example_skip_dag' retrieved from /home/airflow/.local/lib/python3.12/site-packages/airflow/example_dags/example_skip_dag.py
[2024-11-18T16:25:06.567+0000] {logging_mixin.py:190} INFO - [2024-11-18T16:25:06.566+0000] {dag.py:3239} INFO - Sync 1 DAGs
[2024-11-18T16:25:06.595+0000] {logging_mixin.py:190} INFO - [2024-11-18T16:25:06.595+0000] {dag.py:4180} INFO - Setting next_dagrun for example_skip_dag to 2024-11-17 00:00:00+00:00, run_after=2024-11-18 00:00:00+00:00
[2024-11-18T16:25:06.616+0000] {processor.py:208} INFO - Processing /home/airflow/.local/lib/python3.12/site-packages/airflow/example_dags/example_skip_dag.py took 0.098 seconds
[2024-11-18T16:25:37.545+0000] {processor.py:186} INFO - Started process (PID=239) to work on /home/airflow/.local/lib/python3.12/site-packages/airflow/example_dags/example_skip_dag.py
[2024-11-18T16:25:37.546+0000] {processor.py:914} INFO - Processing file /home/airflow/.local/lib/python3.12/site-packages/airflow/example_dags/example_skip_dag.py for tasks to queue
[2024-11-18T16:25:37.549+0000] {logging_mixin.py:190} INFO - [2024-11-18T16:25:37.549+0000] {dagbag.py:588} INFO - Filling up the DagBag from /home/airflow/.local/lib/python3.12/site-packages/airflow/example_dags/example_skip_dag.py
[2024-11-18T16:25:37.559+0000] {processor.py:925} INFO - DAG(s) 'example_skip_dag' retrieved from /home/airflow/.local/lib/python3.12/site-packages/airflow/example_dags/example_skip_dag.py
[2024-11-18T16:25:37.586+0000] {logging_mixin.py:190} INFO - [2024-11-18T16:25:37.586+0000] {dag.py:3239} INFO - Sync 1 DAGs
[2024-11-18T16:25:37.614+0000] {logging_mixin.py:190} INFO - [2024-11-18T16:25:37.614+0000] {dag.py:4180} INFO - Setting next_dagrun for example_skip_dag to 2024-11-17 00:00:00+00:00, run_after=2024-11-18 00:00:00+00:00
[2024-11-18T16:25:37.636+0000] {processor.py:208} INFO - Processing /home/airflow/.local/lib/python3.12/site-packages/airflow/example_dags/example_skip_dag.py took 0.098 seconds
[2024-11-18T16:26:07.907+0000] {processor.py:186} INFO - Started process (PID=301) to work on /home/airflow/.local/lib/python3.12/site-packages/airflow/example_dags/example_skip_dag.py
[2024-11-18T16:26:07.908+0000] {processor.py:914} INFO - Processing file /home/airflow/.local/lib/python3.12/site-packages/airflow/example_dags/example_skip_dag.py for tasks to queue
[2024-11-18T16:26:07.913+0000] {logging_mixin.py:190} INFO - [2024-11-18T16:26:07.912+0000] {dagbag.py:588} INFO - Filling up the DagBag from /home/airflow/.local/lib/python3.12/site-packages/airflow/example_dags/example_skip_dag.py
[2024-11-18T16:26:07.925+0000] {processor.py:925} INFO - DAG(s) 'example_skip_dag' retrieved from /home/airflow/.local/lib/python3.12/site-packages/airflow/example_dags/example_skip_dag.py
[2024-11-18T16:26:07.953+0000] {logging_mixin.py:190} INFO - [2024-11-18T16:26:07.953+0000] {dag.py:3239} INFO - Sync 1 DAGs
[2024-11-18T16:26:07.980+0000] {logging_mixin.py:190} INFO - [2024-11-18T16:26:07.980+0000] {dag.py:4180} INFO - Setting next_dagrun for example_skip_dag to 2024-11-17 00:00:00+00:00, run_after=2024-11-18 00:00:00+00:00
[2024-11-18T16:26:08.002+0000] {processor.py:208} INFO - Processing /home/airflow/.local/lib/python3.12/site-packages/airflow/example_dags/example_skip_dag.py took 0.106 seconds
[2024-11-18T16:26:38.124+0000] {processor.py:186} INFO - Started process (PID=364) to work on /home/airflow/.local/lib/python3.12/site-packages/airflow/example_dags/example_skip_dag.py
[2024-11-18T16:26:38.125+0000] {processor.py:914} INFO - Processing file /home/airflow/.local/lib/python3.12/site-packages/airflow/example_dags/example_skip_dag.py for tasks to queue
[2024-11-18T16:26:38.129+0000] {logging_mixin.py:190} INFO - [2024-11-18T16:26:38.129+0000] {dagbag.py:588} INFO - Filling up the DagBag from /home/airflow/.local/lib/python3.12/site-packages/airflow/example_dags/example_skip_dag.py
[2024-11-18T16:26:38.144+0000] {processor.py:925} INFO - DAG(s) 'example_skip_dag' retrieved from /home/airflow/.local/lib/python3.12/site-packages/airflow/example_dags/example_skip_dag.py
[2024-11-18T16:26:38.175+0000] {logging_mixin.py:190} INFO - [2024-11-18T16:26:38.174+0000] {dag.py:3239} INFO - Sync 1 DAGs
[2024-11-18T16:26:38.205+0000] {logging_mixin.py:190} INFO - [2024-11-18T16:26:38.205+0000] {dag.py:4180} INFO - Setting next_dagrun for example_skip_dag to 2024-11-17 00:00:00+00:00, run_after=2024-11-18 00:00:00+00:00
[2024-11-18T16:26:38.229+0000] {processor.py:208} INFO - Processing /home/airflow/.local/lib/python3.12/site-packages/airflow/example_dags/example_skip_dag.py took 0.114 seconds
[2024-11-18T16:27:08.751+0000] {processor.py:186} INFO - Started process (PID=427) to work on /home/airflow/.local/lib/python3.12/site-packages/airflow/example_dags/example_skip_dag.py
[2024-11-18T16:27:08.753+0000] {processor.py:914} INFO - Processing file /home/airflow/.local/lib/python3.12/site-packages/airflow/example_dags/example_skip_dag.py for tasks to queue
[2024-11-18T16:27:08.757+0000] {logging_mixin.py:190} INFO - [2024-11-18T16:27:08.756+0000] {dagbag.py:588} INFO - Filling up the DagBag from /home/airflow/.local/lib/python3.12/site-packages/airflow/example_dags/example_skip_dag.py
[2024-11-18T16:27:08.767+0000] {processor.py:925} INFO - DAG(s) 'example_skip_dag' retrieved from /home/airflow/.local/lib/python3.12/site-packages/airflow/example_dags/example_skip_dag.py
[2024-11-18T16:27:08.797+0000] {logging_mixin.py:190} INFO - [2024-11-18T16:27:08.797+0000] {dag.py:3239} INFO - Sync 1 DAGs
[2024-11-18T16:27:08.853+0000] {logging_mixin.py:190} INFO - [2024-11-18T16:27:08.852+0000] {dag.py:4180} INFO - Setting next_dagrun for example_skip_dag to 2024-11-17 00:00:00+00:00, run_after=2024-11-18 00:00:00+00:00
[2024-11-18T16:27:08.880+0000] {processor.py:208} INFO - Processing /home/airflow/.local/lib/python3.12/site-packages/airflow/example_dags/example_skip_dag.py took 0.168 seconds
[2024-11-18T16:27:39.087+0000] {processor.py:186} INFO - Started process (PID=489) to work on /home/airflow/.local/lib/python3.12/site-packages/airflow/example_dags/example_skip_dag.py
[2024-11-18T16:27:39.088+0000] {processor.py:914} INFO - Processing file /home/airflow/.local/lib/python3.12/site-packages/airflow/example_dags/example_skip_dag.py for tasks to queue
[2024-11-18T16:27:39.090+0000] {logging_mixin.py:190} INFO - [2024-11-18T16:27:39.090+0000] {dagbag.py:588} INFO - Filling up the DagBag from /home/airflow/.local/lib/python3.12/site-packages/airflow/example_dags/example_skip_dag.py
[2024-11-18T16:27:39.099+0000] {processor.py:925} INFO - DAG(s) 'example_skip_dag' retrieved from /home/airflow/.local/lib/python3.12/site-packages/airflow/example_dags/example_skip_dag.py
[2024-11-18T16:27:39.124+0000] {logging_mixin.py:190} INFO - [2024-11-18T16:27:39.123+0000] {dag.py:3239} INFO - Sync 1 DAGs
[2024-11-18T16:27:39.150+0000] {logging_mixin.py:190} INFO - [2024-11-18T16:27:39.149+0000] {dag.py:4180} INFO - Setting next_dagrun for example_skip_dag to 2024-11-17 00:00:00+00:00, run_after=2024-11-18 00:00:00+00:00
[2024-11-18T16:27:39.172+0000] {processor.py:208} INFO - Processing /home/airflow/.local/lib/python3.12/site-packages/airflow/example_dags/example_skip_dag.py took 0.091 seconds
[2024-11-18T16:28:10.574+0000] {processor.py:186} INFO - Started process (PID=553) to work on /home/airflow/.local/lib/python3.12/site-packages/airflow/example_dags/example_skip_dag.py
[2024-11-18T16:28:10.575+0000] {processor.py:914} INFO - Processing file /home/airflow/.local/lib/python3.12/site-packages/airflow/example_dags/example_skip_dag.py for tasks to queue
[2024-11-18T16:28:10.578+0000] {logging_mixin.py:190} INFO - [2024-11-18T16:28:10.578+0000] {dagbag.py:588} INFO - Filling up the DagBag from /home/airflow/.local/lib/python3.12/site-packages/airflow/example_dags/example_skip_dag.py
[2024-11-18T16:28:10.588+0000] {processor.py:925} INFO - DAG(s) 'example_skip_dag' retrieved from /home/airflow/.local/lib/python3.12/site-packages/airflow/example_dags/example_skip_dag.py
[2024-11-18T16:28:10.614+0000] {logging_mixin.py:190} INFO - [2024-11-18T16:28:10.613+0000] {dag.py:3239} INFO - Sync 1 DAGs
[2024-11-18T16:28:10.640+0000] {logging_mixin.py:190} INFO - [2024-11-18T16:28:10.639+0000] {dag.py:4180} INFO - Setting next_dagrun for example_skip_dag to 2024-11-17 00:00:00+00:00, run_after=2024-11-18 00:00:00+00:00
[2024-11-18T16:28:10.660+0000] {processor.py:208} INFO - Processing /home/airflow/.local/lib/python3.12/site-packages/airflow/example_dags/example_skip_dag.py took 0.096 seconds
[2024-11-18T16:28:40.962+0000] {processor.py:186} INFO - Started process (PID=615) to work on /home/airflow/.local/lib/python3.12/site-packages/airflow/example_dags/example_skip_dag.py
[2024-11-18T16:28:40.963+0000] {processor.py:914} INFO - Processing file /home/airflow/.local/lib/python3.12/site-packages/airflow/example_dags/example_skip_dag.py for tasks to queue
[2024-11-18T16:28:40.966+0000] {logging_mixin.py:190} INFO - [2024-11-18T16:28:40.966+0000] {dagbag.py:588} INFO - Filling up the DagBag from /home/airflow/.local/lib/python3.12/site-packages/airflow/example_dags/example_skip_dag.py
[2024-11-18T16:28:40.976+0000] {processor.py:925} INFO - DAG(s) 'example_skip_dag' retrieved from /home/airflow/.local/lib/python3.12/site-packages/airflow/example_dags/example_skip_dag.py
[2024-11-18T16:28:41.000+0000] {logging_mixin.py:190} INFO - [2024-11-18T16:28:41.000+0000] {dag.py:3239} INFO - Sync 1 DAGs
[2024-11-18T16:28:41.026+0000] {logging_mixin.py:190} INFO - [2024-11-18T16:28:41.026+0000] {dag.py:4180} INFO - Setting next_dagrun for example_skip_dag to 2024-11-17 00:00:00+00:00, run_after=2024-11-18 00:00:00+00:00
[2024-11-18T16:28:41.047+0000] {processor.py:208} INFO - Processing /home/airflow/.local/lib/python3.12/site-packages/airflow/example_dags/example_skip_dag.py took 0.091 seconds
[2024-11-18T16:29:11.398+0000] {processor.py:186} INFO - Started process (PID=678) to work on /home/airflow/.local/lib/python3.12/site-packages/airflow/example_dags/example_skip_dag.py
[2024-11-18T16:29:11.399+0000] {processor.py:914} INFO - Processing file /home/airflow/.local/lib/python3.12/site-packages/airflow/example_dags/example_skip_dag.py for tasks to queue
[2024-11-18T16:29:11.403+0000] {logging_mixin.py:190} INFO - [2024-11-18T16:29:11.402+0000] {dagbag.py:588} INFO - Filling up the DagBag from /home/airflow/.local/lib/python3.12/site-packages/airflow/example_dags/example_skip_dag.py
[2024-11-18T16:29:11.413+0000] {processor.py:925} INFO - DAG(s) 'example_skip_dag' retrieved from /home/airflow/.local/lib/python3.12/site-packages/airflow/example_dags/example_skip_dag.py
[2024-11-18T16:29:11.444+0000] {logging_mixin.py:190} INFO - [2024-11-18T16:29:11.444+0000] {dag.py:3239} INFO - Sync 1 DAGs
[2024-11-18T16:29:11.482+0000] {logging_mixin.py:190} INFO - [2024-11-18T16:29:11.482+0000] {dag.py:4180} INFO - Setting next_dagrun for example_skip_dag to 2024-11-17 00:00:00+00:00, run_after=2024-11-18 00:00:00+00:00
[2024-11-18T16:29:11.528+0000] {processor.py:208} INFO - Processing /home/airflow/.local/lib/python3.12/site-packages/airflow/example_dags/example_skip_dag.py took 0.139 seconds
[2024-11-18T16:29:41.887+0000] {processor.py:186} INFO - Started process (PID=740) to work on /home/airflow/.local/lib/python3.12/site-packages/airflow/example_dags/example_skip_dag.py
[2024-11-18T16:29:41.889+0000] {processor.py:914} INFO - Processing file /home/airflow/.local/lib/python3.12/site-packages/airflow/example_dags/example_skip_dag.py for tasks to queue
[2024-11-18T16:29:41.893+0000] {logging_mixin.py:190} INFO - [2024-11-18T16:29:41.892+0000] {dagbag.py:588} INFO - Filling up the DagBag from /home/airflow/.local/lib/python3.12/site-packages/airflow/example_dags/example_skip_dag.py
[2024-11-18T16:29:41.903+0000] {processor.py:925} INFO - DAG(s) 'example_skip_dag' retrieved from /home/airflow/.local/lib/python3.12/site-packages/airflow/example_dags/example_skip_dag.py
[2024-11-18T16:29:41.933+0000] {logging_mixin.py:190} INFO - [2024-11-18T16:29:41.932+0000] {dag.py:3239} INFO - Sync 1 DAGs
[2024-11-18T16:29:41.962+0000] {logging_mixin.py:190} INFO - [2024-11-18T16:29:41.962+0000] {dag.py:4180} INFO - Setting next_dagrun for example_skip_dag to 2024-11-17 00:00:00+00:00, run_after=2024-11-18 00:00:00+00:00
[2024-11-18T16:29:41.986+0000] {processor.py:208} INFO - Processing /home/airflow/.local/lib/python3.12/site-packages/airflow/example_dags/example_skip_dag.py took 0.107 seconds
[2024-11-18T16:30:12.335+0000] {processor.py:186} INFO - Started process (PID=803) to work on /home/airflow/.local/lib/python3.12/site-packages/airflow/example_dags/example_skip_dag.py
[2024-11-18T16:30:12.336+0000] {processor.py:914} INFO - Processing file /home/airflow/.local/lib/python3.12/site-packages/airflow/example_dags/example_skip_dag.py for tasks to queue
[2024-11-18T16:30:12.339+0000] {logging_mixin.py:190} INFO - [2024-11-18T16:30:12.339+0000] {dagbag.py:588} INFO - Filling up the DagBag from /home/airflow/.local/lib/python3.12/site-packages/airflow/example_dags/example_skip_dag.py
[2024-11-18T16:30:12.349+0000] {processor.py:925} INFO - DAG(s) 'example_skip_dag' retrieved from /home/airflow/.local/lib/python3.12/site-packages/airflow/example_dags/example_skip_dag.py
[2024-11-18T16:30:12.377+0000] {logging_mixin.py:190} INFO - [2024-11-18T16:30:12.377+0000] {dag.py:3239} INFO - Sync 1 DAGs
[2024-11-18T16:30:12.405+0000] {logging_mixin.py:190} INFO - [2024-11-18T16:30:12.405+0000] {dag.py:4180} INFO - Setting next_dagrun for example_skip_dag to 2024-11-17 00:00:00+00:00, run_after=2024-11-18 00:00:00+00:00
[2024-11-18T16:30:12.431+0000] {processor.py:208} INFO - Processing /home/airflow/.local/lib/python3.12/site-packages/airflow/example_dags/example_skip_dag.py took 0.103 seconds
[2024-11-18T16:30:42.640+0000] {processor.py:186} INFO - Started process (PID=866) to work on /home/airflow/.local/lib/python3.12/site-packages/airflow/example_dags/example_skip_dag.py
[2024-11-18T16:30:42.641+0000] {processor.py:914} INFO - Processing file /home/airflow/.local/lib/python3.12/site-packages/airflow/example_dags/example_skip_dag.py for tasks to queue
[2024-11-18T16:30:42.645+0000] {logging_mixin.py:190} INFO - [2024-11-18T16:30:42.644+0000] {dagbag.py:588} INFO - Filling up the DagBag from /home/airflow/.local/lib/python3.12/site-packages/airflow/example_dags/example_skip_dag.py
[2024-11-18T16:30:42.657+0000] {processor.py:925} INFO - DAG(s) 'example_skip_dag' retrieved from /home/airflow/.local/lib/python3.12/site-packages/airflow/example_dags/example_skip_dag.py
[2024-11-18T16:30:42.689+0000] {logging_mixin.py:190} INFO - [2024-11-18T16:30:42.689+0000] {dag.py:3239} INFO - Sync 1 DAGs
[2024-11-18T16:30:42.735+0000] {logging_mixin.py:190} INFO - [2024-11-18T16:30:42.735+0000] {dag.py:4180} INFO - Setting next_dagrun for example_skip_dag to 2024-11-17 00:00:00+00:00, run_after=2024-11-18 00:00:00+00:00
[2024-11-18T16:30:42.773+0000] {processor.py:208} INFO - Processing /home/airflow/.local/lib/python3.12/site-packages/airflow/example_dags/example_skip_dag.py took 0.141 seconds
[2024-11-18T16:31:13.331+0000] {processor.py:186} INFO - Started process (PID=929) to work on /home/airflow/.local/lib/python3.12/site-packages/airflow/example_dags/example_skip_dag.py
[2024-11-18T16:31:13.332+0000] {processor.py:914} INFO - Processing file /home/airflow/.local/lib/python3.12/site-packages/airflow/example_dags/example_skip_dag.py for tasks to queue
[2024-11-18T16:31:13.335+0000] {logging_mixin.py:190} INFO - [2024-11-18T16:31:13.335+0000] {dagbag.py:588} INFO - Filling up the DagBag from /home/airflow/.local/lib/python3.12/site-packages/airflow/example_dags/example_skip_dag.py
[2024-11-18T16:31:13.346+0000] {processor.py:925} INFO - DAG(s) 'example_skip_dag' retrieved from /home/airflow/.local/lib/python3.12/site-packages/airflow/example_dags/example_skip_dag.py
[2024-11-18T16:31:13.374+0000] {logging_mixin.py:190} INFO - [2024-11-18T16:31:13.374+0000] {dag.py:3239} INFO - Sync 1 DAGs
[2024-11-18T16:31:13.400+0000] {logging_mixin.py:190} INFO - [2024-11-18T16:31:13.399+0000] {dag.py:4180} INFO - Setting next_dagrun for example_skip_dag to 2024-11-17 00:00:00+00:00, run_after=2024-11-18 00:00:00+00:00
[2024-11-18T16:31:13.420+0000] {processor.py:208} INFO - Processing /home/airflow/.local/lib/python3.12/site-packages/airflow/example_dags/example_skip_dag.py took 0.100 seconds
[2024-11-18T16:31:44.138+0000] {processor.py:186} INFO - Started process (PID=992) to work on /home/airflow/.local/lib/python3.12/site-packages/airflow/example_dags/example_skip_dag.py
[2024-11-18T16:31:44.139+0000] {processor.py:914} INFO - Processing file /home/airflow/.local/lib/python3.12/site-packages/airflow/example_dags/example_skip_dag.py for tasks to queue
[2024-11-18T16:31:44.143+0000] {logging_mixin.py:190} INFO - [2024-11-18T16:31:44.142+0000] {dagbag.py:588} INFO - Filling up the DagBag from /home/airflow/.local/lib/python3.12/site-packages/airflow/example_dags/example_skip_dag.py
[2024-11-18T16:31:44.152+0000] {processor.py:925} INFO - DAG(s) 'example_skip_dag' retrieved from /home/airflow/.local/lib/python3.12/site-packages/airflow/example_dags/example_skip_dag.py
[2024-11-18T16:31:44.181+0000] {logging_mixin.py:190} INFO - [2024-11-18T16:31:44.181+0000] {dag.py:3239} INFO - Sync 1 DAGs
[2024-11-18T16:31:44.211+0000] {logging_mixin.py:190} INFO - [2024-11-18T16:31:44.211+0000] {dag.py:4180} INFO - Setting next_dagrun for example_skip_dag to 2024-11-17 00:00:00+00:00, run_after=2024-11-18 00:00:00+00:00
[2024-11-18T16:31:44.231+0000] {processor.py:208} INFO - Processing /home/airflow/.local/lib/python3.12/site-packages/airflow/example_dags/example_skip_dag.py took 0.100 seconds
[2024-11-18T16:32:14.725+0000] {processor.py:186} INFO - Started process (PID=1055) to work on /home/airflow/.local/lib/python3.12/site-packages/airflow/example_dags/example_skip_dag.py
[2024-11-18T16:32:14.726+0000] {processor.py:914} INFO - Processing file /home/airflow/.local/lib/python3.12/site-packages/airflow/example_dags/example_skip_dag.py for tasks to queue
[2024-11-18T16:32:14.729+0000] {logging_mixin.py:190} INFO - [2024-11-18T16:32:14.729+0000] {dagbag.py:588} INFO - Filling up the DagBag from /home/airflow/.local/lib/python3.12/site-packages/airflow/example_dags/example_skip_dag.py
[2024-11-18T16:32:14.739+0000] {processor.py:925} INFO - DAG(s) 'example_skip_dag' retrieved from /home/airflow/.local/lib/python3.12/site-packages/airflow/example_dags/example_skip_dag.py
[2024-11-18T16:32:14.768+0000] {logging_mixin.py:190} INFO - [2024-11-18T16:32:14.767+0000] {dag.py:3239} INFO - Sync 1 DAGs
[2024-11-18T16:32:14.804+0000] {logging_mixin.py:190} INFO - [2024-11-18T16:32:14.803+0000] {dag.py:4180} INFO - Setting next_dagrun for example_skip_dag to 2024-11-17 00:00:00+00:00, run_after=2024-11-18 00:00:00+00:00
[2024-11-18T16:32:14.828+0000] {processor.py:208} INFO - Processing /home/airflow/.local/lib/python3.12/site-packages/airflow/example_dags/example_skip_dag.py took 0.111 seconds
[2024-11-18T16:32:45.040+0000] {processor.py:186} INFO - Started process (PID=1118) to work on /home/airflow/.local/lib/python3.12/site-packages/airflow/example_dags/example_skip_dag.py
[2024-11-18T16:32:45.041+0000] {processor.py:914} INFO - Processing file /home/airflow/.local/lib/python3.12/site-packages/airflow/example_dags/example_skip_dag.py for tasks to queue
[2024-11-18T16:32:45.044+0000] {logging_mixin.py:190} INFO - [2024-11-18T16:32:45.043+0000] {dagbag.py:588} INFO - Filling up the DagBag from /home/airflow/.local/lib/python3.12/site-packages/airflow/example_dags/example_skip_dag.py
[2024-11-18T16:32:45.055+0000] {processor.py:925} INFO - DAG(s) 'example_skip_dag' retrieved from /home/airflow/.local/lib/python3.12/site-packages/airflow/example_dags/example_skip_dag.py
[2024-11-18T16:32:45.081+0000] {logging_mixin.py:190} INFO - [2024-11-18T16:32:45.081+0000] {dag.py:3239} INFO - Sync 1 DAGs
[2024-11-18T16:32:45.113+0000] {logging_mixin.py:190} INFO - [2024-11-18T16:32:45.112+0000] {dag.py:4180} INFO - Setting next_dagrun for example_skip_dag to 2024-11-17 00:00:00+00:00, run_after=2024-11-18 00:00:00+00:00
[2024-11-18T16:32:45.136+0000] {processor.py:208} INFO - Processing /home/airflow/.local/lib/python3.12/site-packages/airflow/example_dags/example_skip_dag.py took 0.111 seconds
[2024-11-18T16:33:15.691+0000] {processor.py:186} INFO - Started process (PID=1181) to work on /home/airflow/.local/lib/python3.12/site-packages/airflow/example_dags/example_skip_dag.py
[2024-11-18T16:33:15.693+0000] {processor.py:914} INFO - Processing file /home/airflow/.local/lib/python3.12/site-packages/airflow/example_dags/example_skip_dag.py for tasks to queue
[2024-11-18T16:33:15.697+0000] {logging_mixin.py:190} INFO - [2024-11-18T16:33:15.696+0000] {dagbag.py:588} INFO - Filling up the DagBag from /home/airflow/.local/lib/python3.12/site-packages/airflow/example_dags/example_skip_dag.py
[2024-11-18T16:33:15.717+0000] {processor.py:925} INFO - DAG(s) 'example_skip_dag' retrieved from /home/airflow/.local/lib/python3.12/site-packages/airflow/example_dags/example_skip_dag.py
[2024-11-18T16:33:15.780+0000] {logging_mixin.py:190} INFO - [2024-11-18T16:33:15.779+0000] {dag.py:3239} INFO - Sync 1 DAGs
[2024-11-18T16:33:15.861+0000] {logging_mixin.py:190} INFO - [2024-11-18T16:33:15.860+0000] {dag.py:4180} INFO - Setting next_dagrun for example_skip_dag to 2024-11-17 00:00:00+00:00, run_after=2024-11-18 00:00:00+00:00
[2024-11-18T16:33:15.948+0000] {processor.py:208} INFO - Processing /home/airflow/.local/lib/python3.12/site-packages/airflow/example_dags/example_skip_dag.py took 0.269 seconds
[2024-11-18T16:33:46.851+0000] {processor.py:186} INFO - Started process (PID=1244) to work on /home/airflow/.local/lib/python3.12/site-packages/airflow/example_dags/example_skip_dag.py
[2024-11-18T16:33:46.853+0000] {processor.py:914} INFO - Processing file /home/airflow/.local/lib/python3.12/site-packages/airflow/example_dags/example_skip_dag.py for tasks to queue
[2024-11-18T16:33:46.857+0000] {logging_mixin.py:190} INFO - [2024-11-18T16:33:46.857+0000] {dagbag.py:588} INFO - Filling up the DagBag from /home/airflow/.local/lib/python3.12/site-packages/airflow/example_dags/example_skip_dag.py
[2024-11-18T16:33:46.870+0000] {processor.py:925} INFO - DAG(s) 'example_skip_dag' retrieved from /home/airflow/.local/lib/python3.12/site-packages/airflow/example_dags/example_skip_dag.py
[2024-11-18T16:33:46.902+0000] {logging_mixin.py:190} INFO - [2024-11-18T16:33:46.901+0000] {dag.py:3239} INFO - Sync 1 DAGs
[2024-11-18T16:33:46.929+0000] {logging_mixin.py:190} INFO - [2024-11-18T16:33:46.928+0000] {dag.py:4180} INFO - Setting next_dagrun for example_skip_dag to 2024-11-17 00:00:00+00:00, run_after=2024-11-18 00:00:00+00:00
[2024-11-18T16:33:46.954+0000] {processor.py:208} INFO - Processing /home/airflow/.local/lib/python3.12/site-packages/airflow/example_dags/example_skip_dag.py took 0.113 seconds
[2024-11-18T16:34:17.903+0000] {processor.py:186} INFO - Started process (PID=1307) to work on /home/airflow/.local/lib/python3.12/site-packages/airflow/example_dags/example_skip_dag.py
[2024-11-18T16:34:17.905+0000] {processor.py:914} INFO - Processing file /home/airflow/.local/lib/python3.12/site-packages/airflow/example_dags/example_skip_dag.py for tasks to queue
[2024-11-18T16:34:17.907+0000] {logging_mixin.py:190} INFO - [2024-11-18T16:34:17.907+0000] {dagbag.py:588} INFO - Filling up the DagBag from /home/airflow/.local/lib/python3.12/site-packages/airflow/example_dags/example_skip_dag.py
[2024-11-18T16:34:17.919+0000] {processor.py:925} INFO - DAG(s) 'example_skip_dag' retrieved from /home/airflow/.local/lib/python3.12/site-packages/airflow/example_dags/example_skip_dag.py
[2024-11-18T16:34:17.949+0000] {logging_mixin.py:190} INFO - [2024-11-18T16:34:17.948+0000] {dag.py:3239} INFO - Sync 1 DAGs
[2024-11-18T16:34:17.979+0000] {logging_mixin.py:190} INFO - [2024-11-18T16:34:17.978+0000] {dag.py:4180} INFO - Setting next_dagrun for example_skip_dag to 2024-11-17 00:00:00+00:00, run_after=2024-11-18 00:00:00+00:00
[2024-11-18T16:34:18.009+0000] {processor.py:208} INFO - Processing /home/airflow/.local/lib/python3.12/site-packages/airflow/example_dags/example_skip_dag.py took 0.115 seconds
[2024-11-18T16:39:17.670+0000] {processor.py:186} INFO - Started process (PID=115) to work on /home/airflow/.local/lib/python3.12/site-packages/airflow/example_dags/example_skip_dag.py
[2024-11-18T16:39:17.671+0000] {processor.py:914} INFO - Processing file /home/airflow/.local/lib/python3.12/site-packages/airflow/example_dags/example_skip_dag.py for tasks to queue
[2024-11-18T16:39:17.676+0000] {logging_mixin.py:190} INFO - [2024-11-18T16:39:17.676+0000] {dagbag.py:588} INFO - Filling up the DagBag from /home/airflow/.local/lib/python3.12/site-packages/airflow/example_dags/example_skip_dag.py
[2024-11-18T16:39:17.691+0000] {processor.py:925} INFO - DAG(s) 'example_skip_dag' retrieved from /home/airflow/.local/lib/python3.12/site-packages/airflow/example_dags/example_skip_dag.py
[2024-11-18T16:39:17.730+0000] {logging_mixin.py:190} INFO - [2024-11-18T16:39:17.729+0000] {dag.py:3239} INFO - Sync 1 DAGs
[2024-11-18T16:39:17.763+0000] {logging_mixin.py:190} INFO - [2024-11-18T16:39:17.762+0000] {dag.py:4180} INFO - Setting next_dagrun for example_skip_dag to 2024-11-17 00:00:00+00:00, run_after=2024-11-18 00:00:00+00:00
[2024-11-18T16:39:17.797+0000] {processor.py:208} INFO - Processing /home/airflow/.local/lib/python3.12/site-packages/airflow/example_dags/example_skip_dag.py took 0.139 seconds
[2024-11-18T16:39:47.853+0000] {processor.py:186} INFO - Started process (PID=177) to work on /home/airflow/.local/lib/python3.12/site-packages/airflow/example_dags/example_skip_dag.py
[2024-11-18T16:39:47.854+0000] {processor.py:914} INFO - Processing file /home/airflow/.local/lib/python3.12/site-packages/airflow/example_dags/example_skip_dag.py for tasks to queue
[2024-11-18T16:39:47.857+0000] {logging_mixin.py:190} INFO - [2024-11-18T16:39:47.856+0000] {dagbag.py:588} INFO - Filling up the DagBag from /home/airflow/.local/lib/python3.12/site-packages/airflow/example_dags/example_skip_dag.py
[2024-11-18T16:39:47.868+0000] {processor.py:925} INFO - DAG(s) 'example_skip_dag' retrieved from /home/airflow/.local/lib/python3.12/site-packages/airflow/example_dags/example_skip_dag.py
[2024-11-18T16:39:47.900+0000] {logging_mixin.py:190} INFO - [2024-11-18T16:39:47.899+0000] {dag.py:3239} INFO - Sync 1 DAGs
[2024-11-18T16:39:47.934+0000] {logging_mixin.py:190} INFO - [2024-11-18T16:39:47.933+0000] {dag.py:4180} INFO - Setting next_dagrun for example_skip_dag to 2024-11-17 00:00:00+00:00, run_after=2024-11-18 00:00:00+00:00
[2024-11-18T16:39:47.956+0000] {processor.py:208} INFO - Processing /home/airflow/.local/lib/python3.12/site-packages/airflow/example_dags/example_skip_dag.py took 0.112 seconds
[2024-11-18T16:40:18.461+0000] {processor.py:186} INFO - Started process (PID=240) to work on /home/airflow/.local/lib/python3.12/site-packages/airflow/example_dags/example_skip_dag.py
[2024-11-18T16:40:18.462+0000] {processor.py:914} INFO - Processing file /home/airflow/.local/lib/python3.12/site-packages/airflow/example_dags/example_skip_dag.py for tasks to queue
[2024-11-18T16:40:18.466+0000] {logging_mixin.py:190} INFO - [2024-11-18T16:40:18.465+0000] {dagbag.py:588} INFO - Filling up the DagBag from /home/airflow/.local/lib/python3.12/site-packages/airflow/example_dags/example_skip_dag.py
[2024-11-18T16:40:18.475+0000] {processor.py:925} INFO - DAG(s) 'example_skip_dag' retrieved from /home/airflow/.local/lib/python3.12/site-packages/airflow/example_dags/example_skip_dag.py
[2024-11-18T16:40:18.501+0000] {logging_mixin.py:190} INFO - [2024-11-18T16:40:18.501+0000] {dag.py:3239} INFO - Sync 1 DAGs
[2024-11-18T16:40:18.533+0000] {logging_mixin.py:190} INFO - [2024-11-18T16:40:18.533+0000] {dag.py:4180} INFO - Setting next_dagrun for example_skip_dag to 2024-11-17 00:00:00+00:00, run_after=2024-11-18 00:00:00+00:00
[2024-11-18T16:40:18.554+0000] {processor.py:208} INFO - Processing /home/airflow/.local/lib/python3.12/site-packages/airflow/example_dags/example_skip_dag.py took 0.101 seconds
[2024-11-18T16:40:49.558+0000] {processor.py:186} INFO - Started process (PID=303) to work on /home/airflow/.local/lib/python3.12/site-packages/airflow/example_dags/example_skip_dag.py
[2024-11-18T16:40:49.559+0000] {processor.py:914} INFO - Processing file /home/airflow/.local/lib/python3.12/site-packages/airflow/example_dags/example_skip_dag.py for tasks to queue
[2024-11-18T16:40:49.563+0000] {logging_mixin.py:190} INFO - [2024-11-18T16:40:49.562+0000] {dagbag.py:588} INFO - Filling up the DagBag from /home/airflow/.local/lib/python3.12/site-packages/airflow/example_dags/example_skip_dag.py
[2024-11-18T16:40:49.573+0000] {processor.py:925} INFO - DAG(s) 'example_skip_dag' retrieved from /home/airflow/.local/lib/python3.12/site-packages/airflow/example_dags/example_skip_dag.py
[2024-11-18T16:40:49.601+0000] {logging_mixin.py:190} INFO - [2024-11-18T16:40:49.600+0000] {dag.py:3239} INFO - Sync 1 DAGs
[2024-11-18T16:40:49.633+0000] {logging_mixin.py:190} INFO - [2024-11-18T16:40:49.632+0000] {dag.py:4180} INFO - Setting next_dagrun for example_skip_dag to 2024-11-17 00:00:00+00:00, run_after=2024-11-18 00:00:00+00:00
[2024-11-18T16:40:49.657+0000] {processor.py:208} INFO - Processing /home/airflow/.local/lib/python3.12/site-packages/airflow/example_dags/example_skip_dag.py took 0.106 seconds
[2024-11-18T16:41:19.796+0000] {processor.py:186} INFO - Started process (PID=365) to work on /home/airflow/.local/lib/python3.12/site-packages/airflow/example_dags/example_skip_dag.py
[2024-11-18T16:41:19.797+0000] {processor.py:914} INFO - Processing file /home/airflow/.local/lib/python3.12/site-packages/airflow/example_dags/example_skip_dag.py for tasks to queue
[2024-11-18T16:41:19.800+0000] {logging_mixin.py:190} INFO - [2024-11-18T16:41:19.800+0000] {dagbag.py:588} INFO - Filling up the DagBag from /home/airflow/.local/lib/python3.12/site-packages/airflow/example_dags/example_skip_dag.py
[2024-11-18T16:41:19.810+0000] {processor.py:925} INFO - DAG(s) 'example_skip_dag' retrieved from /home/airflow/.local/lib/python3.12/site-packages/airflow/example_dags/example_skip_dag.py
[2024-11-18T16:41:19.839+0000] {logging_mixin.py:190} INFO - [2024-11-18T16:41:19.839+0000] {dag.py:3239} INFO - Sync 1 DAGs
[2024-11-18T16:41:19.866+0000] {logging_mixin.py:190} INFO - [2024-11-18T16:41:19.865+0000] {dag.py:4180} INFO - Setting next_dagrun for example_skip_dag to 2024-11-17 00:00:00+00:00, run_after=2024-11-18 00:00:00+00:00
[2024-11-18T16:41:19.889+0000] {processor.py:208} INFO - Processing /home/airflow/.local/lib/python3.12/site-packages/airflow/example_dags/example_skip_dag.py took 0.101 seconds
[2024-11-18T16:41:51.165+0000] {processor.py:186} INFO - Started process (PID=429) to work on /home/airflow/.local/lib/python3.12/site-packages/airflow/example_dags/example_skip_dag.py
[2024-11-18T16:41:51.167+0000] {processor.py:914} INFO - Processing file /home/airflow/.local/lib/python3.12/site-packages/airflow/example_dags/example_skip_dag.py for tasks to queue
[2024-11-18T16:41:51.170+0000] {logging_mixin.py:190} INFO - [2024-11-18T16:41:51.169+0000] {dagbag.py:588} INFO - Filling up the DagBag from /home/airflow/.local/lib/python3.12/site-packages/airflow/example_dags/example_skip_dag.py
[2024-11-18T16:41:51.179+0000] {processor.py:925} INFO - DAG(s) 'example_skip_dag' retrieved from /home/airflow/.local/lib/python3.12/site-packages/airflow/example_dags/example_skip_dag.py
[2024-11-18T16:41:51.206+0000] {logging_mixin.py:190} INFO - [2024-11-18T16:41:51.206+0000] {dag.py:3239} INFO - Sync 1 DAGs
[2024-11-18T16:41:51.231+0000] {logging_mixin.py:190} INFO - [2024-11-18T16:41:51.231+0000] {dag.py:4180} INFO - Setting next_dagrun for example_skip_dag to 2024-11-17 00:00:00+00:00, run_after=2024-11-18 00:00:00+00:00
[2024-11-18T16:41:51.251+0000] {processor.py:208} INFO - Processing /home/airflow/.local/lib/python3.12/site-packages/airflow/example_dags/example_skip_dag.py took 0.094 seconds
[2024-11-18T16:42:21.578+0000] {processor.py:186} INFO - Started process (PID=491) to work on /home/airflow/.local/lib/python3.12/site-packages/airflow/example_dags/example_skip_dag.py
[2024-11-18T16:42:21.579+0000] {processor.py:914} INFO - Processing file /home/airflow/.local/lib/python3.12/site-packages/airflow/example_dags/example_skip_dag.py for tasks to queue
[2024-11-18T16:42:21.582+0000] {logging_mixin.py:190} INFO - [2024-11-18T16:42:21.582+0000] {dagbag.py:588} INFO - Filling up the DagBag from /home/airflow/.local/lib/python3.12/site-packages/airflow/example_dags/example_skip_dag.py
[2024-11-18T16:42:21.593+0000] {processor.py:925} INFO - DAG(s) 'example_skip_dag' retrieved from /home/airflow/.local/lib/python3.12/site-packages/airflow/example_dags/example_skip_dag.py
[2024-11-18T16:42:21.619+0000] {logging_mixin.py:190} INFO - [2024-11-18T16:42:21.619+0000] {dag.py:3239} INFO - Sync 1 DAGs
[2024-11-18T16:42:21.646+0000] {logging_mixin.py:190} INFO - [2024-11-18T16:42:21.646+0000] {dag.py:4180} INFO - Setting next_dagrun for example_skip_dag to 2024-11-17 00:00:00+00:00, run_after=2024-11-18 00:00:00+00:00
[2024-11-18T16:42:21.666+0000] {processor.py:208} INFO - Processing /home/airflow/.local/lib/python3.12/site-packages/airflow/example_dags/example_skip_dag.py took 0.095 seconds
[2024-11-18T16:42:52.094+0000] {processor.py:186} INFO - Started process (PID=554) to work on /home/airflow/.local/lib/python3.12/site-packages/airflow/example_dags/example_skip_dag.py
[2024-11-18T16:42:52.095+0000] {processor.py:914} INFO - Processing file /home/airflow/.local/lib/python3.12/site-packages/airflow/example_dags/example_skip_dag.py for tasks to queue
[2024-11-18T16:42:52.098+0000] {logging_mixin.py:190} INFO - [2024-11-18T16:42:52.097+0000] {dagbag.py:588} INFO - Filling up the DagBag from /home/airflow/.local/lib/python3.12/site-packages/airflow/example_dags/example_skip_dag.py
[2024-11-18T16:42:52.109+0000] {processor.py:925} INFO - DAG(s) 'example_skip_dag' retrieved from /home/airflow/.local/lib/python3.12/site-packages/airflow/example_dags/example_skip_dag.py
[2024-11-18T16:42:52.134+0000] {logging_mixin.py:190} INFO - [2024-11-18T16:42:52.133+0000] {dag.py:3239} INFO - Sync 1 DAGs
[2024-11-18T16:42:52.159+0000] {logging_mixin.py:190} INFO - [2024-11-18T16:42:52.159+0000] {dag.py:4180} INFO - Setting next_dagrun for example_skip_dag to 2024-11-17 00:00:00+00:00, run_after=2024-11-18 00:00:00+00:00
[2024-11-18T16:42:52.179+0000] {processor.py:208} INFO - Processing /home/airflow/.local/lib/python3.12/site-packages/airflow/example_dags/example_skip_dag.py took 0.092 seconds
[2024-11-18T16:43:22.725+0000] {processor.py:186} INFO - Started process (PID=617) to work on /home/airflow/.local/lib/python3.12/site-packages/airflow/example_dags/example_skip_dag.py
[2024-11-18T16:43:22.727+0000] {processor.py:914} INFO - Processing file /home/airflow/.local/lib/python3.12/site-packages/airflow/example_dags/example_skip_dag.py for tasks to queue
[2024-11-18T16:43:22.730+0000] {logging_mixin.py:190} INFO - [2024-11-18T16:43:22.730+0000] {dagbag.py:588} INFO - Filling up the DagBag from /home/airflow/.local/lib/python3.12/site-packages/airflow/example_dags/example_skip_dag.py
[2024-11-18T16:43:22.745+0000] {processor.py:925} INFO - DAG(s) 'example_skip_dag' retrieved from /home/airflow/.local/lib/python3.12/site-packages/airflow/example_dags/example_skip_dag.py
[2024-11-18T16:43:22.782+0000] {logging_mixin.py:190} INFO - [2024-11-18T16:43:22.781+0000] {dag.py:3239} INFO - Sync 1 DAGs
[2024-11-18T16:43:22.825+0000] {logging_mixin.py:190} INFO - [2024-11-18T16:43:22.824+0000] {dag.py:4180} INFO - Setting next_dagrun for example_skip_dag to 2024-11-17 00:00:00+00:00, run_after=2024-11-18 00:00:00+00:00
[2024-11-18T16:43:22.855+0000] {processor.py:208} INFO - Processing /home/airflow/.local/lib/python3.12/site-packages/airflow/example_dags/example_skip_dag.py took 0.138 seconds
[2024-11-18T16:43:53.642+0000] {processor.py:186} INFO - Started process (PID=680) to work on /home/airflow/.local/lib/python3.12/site-packages/airflow/example_dags/example_skip_dag.py
[2024-11-18T16:43:53.644+0000] {processor.py:914} INFO - Processing file /home/airflow/.local/lib/python3.12/site-packages/airflow/example_dags/example_skip_dag.py for tasks to queue
[2024-11-18T16:43:53.648+0000] {logging_mixin.py:190} INFO - [2024-11-18T16:43:53.646+0000] {dagbag.py:588} INFO - Filling up the DagBag from /home/airflow/.local/lib/python3.12/site-packages/airflow/example_dags/example_skip_dag.py
[2024-11-18T16:43:53.666+0000] {processor.py:925} INFO - DAG(s) 'example_skip_dag' retrieved from /home/airflow/.local/lib/python3.12/site-packages/airflow/example_dags/example_skip_dag.py
[2024-11-18T16:43:53.698+0000] {logging_mixin.py:190} INFO - [2024-11-18T16:43:53.698+0000] {dag.py:3239} INFO - Sync 1 DAGs
[2024-11-18T16:43:53.728+0000] {logging_mixin.py:190} INFO - [2024-11-18T16:43:53.728+0000] {dag.py:4180} INFO - Setting next_dagrun for example_skip_dag to 2024-11-17 00:00:00+00:00, run_after=2024-11-18 00:00:00+00:00
[2024-11-18T16:43:53.752+0000] {processor.py:208} INFO - Processing /home/airflow/.local/lib/python3.12/site-packages/airflow/example_dags/example_skip_dag.py took 0.118 seconds
[2024-11-18T16:44:23.812+0000] {processor.py:186} INFO - Started process (PID=742) to work on /home/airflow/.local/lib/python3.12/site-packages/airflow/example_dags/example_skip_dag.py
[2024-11-18T16:44:23.813+0000] {processor.py:914} INFO - Processing file /home/airflow/.local/lib/python3.12/site-packages/airflow/example_dags/example_skip_dag.py for tasks to queue
[2024-11-18T16:44:23.816+0000] {logging_mixin.py:190} INFO - [2024-11-18T16:44:23.816+0000] {dagbag.py:588} INFO - Filling up the DagBag from /home/airflow/.local/lib/python3.12/site-packages/airflow/example_dags/example_skip_dag.py
[2024-11-18T16:44:23.828+0000] {processor.py:925} INFO - DAG(s) 'example_skip_dag' retrieved from /home/airflow/.local/lib/python3.12/site-packages/airflow/example_dags/example_skip_dag.py
[2024-11-18T16:44:23.856+0000] {logging_mixin.py:190} INFO - [2024-11-18T16:44:23.856+0000] {dag.py:3239} INFO - Sync 1 DAGs
[2024-11-18T16:44:23.890+0000] {logging_mixin.py:190} INFO - [2024-11-18T16:44:23.890+0000] {dag.py:4180} INFO - Setting next_dagrun for example_skip_dag to 2024-11-17 00:00:00+00:00, run_after=2024-11-18 00:00:00+00:00
[2024-11-18T16:44:23.916+0000] {processor.py:208} INFO - Processing /home/airflow/.local/lib/python3.12/site-packages/airflow/example_dags/example_skip_dag.py took 0.113 seconds
[2024-11-18T16:44:54.136+0000] {processor.py:186} INFO - Started process (PID=804) to work on /home/airflow/.local/lib/python3.12/site-packages/airflow/example_dags/example_skip_dag.py
[2024-11-18T16:44:54.137+0000] {processor.py:914} INFO - Processing file /home/airflow/.local/lib/python3.12/site-packages/airflow/example_dags/example_skip_dag.py for tasks to queue
[2024-11-18T16:44:54.140+0000] {logging_mixin.py:190} INFO - [2024-11-18T16:44:54.140+0000] {dagbag.py:588} INFO - Filling up the DagBag from /home/airflow/.local/lib/python3.12/site-packages/airflow/example_dags/example_skip_dag.py
[2024-11-18T16:44:54.150+0000] {processor.py:925} INFO - DAG(s) 'example_skip_dag' retrieved from /home/airflow/.local/lib/python3.12/site-packages/airflow/example_dags/example_skip_dag.py
[2024-11-18T16:44:54.182+0000] {logging_mixin.py:190} INFO - [2024-11-18T16:44:54.182+0000] {dag.py:3239} INFO - Sync 1 DAGs
[2024-11-18T16:44:54.214+0000] {logging_mixin.py:190} INFO - [2024-11-18T16:44:54.214+0000] {dag.py:4180} INFO - Setting next_dagrun for example_skip_dag to 2024-11-17 00:00:00+00:00, run_after=2024-11-18 00:00:00+00:00
[2024-11-18T16:44:54.242+0000] {processor.py:208} INFO - Processing /home/airflow/.local/lib/python3.12/site-packages/airflow/example_dags/example_skip_dag.py took 0.113 seconds
[2024-11-18T16:45:24.748+0000] {processor.py:186} INFO - Started process (PID=867) to work on /home/airflow/.local/lib/python3.12/site-packages/airflow/example_dags/example_skip_dag.py
[2024-11-18T16:45:24.751+0000] {processor.py:914} INFO - Processing file /home/airflow/.local/lib/python3.12/site-packages/airflow/example_dags/example_skip_dag.py for tasks to queue
[2024-11-18T16:45:24.754+0000] {logging_mixin.py:190} INFO - [2024-11-18T16:45:24.753+0000] {dagbag.py:588} INFO - Filling up the DagBag from /home/airflow/.local/lib/python3.12/site-packages/airflow/example_dags/example_skip_dag.py
[2024-11-18T16:45:24.765+0000] {processor.py:925} INFO - DAG(s) 'example_skip_dag' retrieved from /home/airflow/.local/lib/python3.12/site-packages/airflow/example_dags/example_skip_dag.py
[2024-11-18T16:45:24.799+0000] {logging_mixin.py:190} INFO - [2024-11-18T16:45:24.799+0000] {dag.py:3239} INFO - Sync 1 DAGs
[2024-11-18T16:45:24.837+0000] {logging_mixin.py:190} INFO - [2024-11-18T16:45:24.836+0000] {dag.py:4180} INFO - Setting next_dagrun for example_skip_dag to 2024-11-17 00:00:00+00:00, run_after=2024-11-18 00:00:00+00:00
[2024-11-18T16:45:24.865+0000] {processor.py:208} INFO - Processing /home/airflow/.local/lib/python3.12/site-packages/airflow/example_dags/example_skip_dag.py took 0.127 seconds
[2024-11-18T16:45:55.323+0000] {processor.py:186} INFO - Started process (PID=929) to work on /home/airflow/.local/lib/python3.12/site-packages/airflow/example_dags/example_skip_dag.py
[2024-11-18T16:45:55.324+0000] {processor.py:914} INFO - Processing file /home/airflow/.local/lib/python3.12/site-packages/airflow/example_dags/example_skip_dag.py for tasks to queue
[2024-11-18T16:45:55.327+0000] {logging_mixin.py:190} INFO - [2024-11-18T16:45:55.327+0000] {dagbag.py:588} INFO - Filling up the DagBag from /home/airflow/.local/lib/python3.12/site-packages/airflow/example_dags/example_skip_dag.py
[2024-11-18T16:45:55.337+0000] {processor.py:925} INFO - DAG(s) 'example_skip_dag' retrieved from /home/airflow/.local/lib/python3.12/site-packages/airflow/example_dags/example_skip_dag.py
[2024-11-18T16:45:55.365+0000] {logging_mixin.py:190} INFO - [2024-11-18T16:45:55.364+0000] {dag.py:3239} INFO - Sync 1 DAGs
[2024-11-18T16:45:55.395+0000] {logging_mixin.py:190} INFO - [2024-11-18T16:45:55.395+0000] {dag.py:4180} INFO - Setting next_dagrun for example_skip_dag to 2024-11-17 00:00:00+00:00, run_after=2024-11-18 00:00:00+00:00
[2024-11-18T16:45:55.458+0000] {processor.py:208} INFO - Processing /home/airflow/.local/lib/python3.12/site-packages/airflow/example_dags/example_skip_dag.py took 0.145 seconds
[2024-11-18T16:46:26.303+0000] {processor.py:186} INFO - Started process (PID=992) to work on /home/airflow/.local/lib/python3.12/site-packages/airflow/example_dags/example_skip_dag.py
[2024-11-18T16:46:26.304+0000] {processor.py:914} INFO - Processing file /home/airflow/.local/lib/python3.12/site-packages/airflow/example_dags/example_skip_dag.py for tasks to queue
[2024-11-18T16:46:26.308+0000] {logging_mixin.py:190} INFO - [2024-11-18T16:46:26.308+0000] {dagbag.py:588} INFO - Filling up the DagBag from /home/airflow/.local/lib/python3.12/site-packages/airflow/example_dags/example_skip_dag.py
[2024-11-18T16:46:26.319+0000] {processor.py:925} INFO - DAG(s) 'example_skip_dag' retrieved from /home/airflow/.local/lib/python3.12/site-packages/airflow/example_dags/example_skip_dag.py
[2024-11-18T16:46:26.351+0000] {logging_mixin.py:190} INFO - [2024-11-18T16:46:26.350+0000] {dag.py:3239} INFO - Sync 1 DAGs
[2024-11-18T16:46:26.394+0000] {logging_mixin.py:190} INFO - [2024-11-18T16:46:26.393+0000] {dag.py:4180} INFO - Setting next_dagrun for example_skip_dag to 2024-11-17 00:00:00+00:00, run_after=2024-11-18 00:00:00+00:00
[2024-11-18T16:46:26.429+0000] {processor.py:208} INFO - Processing /home/airflow/.local/lib/python3.12/site-packages/airflow/example_dags/example_skip_dag.py took 0.134 seconds
[2024-11-18T16:46:56.484+0000] {processor.py:186} INFO - Started process (PID=1055) to work on /home/airflow/.local/lib/python3.12/site-packages/airflow/example_dags/example_skip_dag.py
[2024-11-18T16:46:56.487+0000] {processor.py:914} INFO - Processing file /home/airflow/.local/lib/python3.12/site-packages/airflow/example_dags/example_skip_dag.py for tasks to queue
[2024-11-18T16:46:56.493+0000] {logging_mixin.py:190} INFO - [2024-11-18T16:46:56.492+0000] {dagbag.py:588} INFO - Filling up the DagBag from /home/airflow/.local/lib/python3.12/site-packages/airflow/example_dags/example_skip_dag.py
[2024-11-18T16:46:56.512+0000] {processor.py:925} INFO - DAG(s) 'example_skip_dag' retrieved from /home/airflow/.local/lib/python3.12/site-packages/airflow/example_dags/example_skip_dag.py
[2024-11-18T16:46:56.544+0000] {logging_mixin.py:190} INFO - [2024-11-18T16:46:56.543+0000] {dag.py:3239} INFO - Sync 1 DAGs
[2024-11-18T16:46:56.570+0000] {logging_mixin.py:190} INFO - [2024-11-18T16:46:56.570+0000] {dag.py:4180} INFO - Setting next_dagrun for example_skip_dag to 2024-11-17 00:00:00+00:00, run_after=2024-11-18 00:00:00+00:00
[2024-11-18T16:46:56.596+0000] {processor.py:208} INFO - Processing /home/airflow/.local/lib/python3.12/site-packages/airflow/example_dags/example_skip_dag.py took 0.125 seconds
[2024-11-18T16:47:26.827+0000] {processor.py:186} INFO - Started process (PID=1118) to work on /home/airflow/.local/lib/python3.12/site-packages/airflow/example_dags/example_skip_dag.py
[2024-11-18T16:47:26.829+0000] {processor.py:914} INFO - Processing file /home/airflow/.local/lib/python3.12/site-packages/airflow/example_dags/example_skip_dag.py for tasks to queue
[2024-11-18T16:47:26.832+0000] {logging_mixin.py:190} INFO - [2024-11-18T16:47:26.831+0000] {dagbag.py:588} INFO - Filling up the DagBag from /home/airflow/.local/lib/python3.12/site-packages/airflow/example_dags/example_skip_dag.py
[2024-11-18T16:47:26.845+0000] {processor.py:925} INFO - DAG(s) 'example_skip_dag' retrieved from /home/airflow/.local/lib/python3.12/site-packages/airflow/example_dags/example_skip_dag.py
[2024-11-18T16:47:26.880+0000] {logging_mixin.py:190} INFO - [2024-11-18T16:47:26.880+0000] {dag.py:3239} INFO - Sync 1 DAGs
[2024-11-18T16:47:26.916+0000] {logging_mixin.py:190} INFO - [2024-11-18T16:47:26.915+0000] {dag.py:4180} INFO - Setting next_dagrun for example_skip_dag to 2024-11-17 00:00:00+00:00, run_after=2024-11-18 00:00:00+00:00
[2024-11-18T16:47:26.951+0000] {processor.py:208} INFO - Processing /home/airflow/.local/lib/python3.12/site-packages/airflow/example_dags/example_skip_dag.py took 0.134 seconds
[2024-11-18T16:47:57.129+0000] {processor.py:186} INFO - Started process (PID=1181) to work on /home/airflow/.local/lib/python3.12/site-packages/airflow/example_dags/example_skip_dag.py
[2024-11-18T16:47:57.130+0000] {processor.py:914} INFO - Processing file /home/airflow/.local/lib/python3.12/site-packages/airflow/example_dags/example_skip_dag.py for tasks to queue
[2024-11-18T16:47:57.133+0000] {logging_mixin.py:190} INFO - [2024-11-18T16:47:57.132+0000] {dagbag.py:588} INFO - Filling up the DagBag from /home/airflow/.local/lib/python3.12/site-packages/airflow/example_dags/example_skip_dag.py
[2024-11-18T16:47:57.143+0000] {processor.py:925} INFO - DAG(s) 'example_skip_dag' retrieved from /home/airflow/.local/lib/python3.12/site-packages/airflow/example_dags/example_skip_dag.py
[2024-11-18T16:47:57.175+0000] {logging_mixin.py:190} INFO - [2024-11-18T16:47:57.175+0000] {dag.py:3239} INFO - Sync 1 DAGs
[2024-11-18T16:47:57.202+0000] {logging_mixin.py:190} INFO - [2024-11-18T16:47:57.202+0000] {dag.py:4180} INFO - Setting next_dagrun for example_skip_dag to 2024-11-17 00:00:00+00:00, run_after=2024-11-18 00:00:00+00:00
[2024-11-18T16:47:57.227+0000] {processor.py:208} INFO - Processing /home/airflow/.local/lib/python3.12/site-packages/airflow/example_dags/example_skip_dag.py took 0.110 seconds
[2024-11-18T16:48:27.697+0000] {processor.py:186} INFO - Started process (PID=1244) to work on /home/airflow/.local/lib/python3.12/site-packages/airflow/example_dags/example_skip_dag.py
[2024-11-18T16:48:27.698+0000] {processor.py:914} INFO - Processing file /home/airflow/.local/lib/python3.12/site-packages/airflow/example_dags/example_skip_dag.py for tasks to queue
[2024-11-18T16:48:27.701+0000] {logging_mixin.py:190} INFO - [2024-11-18T16:48:27.700+0000] {dagbag.py:588} INFO - Filling up the DagBag from /home/airflow/.local/lib/python3.12/site-packages/airflow/example_dags/example_skip_dag.py
[2024-11-18T16:48:27.711+0000] {processor.py:925} INFO - DAG(s) 'example_skip_dag' retrieved from /home/airflow/.local/lib/python3.12/site-packages/airflow/example_dags/example_skip_dag.py
[2024-11-18T16:48:27.739+0000] {logging_mixin.py:190} INFO - [2024-11-18T16:48:27.739+0000] {dag.py:3239} INFO - Sync 1 DAGs
[2024-11-18T16:48:27.770+0000] {logging_mixin.py:190} INFO - [2024-11-18T16:48:27.769+0000] {dag.py:4180} INFO - Setting next_dagrun for example_skip_dag to 2024-11-17 00:00:00+00:00, run_after=2024-11-18 00:00:00+00:00
[2024-11-18T16:48:27.801+0000] {processor.py:208} INFO - Processing /home/airflow/.local/lib/python3.12/site-packages/airflow/example_dags/example_skip_dag.py took 0.112 seconds
[2024-11-18T16:48:57.912+0000] {processor.py:186} INFO - Started process (PID=1307) to work on /home/airflow/.local/lib/python3.12/site-packages/airflow/example_dags/example_skip_dag.py
[2024-11-18T16:48:57.913+0000] {processor.py:914} INFO - Processing file /home/airflow/.local/lib/python3.12/site-packages/airflow/example_dags/example_skip_dag.py for tasks to queue
[2024-11-18T16:48:57.916+0000] {logging_mixin.py:190} INFO - [2024-11-18T16:48:57.916+0000] {dagbag.py:588} INFO - Filling up the DagBag from /home/airflow/.local/lib/python3.12/site-packages/airflow/example_dags/example_skip_dag.py
[2024-11-18T16:48:57.926+0000] {processor.py:925} INFO - DAG(s) 'example_skip_dag' retrieved from /home/airflow/.local/lib/python3.12/site-packages/airflow/example_dags/example_skip_dag.py
[2024-11-18T16:48:57.955+0000] {logging_mixin.py:190} INFO - [2024-11-18T16:48:57.955+0000] {dag.py:3239} INFO - Sync 1 DAGs
[2024-11-18T16:48:57.983+0000] {logging_mixin.py:190} INFO - [2024-11-18T16:48:57.983+0000] {dag.py:4180} INFO - Setting next_dagrun for example_skip_dag to 2024-11-17 00:00:00+00:00, run_after=2024-11-18 00:00:00+00:00
[2024-11-18T16:48:58.005+0000] {processor.py:208} INFO - Processing /home/airflow/.local/lib/python3.12/site-packages/airflow/example_dags/example_skip_dag.py took 0.104 seconds
[2024-11-18T16:49:28.674+0000] {processor.py:186} INFO - Started process (PID=1370) to work on /home/airflow/.local/lib/python3.12/site-packages/airflow/example_dags/example_skip_dag.py
[2024-11-18T16:49:28.676+0000] {processor.py:914} INFO - Processing file /home/airflow/.local/lib/python3.12/site-packages/airflow/example_dags/example_skip_dag.py for tasks to queue
[2024-11-18T16:49:28.683+0000] {logging_mixin.py:190} INFO - [2024-11-18T16:49:28.682+0000] {dagbag.py:588} INFO - Filling up the DagBag from /home/airflow/.local/lib/python3.12/site-packages/airflow/example_dags/example_skip_dag.py
[2024-11-18T16:49:28.695+0000] {processor.py:925} INFO - DAG(s) 'example_skip_dag' retrieved from /home/airflow/.local/lib/python3.12/site-packages/airflow/example_dags/example_skip_dag.py
[2024-11-18T16:49:28.724+0000] {logging_mixin.py:190} INFO - [2024-11-18T16:49:28.724+0000] {dag.py:3239} INFO - Sync 1 DAGs
[2024-11-18T16:49:28.759+0000] {logging_mixin.py:190} INFO - [2024-11-18T16:49:28.758+0000] {dag.py:4180} INFO - Setting next_dagrun for example_skip_dag to 2024-11-17 00:00:00+00:00, run_after=2024-11-18 00:00:00+00:00
[2024-11-18T16:49:28.791+0000] {processor.py:208} INFO - Processing /home/airflow/.local/lib/python3.12/site-packages/airflow/example_dags/example_skip_dag.py took 0.126 seconds
[2024-11-18T16:49:58.945+0000] {processor.py:186} INFO - Started process (PID=1433) to work on /home/airflow/.local/lib/python3.12/site-packages/airflow/example_dags/example_skip_dag.py
[2024-11-18T16:49:58.949+0000] {processor.py:914} INFO - Processing file /home/airflow/.local/lib/python3.12/site-packages/airflow/example_dags/example_skip_dag.py for tasks to queue
[2024-11-18T16:49:58.952+0000] {logging_mixin.py:190} INFO - [2024-11-18T16:49:58.951+0000] {dagbag.py:588} INFO - Filling up the DagBag from /home/airflow/.local/lib/python3.12/site-packages/airflow/example_dags/example_skip_dag.py
[2024-11-18T16:49:58.961+0000] {processor.py:925} INFO - DAG(s) 'example_skip_dag' retrieved from /home/airflow/.local/lib/python3.12/site-packages/airflow/example_dags/example_skip_dag.py
[2024-11-18T16:49:58.986+0000] {logging_mixin.py:190} INFO - [2024-11-18T16:49:58.985+0000] {dag.py:3239} INFO - Sync 1 DAGs
[2024-11-18T16:49:59.012+0000] {logging_mixin.py:190} INFO - [2024-11-18T16:49:59.012+0000] {dag.py:4180} INFO - Setting next_dagrun for example_skip_dag to 2024-11-17 00:00:00+00:00, run_after=2024-11-18 00:00:00+00:00
[2024-11-18T16:49:59.033+0000] {processor.py:208} INFO - Processing /home/airflow/.local/lib/python3.12/site-packages/airflow/example_dags/example_skip_dag.py took 0.096 seconds
[2024-11-18T16:50:29.089+0000] {processor.py:186} INFO - Started process (PID=1496) to work on /home/airflow/.local/lib/python3.12/site-packages/airflow/example_dags/example_skip_dag.py
[2024-11-18T16:50:29.090+0000] {processor.py:914} INFO - Processing file /home/airflow/.local/lib/python3.12/site-packages/airflow/example_dags/example_skip_dag.py for tasks to queue
[2024-11-18T16:50:29.094+0000] {logging_mixin.py:190} INFO - [2024-11-18T16:50:29.093+0000] {dagbag.py:588} INFO - Filling up the DagBag from /home/airflow/.local/lib/python3.12/site-packages/airflow/example_dags/example_skip_dag.py
[2024-11-18T16:50:29.104+0000] {processor.py:925} INFO - DAG(s) 'example_skip_dag' retrieved from /home/airflow/.local/lib/python3.12/site-packages/airflow/example_dags/example_skip_dag.py
[2024-11-18T16:50:29.131+0000] {logging_mixin.py:190} INFO - [2024-11-18T16:50:29.131+0000] {dag.py:3239} INFO - Sync 1 DAGs
[2024-11-18T16:50:29.159+0000] {logging_mixin.py:190} INFO - [2024-11-18T16:50:29.158+0000] {dag.py:4180} INFO - Setting next_dagrun for example_skip_dag to 2024-11-17 00:00:00+00:00, run_after=2024-11-18 00:00:00+00:00
[2024-11-18T16:50:29.181+0000] {processor.py:208} INFO - Processing /home/airflow/.local/lib/python3.12/site-packages/airflow/example_dags/example_skip_dag.py took 0.101 seconds
[2024-11-18T16:50:59.978+0000] {processor.py:186} INFO - Started process (PID=1559) to work on /home/airflow/.local/lib/python3.12/site-packages/airflow/example_dags/example_skip_dag.py
[2024-11-18T16:50:59.979+0000] {processor.py:914} INFO - Processing file /home/airflow/.local/lib/python3.12/site-packages/airflow/example_dags/example_skip_dag.py for tasks to queue
[2024-11-18T16:50:59.983+0000] {logging_mixin.py:190} INFO - [2024-11-18T16:50:59.982+0000] {dagbag.py:588} INFO - Filling up the DagBag from /home/airflow/.local/lib/python3.12/site-packages/airflow/example_dags/example_skip_dag.py
[2024-11-18T16:51:00.006+0000] {processor.py:925} INFO - DAG(s) 'example_skip_dag' retrieved from /home/airflow/.local/lib/python3.12/site-packages/airflow/example_dags/example_skip_dag.py
[2024-11-18T16:51:00.051+0000] {logging_mixin.py:190} INFO - [2024-11-18T16:51:00.050+0000] {dag.py:3239} INFO - Sync 1 DAGs
[2024-11-18T16:51:00.090+0000] {logging_mixin.py:190} INFO - [2024-11-18T16:51:00.089+0000] {dag.py:4180} INFO - Setting next_dagrun for example_skip_dag to 2024-11-17 00:00:00+00:00, run_after=2024-11-18 00:00:00+00:00
[2024-11-18T16:51:00.118+0000] {processor.py:208} INFO - Processing /home/airflow/.local/lib/python3.12/site-packages/airflow/example_dags/example_skip_dag.py took 0.150 seconds
[2024-11-18T16:51:30.873+0000] {processor.py:186} INFO - Started process (PID=1622) to work on /home/airflow/.local/lib/python3.12/site-packages/airflow/example_dags/example_skip_dag.py
[2024-11-18T16:51:30.873+0000] {processor.py:914} INFO - Processing file /home/airflow/.local/lib/python3.12/site-packages/airflow/example_dags/example_skip_dag.py for tasks to queue
[2024-11-18T16:51:30.877+0000] {logging_mixin.py:190} INFO - [2024-11-18T16:51:30.876+0000] {dagbag.py:588} INFO - Filling up the DagBag from /home/airflow/.local/lib/python3.12/site-packages/airflow/example_dags/example_skip_dag.py
[2024-11-18T16:51:30.888+0000] {processor.py:925} INFO - DAG(s) 'example_skip_dag' retrieved from /home/airflow/.local/lib/python3.12/site-packages/airflow/example_dags/example_skip_dag.py
[2024-11-18T16:51:30.913+0000] {logging_mixin.py:190} INFO - [2024-11-18T16:51:30.913+0000] {dag.py:3239} INFO - Sync 1 DAGs
[2024-11-18T16:51:30.942+0000] {logging_mixin.py:190} INFO - [2024-11-18T16:51:30.942+0000] {dag.py:4180} INFO - Setting next_dagrun for example_skip_dag to 2024-11-17 00:00:00+00:00, run_after=2024-11-18 00:00:00+00:00
[2024-11-18T16:51:30.968+0000] {processor.py:208} INFO - Processing /home/airflow/.local/lib/python3.12/site-packages/airflow/example_dags/example_skip_dag.py took 0.104 seconds
[2024-11-18T16:52:01.124+0000] {processor.py:186} INFO - Started process (PID=1684) to work on /home/airflow/.local/lib/python3.12/site-packages/airflow/example_dags/example_skip_dag.py
[2024-11-18T16:52:01.125+0000] {processor.py:914} INFO - Processing file /home/airflow/.local/lib/python3.12/site-packages/airflow/example_dags/example_skip_dag.py for tasks to queue
[2024-11-18T16:52:01.129+0000] {logging_mixin.py:190} INFO - [2024-11-18T16:52:01.128+0000] {dagbag.py:588} INFO - Filling up the DagBag from /home/airflow/.local/lib/python3.12/site-packages/airflow/example_dags/example_skip_dag.py
[2024-11-18T16:52:01.139+0000] {processor.py:925} INFO - DAG(s) 'example_skip_dag' retrieved from /home/airflow/.local/lib/python3.12/site-packages/airflow/example_dags/example_skip_dag.py
[2024-11-18T16:52:01.166+0000] {logging_mixin.py:190} INFO - [2024-11-18T16:52:01.166+0000] {dag.py:3239} INFO - Sync 1 DAGs
[2024-11-18T16:52:01.198+0000] {logging_mixin.py:190} INFO - [2024-11-18T16:52:01.198+0000] {dag.py:4180} INFO - Setting next_dagrun for example_skip_dag to 2024-11-17 00:00:00+00:00, run_after=2024-11-18 00:00:00+00:00
[2024-11-18T16:52:01.219+0000] {processor.py:208} INFO - Processing /home/airflow/.local/lib/python3.12/site-packages/airflow/example_dags/example_skip_dag.py took 0.104 seconds
[2024-11-18T16:52:31.435+0000] {processor.py:186} INFO - Started process (PID=1747) to work on /home/airflow/.local/lib/python3.12/site-packages/airflow/example_dags/example_skip_dag.py
[2024-11-18T16:52:31.436+0000] {processor.py:914} INFO - Processing file /home/airflow/.local/lib/python3.12/site-packages/airflow/example_dags/example_skip_dag.py for tasks to queue
[2024-11-18T16:52:31.439+0000] {logging_mixin.py:190} INFO - [2024-11-18T16:52:31.439+0000] {dagbag.py:588} INFO - Filling up the DagBag from /home/airflow/.local/lib/python3.12/site-packages/airflow/example_dags/example_skip_dag.py
[2024-11-18T16:52:31.450+0000] {processor.py:925} INFO - DAG(s) 'example_skip_dag' retrieved from /home/airflow/.local/lib/python3.12/site-packages/airflow/example_dags/example_skip_dag.py
[2024-11-18T16:52:31.476+0000] {logging_mixin.py:190} INFO - [2024-11-18T16:52:31.475+0000] {dag.py:3239} INFO - Sync 1 DAGs
[2024-11-18T16:52:31.504+0000] {logging_mixin.py:190} INFO - [2024-11-18T16:52:31.504+0000] {dag.py:4180} INFO - Setting next_dagrun for example_skip_dag to 2024-11-17 00:00:00+00:00, run_after=2024-11-18 00:00:00+00:00
[2024-11-18T16:52:31.526+0000] {processor.py:208} INFO - Processing /home/airflow/.local/lib/python3.12/site-packages/airflow/example_dags/example_skip_dag.py took 0.099 seconds
[2024-11-18T16:53:02.413+0000] {processor.py:186} INFO - Started process (PID=1810) to work on /home/airflow/.local/lib/python3.12/site-packages/airflow/example_dags/example_skip_dag.py
[2024-11-18T16:53:02.414+0000] {processor.py:914} INFO - Processing file /home/airflow/.local/lib/python3.12/site-packages/airflow/example_dags/example_skip_dag.py for tasks to queue
[2024-11-18T16:53:02.417+0000] {logging_mixin.py:190} INFO - [2024-11-18T16:53:02.417+0000] {dagbag.py:588} INFO - Filling up the DagBag from /home/airflow/.local/lib/python3.12/site-packages/airflow/example_dags/example_skip_dag.py
[2024-11-18T16:53:02.427+0000] {processor.py:925} INFO - DAG(s) 'example_skip_dag' retrieved from /home/airflow/.local/lib/python3.12/site-packages/airflow/example_dags/example_skip_dag.py
[2024-11-18T16:53:02.455+0000] {logging_mixin.py:190} INFO - [2024-11-18T16:53:02.455+0000] {dag.py:3239} INFO - Sync 1 DAGs
[2024-11-18T16:53:02.483+0000] {logging_mixin.py:190} INFO - [2024-11-18T16:53:02.483+0000] {dag.py:4180} INFO - Setting next_dagrun for example_skip_dag to 2024-11-17 00:00:00+00:00, run_after=2024-11-18 00:00:00+00:00
[2024-11-18T16:53:02.505+0000] {processor.py:208} INFO - Processing /home/airflow/.local/lib/python3.12/site-packages/airflow/example_dags/example_skip_dag.py took 0.100 seconds
[2024-11-18T16:53:32.605+0000] {processor.py:186} INFO - Started process (PID=1873) to work on /home/airflow/.local/lib/python3.12/site-packages/airflow/example_dags/example_skip_dag.py
[2024-11-18T16:53:32.607+0000] {processor.py:914} INFO - Processing file /home/airflow/.local/lib/python3.12/site-packages/airflow/example_dags/example_skip_dag.py for tasks to queue
[2024-11-18T16:53:32.610+0000] {logging_mixin.py:190} INFO - [2024-11-18T16:53:32.609+0000] {dagbag.py:588} INFO - Filling up the DagBag from /home/airflow/.local/lib/python3.12/site-packages/airflow/example_dags/example_skip_dag.py
[2024-11-18T16:53:32.624+0000] {processor.py:925} INFO - DAG(s) 'example_skip_dag' retrieved from /home/airflow/.local/lib/python3.12/site-packages/airflow/example_dags/example_skip_dag.py
[2024-11-18T16:53:32.660+0000] {logging_mixin.py:190} INFO - [2024-11-18T16:53:32.660+0000] {dag.py:3239} INFO - Sync 1 DAGs
[2024-11-18T16:53:32.696+0000] {logging_mixin.py:190} INFO - [2024-11-18T16:53:32.696+0000] {dag.py:4180} INFO - Setting next_dagrun for example_skip_dag to 2024-11-17 00:00:00+00:00, run_after=2024-11-18 00:00:00+00:00
[2024-11-18T16:53:32.727+0000] {processor.py:208} INFO - Processing /home/airflow/.local/lib/python3.12/site-packages/airflow/example_dags/example_skip_dag.py took 0.130 seconds
[2024-11-18T16:54:02.887+0000] {processor.py:186} INFO - Started process (PID=1936) to work on /home/airflow/.local/lib/python3.12/site-packages/airflow/example_dags/example_skip_dag.py
[2024-11-18T16:54:02.888+0000] {processor.py:914} INFO - Processing file /home/airflow/.local/lib/python3.12/site-packages/airflow/example_dags/example_skip_dag.py for tasks to queue
[2024-11-18T16:54:02.891+0000] {logging_mixin.py:190} INFO - [2024-11-18T16:54:02.891+0000] {dagbag.py:588} INFO - Filling up the DagBag from /home/airflow/.local/lib/python3.12/site-packages/airflow/example_dags/example_skip_dag.py
[2024-11-18T16:54:02.902+0000] {processor.py:925} INFO - DAG(s) 'example_skip_dag' retrieved from /home/airflow/.local/lib/python3.12/site-packages/airflow/example_dags/example_skip_dag.py
[2024-11-18T16:54:02.930+0000] {logging_mixin.py:190} INFO - [2024-11-18T16:54:02.930+0000] {dag.py:3239} INFO - Sync 1 DAGs
[2024-11-18T16:54:02.957+0000] {logging_mixin.py:190} INFO - [2024-11-18T16:54:02.957+0000] {dag.py:4180} INFO - Setting next_dagrun for example_skip_dag to 2024-11-17 00:00:00+00:00, run_after=2024-11-18 00:00:00+00:00
[2024-11-18T16:54:02.977+0000] {processor.py:208} INFO - Processing /home/airflow/.local/lib/python3.12/site-packages/airflow/example_dags/example_skip_dag.py took 0.098 seconds
[2024-11-18T16:54:33.189+0000] {processor.py:186} INFO - Started process (PID=1999) to work on /home/airflow/.local/lib/python3.12/site-packages/airflow/example_dags/example_skip_dag.py
[2024-11-18T16:54:33.191+0000] {processor.py:914} INFO - Processing file /home/airflow/.local/lib/python3.12/site-packages/airflow/example_dags/example_skip_dag.py for tasks to queue
[2024-11-18T16:54:33.193+0000] {logging_mixin.py:190} INFO - [2024-11-18T16:54:33.193+0000] {dagbag.py:588} INFO - Filling up the DagBag from /home/airflow/.local/lib/python3.12/site-packages/airflow/example_dags/example_skip_dag.py
[2024-11-18T16:54:33.204+0000] {processor.py:925} INFO - DAG(s) 'example_skip_dag' retrieved from /home/airflow/.local/lib/python3.12/site-packages/airflow/example_dags/example_skip_dag.py
[2024-11-18T16:54:33.231+0000] {logging_mixin.py:190} INFO - [2024-11-18T16:54:33.231+0000] {dag.py:3239} INFO - Sync 1 DAGs
[2024-11-18T16:54:33.260+0000] {logging_mixin.py:190} INFO - [2024-11-18T16:54:33.259+0000] {dag.py:4180} INFO - Setting next_dagrun for example_skip_dag to 2024-11-17 00:00:00+00:00, run_after=2024-11-18 00:00:00+00:00
[2024-11-18T16:54:33.282+0000] {processor.py:208} INFO - Processing /home/airflow/.local/lib/python3.12/site-packages/airflow/example_dags/example_skip_dag.py took 0.101 seconds
[2024-11-18T16:55:04.137+0000] {processor.py:186} INFO - Started process (PID=2062) to work on /home/airflow/.local/lib/python3.12/site-packages/airflow/example_dags/example_skip_dag.py
[2024-11-18T16:55:04.139+0000] {processor.py:914} INFO - Processing file /home/airflow/.local/lib/python3.12/site-packages/airflow/example_dags/example_skip_dag.py for tasks to queue
[2024-11-18T16:55:04.141+0000] {logging_mixin.py:190} INFO - [2024-11-18T16:55:04.141+0000] {dagbag.py:588} INFO - Filling up the DagBag from /home/airflow/.local/lib/python3.12/site-packages/airflow/example_dags/example_skip_dag.py
[2024-11-18T16:55:04.151+0000] {processor.py:925} INFO - DAG(s) 'example_skip_dag' retrieved from /home/airflow/.local/lib/python3.12/site-packages/airflow/example_dags/example_skip_dag.py
[2024-11-18T16:55:04.175+0000] {logging_mixin.py:190} INFO - [2024-11-18T16:55:04.174+0000] {dag.py:3239} INFO - Sync 1 DAGs
[2024-11-18T16:55:04.202+0000] {logging_mixin.py:190} INFO - [2024-11-18T16:55:04.202+0000] {dag.py:4180} INFO - Setting next_dagrun for example_skip_dag to 2024-11-17 00:00:00+00:00, run_after=2024-11-18 00:00:00+00:00
[2024-11-18T16:55:04.224+0000] {processor.py:208} INFO - Processing /home/airflow/.local/lib/python3.12/site-packages/airflow/example_dags/example_skip_dag.py took 0.095 seconds
[2024-11-18T16:55:34.504+0000] {processor.py:186} INFO - Started process (PID=2124) to work on /home/airflow/.local/lib/python3.12/site-packages/airflow/example_dags/example_skip_dag.py
[2024-11-18T16:55:34.505+0000] {processor.py:914} INFO - Processing file /home/airflow/.local/lib/python3.12/site-packages/airflow/example_dags/example_skip_dag.py for tasks to queue
[2024-11-18T16:55:34.509+0000] {logging_mixin.py:190} INFO - [2024-11-18T16:55:34.509+0000] {dagbag.py:588} INFO - Filling up the DagBag from /home/airflow/.local/lib/python3.12/site-packages/airflow/example_dags/example_skip_dag.py
[2024-11-18T16:55:34.518+0000] {processor.py:925} INFO - DAG(s) 'example_skip_dag' retrieved from /home/airflow/.local/lib/python3.12/site-packages/airflow/example_dags/example_skip_dag.py
[2024-11-18T16:55:34.543+0000] {logging_mixin.py:190} INFO - [2024-11-18T16:55:34.542+0000] {dag.py:3239} INFO - Sync 1 DAGs
[2024-11-18T16:55:34.569+0000] {logging_mixin.py:190} INFO - [2024-11-18T16:55:34.569+0000] {dag.py:4180} INFO - Setting next_dagrun for example_skip_dag to 2024-11-17 00:00:00+00:00, run_after=2024-11-18 00:00:00+00:00
[2024-11-18T16:55:34.588+0000] {processor.py:208} INFO - Processing /home/airflow/.local/lib/python3.12/site-packages/airflow/example_dags/example_skip_dag.py took 0.091 seconds
[2024-11-18T16:56:05.554+0000] {processor.py:186} INFO - Started process (PID=2188) to work on /home/airflow/.local/lib/python3.12/site-packages/airflow/example_dags/example_skip_dag.py
[2024-11-18T16:56:05.555+0000] {processor.py:914} INFO - Processing file /home/airflow/.local/lib/python3.12/site-packages/airflow/example_dags/example_skip_dag.py for tasks to queue
[2024-11-18T16:56:05.558+0000] {logging_mixin.py:190} INFO - [2024-11-18T16:56:05.558+0000] {dagbag.py:588} INFO - Filling up the DagBag from /home/airflow/.local/lib/python3.12/site-packages/airflow/example_dags/example_skip_dag.py
[2024-11-18T16:56:05.568+0000] {processor.py:925} INFO - DAG(s) 'example_skip_dag' retrieved from /home/airflow/.local/lib/python3.12/site-packages/airflow/example_dags/example_skip_dag.py
[2024-11-18T16:56:05.599+0000] {logging_mixin.py:190} INFO - [2024-11-18T16:56:05.598+0000] {dag.py:3239} INFO - Sync 1 DAGs
[2024-11-18T16:56:05.626+0000] {logging_mixin.py:190} INFO - [2024-11-18T16:56:05.625+0000] {dag.py:4180} INFO - Setting next_dagrun for example_skip_dag to 2024-11-17 00:00:00+00:00, run_after=2024-11-18 00:00:00+00:00
[2024-11-18T16:56:05.660+0000] {processor.py:208} INFO - Processing /home/airflow/.local/lib/python3.12/site-packages/airflow/example_dags/example_skip_dag.py took 0.114 seconds
[2024-11-18T16:56:36.266+0000] {processor.py:186} INFO - Started process (PID=2249) to work on /home/airflow/.local/lib/python3.12/site-packages/airflow/example_dags/example_skip_dag.py
[2024-11-18T16:56:36.270+0000] {processor.py:914} INFO - Processing file /home/airflow/.local/lib/python3.12/site-packages/airflow/example_dags/example_skip_dag.py for tasks to queue
[2024-11-18T16:56:36.274+0000] {logging_mixin.py:190} INFO - [2024-11-18T16:56:36.274+0000] {dagbag.py:588} INFO - Filling up the DagBag from /home/airflow/.local/lib/python3.12/site-packages/airflow/example_dags/example_skip_dag.py
[2024-11-18T16:56:36.285+0000] {processor.py:925} INFO - DAG(s) 'example_skip_dag' retrieved from /home/airflow/.local/lib/python3.12/site-packages/airflow/example_dags/example_skip_dag.py
[2024-11-18T16:56:36.319+0000] {logging_mixin.py:190} INFO - [2024-11-18T16:56:36.319+0000] {dag.py:3239} INFO - Sync 1 DAGs
[2024-11-18T16:56:36.357+0000] {logging_mixin.py:190} INFO - [2024-11-18T16:56:36.357+0000] {dag.py:4180} INFO - Setting next_dagrun for example_skip_dag to 2024-11-17 00:00:00+00:00, run_after=2024-11-18 00:00:00+00:00
[2024-11-18T16:56:36.380+0000] {processor.py:208} INFO - Processing /home/airflow/.local/lib/python3.12/site-packages/airflow/example_dags/example_skip_dag.py took 0.124 seconds
[2024-11-18T16:57:06.929+0000] {processor.py:186} INFO - Started process (PID=2312) to work on /home/airflow/.local/lib/python3.12/site-packages/airflow/example_dags/example_skip_dag.py
[2024-11-18T16:57:06.930+0000] {processor.py:914} INFO - Processing file /home/airflow/.local/lib/python3.12/site-packages/airflow/example_dags/example_skip_dag.py for tasks to queue
[2024-11-18T16:57:06.934+0000] {logging_mixin.py:190} INFO - [2024-11-18T16:57:06.933+0000] {dagbag.py:588} INFO - Filling up the DagBag from /home/airflow/.local/lib/python3.12/site-packages/airflow/example_dags/example_skip_dag.py
[2024-11-18T16:57:06.944+0000] {processor.py:925} INFO - DAG(s) 'example_skip_dag' retrieved from /home/airflow/.local/lib/python3.12/site-packages/airflow/example_dags/example_skip_dag.py
[2024-11-18T16:57:06.968+0000] {logging_mixin.py:190} INFO - [2024-11-18T16:57:06.968+0000] {dag.py:3239} INFO - Sync 1 DAGs
[2024-11-18T16:57:06.994+0000] {logging_mixin.py:190} INFO - [2024-11-18T16:57:06.994+0000] {dag.py:4180} INFO - Setting next_dagrun for example_skip_dag to 2024-11-17 00:00:00+00:00, run_after=2024-11-18 00:00:00+00:00
[2024-11-18T16:57:07.016+0000] {processor.py:208} INFO - Processing /home/airflow/.local/lib/python3.12/site-packages/airflow/example_dags/example_skip_dag.py took 0.096 seconds
[2024-11-18T16:57:37.406+0000] {processor.py:186} INFO - Started process (PID=2375) to work on /home/airflow/.local/lib/python3.12/site-packages/airflow/example_dags/example_skip_dag.py
[2024-11-18T16:57:37.408+0000] {processor.py:914} INFO - Processing file /home/airflow/.local/lib/python3.12/site-packages/airflow/example_dags/example_skip_dag.py for tasks to queue
[2024-11-18T16:57:37.411+0000] {logging_mixin.py:190} INFO - [2024-11-18T16:57:37.410+0000] {dagbag.py:588} INFO - Filling up the DagBag from /home/airflow/.local/lib/python3.12/site-packages/airflow/example_dags/example_skip_dag.py
[2024-11-18T16:57:37.425+0000] {processor.py:925} INFO - DAG(s) 'example_skip_dag' retrieved from /home/airflow/.local/lib/python3.12/site-packages/airflow/example_dags/example_skip_dag.py
[2024-11-18T16:57:37.452+0000] {logging_mixin.py:190} INFO - [2024-11-18T16:57:37.452+0000] {dag.py:3239} INFO - Sync 1 DAGs
[2024-11-18T16:57:37.483+0000] {logging_mixin.py:190} INFO - [2024-11-18T16:57:37.482+0000] {dag.py:4180} INFO - Setting next_dagrun for example_skip_dag to 2024-11-17 00:00:00+00:00, run_after=2024-11-18 00:00:00+00:00
[2024-11-18T16:57:37.510+0000] {processor.py:208} INFO - Processing /home/airflow/.local/lib/python3.12/site-packages/airflow/example_dags/example_skip_dag.py took 0.113 seconds
[2024-11-18T16:58:07.710+0000] {processor.py:186} INFO - Started process (PID=2438) to work on /home/airflow/.local/lib/python3.12/site-packages/airflow/example_dags/example_skip_dag.py
[2024-11-18T16:58:07.711+0000] {processor.py:914} INFO - Processing file /home/airflow/.local/lib/python3.12/site-packages/airflow/example_dags/example_skip_dag.py for tasks to queue
[2024-11-18T16:58:07.714+0000] {logging_mixin.py:190} INFO - [2024-11-18T16:58:07.713+0000] {dagbag.py:588} INFO - Filling up the DagBag from /home/airflow/.local/lib/python3.12/site-packages/airflow/example_dags/example_skip_dag.py
[2024-11-18T16:58:07.725+0000] {processor.py:925} INFO - DAG(s) 'example_skip_dag' retrieved from /home/airflow/.local/lib/python3.12/site-packages/airflow/example_dags/example_skip_dag.py
[2024-11-18T16:58:07.753+0000] {logging_mixin.py:190} INFO - [2024-11-18T16:58:07.753+0000] {dag.py:3239} INFO - Sync 1 DAGs
[2024-11-18T16:58:07.781+0000] {logging_mixin.py:190} INFO - [2024-11-18T16:58:07.781+0000] {dag.py:4180} INFO - Setting next_dagrun for example_skip_dag to 2024-11-17 00:00:00+00:00, run_after=2024-11-18 00:00:00+00:00
[2024-11-18T16:58:07.807+0000] {processor.py:208} INFO - Processing /home/airflow/.local/lib/python3.12/site-packages/airflow/example_dags/example_skip_dag.py took 0.105 seconds
[2024-11-18T16:58:38.745+0000] {processor.py:186} INFO - Started process (PID=2501) to work on /home/airflow/.local/lib/python3.12/site-packages/airflow/example_dags/example_skip_dag.py
[2024-11-18T16:58:38.746+0000] {processor.py:914} INFO - Processing file /home/airflow/.local/lib/python3.12/site-packages/airflow/example_dags/example_skip_dag.py for tasks to queue
[2024-11-18T16:58:38.749+0000] {logging_mixin.py:190} INFO - [2024-11-18T16:58:38.749+0000] {dagbag.py:588} INFO - Filling up the DagBag from /home/airflow/.local/lib/python3.12/site-packages/airflow/example_dags/example_skip_dag.py
[2024-11-18T16:58:38.761+0000] {processor.py:925} INFO - DAG(s) 'example_skip_dag' retrieved from /home/airflow/.local/lib/python3.12/site-packages/airflow/example_dags/example_skip_dag.py
[2024-11-18T16:58:38.787+0000] {logging_mixin.py:190} INFO - [2024-11-18T16:58:38.787+0000] {dag.py:3239} INFO - Sync 1 DAGs
[2024-11-18T16:58:38.815+0000] {logging_mixin.py:190} INFO - [2024-11-18T16:58:38.815+0000] {dag.py:4180} INFO - Setting next_dagrun for example_skip_dag to 2024-11-17 00:00:00+00:00, run_after=2024-11-18 00:00:00+00:00
[2024-11-18T16:58:38.836+0000] {processor.py:208} INFO - Processing /home/airflow/.local/lib/python3.12/site-packages/airflow/example_dags/example_skip_dag.py took 0.098 seconds
[2024-11-18T16:59:10.030+0000] {processor.py:186} INFO - Started process (PID=2564) to work on /home/airflow/.local/lib/python3.12/site-packages/airflow/example_dags/example_skip_dag.py
[2024-11-18T16:59:10.032+0000] {processor.py:914} INFO - Processing file /home/airflow/.local/lib/python3.12/site-packages/airflow/example_dags/example_skip_dag.py for tasks to queue
[2024-11-18T16:59:10.035+0000] {logging_mixin.py:190} INFO - [2024-11-18T16:59:10.035+0000] {dagbag.py:588} INFO - Filling up the DagBag from /home/airflow/.local/lib/python3.12/site-packages/airflow/example_dags/example_skip_dag.py
[2024-11-18T16:59:10.046+0000] {processor.py:925} INFO - DAG(s) 'example_skip_dag' retrieved from /home/airflow/.local/lib/python3.12/site-packages/airflow/example_dags/example_skip_dag.py
[2024-11-18T16:59:10.075+0000] {logging_mixin.py:190} INFO - [2024-11-18T16:59:10.075+0000] {dag.py:3239} INFO - Sync 1 DAGs
[2024-11-18T16:59:10.103+0000] {logging_mixin.py:190} INFO - [2024-11-18T16:59:10.102+0000] {dag.py:4180} INFO - Setting next_dagrun for example_skip_dag to 2024-11-17 00:00:00+00:00, run_after=2024-11-18 00:00:00+00:00
[2024-11-18T16:59:10.125+0000] {processor.py:208} INFO - Processing /home/airflow/.local/lib/python3.12/site-packages/airflow/example_dags/example_skip_dag.py took 0.102 seconds
[2024-11-18T16:59:40.947+0000] {processor.py:186} INFO - Started process (PID=2627) to work on /home/airflow/.local/lib/python3.12/site-packages/airflow/example_dags/example_skip_dag.py
[2024-11-18T16:59:40.948+0000] {processor.py:914} INFO - Processing file /home/airflow/.local/lib/python3.12/site-packages/airflow/example_dags/example_skip_dag.py for tasks to queue
[2024-11-18T16:59:40.951+0000] {logging_mixin.py:190} INFO - [2024-11-18T16:59:40.950+0000] {dagbag.py:588} INFO - Filling up the DagBag from /home/airflow/.local/lib/python3.12/site-packages/airflow/example_dags/example_skip_dag.py
[2024-11-18T16:59:40.963+0000] {processor.py:925} INFO - DAG(s) 'example_skip_dag' retrieved from /home/airflow/.local/lib/python3.12/site-packages/airflow/example_dags/example_skip_dag.py
[2024-11-18T16:59:40.991+0000] {logging_mixin.py:190} INFO - [2024-11-18T16:59:40.991+0000] {dag.py:3239} INFO - Sync 1 DAGs
[2024-11-18T16:59:41.020+0000] {logging_mixin.py:190} INFO - [2024-11-18T16:59:41.019+0000] {dag.py:4180} INFO - Setting next_dagrun for example_skip_dag to 2024-11-17 00:00:00+00:00, run_after=2024-11-18 00:00:00+00:00
[2024-11-18T16:59:41.041+0000] {processor.py:208} INFO - Processing /home/airflow/.local/lib/python3.12/site-packages/airflow/example_dags/example_skip_dag.py took 0.102 seconds
[2024-11-18T17:00:11.670+0000] {processor.py:186} INFO - Started process (PID=2676) to work on /home/airflow/.local/lib/python3.12/site-packages/airflow/example_dags/example_skip_dag.py
[2024-11-18T17:00:11.672+0000] {processor.py:914} INFO - Processing file /home/airflow/.local/lib/python3.12/site-packages/airflow/example_dags/example_skip_dag.py for tasks to queue
[2024-11-18T17:00:11.675+0000] {logging_mixin.py:190} INFO - [2024-11-18T17:00:11.675+0000] {dagbag.py:588} INFO - Filling up the DagBag from /home/airflow/.local/lib/python3.12/site-packages/airflow/example_dags/example_skip_dag.py
[2024-11-18T17:00:11.687+0000] {processor.py:925} INFO - DAG(s) 'example_skip_dag' retrieved from /home/airflow/.local/lib/python3.12/site-packages/airflow/example_dags/example_skip_dag.py
[2024-11-18T17:00:11.720+0000] {logging_mixin.py:190} INFO - [2024-11-18T17:00:11.720+0000] {dag.py:3239} INFO - Sync 1 DAGs
[2024-11-18T17:00:11.752+0000] {logging_mixin.py:190} INFO - [2024-11-18T17:00:11.752+0000] {dag.py:4180} INFO - Setting next_dagrun for example_skip_dag to 2024-11-17 00:00:00+00:00, run_after=2024-11-18 00:00:00+00:00
[2024-11-18T17:00:11.781+0000] {processor.py:208} INFO - Processing /home/airflow/.local/lib/python3.12/site-packages/airflow/example_dags/example_skip_dag.py took 0.119 seconds
[2024-11-18T17:00:43.059+0000] {processor.py:186} INFO - Started process (PID=2738) to work on /home/airflow/.local/lib/python3.12/site-packages/airflow/example_dags/example_skip_dag.py
[2024-11-18T17:00:43.061+0000] {processor.py:914} INFO - Processing file /home/airflow/.local/lib/python3.12/site-packages/airflow/example_dags/example_skip_dag.py for tasks to queue
[2024-11-18T17:00:43.064+0000] {logging_mixin.py:190} INFO - [2024-11-18T17:00:43.063+0000] {dagbag.py:588} INFO - Filling up the DagBag from /home/airflow/.local/lib/python3.12/site-packages/airflow/example_dags/example_skip_dag.py
[2024-11-18T17:00:43.075+0000] {processor.py:925} INFO - DAG(s) 'example_skip_dag' retrieved from /home/airflow/.local/lib/python3.12/site-packages/airflow/example_dags/example_skip_dag.py
[2024-11-18T17:00:43.111+0000] {logging_mixin.py:190} INFO - [2024-11-18T17:00:43.110+0000] {dag.py:3239} INFO - Sync 1 DAGs
[2024-11-18T17:00:43.145+0000] {logging_mixin.py:190} INFO - [2024-11-18T17:00:43.145+0000] {dag.py:4180} INFO - Setting next_dagrun for example_skip_dag to 2024-11-17 00:00:00+00:00, run_after=2024-11-18 00:00:00+00:00
[2024-11-18T17:00:43.171+0000] {processor.py:208} INFO - Processing /home/airflow/.local/lib/python3.12/site-packages/airflow/example_dags/example_skip_dag.py took 0.120 seconds
[2024-11-18T17:02:33.650+0000] {processor.py:186} INFO - Started process (PID=108) to work on /home/airflow/.local/lib/python3.12/site-packages/airflow/example_dags/example_skip_dag.py
[2024-11-18T17:02:33.651+0000] {processor.py:914} INFO - Processing file /home/airflow/.local/lib/python3.12/site-packages/airflow/example_dags/example_skip_dag.py for tasks to queue
[2024-11-18T17:02:33.654+0000] {logging_mixin.py:190} INFO - [2024-11-18T17:02:33.654+0000] {dagbag.py:588} INFO - Filling up the DagBag from /home/airflow/.local/lib/python3.12/site-packages/airflow/example_dags/example_skip_dag.py
[2024-11-18T17:02:33.666+0000] {processor.py:925} INFO - DAG(s) 'example_skip_dag' retrieved from /home/airflow/.local/lib/python3.12/site-packages/airflow/example_dags/example_skip_dag.py
[2024-11-18T17:02:33.694+0000] {logging_mixin.py:190} INFO - [2024-11-18T17:02:33.693+0000] {dag.py:3239} INFO - Sync 1 DAGs
[2024-11-18T17:02:33.724+0000] {logging_mixin.py:190} INFO - [2024-11-18T17:02:33.723+0000] {dag.py:4180} INFO - Setting next_dagrun for example_skip_dag to 2024-11-17 00:00:00+00:00, run_after=2024-11-18 00:00:00+00:00
[2024-11-18T17:02:33.746+0000] {processor.py:208} INFO - Processing /home/airflow/.local/lib/python3.12/site-packages/airflow/example_dags/example_skip_dag.py took 0.104 seconds
