[2024-11-18T16:24:33.741+0000] {processor.py:186} INFO - Started process (PID=108) to work on /home/airflow/.local/lib/python3.12/site-packages/airflow/example_dags/example_latest_only.py
[2024-11-18T16:24:33.744+0000] {processor.py:914} INFO - Processing file /home/airflow/.local/lib/python3.12/site-packages/airflow/example_dags/example_latest_only.py for tasks to queue
[2024-11-18T16:24:33.750+0000] {logging_mixin.py:190} INFO - [2024-11-18T16:24:33.749+0000] {dagbag.py:588} INFO - Filling up the DagBag from /home/airflow/.local/lib/python3.12/site-packages/airflow/example_dags/example_latest_only.py
[2024-11-18T16:24:33.761+0000] {processor.py:925} INFO - DAG(s) 'latest_only' retrieved from /home/airflow/.local/lib/python3.12/site-packages/airflow/example_dags/example_latest_only.py
[2024-11-18T16:24:33.906+0000] {logging_mixin.py:190} INFO - [2024-11-18T16:24:33.905+0000] {override.py:1911} INFO - Created Permission View: can read on DAG:latest_only
[2024-11-18T16:24:33.920+0000] {logging_mixin.py:190} INFO - [2024-11-18T16:24:33.919+0000] {override.py:1911} INFO - Created Permission View: can edit on DAG:latest_only
[2024-11-18T16:24:33.931+0000] {logging_mixin.py:190} INFO - [2024-11-18T16:24:33.930+0000] {override.py:1911} INFO - Created Permission View: can delete on DAG:latest_only
[2024-11-18T16:24:33.940+0000] {logging_mixin.py:190} INFO - [2024-11-18T16:24:33.940+0000] {override.py:1911} INFO - Created Permission View: can read on DAG Run:latest_only
[2024-11-18T16:24:33.948+0000] {logging_mixin.py:190} INFO - [2024-11-18T16:24:33.948+0000] {override.py:1911} INFO - Created Permission View: menu access on DAG Run:latest_only
[2024-11-18T16:24:33.958+0000] {logging_mixin.py:190} INFO - [2024-11-18T16:24:33.957+0000] {override.py:1911} INFO - Created Permission View: can create on DAG Run:latest_only
[2024-11-18T16:24:33.973+0000] {logging_mixin.py:190} INFO - [2024-11-18T16:24:33.973+0000] {override.py:1911} INFO - Created Permission View: can delete on DAG Run:latest_only
[2024-11-18T16:24:33.975+0000] {logging_mixin.py:190} INFO - [2024-11-18T16:24:33.974+0000] {dag.py:3239} INFO - Sync 1 DAGs
[2024-11-18T16:24:34.000+0000] {logging_mixin.py:190} INFO - [2024-11-18T16:24:34.000+0000] {dag.py:3262} INFO - Creating ORM DAG for latest_only
[2024-11-18T16:24:34.018+0000] {logging_mixin.py:190} INFO - [2024-11-18T16:24:34.018+0000] {dag.py:4180} INFO - Setting next_dagrun for latest_only to 2024-11-18 12:00:00+00:00, run_after=2024-11-18 16:00:00+00:00
[2024-11-18T16:24:34.050+0000] {processor.py:208} INFO - Processing /home/airflow/.local/lib/python3.12/site-packages/airflow/example_dags/example_latest_only.py took 0.316 seconds
[2024-11-18T16:25:04.089+0000] {processor.py:186} INFO - Started process (PID=170) to work on /home/airflow/.local/lib/python3.12/site-packages/airflow/example_dags/example_latest_only.py
[2024-11-18T16:25:04.091+0000] {processor.py:914} INFO - Processing file /home/airflow/.local/lib/python3.12/site-packages/airflow/example_dags/example_latest_only.py for tasks to queue
[2024-11-18T16:25:04.095+0000] {logging_mixin.py:190} INFO - [2024-11-18T16:25:04.094+0000] {dagbag.py:588} INFO - Filling up the DagBag from /home/airflow/.local/lib/python3.12/site-packages/airflow/example_dags/example_latest_only.py
[2024-11-18T16:25:04.104+0000] {processor.py:925} INFO - DAG(s) 'latest_only' retrieved from /home/airflow/.local/lib/python3.12/site-packages/airflow/example_dags/example_latest_only.py
[2024-11-18T16:25:04.133+0000] {logging_mixin.py:190} INFO - [2024-11-18T16:25:04.133+0000] {dag.py:3239} INFO - Sync 1 DAGs
[2024-11-18T16:25:04.162+0000] {logging_mixin.py:190} INFO - [2024-11-18T16:25:04.162+0000] {dag.py:4180} INFO - Setting next_dagrun for latest_only to 2024-11-18 12:00:00+00:00, run_after=2024-11-18 16:00:00+00:00
[2024-11-18T16:25:04.182+0000] {processor.py:208} INFO - Processing /home/airflow/.local/lib/python3.12/site-packages/airflow/example_dags/example_latest_only.py took 0.100 seconds
[2024-11-18T16:25:35.105+0000] {processor.py:186} INFO - Started process (PID=233) to work on /home/airflow/.local/lib/python3.12/site-packages/airflow/example_dags/example_latest_only.py
[2024-11-18T16:25:35.107+0000] {processor.py:914} INFO - Processing file /home/airflow/.local/lib/python3.12/site-packages/airflow/example_dags/example_latest_only.py for tasks to queue
[2024-11-18T16:25:35.110+0000] {logging_mixin.py:190} INFO - [2024-11-18T16:25:35.109+0000] {dagbag.py:588} INFO - Filling up the DagBag from /home/airflow/.local/lib/python3.12/site-packages/airflow/example_dags/example_latest_only.py
[2024-11-18T16:25:35.119+0000] {processor.py:925} INFO - DAG(s) 'latest_only' retrieved from /home/airflow/.local/lib/python3.12/site-packages/airflow/example_dags/example_latest_only.py
[2024-11-18T16:25:35.142+0000] {logging_mixin.py:190} INFO - [2024-11-18T16:25:35.142+0000] {dag.py:3239} INFO - Sync 1 DAGs
[2024-11-18T16:25:35.169+0000] {logging_mixin.py:190} INFO - [2024-11-18T16:25:35.169+0000] {dag.py:4180} INFO - Setting next_dagrun for latest_only to 2024-11-18 12:00:00+00:00, run_after=2024-11-18 16:00:00+00:00
[2024-11-18T16:25:35.190+0000] {processor.py:208} INFO - Processing /home/airflow/.local/lib/python3.12/site-packages/airflow/example_dags/example_latest_only.py took 0.093 seconds
[2024-11-18T16:26:05.451+0000] {processor.py:186} INFO - Started process (PID=296) to work on /home/airflow/.local/lib/python3.12/site-packages/airflow/example_dags/example_latest_only.py
[2024-11-18T16:26:05.453+0000] {processor.py:914} INFO - Processing file /home/airflow/.local/lib/python3.12/site-packages/airflow/example_dags/example_latest_only.py for tasks to queue
[2024-11-18T16:26:05.456+0000] {logging_mixin.py:190} INFO - [2024-11-18T16:26:05.455+0000] {dagbag.py:588} INFO - Filling up the DagBag from /home/airflow/.local/lib/python3.12/site-packages/airflow/example_dags/example_latest_only.py
[2024-11-18T16:26:05.464+0000] {processor.py:925} INFO - DAG(s) 'latest_only' retrieved from /home/airflow/.local/lib/python3.12/site-packages/airflow/example_dags/example_latest_only.py
[2024-11-18T16:26:05.487+0000] {logging_mixin.py:190} INFO - [2024-11-18T16:26:05.486+0000] {dag.py:3239} INFO - Sync 1 DAGs
[2024-11-18T16:26:05.512+0000] {logging_mixin.py:190} INFO - [2024-11-18T16:26:05.512+0000] {dag.py:4180} INFO - Setting next_dagrun for latest_only to 2024-11-18 12:00:00+00:00, run_after=2024-11-18 16:00:00+00:00
[2024-11-18T16:26:05.533+0000] {processor.py:208} INFO - Processing /home/airflow/.local/lib/python3.12/site-packages/airflow/example_dags/example_latest_only.py took 0.088 seconds
[2024-11-18T16:26:36.022+0000] {processor.py:186} INFO - Started process (PID=358) to work on /home/airflow/.local/lib/python3.12/site-packages/airflow/example_dags/example_latest_only.py
[2024-11-18T16:26:36.023+0000] {processor.py:914} INFO - Processing file /home/airflow/.local/lib/python3.12/site-packages/airflow/example_dags/example_latest_only.py for tasks to queue
[2024-11-18T16:26:36.026+0000] {logging_mixin.py:190} INFO - [2024-11-18T16:26:36.026+0000] {dagbag.py:588} INFO - Filling up the DagBag from /home/airflow/.local/lib/python3.12/site-packages/airflow/example_dags/example_latest_only.py
[2024-11-18T16:26:36.035+0000] {processor.py:925} INFO - DAG(s) 'latest_only' retrieved from /home/airflow/.local/lib/python3.12/site-packages/airflow/example_dags/example_latest_only.py
[2024-11-18T16:26:36.059+0000] {logging_mixin.py:190} INFO - [2024-11-18T16:26:36.059+0000] {dag.py:3239} INFO - Sync 1 DAGs
[2024-11-18T16:26:36.087+0000] {logging_mixin.py:190} INFO - [2024-11-18T16:26:36.087+0000] {dag.py:4180} INFO - Setting next_dagrun for latest_only to 2024-11-18 12:00:00+00:00, run_after=2024-11-18 16:00:00+00:00
[2024-11-18T16:26:36.107+0000] {processor.py:208} INFO - Processing /home/airflow/.local/lib/python3.12/site-packages/airflow/example_dags/example_latest_only.py took 0.092 seconds
[2024-11-18T16:27:06.593+0000] {processor.py:186} INFO - Started process (PID=421) to work on /home/airflow/.local/lib/python3.12/site-packages/airflow/example_dags/example_latest_only.py
[2024-11-18T16:27:06.595+0000] {processor.py:914} INFO - Processing file /home/airflow/.local/lib/python3.12/site-packages/airflow/example_dags/example_latest_only.py for tasks to queue
[2024-11-18T16:27:06.599+0000] {logging_mixin.py:190} INFO - [2024-11-18T16:27:06.598+0000] {dagbag.py:588} INFO - Filling up the DagBag from /home/airflow/.local/lib/python3.12/site-packages/airflow/example_dags/example_latest_only.py
[2024-11-18T16:27:06.612+0000] {processor.py:925} INFO - DAG(s) 'latest_only' retrieved from /home/airflow/.local/lib/python3.12/site-packages/airflow/example_dags/example_latest_only.py
[2024-11-18T16:27:06.701+0000] {logging_mixin.py:190} INFO - [2024-11-18T16:27:06.701+0000] {dag.py:3239} INFO - Sync 1 DAGs
[2024-11-18T16:27:06.731+0000] {logging_mixin.py:190} INFO - [2024-11-18T16:27:06.731+0000] {dag.py:4180} INFO - Setting next_dagrun for latest_only to 2024-11-18 12:00:00+00:00, run_after=2024-11-18 16:00:00+00:00
[2024-11-18T16:27:06.751+0000] {processor.py:208} INFO - Processing /home/airflow/.local/lib/python3.12/site-packages/airflow/example_dags/example_latest_only.py took 0.165 seconds
[2024-11-18T16:27:36.800+0000] {processor.py:186} INFO - Started process (PID=484) to work on /home/airflow/.local/lib/python3.12/site-packages/airflow/example_dags/example_latest_only.py
[2024-11-18T16:27:36.801+0000] {processor.py:914} INFO - Processing file /home/airflow/.local/lib/python3.12/site-packages/airflow/example_dags/example_latest_only.py for tasks to queue
[2024-11-18T16:27:36.805+0000] {logging_mixin.py:190} INFO - [2024-11-18T16:27:36.805+0000] {dagbag.py:588} INFO - Filling up the DagBag from /home/airflow/.local/lib/python3.12/site-packages/airflow/example_dags/example_latest_only.py
[2024-11-18T16:27:36.815+0000] {processor.py:925} INFO - DAG(s) 'latest_only' retrieved from /home/airflow/.local/lib/python3.12/site-packages/airflow/example_dags/example_latest_only.py
[2024-11-18T16:27:36.846+0000] {logging_mixin.py:190} INFO - [2024-11-18T16:27:36.846+0000] {dag.py:3239} INFO - Sync 1 DAGs
[2024-11-18T16:27:36.895+0000] {logging_mixin.py:190} INFO - [2024-11-18T16:27:36.895+0000] {dag.py:4180} INFO - Setting next_dagrun for latest_only to 2024-11-18 12:00:00+00:00, run_after=2024-11-18 16:00:00+00:00
[2024-11-18T16:27:36.925+0000] {processor.py:208} INFO - Processing /home/airflow/.local/lib/python3.12/site-packages/airflow/example_dags/example_latest_only.py took 0.132 seconds
[2024-11-18T16:28:07.856+0000] {processor.py:186} INFO - Started process (PID=547) to work on /home/airflow/.local/lib/python3.12/site-packages/airflow/example_dags/example_latest_only.py
[2024-11-18T16:28:07.858+0000] {processor.py:914} INFO - Processing file /home/airflow/.local/lib/python3.12/site-packages/airflow/example_dags/example_latest_only.py for tasks to queue
[2024-11-18T16:28:07.862+0000] {logging_mixin.py:190} INFO - [2024-11-18T16:28:07.862+0000] {dagbag.py:588} INFO - Filling up the DagBag from /home/airflow/.local/lib/python3.12/site-packages/airflow/example_dags/example_latest_only.py
[2024-11-18T16:28:07.873+0000] {processor.py:925} INFO - DAG(s) 'latest_only' retrieved from /home/airflow/.local/lib/python3.12/site-packages/airflow/example_dags/example_latest_only.py
[2024-11-18T16:28:07.898+0000] {logging_mixin.py:190} INFO - [2024-11-18T16:28:07.898+0000] {dag.py:3239} INFO - Sync 1 DAGs
[2024-11-18T16:28:08.009+0000] {logging_mixin.py:190} INFO - [2024-11-18T16:28:08.008+0000] {dag.py:4180} INFO - Setting next_dagrun for latest_only to 2024-11-18 12:00:00+00:00, run_after=2024-11-18 16:00:00+00:00
[2024-11-18T16:28:08.035+0000] {processor.py:208} INFO - Processing /home/airflow/.local/lib/python3.12/site-packages/airflow/example_dags/example_latest_only.py took 0.190 seconds
[2024-11-18T16:28:38.452+0000] {processor.py:186} INFO - Started process (PID=609) to work on /home/airflow/.local/lib/python3.12/site-packages/airflow/example_dags/example_latest_only.py
[2024-11-18T16:28:38.454+0000] {processor.py:914} INFO - Processing file /home/airflow/.local/lib/python3.12/site-packages/airflow/example_dags/example_latest_only.py for tasks to queue
[2024-11-18T16:28:38.457+0000] {logging_mixin.py:190} INFO - [2024-11-18T16:28:38.457+0000] {dagbag.py:588} INFO - Filling up the DagBag from /home/airflow/.local/lib/python3.12/site-packages/airflow/example_dags/example_latest_only.py
[2024-11-18T16:28:38.467+0000] {processor.py:925} INFO - DAG(s) 'latest_only' retrieved from /home/airflow/.local/lib/python3.12/site-packages/airflow/example_dags/example_latest_only.py
[2024-11-18T16:28:38.491+0000] {logging_mixin.py:190} INFO - [2024-11-18T16:28:38.490+0000] {dag.py:3239} INFO - Sync 1 DAGs
[2024-11-18T16:28:38.517+0000] {logging_mixin.py:190} INFO - [2024-11-18T16:28:38.517+0000] {dag.py:4180} INFO - Setting next_dagrun for latest_only to 2024-11-18 12:00:00+00:00, run_after=2024-11-18 16:00:00+00:00
[2024-11-18T16:28:38.538+0000] {processor.py:208} INFO - Processing /home/airflow/.local/lib/python3.12/site-packages/airflow/example_dags/example_latest_only.py took 0.096 seconds
[2024-11-18T16:29:08.891+0000] {processor.py:186} INFO - Started process (PID=672) to work on /home/airflow/.local/lib/python3.12/site-packages/airflow/example_dags/example_latest_only.py
[2024-11-18T16:29:08.892+0000] {processor.py:914} INFO - Processing file /home/airflow/.local/lib/python3.12/site-packages/airflow/example_dags/example_latest_only.py for tasks to queue
[2024-11-18T16:29:08.897+0000] {logging_mixin.py:190} INFO - [2024-11-18T16:29:08.897+0000] {dagbag.py:588} INFO - Filling up the DagBag from /home/airflow/.local/lib/python3.12/site-packages/airflow/example_dags/example_latest_only.py
[2024-11-18T16:29:08.905+0000] {processor.py:925} INFO - DAG(s) 'latest_only' retrieved from /home/airflow/.local/lib/python3.12/site-packages/airflow/example_dags/example_latest_only.py
[2024-11-18T16:29:08.929+0000] {logging_mixin.py:190} INFO - [2024-11-18T16:29:08.929+0000] {dag.py:3239} INFO - Sync 1 DAGs
[2024-11-18T16:29:08.957+0000] {logging_mixin.py:190} INFO - [2024-11-18T16:29:08.956+0000] {dag.py:4180} INFO - Setting next_dagrun for latest_only to 2024-11-18 12:00:00+00:00, run_after=2024-11-18 16:00:00+00:00
[2024-11-18T16:29:08.978+0000] {processor.py:208} INFO - Processing /home/airflow/.local/lib/python3.12/site-packages/airflow/example_dags/example_latest_only.py took 0.093 seconds
[2024-11-18T16:29:39.606+0000] {processor.py:186} INFO - Started process (PID=735) to work on /home/airflow/.local/lib/python3.12/site-packages/airflow/example_dags/example_latest_only.py
[2024-11-18T16:29:39.608+0000] {processor.py:914} INFO - Processing file /home/airflow/.local/lib/python3.12/site-packages/airflow/example_dags/example_latest_only.py for tasks to queue
[2024-11-18T16:29:39.612+0000] {logging_mixin.py:190} INFO - [2024-11-18T16:29:39.611+0000] {dagbag.py:588} INFO - Filling up the DagBag from /home/airflow/.local/lib/python3.12/site-packages/airflow/example_dags/example_latest_only.py
[2024-11-18T16:29:39.621+0000] {processor.py:925} INFO - DAG(s) 'latest_only' retrieved from /home/airflow/.local/lib/python3.12/site-packages/airflow/example_dags/example_latest_only.py
[2024-11-18T16:29:39.648+0000] {logging_mixin.py:190} INFO - [2024-11-18T16:29:39.648+0000] {dag.py:3239} INFO - Sync 1 DAGs
[2024-11-18T16:29:39.684+0000] {logging_mixin.py:190} INFO - [2024-11-18T16:29:39.684+0000] {dag.py:4180} INFO - Setting next_dagrun for latest_only to 2024-11-18 12:00:00+00:00, run_after=2024-11-18 16:00:00+00:00
[2024-11-18T16:29:39.704+0000] {processor.py:208} INFO - Processing /home/airflow/.local/lib/python3.12/site-packages/airflow/example_dags/example_latest_only.py took 0.106 seconds
[2024-11-18T16:30:10.062+0000] {processor.py:186} INFO - Started process (PID=798) to work on /home/airflow/.local/lib/python3.12/site-packages/airflow/example_dags/example_latest_only.py
[2024-11-18T16:30:10.063+0000] {processor.py:914} INFO - Processing file /home/airflow/.local/lib/python3.12/site-packages/airflow/example_dags/example_latest_only.py for tasks to queue
[2024-11-18T16:30:10.066+0000] {logging_mixin.py:190} INFO - [2024-11-18T16:30:10.066+0000] {dagbag.py:588} INFO - Filling up the DagBag from /home/airflow/.local/lib/python3.12/site-packages/airflow/example_dags/example_latest_only.py
[2024-11-18T16:30:10.075+0000] {processor.py:925} INFO - DAG(s) 'latest_only' retrieved from /home/airflow/.local/lib/python3.12/site-packages/airflow/example_dags/example_latest_only.py
[2024-11-18T16:30:10.096+0000] {logging_mixin.py:190} INFO - [2024-11-18T16:30:10.096+0000] {dag.py:3239} INFO - Sync 1 DAGs
[2024-11-18T16:30:10.128+0000] {logging_mixin.py:190} INFO - [2024-11-18T16:30:10.128+0000] {dag.py:4180} INFO - Setting next_dagrun for latest_only to 2024-11-18 12:00:00+00:00, run_after=2024-11-18 16:00:00+00:00
[2024-11-18T16:30:10.151+0000] {processor.py:208} INFO - Processing /home/airflow/.local/lib/python3.12/site-packages/airflow/example_dags/example_latest_only.py took 0.098 seconds
[2024-11-18T16:30:40.340+0000] {processor.py:186} INFO - Started process (PID=861) to work on /home/airflow/.local/lib/python3.12/site-packages/airflow/example_dags/example_latest_only.py
[2024-11-18T16:30:40.341+0000] {processor.py:914} INFO - Processing file /home/airflow/.local/lib/python3.12/site-packages/airflow/example_dags/example_latest_only.py for tasks to queue
[2024-11-18T16:30:40.345+0000] {logging_mixin.py:190} INFO - [2024-11-18T16:30:40.344+0000] {dagbag.py:588} INFO - Filling up the DagBag from /home/airflow/.local/lib/python3.12/site-packages/airflow/example_dags/example_latest_only.py
[2024-11-18T16:30:40.354+0000] {processor.py:925} INFO - DAG(s) 'latest_only' retrieved from /home/airflow/.local/lib/python3.12/site-packages/airflow/example_dags/example_latest_only.py
[2024-11-18T16:30:40.380+0000] {logging_mixin.py:190} INFO - [2024-11-18T16:30:40.380+0000] {dag.py:3239} INFO - Sync 1 DAGs
[2024-11-18T16:30:40.409+0000] {logging_mixin.py:190} INFO - [2024-11-18T16:30:40.409+0000] {dag.py:4180} INFO - Setting next_dagrun for latest_only to 2024-11-18 12:00:00+00:00, run_after=2024-11-18 16:00:00+00:00
[2024-11-18T16:30:40.435+0000] {processor.py:208} INFO - Processing /home/airflow/.local/lib/python3.12/site-packages/airflow/example_dags/example_latest_only.py took 0.103 seconds
[2024-11-18T16:31:10.958+0000] {processor.py:186} INFO - Started process (PID=924) to work on /home/airflow/.local/lib/python3.12/site-packages/airflow/example_dags/example_latest_only.py
[2024-11-18T16:31:10.960+0000] {processor.py:914} INFO - Processing file /home/airflow/.local/lib/python3.12/site-packages/airflow/example_dags/example_latest_only.py for tasks to queue
[2024-11-18T16:31:10.964+0000] {logging_mixin.py:190} INFO - [2024-11-18T16:31:10.964+0000] {dagbag.py:588} INFO - Filling up the DagBag from /home/airflow/.local/lib/python3.12/site-packages/airflow/example_dags/example_latest_only.py
[2024-11-18T16:31:10.974+0000] {processor.py:925} INFO - DAG(s) 'latest_only' retrieved from /home/airflow/.local/lib/python3.12/site-packages/airflow/example_dags/example_latest_only.py
[2024-11-18T16:31:10.998+0000] {logging_mixin.py:190} INFO - [2024-11-18T16:31:10.997+0000] {dag.py:3239} INFO - Sync 1 DAGs
[2024-11-18T16:31:11.026+0000] {logging_mixin.py:190} INFO - [2024-11-18T16:31:11.026+0000] {dag.py:4180} INFO - Setting next_dagrun for latest_only to 2024-11-18 12:00:00+00:00, run_after=2024-11-18 16:00:00+00:00
[2024-11-18T16:31:11.046+0000] {processor.py:208} INFO - Processing /home/airflow/.local/lib/python3.12/site-packages/airflow/example_dags/example_latest_only.py took 0.097 seconds
[2024-11-18T16:31:41.815+0000] {processor.py:186} INFO - Started process (PID=987) to work on /home/airflow/.local/lib/python3.12/site-packages/airflow/example_dags/example_latest_only.py
[2024-11-18T16:31:41.816+0000] {processor.py:914} INFO - Processing file /home/airflow/.local/lib/python3.12/site-packages/airflow/example_dags/example_latest_only.py for tasks to queue
[2024-11-18T16:31:41.820+0000] {logging_mixin.py:190} INFO - [2024-11-18T16:31:41.820+0000] {dagbag.py:588} INFO - Filling up the DagBag from /home/airflow/.local/lib/python3.12/site-packages/airflow/example_dags/example_latest_only.py
[2024-11-18T16:31:41.830+0000] {processor.py:925} INFO - DAG(s) 'latest_only' retrieved from /home/airflow/.local/lib/python3.12/site-packages/airflow/example_dags/example_latest_only.py
[2024-11-18T16:31:41.853+0000] {logging_mixin.py:190} INFO - [2024-11-18T16:31:41.853+0000] {dag.py:3239} INFO - Sync 1 DAGs
[2024-11-18T16:31:41.881+0000] {logging_mixin.py:190} INFO - [2024-11-18T16:31:41.881+0000] {dag.py:4180} INFO - Setting next_dagrun for latest_only to 2024-11-18 12:00:00+00:00, run_after=2024-11-18 16:00:00+00:00
[2024-11-18T16:31:41.902+0000] {processor.py:208} INFO - Processing /home/airflow/.local/lib/python3.12/site-packages/airflow/example_dags/example_latest_only.py took 0.094 seconds
[2024-11-18T16:32:12.406+0000] {processor.py:186} INFO - Started process (PID=1050) to work on /home/airflow/.local/lib/python3.12/site-packages/airflow/example_dags/example_latest_only.py
[2024-11-18T16:32:12.407+0000] {processor.py:914} INFO - Processing file /home/airflow/.local/lib/python3.12/site-packages/airflow/example_dags/example_latest_only.py for tasks to queue
[2024-11-18T16:32:12.410+0000] {logging_mixin.py:190} INFO - [2024-11-18T16:32:12.409+0000] {dagbag.py:588} INFO - Filling up the DagBag from /home/airflow/.local/lib/python3.12/site-packages/airflow/example_dags/example_latest_only.py
[2024-11-18T16:32:12.418+0000] {processor.py:925} INFO - DAG(s) 'latest_only' retrieved from /home/airflow/.local/lib/python3.12/site-packages/airflow/example_dags/example_latest_only.py
[2024-11-18T16:32:12.444+0000] {logging_mixin.py:190} INFO - [2024-11-18T16:32:12.443+0000] {dag.py:3239} INFO - Sync 1 DAGs
[2024-11-18T16:32:12.471+0000] {logging_mixin.py:190} INFO - [2024-11-18T16:32:12.470+0000] {dag.py:4180} INFO - Setting next_dagrun for latest_only to 2024-11-18 12:00:00+00:00, run_after=2024-11-18 16:00:00+00:00
[2024-11-18T16:32:12.491+0000] {processor.py:208} INFO - Processing /home/airflow/.local/lib/python3.12/site-packages/airflow/example_dags/example_latest_only.py took 0.093 seconds
[2024-11-18T16:32:43.476+0000] {processor.py:186} INFO - Started process (PID=1113) to work on /home/airflow/.local/lib/python3.12/site-packages/airflow/example_dags/example_latest_only.py
[2024-11-18T16:32:43.477+0000] {processor.py:914} INFO - Processing file /home/airflow/.local/lib/python3.12/site-packages/airflow/example_dags/example_latest_only.py for tasks to queue
[2024-11-18T16:32:43.484+0000] {logging_mixin.py:190} INFO - [2024-11-18T16:32:43.483+0000] {dagbag.py:588} INFO - Filling up the DagBag from /home/airflow/.local/lib/python3.12/site-packages/airflow/example_dags/example_latest_only.py
[2024-11-18T16:32:43.498+0000] {processor.py:925} INFO - DAG(s) 'latest_only' retrieved from /home/airflow/.local/lib/python3.12/site-packages/airflow/example_dags/example_latest_only.py
[2024-11-18T16:32:43.530+0000] {logging_mixin.py:190} INFO - [2024-11-18T16:32:43.530+0000] {dag.py:3239} INFO - Sync 1 DAGs
[2024-11-18T16:32:43.565+0000] {logging_mixin.py:190} INFO - [2024-11-18T16:32:43.564+0000] {dag.py:4180} INFO - Setting next_dagrun for latest_only to 2024-11-18 12:00:00+00:00, run_after=2024-11-18 16:00:00+00:00
[2024-11-18T16:32:43.588+0000] {processor.py:208} INFO - Processing /home/airflow/.local/lib/python3.12/site-packages/airflow/example_dags/example_latest_only.py took 0.124 seconds
[2024-11-18T16:33:13.717+0000] {processor.py:186} INFO - Started process (PID=1176) to work on /home/airflow/.local/lib/python3.12/site-packages/airflow/example_dags/example_latest_only.py
[2024-11-18T16:33:13.718+0000] {processor.py:914} INFO - Processing file /home/airflow/.local/lib/python3.12/site-packages/airflow/example_dags/example_latest_only.py for tasks to queue
[2024-11-18T16:33:13.722+0000] {logging_mixin.py:190} INFO - [2024-11-18T16:33:13.722+0000] {dagbag.py:588} INFO - Filling up the DagBag from /home/airflow/.local/lib/python3.12/site-packages/airflow/example_dags/example_latest_only.py
[2024-11-18T16:33:13.732+0000] {processor.py:925} INFO - DAG(s) 'latest_only' retrieved from /home/airflow/.local/lib/python3.12/site-packages/airflow/example_dags/example_latest_only.py
[2024-11-18T16:33:13.757+0000] {logging_mixin.py:190} INFO - [2024-11-18T16:33:13.757+0000] {dag.py:3239} INFO - Sync 1 DAGs
[2024-11-18T16:33:13.790+0000] {logging_mixin.py:190} INFO - [2024-11-18T16:33:13.790+0000] {dag.py:4180} INFO - Setting next_dagrun for latest_only to 2024-11-18 12:00:00+00:00, run_after=2024-11-18 16:00:00+00:00
[2024-11-18T16:33:13.813+0000] {processor.py:208} INFO - Processing /home/airflow/.local/lib/python3.12/site-packages/airflow/example_dags/example_latest_only.py took 0.104 seconds
[2024-11-18T16:33:44.479+0000] {processor.py:186} INFO - Started process (PID=1239) to work on /home/airflow/.local/lib/python3.12/site-packages/airflow/example_dags/example_latest_only.py
[2024-11-18T16:33:44.480+0000] {processor.py:914} INFO - Processing file /home/airflow/.local/lib/python3.12/site-packages/airflow/example_dags/example_latest_only.py for tasks to queue
[2024-11-18T16:33:44.483+0000] {logging_mixin.py:190} INFO - [2024-11-18T16:33:44.482+0000] {dagbag.py:588} INFO - Filling up the DagBag from /home/airflow/.local/lib/python3.12/site-packages/airflow/example_dags/example_latest_only.py
[2024-11-18T16:33:44.493+0000] {processor.py:925} INFO - DAG(s) 'latest_only' retrieved from /home/airflow/.local/lib/python3.12/site-packages/airflow/example_dags/example_latest_only.py
[2024-11-18T16:33:44.521+0000] {logging_mixin.py:190} INFO - [2024-11-18T16:33:44.521+0000] {dag.py:3239} INFO - Sync 1 DAGs
[2024-11-18T16:33:44.553+0000] {logging_mixin.py:190} INFO - [2024-11-18T16:33:44.553+0000] {dag.py:4180} INFO - Setting next_dagrun for latest_only to 2024-11-18 12:00:00+00:00, run_after=2024-11-18 16:00:00+00:00
[2024-11-18T16:33:44.576+0000] {processor.py:208} INFO - Processing /home/airflow/.local/lib/python3.12/site-packages/airflow/example_dags/example_latest_only.py took 0.105 seconds
[2024-11-18T16:34:15.507+0000] {processor.py:186} INFO - Started process (PID=1302) to work on /home/airflow/.local/lib/python3.12/site-packages/airflow/example_dags/example_latest_only.py
[2024-11-18T16:34:15.509+0000] {processor.py:914} INFO - Processing file /home/airflow/.local/lib/python3.12/site-packages/airflow/example_dags/example_latest_only.py for tasks to queue
[2024-11-18T16:34:15.514+0000] {logging_mixin.py:190} INFO - [2024-11-18T16:34:15.513+0000] {dagbag.py:588} INFO - Filling up the DagBag from /home/airflow/.local/lib/python3.12/site-packages/airflow/example_dags/example_latest_only.py
[2024-11-18T16:34:15.526+0000] {processor.py:925} INFO - DAG(s) 'latest_only' retrieved from /home/airflow/.local/lib/python3.12/site-packages/airflow/example_dags/example_latest_only.py
[2024-11-18T16:34:15.557+0000] {logging_mixin.py:190} INFO - [2024-11-18T16:34:15.557+0000] {dag.py:3239} INFO - Sync 1 DAGs
[2024-11-18T16:34:15.588+0000] {logging_mixin.py:190} INFO - [2024-11-18T16:34:15.587+0000] {dag.py:4180} INFO - Setting next_dagrun for latest_only to 2024-11-18 12:00:00+00:00, run_after=2024-11-18 16:00:00+00:00
[2024-11-18T16:34:15.619+0000] {processor.py:208} INFO - Processing /home/airflow/.local/lib/python3.12/site-packages/airflow/example_dags/example_latest_only.py took 0.121 seconds
[2024-11-18T16:39:16.091+0000] {processor.py:186} INFO - Started process (PID=110) to work on /home/airflow/.local/lib/python3.12/site-packages/airflow/example_dags/example_latest_only.py
[2024-11-18T16:39:16.093+0000] {processor.py:914} INFO - Processing file /home/airflow/.local/lib/python3.12/site-packages/airflow/example_dags/example_latest_only.py for tasks to queue
[2024-11-18T16:39:16.107+0000] {logging_mixin.py:190} INFO - [2024-11-18T16:39:16.107+0000] {dagbag.py:588} INFO - Filling up the DagBag from /home/airflow/.local/lib/python3.12/site-packages/airflow/example_dags/example_latest_only.py
[2024-11-18T16:39:16.120+0000] {processor.py:925} INFO - DAG(s) 'latest_only' retrieved from /home/airflow/.local/lib/python3.12/site-packages/airflow/example_dags/example_latest_only.py
[2024-11-18T16:39:16.159+0000] {logging_mixin.py:190} INFO - [2024-11-18T16:39:16.158+0000] {dag.py:3239} INFO - Sync 1 DAGs
[2024-11-18T16:39:16.263+0000] {logging_mixin.py:190} INFO - [2024-11-18T16:39:16.263+0000] {dag.py:4180} INFO - Setting next_dagrun for latest_only to 2024-11-18 12:00:00+00:00, run_after=2024-11-18 16:00:00+00:00
[2024-11-18T16:39:16.312+0000] {processor.py:208} INFO - Processing /home/airflow/.local/lib/python3.12/site-packages/airflow/example_dags/example_latest_only.py took 0.237 seconds
[2024-11-18T16:39:47.420+0000] {processor.py:186} INFO - Started process (PID=172) to work on /home/airflow/.local/lib/python3.12/site-packages/airflow/example_dags/example_latest_only.py
[2024-11-18T16:39:47.423+0000] {processor.py:914} INFO - Processing file /home/airflow/.local/lib/python3.12/site-packages/airflow/example_dags/example_latest_only.py for tasks to queue
[2024-11-18T16:39:47.431+0000] {logging_mixin.py:190} INFO - [2024-11-18T16:39:47.431+0000] {dagbag.py:588} INFO - Filling up the DagBag from /home/airflow/.local/lib/python3.12/site-packages/airflow/example_dags/example_latest_only.py
[2024-11-18T16:39:47.440+0000] {processor.py:925} INFO - DAG(s) 'latest_only' retrieved from /home/airflow/.local/lib/python3.12/site-packages/airflow/example_dags/example_latest_only.py
[2024-11-18T16:39:47.468+0000] {logging_mixin.py:190} INFO - [2024-11-18T16:39:47.467+0000] {dag.py:3239} INFO - Sync 1 DAGs
[2024-11-18T16:39:47.518+0000] {logging_mixin.py:190} INFO - [2024-11-18T16:39:47.518+0000] {dag.py:4180} INFO - Setting next_dagrun for latest_only to 2024-11-18 12:00:00+00:00, run_after=2024-11-18 16:00:00+00:00
[2024-11-18T16:39:47.542+0000] {processor.py:208} INFO - Processing /home/airflow/.local/lib/python3.12/site-packages/airflow/example_dags/example_latest_only.py took 0.130 seconds
[2024-11-18T16:40:17.900+0000] {processor.py:186} INFO - Started process (PID=235) to work on /home/airflow/.local/lib/python3.12/site-packages/airflow/example_dags/example_latest_only.py
[2024-11-18T16:40:17.901+0000] {processor.py:914} INFO - Processing file /home/airflow/.local/lib/python3.12/site-packages/airflow/example_dags/example_latest_only.py for tasks to queue
[2024-11-18T16:40:17.905+0000] {logging_mixin.py:190} INFO - [2024-11-18T16:40:17.905+0000] {dagbag.py:588} INFO - Filling up the DagBag from /home/airflow/.local/lib/python3.12/site-packages/airflow/example_dags/example_latest_only.py
[2024-11-18T16:40:17.913+0000] {processor.py:925} INFO - DAG(s) 'latest_only' retrieved from /home/airflow/.local/lib/python3.12/site-packages/airflow/example_dags/example_latest_only.py
[2024-11-18T16:40:17.937+0000] {logging_mixin.py:190} INFO - [2024-11-18T16:40:17.936+0000] {dag.py:3239} INFO - Sync 1 DAGs
[2024-11-18T16:40:17.964+0000] {logging_mixin.py:190} INFO - [2024-11-18T16:40:17.964+0000] {dag.py:4180} INFO - Setting next_dagrun for latest_only to 2024-11-18 12:00:00+00:00, run_after=2024-11-18 16:00:00+00:00
[2024-11-18T16:40:17.986+0000] {processor.py:208} INFO - Processing /home/airflow/.local/lib/python3.12/site-packages/airflow/example_dags/example_latest_only.py took 0.105 seconds
[2024-11-18T16:40:48.016+0000] {processor.py:186} INFO - Started process (PID=297) to work on /home/airflow/.local/lib/python3.12/site-packages/airflow/example_dags/example_latest_only.py
[2024-11-18T16:40:48.018+0000] {processor.py:914} INFO - Processing file /home/airflow/.local/lib/python3.12/site-packages/airflow/example_dags/example_latest_only.py for tasks to queue
[2024-11-18T16:40:48.021+0000] {logging_mixin.py:190} INFO - [2024-11-18T16:40:48.021+0000] {dagbag.py:588} INFO - Filling up the DagBag from /home/airflow/.local/lib/python3.12/site-packages/airflow/example_dags/example_latest_only.py
[2024-11-18T16:40:48.029+0000] {processor.py:925} INFO - DAG(s) 'latest_only' retrieved from /home/airflow/.local/lib/python3.12/site-packages/airflow/example_dags/example_latest_only.py
[2024-11-18T16:40:48.051+0000] {logging_mixin.py:190} INFO - [2024-11-18T16:40:48.051+0000] {dag.py:3239} INFO - Sync 1 DAGs
[2024-11-18T16:40:48.078+0000] {logging_mixin.py:190} INFO - [2024-11-18T16:40:48.077+0000] {dag.py:4180} INFO - Setting next_dagrun for latest_only to 2024-11-18 12:00:00+00:00, run_after=2024-11-18 16:00:00+00:00
[2024-11-18T16:40:48.098+0000] {processor.py:208} INFO - Processing /home/airflow/.local/lib/python3.12/site-packages/airflow/example_dags/example_latest_only.py took 0.088 seconds
[2024-11-18T16:41:18.502+0000] {processor.py:186} INFO - Started process (PID=360) to work on /home/airflow/.local/lib/python3.12/site-packages/airflow/example_dags/example_latest_only.py
[2024-11-18T16:41:18.503+0000] {processor.py:914} INFO - Processing file /home/airflow/.local/lib/python3.12/site-packages/airflow/example_dags/example_latest_only.py for tasks to queue
[2024-11-18T16:41:18.508+0000] {logging_mixin.py:190} INFO - [2024-11-18T16:41:18.507+0000] {dagbag.py:588} INFO - Filling up the DagBag from /home/airflow/.local/lib/python3.12/site-packages/airflow/example_dags/example_latest_only.py
[2024-11-18T16:41:18.520+0000] {processor.py:925} INFO - DAG(s) 'latest_only' retrieved from /home/airflow/.local/lib/python3.12/site-packages/airflow/example_dags/example_latest_only.py
[2024-11-18T16:41:18.542+0000] {logging_mixin.py:190} INFO - [2024-11-18T16:41:18.542+0000] {dag.py:3239} INFO - Sync 1 DAGs
[2024-11-18T16:41:18.569+0000] {logging_mixin.py:190} INFO - [2024-11-18T16:41:18.569+0000] {dag.py:4180} INFO - Setting next_dagrun for latest_only to 2024-11-18 12:00:00+00:00, run_after=2024-11-18 16:00:00+00:00
[2024-11-18T16:41:18.590+0000] {processor.py:208} INFO - Processing /home/airflow/.local/lib/python3.12/site-packages/airflow/example_dags/example_latest_only.py took 0.096 seconds
[2024-11-18T16:41:49.511+0000] {processor.py:186} INFO - Started process (PID=423) to work on /home/airflow/.local/lib/python3.12/site-packages/airflow/example_dags/example_latest_only.py
[2024-11-18T16:41:49.513+0000] {processor.py:914} INFO - Processing file /home/airflow/.local/lib/python3.12/site-packages/airflow/example_dags/example_latest_only.py for tasks to queue
[2024-11-18T16:41:49.515+0000] {logging_mixin.py:190} INFO - [2024-11-18T16:41:49.515+0000] {dagbag.py:588} INFO - Filling up the DagBag from /home/airflow/.local/lib/python3.12/site-packages/airflow/example_dags/example_latest_only.py
[2024-11-18T16:41:49.527+0000] {processor.py:925} INFO - DAG(s) 'latest_only' retrieved from /home/airflow/.local/lib/python3.12/site-packages/airflow/example_dags/example_latest_only.py
[2024-11-18T16:41:49.554+0000] {logging_mixin.py:190} INFO - [2024-11-18T16:41:49.554+0000] {dag.py:3239} INFO - Sync 1 DAGs
[2024-11-18T16:41:49.583+0000] {logging_mixin.py:190} INFO - [2024-11-18T16:41:49.583+0000] {dag.py:4180} INFO - Setting next_dagrun for latest_only to 2024-11-18 12:00:00+00:00, run_after=2024-11-18 16:00:00+00:00
[2024-11-18T16:41:49.603+0000] {processor.py:208} INFO - Processing /home/airflow/.local/lib/python3.12/site-packages/airflow/example_dags/example_latest_only.py took 0.102 seconds
[2024-11-18T16:42:20.195+0000] {processor.py:186} INFO - Started process (PID=486) to work on /home/airflow/.local/lib/python3.12/site-packages/airflow/example_dags/example_latest_only.py
[2024-11-18T16:42:20.196+0000] {processor.py:914} INFO - Processing file /home/airflow/.local/lib/python3.12/site-packages/airflow/example_dags/example_latest_only.py for tasks to queue
[2024-11-18T16:42:20.200+0000] {logging_mixin.py:190} INFO - [2024-11-18T16:42:20.199+0000] {dagbag.py:588} INFO - Filling up the DagBag from /home/airflow/.local/lib/python3.12/site-packages/airflow/example_dags/example_latest_only.py
[2024-11-18T16:42:20.210+0000] {processor.py:925} INFO - DAG(s) 'latest_only' retrieved from /home/airflow/.local/lib/python3.12/site-packages/airflow/example_dags/example_latest_only.py
[2024-11-18T16:42:20.234+0000] {logging_mixin.py:190} INFO - [2024-11-18T16:42:20.234+0000] {dag.py:3239} INFO - Sync 1 DAGs
[2024-11-18T16:42:20.262+0000] {logging_mixin.py:190} INFO - [2024-11-18T16:42:20.262+0000] {dag.py:4180} INFO - Setting next_dagrun for latest_only to 2024-11-18 12:00:00+00:00, run_after=2024-11-18 16:00:00+00:00
[2024-11-18T16:42:20.286+0000] {processor.py:208} INFO - Processing /home/airflow/.local/lib/python3.12/site-packages/airflow/example_dags/example_latest_only.py took 0.099 seconds
[2024-11-18T16:42:50.716+0000] {processor.py:186} INFO - Started process (PID=549) to work on /home/airflow/.local/lib/python3.12/site-packages/airflow/example_dags/example_latest_only.py
[2024-11-18T16:42:50.717+0000] {processor.py:914} INFO - Processing file /home/airflow/.local/lib/python3.12/site-packages/airflow/example_dags/example_latest_only.py for tasks to queue
[2024-11-18T16:42:50.720+0000] {logging_mixin.py:190} INFO - [2024-11-18T16:42:50.720+0000] {dagbag.py:588} INFO - Filling up the DagBag from /home/airflow/.local/lib/python3.12/site-packages/airflow/example_dags/example_latest_only.py
[2024-11-18T16:42:50.729+0000] {processor.py:925} INFO - DAG(s) 'latest_only' retrieved from /home/airflow/.local/lib/python3.12/site-packages/airflow/example_dags/example_latest_only.py
[2024-11-18T16:42:50.753+0000] {logging_mixin.py:190} INFO - [2024-11-18T16:42:50.753+0000] {dag.py:3239} INFO - Sync 1 DAGs
[2024-11-18T16:42:50.781+0000] {logging_mixin.py:190} INFO - [2024-11-18T16:42:50.781+0000] {dag.py:4180} INFO - Setting next_dagrun for latest_only to 2024-11-18 12:00:00+00:00, run_after=2024-11-18 16:00:00+00:00
[2024-11-18T16:42:50.802+0000] {processor.py:208} INFO - Processing /home/airflow/.local/lib/python3.12/site-packages/airflow/example_dags/example_latest_only.py took 0.094 seconds
[2024-11-18T16:43:20.906+0000] {processor.py:186} INFO - Started process (PID=611) to work on /home/airflow/.local/lib/python3.12/site-packages/airflow/example_dags/example_latest_only.py
[2024-11-18T16:43:20.907+0000] {processor.py:914} INFO - Processing file /home/airflow/.local/lib/python3.12/site-packages/airflow/example_dags/example_latest_only.py for tasks to queue
[2024-11-18T16:43:20.911+0000] {logging_mixin.py:190} INFO - [2024-11-18T16:43:20.910+0000] {dagbag.py:588} INFO - Filling up the DagBag from /home/airflow/.local/lib/python3.12/site-packages/airflow/example_dags/example_latest_only.py
[2024-11-18T16:43:20.919+0000] {processor.py:925} INFO - DAG(s) 'latest_only' retrieved from /home/airflow/.local/lib/python3.12/site-packages/airflow/example_dags/example_latest_only.py
[2024-11-18T16:43:20.943+0000] {logging_mixin.py:190} INFO - [2024-11-18T16:43:20.943+0000] {dag.py:3239} INFO - Sync 1 DAGs
[2024-11-18T16:43:20.969+0000] {logging_mixin.py:190} INFO - [2024-11-18T16:43:20.968+0000] {dag.py:4180} INFO - Setting next_dagrun for latest_only to 2024-11-18 12:00:00+00:00, run_after=2024-11-18 16:00:00+00:00
[2024-11-18T16:43:20.989+0000] {processor.py:208} INFO - Processing /home/airflow/.local/lib/python3.12/site-packages/airflow/example_dags/example_latest_only.py took 0.090 seconds
[2024-11-18T16:43:51.149+0000] {processor.py:186} INFO - Started process (PID=674) to work on /home/airflow/.local/lib/python3.12/site-packages/airflow/example_dags/example_latest_only.py
[2024-11-18T16:43:51.150+0000] {processor.py:914} INFO - Processing file /home/airflow/.local/lib/python3.12/site-packages/airflow/example_dags/example_latest_only.py for tasks to queue
[2024-11-18T16:43:51.153+0000] {logging_mixin.py:190} INFO - [2024-11-18T16:43:51.153+0000] {dagbag.py:588} INFO - Filling up the DagBag from /home/airflow/.local/lib/python3.12/site-packages/airflow/example_dags/example_latest_only.py
[2024-11-18T16:43:51.161+0000] {processor.py:925} INFO - DAG(s) 'latest_only' retrieved from /home/airflow/.local/lib/python3.12/site-packages/airflow/example_dags/example_latest_only.py
[2024-11-18T16:43:51.182+0000] {logging_mixin.py:190} INFO - [2024-11-18T16:43:51.182+0000] {dag.py:3239} INFO - Sync 1 DAGs
[2024-11-18T16:43:51.208+0000] {logging_mixin.py:190} INFO - [2024-11-18T16:43:51.207+0000] {dag.py:4180} INFO - Setting next_dagrun for latest_only to 2024-11-18 12:00:00+00:00, run_after=2024-11-18 16:00:00+00:00
[2024-11-18T16:43:51.228+0000] {processor.py:208} INFO - Processing /home/airflow/.local/lib/python3.12/site-packages/airflow/example_dags/example_latest_only.py took 0.085 seconds
[2024-11-18T16:44:21.430+0000] {processor.py:186} INFO - Started process (PID=737) to work on /home/airflow/.local/lib/python3.12/site-packages/airflow/example_dags/example_latest_only.py
[2024-11-18T16:44:21.432+0000] {processor.py:914} INFO - Processing file /home/airflow/.local/lib/python3.12/site-packages/airflow/example_dags/example_latest_only.py for tasks to queue
[2024-11-18T16:44:21.436+0000] {logging_mixin.py:190} INFO - [2024-11-18T16:44:21.435+0000] {dagbag.py:588} INFO - Filling up the DagBag from /home/airflow/.local/lib/python3.12/site-packages/airflow/example_dags/example_latest_only.py
[2024-11-18T16:44:21.444+0000] {processor.py:925} INFO - DAG(s) 'latest_only' retrieved from /home/airflow/.local/lib/python3.12/site-packages/airflow/example_dags/example_latest_only.py
[2024-11-18T16:44:21.466+0000] {logging_mixin.py:190} INFO - [2024-11-18T16:44:21.465+0000] {dag.py:3239} INFO - Sync 1 DAGs
[2024-11-18T16:44:21.492+0000] {logging_mixin.py:190} INFO - [2024-11-18T16:44:21.492+0000] {dag.py:4180} INFO - Setting next_dagrun for latest_only to 2024-11-18 12:00:00+00:00, run_after=2024-11-18 16:00:00+00:00
[2024-11-18T16:44:21.512+0000] {processor.py:208} INFO - Processing /home/airflow/.local/lib/python3.12/site-packages/airflow/example_dags/example_latest_only.py took 0.089 seconds
[2024-11-18T16:44:51.913+0000] {processor.py:186} INFO - Started process (PID=799) to work on /home/airflow/.local/lib/python3.12/site-packages/airflow/example_dags/example_latest_only.py
[2024-11-18T16:44:51.914+0000] {processor.py:914} INFO - Processing file /home/airflow/.local/lib/python3.12/site-packages/airflow/example_dags/example_latest_only.py for tasks to queue
[2024-11-18T16:44:51.917+0000] {logging_mixin.py:190} INFO - [2024-11-18T16:44:51.917+0000] {dagbag.py:588} INFO - Filling up the DagBag from /home/airflow/.local/lib/python3.12/site-packages/airflow/example_dags/example_latest_only.py
[2024-11-18T16:44:51.925+0000] {processor.py:925} INFO - DAG(s) 'latest_only' retrieved from /home/airflow/.local/lib/python3.12/site-packages/airflow/example_dags/example_latest_only.py
[2024-11-18T16:44:51.947+0000] {logging_mixin.py:190} INFO - [2024-11-18T16:44:51.947+0000] {dag.py:3239} INFO - Sync 1 DAGs
[2024-11-18T16:44:51.974+0000] {logging_mixin.py:190} INFO - [2024-11-18T16:44:51.974+0000] {dag.py:4180} INFO - Setting next_dagrun for latest_only to 2024-11-18 12:00:00+00:00, run_after=2024-11-18 16:00:00+00:00
[2024-11-18T16:44:51.993+0000] {processor.py:208} INFO - Processing /home/airflow/.local/lib/python3.12/site-packages/airflow/example_dags/example_latest_only.py took 0.087 seconds
[2024-11-18T16:45:22.540+0000] {processor.py:186} INFO - Started process (PID=862) to work on /home/airflow/.local/lib/python3.12/site-packages/airflow/example_dags/example_latest_only.py
[2024-11-18T16:45:22.542+0000] {processor.py:914} INFO - Processing file /home/airflow/.local/lib/python3.12/site-packages/airflow/example_dags/example_latest_only.py for tasks to queue
[2024-11-18T16:45:22.545+0000] {logging_mixin.py:190} INFO - [2024-11-18T16:45:22.545+0000] {dagbag.py:588} INFO - Filling up the DagBag from /home/airflow/.local/lib/python3.12/site-packages/airflow/example_dags/example_latest_only.py
[2024-11-18T16:45:22.553+0000] {processor.py:925} INFO - DAG(s) 'latest_only' retrieved from /home/airflow/.local/lib/python3.12/site-packages/airflow/example_dags/example_latest_only.py
[2024-11-18T16:45:22.574+0000] {logging_mixin.py:190} INFO - [2024-11-18T16:45:22.574+0000] {dag.py:3239} INFO - Sync 1 DAGs
[2024-11-18T16:45:22.600+0000] {logging_mixin.py:190} INFO - [2024-11-18T16:45:22.600+0000] {dag.py:4180} INFO - Setting next_dagrun for latest_only to 2024-11-18 12:00:00+00:00, run_after=2024-11-18 16:00:00+00:00
[2024-11-18T16:45:22.620+0000] {processor.py:208} INFO - Processing /home/airflow/.local/lib/python3.12/site-packages/airflow/example_dags/example_latest_only.py took 0.086 seconds
[2024-11-18T16:45:53.071+0000] {processor.py:186} INFO - Started process (PID=924) to work on /home/airflow/.local/lib/python3.12/site-packages/airflow/example_dags/example_latest_only.py
[2024-11-18T16:45:53.072+0000] {processor.py:914} INFO - Processing file /home/airflow/.local/lib/python3.12/site-packages/airflow/example_dags/example_latest_only.py for tasks to queue
[2024-11-18T16:45:53.075+0000] {logging_mixin.py:190} INFO - [2024-11-18T16:45:53.075+0000] {dagbag.py:588} INFO - Filling up the DagBag from /home/airflow/.local/lib/python3.12/site-packages/airflow/example_dags/example_latest_only.py
[2024-11-18T16:45:53.083+0000] {processor.py:925} INFO - DAG(s) 'latest_only' retrieved from /home/airflow/.local/lib/python3.12/site-packages/airflow/example_dags/example_latest_only.py
[2024-11-18T16:45:53.105+0000] {logging_mixin.py:190} INFO - [2024-11-18T16:45:53.105+0000] {dag.py:3239} INFO - Sync 1 DAGs
[2024-11-18T16:45:53.132+0000] {logging_mixin.py:190} INFO - [2024-11-18T16:45:53.131+0000] {dag.py:4180} INFO - Setting next_dagrun for latest_only to 2024-11-18 12:00:00+00:00, run_after=2024-11-18 16:00:00+00:00
[2024-11-18T16:45:53.152+0000] {processor.py:208} INFO - Processing /home/airflow/.local/lib/python3.12/site-packages/airflow/example_dags/example_latest_only.py took 0.087 seconds
[2024-11-18T16:46:24.085+0000] {processor.py:186} INFO - Started process (PID=987) to work on /home/airflow/.local/lib/python3.12/site-packages/airflow/example_dags/example_latest_only.py
[2024-11-18T16:46:24.086+0000] {processor.py:914} INFO - Processing file /home/airflow/.local/lib/python3.12/site-packages/airflow/example_dags/example_latest_only.py for tasks to queue
[2024-11-18T16:46:24.089+0000] {logging_mixin.py:190} INFO - [2024-11-18T16:46:24.089+0000] {dagbag.py:588} INFO - Filling up the DagBag from /home/airflow/.local/lib/python3.12/site-packages/airflow/example_dags/example_latest_only.py
[2024-11-18T16:46:24.098+0000] {processor.py:925} INFO - DAG(s) 'latest_only' retrieved from /home/airflow/.local/lib/python3.12/site-packages/airflow/example_dags/example_latest_only.py
[2024-11-18T16:46:24.127+0000] {logging_mixin.py:190} INFO - [2024-11-18T16:46:24.127+0000] {dag.py:3239} INFO - Sync 1 DAGs
[2024-11-18T16:46:24.153+0000] {logging_mixin.py:190} INFO - [2024-11-18T16:46:24.153+0000] {dag.py:4180} INFO - Setting next_dagrun for latest_only to 2024-11-18 12:00:00+00:00, run_after=2024-11-18 16:00:00+00:00
[2024-11-18T16:46:24.175+0000] {processor.py:208} INFO - Processing /home/airflow/.local/lib/python3.12/site-packages/airflow/example_dags/example_latest_only.py took 0.096 seconds
[2024-11-18T16:46:54.259+0000] {processor.py:186} INFO - Started process (PID=1050) to work on /home/airflow/.local/lib/python3.12/site-packages/airflow/example_dags/example_latest_only.py
[2024-11-18T16:46:54.260+0000] {processor.py:914} INFO - Processing file /home/airflow/.local/lib/python3.12/site-packages/airflow/example_dags/example_latest_only.py for tasks to queue
[2024-11-18T16:46:54.263+0000] {logging_mixin.py:190} INFO - [2024-11-18T16:46:54.262+0000] {dagbag.py:588} INFO - Filling up the DagBag from /home/airflow/.local/lib/python3.12/site-packages/airflow/example_dags/example_latest_only.py
[2024-11-18T16:46:54.271+0000] {processor.py:925} INFO - DAG(s) 'latest_only' retrieved from /home/airflow/.local/lib/python3.12/site-packages/airflow/example_dags/example_latest_only.py
[2024-11-18T16:46:54.294+0000] {logging_mixin.py:190} INFO - [2024-11-18T16:46:54.294+0000] {dag.py:3239} INFO - Sync 1 DAGs
[2024-11-18T16:46:54.326+0000] {logging_mixin.py:190} INFO - [2024-11-18T16:46:54.325+0000] {dag.py:4180} INFO - Setting next_dagrun for latest_only to 2024-11-18 12:00:00+00:00, run_after=2024-11-18 16:00:00+00:00
[2024-11-18T16:46:54.351+0000] {processor.py:208} INFO - Processing /home/airflow/.local/lib/python3.12/site-packages/airflow/example_dags/example_latest_only.py took 0.100 seconds
[2024-11-18T16:47:24.450+0000] {processor.py:186} INFO - Started process (PID=1113) to work on /home/airflow/.local/lib/python3.12/site-packages/airflow/example_dags/example_latest_only.py
[2024-11-18T16:47:24.453+0000] {processor.py:914} INFO - Processing file /home/airflow/.local/lib/python3.12/site-packages/airflow/example_dags/example_latest_only.py for tasks to queue
[2024-11-18T16:47:24.456+0000] {logging_mixin.py:190} INFO - [2024-11-18T16:47:24.456+0000] {dagbag.py:588} INFO - Filling up the DagBag from /home/airflow/.local/lib/python3.12/site-packages/airflow/example_dags/example_latest_only.py
[2024-11-18T16:47:24.464+0000] {processor.py:925} INFO - DAG(s) 'latest_only' retrieved from /home/airflow/.local/lib/python3.12/site-packages/airflow/example_dags/example_latest_only.py
[2024-11-18T16:47:24.491+0000] {logging_mixin.py:190} INFO - [2024-11-18T16:47:24.490+0000] {dag.py:3239} INFO - Sync 1 DAGs
[2024-11-18T16:47:24.517+0000] {logging_mixin.py:190} INFO - [2024-11-18T16:47:24.516+0000] {dag.py:4180} INFO - Setting next_dagrun for latest_only to 2024-11-18 12:00:00+00:00, run_after=2024-11-18 16:00:00+00:00
[2024-11-18T16:47:24.544+0000] {processor.py:208} INFO - Processing /home/airflow/.local/lib/python3.12/site-packages/airflow/example_dags/example_latest_only.py took 0.103 seconds
[2024-11-18T16:47:55.832+0000] {processor.py:186} INFO - Started process (PID=1176) to work on /home/airflow/.local/lib/python3.12/site-packages/airflow/example_dags/example_latest_only.py
[2024-11-18T16:47:55.834+0000] {processor.py:914} INFO - Processing file /home/airflow/.local/lib/python3.12/site-packages/airflow/example_dags/example_latest_only.py for tasks to queue
[2024-11-18T16:47:55.838+0000] {logging_mixin.py:190} INFO - [2024-11-18T16:47:55.838+0000] {dagbag.py:588} INFO - Filling up the DagBag from /home/airflow/.local/lib/python3.12/site-packages/airflow/example_dags/example_latest_only.py
[2024-11-18T16:47:55.877+0000] {processor.py:925} INFO - DAG(s) 'latest_only' retrieved from /home/airflow/.local/lib/python3.12/site-packages/airflow/example_dags/example_latest_only.py
[2024-11-18T16:47:55.906+0000] {logging_mixin.py:190} INFO - [2024-11-18T16:47:55.906+0000] {dag.py:3239} INFO - Sync 1 DAGs
[2024-11-18T16:47:55.941+0000] {logging_mixin.py:190} INFO - [2024-11-18T16:47:55.940+0000] {dag.py:4180} INFO - Setting next_dagrun for latest_only to 2024-11-18 12:00:00+00:00, run_after=2024-11-18 16:00:00+00:00
[2024-11-18T16:47:56.001+0000] {processor.py:208} INFO - Processing /home/airflow/.local/lib/python3.12/site-packages/airflow/example_dags/example_latest_only.py took 0.178 seconds
[2024-11-18T16:48:26.324+0000] {processor.py:186} INFO - Started process (PID=1239) to work on /home/airflow/.local/lib/python3.12/site-packages/airflow/example_dags/example_latest_only.py
[2024-11-18T16:48:26.325+0000] {processor.py:914} INFO - Processing file /home/airflow/.local/lib/python3.12/site-packages/airflow/example_dags/example_latest_only.py for tasks to queue
[2024-11-18T16:48:26.328+0000] {logging_mixin.py:190} INFO - [2024-11-18T16:48:26.328+0000] {dagbag.py:588} INFO - Filling up the DagBag from /home/airflow/.local/lib/python3.12/site-packages/airflow/example_dags/example_latest_only.py
[2024-11-18T16:48:26.336+0000] {processor.py:925} INFO - DAG(s) 'latest_only' retrieved from /home/airflow/.local/lib/python3.12/site-packages/airflow/example_dags/example_latest_only.py
[2024-11-18T16:48:26.365+0000] {logging_mixin.py:190} INFO - [2024-11-18T16:48:26.365+0000] {dag.py:3239} INFO - Sync 1 DAGs
[2024-11-18T16:48:26.395+0000] {logging_mixin.py:190} INFO - [2024-11-18T16:48:26.394+0000] {dag.py:4180} INFO - Setting next_dagrun for latest_only to 2024-11-18 12:00:00+00:00, run_after=2024-11-18 16:00:00+00:00
[2024-11-18T16:48:26.416+0000] {processor.py:208} INFO - Processing /home/airflow/.local/lib/python3.12/site-packages/airflow/example_dags/example_latest_only.py took 0.099 seconds
[2024-11-18T16:48:56.636+0000] {processor.py:186} INFO - Started process (PID=1302) to work on /home/airflow/.local/lib/python3.12/site-packages/airflow/example_dags/example_latest_only.py
[2024-11-18T16:48:56.638+0000] {processor.py:914} INFO - Processing file /home/airflow/.local/lib/python3.12/site-packages/airflow/example_dags/example_latest_only.py for tasks to queue
[2024-11-18T16:48:56.641+0000] {logging_mixin.py:190} INFO - [2024-11-18T16:48:56.641+0000] {dagbag.py:588} INFO - Filling up the DagBag from /home/airflow/.local/lib/python3.12/site-packages/airflow/example_dags/example_latest_only.py
[2024-11-18T16:48:56.649+0000] {processor.py:925} INFO - DAG(s) 'latest_only' retrieved from /home/airflow/.local/lib/python3.12/site-packages/airflow/example_dags/example_latest_only.py
[2024-11-18T16:48:56.672+0000] {logging_mixin.py:190} INFO - [2024-11-18T16:48:56.671+0000] {dag.py:3239} INFO - Sync 1 DAGs
[2024-11-18T16:48:56.698+0000] {logging_mixin.py:190} INFO - [2024-11-18T16:48:56.697+0000] {dag.py:4180} INFO - Setting next_dagrun for latest_only to 2024-11-18 12:00:00+00:00, run_after=2024-11-18 16:00:00+00:00
[2024-11-18T16:48:56.718+0000] {processor.py:208} INFO - Processing /home/airflow/.local/lib/python3.12/site-packages/airflow/example_dags/example_latest_only.py took 0.092 seconds
[2024-11-18T16:49:27.295+0000] {processor.py:186} INFO - Started process (PID=1365) to work on /home/airflow/.local/lib/python3.12/site-packages/airflow/example_dags/example_latest_only.py
[2024-11-18T16:49:27.296+0000] {processor.py:914} INFO - Processing file /home/airflow/.local/lib/python3.12/site-packages/airflow/example_dags/example_latest_only.py for tasks to queue
[2024-11-18T16:49:27.299+0000] {logging_mixin.py:190} INFO - [2024-11-18T16:49:27.299+0000] {dagbag.py:588} INFO - Filling up the DagBag from /home/airflow/.local/lib/python3.12/site-packages/airflow/example_dags/example_latest_only.py
[2024-11-18T16:49:27.309+0000] {processor.py:925} INFO - DAG(s) 'latest_only' retrieved from /home/airflow/.local/lib/python3.12/site-packages/airflow/example_dags/example_latest_only.py
[2024-11-18T16:49:27.335+0000] {logging_mixin.py:190} INFO - [2024-11-18T16:49:27.335+0000] {dag.py:3239} INFO - Sync 1 DAGs
[2024-11-18T16:49:27.367+0000] {logging_mixin.py:190} INFO - [2024-11-18T16:49:27.366+0000] {dag.py:4180} INFO - Setting next_dagrun for latest_only to 2024-11-18 12:00:00+00:00, run_after=2024-11-18 16:00:00+00:00
[2024-11-18T16:49:27.389+0000] {processor.py:208} INFO - Processing /home/airflow/.local/lib/python3.12/site-packages/airflow/example_dags/example_latest_only.py took 0.101 seconds
[2024-11-18T16:49:57.546+0000] {processor.py:186} INFO - Started process (PID=1428) to work on /home/airflow/.local/lib/python3.12/site-packages/airflow/example_dags/example_latest_only.py
[2024-11-18T16:49:57.547+0000] {processor.py:914} INFO - Processing file /home/airflow/.local/lib/python3.12/site-packages/airflow/example_dags/example_latest_only.py for tasks to queue
[2024-11-18T16:49:57.551+0000] {logging_mixin.py:190} INFO - [2024-11-18T16:49:57.551+0000] {dagbag.py:588} INFO - Filling up the DagBag from /home/airflow/.local/lib/python3.12/site-packages/airflow/example_dags/example_latest_only.py
[2024-11-18T16:49:57.562+0000] {processor.py:925} INFO - DAG(s) 'latest_only' retrieved from /home/airflow/.local/lib/python3.12/site-packages/airflow/example_dags/example_latest_only.py
[2024-11-18T16:49:57.591+0000] {logging_mixin.py:190} INFO - [2024-11-18T16:49:57.591+0000] {dag.py:3239} INFO - Sync 1 DAGs
[2024-11-18T16:49:57.622+0000] {logging_mixin.py:190} INFO - [2024-11-18T16:49:57.622+0000] {dag.py:4180} INFO - Setting next_dagrun for latest_only to 2024-11-18 12:00:00+00:00, run_after=2024-11-18 16:00:00+00:00
[2024-11-18T16:49:57.652+0000] {processor.py:208} INFO - Processing /home/airflow/.local/lib/python3.12/site-packages/airflow/example_dags/example_latest_only.py took 0.115 seconds
[2024-11-18T16:50:27.835+0000] {processor.py:186} INFO - Started process (PID=1491) to work on /home/airflow/.local/lib/python3.12/site-packages/airflow/example_dags/example_latest_only.py
[2024-11-18T16:50:27.836+0000] {processor.py:914} INFO - Processing file /home/airflow/.local/lib/python3.12/site-packages/airflow/example_dags/example_latest_only.py for tasks to queue
[2024-11-18T16:50:27.839+0000] {logging_mixin.py:190} INFO - [2024-11-18T16:50:27.839+0000] {dagbag.py:588} INFO - Filling up the DagBag from /home/airflow/.local/lib/python3.12/site-packages/airflow/example_dags/example_latest_only.py
[2024-11-18T16:50:27.851+0000] {processor.py:925} INFO - DAG(s) 'latest_only' retrieved from /home/airflow/.local/lib/python3.12/site-packages/airflow/example_dags/example_latest_only.py
[2024-11-18T16:50:27.873+0000] {logging_mixin.py:190} INFO - [2024-11-18T16:50:27.873+0000] {dag.py:3239} INFO - Sync 1 DAGs
[2024-11-18T16:50:27.899+0000] {logging_mixin.py:190} INFO - [2024-11-18T16:50:27.899+0000] {dag.py:4180} INFO - Setting next_dagrun for latest_only to 2024-11-18 12:00:00+00:00, run_after=2024-11-18 16:00:00+00:00
[2024-11-18T16:50:27.920+0000] {processor.py:208} INFO - Processing /home/airflow/.local/lib/python3.12/site-packages/airflow/example_dags/example_latest_only.py took 0.093 seconds
[2024-11-18T16:50:58.675+0000] {processor.py:186} INFO - Started process (PID=1554) to work on /home/airflow/.local/lib/python3.12/site-packages/airflow/example_dags/example_latest_only.py
[2024-11-18T16:50:58.676+0000] {processor.py:914} INFO - Processing file /home/airflow/.local/lib/python3.12/site-packages/airflow/example_dags/example_latest_only.py for tasks to queue
[2024-11-18T16:50:58.680+0000] {logging_mixin.py:190} INFO - [2024-11-18T16:50:58.679+0000] {dagbag.py:588} INFO - Filling up the DagBag from /home/airflow/.local/lib/python3.12/site-packages/airflow/example_dags/example_latest_only.py
[2024-11-18T16:50:58.688+0000] {processor.py:925} INFO - DAG(s) 'latest_only' retrieved from /home/airflow/.local/lib/python3.12/site-packages/airflow/example_dags/example_latest_only.py
[2024-11-18T16:50:58.712+0000] {logging_mixin.py:190} INFO - [2024-11-18T16:50:58.711+0000] {dag.py:3239} INFO - Sync 1 DAGs
[2024-11-18T16:50:58.738+0000] {logging_mixin.py:190} INFO - [2024-11-18T16:50:58.738+0000] {dag.py:4180} INFO - Setting next_dagrun for latest_only to 2024-11-18 12:00:00+00:00, run_after=2024-11-18 16:00:00+00:00
[2024-11-18T16:50:58.758+0000] {processor.py:208} INFO - Processing /home/airflow/.local/lib/python3.12/site-packages/airflow/example_dags/example_latest_only.py took 0.090 seconds
[2024-11-18T16:51:29.474+0000] {processor.py:186} INFO - Started process (PID=1617) to work on /home/airflow/.local/lib/python3.12/site-packages/airflow/example_dags/example_latest_only.py
[2024-11-18T16:51:29.476+0000] {processor.py:914} INFO - Processing file /home/airflow/.local/lib/python3.12/site-packages/airflow/example_dags/example_latest_only.py for tasks to queue
[2024-11-18T16:51:29.479+0000] {logging_mixin.py:190} INFO - [2024-11-18T16:51:29.479+0000] {dagbag.py:588} INFO - Filling up the DagBag from /home/airflow/.local/lib/python3.12/site-packages/airflow/example_dags/example_latest_only.py
[2024-11-18T16:51:29.487+0000] {processor.py:925} INFO - DAG(s) 'latest_only' retrieved from /home/airflow/.local/lib/python3.12/site-packages/airflow/example_dags/example_latest_only.py
[2024-11-18T16:51:29.512+0000] {logging_mixin.py:190} INFO - [2024-11-18T16:51:29.512+0000] {dag.py:3239} INFO - Sync 1 DAGs
[2024-11-18T16:51:29.539+0000] {logging_mixin.py:190} INFO - [2024-11-18T16:51:29.539+0000] {dag.py:4180} INFO - Setting next_dagrun for latest_only to 2024-11-18 12:00:00+00:00, run_after=2024-11-18 16:00:00+00:00
[2024-11-18T16:51:29.561+0000] {processor.py:208} INFO - Processing /home/airflow/.local/lib/python3.12/site-packages/airflow/example_dags/example_latest_only.py took 0.094 seconds
[2024-11-18T16:51:59.636+0000] {processor.py:186} INFO - Started process (PID=1679) to work on /home/airflow/.local/lib/python3.12/site-packages/airflow/example_dags/example_latest_only.py
[2024-11-18T16:51:59.637+0000] {processor.py:914} INFO - Processing file /home/airflow/.local/lib/python3.12/site-packages/airflow/example_dags/example_latest_only.py for tasks to queue
[2024-11-18T16:51:59.640+0000] {logging_mixin.py:190} INFO - [2024-11-18T16:51:59.640+0000] {dagbag.py:588} INFO - Filling up the DagBag from /home/airflow/.local/lib/python3.12/site-packages/airflow/example_dags/example_latest_only.py
[2024-11-18T16:51:59.650+0000] {processor.py:925} INFO - DAG(s) 'latest_only' retrieved from /home/airflow/.local/lib/python3.12/site-packages/airflow/example_dags/example_latest_only.py
[2024-11-18T16:51:59.673+0000] {logging_mixin.py:190} INFO - [2024-11-18T16:51:59.673+0000] {dag.py:3239} INFO - Sync 1 DAGs
[2024-11-18T16:51:59.700+0000] {logging_mixin.py:190} INFO - [2024-11-18T16:51:59.700+0000] {dag.py:4180} INFO - Setting next_dagrun for latest_only to 2024-11-18 12:00:00+00:00, run_after=2024-11-18 16:00:00+00:00
[2024-11-18T16:51:59.723+0000] {processor.py:208} INFO - Processing /home/airflow/.local/lib/python3.12/site-packages/airflow/example_dags/example_latest_only.py took 0.096 seconds
[2024-11-18T16:52:29.841+0000] {processor.py:186} INFO - Started process (PID=1742) to work on /home/airflow/.local/lib/python3.12/site-packages/airflow/example_dags/example_latest_only.py
[2024-11-18T16:52:29.842+0000] {processor.py:914} INFO - Processing file /home/airflow/.local/lib/python3.12/site-packages/airflow/example_dags/example_latest_only.py for tasks to queue
[2024-11-18T16:52:29.845+0000] {logging_mixin.py:190} INFO - [2024-11-18T16:52:29.845+0000] {dagbag.py:588} INFO - Filling up the DagBag from /home/airflow/.local/lib/python3.12/site-packages/airflow/example_dags/example_latest_only.py
[2024-11-18T16:52:29.854+0000] {processor.py:925} INFO - DAG(s) 'latest_only' retrieved from /home/airflow/.local/lib/python3.12/site-packages/airflow/example_dags/example_latest_only.py
[2024-11-18T16:52:29.876+0000] {logging_mixin.py:190} INFO - [2024-11-18T16:52:29.876+0000] {dag.py:3239} INFO - Sync 1 DAGs
[2024-11-18T16:52:29.907+0000] {logging_mixin.py:190} INFO - [2024-11-18T16:52:29.907+0000] {dag.py:4180} INFO - Setting next_dagrun for latest_only to 2024-11-18 12:00:00+00:00, run_after=2024-11-18 16:00:00+00:00
[2024-11-18T16:52:29.932+0000] {processor.py:208} INFO - Processing /home/airflow/.local/lib/python3.12/site-packages/airflow/example_dags/example_latest_only.py took 0.099 seconds
[2024-11-18T16:53:00.043+0000] {processor.py:186} INFO - Started process (PID=1805) to work on /home/airflow/.local/lib/python3.12/site-packages/airflow/example_dags/example_latest_only.py
[2024-11-18T16:53:00.044+0000] {processor.py:914} INFO - Processing file /home/airflow/.local/lib/python3.12/site-packages/airflow/example_dags/example_latest_only.py for tasks to queue
[2024-11-18T16:53:00.048+0000] {logging_mixin.py:190} INFO - [2024-11-18T16:53:00.048+0000] {dagbag.py:588} INFO - Filling up the DagBag from /home/airflow/.local/lib/python3.12/site-packages/airflow/example_dags/example_latest_only.py
[2024-11-18T16:53:00.058+0000] {processor.py:925} INFO - DAG(s) 'latest_only' retrieved from /home/airflow/.local/lib/python3.12/site-packages/airflow/example_dags/example_latest_only.py
[2024-11-18T16:53:00.085+0000] {logging_mixin.py:190} INFO - [2024-11-18T16:53:00.084+0000] {dag.py:3239} INFO - Sync 1 DAGs
[2024-11-18T16:53:00.112+0000] {logging_mixin.py:190} INFO - [2024-11-18T16:53:00.111+0000] {dag.py:4180} INFO - Setting next_dagrun for latest_only to 2024-11-18 12:00:00+00:00, run_after=2024-11-18 16:00:00+00:00
[2024-11-18T16:53:00.135+0000] {processor.py:208} INFO - Processing /home/airflow/.local/lib/python3.12/site-packages/airflow/example_dags/example_latest_only.py took 0.100 seconds
[2024-11-18T16:53:30.236+0000] {processor.py:186} INFO - Started process (PID=1868) to work on /home/airflow/.local/lib/python3.12/site-packages/airflow/example_dags/example_latest_only.py
[2024-11-18T16:53:30.237+0000] {processor.py:914} INFO - Processing file /home/airflow/.local/lib/python3.12/site-packages/airflow/example_dags/example_latest_only.py for tasks to queue
[2024-11-18T16:53:30.240+0000] {logging_mixin.py:190} INFO - [2024-11-18T16:53:30.240+0000] {dagbag.py:588} INFO - Filling up the DagBag from /home/airflow/.local/lib/python3.12/site-packages/airflow/example_dags/example_latest_only.py
[2024-11-18T16:53:30.249+0000] {processor.py:925} INFO - DAG(s) 'latest_only' retrieved from /home/airflow/.local/lib/python3.12/site-packages/airflow/example_dags/example_latest_only.py
[2024-11-18T16:53:30.273+0000] {logging_mixin.py:190} INFO - [2024-11-18T16:53:30.272+0000] {dag.py:3239} INFO - Sync 1 DAGs
[2024-11-18T16:53:30.300+0000] {logging_mixin.py:190} INFO - [2024-11-18T16:53:30.299+0000] {dag.py:4180} INFO - Setting next_dagrun for latest_only to 2024-11-18 12:00:00+00:00, run_after=2024-11-18 16:00:00+00:00
[2024-11-18T16:53:30.321+0000] {processor.py:208} INFO - Processing /home/airflow/.local/lib/python3.12/site-packages/airflow/example_dags/example_latest_only.py took 0.092 seconds
[2024-11-18T16:54:00.609+0000] {processor.py:186} INFO - Started process (PID=1931) to work on /home/airflow/.local/lib/python3.12/site-packages/airflow/example_dags/example_latest_only.py
[2024-11-18T16:54:00.610+0000] {processor.py:914} INFO - Processing file /home/airflow/.local/lib/python3.12/site-packages/airflow/example_dags/example_latest_only.py for tasks to queue
[2024-11-18T16:54:00.613+0000] {logging_mixin.py:190} INFO - [2024-11-18T16:54:00.613+0000] {dagbag.py:588} INFO - Filling up the DagBag from /home/airflow/.local/lib/python3.12/site-packages/airflow/example_dags/example_latest_only.py
[2024-11-18T16:54:00.621+0000] {processor.py:925} INFO - DAG(s) 'latest_only' retrieved from /home/airflow/.local/lib/python3.12/site-packages/airflow/example_dags/example_latest_only.py
[2024-11-18T16:54:00.643+0000] {logging_mixin.py:190} INFO - [2024-11-18T16:54:00.643+0000] {dag.py:3239} INFO - Sync 1 DAGs
[2024-11-18T16:54:00.669+0000] {logging_mixin.py:190} INFO - [2024-11-18T16:54:00.669+0000] {dag.py:4180} INFO - Setting next_dagrun for latest_only to 2024-11-18 12:00:00+00:00, run_after=2024-11-18 16:00:00+00:00
[2024-11-18T16:54:00.689+0000] {processor.py:208} INFO - Processing /home/airflow/.local/lib/python3.12/site-packages/airflow/example_dags/example_latest_only.py took 0.087 seconds
[2024-11-18T16:54:30.931+0000] {processor.py:186} INFO - Started process (PID=1994) to work on /home/airflow/.local/lib/python3.12/site-packages/airflow/example_dags/example_latest_only.py
[2024-11-18T16:54:30.932+0000] {processor.py:914} INFO - Processing file /home/airflow/.local/lib/python3.12/site-packages/airflow/example_dags/example_latest_only.py for tasks to queue
[2024-11-18T16:54:30.936+0000] {logging_mixin.py:190} INFO - [2024-11-18T16:54:30.936+0000] {dagbag.py:588} INFO - Filling up the DagBag from /home/airflow/.local/lib/python3.12/site-packages/airflow/example_dags/example_latest_only.py
[2024-11-18T16:54:30.945+0000] {processor.py:925} INFO - DAG(s) 'latest_only' retrieved from /home/airflow/.local/lib/python3.12/site-packages/airflow/example_dags/example_latest_only.py
[2024-11-18T16:54:30.967+0000] {logging_mixin.py:190} INFO - [2024-11-18T16:54:30.967+0000] {dag.py:3239} INFO - Sync 1 DAGs
[2024-11-18T16:54:30.993+0000] {logging_mixin.py:190} INFO - [2024-11-18T16:54:30.993+0000] {dag.py:4180} INFO - Setting next_dagrun for latest_only to 2024-11-18 12:00:00+00:00, run_after=2024-11-18 16:00:00+00:00
[2024-11-18T16:54:31.015+0000] {processor.py:208} INFO - Processing /home/airflow/.local/lib/python3.12/site-packages/airflow/example_dags/example_latest_only.py took 0.092 seconds
[2024-11-18T16:55:01.405+0000] {processor.py:186} INFO - Started process (PID=2055) to work on /home/airflow/.local/lib/python3.12/site-packages/airflow/example_dags/example_latest_only.py
[2024-11-18T16:55:01.406+0000] {processor.py:914} INFO - Processing file /home/airflow/.local/lib/python3.12/site-packages/airflow/example_dags/example_latest_only.py for tasks to queue
[2024-11-18T16:55:01.409+0000] {logging_mixin.py:190} INFO - [2024-11-18T16:55:01.409+0000] {dagbag.py:588} INFO - Filling up the DagBag from /home/airflow/.local/lib/python3.12/site-packages/airflow/example_dags/example_latest_only.py
[2024-11-18T16:55:01.417+0000] {processor.py:925} INFO - DAG(s) 'latest_only' retrieved from /home/airflow/.local/lib/python3.12/site-packages/airflow/example_dags/example_latest_only.py
[2024-11-18T16:55:01.440+0000] {logging_mixin.py:190} INFO - [2024-11-18T16:55:01.440+0000] {dag.py:3239} INFO - Sync 1 DAGs
[2024-11-18T16:55:01.468+0000] {logging_mixin.py:190} INFO - [2024-11-18T16:55:01.468+0000] {dag.py:4180} INFO - Setting next_dagrun for latest_only to 2024-11-18 12:00:00+00:00, run_after=2024-11-18 16:00:00+00:00
[2024-11-18T16:55:01.491+0000] {processor.py:208} INFO - Processing /home/airflow/.local/lib/python3.12/site-packages/airflow/example_dags/example_latest_only.py took 0.093 seconds
[2024-11-18T16:55:31.924+0000] {processor.py:186} INFO - Started process (PID=2117) to work on /home/airflow/.local/lib/python3.12/site-packages/airflow/example_dags/example_latest_only.py
[2024-11-18T16:55:31.925+0000] {processor.py:914} INFO - Processing file /home/airflow/.local/lib/python3.12/site-packages/airflow/example_dags/example_latest_only.py for tasks to queue
[2024-11-18T16:55:31.928+0000] {logging_mixin.py:190} INFO - [2024-11-18T16:55:31.928+0000] {dagbag.py:588} INFO - Filling up the DagBag from /home/airflow/.local/lib/python3.12/site-packages/airflow/example_dags/example_latest_only.py
[2024-11-18T16:55:31.936+0000] {processor.py:925} INFO - DAG(s) 'latest_only' retrieved from /home/airflow/.local/lib/python3.12/site-packages/airflow/example_dags/example_latest_only.py
[2024-11-18T16:55:31.958+0000] {logging_mixin.py:190} INFO - [2024-11-18T16:55:31.958+0000] {dag.py:3239} INFO - Sync 1 DAGs
[2024-11-18T16:55:31.989+0000] {logging_mixin.py:190} INFO - [2024-11-18T16:55:31.988+0000] {dag.py:4180} INFO - Setting next_dagrun for latest_only to 2024-11-18 12:00:00+00:00, run_after=2024-11-18 16:00:00+00:00
[2024-11-18T16:55:32.011+0000] {processor.py:208} INFO - Processing /home/airflow/.local/lib/python3.12/site-packages/airflow/example_dags/example_latest_only.py took 0.094 seconds
[2024-11-18T16:56:02.441+0000] {processor.py:186} INFO - Started process (PID=2181) to work on /home/airflow/.local/lib/python3.12/site-packages/airflow/example_dags/example_latest_only.py
[2024-11-18T16:56:02.442+0000] {processor.py:914} INFO - Processing file /home/airflow/.local/lib/python3.12/site-packages/airflow/example_dags/example_latest_only.py for tasks to queue
[2024-11-18T16:56:02.445+0000] {logging_mixin.py:190} INFO - [2024-11-18T16:56:02.444+0000] {dagbag.py:588} INFO - Filling up the DagBag from /home/airflow/.local/lib/python3.12/site-packages/airflow/example_dags/example_latest_only.py
[2024-11-18T16:56:02.453+0000] {processor.py:925} INFO - DAG(s) 'latest_only' retrieved from /home/airflow/.local/lib/python3.12/site-packages/airflow/example_dags/example_latest_only.py
[2024-11-18T16:56:02.479+0000] {logging_mixin.py:190} INFO - [2024-11-18T16:56:02.478+0000] {dag.py:3239} INFO - Sync 1 DAGs
[2024-11-18T16:56:02.507+0000] {logging_mixin.py:190} INFO - [2024-11-18T16:56:02.507+0000] {dag.py:4180} INFO - Setting next_dagrun for latest_only to 2024-11-18 12:00:00+00:00, run_after=2024-11-18 16:00:00+00:00
[2024-11-18T16:56:02.531+0000] {processor.py:208} INFO - Processing /home/airflow/.local/lib/python3.12/site-packages/airflow/example_dags/example_latest_only.py took 0.097 seconds
[2024-11-18T16:56:32.925+0000] {processor.py:186} INFO - Started process (PID=2244) to work on /home/airflow/.local/lib/python3.12/site-packages/airflow/example_dags/example_latest_only.py
[2024-11-18T16:56:32.928+0000] {processor.py:914} INFO - Processing file /home/airflow/.local/lib/python3.12/site-packages/airflow/example_dags/example_latest_only.py for tasks to queue
[2024-11-18T16:56:32.932+0000] {logging_mixin.py:190} INFO - [2024-11-18T16:56:32.931+0000] {dagbag.py:588} INFO - Filling up the DagBag from /home/airflow/.local/lib/python3.12/site-packages/airflow/example_dags/example_latest_only.py
[2024-11-18T16:56:32.942+0000] {processor.py:925} INFO - DAG(s) 'latest_only' retrieved from /home/airflow/.local/lib/python3.12/site-packages/airflow/example_dags/example_latest_only.py
[2024-11-18T16:56:32.969+0000] {logging_mixin.py:190} INFO - [2024-11-18T16:56:32.969+0000] {dag.py:3239} INFO - Sync 1 DAGs
[2024-11-18T16:56:33.003+0000] {logging_mixin.py:190} INFO - [2024-11-18T16:56:33.002+0000] {dag.py:4180} INFO - Setting next_dagrun for latest_only to 2024-11-18 12:00:00+00:00, run_after=2024-11-18 16:00:00+00:00
[2024-11-18T16:56:33.033+0000] {processor.py:208} INFO - Processing /home/airflow/.local/lib/python3.12/site-packages/airflow/example_dags/example_latest_only.py took 0.116 seconds
[2024-11-18T16:57:04.623+0000] {processor.py:186} INFO - Started process (PID=2307) to work on /home/airflow/.local/lib/python3.12/site-packages/airflow/example_dags/example_latest_only.py
[2024-11-18T16:57:04.624+0000] {processor.py:914} INFO - Processing file /home/airflow/.local/lib/python3.12/site-packages/airflow/example_dags/example_latest_only.py for tasks to queue
[2024-11-18T16:57:04.627+0000] {logging_mixin.py:190} INFO - [2024-11-18T16:57:04.627+0000] {dagbag.py:588} INFO - Filling up the DagBag from /home/airflow/.local/lib/python3.12/site-packages/airflow/example_dags/example_latest_only.py
[2024-11-18T16:57:04.637+0000] {processor.py:925} INFO - DAG(s) 'latest_only' retrieved from /home/airflow/.local/lib/python3.12/site-packages/airflow/example_dags/example_latest_only.py
[2024-11-18T16:57:04.666+0000] {logging_mixin.py:190} INFO - [2024-11-18T16:57:04.665+0000] {dag.py:3239} INFO - Sync 1 DAGs
[2024-11-18T16:57:04.704+0000] {logging_mixin.py:190} INFO - [2024-11-18T16:57:04.704+0000] {dag.py:4180} INFO - Setting next_dagrun for latest_only to 2024-11-18 12:00:00+00:00, run_after=2024-11-18 16:00:00+00:00
[2024-11-18T16:57:04.730+0000] {processor.py:208} INFO - Processing /home/airflow/.local/lib/python3.12/site-packages/airflow/example_dags/example_latest_only.py took 0.115 seconds
[2024-11-18T16:57:35.238+0000] {processor.py:186} INFO - Started process (PID=2370) to work on /home/airflow/.local/lib/python3.12/site-packages/airflow/example_dags/example_latest_only.py
[2024-11-18T16:57:35.240+0000] {processor.py:914} INFO - Processing file /home/airflow/.local/lib/python3.12/site-packages/airflow/example_dags/example_latest_only.py for tasks to queue
[2024-11-18T16:57:35.244+0000] {logging_mixin.py:190} INFO - [2024-11-18T16:57:35.244+0000] {dagbag.py:588} INFO - Filling up the DagBag from /home/airflow/.local/lib/python3.12/site-packages/airflow/example_dags/example_latest_only.py
[2024-11-18T16:57:35.255+0000] {processor.py:925} INFO - DAG(s) 'latest_only' retrieved from /home/airflow/.local/lib/python3.12/site-packages/airflow/example_dags/example_latest_only.py
[2024-11-18T16:57:35.285+0000] {logging_mixin.py:190} INFO - [2024-11-18T16:57:35.284+0000] {dag.py:3239} INFO - Sync 1 DAGs
[2024-11-18T16:57:35.319+0000] {logging_mixin.py:190} INFO - [2024-11-18T16:57:35.318+0000] {dag.py:4180} INFO - Setting next_dagrun for latest_only to 2024-11-18 12:00:00+00:00, run_after=2024-11-18 16:00:00+00:00
[2024-11-18T16:57:35.343+0000] {processor.py:208} INFO - Processing /home/airflow/.local/lib/python3.12/site-packages/airflow/example_dags/example_latest_only.py took 0.114 seconds
[2024-11-18T16:58:06.327+0000] {processor.py:186} INFO - Started process (PID=2433) to work on /home/airflow/.local/lib/python3.12/site-packages/airflow/example_dags/example_latest_only.py
[2024-11-18T16:58:06.328+0000] {processor.py:914} INFO - Processing file /home/airflow/.local/lib/python3.12/site-packages/airflow/example_dags/example_latest_only.py for tasks to queue
[2024-11-18T16:58:06.332+0000] {logging_mixin.py:190} INFO - [2024-11-18T16:58:06.331+0000] {dagbag.py:588} INFO - Filling up the DagBag from /home/airflow/.local/lib/python3.12/site-packages/airflow/example_dags/example_latest_only.py
[2024-11-18T16:58:06.345+0000] {processor.py:925} INFO - DAG(s) 'latest_only' retrieved from /home/airflow/.local/lib/python3.12/site-packages/airflow/example_dags/example_latest_only.py
[2024-11-18T16:58:06.375+0000] {logging_mixin.py:190} INFO - [2024-11-18T16:58:06.374+0000] {dag.py:3239} INFO - Sync 1 DAGs
[2024-11-18T16:58:06.409+0000] {logging_mixin.py:190} INFO - [2024-11-18T16:58:06.409+0000] {dag.py:4180} INFO - Setting next_dagrun for latest_only to 2024-11-18 12:00:00+00:00, run_after=2024-11-18 16:00:00+00:00
[2024-11-18T16:58:06.433+0000] {processor.py:208} INFO - Processing /home/airflow/.local/lib/python3.12/site-packages/airflow/example_dags/example_latest_only.py took 0.116 seconds
[2024-11-18T16:58:37.192+0000] {processor.py:186} INFO - Started process (PID=2488) to work on /home/airflow/.local/lib/python3.12/site-packages/airflow/example_dags/example_latest_only.py
[2024-11-18T16:58:37.193+0000] {processor.py:914} INFO - Processing file /home/airflow/.local/lib/python3.12/site-packages/airflow/example_dags/example_latest_only.py for tasks to queue
[2024-11-18T16:58:37.197+0000] {logging_mixin.py:190} INFO - [2024-11-18T16:58:37.196+0000] {dagbag.py:588} INFO - Filling up the DagBag from /home/airflow/.local/lib/python3.12/site-packages/airflow/example_dags/example_latest_only.py
[2024-11-18T16:58:37.205+0000] {processor.py:925} INFO - DAG(s) 'latest_only' retrieved from /home/airflow/.local/lib/python3.12/site-packages/airflow/example_dags/example_latest_only.py
[2024-11-18T16:58:37.234+0000] {logging_mixin.py:190} INFO - [2024-11-18T16:58:37.233+0000] {dag.py:3239} INFO - Sync 1 DAGs
[2024-11-18T16:58:37.261+0000] {logging_mixin.py:190} INFO - [2024-11-18T16:58:37.260+0000] {dag.py:4180} INFO - Setting next_dagrun for latest_only to 2024-11-18 12:00:00+00:00, run_after=2024-11-18 16:00:00+00:00
[2024-11-18T16:58:37.283+0000] {processor.py:208} INFO - Processing /home/airflow/.local/lib/python3.12/site-packages/airflow/example_dags/example_latest_only.py took 0.098 seconds
[2024-11-18T16:59:08.738+0000] {processor.py:186} INFO - Started process (PID=2546) to work on /home/airflow/.local/lib/python3.12/site-packages/airflow/example_dags/example_latest_only.py
[2024-11-18T16:59:08.739+0000] {processor.py:914} INFO - Processing file /home/airflow/.local/lib/python3.12/site-packages/airflow/example_dags/example_latest_only.py for tasks to queue
[2024-11-18T16:59:08.743+0000] {logging_mixin.py:190} INFO - [2024-11-18T16:59:08.742+0000] {dagbag.py:588} INFO - Filling up the DagBag from /home/airflow/.local/lib/python3.12/site-packages/airflow/example_dags/example_latest_only.py
[2024-11-18T16:59:08.751+0000] {processor.py:925} INFO - DAG(s) 'latest_only' retrieved from /home/airflow/.local/lib/python3.12/site-packages/airflow/example_dags/example_latest_only.py
[2024-11-18T16:59:08.781+0000] {logging_mixin.py:190} INFO - [2024-11-18T16:59:08.781+0000] {dag.py:3239} INFO - Sync 1 DAGs
[2024-11-18T16:59:08.812+0000] {logging_mixin.py:190} INFO - [2024-11-18T16:59:08.811+0000] {dag.py:4180} INFO - Setting next_dagrun for latest_only to 2024-11-18 12:00:00+00:00, run_after=2024-11-18 16:00:00+00:00
[2024-11-18T16:59:08.838+0000] {processor.py:208} INFO - Processing /home/airflow/.local/lib/python3.12/site-packages/airflow/example_dags/example_latest_only.py took 0.106 seconds
[2024-11-18T16:59:39.449+0000] {processor.py:186} INFO - Started process (PID=2609) to work on /home/airflow/.local/lib/python3.12/site-packages/airflow/example_dags/example_latest_only.py
[2024-11-18T16:59:39.451+0000] {processor.py:914} INFO - Processing file /home/airflow/.local/lib/python3.12/site-packages/airflow/example_dags/example_latest_only.py for tasks to queue
[2024-11-18T16:59:39.454+0000] {logging_mixin.py:190} INFO - [2024-11-18T16:59:39.453+0000] {dagbag.py:588} INFO - Filling up the DagBag from /home/airflow/.local/lib/python3.12/site-packages/airflow/example_dags/example_latest_only.py
[2024-11-18T16:59:39.466+0000] {processor.py:925} INFO - DAG(s) 'latest_only' retrieved from /home/airflow/.local/lib/python3.12/site-packages/airflow/example_dags/example_latest_only.py
[2024-11-18T16:59:39.495+0000] {logging_mixin.py:190} INFO - [2024-11-18T16:59:39.495+0000] {dag.py:3239} INFO - Sync 1 DAGs
[2024-11-18T16:59:39.526+0000] {logging_mixin.py:190} INFO - [2024-11-18T16:59:39.526+0000] {dag.py:4180} INFO - Setting next_dagrun for latest_only to 2024-11-18 12:00:00+00:00, run_after=2024-11-18 16:00:00+00:00
[2024-11-18T16:59:39.558+0000] {processor.py:208} INFO - Processing /home/airflow/.local/lib/python3.12/site-packages/airflow/example_dags/example_latest_only.py took 0.117 seconds
[2024-11-18T17:00:11.275+0000] {processor.py:186} INFO - Started process (PID=2671) to work on /home/airflow/.local/lib/python3.12/site-packages/airflow/example_dags/example_latest_only.py
[2024-11-18T17:00:11.276+0000] {processor.py:914} INFO - Processing file /home/airflow/.local/lib/python3.12/site-packages/airflow/example_dags/example_latest_only.py for tasks to queue
[2024-11-18T17:00:11.279+0000] {logging_mixin.py:190} INFO - [2024-11-18T17:00:11.279+0000] {dagbag.py:588} INFO - Filling up the DagBag from /home/airflow/.local/lib/python3.12/site-packages/airflow/example_dags/example_latest_only.py
[2024-11-18T17:00:11.288+0000] {processor.py:925} INFO - DAG(s) 'latest_only' retrieved from /home/airflow/.local/lib/python3.12/site-packages/airflow/example_dags/example_latest_only.py
[2024-11-18T17:00:11.312+0000] {logging_mixin.py:190} INFO - [2024-11-18T17:00:11.312+0000] {dag.py:3239} INFO - Sync 1 DAGs
[2024-11-18T17:00:11.343+0000] {logging_mixin.py:190} INFO - [2024-11-18T17:00:11.343+0000] {dag.py:4180} INFO - Setting next_dagrun for latest_only to 2024-11-18 12:00:00+00:00, run_after=2024-11-18 16:00:00+00:00
[2024-11-18T17:00:11.366+0000] {processor.py:208} INFO - Processing /home/airflow/.local/lib/python3.12/site-packages/airflow/example_dags/example_latest_only.py took 0.098 seconds
[2024-11-18T17:00:42.580+0000] {processor.py:186} INFO - Started process (PID=2733) to work on /home/airflow/.local/lib/python3.12/site-packages/airflow/example_dags/example_latest_only.py
[2024-11-18T17:00:42.582+0000] {processor.py:914} INFO - Processing file /home/airflow/.local/lib/python3.12/site-packages/airflow/example_dags/example_latest_only.py for tasks to queue
[2024-11-18T17:00:42.585+0000] {logging_mixin.py:190} INFO - [2024-11-18T17:00:42.584+0000] {dagbag.py:588} INFO - Filling up the DagBag from /home/airflow/.local/lib/python3.12/site-packages/airflow/example_dags/example_latest_only.py
[2024-11-18T17:00:42.594+0000] {processor.py:925} INFO - DAG(s) 'latest_only' retrieved from /home/airflow/.local/lib/python3.12/site-packages/airflow/example_dags/example_latest_only.py
[2024-11-18T17:00:42.620+0000] {logging_mixin.py:190} INFO - [2024-11-18T17:00:42.620+0000] {dag.py:3239} INFO - Sync 1 DAGs
[2024-11-18T17:00:42.649+0000] {logging_mixin.py:190} INFO - [2024-11-18T17:00:42.649+0000] {dag.py:4180} INFO - Setting next_dagrun for latest_only to 2024-11-18 12:00:00+00:00, run_after=2024-11-18 16:00:00+00:00
[2024-11-18T17:00:42.678+0000] {processor.py:208} INFO - Processing /home/airflow/.local/lib/python3.12/site-packages/airflow/example_dags/example_latest_only.py took 0.105 seconds
[2024-11-18T17:02:32.381+0000] {processor.py:186} INFO - Started process (PID=103) to work on /home/airflow/.local/lib/python3.12/site-packages/airflow/example_dags/example_latest_only.py
[2024-11-18T17:02:32.384+0000] {processor.py:914} INFO - Processing file /home/airflow/.local/lib/python3.12/site-packages/airflow/example_dags/example_latest_only.py for tasks to queue
[2024-11-18T17:02:32.388+0000] {logging_mixin.py:190} INFO - [2024-11-18T17:02:32.387+0000] {dagbag.py:588} INFO - Filling up the DagBag from /home/airflow/.local/lib/python3.12/site-packages/airflow/example_dags/example_latest_only.py
[2024-11-18T17:02:32.400+0000] {processor.py:925} INFO - DAG(s) 'latest_only' retrieved from /home/airflow/.local/lib/python3.12/site-packages/airflow/example_dags/example_latest_only.py
[2024-11-18T17:02:32.435+0000] {logging_mixin.py:190} INFO - [2024-11-18T17:02:32.435+0000] {dag.py:3239} INFO - Sync 1 DAGs
[2024-11-18T17:02:32.484+0000] {logging_mixin.py:190} INFO - [2024-11-18T17:02:32.483+0000] {dag.py:4180} INFO - Setting next_dagrun for latest_only to 2024-11-18 12:00:00+00:00, run_after=2024-11-18 16:00:00+00:00
[2024-11-18T17:02:32.518+0000] {processor.py:208} INFO - Processing /home/airflow/.local/lib/python3.12/site-packages/airflow/example_dags/example_latest_only.py took 0.145 seconds
