[2024-11-18T16:24:29.037+0000] {processor.py:186} INFO - Started process (PID=84) to work on /home/airflow/.local/lib/python3.12/site-packages/airflow/example_dags/tutorial_dag.py
[2024-11-18T16:24:29.040+0000] {processor.py:914} INFO - Processing file /home/airflow/.local/lib/python3.12/site-packages/airflow/example_dags/tutorial_dag.py for tasks to queue
[2024-11-18T16:24:29.045+0000] {logging_mixin.py:190} INFO - [2024-11-18T16:24:29.044+0000] {dagbag.py:588} INFO - Filling up the DagBag from /home/airflow/.local/lib/python3.12/site-packages/airflow/example_dags/tutorial_dag.py
[2024-11-18T16:24:29.061+0000] {processor.py:925} INFO - DAG(s) 'tutorial_dag' retrieved from /home/airflow/.local/lib/python3.12/site-packages/airflow/example_dags/tutorial_dag.py
[2024-11-18T16:24:29.288+0000] {logging_mixin.py:190} INFO - [2024-11-18T16:24:29.288+0000] {override.py:1911} INFO - Created Permission View: can read on DAG:tutorial_dag
[2024-11-18T16:24:29.304+0000] {logging_mixin.py:190} INFO - [2024-11-18T16:24:29.303+0000] {override.py:1911} INFO - Created Permission View: can edit on DAG:tutorial_dag
[2024-11-18T16:24:29.318+0000] {logging_mixin.py:190} INFO - [2024-11-18T16:24:29.318+0000] {override.py:1911} INFO - Created Permission View: can delete on DAG:tutorial_dag
[2024-11-18T16:24:29.334+0000] {logging_mixin.py:190} INFO - [2024-11-18T16:24:29.333+0000] {override.py:1911} INFO - Created Permission View: can read on DAG Run:tutorial_dag
[2024-11-18T16:24:29.344+0000] {logging_mixin.py:190} INFO - [2024-11-18T16:24:29.343+0000] {override.py:1911} INFO - Created Permission View: menu access on DAG Run:tutorial_dag
[2024-11-18T16:24:29.354+0000] {logging_mixin.py:190} INFO - [2024-11-18T16:24:29.353+0000] {override.py:1911} INFO - Created Permission View: can create on DAG Run:tutorial_dag
[2024-11-18T16:24:29.365+0000] {logging_mixin.py:190} INFO - [2024-11-18T16:24:29.364+0000] {override.py:1911} INFO - Created Permission View: can delete on DAG Run:tutorial_dag
[2024-11-18T16:24:29.366+0000] {logging_mixin.py:190} INFO - [2024-11-18T16:24:29.366+0000] {dag.py:3239} INFO - Sync 1 DAGs
[2024-11-18T16:24:29.406+0000] {logging_mixin.py:190} INFO - [2024-11-18T16:24:29.406+0000] {dag.py:3262} INFO - Creating ORM DAG for tutorial_dag
[2024-11-18T16:24:29.410+0000] {logging_mixin.py:190} INFO - [2024-11-18T16:24:29.410+0000] {dag.py:4180} INFO - Setting next_dagrun for tutorial_dag to None, run_after=None
[2024-11-18T16:24:29.445+0000] {processor.py:208} INFO - Processing /home/airflow/.local/lib/python3.12/site-packages/airflow/example_dags/tutorial_dag.py took 0.423 seconds
[2024-11-18T16:24:59.484+0000] {processor.py:186} INFO - Started process (PID=147) to work on /home/airflow/.local/lib/python3.12/site-packages/airflow/example_dags/tutorial_dag.py
[2024-11-18T16:24:59.487+0000] {processor.py:914} INFO - Processing file /home/airflow/.local/lib/python3.12/site-packages/airflow/example_dags/tutorial_dag.py for tasks to queue
[2024-11-18T16:24:59.490+0000] {logging_mixin.py:190} INFO - [2024-11-18T16:24:59.490+0000] {dagbag.py:588} INFO - Filling up the DagBag from /home/airflow/.local/lib/python3.12/site-packages/airflow/example_dags/tutorial_dag.py
[2024-11-18T16:24:59.502+0000] {processor.py:925} INFO - DAG(s) 'tutorial_dag' retrieved from /home/airflow/.local/lib/python3.12/site-packages/airflow/example_dags/tutorial_dag.py
[2024-11-18T16:24:59.542+0000] {logging_mixin.py:190} INFO - [2024-11-18T16:24:59.541+0000] {dag.py:3239} INFO - Sync 1 DAGs
[2024-11-18T16:24:59.572+0000] {logging_mixin.py:190} INFO - [2024-11-18T16:24:59.568+0000] {dag.py:4180} INFO - Setting next_dagrun for tutorial_dag to None, run_after=None
[2024-11-18T16:24:59.613+0000] {processor.py:208} INFO - Processing /home/airflow/.local/lib/python3.12/site-packages/airflow/example_dags/tutorial_dag.py took 0.137 seconds
[2024-11-18T16:25:30.104+0000] {processor.py:186} INFO - Started process (PID=209) to work on /home/airflow/.local/lib/python3.12/site-packages/airflow/example_dags/tutorial_dag.py
[2024-11-18T16:25:30.106+0000] {processor.py:914} INFO - Processing file /home/airflow/.local/lib/python3.12/site-packages/airflow/example_dags/tutorial_dag.py for tasks to queue
[2024-11-18T16:25:30.114+0000] {logging_mixin.py:190} INFO - [2024-11-18T16:25:30.113+0000] {dagbag.py:588} INFO - Filling up the DagBag from /home/airflow/.local/lib/python3.12/site-packages/airflow/example_dags/tutorial_dag.py
[2024-11-18T16:25:30.127+0000] {processor.py:925} INFO - DAG(s) 'tutorial_dag' retrieved from /home/airflow/.local/lib/python3.12/site-packages/airflow/example_dags/tutorial_dag.py
[2024-11-18T16:25:30.164+0000] {logging_mixin.py:190} INFO - [2024-11-18T16:25:30.164+0000] {dag.py:3239} INFO - Sync 1 DAGs
[2024-11-18T16:25:30.189+0000] {logging_mixin.py:190} INFO - [2024-11-18T16:25:30.188+0000] {dag.py:4180} INFO - Setting next_dagrun for tutorial_dag to None, run_after=None
[2024-11-18T16:25:30.226+0000] {processor.py:208} INFO - Processing /home/airflow/.local/lib/python3.12/site-packages/airflow/example_dags/tutorial_dag.py took 0.133 seconds
[2024-11-18T16:26:00.951+0000] {processor.py:186} INFO - Started process (PID=272) to work on /home/airflow/.local/lib/python3.12/site-packages/airflow/example_dags/tutorial_dag.py
[2024-11-18T16:26:00.953+0000] {processor.py:914} INFO - Processing file /home/airflow/.local/lib/python3.12/site-packages/airflow/example_dags/tutorial_dag.py for tasks to queue
[2024-11-18T16:26:00.959+0000] {logging_mixin.py:190} INFO - [2024-11-18T16:26:00.958+0000] {dagbag.py:588} INFO - Filling up the DagBag from /home/airflow/.local/lib/python3.12/site-packages/airflow/example_dags/tutorial_dag.py
[2024-11-18T16:26:00.974+0000] {processor.py:925} INFO - DAG(s) 'tutorial_dag' retrieved from /home/airflow/.local/lib/python3.12/site-packages/airflow/example_dags/tutorial_dag.py
[2024-11-18T16:26:01.020+0000] {logging_mixin.py:190} INFO - [2024-11-18T16:26:01.020+0000] {dag.py:3239} INFO - Sync 1 DAGs
[2024-11-18T16:26:01.048+0000] {logging_mixin.py:190} INFO - [2024-11-18T16:26:01.048+0000] {dag.py:4180} INFO - Setting next_dagrun for tutorial_dag to None, run_after=None
[2024-11-18T16:26:01.082+0000] {processor.py:208} INFO - Processing /home/airflow/.local/lib/python3.12/site-packages/airflow/example_dags/tutorial_dag.py took 0.142 seconds
[2024-11-18T16:26:31.373+0000] {processor.py:186} INFO - Started process (PID=335) to work on /home/airflow/.local/lib/python3.12/site-packages/airflow/example_dags/tutorial_dag.py
[2024-11-18T16:26:31.374+0000] {processor.py:914} INFO - Processing file /home/airflow/.local/lib/python3.12/site-packages/airflow/example_dags/tutorial_dag.py for tasks to queue
[2024-11-18T16:26:31.377+0000] {logging_mixin.py:190} INFO - [2024-11-18T16:26:31.377+0000] {dagbag.py:588} INFO - Filling up the DagBag from /home/airflow/.local/lib/python3.12/site-packages/airflow/example_dags/tutorial_dag.py
[2024-11-18T16:26:31.386+0000] {processor.py:925} INFO - DAG(s) 'tutorial_dag' retrieved from /home/airflow/.local/lib/python3.12/site-packages/airflow/example_dags/tutorial_dag.py
[2024-11-18T16:26:31.414+0000] {logging_mixin.py:190} INFO - [2024-11-18T16:26:31.413+0000] {dag.py:3239} INFO - Sync 1 DAGs
[2024-11-18T16:26:31.431+0000] {logging_mixin.py:190} INFO - [2024-11-18T16:26:31.430+0000] {dag.py:4180} INFO - Setting next_dagrun for tutorial_dag to None, run_after=None
[2024-11-18T16:26:31.461+0000] {processor.py:208} INFO - Processing /home/airflow/.local/lib/python3.12/site-packages/airflow/example_dags/tutorial_dag.py took 0.096 seconds
[2024-11-18T16:27:01.806+0000] {processor.py:186} INFO - Started process (PID=398) to work on /home/airflow/.local/lib/python3.12/site-packages/airflow/example_dags/tutorial_dag.py
[2024-11-18T16:27:01.807+0000] {processor.py:914} INFO - Processing file /home/airflow/.local/lib/python3.12/site-packages/airflow/example_dags/tutorial_dag.py for tasks to queue
[2024-11-18T16:27:01.810+0000] {logging_mixin.py:190} INFO - [2024-11-18T16:27:01.809+0000] {dagbag.py:588} INFO - Filling up the DagBag from /home/airflow/.local/lib/python3.12/site-packages/airflow/example_dags/tutorial_dag.py
[2024-11-18T16:27:01.818+0000] {processor.py:925} INFO - DAG(s) 'tutorial_dag' retrieved from /home/airflow/.local/lib/python3.12/site-packages/airflow/example_dags/tutorial_dag.py
[2024-11-18T16:27:01.848+0000] {logging_mixin.py:190} INFO - [2024-11-18T16:27:01.848+0000] {dag.py:3239} INFO - Sync 1 DAGs
[2024-11-18T16:27:01.865+0000] {logging_mixin.py:190} INFO - [2024-11-18T16:27:01.865+0000] {dag.py:4180} INFO - Setting next_dagrun for tutorial_dag to None, run_after=None
[2024-11-18T16:27:01.889+0000] {processor.py:208} INFO - Processing /home/airflow/.local/lib/python3.12/site-packages/airflow/example_dags/tutorial_dag.py took 0.090 seconds
[2024-11-18T16:27:32.230+0000] {processor.py:186} INFO - Started process (PID=461) to work on /home/airflow/.local/lib/python3.12/site-packages/airflow/example_dags/tutorial_dag.py
[2024-11-18T16:27:32.231+0000] {processor.py:914} INFO - Processing file /home/airflow/.local/lib/python3.12/site-packages/airflow/example_dags/tutorial_dag.py for tasks to queue
[2024-11-18T16:27:32.237+0000] {logging_mixin.py:190} INFO - [2024-11-18T16:27:32.237+0000] {dagbag.py:588} INFO - Filling up the DagBag from /home/airflow/.local/lib/python3.12/site-packages/airflow/example_dags/tutorial_dag.py
[2024-11-18T16:27:32.249+0000] {processor.py:925} INFO - DAG(s) 'tutorial_dag' retrieved from /home/airflow/.local/lib/python3.12/site-packages/airflow/example_dags/tutorial_dag.py
[2024-11-18T16:27:32.273+0000] {logging_mixin.py:190} INFO - [2024-11-18T16:27:32.272+0000] {dag.py:3239} INFO - Sync 1 DAGs
[2024-11-18T16:27:32.291+0000] {logging_mixin.py:190} INFO - [2024-11-18T16:27:32.290+0000] {dag.py:4180} INFO - Setting next_dagrun for tutorial_dag to None, run_after=None
[2024-11-18T16:27:32.315+0000] {processor.py:208} INFO - Processing /home/airflow/.local/lib/python3.12/site-packages/airflow/example_dags/tutorial_dag.py took 0.092 seconds
[2024-11-18T16:28:02.487+0000] {processor.py:186} INFO - Started process (PID=524) to work on /home/airflow/.local/lib/python3.12/site-packages/airflow/example_dags/tutorial_dag.py
[2024-11-18T16:28:02.489+0000] {processor.py:914} INFO - Processing file /home/airflow/.local/lib/python3.12/site-packages/airflow/example_dags/tutorial_dag.py for tasks to queue
[2024-11-18T16:28:02.493+0000] {logging_mixin.py:190} INFO - [2024-11-18T16:28:02.493+0000] {dagbag.py:588} INFO - Filling up the DagBag from /home/airflow/.local/lib/python3.12/site-packages/airflow/example_dags/tutorial_dag.py
[2024-11-18T16:28:02.502+0000] {processor.py:925} INFO - DAG(s) 'tutorial_dag' retrieved from /home/airflow/.local/lib/python3.12/site-packages/airflow/example_dags/tutorial_dag.py
[2024-11-18T16:28:02.528+0000] {logging_mixin.py:190} INFO - [2024-11-18T16:28:02.528+0000] {dag.py:3239} INFO - Sync 1 DAGs
[2024-11-18T16:28:02.547+0000] {logging_mixin.py:190} INFO - [2024-11-18T16:28:02.546+0000] {dag.py:4180} INFO - Setting next_dagrun for tutorial_dag to None, run_after=None
[2024-11-18T16:28:02.573+0000] {processor.py:208} INFO - Processing /home/airflow/.local/lib/python3.12/site-packages/airflow/example_dags/tutorial_dag.py took 0.093 seconds
[2024-11-18T16:28:33.231+0000] {processor.py:186} INFO - Started process (PID=587) to work on /home/airflow/.local/lib/python3.12/site-packages/airflow/example_dags/tutorial_dag.py
[2024-11-18T16:28:33.232+0000] {processor.py:914} INFO - Processing file /home/airflow/.local/lib/python3.12/site-packages/airflow/example_dags/tutorial_dag.py for tasks to queue
[2024-11-18T16:28:33.235+0000] {logging_mixin.py:190} INFO - [2024-11-18T16:28:33.234+0000] {dagbag.py:588} INFO - Filling up the DagBag from /home/airflow/.local/lib/python3.12/site-packages/airflow/example_dags/tutorial_dag.py
[2024-11-18T16:28:33.244+0000] {processor.py:925} INFO - DAG(s) 'tutorial_dag' retrieved from /home/airflow/.local/lib/python3.12/site-packages/airflow/example_dags/tutorial_dag.py
[2024-11-18T16:28:33.270+0000] {logging_mixin.py:190} INFO - [2024-11-18T16:28:33.269+0000] {dag.py:3239} INFO - Sync 1 DAGs
[2024-11-18T16:28:33.288+0000] {logging_mixin.py:190} INFO - [2024-11-18T16:28:33.287+0000] {dag.py:4180} INFO - Setting next_dagrun for tutorial_dag to None, run_after=None
[2024-11-18T16:28:33.313+0000] {processor.py:208} INFO - Processing /home/airflow/.local/lib/python3.12/site-packages/airflow/example_dags/tutorial_dag.py took 0.089 seconds
[2024-11-18T16:29:03.651+0000] {processor.py:186} INFO - Started process (PID=656) to work on /home/airflow/.local/lib/python3.12/site-packages/airflow/example_dags/tutorial_dag.py
[2024-11-18T16:29:03.654+0000] {processor.py:914} INFO - Processing file /home/airflow/.local/lib/python3.12/site-packages/airflow/example_dags/tutorial_dag.py for tasks to queue
[2024-11-18T16:29:03.658+0000] {logging_mixin.py:190} INFO - [2024-11-18T16:29:03.657+0000] {dagbag.py:588} INFO - Filling up the DagBag from /home/airflow/.local/lib/python3.12/site-packages/airflow/example_dags/tutorial_dag.py
[2024-11-18T16:29:03.666+0000] {processor.py:925} INFO - DAG(s) 'tutorial_dag' retrieved from /home/airflow/.local/lib/python3.12/site-packages/airflow/example_dags/tutorial_dag.py
[2024-11-18T16:29:03.689+0000] {logging_mixin.py:190} INFO - [2024-11-18T16:29:03.689+0000] {dag.py:3239} INFO - Sync 1 DAGs
[2024-11-18T16:29:03.705+0000] {logging_mixin.py:190} INFO - [2024-11-18T16:29:03.705+0000] {dag.py:4180} INFO - Setting next_dagrun for tutorial_dag to None, run_after=None
[2024-11-18T16:29:03.727+0000] {processor.py:208} INFO - Processing /home/airflow/.local/lib/python3.12/site-packages/airflow/example_dags/tutorial_dag.py took 0.085 seconds
[2024-11-18T16:29:34.390+0000] {processor.py:186} INFO - Started process (PID=719) to work on /home/airflow/.local/lib/python3.12/site-packages/airflow/example_dags/tutorial_dag.py
[2024-11-18T16:29:34.392+0000] {processor.py:914} INFO - Processing file /home/airflow/.local/lib/python3.12/site-packages/airflow/example_dags/tutorial_dag.py for tasks to queue
[2024-11-18T16:29:34.395+0000] {logging_mixin.py:190} INFO - [2024-11-18T16:29:34.395+0000] {dagbag.py:588} INFO - Filling up the DagBag from /home/airflow/.local/lib/python3.12/site-packages/airflow/example_dags/tutorial_dag.py
[2024-11-18T16:29:34.410+0000] {processor.py:925} INFO - DAG(s) 'tutorial_dag' retrieved from /home/airflow/.local/lib/python3.12/site-packages/airflow/example_dags/tutorial_dag.py
[2024-11-18T16:29:34.438+0000] {logging_mixin.py:190} INFO - [2024-11-18T16:29:34.437+0000] {dag.py:3239} INFO - Sync 1 DAGs
[2024-11-18T16:29:34.457+0000] {logging_mixin.py:190} INFO - [2024-11-18T16:29:34.456+0000] {dag.py:4180} INFO - Setting next_dagrun for tutorial_dag to None, run_after=None
[2024-11-18T16:29:34.481+0000] {processor.py:208} INFO - Processing /home/airflow/.local/lib/python3.12/site-packages/airflow/example_dags/tutorial_dag.py took 0.099 seconds
[2024-11-18T16:30:04.655+0000] {processor.py:186} INFO - Started process (PID=782) to work on /home/airflow/.local/lib/python3.12/site-packages/airflow/example_dags/tutorial_dag.py
[2024-11-18T16:30:04.657+0000] {processor.py:914} INFO - Processing file /home/airflow/.local/lib/python3.12/site-packages/airflow/example_dags/tutorial_dag.py for tasks to queue
[2024-11-18T16:30:04.660+0000] {logging_mixin.py:190} INFO - [2024-11-18T16:30:04.659+0000] {dagbag.py:588} INFO - Filling up the DagBag from /home/airflow/.local/lib/python3.12/site-packages/airflow/example_dags/tutorial_dag.py
[2024-11-18T16:30:04.673+0000] {processor.py:925} INFO - DAG(s) 'tutorial_dag' retrieved from /home/airflow/.local/lib/python3.12/site-packages/airflow/example_dags/tutorial_dag.py
[2024-11-18T16:30:04.707+0000] {logging_mixin.py:190} INFO - [2024-11-18T16:30:04.706+0000] {dag.py:3239} INFO - Sync 1 DAGs
[2024-11-18T16:30:04.731+0000] {logging_mixin.py:190} INFO - [2024-11-18T16:30:04.731+0000] {dag.py:4180} INFO - Setting next_dagrun for tutorial_dag to None, run_after=None
[2024-11-18T16:30:04.763+0000] {processor.py:208} INFO - Processing /home/airflow/.local/lib/python3.12/site-packages/airflow/example_dags/tutorial_dag.py took 0.116 seconds
[2024-11-18T16:30:35.063+0000] {processor.py:186} INFO - Started process (PID=845) to work on /home/airflow/.local/lib/python3.12/site-packages/airflow/example_dags/tutorial_dag.py
[2024-11-18T16:30:35.069+0000] {processor.py:914} INFO - Processing file /home/airflow/.local/lib/python3.12/site-packages/airflow/example_dags/tutorial_dag.py for tasks to queue
[2024-11-18T16:30:35.073+0000] {logging_mixin.py:190} INFO - [2024-11-18T16:30:35.073+0000] {dagbag.py:588} INFO - Filling up the DagBag from /home/airflow/.local/lib/python3.12/site-packages/airflow/example_dags/tutorial_dag.py
[2024-11-18T16:30:35.084+0000] {processor.py:925} INFO - DAG(s) 'tutorial_dag' retrieved from /home/airflow/.local/lib/python3.12/site-packages/airflow/example_dags/tutorial_dag.py
[2024-11-18T16:30:35.110+0000] {logging_mixin.py:190} INFO - [2024-11-18T16:30:35.110+0000] {dag.py:3239} INFO - Sync 1 DAGs
[2024-11-18T16:30:35.134+0000] {logging_mixin.py:190} INFO - [2024-11-18T16:30:35.134+0000] {dag.py:4180} INFO - Setting next_dagrun for tutorial_dag to None, run_after=None
[2024-11-18T16:30:35.174+0000] {processor.py:208} INFO - Processing /home/airflow/.local/lib/python3.12/site-packages/airflow/example_dags/tutorial_dag.py took 0.119 seconds
[2024-11-18T16:31:05.690+0000] {processor.py:186} INFO - Started process (PID=908) to work on /home/airflow/.local/lib/python3.12/site-packages/airflow/example_dags/tutorial_dag.py
[2024-11-18T16:31:05.693+0000] {processor.py:914} INFO - Processing file /home/airflow/.local/lib/python3.12/site-packages/airflow/example_dags/tutorial_dag.py for tasks to queue
[2024-11-18T16:31:05.696+0000] {logging_mixin.py:190} INFO - [2024-11-18T16:31:05.696+0000] {dagbag.py:588} INFO - Filling up the DagBag from /home/airflow/.local/lib/python3.12/site-packages/airflow/example_dags/tutorial_dag.py
[2024-11-18T16:31:05.707+0000] {processor.py:925} INFO - DAG(s) 'tutorial_dag' retrieved from /home/airflow/.local/lib/python3.12/site-packages/airflow/example_dags/tutorial_dag.py
[2024-11-18T16:31:05.742+0000] {logging_mixin.py:190} INFO - [2024-11-18T16:31:05.742+0000] {dag.py:3239} INFO - Sync 1 DAGs
[2024-11-18T16:31:05.762+0000] {logging_mixin.py:190} INFO - [2024-11-18T16:31:05.762+0000] {dag.py:4180} INFO - Setting next_dagrun for tutorial_dag to None, run_after=None
[2024-11-18T16:31:05.790+0000] {processor.py:208} INFO - Processing /home/airflow/.local/lib/python3.12/site-packages/airflow/example_dags/tutorial_dag.py took 0.109 seconds
[2024-11-18T16:31:36.047+0000] {processor.py:186} INFO - Started process (PID=971) to work on /home/airflow/.local/lib/python3.12/site-packages/airflow/example_dags/tutorial_dag.py
[2024-11-18T16:31:36.048+0000] {processor.py:914} INFO - Processing file /home/airflow/.local/lib/python3.12/site-packages/airflow/example_dags/tutorial_dag.py for tasks to queue
[2024-11-18T16:31:36.051+0000] {logging_mixin.py:190} INFO - [2024-11-18T16:31:36.051+0000] {dagbag.py:588} INFO - Filling up the DagBag from /home/airflow/.local/lib/python3.12/site-packages/airflow/example_dags/tutorial_dag.py
[2024-11-18T16:31:36.060+0000] {processor.py:925} INFO - DAG(s) 'tutorial_dag' retrieved from /home/airflow/.local/lib/python3.12/site-packages/airflow/example_dags/tutorial_dag.py
[2024-11-18T16:31:36.089+0000] {logging_mixin.py:190} INFO - [2024-11-18T16:31:36.089+0000] {dag.py:3239} INFO - Sync 1 DAGs
[2024-11-18T16:31:36.109+0000] {logging_mixin.py:190} INFO - [2024-11-18T16:31:36.109+0000] {dag.py:4180} INFO - Setting next_dagrun for tutorial_dag to None, run_after=None
[2024-11-18T16:31:36.147+0000] {processor.py:208} INFO - Processing /home/airflow/.local/lib/python3.12/site-packages/airflow/example_dags/tutorial_dag.py took 0.109 seconds
[2024-11-18T16:32:06.276+0000] {processor.py:186} INFO - Started process (PID=1034) to work on /home/airflow/.local/lib/python3.12/site-packages/airflow/example_dags/tutorial_dag.py
[2024-11-18T16:32:06.277+0000] {processor.py:914} INFO - Processing file /home/airflow/.local/lib/python3.12/site-packages/airflow/example_dags/tutorial_dag.py for tasks to queue
[2024-11-18T16:32:06.281+0000] {logging_mixin.py:190} INFO - [2024-11-18T16:32:06.281+0000] {dagbag.py:588} INFO - Filling up the DagBag from /home/airflow/.local/lib/python3.12/site-packages/airflow/example_dags/tutorial_dag.py
[2024-11-18T16:32:06.292+0000] {processor.py:925} INFO - DAG(s) 'tutorial_dag' retrieved from /home/airflow/.local/lib/python3.12/site-packages/airflow/example_dags/tutorial_dag.py
[2024-11-18T16:32:06.315+0000] {logging_mixin.py:190} INFO - [2024-11-18T16:32:06.315+0000] {dag.py:3239} INFO - Sync 1 DAGs
[2024-11-18T16:32:06.333+0000] {logging_mixin.py:190} INFO - [2024-11-18T16:32:06.333+0000] {dag.py:4180} INFO - Setting next_dagrun for tutorial_dag to None, run_after=None
[2024-11-18T16:32:06.357+0000] {processor.py:208} INFO - Processing /home/airflow/.local/lib/python3.12/site-packages/airflow/example_dags/tutorial_dag.py took 0.089 seconds
[2024-11-18T16:32:37.042+0000] {processor.py:186} INFO - Started process (PID=1097) to work on /home/airflow/.local/lib/python3.12/site-packages/airflow/example_dags/tutorial_dag.py
[2024-11-18T16:32:37.044+0000] {processor.py:914} INFO - Processing file /home/airflow/.local/lib/python3.12/site-packages/airflow/example_dags/tutorial_dag.py for tasks to queue
[2024-11-18T16:32:37.046+0000] {logging_mixin.py:190} INFO - [2024-11-18T16:32:37.046+0000] {dagbag.py:588} INFO - Filling up the DagBag from /home/airflow/.local/lib/python3.12/site-packages/airflow/example_dags/tutorial_dag.py
[2024-11-18T16:32:37.057+0000] {processor.py:925} INFO - DAG(s) 'tutorial_dag' retrieved from /home/airflow/.local/lib/python3.12/site-packages/airflow/example_dags/tutorial_dag.py
[2024-11-18T16:32:37.083+0000] {logging_mixin.py:190} INFO - [2024-11-18T16:32:37.082+0000] {dag.py:3239} INFO - Sync 1 DAGs
[2024-11-18T16:32:37.101+0000] {logging_mixin.py:190} INFO - [2024-11-18T16:32:37.101+0000] {dag.py:4180} INFO - Setting next_dagrun for tutorial_dag to None, run_after=None
[2024-11-18T16:32:37.128+0000] {processor.py:208} INFO - Processing /home/airflow/.local/lib/python3.12/site-packages/airflow/example_dags/tutorial_dag.py took 0.096 seconds
[2024-11-18T16:33:07.901+0000] {processor.py:186} INFO - Started process (PID=1160) to work on /home/airflow/.local/lib/python3.12/site-packages/airflow/example_dags/tutorial_dag.py
[2024-11-18T16:33:07.903+0000] {processor.py:914} INFO - Processing file /home/airflow/.local/lib/python3.12/site-packages/airflow/example_dags/tutorial_dag.py for tasks to queue
[2024-11-18T16:33:07.909+0000] {logging_mixin.py:190} INFO - [2024-11-18T16:33:07.909+0000] {dagbag.py:588} INFO - Filling up the DagBag from /home/airflow/.local/lib/python3.12/site-packages/airflow/example_dags/tutorial_dag.py
[2024-11-18T16:33:07.926+0000] {processor.py:925} INFO - DAG(s) 'tutorial_dag' retrieved from /home/airflow/.local/lib/python3.12/site-packages/airflow/example_dags/tutorial_dag.py
[2024-11-18T16:33:08.007+0000] {logging_mixin.py:190} INFO - [2024-11-18T16:33:08.006+0000] {dag.py:3239} INFO - Sync 1 DAGs
[2024-11-18T16:33:08.038+0000] {logging_mixin.py:190} INFO - [2024-11-18T16:33:08.038+0000] {dag.py:4180} INFO - Setting next_dagrun for tutorial_dag to None, run_after=None
[2024-11-18T16:33:08.081+0000] {processor.py:208} INFO - Processing /home/airflow/.local/lib/python3.12/site-packages/airflow/example_dags/tutorial_dag.py took 0.191 seconds
[2024-11-18T16:33:39.058+0000] {processor.py:186} INFO - Started process (PID=1223) to work on /home/airflow/.local/lib/python3.12/site-packages/airflow/example_dags/tutorial_dag.py
[2024-11-18T16:33:39.061+0000] {processor.py:914} INFO - Processing file /home/airflow/.local/lib/python3.12/site-packages/airflow/example_dags/tutorial_dag.py for tasks to queue
[2024-11-18T16:33:39.064+0000] {logging_mixin.py:190} INFO - [2024-11-18T16:33:39.063+0000] {dagbag.py:588} INFO - Filling up the DagBag from /home/airflow/.local/lib/python3.12/site-packages/airflow/example_dags/tutorial_dag.py
[2024-11-18T16:33:39.073+0000] {processor.py:925} INFO - DAG(s) 'tutorial_dag' retrieved from /home/airflow/.local/lib/python3.12/site-packages/airflow/example_dags/tutorial_dag.py
[2024-11-18T16:33:39.100+0000] {logging_mixin.py:190} INFO - [2024-11-18T16:33:39.100+0000] {dag.py:3239} INFO - Sync 1 DAGs
[2024-11-18T16:33:39.118+0000] {logging_mixin.py:190} INFO - [2024-11-18T16:33:39.118+0000] {dag.py:4180} INFO - Setting next_dagrun for tutorial_dag to None, run_after=None
[2024-11-18T16:33:39.151+0000] {processor.py:208} INFO - Processing /home/airflow/.local/lib/python3.12/site-packages/airflow/example_dags/tutorial_dag.py took 0.101 seconds
[2024-11-18T16:34:10.023+0000] {processor.py:186} INFO - Started process (PID=1286) to work on /home/airflow/.local/lib/python3.12/site-packages/airflow/example_dags/tutorial_dag.py
[2024-11-18T16:34:10.025+0000] {processor.py:914} INFO - Processing file /home/airflow/.local/lib/python3.12/site-packages/airflow/example_dags/tutorial_dag.py for tasks to queue
[2024-11-18T16:34:10.028+0000] {logging_mixin.py:190} INFO - [2024-11-18T16:34:10.028+0000] {dagbag.py:588} INFO - Filling up the DagBag from /home/airflow/.local/lib/python3.12/site-packages/airflow/example_dags/tutorial_dag.py
[2024-11-18T16:34:10.040+0000] {processor.py:925} INFO - DAG(s) 'tutorial_dag' retrieved from /home/airflow/.local/lib/python3.12/site-packages/airflow/example_dags/tutorial_dag.py
[2024-11-18T16:34:10.073+0000] {logging_mixin.py:190} INFO - [2024-11-18T16:34:10.072+0000] {dag.py:3239} INFO - Sync 1 DAGs
[2024-11-18T16:34:10.092+0000] {logging_mixin.py:190} INFO - [2024-11-18T16:34:10.092+0000] {dag.py:4180} INFO - Setting next_dagrun for tutorial_dag to None, run_after=None
[2024-11-18T16:34:10.124+0000] {processor.py:208} INFO - Processing /home/airflow/.local/lib/python3.12/site-packages/airflow/example_dags/tutorial_dag.py took 0.110 seconds
[2024-11-18T16:34:40.409+0000] {processor.py:186} INFO - Started process (PID=1349) to work on /home/airflow/.local/lib/python3.12/site-packages/airflow/example_dags/tutorial_dag.py
[2024-11-18T16:34:40.418+0000] {processor.py:914} INFO - Processing file /home/airflow/.local/lib/python3.12/site-packages/airflow/example_dags/tutorial_dag.py for tasks to queue
[2024-11-18T16:34:40.453+0000] {logging_mixin.py:190} INFO - [2024-11-18T16:34:40.452+0000] {dagbag.py:588} INFO - Filling up the DagBag from /home/airflow/.local/lib/python3.12/site-packages/airflow/example_dags/tutorial_dag.py
[2024-11-18T16:34:40.464+0000] {processor.py:925} INFO - DAG(s) 'tutorial_dag' retrieved from /home/airflow/.local/lib/python3.12/site-packages/airflow/example_dags/tutorial_dag.py
[2024-11-18T16:34:40.504+0000] {logging_mixin.py:190} INFO - [2024-11-18T16:34:40.503+0000] {dag.py:3239} INFO - Sync 1 DAGs
[2024-11-18T16:34:40.538+0000] {logging_mixin.py:190} INFO - [2024-11-18T16:34:40.537+0000] {dag.py:4180} INFO - Setting next_dagrun for tutorial_dag to None, run_after=None
[2024-11-18T16:34:40.568+0000] {processor.py:208} INFO - Processing /home/airflow/.local/lib/python3.12/site-packages/airflow/example_dags/tutorial_dag.py took 0.168 seconds
[2024-11-18T16:39:10.500+0000] {processor.py:186} INFO - Started process (PID=86) to work on /home/airflow/.local/lib/python3.12/site-packages/airflow/example_dags/tutorial_dag.py
[2024-11-18T16:39:10.518+0000] {processor.py:914} INFO - Processing file /home/airflow/.local/lib/python3.12/site-packages/airflow/example_dags/tutorial_dag.py for tasks to queue
[2024-11-18T16:39:10.577+0000] {logging_mixin.py:190} INFO - [2024-11-18T16:39:10.574+0000] {dagbag.py:588} INFO - Filling up the DagBag from /home/airflow/.local/lib/python3.12/site-packages/airflow/example_dags/tutorial_dag.py
[2024-11-18T16:39:10.631+0000] {processor.py:925} INFO - DAG(s) 'tutorial_dag' retrieved from /home/airflow/.local/lib/python3.12/site-packages/airflow/example_dags/tutorial_dag.py
[2024-11-18T16:39:10.733+0000] {logging_mixin.py:190} INFO - [2024-11-18T16:39:10.733+0000] {dag.py:3239} INFO - Sync 1 DAGs
[2024-11-18T16:39:10.773+0000] {logging_mixin.py:190} INFO - [2024-11-18T16:39:10.772+0000] {dag.py:4180} INFO - Setting next_dagrun for tutorial_dag to None, run_after=None
[2024-11-18T16:39:10.845+0000] {processor.py:208} INFO - Processing /home/airflow/.local/lib/python3.12/site-packages/airflow/example_dags/tutorial_dag.py took 0.381 seconds
[2024-11-18T16:39:40.949+0000] {processor.py:186} INFO - Started process (PID=148) to work on /home/airflow/.local/lib/python3.12/site-packages/airflow/example_dags/tutorial_dag.py
[2024-11-18T16:39:40.952+0000] {processor.py:914} INFO - Processing file /home/airflow/.local/lib/python3.12/site-packages/airflow/example_dags/tutorial_dag.py for tasks to queue
[2024-11-18T16:39:40.955+0000] {logging_mixin.py:190} INFO - [2024-11-18T16:39:40.955+0000] {dagbag.py:588} INFO - Filling up the DagBag from /home/airflow/.local/lib/python3.12/site-packages/airflow/example_dags/tutorial_dag.py
[2024-11-18T16:39:40.968+0000] {processor.py:925} INFO - DAG(s) 'tutorial_dag' retrieved from /home/airflow/.local/lib/python3.12/site-packages/airflow/example_dags/tutorial_dag.py
[2024-11-18T16:39:40.992+0000] {logging_mixin.py:190} INFO - [2024-11-18T16:39:40.992+0000] {dag.py:3239} INFO - Sync 1 DAGs
[2024-11-18T16:39:41.009+0000] {logging_mixin.py:190} INFO - [2024-11-18T16:39:41.009+0000] {dag.py:4180} INFO - Setting next_dagrun for tutorial_dag to None, run_after=None
[2024-11-18T16:39:41.041+0000] {processor.py:208} INFO - Processing /home/airflow/.local/lib/python3.12/site-packages/airflow/example_dags/tutorial_dag.py took 0.102 seconds
[2024-11-18T16:40:11.582+0000] {processor.py:186} INFO - Started process (PID=211) to work on /home/airflow/.local/lib/python3.12/site-packages/airflow/example_dags/tutorial_dag.py
[2024-11-18T16:40:11.583+0000] {processor.py:914} INFO - Processing file /home/airflow/.local/lib/python3.12/site-packages/airflow/example_dags/tutorial_dag.py for tasks to queue
[2024-11-18T16:40:11.585+0000] {logging_mixin.py:190} INFO - [2024-11-18T16:40:11.585+0000] {dagbag.py:588} INFO - Filling up the DagBag from /home/airflow/.local/lib/python3.12/site-packages/airflow/example_dags/tutorial_dag.py
[2024-11-18T16:40:11.595+0000] {processor.py:925} INFO - DAG(s) 'tutorial_dag' retrieved from /home/airflow/.local/lib/python3.12/site-packages/airflow/example_dags/tutorial_dag.py
[2024-11-18T16:40:11.620+0000] {logging_mixin.py:190} INFO - [2024-11-18T16:40:11.620+0000] {dag.py:3239} INFO - Sync 1 DAGs
[2024-11-18T16:40:11.638+0000] {logging_mixin.py:190} INFO - [2024-11-18T16:40:11.638+0000] {dag.py:4180} INFO - Setting next_dagrun for tutorial_dag to None, run_after=None
[2024-11-18T16:40:11.659+0000] {processor.py:208} INFO - Processing /home/airflow/.local/lib/python3.12/site-packages/airflow/example_dags/tutorial_dag.py took 0.085 seconds
[2024-11-18T16:40:42.199+0000] {processor.py:186} INFO - Started process (PID=274) to work on /home/airflow/.local/lib/python3.12/site-packages/airflow/example_dags/tutorial_dag.py
[2024-11-18T16:40:42.202+0000] {processor.py:914} INFO - Processing file /home/airflow/.local/lib/python3.12/site-packages/airflow/example_dags/tutorial_dag.py for tasks to queue
[2024-11-18T16:40:42.206+0000] {logging_mixin.py:190} INFO - [2024-11-18T16:40:42.205+0000] {dagbag.py:588} INFO - Filling up the DagBag from /home/airflow/.local/lib/python3.12/site-packages/airflow/example_dags/tutorial_dag.py
[2024-11-18T16:40:42.215+0000] {processor.py:925} INFO - DAG(s) 'tutorial_dag' retrieved from /home/airflow/.local/lib/python3.12/site-packages/airflow/example_dags/tutorial_dag.py
[2024-11-18T16:40:42.236+0000] {logging_mixin.py:190} INFO - [2024-11-18T16:40:42.236+0000] {dag.py:3239} INFO - Sync 1 DAGs
[2024-11-18T16:40:42.252+0000] {logging_mixin.py:190} INFO - [2024-11-18T16:40:42.252+0000] {dag.py:4180} INFO - Setting next_dagrun for tutorial_dag to None, run_after=None
[2024-11-18T16:40:42.273+0000] {processor.py:208} INFO - Processing /home/airflow/.local/lib/python3.12/site-packages/airflow/example_dags/tutorial_dag.py took 0.083 seconds
[2024-11-18T16:41:12.679+0000] {processor.py:186} INFO - Started process (PID=337) to work on /home/airflow/.local/lib/python3.12/site-packages/airflow/example_dags/tutorial_dag.py
[2024-11-18T16:41:12.681+0000] {processor.py:914} INFO - Processing file /home/airflow/.local/lib/python3.12/site-packages/airflow/example_dags/tutorial_dag.py for tasks to queue
[2024-11-18T16:41:12.685+0000] {logging_mixin.py:190} INFO - [2024-11-18T16:41:12.684+0000] {dagbag.py:588} INFO - Filling up the DagBag from /home/airflow/.local/lib/python3.12/site-packages/airflow/example_dags/tutorial_dag.py
[2024-11-18T16:41:12.694+0000] {processor.py:925} INFO - DAG(s) 'tutorial_dag' retrieved from /home/airflow/.local/lib/python3.12/site-packages/airflow/example_dags/tutorial_dag.py
[2024-11-18T16:41:12.714+0000] {logging_mixin.py:190} INFO - [2024-11-18T16:41:12.713+0000] {dag.py:3239} INFO - Sync 1 DAGs
[2024-11-18T16:41:12.730+0000] {logging_mixin.py:190} INFO - [2024-11-18T16:41:12.730+0000] {dag.py:4180} INFO - Setting next_dagrun for tutorial_dag to None, run_after=None
[2024-11-18T16:41:12.752+0000] {processor.py:208} INFO - Processing /home/airflow/.local/lib/python3.12/site-packages/airflow/example_dags/tutorial_dag.py took 0.081 seconds
[2024-11-18T16:41:43.382+0000] {processor.py:186} INFO - Started process (PID=400) to work on /home/airflow/.local/lib/python3.12/site-packages/airflow/example_dags/tutorial_dag.py
[2024-11-18T16:41:43.384+0000] {processor.py:914} INFO - Processing file /home/airflow/.local/lib/python3.12/site-packages/airflow/example_dags/tutorial_dag.py for tasks to queue
[2024-11-18T16:41:43.389+0000] {logging_mixin.py:190} INFO - [2024-11-18T16:41:43.389+0000] {dagbag.py:588} INFO - Filling up the DagBag from /home/airflow/.local/lib/python3.12/site-packages/airflow/example_dags/tutorial_dag.py
[2024-11-18T16:41:43.400+0000] {processor.py:925} INFO - DAG(s) 'tutorial_dag' retrieved from /home/airflow/.local/lib/python3.12/site-packages/airflow/example_dags/tutorial_dag.py
[2024-11-18T16:41:43.428+0000] {logging_mixin.py:190} INFO - [2024-11-18T16:41:43.428+0000] {dag.py:3239} INFO - Sync 1 DAGs
[2024-11-18T16:41:43.444+0000] {logging_mixin.py:190} INFO - [2024-11-18T16:41:43.444+0000] {dag.py:4180} INFO - Setting next_dagrun for tutorial_dag to None, run_after=None
[2024-11-18T16:41:43.464+0000] {processor.py:208} INFO - Processing /home/airflow/.local/lib/python3.12/site-packages/airflow/example_dags/tutorial_dag.py took 0.100 seconds
[2024-11-18T16:42:13.589+0000] {processor.py:186} INFO - Started process (PID=463) to work on /home/airflow/.local/lib/python3.12/site-packages/airflow/example_dags/tutorial_dag.py
[2024-11-18T16:42:13.591+0000] {processor.py:914} INFO - Processing file /home/airflow/.local/lib/python3.12/site-packages/airflow/example_dags/tutorial_dag.py for tasks to queue
[2024-11-18T16:42:13.596+0000] {logging_mixin.py:190} INFO - [2024-11-18T16:42:13.596+0000] {dagbag.py:588} INFO - Filling up the DagBag from /home/airflow/.local/lib/python3.12/site-packages/airflow/example_dags/tutorial_dag.py
[2024-11-18T16:42:13.606+0000] {processor.py:925} INFO - DAG(s) 'tutorial_dag' retrieved from /home/airflow/.local/lib/python3.12/site-packages/airflow/example_dags/tutorial_dag.py
[2024-11-18T16:42:13.625+0000] {logging_mixin.py:190} INFO - [2024-11-18T16:42:13.624+0000] {dag.py:3239} INFO - Sync 1 DAGs
[2024-11-18T16:42:13.641+0000] {logging_mixin.py:190} INFO - [2024-11-18T16:42:13.640+0000] {dag.py:4180} INFO - Setting next_dagrun for tutorial_dag to None, run_after=None
[2024-11-18T16:42:13.659+0000] {processor.py:208} INFO - Processing /home/airflow/.local/lib/python3.12/site-packages/airflow/example_dags/tutorial_dag.py took 0.077 seconds
[2024-11-18T16:42:44.429+0000] {processor.py:186} INFO - Started process (PID=526) to work on /home/airflow/.local/lib/python3.12/site-packages/airflow/example_dags/tutorial_dag.py
[2024-11-18T16:42:44.430+0000] {processor.py:914} INFO - Processing file /home/airflow/.local/lib/python3.12/site-packages/airflow/example_dags/tutorial_dag.py for tasks to queue
[2024-11-18T16:42:44.433+0000] {logging_mixin.py:190} INFO - [2024-11-18T16:42:44.433+0000] {dagbag.py:588} INFO - Filling up the DagBag from /home/airflow/.local/lib/python3.12/site-packages/airflow/example_dags/tutorial_dag.py
[2024-11-18T16:42:44.443+0000] {processor.py:925} INFO - DAG(s) 'tutorial_dag' retrieved from /home/airflow/.local/lib/python3.12/site-packages/airflow/example_dags/tutorial_dag.py
[2024-11-18T16:42:44.467+0000] {logging_mixin.py:190} INFO - [2024-11-18T16:42:44.467+0000] {dag.py:3239} INFO - Sync 1 DAGs
[2024-11-18T16:42:44.486+0000] {logging_mixin.py:190} INFO - [2024-11-18T16:42:44.486+0000] {dag.py:4180} INFO - Setting next_dagrun for tutorial_dag to None, run_after=None
[2024-11-18T16:42:44.515+0000] {processor.py:208} INFO - Processing /home/airflow/.local/lib/python3.12/site-packages/airflow/example_dags/tutorial_dag.py took 0.093 seconds
[2024-11-18T16:43:14.660+0000] {processor.py:186} INFO - Started process (PID=595) to work on /home/airflow/.local/lib/python3.12/site-packages/airflow/example_dags/tutorial_dag.py
[2024-11-18T16:43:14.662+0000] {processor.py:914} INFO - Processing file /home/airflow/.local/lib/python3.12/site-packages/airflow/example_dags/tutorial_dag.py for tasks to queue
[2024-11-18T16:43:14.664+0000] {logging_mixin.py:190} INFO - [2024-11-18T16:43:14.664+0000] {dagbag.py:588} INFO - Filling up the DagBag from /home/airflow/.local/lib/python3.12/site-packages/airflow/example_dags/tutorial_dag.py
[2024-11-18T16:43:14.674+0000] {processor.py:925} INFO - DAG(s) 'tutorial_dag' retrieved from /home/airflow/.local/lib/python3.12/site-packages/airflow/example_dags/tutorial_dag.py
[2024-11-18T16:43:14.696+0000] {logging_mixin.py:190} INFO - [2024-11-18T16:43:14.696+0000] {dag.py:3239} INFO - Sync 1 DAGs
[2024-11-18T16:43:14.713+0000] {logging_mixin.py:190} INFO - [2024-11-18T16:43:14.713+0000] {dag.py:4180} INFO - Setting next_dagrun for tutorial_dag to None, run_after=None
[2024-11-18T16:43:14.733+0000] {processor.py:208} INFO - Processing /home/airflow/.local/lib/python3.12/site-packages/airflow/example_dags/tutorial_dag.py took 0.080 seconds
[2024-11-18T16:43:44.974+0000] {processor.py:186} INFO - Started process (PID=658) to work on /home/airflow/.local/lib/python3.12/site-packages/airflow/example_dags/tutorial_dag.py
[2024-11-18T16:43:44.975+0000] {processor.py:914} INFO - Processing file /home/airflow/.local/lib/python3.12/site-packages/airflow/example_dags/tutorial_dag.py for tasks to queue
[2024-11-18T16:43:44.984+0000] {logging_mixin.py:190} INFO - [2024-11-18T16:43:44.983+0000] {dagbag.py:588} INFO - Filling up the DagBag from /home/airflow/.local/lib/python3.12/site-packages/airflow/example_dags/tutorial_dag.py
[2024-11-18T16:43:44.997+0000] {processor.py:925} INFO - DAG(s) 'tutorial_dag' retrieved from /home/airflow/.local/lib/python3.12/site-packages/airflow/example_dags/tutorial_dag.py
[2024-11-18T16:43:45.021+0000] {logging_mixin.py:190} INFO - [2024-11-18T16:43:45.021+0000] {dag.py:3239} INFO - Sync 1 DAGs
[2024-11-18T16:43:45.037+0000] {logging_mixin.py:190} INFO - [2024-11-18T16:43:45.037+0000] {dag.py:4180} INFO - Setting next_dagrun for tutorial_dag to None, run_after=None
[2024-11-18T16:43:45.058+0000] {processor.py:208} INFO - Processing /home/airflow/.local/lib/python3.12/site-packages/airflow/example_dags/tutorial_dag.py took 0.094 seconds
[2024-11-18T16:44:15.415+0000] {processor.py:186} INFO - Started process (PID=721) to work on /home/airflow/.local/lib/python3.12/site-packages/airflow/example_dags/tutorial_dag.py
[2024-11-18T16:44:15.417+0000] {processor.py:914} INFO - Processing file /home/airflow/.local/lib/python3.12/site-packages/airflow/example_dags/tutorial_dag.py for tasks to queue
[2024-11-18T16:44:15.420+0000] {logging_mixin.py:190} INFO - [2024-11-18T16:44:15.420+0000] {dagbag.py:588} INFO - Filling up the DagBag from /home/airflow/.local/lib/python3.12/site-packages/airflow/example_dags/tutorial_dag.py
[2024-11-18T16:44:15.430+0000] {processor.py:925} INFO - DAG(s) 'tutorial_dag' retrieved from /home/airflow/.local/lib/python3.12/site-packages/airflow/example_dags/tutorial_dag.py
[2024-11-18T16:44:15.455+0000] {logging_mixin.py:190} INFO - [2024-11-18T16:44:15.455+0000] {dag.py:3239} INFO - Sync 1 DAGs
[2024-11-18T16:44:15.471+0000] {logging_mixin.py:190} INFO - [2024-11-18T16:44:15.471+0000] {dag.py:4180} INFO - Setting next_dagrun for tutorial_dag to None, run_after=None
[2024-11-18T16:44:15.493+0000] {processor.py:208} INFO - Processing /home/airflow/.local/lib/python3.12/site-packages/airflow/example_dags/tutorial_dag.py took 0.085 seconds
[2024-11-18T16:44:45.866+0000] {processor.py:186} INFO - Started process (PID=783) to work on /home/airflow/.local/lib/python3.12/site-packages/airflow/example_dags/tutorial_dag.py
[2024-11-18T16:44:45.867+0000] {processor.py:914} INFO - Processing file /home/airflow/.local/lib/python3.12/site-packages/airflow/example_dags/tutorial_dag.py for tasks to queue
[2024-11-18T16:44:45.872+0000] {logging_mixin.py:190} INFO - [2024-11-18T16:44:45.871+0000] {dagbag.py:588} INFO - Filling up the DagBag from /home/airflow/.local/lib/python3.12/site-packages/airflow/example_dags/tutorial_dag.py
[2024-11-18T16:44:45.882+0000] {processor.py:925} INFO - DAG(s) 'tutorial_dag' retrieved from /home/airflow/.local/lib/python3.12/site-packages/airflow/example_dags/tutorial_dag.py
[2024-11-18T16:44:45.904+0000] {logging_mixin.py:190} INFO - [2024-11-18T16:44:45.904+0000] {dag.py:3239} INFO - Sync 1 DAGs
[2024-11-18T16:44:45.920+0000] {logging_mixin.py:190} INFO - [2024-11-18T16:44:45.920+0000] {dag.py:4180} INFO - Setting next_dagrun for tutorial_dag to None, run_after=None
[2024-11-18T16:44:45.944+0000] {processor.py:208} INFO - Processing /home/airflow/.local/lib/python3.12/site-packages/airflow/example_dags/tutorial_dag.py took 0.085 seconds
[2024-11-18T16:45:16.455+0000] {processor.py:186} INFO - Started process (PID=846) to work on /home/airflow/.local/lib/python3.12/site-packages/airflow/example_dags/tutorial_dag.py
[2024-11-18T16:45:16.456+0000] {processor.py:914} INFO - Processing file /home/airflow/.local/lib/python3.12/site-packages/airflow/example_dags/tutorial_dag.py for tasks to queue
[2024-11-18T16:45:16.459+0000] {logging_mixin.py:190} INFO - [2024-11-18T16:45:16.458+0000] {dagbag.py:588} INFO - Filling up the DagBag from /home/airflow/.local/lib/python3.12/site-packages/airflow/example_dags/tutorial_dag.py
[2024-11-18T16:45:16.469+0000] {processor.py:925} INFO - DAG(s) 'tutorial_dag' retrieved from /home/airflow/.local/lib/python3.12/site-packages/airflow/example_dags/tutorial_dag.py
[2024-11-18T16:45:16.493+0000] {logging_mixin.py:190} INFO - [2024-11-18T16:45:16.492+0000] {dag.py:3239} INFO - Sync 1 DAGs
[2024-11-18T16:45:16.511+0000] {logging_mixin.py:190} INFO - [2024-11-18T16:45:16.511+0000] {dag.py:4180} INFO - Setting next_dagrun for tutorial_dag to None, run_after=None
[2024-11-18T16:45:16.537+0000] {processor.py:208} INFO - Processing /home/airflow/.local/lib/python3.12/site-packages/airflow/example_dags/tutorial_dag.py took 0.091 seconds
[2024-11-18T16:45:46.588+0000] {processor.py:186} INFO - Started process (PID=908) to work on /home/airflow/.local/lib/python3.12/site-packages/airflow/example_dags/tutorial_dag.py
[2024-11-18T16:45:46.589+0000] {processor.py:914} INFO - Processing file /home/airflow/.local/lib/python3.12/site-packages/airflow/example_dags/tutorial_dag.py for tasks to queue
[2024-11-18T16:45:46.592+0000] {logging_mixin.py:190} INFO - [2024-11-18T16:45:46.591+0000] {dagbag.py:588} INFO - Filling up the DagBag from /home/airflow/.local/lib/python3.12/site-packages/airflow/example_dags/tutorial_dag.py
[2024-11-18T16:45:46.601+0000] {processor.py:925} INFO - DAG(s) 'tutorial_dag' retrieved from /home/airflow/.local/lib/python3.12/site-packages/airflow/example_dags/tutorial_dag.py
[2024-11-18T16:45:46.624+0000] {logging_mixin.py:190} INFO - [2024-11-18T16:45:46.624+0000] {dag.py:3239} INFO - Sync 1 DAGs
[2024-11-18T16:45:46.642+0000] {logging_mixin.py:190} INFO - [2024-11-18T16:45:46.641+0000] {dag.py:4180} INFO - Setting next_dagrun for tutorial_dag to None, run_after=None
[2024-11-18T16:45:46.667+0000] {processor.py:208} INFO - Processing /home/airflow/.local/lib/python3.12/site-packages/airflow/example_dags/tutorial_dag.py took 0.086 seconds
[2024-11-18T16:46:16.935+0000] {processor.py:186} INFO - Started process (PID=971) to work on /home/airflow/.local/lib/python3.12/site-packages/airflow/example_dags/tutorial_dag.py
[2024-11-18T16:46:16.936+0000] {processor.py:914} INFO - Processing file /home/airflow/.local/lib/python3.12/site-packages/airflow/example_dags/tutorial_dag.py for tasks to queue
[2024-11-18T16:46:16.939+0000] {logging_mixin.py:190} INFO - [2024-11-18T16:46:16.938+0000] {dagbag.py:588} INFO - Filling up the DagBag from /home/airflow/.local/lib/python3.12/site-packages/airflow/example_dags/tutorial_dag.py
[2024-11-18T16:46:16.948+0000] {processor.py:925} INFO - DAG(s) 'tutorial_dag' retrieved from /home/airflow/.local/lib/python3.12/site-packages/airflow/example_dags/tutorial_dag.py
[2024-11-18T16:46:16.970+0000] {logging_mixin.py:190} INFO - [2024-11-18T16:46:16.970+0000] {dag.py:3239} INFO - Sync 1 DAGs
[2024-11-18T16:46:16.986+0000] {logging_mixin.py:190} INFO - [2024-11-18T16:46:16.986+0000] {dag.py:4180} INFO - Setting next_dagrun for tutorial_dag to None, run_after=None
[2024-11-18T16:46:17.007+0000] {processor.py:208} INFO - Processing /home/airflow/.local/lib/python3.12/site-packages/airflow/example_dags/tutorial_dag.py took 0.080 seconds
[2024-11-18T16:46:47.092+0000] {processor.py:186} INFO - Started process (PID=1034) to work on /home/airflow/.local/lib/python3.12/site-packages/airflow/example_dags/tutorial_dag.py
[2024-11-18T16:46:47.093+0000] {processor.py:914} INFO - Processing file /home/airflow/.local/lib/python3.12/site-packages/airflow/example_dags/tutorial_dag.py for tasks to queue
[2024-11-18T16:46:47.096+0000] {logging_mixin.py:190} INFO - [2024-11-18T16:46:47.096+0000] {dagbag.py:588} INFO - Filling up the DagBag from /home/airflow/.local/lib/python3.12/site-packages/airflow/example_dags/tutorial_dag.py
[2024-11-18T16:46:47.105+0000] {processor.py:925} INFO - DAG(s) 'tutorial_dag' retrieved from /home/airflow/.local/lib/python3.12/site-packages/airflow/example_dags/tutorial_dag.py
[2024-11-18T16:46:47.126+0000] {logging_mixin.py:190} INFO - [2024-11-18T16:46:47.126+0000] {dag.py:3239} INFO - Sync 1 DAGs
[2024-11-18T16:46:47.143+0000] {logging_mixin.py:190} INFO - [2024-11-18T16:46:47.143+0000] {dag.py:4180} INFO - Setting next_dagrun for tutorial_dag to None, run_after=None
[2024-11-18T16:46:47.165+0000] {processor.py:208} INFO - Processing /home/airflow/.local/lib/python3.12/site-packages/airflow/example_dags/tutorial_dag.py took 0.081 seconds
[2024-11-18T16:47:17.430+0000] {processor.py:186} INFO - Started process (PID=1097) to work on /home/airflow/.local/lib/python3.12/site-packages/airflow/example_dags/tutorial_dag.py
[2024-11-18T16:47:17.431+0000] {processor.py:914} INFO - Processing file /home/airflow/.local/lib/python3.12/site-packages/airflow/example_dags/tutorial_dag.py for tasks to queue
[2024-11-18T16:47:17.433+0000] {logging_mixin.py:190} INFO - [2024-11-18T16:47:17.433+0000] {dagbag.py:588} INFO - Filling up the DagBag from /home/airflow/.local/lib/python3.12/site-packages/airflow/example_dags/tutorial_dag.py
[2024-11-18T16:47:17.443+0000] {processor.py:925} INFO - DAG(s) 'tutorial_dag' retrieved from /home/airflow/.local/lib/python3.12/site-packages/airflow/example_dags/tutorial_dag.py
[2024-11-18T16:47:17.469+0000] {logging_mixin.py:190} INFO - [2024-11-18T16:47:17.469+0000] {dag.py:3239} INFO - Sync 1 DAGs
[2024-11-18T16:47:17.486+0000] {logging_mixin.py:190} INFO - [2024-11-18T16:47:17.485+0000] {dag.py:4180} INFO - Setting next_dagrun for tutorial_dag to None, run_after=None
[2024-11-18T16:47:17.543+0000] {processor.py:208} INFO - Processing /home/airflow/.local/lib/python3.12/site-packages/airflow/example_dags/tutorial_dag.py took 0.121 seconds
[2024-11-18T16:47:48.330+0000] {processor.py:186} INFO - Started process (PID=1160) to work on /home/airflow/.local/lib/python3.12/site-packages/airflow/example_dags/tutorial_dag.py
[2024-11-18T16:47:48.331+0000] {processor.py:914} INFO - Processing file /home/airflow/.local/lib/python3.12/site-packages/airflow/example_dags/tutorial_dag.py for tasks to queue
[2024-11-18T16:47:48.336+0000] {logging_mixin.py:190} INFO - [2024-11-18T16:47:48.336+0000] {dagbag.py:588} INFO - Filling up the DagBag from /home/airflow/.local/lib/python3.12/site-packages/airflow/example_dags/tutorial_dag.py
[2024-11-18T16:47:48.345+0000] {processor.py:925} INFO - DAG(s) 'tutorial_dag' retrieved from /home/airflow/.local/lib/python3.12/site-packages/airflow/example_dags/tutorial_dag.py
[2024-11-18T16:47:48.366+0000] {logging_mixin.py:190} INFO - [2024-11-18T16:47:48.366+0000] {dag.py:3239} INFO - Sync 1 DAGs
[2024-11-18T16:47:48.382+0000] {logging_mixin.py:190} INFO - [2024-11-18T16:47:48.382+0000] {dag.py:4180} INFO - Setting next_dagrun for tutorial_dag to None, run_after=None
[2024-11-18T16:47:48.403+0000] {processor.py:208} INFO - Processing /home/airflow/.local/lib/python3.12/site-packages/airflow/example_dags/tutorial_dag.py took 0.081 seconds
[2024-11-18T16:48:19.271+0000] {processor.py:186} INFO - Started process (PID=1223) to work on /home/airflow/.local/lib/python3.12/site-packages/airflow/example_dags/tutorial_dag.py
[2024-11-18T16:48:19.272+0000] {processor.py:914} INFO - Processing file /home/airflow/.local/lib/python3.12/site-packages/airflow/example_dags/tutorial_dag.py for tasks to queue
[2024-11-18T16:48:19.275+0000] {logging_mixin.py:190} INFO - [2024-11-18T16:48:19.274+0000] {dagbag.py:588} INFO - Filling up the DagBag from /home/airflow/.local/lib/python3.12/site-packages/airflow/example_dags/tutorial_dag.py
[2024-11-18T16:48:19.284+0000] {processor.py:925} INFO - DAG(s) 'tutorial_dag' retrieved from /home/airflow/.local/lib/python3.12/site-packages/airflow/example_dags/tutorial_dag.py
[2024-11-18T16:48:19.305+0000] {logging_mixin.py:190} INFO - [2024-11-18T16:48:19.304+0000] {dag.py:3239} INFO - Sync 1 DAGs
[2024-11-18T16:48:19.321+0000] {logging_mixin.py:190} INFO - [2024-11-18T16:48:19.321+0000] {dag.py:4180} INFO - Setting next_dagrun for tutorial_dag to None, run_after=None
[2024-11-18T16:48:19.343+0000] {processor.py:208} INFO - Processing /home/airflow/.local/lib/python3.12/site-packages/airflow/example_dags/tutorial_dag.py took 0.079 seconds
[2024-11-18T16:48:49.458+0000] {processor.py:186} INFO - Started process (PID=1286) to work on /home/airflow/.local/lib/python3.12/site-packages/airflow/example_dags/tutorial_dag.py
[2024-11-18T16:48:49.460+0000] {processor.py:914} INFO - Processing file /home/airflow/.local/lib/python3.12/site-packages/airflow/example_dags/tutorial_dag.py for tasks to queue
[2024-11-18T16:48:49.463+0000] {logging_mixin.py:190} INFO - [2024-11-18T16:48:49.462+0000] {dagbag.py:588} INFO - Filling up the DagBag from /home/airflow/.local/lib/python3.12/site-packages/airflow/example_dags/tutorial_dag.py
[2024-11-18T16:48:49.476+0000] {processor.py:925} INFO - DAG(s) 'tutorial_dag' retrieved from /home/airflow/.local/lib/python3.12/site-packages/airflow/example_dags/tutorial_dag.py
[2024-11-18T16:48:49.498+0000] {logging_mixin.py:190} INFO - [2024-11-18T16:48:49.498+0000] {dag.py:3239} INFO - Sync 1 DAGs
[2024-11-18T16:48:49.516+0000] {logging_mixin.py:190} INFO - [2024-11-18T16:48:49.515+0000] {dag.py:4180} INFO - Setting next_dagrun for tutorial_dag to None, run_after=None
[2024-11-18T16:48:49.538+0000] {processor.py:208} INFO - Processing /home/airflow/.local/lib/python3.12/site-packages/airflow/example_dags/tutorial_dag.py took 0.090 seconds
[2024-11-18T16:49:20.200+0000] {processor.py:186} INFO - Started process (PID=1349) to work on /home/airflow/.local/lib/python3.12/site-packages/airflow/example_dags/tutorial_dag.py
[2024-11-18T16:49:20.201+0000] {processor.py:914} INFO - Processing file /home/airflow/.local/lib/python3.12/site-packages/airflow/example_dags/tutorial_dag.py for tasks to queue
[2024-11-18T16:49:20.204+0000] {logging_mixin.py:190} INFO - [2024-11-18T16:49:20.203+0000] {dagbag.py:588} INFO - Filling up the DagBag from /home/airflow/.local/lib/python3.12/site-packages/airflow/example_dags/tutorial_dag.py
[2024-11-18T16:49:20.214+0000] {processor.py:925} INFO - DAG(s) 'tutorial_dag' retrieved from /home/airflow/.local/lib/python3.12/site-packages/airflow/example_dags/tutorial_dag.py
[2024-11-18T16:49:20.239+0000] {logging_mixin.py:190} INFO - [2024-11-18T16:49:20.238+0000] {dag.py:3239} INFO - Sync 1 DAGs
[2024-11-18T16:49:20.257+0000] {logging_mixin.py:190} INFO - [2024-11-18T16:49:20.257+0000] {dag.py:4180} INFO - Setting next_dagrun for tutorial_dag to None, run_after=None
[2024-11-18T16:49:20.278+0000] {processor.py:208} INFO - Processing /home/airflow/.local/lib/python3.12/site-packages/airflow/example_dags/tutorial_dag.py took 0.086 seconds
[2024-11-18T16:49:50.393+0000] {processor.py:186} INFO - Started process (PID=1412) to work on /home/airflow/.local/lib/python3.12/site-packages/airflow/example_dags/tutorial_dag.py
[2024-11-18T16:49:50.394+0000] {processor.py:914} INFO - Processing file /home/airflow/.local/lib/python3.12/site-packages/airflow/example_dags/tutorial_dag.py for tasks to queue
[2024-11-18T16:49:50.397+0000] {logging_mixin.py:190} INFO - [2024-11-18T16:49:50.397+0000] {dagbag.py:588} INFO - Filling up the DagBag from /home/airflow/.local/lib/python3.12/site-packages/airflow/example_dags/tutorial_dag.py
[2024-11-18T16:49:50.407+0000] {processor.py:925} INFO - DAG(s) 'tutorial_dag' retrieved from /home/airflow/.local/lib/python3.12/site-packages/airflow/example_dags/tutorial_dag.py
[2024-11-18T16:49:50.429+0000] {logging_mixin.py:190} INFO - [2024-11-18T16:49:50.429+0000] {dag.py:3239} INFO - Sync 1 DAGs
[2024-11-18T16:49:50.446+0000] {logging_mixin.py:190} INFO - [2024-11-18T16:49:50.446+0000] {dag.py:4180} INFO - Setting next_dagrun for tutorial_dag to None, run_after=None
[2024-11-18T16:49:50.467+0000] {processor.py:208} INFO - Processing /home/airflow/.local/lib/python3.12/site-packages/airflow/example_dags/tutorial_dag.py took 0.082 seconds
[2024-11-18T16:50:20.759+0000] {processor.py:186} INFO - Started process (PID=1475) to work on /home/airflow/.local/lib/python3.12/site-packages/airflow/example_dags/tutorial_dag.py
[2024-11-18T16:50:20.760+0000] {processor.py:914} INFO - Processing file /home/airflow/.local/lib/python3.12/site-packages/airflow/example_dags/tutorial_dag.py for tasks to queue
[2024-11-18T16:50:20.762+0000] {logging_mixin.py:190} INFO - [2024-11-18T16:50:20.762+0000] {dagbag.py:588} INFO - Filling up the DagBag from /home/airflow/.local/lib/python3.12/site-packages/airflow/example_dags/tutorial_dag.py
[2024-11-18T16:50:20.771+0000] {processor.py:925} INFO - DAG(s) 'tutorial_dag' retrieved from /home/airflow/.local/lib/python3.12/site-packages/airflow/example_dags/tutorial_dag.py
[2024-11-18T16:50:20.794+0000] {logging_mixin.py:190} INFO - [2024-11-18T16:50:20.794+0000] {dag.py:3239} INFO - Sync 1 DAGs
[2024-11-18T16:50:20.811+0000] {logging_mixin.py:190} INFO - [2024-11-18T16:50:20.811+0000] {dag.py:4180} INFO - Setting next_dagrun for tutorial_dag to None, run_after=None
[2024-11-18T16:50:20.831+0000] {processor.py:208} INFO - Processing /home/airflow/.local/lib/python3.12/site-packages/airflow/example_dags/tutorial_dag.py took 0.080 seconds
[2024-11-18T16:50:51.313+0000] {processor.py:186} INFO - Started process (PID=1538) to work on /home/airflow/.local/lib/python3.12/site-packages/airflow/example_dags/tutorial_dag.py
[2024-11-18T16:50:51.314+0000] {processor.py:914} INFO - Processing file /home/airflow/.local/lib/python3.12/site-packages/airflow/example_dags/tutorial_dag.py for tasks to queue
[2024-11-18T16:50:51.318+0000] {logging_mixin.py:190} INFO - [2024-11-18T16:50:51.317+0000] {dagbag.py:588} INFO - Filling up the DagBag from /home/airflow/.local/lib/python3.12/site-packages/airflow/example_dags/tutorial_dag.py
[2024-11-18T16:50:51.329+0000] {processor.py:925} INFO - DAG(s) 'tutorial_dag' retrieved from /home/airflow/.local/lib/python3.12/site-packages/airflow/example_dags/tutorial_dag.py
[2024-11-18T16:50:51.355+0000] {logging_mixin.py:190} INFO - [2024-11-18T16:50:51.354+0000] {dag.py:3239} INFO - Sync 1 DAGs
[2024-11-18T16:50:51.373+0000] {logging_mixin.py:190} INFO - [2024-11-18T16:50:51.372+0000] {dag.py:4180} INFO - Setting next_dagrun for tutorial_dag to None, run_after=None
[2024-11-18T16:50:51.395+0000] {processor.py:208} INFO - Processing /home/airflow/.local/lib/python3.12/site-packages/airflow/example_dags/tutorial_dag.py took 0.092 seconds
[2024-11-18T16:51:21.983+0000] {processor.py:186} INFO - Started process (PID=1601) to work on /home/airflow/.local/lib/python3.12/site-packages/airflow/example_dags/tutorial_dag.py
[2024-11-18T16:51:21.984+0000] {processor.py:914} INFO - Processing file /home/airflow/.local/lib/python3.12/site-packages/airflow/example_dags/tutorial_dag.py for tasks to queue
[2024-11-18T16:51:21.987+0000] {logging_mixin.py:190} INFO - [2024-11-18T16:51:21.987+0000] {dagbag.py:588} INFO - Filling up the DagBag from /home/airflow/.local/lib/python3.12/site-packages/airflow/example_dags/tutorial_dag.py
[2024-11-18T16:51:21.997+0000] {processor.py:925} INFO - DAG(s) 'tutorial_dag' retrieved from /home/airflow/.local/lib/python3.12/site-packages/airflow/example_dags/tutorial_dag.py
[2024-11-18T16:51:22.026+0000] {logging_mixin.py:190} INFO - [2024-11-18T16:51:22.026+0000] {dag.py:3239} INFO - Sync 1 DAGs
[2024-11-18T16:51:22.051+0000] {logging_mixin.py:190} INFO - [2024-11-18T16:51:22.051+0000] {dag.py:4180} INFO - Setting next_dagrun for tutorial_dag to None, run_after=None
[2024-11-18T16:51:22.074+0000] {processor.py:208} INFO - Processing /home/airflow/.local/lib/python3.12/site-packages/airflow/example_dags/tutorial_dag.py took 0.099 seconds
[2024-11-18T16:51:52.554+0000] {processor.py:186} INFO - Started process (PID=1661) to work on /home/airflow/.local/lib/python3.12/site-packages/airflow/example_dags/tutorial_dag.py
[2024-11-18T16:51:52.556+0000] {processor.py:914} INFO - Processing file /home/airflow/.local/lib/python3.12/site-packages/airflow/example_dags/tutorial_dag.py for tasks to queue
[2024-11-18T16:51:52.560+0000] {logging_mixin.py:190} INFO - [2024-11-18T16:51:52.560+0000] {dagbag.py:588} INFO - Filling up the DagBag from /home/airflow/.local/lib/python3.12/site-packages/airflow/example_dags/tutorial_dag.py
[2024-11-18T16:51:52.574+0000] {processor.py:925} INFO - DAG(s) 'tutorial_dag' retrieved from /home/airflow/.local/lib/python3.12/site-packages/airflow/example_dags/tutorial_dag.py
[2024-11-18T16:51:52.602+0000] {logging_mixin.py:190} INFO - [2024-11-18T16:51:52.601+0000] {dag.py:3239} INFO - Sync 1 DAGs
[2024-11-18T16:51:52.618+0000] {logging_mixin.py:190} INFO - [2024-11-18T16:51:52.618+0000] {dag.py:4180} INFO - Setting next_dagrun for tutorial_dag to None, run_after=None
[2024-11-18T16:51:52.639+0000] {processor.py:208} INFO - Processing /home/airflow/.local/lib/python3.12/site-packages/airflow/example_dags/tutorial_dag.py took 0.095 seconds
[2024-11-18T16:52:22.895+0000] {processor.py:186} INFO - Started process (PID=1724) to work on /home/airflow/.local/lib/python3.12/site-packages/airflow/example_dags/tutorial_dag.py
[2024-11-18T16:52:22.898+0000] {processor.py:914} INFO - Processing file /home/airflow/.local/lib/python3.12/site-packages/airflow/example_dags/tutorial_dag.py for tasks to queue
[2024-11-18T16:52:22.902+0000] {logging_mixin.py:190} INFO - [2024-11-18T16:52:22.902+0000] {dagbag.py:588} INFO - Filling up the DagBag from /home/airflow/.local/lib/python3.12/site-packages/airflow/example_dags/tutorial_dag.py
[2024-11-18T16:52:22.912+0000] {processor.py:925} INFO - DAG(s) 'tutorial_dag' retrieved from /home/airflow/.local/lib/python3.12/site-packages/airflow/example_dags/tutorial_dag.py
[2024-11-18T16:52:22.936+0000] {logging_mixin.py:190} INFO - [2024-11-18T16:52:22.936+0000] {dag.py:3239} INFO - Sync 1 DAGs
[2024-11-18T16:52:22.953+0000] {logging_mixin.py:190} INFO - [2024-11-18T16:52:22.953+0000] {dag.py:4180} INFO - Setting next_dagrun for tutorial_dag to None, run_after=None
[2024-11-18T16:52:22.977+0000] {processor.py:208} INFO - Processing /home/airflow/.local/lib/python3.12/site-packages/airflow/example_dags/tutorial_dag.py took 0.090 seconds
[2024-11-18T16:52:53.124+0000] {processor.py:186} INFO - Started process (PID=1787) to work on /home/airflow/.local/lib/python3.12/site-packages/airflow/example_dags/tutorial_dag.py
[2024-11-18T16:52:53.125+0000] {processor.py:914} INFO - Processing file /home/airflow/.local/lib/python3.12/site-packages/airflow/example_dags/tutorial_dag.py for tasks to queue
[2024-11-18T16:52:53.128+0000] {logging_mixin.py:190} INFO - [2024-11-18T16:52:53.128+0000] {dagbag.py:588} INFO - Filling up the DagBag from /home/airflow/.local/lib/python3.12/site-packages/airflow/example_dags/tutorial_dag.py
[2024-11-18T16:52:53.137+0000] {processor.py:925} INFO - DAG(s) 'tutorial_dag' retrieved from /home/airflow/.local/lib/python3.12/site-packages/airflow/example_dags/tutorial_dag.py
[2024-11-18T16:52:53.160+0000] {logging_mixin.py:190} INFO - [2024-11-18T16:52:53.160+0000] {dag.py:3239} INFO - Sync 1 DAGs
[2024-11-18T16:52:53.179+0000] {logging_mixin.py:190} INFO - [2024-11-18T16:52:53.179+0000] {dag.py:4180} INFO - Setting next_dagrun for tutorial_dag to None, run_after=None
[2024-11-18T16:52:53.199+0000] {processor.py:208} INFO - Processing /home/airflow/.local/lib/python3.12/site-packages/airflow/example_dags/tutorial_dag.py took 0.082 seconds
[2024-11-18T16:53:23.519+0000] {processor.py:186} INFO - Started process (PID=1849) to work on /home/airflow/.local/lib/python3.12/site-packages/airflow/example_dags/tutorial_dag.py
[2024-11-18T16:53:23.519+0000] {processor.py:914} INFO - Processing file /home/airflow/.local/lib/python3.12/site-packages/airflow/example_dags/tutorial_dag.py for tasks to queue
[2024-11-18T16:53:23.522+0000] {logging_mixin.py:190} INFO - [2024-11-18T16:53:23.522+0000] {dagbag.py:588} INFO - Filling up the DagBag from /home/airflow/.local/lib/python3.12/site-packages/airflow/example_dags/tutorial_dag.py
[2024-11-18T16:53:23.533+0000] {processor.py:925} INFO - DAG(s) 'tutorial_dag' retrieved from /home/airflow/.local/lib/python3.12/site-packages/airflow/example_dags/tutorial_dag.py
[2024-11-18T16:53:23.562+0000] {logging_mixin.py:190} INFO - [2024-11-18T16:53:23.562+0000] {dag.py:3239} INFO - Sync 1 DAGs
[2024-11-18T16:53:23.581+0000] {logging_mixin.py:190} INFO - [2024-11-18T16:53:23.580+0000] {dag.py:4180} INFO - Setting next_dagrun for tutorial_dag to None, run_after=None
[2024-11-18T16:53:23.600+0000] {processor.py:208} INFO - Processing /home/airflow/.local/lib/python3.12/site-packages/airflow/example_dags/tutorial_dag.py took 0.090 seconds
[2024-11-18T16:53:53.770+0000] {processor.py:186} INFO - Started process (PID=1912) to work on /home/airflow/.local/lib/python3.12/site-packages/airflow/example_dags/tutorial_dag.py
[2024-11-18T16:53:53.771+0000] {processor.py:914} INFO - Processing file /home/airflow/.local/lib/python3.12/site-packages/airflow/example_dags/tutorial_dag.py for tasks to queue
[2024-11-18T16:53:53.774+0000] {logging_mixin.py:190} INFO - [2024-11-18T16:53:53.774+0000] {dagbag.py:588} INFO - Filling up the DagBag from /home/airflow/.local/lib/python3.12/site-packages/airflow/example_dags/tutorial_dag.py
[2024-11-18T16:53:53.784+0000] {processor.py:925} INFO - DAG(s) 'tutorial_dag' retrieved from /home/airflow/.local/lib/python3.12/site-packages/airflow/example_dags/tutorial_dag.py
[2024-11-18T16:53:53.806+0000] {logging_mixin.py:190} INFO - [2024-11-18T16:53:53.806+0000] {dag.py:3239} INFO - Sync 1 DAGs
[2024-11-18T16:53:53.823+0000] {logging_mixin.py:190} INFO - [2024-11-18T16:53:53.823+0000] {dag.py:4180} INFO - Setting next_dagrun for tutorial_dag to None, run_after=None
[2024-11-18T16:53:53.844+0000] {processor.py:208} INFO - Processing /home/airflow/.local/lib/python3.12/site-packages/airflow/example_dags/tutorial_dag.py took 0.082 seconds
[2024-11-18T16:54:24.728+0000] {processor.py:186} INFO - Started process (PID=1970) to work on /home/airflow/.local/lib/python3.12/site-packages/airflow/example_dags/tutorial_dag.py
[2024-11-18T16:54:24.729+0000] {processor.py:914} INFO - Processing file /home/airflow/.local/lib/python3.12/site-packages/airflow/example_dags/tutorial_dag.py for tasks to queue
[2024-11-18T16:54:24.731+0000] {logging_mixin.py:190} INFO - [2024-11-18T16:54:24.731+0000] {dagbag.py:588} INFO - Filling up the DagBag from /home/airflow/.local/lib/python3.12/site-packages/airflow/example_dags/tutorial_dag.py
[2024-11-18T16:54:24.740+0000] {processor.py:925} INFO - DAG(s) 'tutorial_dag' retrieved from /home/airflow/.local/lib/python3.12/site-packages/airflow/example_dags/tutorial_dag.py
[2024-11-18T16:54:24.768+0000] {logging_mixin.py:190} INFO - [2024-11-18T16:54:24.767+0000] {dag.py:3239} INFO - Sync 1 DAGs
[2024-11-18T16:54:24.784+0000] {logging_mixin.py:190} INFO - [2024-11-18T16:54:24.784+0000] {dag.py:4180} INFO - Setting next_dagrun for tutorial_dag to None, run_after=None
[2024-11-18T16:54:24.806+0000] {processor.py:208} INFO - Processing /home/airflow/.local/lib/python3.12/site-packages/airflow/example_dags/tutorial_dag.py took 0.086 seconds
[2024-11-18T16:54:55.770+0000] {processor.py:186} INFO - Started process (PID=2029) to work on /home/airflow/.local/lib/python3.12/site-packages/airflow/example_dags/tutorial_dag.py
[2024-11-18T16:54:55.771+0000] {processor.py:914} INFO - Processing file /home/airflow/.local/lib/python3.12/site-packages/airflow/example_dags/tutorial_dag.py for tasks to queue
[2024-11-18T16:54:55.775+0000] {logging_mixin.py:190} INFO - [2024-11-18T16:54:55.774+0000] {dagbag.py:588} INFO - Filling up the DagBag from /home/airflow/.local/lib/python3.12/site-packages/airflow/example_dags/tutorial_dag.py
[2024-11-18T16:54:55.785+0000] {processor.py:925} INFO - DAG(s) 'tutorial_dag' retrieved from /home/airflow/.local/lib/python3.12/site-packages/airflow/example_dags/tutorial_dag.py
[2024-11-18T16:54:55.807+0000] {logging_mixin.py:190} INFO - [2024-11-18T16:54:55.807+0000] {dag.py:3239} INFO - Sync 1 DAGs
[2024-11-18T16:54:55.826+0000] {logging_mixin.py:190} INFO - [2024-11-18T16:54:55.826+0000] {dag.py:4180} INFO - Setting next_dagrun for tutorial_dag to None, run_after=None
[2024-11-18T16:54:55.849+0000] {processor.py:208} INFO - Processing /home/airflow/.local/lib/python3.12/site-packages/airflow/example_dags/tutorial_dag.py took 0.088 seconds
[2024-11-18T16:55:26.562+0000] {processor.py:186} INFO - Started process (PID=2089) to work on /home/airflow/.local/lib/python3.12/site-packages/airflow/example_dags/tutorial_dag.py
[2024-11-18T16:55:26.563+0000] {processor.py:914} INFO - Processing file /home/airflow/.local/lib/python3.12/site-packages/airflow/example_dags/tutorial_dag.py for tasks to queue
[2024-11-18T16:55:26.566+0000] {logging_mixin.py:190} INFO - [2024-11-18T16:55:26.565+0000] {dagbag.py:588} INFO - Filling up the DagBag from /home/airflow/.local/lib/python3.12/site-packages/airflow/example_dags/tutorial_dag.py
[2024-11-18T16:55:26.577+0000] {processor.py:925} INFO - DAG(s) 'tutorial_dag' retrieved from /home/airflow/.local/lib/python3.12/site-packages/airflow/example_dags/tutorial_dag.py
[2024-11-18T16:55:26.599+0000] {logging_mixin.py:190} INFO - [2024-11-18T16:55:26.599+0000] {dag.py:3239} INFO - Sync 1 DAGs
[2024-11-18T16:55:26.615+0000] {logging_mixin.py:190} INFO - [2024-11-18T16:55:26.615+0000] {dag.py:4180} INFO - Setting next_dagrun for tutorial_dag to None, run_after=None
[2024-11-18T16:55:26.636+0000] {processor.py:208} INFO - Processing /home/airflow/.local/lib/python3.12/site-packages/airflow/example_dags/tutorial_dag.py took 0.081 seconds
[2024-11-18T16:55:57.260+0000] {processor.py:186} INFO - Started process (PID=2151) to work on /home/airflow/.local/lib/python3.12/site-packages/airflow/example_dags/tutorial_dag.py
[2024-11-18T16:55:57.261+0000] {processor.py:914} INFO - Processing file /home/airflow/.local/lib/python3.12/site-packages/airflow/example_dags/tutorial_dag.py for tasks to queue
[2024-11-18T16:55:57.264+0000] {logging_mixin.py:190} INFO - [2024-11-18T16:55:57.263+0000] {dagbag.py:588} INFO - Filling up the DagBag from /home/airflow/.local/lib/python3.12/site-packages/airflow/example_dags/tutorial_dag.py
[2024-11-18T16:55:57.272+0000] {processor.py:925} INFO - DAG(s) 'tutorial_dag' retrieved from /home/airflow/.local/lib/python3.12/site-packages/airflow/example_dags/tutorial_dag.py
[2024-11-18T16:55:57.295+0000] {logging_mixin.py:190} INFO - [2024-11-18T16:55:57.295+0000] {dag.py:3239} INFO - Sync 1 DAGs
[2024-11-18T16:55:57.311+0000] {logging_mixin.py:190} INFO - [2024-11-18T16:55:57.311+0000] {dag.py:4180} INFO - Setting next_dagrun for tutorial_dag to None, run_after=None
[2024-11-18T16:55:57.332+0000] {processor.py:208} INFO - Processing /home/airflow/.local/lib/python3.12/site-packages/airflow/example_dags/tutorial_dag.py took 0.080 seconds
[2024-11-18T16:56:27.379+0000] {processor.py:186} INFO - Started process (PID=2213) to work on /home/airflow/.local/lib/python3.12/site-packages/airflow/example_dags/tutorial_dag.py
[2024-11-18T16:56:27.380+0000] {processor.py:914} INFO - Processing file /home/airflow/.local/lib/python3.12/site-packages/airflow/example_dags/tutorial_dag.py for tasks to queue
[2024-11-18T16:56:27.383+0000] {logging_mixin.py:190} INFO - [2024-11-18T16:56:27.383+0000] {dagbag.py:588} INFO - Filling up the DagBag from /home/airflow/.local/lib/python3.12/site-packages/airflow/example_dags/tutorial_dag.py
[2024-11-18T16:56:27.394+0000] {processor.py:925} INFO - DAG(s) 'tutorial_dag' retrieved from /home/airflow/.local/lib/python3.12/site-packages/airflow/example_dags/tutorial_dag.py
[2024-11-18T16:56:27.420+0000] {logging_mixin.py:190} INFO - [2024-11-18T16:56:27.419+0000] {dag.py:3239} INFO - Sync 1 DAGs
[2024-11-18T16:56:27.440+0000] {logging_mixin.py:190} INFO - [2024-11-18T16:56:27.440+0000] {dag.py:4180} INFO - Setting next_dagrun for tutorial_dag to None, run_after=None
[2024-11-18T16:56:27.463+0000] {processor.py:208} INFO - Processing /home/airflow/.local/lib/python3.12/site-packages/airflow/example_dags/tutorial_dag.py took 0.092 seconds
[2024-11-18T16:56:57.824+0000] {processor.py:186} INFO - Started process (PID=2276) to work on /home/airflow/.local/lib/python3.12/site-packages/airflow/example_dags/tutorial_dag.py
[2024-11-18T16:56:57.825+0000] {processor.py:914} INFO - Processing file /home/airflow/.local/lib/python3.12/site-packages/airflow/example_dags/tutorial_dag.py for tasks to queue
[2024-11-18T16:56:57.829+0000] {logging_mixin.py:190} INFO - [2024-11-18T16:56:57.828+0000] {dagbag.py:588} INFO - Filling up the DagBag from /home/airflow/.local/lib/python3.12/site-packages/airflow/example_dags/tutorial_dag.py
[2024-11-18T16:56:57.839+0000] {processor.py:925} INFO - DAG(s) 'tutorial_dag' retrieved from /home/airflow/.local/lib/python3.12/site-packages/airflow/example_dags/tutorial_dag.py
[2024-11-18T16:56:57.864+0000] {logging_mixin.py:190} INFO - [2024-11-18T16:56:57.863+0000] {dag.py:3239} INFO - Sync 1 DAGs
[2024-11-18T16:56:57.884+0000] {logging_mixin.py:190} INFO - [2024-11-18T16:56:57.884+0000] {dag.py:4180} INFO - Setting next_dagrun for tutorial_dag to None, run_after=None
[2024-11-18T16:56:57.910+0000] {processor.py:208} INFO - Processing /home/airflow/.local/lib/python3.12/site-packages/airflow/example_dags/tutorial_dag.py took 0.095 seconds
[2024-11-18T16:57:28.150+0000] {processor.py:186} INFO - Started process (PID=2339) to work on /home/airflow/.local/lib/python3.12/site-packages/airflow/example_dags/tutorial_dag.py
[2024-11-18T16:57:28.151+0000] {processor.py:914} INFO - Processing file /home/airflow/.local/lib/python3.12/site-packages/airflow/example_dags/tutorial_dag.py for tasks to queue
[2024-11-18T16:57:28.156+0000] {logging_mixin.py:190} INFO - [2024-11-18T16:57:28.156+0000] {dagbag.py:588} INFO - Filling up the DagBag from /home/airflow/.local/lib/python3.12/site-packages/airflow/example_dags/tutorial_dag.py
[2024-11-18T16:57:28.166+0000] {processor.py:925} INFO - DAG(s) 'tutorial_dag' retrieved from /home/airflow/.local/lib/python3.12/site-packages/airflow/example_dags/tutorial_dag.py
[2024-11-18T16:57:28.195+0000] {logging_mixin.py:190} INFO - [2024-11-18T16:57:28.195+0000] {dag.py:3239} INFO - Sync 1 DAGs
[2024-11-18T16:57:28.216+0000] {logging_mixin.py:190} INFO - [2024-11-18T16:57:28.215+0000] {dag.py:4180} INFO - Setting next_dagrun for tutorial_dag to None, run_after=None
[2024-11-18T16:57:28.241+0000] {processor.py:208} INFO - Processing /home/airflow/.local/lib/python3.12/site-packages/airflow/example_dags/tutorial_dag.py took 0.098 seconds
[2024-11-18T16:57:58.942+0000] {processor.py:186} INFO - Started process (PID=2402) to work on /home/airflow/.local/lib/python3.12/site-packages/airflow/example_dags/tutorial_dag.py
[2024-11-18T16:57:58.944+0000] {processor.py:914} INFO - Processing file /home/airflow/.local/lib/python3.12/site-packages/airflow/example_dags/tutorial_dag.py for tasks to queue
[2024-11-18T16:57:58.948+0000] {logging_mixin.py:190} INFO - [2024-11-18T16:57:58.947+0000] {dagbag.py:588} INFO - Filling up the DagBag from /home/airflow/.local/lib/python3.12/site-packages/airflow/example_dags/tutorial_dag.py
[2024-11-18T16:57:58.959+0000] {processor.py:925} INFO - DAG(s) 'tutorial_dag' retrieved from /home/airflow/.local/lib/python3.12/site-packages/airflow/example_dags/tutorial_dag.py
[2024-11-18T16:57:58.986+0000] {logging_mixin.py:190} INFO - [2024-11-18T16:57:58.986+0000] {dag.py:3239} INFO - Sync 1 DAGs
[2024-11-18T16:57:59.004+0000] {logging_mixin.py:190} INFO - [2024-11-18T16:57:59.004+0000] {dag.py:4180} INFO - Setting next_dagrun for tutorial_dag to None, run_after=None
[2024-11-18T16:57:59.032+0000] {processor.py:208} INFO - Processing /home/airflow/.local/lib/python3.12/site-packages/airflow/example_dags/tutorial_dag.py took 0.099 seconds
[2024-11-18T16:58:29.190+0000] {processor.py:186} INFO - Started process (PID=2465) to work on /home/airflow/.local/lib/python3.12/site-packages/airflow/example_dags/tutorial_dag.py
[2024-11-18T16:58:29.191+0000] {processor.py:914} INFO - Processing file /home/airflow/.local/lib/python3.12/site-packages/airflow/example_dags/tutorial_dag.py for tasks to queue
[2024-11-18T16:58:29.194+0000] {logging_mixin.py:190} INFO - [2024-11-18T16:58:29.193+0000] {dagbag.py:588} INFO - Filling up the DagBag from /home/airflow/.local/lib/python3.12/site-packages/airflow/example_dags/tutorial_dag.py
[2024-11-18T16:58:29.204+0000] {processor.py:925} INFO - DAG(s) 'tutorial_dag' retrieved from /home/airflow/.local/lib/python3.12/site-packages/airflow/example_dags/tutorial_dag.py
[2024-11-18T16:58:29.231+0000] {logging_mixin.py:190} INFO - [2024-11-18T16:58:29.231+0000] {dag.py:3239} INFO - Sync 1 DAGs
[2024-11-18T16:58:29.249+0000] {logging_mixin.py:190} INFO - [2024-11-18T16:58:29.249+0000] {dag.py:4180} INFO - Setting next_dagrun for tutorial_dag to None, run_after=None
[2024-11-18T16:58:29.271+0000] {processor.py:208} INFO - Processing /home/airflow/.local/lib/python3.12/site-packages/airflow/example_dags/tutorial_dag.py took 0.090 seconds
[2024-11-18T16:58:59.855+0000] {processor.py:186} INFO - Started process (PID=2528) to work on /home/airflow/.local/lib/python3.12/site-packages/airflow/example_dags/tutorial_dag.py
[2024-11-18T16:58:59.857+0000] {processor.py:914} INFO - Processing file /home/airflow/.local/lib/python3.12/site-packages/airflow/example_dags/tutorial_dag.py for tasks to queue
[2024-11-18T16:58:59.860+0000] {logging_mixin.py:190} INFO - [2024-11-18T16:58:59.859+0000] {dagbag.py:588} INFO - Filling up the DagBag from /home/airflow/.local/lib/python3.12/site-packages/airflow/example_dags/tutorial_dag.py
[2024-11-18T16:58:59.871+0000] {processor.py:925} INFO - DAG(s) 'tutorial_dag' retrieved from /home/airflow/.local/lib/python3.12/site-packages/airflow/example_dags/tutorial_dag.py
[2024-11-18T16:58:59.903+0000] {logging_mixin.py:190} INFO - [2024-11-18T16:58:59.902+0000] {dag.py:3239} INFO - Sync 1 DAGs
[2024-11-18T16:58:59.925+0000] {logging_mixin.py:190} INFO - [2024-11-18T16:58:59.925+0000] {dag.py:4180} INFO - Setting next_dagrun for tutorial_dag to None, run_after=None
[2024-11-18T16:58:59.954+0000] {processor.py:208} INFO - Processing /home/airflow/.local/lib/python3.12/site-packages/airflow/example_dags/tutorial_dag.py took 0.109 seconds
[2024-11-18T16:59:30.448+0000] {processor.py:186} INFO - Started process (PID=2591) to work on /home/airflow/.local/lib/python3.12/site-packages/airflow/example_dags/tutorial_dag.py
[2024-11-18T16:59:30.450+0000] {processor.py:914} INFO - Processing file /home/airflow/.local/lib/python3.12/site-packages/airflow/example_dags/tutorial_dag.py for tasks to queue
[2024-11-18T16:59:30.452+0000] {logging_mixin.py:190} INFO - [2024-11-18T16:59:30.452+0000] {dagbag.py:588} INFO - Filling up the DagBag from /home/airflow/.local/lib/python3.12/site-packages/airflow/example_dags/tutorial_dag.py
[2024-11-18T16:59:30.464+0000] {processor.py:925} INFO - DAG(s) 'tutorial_dag' retrieved from /home/airflow/.local/lib/python3.12/site-packages/airflow/example_dags/tutorial_dag.py
[2024-11-18T16:59:30.487+0000] {logging_mixin.py:190} INFO - [2024-11-18T16:59:30.487+0000] {dag.py:3239} INFO - Sync 1 DAGs
[2024-11-18T16:59:30.503+0000] {logging_mixin.py:190} INFO - [2024-11-18T16:59:30.503+0000] {dag.py:4180} INFO - Setting next_dagrun for tutorial_dag to None, run_after=None
[2024-11-18T16:59:30.523+0000] {processor.py:208} INFO - Processing /home/airflow/.local/lib/python3.12/site-packages/airflow/example_dags/tutorial_dag.py took 0.082 seconds
[2024-11-18T17:00:01.014+0000] {processor.py:186} INFO - Started process (PID=2652) to work on /home/airflow/.local/lib/python3.12/site-packages/airflow/example_dags/tutorial_dag.py
[2024-11-18T17:00:01.015+0000] {processor.py:914} INFO - Processing file /home/airflow/.local/lib/python3.12/site-packages/airflow/example_dags/tutorial_dag.py for tasks to queue
[2024-11-18T17:00:01.018+0000] {logging_mixin.py:190} INFO - [2024-11-18T17:00:01.018+0000] {dagbag.py:588} INFO - Filling up the DagBag from /home/airflow/.local/lib/python3.12/site-packages/airflow/example_dags/tutorial_dag.py
[2024-11-18T17:00:01.031+0000] {processor.py:925} INFO - DAG(s) 'tutorial_dag' retrieved from /home/airflow/.local/lib/python3.12/site-packages/airflow/example_dags/tutorial_dag.py
[2024-11-18T17:00:01.058+0000] {logging_mixin.py:190} INFO - [2024-11-18T17:00:01.057+0000] {dag.py:3239} INFO - Sync 1 DAGs
[2024-11-18T17:00:01.078+0000] {logging_mixin.py:190} INFO - [2024-11-18T17:00:01.077+0000] {dag.py:4180} INFO - Setting next_dagrun for tutorial_dag to None, run_after=None
[2024-11-18T17:00:01.115+0000] {processor.py:208} INFO - Processing /home/airflow/.local/lib/python3.12/site-packages/airflow/example_dags/tutorial_dag.py took 0.112 seconds
[2024-11-18T17:00:31.736+0000] {processor.py:186} INFO - Started process (PID=2714) to work on /home/airflow/.local/lib/python3.12/site-packages/airflow/example_dags/tutorial_dag.py
[2024-11-18T17:00:31.737+0000] {processor.py:914} INFO - Processing file /home/airflow/.local/lib/python3.12/site-packages/airflow/example_dags/tutorial_dag.py for tasks to queue
[2024-11-18T17:00:31.740+0000] {logging_mixin.py:190} INFO - [2024-11-18T17:00:31.740+0000] {dagbag.py:588} INFO - Filling up the DagBag from /home/airflow/.local/lib/python3.12/site-packages/airflow/example_dags/tutorial_dag.py
[2024-11-18T17:00:31.751+0000] {processor.py:925} INFO - DAG(s) 'tutorial_dag' retrieved from /home/airflow/.local/lib/python3.12/site-packages/airflow/example_dags/tutorial_dag.py
[2024-11-18T17:00:31.775+0000] {logging_mixin.py:190} INFO - [2024-11-18T17:00:31.775+0000] {dag.py:3239} INFO - Sync 1 DAGs
[2024-11-18T17:00:31.794+0000] {logging_mixin.py:190} INFO - [2024-11-18T17:00:31.794+0000] {dag.py:4180} INFO - Setting next_dagrun for tutorial_dag to None, run_after=None
[2024-11-18T17:00:31.826+0000] {processor.py:208} INFO - Processing /home/airflow/.local/lib/python3.12/site-packages/airflow/example_dags/tutorial_dag.py took 0.100 seconds
[2024-11-18T17:02:27.183+0000] {processor.py:186} INFO - Started process (PID=85) to work on /home/airflow/.local/lib/python3.12/site-packages/airflow/example_dags/tutorial_dag.py
[2024-11-18T17:02:27.185+0000] {processor.py:914} INFO - Processing file /home/airflow/.local/lib/python3.12/site-packages/airflow/example_dags/tutorial_dag.py for tasks to queue
[2024-11-18T17:02:27.192+0000] {logging_mixin.py:190} INFO - [2024-11-18T17:02:27.190+0000] {dagbag.py:588} INFO - Filling up the DagBag from /home/airflow/.local/lib/python3.12/site-packages/airflow/example_dags/tutorial_dag.py
[2024-11-18T17:02:27.212+0000] {processor.py:925} INFO - DAG(s) 'tutorial_dag' retrieved from /home/airflow/.local/lib/python3.12/site-packages/airflow/example_dags/tutorial_dag.py
[2024-11-18T17:02:27.261+0000] {logging_mixin.py:190} INFO - [2024-11-18T17:02:27.261+0000] {dag.py:3239} INFO - Sync 1 DAGs
[2024-11-18T17:02:27.281+0000] {logging_mixin.py:190} INFO - [2024-11-18T17:02:27.280+0000] {dag.py:4180} INFO - Setting next_dagrun for tutorial_dag to None, run_after=None
[2024-11-18T17:02:27.309+0000] {processor.py:208} INFO - Processing /home/airflow/.local/lib/python3.12/site-packages/airflow/example_dags/tutorial_dag.py took 0.136 seconds
[2024-11-18T17:02:58.071+0000] {processor.py:186} INFO - Started process (PID=148) to work on /home/airflow/.local/lib/python3.12/site-packages/airflow/example_dags/tutorial_dag.py
[2024-11-18T17:02:58.072+0000] {processor.py:914} INFO - Processing file /home/airflow/.local/lib/python3.12/site-packages/airflow/example_dags/tutorial_dag.py for tasks to queue
[2024-11-18T17:02:58.074+0000] {logging_mixin.py:190} INFO - [2024-11-18T17:02:58.074+0000] {dagbag.py:588} INFO - Filling up the DagBag from /home/airflow/.local/lib/python3.12/site-packages/airflow/example_dags/tutorial_dag.py
[2024-11-18T17:02:58.083+0000] {processor.py:925} INFO - DAG(s) 'tutorial_dag' retrieved from /home/airflow/.local/lib/python3.12/site-packages/airflow/example_dags/tutorial_dag.py
[2024-11-18T17:02:58.106+0000] {logging_mixin.py:190} INFO - [2024-11-18T17:02:58.106+0000] {dag.py:3239} INFO - Sync 1 DAGs
[2024-11-18T17:02:58.123+0000] {logging_mixin.py:190} INFO - [2024-11-18T17:02:58.123+0000] {dag.py:4180} INFO - Setting next_dagrun for tutorial_dag to None, run_after=None
[2024-11-18T17:02:58.152+0000] {processor.py:208} INFO - Processing /home/airflow/.local/lib/python3.12/site-packages/airflow/example_dags/tutorial_dag.py took 0.137 seconds
