[2024-11-18T16:24:26.631+0000] {processor.py:186} INFO - Started process (PID=80) to work on /home/airflow/.local/lib/python3.12/site-packages/airflow/example_dags/tutorial.py
[2024-11-18T16:24:26.634+0000] {processor.py:914} INFO - Processing file /home/airflow/.local/lib/python3.12/site-packages/airflow/example_dags/tutorial.py for tasks to queue
[2024-11-18T16:24:26.637+0000] {logging_mixin.py:190} INFO - [2024-11-18T16:24:26.637+0000] {dagbag.py:588} INFO - Filling up the DagBag from /home/airflow/.local/lib/python3.12/site-packages/airflow/example_dags/tutorial.py
[2024-11-18T16:24:26.652+0000] {processor.py:925} INFO - DAG(s) 'tutorial' retrieved from /home/airflow/.local/lib/python3.12/site-packages/airflow/example_dags/tutorial.py
[2024-11-18T16:24:26.854+0000] {logging_mixin.py:190} INFO - [2024-11-18T16:24:26.854+0000] {override.py:1911} INFO - Created Permission View: can read on DAG:tutorial
[2024-11-18T16:24:26.881+0000] {logging_mixin.py:190} INFO - [2024-11-18T16:24:26.881+0000] {override.py:1911} INFO - Created Permission View: can edit on DAG:tutorial
[2024-11-18T16:24:26.891+0000] {logging_mixin.py:190} INFO - [2024-11-18T16:24:26.891+0000] {override.py:1911} INFO - Created Permission View: can delete on DAG:tutorial
[2024-11-18T16:24:26.909+0000] {logging_mixin.py:190} INFO - [2024-11-18T16:24:26.908+0000] {override.py:1911} INFO - Created Permission View: can read on DAG Run:tutorial
[2024-11-18T16:24:26.924+0000] {logging_mixin.py:190} INFO - [2024-11-18T16:24:26.924+0000] {override.py:1911} INFO - Created Permission View: menu access on DAG Run:tutorial
[2024-11-18T16:24:26.948+0000] {logging_mixin.py:190} INFO - [2024-11-18T16:24:26.947+0000] {override.py:1911} INFO - Created Permission View: can create on DAG Run:tutorial
[2024-11-18T16:24:26.961+0000] {logging_mixin.py:190} INFO - [2024-11-18T16:24:26.960+0000] {override.py:1911} INFO - Created Permission View: can delete on DAG Run:tutorial
[2024-11-18T16:24:26.962+0000] {logging_mixin.py:190} INFO - [2024-11-18T16:24:26.962+0000] {dag.py:3239} INFO - Sync 1 DAGs
[2024-11-18T16:24:27.034+0000] {logging_mixin.py:190} INFO - [2024-11-18T16:24:27.034+0000] {dag.py:3262} INFO - Creating ORM DAG for tutorial
[2024-11-18T16:24:27.068+0000] {logging_mixin.py:190} INFO - [2024-11-18T16:24:27.068+0000] {dag.py:4180} INFO - Setting next_dagrun for tutorial to 2024-11-17 00:00:00+00:00, run_after=2024-11-18 00:00:00+00:00
[2024-11-18T16:24:27.098+0000] {processor.py:208} INFO - Processing /home/airflow/.local/lib/python3.12/site-packages/airflow/example_dags/tutorial.py took 0.484 seconds
[2024-11-18T16:24:57.839+0000] {processor.py:186} INFO - Started process (PID=142) to work on /home/airflow/.local/lib/python3.12/site-packages/airflow/example_dags/tutorial.py
[2024-11-18T16:24:57.840+0000] {processor.py:914} INFO - Processing file /home/airflow/.local/lib/python3.12/site-packages/airflow/example_dags/tutorial.py for tasks to queue
[2024-11-18T16:24:57.844+0000] {logging_mixin.py:190} INFO - [2024-11-18T16:24:57.843+0000] {dagbag.py:588} INFO - Filling up the DagBag from /home/airflow/.local/lib/python3.12/site-packages/airflow/example_dags/tutorial.py
[2024-11-18T16:24:57.858+0000] {processor.py:925} INFO - DAG(s) 'tutorial' retrieved from /home/airflow/.local/lib/python3.12/site-packages/airflow/example_dags/tutorial.py
[2024-11-18T16:24:57.892+0000] {logging_mixin.py:190} INFO - [2024-11-18T16:24:57.892+0000] {dag.py:3239} INFO - Sync 1 DAGs
[2024-11-18T16:24:57.933+0000] {logging_mixin.py:190} INFO - [2024-11-18T16:24:57.932+0000] {dag.py:4180} INFO - Setting next_dagrun for tutorial to 2024-11-17 00:00:00+00:00, run_after=2024-11-18 00:00:00+00:00
[2024-11-18T16:24:57.991+0000] {processor.py:208} INFO - Processing /home/airflow/.local/lib/python3.12/site-packages/airflow/example_dags/tutorial.py took 0.162 seconds
[2024-11-18T16:25:28.888+0000] {processor.py:186} INFO - Started process (PID=205) to work on /home/airflow/.local/lib/python3.12/site-packages/airflow/example_dags/tutorial.py
[2024-11-18T16:25:28.890+0000] {processor.py:914} INFO - Processing file /home/airflow/.local/lib/python3.12/site-packages/airflow/example_dags/tutorial.py for tasks to queue
[2024-11-18T16:25:28.896+0000] {logging_mixin.py:190} INFO - [2024-11-18T16:25:28.896+0000] {dagbag.py:588} INFO - Filling up the DagBag from /home/airflow/.local/lib/python3.12/site-packages/airflow/example_dags/tutorial.py
[2024-11-18T16:25:28.908+0000] {processor.py:925} INFO - DAG(s) 'tutorial' retrieved from /home/airflow/.local/lib/python3.12/site-packages/airflow/example_dags/tutorial.py
[2024-11-18T16:25:28.937+0000] {logging_mixin.py:190} INFO - [2024-11-18T16:25:28.937+0000] {dag.py:3239} INFO - Sync 1 DAGs
[2024-11-18T16:25:28.970+0000] {logging_mixin.py:190} INFO - [2024-11-18T16:25:28.969+0000] {dag.py:4180} INFO - Setting next_dagrun for tutorial to 2024-11-17 00:00:00+00:00, run_after=2024-11-18 00:00:00+00:00
[2024-11-18T16:25:29.004+0000] {processor.py:208} INFO - Processing /home/airflow/.local/lib/python3.12/site-packages/airflow/example_dags/tutorial.py took 0.123 seconds
[2024-11-18T16:25:59.728+0000] {processor.py:186} INFO - Started process (PID=268) to work on /home/airflow/.local/lib/python3.12/site-packages/airflow/example_dags/tutorial.py
[2024-11-18T16:25:59.730+0000] {processor.py:914} INFO - Processing file /home/airflow/.local/lib/python3.12/site-packages/airflow/example_dags/tutorial.py for tasks to queue
[2024-11-18T16:25:59.734+0000] {logging_mixin.py:190} INFO - [2024-11-18T16:25:59.733+0000] {dagbag.py:588} INFO - Filling up the DagBag from /home/airflow/.local/lib/python3.12/site-packages/airflow/example_dags/tutorial.py
[2024-11-18T16:25:59.747+0000] {processor.py:925} INFO - DAG(s) 'tutorial' retrieved from /home/airflow/.local/lib/python3.12/site-packages/airflow/example_dags/tutorial.py
[2024-11-18T16:25:59.782+0000] {logging_mixin.py:190} INFO - [2024-11-18T16:25:59.782+0000] {dag.py:3239} INFO - Sync 1 DAGs
[2024-11-18T16:25:59.817+0000] {logging_mixin.py:190} INFO - [2024-11-18T16:25:59.817+0000] {dag.py:4180} INFO - Setting next_dagrun for tutorial to 2024-11-17 00:00:00+00:00, run_after=2024-11-18 00:00:00+00:00
[2024-11-18T16:25:59.843+0000] {processor.py:208} INFO - Processing /home/airflow/.local/lib/python3.12/site-packages/airflow/example_dags/tutorial.py took 0.125 seconds
[2024-11-18T16:26:30.151+0000] {processor.py:186} INFO - Started process (PID=331) to work on /home/airflow/.local/lib/python3.12/site-packages/airflow/example_dags/tutorial.py
[2024-11-18T16:26:30.153+0000] {processor.py:914} INFO - Processing file /home/airflow/.local/lib/python3.12/site-packages/airflow/example_dags/tutorial.py for tasks to queue
[2024-11-18T16:26:30.157+0000] {logging_mixin.py:190} INFO - [2024-11-18T16:26:30.156+0000] {dagbag.py:588} INFO - Filling up the DagBag from /home/airflow/.local/lib/python3.12/site-packages/airflow/example_dags/tutorial.py
[2024-11-18T16:26:30.170+0000] {processor.py:925} INFO - DAG(s) 'tutorial' retrieved from /home/airflow/.local/lib/python3.12/site-packages/airflow/example_dags/tutorial.py
[2024-11-18T16:26:30.197+0000] {logging_mixin.py:190} INFO - [2024-11-18T16:26:30.196+0000] {dag.py:3239} INFO - Sync 1 DAGs
[2024-11-18T16:26:30.230+0000] {logging_mixin.py:190} INFO - [2024-11-18T16:26:30.230+0000] {dag.py:4180} INFO - Setting next_dagrun for tutorial to 2024-11-17 00:00:00+00:00, run_after=2024-11-18 00:00:00+00:00
[2024-11-18T16:26:30.253+0000] {processor.py:208} INFO - Processing /home/airflow/.local/lib/python3.12/site-packages/airflow/example_dags/tutorial.py took 0.110 seconds
[2024-11-18T16:27:00.581+0000] {processor.py:186} INFO - Started process (PID=394) to work on /home/airflow/.local/lib/python3.12/site-packages/airflow/example_dags/tutorial.py
[2024-11-18T16:27:00.583+0000] {processor.py:914} INFO - Processing file /home/airflow/.local/lib/python3.12/site-packages/airflow/example_dags/tutorial.py for tasks to queue
[2024-11-18T16:27:00.588+0000] {logging_mixin.py:190} INFO - [2024-11-18T16:27:00.587+0000] {dagbag.py:588} INFO - Filling up the DagBag from /home/airflow/.local/lib/python3.12/site-packages/airflow/example_dags/tutorial.py
[2024-11-18T16:27:00.601+0000] {processor.py:925} INFO - DAG(s) 'tutorial' retrieved from /home/airflow/.local/lib/python3.12/site-packages/airflow/example_dags/tutorial.py
[2024-11-18T16:27:00.643+0000] {logging_mixin.py:190} INFO - [2024-11-18T16:27:00.642+0000] {dag.py:3239} INFO - Sync 1 DAGs
[2024-11-18T16:27:00.678+0000] {logging_mixin.py:190} INFO - [2024-11-18T16:27:00.678+0000] {dag.py:4180} INFO - Setting next_dagrun for tutorial to 2024-11-17 00:00:00+00:00, run_after=2024-11-18 00:00:00+00:00
[2024-11-18T16:27:00.703+0000] {processor.py:208} INFO - Processing /home/airflow/.local/lib/python3.12/site-packages/airflow/example_dags/tutorial.py took 0.131 seconds
[2024-11-18T16:27:30.888+0000] {processor.py:186} INFO - Started process (PID=457) to work on /home/airflow/.local/lib/python3.12/site-packages/airflow/example_dags/tutorial.py
[2024-11-18T16:27:30.889+0000] {processor.py:914} INFO - Processing file /home/airflow/.local/lib/python3.12/site-packages/airflow/example_dags/tutorial.py for tasks to queue
[2024-11-18T16:27:30.892+0000] {logging_mixin.py:190} INFO - [2024-11-18T16:27:30.892+0000] {dagbag.py:588} INFO - Filling up the DagBag from /home/airflow/.local/lib/python3.12/site-packages/airflow/example_dags/tutorial.py
[2024-11-18T16:27:30.904+0000] {processor.py:925} INFO - DAG(s) 'tutorial' retrieved from /home/airflow/.local/lib/python3.12/site-packages/airflow/example_dags/tutorial.py
[2024-11-18T16:27:30.937+0000] {logging_mixin.py:190} INFO - [2024-11-18T16:27:30.936+0000] {dag.py:3239} INFO - Sync 1 DAGs
[2024-11-18T16:27:31.032+0000] {logging_mixin.py:190} INFO - [2024-11-18T16:27:31.032+0000] {dag.py:4180} INFO - Setting next_dagrun for tutorial to 2024-11-17 00:00:00+00:00, run_after=2024-11-18 00:00:00+00:00
[2024-11-18T16:27:31.092+0000] {processor.py:208} INFO - Processing /home/airflow/.local/lib/python3.12/site-packages/airflow/example_dags/tutorial.py took 0.212 seconds
[2024-11-18T16:28:01.299+0000] {processor.py:186} INFO - Started process (PID=520) to work on /home/airflow/.local/lib/python3.12/site-packages/airflow/example_dags/tutorial.py
[2024-11-18T16:28:01.300+0000] {processor.py:914} INFO - Processing file /home/airflow/.local/lib/python3.12/site-packages/airflow/example_dags/tutorial.py for tasks to queue
[2024-11-18T16:28:01.303+0000] {logging_mixin.py:190} INFO - [2024-11-18T16:28:01.303+0000] {dagbag.py:588} INFO - Filling up the DagBag from /home/airflow/.local/lib/python3.12/site-packages/airflow/example_dags/tutorial.py
[2024-11-18T16:28:01.313+0000] {processor.py:925} INFO - DAG(s) 'tutorial' retrieved from /home/airflow/.local/lib/python3.12/site-packages/airflow/example_dags/tutorial.py
[2024-11-18T16:28:01.338+0000] {logging_mixin.py:190} INFO - [2024-11-18T16:28:01.338+0000] {dag.py:3239} INFO - Sync 1 DAGs
[2024-11-18T16:28:01.368+0000] {logging_mixin.py:190} INFO - [2024-11-18T16:28:01.367+0000] {dag.py:4180} INFO - Setting next_dagrun for tutorial to 2024-11-17 00:00:00+00:00, run_after=2024-11-18 00:00:00+00:00
[2024-11-18T16:28:01.390+0000] {processor.py:208} INFO - Processing /home/airflow/.local/lib/python3.12/site-packages/airflow/example_dags/tutorial.py took 0.098 seconds
[2024-11-18T16:28:32.053+0000] {processor.py:186} INFO - Started process (PID=583) to work on /home/airflow/.local/lib/python3.12/site-packages/airflow/example_dags/tutorial.py
[2024-11-18T16:28:32.054+0000] {processor.py:914} INFO - Processing file /home/airflow/.local/lib/python3.12/site-packages/airflow/example_dags/tutorial.py for tasks to queue
[2024-11-18T16:28:32.057+0000] {logging_mixin.py:190} INFO - [2024-11-18T16:28:32.057+0000] {dagbag.py:588} INFO - Filling up the DagBag from /home/airflow/.local/lib/python3.12/site-packages/airflow/example_dags/tutorial.py
[2024-11-18T16:28:32.067+0000] {processor.py:925} INFO - DAG(s) 'tutorial' retrieved from /home/airflow/.local/lib/python3.12/site-packages/airflow/example_dags/tutorial.py
[2024-11-18T16:28:32.092+0000] {logging_mixin.py:190} INFO - [2024-11-18T16:28:32.092+0000] {dag.py:3239} INFO - Sync 1 DAGs
[2024-11-18T16:28:32.122+0000] {logging_mixin.py:190} INFO - [2024-11-18T16:28:32.121+0000] {dag.py:4180} INFO - Setting next_dagrun for tutorial to 2024-11-17 00:00:00+00:00, run_after=2024-11-18 00:00:00+00:00
[2024-11-18T16:28:32.144+0000] {processor.py:208} INFO - Processing /home/airflow/.local/lib/python3.12/site-packages/airflow/example_dags/tutorial.py took 0.100 seconds
[2024-11-18T16:29:02.472+0000] {processor.py:186} INFO - Started process (PID=646) to work on /home/airflow/.local/lib/python3.12/site-packages/airflow/example_dags/tutorial.py
[2024-11-18T16:29:02.474+0000] {processor.py:914} INFO - Processing file /home/airflow/.local/lib/python3.12/site-packages/airflow/example_dags/tutorial.py for tasks to queue
[2024-11-18T16:29:02.477+0000] {logging_mixin.py:190} INFO - [2024-11-18T16:29:02.476+0000] {dagbag.py:588} INFO - Filling up the DagBag from /home/airflow/.local/lib/python3.12/site-packages/airflow/example_dags/tutorial.py
[2024-11-18T16:29:02.488+0000] {processor.py:925} INFO - DAG(s) 'tutorial' retrieved from /home/airflow/.local/lib/python3.12/site-packages/airflow/example_dags/tutorial.py
[2024-11-18T16:29:02.510+0000] {logging_mixin.py:190} INFO - [2024-11-18T16:29:02.510+0000] {dag.py:3239} INFO - Sync 1 DAGs
[2024-11-18T16:29:02.537+0000] {logging_mixin.py:190} INFO - [2024-11-18T16:29:02.537+0000] {dag.py:4180} INFO - Setting next_dagrun for tutorial to 2024-11-17 00:00:00+00:00, run_after=2024-11-18 00:00:00+00:00
[2024-11-18T16:29:02.559+0000] {processor.py:208} INFO - Processing /home/airflow/.local/lib/python3.12/site-packages/airflow/example_dags/tutorial.py took 0.094 seconds
[2024-11-18T16:29:33.130+0000] {processor.py:186} INFO - Started process (PID=709) to work on /home/airflow/.local/lib/python3.12/site-packages/airflow/example_dags/tutorial.py
[2024-11-18T16:29:33.131+0000] {processor.py:914} INFO - Processing file /home/airflow/.local/lib/python3.12/site-packages/airflow/example_dags/tutorial.py for tasks to queue
[2024-11-18T16:29:33.135+0000] {logging_mixin.py:190} INFO - [2024-11-18T16:29:33.134+0000] {dagbag.py:588} INFO - Filling up the DagBag from /home/airflow/.local/lib/python3.12/site-packages/airflow/example_dags/tutorial.py
[2024-11-18T16:29:33.145+0000] {processor.py:925} INFO - DAG(s) 'tutorial' retrieved from /home/airflow/.local/lib/python3.12/site-packages/airflow/example_dags/tutorial.py
[2024-11-18T16:29:33.181+0000] {logging_mixin.py:190} INFO - [2024-11-18T16:29:33.181+0000] {dag.py:3239} INFO - Sync 1 DAGs
[2024-11-18T16:29:33.224+0000] {logging_mixin.py:190} INFO - [2024-11-18T16:29:33.224+0000] {dag.py:4180} INFO - Setting next_dagrun for tutorial to 2024-11-17 00:00:00+00:00, run_after=2024-11-18 00:00:00+00:00
[2024-11-18T16:29:33.258+0000] {processor.py:208} INFO - Processing /home/airflow/.local/lib/python3.12/site-packages/airflow/example_dags/tutorial.py took 0.137 seconds
[2024-11-18T16:30:03.454+0000] {processor.py:186} INFO - Started process (PID=772) to work on /home/airflow/.local/lib/python3.12/site-packages/airflow/example_dags/tutorial.py
[2024-11-18T16:30:03.455+0000] {processor.py:914} INFO - Processing file /home/airflow/.local/lib/python3.12/site-packages/airflow/example_dags/tutorial.py for tasks to queue
[2024-11-18T16:30:03.458+0000] {logging_mixin.py:190} INFO - [2024-11-18T16:30:03.457+0000] {dagbag.py:588} INFO - Filling up the DagBag from /home/airflow/.local/lib/python3.12/site-packages/airflow/example_dags/tutorial.py
[2024-11-18T16:30:03.468+0000] {processor.py:925} INFO - DAG(s) 'tutorial' retrieved from /home/airflow/.local/lib/python3.12/site-packages/airflow/example_dags/tutorial.py
[2024-11-18T16:30:03.496+0000] {logging_mixin.py:190} INFO - [2024-11-18T16:30:03.496+0000] {dag.py:3239} INFO - Sync 1 DAGs
[2024-11-18T16:30:03.524+0000] {logging_mixin.py:190} INFO - [2024-11-18T16:30:03.524+0000] {dag.py:4180} INFO - Setting next_dagrun for tutorial to 2024-11-17 00:00:00+00:00, run_after=2024-11-18 00:00:00+00:00
[2024-11-18T16:30:03.546+0000] {processor.py:208} INFO - Processing /home/airflow/.local/lib/python3.12/site-packages/airflow/example_dags/tutorial.py took 0.100 seconds
[2024-11-18T16:30:33.822+0000] {processor.py:186} INFO - Started process (PID=841) to work on /home/airflow/.local/lib/python3.12/site-packages/airflow/example_dags/tutorial.py
[2024-11-18T16:30:33.824+0000] {processor.py:914} INFO - Processing file /home/airflow/.local/lib/python3.12/site-packages/airflow/example_dags/tutorial.py for tasks to queue
[2024-11-18T16:30:33.827+0000] {logging_mixin.py:190} INFO - [2024-11-18T16:30:33.827+0000] {dagbag.py:588} INFO - Filling up the DagBag from /home/airflow/.local/lib/python3.12/site-packages/airflow/example_dags/tutorial.py
[2024-11-18T16:30:33.841+0000] {processor.py:925} INFO - DAG(s) 'tutorial' retrieved from /home/airflow/.local/lib/python3.12/site-packages/airflow/example_dags/tutorial.py
[2024-11-18T16:30:33.880+0000] {logging_mixin.py:190} INFO - [2024-11-18T16:30:33.880+0000] {dag.py:3239} INFO - Sync 1 DAGs
[2024-11-18T16:30:33.917+0000] {logging_mixin.py:190} INFO - [2024-11-18T16:30:33.917+0000] {dag.py:4180} INFO - Setting next_dagrun for tutorial to 2024-11-17 00:00:00+00:00, run_after=2024-11-18 00:00:00+00:00
[2024-11-18T16:30:33.941+0000] {processor.py:208} INFO - Processing /home/airflow/.local/lib/python3.12/site-packages/airflow/example_dags/tutorial.py took 0.127 seconds
[2024-11-18T16:31:04.491+0000] {processor.py:186} INFO - Started process (PID=904) to work on /home/airflow/.local/lib/python3.12/site-packages/airflow/example_dags/tutorial.py
[2024-11-18T16:31:04.492+0000] {processor.py:914} INFO - Processing file /home/airflow/.local/lib/python3.12/site-packages/airflow/example_dags/tutorial.py for tasks to queue
[2024-11-18T16:31:04.496+0000] {logging_mixin.py:190} INFO - [2024-11-18T16:31:04.495+0000] {dagbag.py:588} INFO - Filling up the DagBag from /home/airflow/.local/lib/python3.12/site-packages/airflow/example_dags/tutorial.py
[2024-11-18T16:31:04.508+0000] {processor.py:925} INFO - DAG(s) 'tutorial' retrieved from /home/airflow/.local/lib/python3.12/site-packages/airflow/example_dags/tutorial.py
[2024-11-18T16:31:04.542+0000] {logging_mixin.py:190} INFO - [2024-11-18T16:31:04.542+0000] {dag.py:3239} INFO - Sync 1 DAGs
[2024-11-18T16:31:04.573+0000] {logging_mixin.py:190} INFO - [2024-11-18T16:31:04.573+0000] {dag.py:4180} INFO - Setting next_dagrun for tutorial to 2024-11-17 00:00:00+00:00, run_after=2024-11-18 00:00:00+00:00
[2024-11-18T16:31:04.595+0000] {processor.py:208} INFO - Processing /home/airflow/.local/lib/python3.12/site-packages/airflow/example_dags/tutorial.py took 0.114 seconds
[2024-11-18T16:31:34.802+0000] {processor.py:186} INFO - Started process (PID=967) to work on /home/airflow/.local/lib/python3.12/site-packages/airflow/example_dags/tutorial.py
[2024-11-18T16:31:34.804+0000] {processor.py:914} INFO - Processing file /home/airflow/.local/lib/python3.12/site-packages/airflow/example_dags/tutorial.py for tasks to queue
[2024-11-18T16:31:34.807+0000] {logging_mixin.py:190} INFO - [2024-11-18T16:31:34.807+0000] {dagbag.py:588} INFO - Filling up the DagBag from /home/airflow/.local/lib/python3.12/site-packages/airflow/example_dags/tutorial.py
[2024-11-18T16:31:34.819+0000] {processor.py:925} INFO - DAG(s) 'tutorial' retrieved from /home/airflow/.local/lib/python3.12/site-packages/airflow/example_dags/tutorial.py
[2024-11-18T16:31:34.846+0000] {logging_mixin.py:190} INFO - [2024-11-18T16:31:34.845+0000] {dag.py:3239} INFO - Sync 1 DAGs
[2024-11-18T16:31:34.881+0000] {logging_mixin.py:190} INFO - [2024-11-18T16:31:34.880+0000] {dag.py:4180} INFO - Setting next_dagrun for tutorial to 2024-11-17 00:00:00+00:00, run_after=2024-11-18 00:00:00+00:00
[2024-11-18T16:31:34.913+0000] {processor.py:208} INFO - Processing /home/airflow/.local/lib/python3.12/site-packages/airflow/example_dags/tutorial.py took 0.120 seconds
[2024-11-18T16:32:05.058+0000] {processor.py:186} INFO - Started process (PID=1030) to work on /home/airflow/.local/lib/python3.12/site-packages/airflow/example_dags/tutorial.py
[2024-11-18T16:32:05.060+0000] {processor.py:914} INFO - Processing file /home/airflow/.local/lib/python3.12/site-packages/airflow/example_dags/tutorial.py for tasks to queue
[2024-11-18T16:32:05.063+0000] {logging_mixin.py:190} INFO - [2024-11-18T16:32:05.063+0000] {dagbag.py:588} INFO - Filling up the DagBag from /home/airflow/.local/lib/python3.12/site-packages/airflow/example_dags/tutorial.py
[2024-11-18T16:32:05.077+0000] {processor.py:925} INFO - DAG(s) 'tutorial' retrieved from /home/airflow/.local/lib/python3.12/site-packages/airflow/example_dags/tutorial.py
[2024-11-18T16:32:05.109+0000] {logging_mixin.py:190} INFO - [2024-11-18T16:32:05.108+0000] {dag.py:3239} INFO - Sync 1 DAGs
[2024-11-18T16:32:05.149+0000] {logging_mixin.py:190} INFO - [2024-11-18T16:32:05.148+0000] {dag.py:4180} INFO - Setting next_dagrun for tutorial to 2024-11-17 00:00:00+00:00, run_after=2024-11-18 00:00:00+00:00
[2024-11-18T16:32:05.173+0000] {processor.py:208} INFO - Processing /home/airflow/.local/lib/python3.12/site-packages/airflow/example_dags/tutorial.py took 0.125 seconds
[2024-11-18T16:32:35.845+0000] {processor.py:186} INFO - Started process (PID=1093) to work on /home/airflow/.local/lib/python3.12/site-packages/airflow/example_dags/tutorial.py
[2024-11-18T16:32:35.846+0000] {processor.py:914} INFO - Processing file /home/airflow/.local/lib/python3.12/site-packages/airflow/example_dags/tutorial.py for tasks to queue
[2024-11-18T16:32:35.849+0000] {logging_mixin.py:190} INFO - [2024-11-18T16:32:35.848+0000] {dagbag.py:588} INFO - Filling up the DagBag from /home/airflow/.local/lib/python3.12/site-packages/airflow/example_dags/tutorial.py
[2024-11-18T16:32:35.863+0000] {processor.py:925} INFO - DAG(s) 'tutorial' retrieved from /home/airflow/.local/lib/python3.12/site-packages/airflow/example_dags/tutorial.py
[2024-11-18T16:32:35.893+0000] {logging_mixin.py:190} INFO - [2024-11-18T16:32:35.893+0000] {dag.py:3239} INFO - Sync 1 DAGs
[2024-11-18T16:32:35.926+0000] {logging_mixin.py:190} INFO - [2024-11-18T16:32:35.925+0000] {dag.py:4180} INFO - Setting next_dagrun for tutorial to 2024-11-17 00:00:00+00:00, run_after=2024-11-18 00:00:00+00:00
[2024-11-18T16:32:35.948+0000] {processor.py:208} INFO - Processing /home/airflow/.local/lib/python3.12/site-packages/airflow/example_dags/tutorial.py took 0.113 seconds
[2024-11-18T16:33:06.520+0000] {processor.py:186} INFO - Started process (PID=1156) to work on /home/airflow/.local/lib/python3.12/site-packages/airflow/example_dags/tutorial.py
[2024-11-18T16:33:06.521+0000] {processor.py:914} INFO - Processing file /home/airflow/.local/lib/python3.12/site-packages/airflow/example_dags/tutorial.py for tasks to queue
[2024-11-18T16:33:06.526+0000] {logging_mixin.py:190} INFO - [2024-11-18T16:33:06.525+0000] {dagbag.py:588} INFO - Filling up the DagBag from /home/airflow/.local/lib/python3.12/site-packages/airflow/example_dags/tutorial.py
[2024-11-18T16:33:06.539+0000] {processor.py:925} INFO - DAG(s) 'tutorial' retrieved from /home/airflow/.local/lib/python3.12/site-packages/airflow/example_dags/tutorial.py
[2024-11-18T16:33:06.639+0000] {logging_mixin.py:190} INFO - [2024-11-18T16:33:06.638+0000] {dag.py:3239} INFO - Sync 1 DAGs
[2024-11-18T16:33:06.695+0000] {logging_mixin.py:190} INFO - [2024-11-18T16:33:06.695+0000] {dag.py:4180} INFO - Setting next_dagrun for tutorial to 2024-11-17 00:00:00+00:00, run_after=2024-11-18 00:00:00+00:00
[2024-11-18T16:33:06.729+0000] {processor.py:208} INFO - Processing /home/airflow/.local/lib/python3.12/site-packages/airflow/example_dags/tutorial.py took 0.219 seconds
[2024-11-18T16:33:36.849+0000] {processor.py:186} INFO - Started process (PID=1219) to work on /home/airflow/.local/lib/python3.12/site-packages/airflow/example_dags/tutorial.py
[2024-11-18T16:33:36.850+0000] {processor.py:914} INFO - Processing file /home/airflow/.local/lib/python3.12/site-packages/airflow/example_dags/tutorial.py for tasks to queue
[2024-11-18T16:33:36.853+0000] {logging_mixin.py:190} INFO - [2024-11-18T16:33:36.852+0000] {dagbag.py:588} INFO - Filling up the DagBag from /home/airflow/.local/lib/python3.12/site-packages/airflow/example_dags/tutorial.py
[2024-11-18T16:33:36.862+0000] {processor.py:925} INFO - DAG(s) 'tutorial' retrieved from /home/airflow/.local/lib/python3.12/site-packages/airflow/example_dags/tutorial.py
[2024-11-18T16:33:36.895+0000] {logging_mixin.py:190} INFO - [2024-11-18T16:33:36.895+0000] {dag.py:3239} INFO - Sync 1 DAGs
[2024-11-18T16:33:36.932+0000] {logging_mixin.py:190} INFO - [2024-11-18T16:33:36.932+0000] {dag.py:4180} INFO - Setting next_dagrun for tutorial to 2024-11-17 00:00:00+00:00, run_after=2024-11-18 00:00:00+00:00
[2024-11-18T16:33:36.963+0000] {processor.py:208} INFO - Processing /home/airflow/.local/lib/python3.12/site-packages/airflow/example_dags/tutorial.py took 0.121 seconds
[2024-11-18T16:34:07.771+0000] {processor.py:186} INFO - Started process (PID=1282) to work on /home/airflow/.local/lib/python3.12/site-packages/airflow/example_dags/tutorial.py
[2024-11-18T16:34:07.772+0000] {processor.py:914} INFO - Processing file /home/airflow/.local/lib/python3.12/site-packages/airflow/example_dags/tutorial.py for tasks to queue
[2024-11-18T16:34:07.776+0000] {logging_mixin.py:190} INFO - [2024-11-18T16:34:07.775+0000] {dagbag.py:588} INFO - Filling up the DagBag from /home/airflow/.local/lib/python3.12/site-packages/airflow/example_dags/tutorial.py
[2024-11-18T16:34:07.787+0000] {processor.py:925} INFO - DAG(s) 'tutorial' retrieved from /home/airflow/.local/lib/python3.12/site-packages/airflow/example_dags/tutorial.py
[2024-11-18T16:34:07.817+0000] {logging_mixin.py:190} INFO - [2024-11-18T16:34:07.816+0000] {dag.py:3239} INFO - Sync 1 DAGs
[2024-11-18T16:34:07.846+0000] {logging_mixin.py:190} INFO - [2024-11-18T16:34:07.846+0000] {dag.py:4180} INFO - Setting next_dagrun for tutorial to 2024-11-17 00:00:00+00:00, run_after=2024-11-18 00:00:00+00:00
[2024-11-18T16:34:07.870+0000] {processor.py:208} INFO - Processing /home/airflow/.local/lib/python3.12/site-packages/airflow/example_dags/tutorial.py took 0.108 seconds
[2024-11-18T16:34:38.121+0000] {processor.py:186} INFO - Started process (PID=1344) to work on /home/airflow/.local/lib/python3.12/site-packages/airflow/example_dags/tutorial.py
[2024-11-18T16:34:38.122+0000] {processor.py:914} INFO - Processing file /home/airflow/.local/lib/python3.12/site-packages/airflow/example_dags/tutorial.py for tasks to queue
[2024-11-18T16:34:38.125+0000] {logging_mixin.py:190} INFO - [2024-11-18T16:34:38.125+0000] {dagbag.py:588} INFO - Filling up the DagBag from /home/airflow/.local/lib/python3.12/site-packages/airflow/example_dags/tutorial.py
[2024-11-18T16:34:38.137+0000] {processor.py:925} INFO - DAG(s) 'tutorial' retrieved from /home/airflow/.local/lib/python3.12/site-packages/airflow/example_dags/tutorial.py
[2024-11-18T16:34:38.162+0000] {logging_mixin.py:190} INFO - [2024-11-18T16:34:38.162+0000] {dag.py:3239} INFO - Sync 1 DAGs
[2024-11-18T16:34:38.194+0000] {logging_mixin.py:190} INFO - [2024-11-18T16:34:38.194+0000] {dag.py:4180} INFO - Setting next_dagrun for tutorial to 2024-11-17 00:00:00+00:00, run_after=2024-11-18 00:00:00+00:00
[2024-11-18T16:34:38.228+0000] {processor.py:208} INFO - Processing /home/airflow/.local/lib/python3.12/site-packages/airflow/example_dags/tutorial.py took 0.116 seconds
[2024-11-18T16:39:06.684+0000] {processor.py:186} INFO - Started process (PID=82) to work on /home/airflow/.local/lib/python3.12/site-packages/airflow/example_dags/tutorial.py
[2024-11-18T16:39:06.690+0000] {processor.py:914} INFO - Processing file /home/airflow/.local/lib/python3.12/site-packages/airflow/example_dags/tutorial.py for tasks to queue
[2024-11-18T16:39:06.703+0000] {logging_mixin.py:190} INFO - [2024-11-18T16:39:06.702+0000] {dagbag.py:588} INFO - Filling up the DagBag from /home/airflow/.local/lib/python3.12/site-packages/airflow/example_dags/tutorial.py
[2024-11-18T16:39:06.720+0000] {processor.py:925} INFO - DAG(s) 'tutorial' retrieved from /home/airflow/.local/lib/python3.12/site-packages/airflow/example_dags/tutorial.py
[2024-11-18T16:39:06.788+0000] {logging_mixin.py:190} INFO - [2024-11-18T16:39:06.787+0000] {dag.py:3239} INFO - Sync 1 DAGs
[2024-11-18T16:39:06.840+0000] {logging_mixin.py:190} INFO - [2024-11-18T16:39:06.840+0000] {dag.py:4180} INFO - Setting next_dagrun for tutorial to 2024-11-17 00:00:00+00:00, run_after=2024-11-18 00:00:00+00:00
[2024-11-18T16:39:06.937+0000] {processor.py:208} INFO - Processing /home/airflow/.local/lib/python3.12/site-packages/airflow/example_dags/tutorial.py took 0.262 seconds
[2024-11-18T16:39:37.547+0000] {processor.py:186} INFO - Started process (PID=144) to work on /home/airflow/.local/lib/python3.12/site-packages/airflow/example_dags/tutorial.py
[2024-11-18T16:39:37.550+0000] {processor.py:914} INFO - Processing file /home/airflow/.local/lib/python3.12/site-packages/airflow/example_dags/tutorial.py for tasks to queue
[2024-11-18T16:39:37.564+0000] {logging_mixin.py:190} INFO - [2024-11-18T16:39:37.564+0000] {dagbag.py:588} INFO - Filling up the DagBag from /home/airflow/.local/lib/python3.12/site-packages/airflow/example_dags/tutorial.py
[2024-11-18T16:39:37.577+0000] {processor.py:925} INFO - DAG(s) 'tutorial' retrieved from /home/airflow/.local/lib/python3.12/site-packages/airflow/example_dags/tutorial.py
[2024-11-18T16:39:37.605+0000] {logging_mixin.py:190} INFO - [2024-11-18T16:39:37.605+0000] {dag.py:3239} INFO - Sync 1 DAGs
[2024-11-18T16:39:37.639+0000] {logging_mixin.py:190} INFO - [2024-11-18T16:39:37.638+0000] {dag.py:4180} INFO - Setting next_dagrun for tutorial to 2024-11-17 00:00:00+00:00, run_after=2024-11-18 00:00:00+00:00
[2024-11-18T16:39:37.667+0000] {processor.py:208} INFO - Processing /home/airflow/.local/lib/python3.12/site-packages/airflow/example_dags/tutorial.py took 0.130 seconds
[2024-11-18T16:40:08.192+0000] {processor.py:186} INFO - Started process (PID=207) to work on /home/airflow/.local/lib/python3.12/site-packages/airflow/example_dags/tutorial.py
[2024-11-18T16:40:08.195+0000] {processor.py:914} INFO - Processing file /home/airflow/.local/lib/python3.12/site-packages/airflow/example_dags/tutorial.py for tasks to queue
[2024-11-18T16:40:08.198+0000] {logging_mixin.py:190} INFO - [2024-11-18T16:40:08.197+0000] {dagbag.py:588} INFO - Filling up the DagBag from /home/airflow/.local/lib/python3.12/site-packages/airflow/example_dags/tutorial.py
[2024-11-18T16:40:08.211+0000] {processor.py:925} INFO - DAG(s) 'tutorial' retrieved from /home/airflow/.local/lib/python3.12/site-packages/airflow/example_dags/tutorial.py
[2024-11-18T16:40:08.244+0000] {logging_mixin.py:190} INFO - [2024-11-18T16:40:08.244+0000] {dag.py:3239} INFO - Sync 1 DAGs
[2024-11-18T16:40:08.279+0000] {logging_mixin.py:190} INFO - [2024-11-18T16:40:08.279+0000] {dag.py:4180} INFO - Setting next_dagrun for tutorial to 2024-11-17 00:00:00+00:00, run_after=2024-11-18 00:00:00+00:00
[2024-11-18T16:40:08.313+0000] {processor.py:208} INFO - Processing /home/airflow/.local/lib/python3.12/site-packages/airflow/example_dags/tutorial.py took 0.130 seconds
[2024-11-18T16:40:38.900+0000] {processor.py:186} INFO - Started process (PID=270) to work on /home/airflow/.local/lib/python3.12/site-packages/airflow/example_dags/tutorial.py
[2024-11-18T16:40:38.902+0000] {processor.py:914} INFO - Processing file /home/airflow/.local/lib/python3.12/site-packages/airflow/example_dags/tutorial.py for tasks to queue
[2024-11-18T16:40:38.905+0000] {logging_mixin.py:190} INFO - [2024-11-18T16:40:38.904+0000] {dagbag.py:588} INFO - Filling up the DagBag from /home/airflow/.local/lib/python3.12/site-packages/airflow/example_dags/tutorial.py
[2024-11-18T16:40:38.918+0000] {processor.py:925} INFO - DAG(s) 'tutorial' retrieved from /home/airflow/.local/lib/python3.12/site-packages/airflow/example_dags/tutorial.py
[2024-11-18T16:40:38.951+0000] {logging_mixin.py:190} INFO - [2024-11-18T16:40:38.951+0000] {dag.py:3239} INFO - Sync 1 DAGs
[2024-11-18T16:40:38.984+0000] {logging_mixin.py:190} INFO - [2024-11-18T16:40:38.984+0000] {dag.py:4180} INFO - Setting next_dagrun for tutorial to 2024-11-17 00:00:00+00:00, run_after=2024-11-18 00:00:00+00:00
[2024-11-18T16:40:39.013+0000] {processor.py:208} INFO - Processing /home/airflow/.local/lib/python3.12/site-packages/airflow/example_dags/tutorial.py took 0.125 seconds
[2024-11-18T16:41:09.369+0000] {processor.py:186} INFO - Started process (PID=333) to work on /home/airflow/.local/lib/python3.12/site-packages/airflow/example_dags/tutorial.py
[2024-11-18T16:41:09.372+0000] {processor.py:914} INFO - Processing file /home/airflow/.local/lib/python3.12/site-packages/airflow/example_dags/tutorial.py for tasks to queue
[2024-11-18T16:41:09.376+0000] {logging_mixin.py:190} INFO - [2024-11-18T16:41:09.376+0000] {dagbag.py:588} INFO - Filling up the DagBag from /home/airflow/.local/lib/python3.12/site-packages/airflow/example_dags/tutorial.py
[2024-11-18T16:41:09.386+0000] {processor.py:925} INFO - DAG(s) 'tutorial' retrieved from /home/airflow/.local/lib/python3.12/site-packages/airflow/example_dags/tutorial.py
[2024-11-18T16:41:09.412+0000] {logging_mixin.py:190} INFO - [2024-11-18T16:41:09.412+0000] {dag.py:3239} INFO - Sync 1 DAGs
[2024-11-18T16:41:09.440+0000] {logging_mixin.py:190} INFO - [2024-11-18T16:41:09.440+0000] {dag.py:4180} INFO - Setting next_dagrun for tutorial to 2024-11-17 00:00:00+00:00, run_after=2024-11-18 00:00:00+00:00
[2024-11-18T16:41:09.464+0000] {processor.py:208} INFO - Processing /home/airflow/.local/lib/python3.12/site-packages/airflow/example_dags/tutorial.py took 0.106 seconds
[2024-11-18T16:41:40.060+0000] {processor.py:186} INFO - Started process (PID=396) to work on /home/airflow/.local/lib/python3.12/site-packages/airflow/example_dags/tutorial.py
[2024-11-18T16:41:40.061+0000] {processor.py:914} INFO - Processing file /home/airflow/.local/lib/python3.12/site-packages/airflow/example_dags/tutorial.py for tasks to queue
[2024-11-18T16:41:40.067+0000] {logging_mixin.py:190} INFO - [2024-11-18T16:41:40.066+0000] {dagbag.py:588} INFO - Filling up the DagBag from /home/airflow/.local/lib/python3.12/site-packages/airflow/example_dags/tutorial.py
[2024-11-18T16:41:40.080+0000] {processor.py:925} INFO - DAG(s) 'tutorial' retrieved from /home/airflow/.local/lib/python3.12/site-packages/airflow/example_dags/tutorial.py
[2024-11-18T16:41:40.112+0000] {logging_mixin.py:190} INFO - [2024-11-18T16:41:40.112+0000] {dag.py:3239} INFO - Sync 1 DAGs
[2024-11-18T16:41:40.147+0000] {logging_mixin.py:190} INFO - [2024-11-18T16:41:40.146+0000] {dag.py:4180} INFO - Setting next_dagrun for tutorial to 2024-11-17 00:00:00+00:00, run_after=2024-11-18 00:00:00+00:00
[2024-11-18T16:41:40.174+0000] {processor.py:208} INFO - Processing /home/airflow/.local/lib/python3.12/site-packages/airflow/example_dags/tutorial.py took 0.125 seconds
[2024-11-18T16:42:10.299+0000] {processor.py:186} INFO - Started process (PID=459) to work on /home/airflow/.local/lib/python3.12/site-packages/airflow/example_dags/tutorial.py
[2024-11-18T16:42:10.302+0000] {processor.py:914} INFO - Processing file /home/airflow/.local/lib/python3.12/site-packages/airflow/example_dags/tutorial.py for tasks to queue
[2024-11-18T16:42:10.306+0000] {logging_mixin.py:190} INFO - [2024-11-18T16:42:10.305+0000] {dagbag.py:588} INFO - Filling up the DagBag from /home/airflow/.local/lib/python3.12/site-packages/airflow/example_dags/tutorial.py
[2024-11-18T16:42:10.319+0000] {processor.py:925} INFO - DAG(s) 'tutorial' retrieved from /home/airflow/.local/lib/python3.12/site-packages/airflow/example_dags/tutorial.py
[2024-11-18T16:42:10.356+0000] {logging_mixin.py:190} INFO - [2024-11-18T16:42:10.355+0000] {dag.py:3239} INFO - Sync 1 DAGs
[2024-11-18T16:42:10.396+0000] {logging_mixin.py:190} INFO - [2024-11-18T16:42:10.396+0000] {dag.py:4180} INFO - Setting next_dagrun for tutorial to 2024-11-17 00:00:00+00:00, run_after=2024-11-18 00:00:00+00:00
[2024-11-18T16:42:10.424+0000] {processor.py:208} INFO - Processing /home/airflow/.local/lib/python3.12/site-packages/airflow/example_dags/tutorial.py took 0.135 seconds
[2024-11-18T16:42:41.160+0000] {processor.py:186} INFO - Started process (PID=522) to work on /home/airflow/.local/lib/python3.12/site-packages/airflow/example_dags/tutorial.py
[2024-11-18T16:42:41.161+0000] {processor.py:914} INFO - Processing file /home/airflow/.local/lib/python3.12/site-packages/airflow/example_dags/tutorial.py for tasks to queue
[2024-11-18T16:42:41.165+0000] {logging_mixin.py:190} INFO - [2024-11-18T16:42:41.165+0000] {dagbag.py:588} INFO - Filling up the DagBag from /home/airflow/.local/lib/python3.12/site-packages/airflow/example_dags/tutorial.py
[2024-11-18T16:42:41.176+0000] {processor.py:925} INFO - DAG(s) 'tutorial' retrieved from /home/airflow/.local/lib/python3.12/site-packages/airflow/example_dags/tutorial.py
[2024-11-18T16:42:41.203+0000] {logging_mixin.py:190} INFO - [2024-11-18T16:42:41.203+0000] {dag.py:3239} INFO - Sync 1 DAGs
[2024-11-18T16:42:41.232+0000] {logging_mixin.py:190} INFO - [2024-11-18T16:42:41.231+0000] {dag.py:4180} INFO - Setting next_dagrun for tutorial to 2024-11-17 00:00:00+00:00, run_after=2024-11-18 00:00:00+00:00
[2024-11-18T16:42:41.253+0000] {processor.py:208} INFO - Processing /home/airflow/.local/lib/python3.12/site-packages/airflow/example_dags/tutorial.py took 0.101 seconds
[2024-11-18T16:43:11.328+0000] {processor.py:186} INFO - Started process (PID=585) to work on /home/airflow/.local/lib/python3.12/site-packages/airflow/example_dags/tutorial.py
[2024-11-18T16:43:11.330+0000] {processor.py:914} INFO - Processing file /home/airflow/.local/lib/python3.12/site-packages/airflow/example_dags/tutorial.py for tasks to queue
[2024-11-18T16:43:11.334+0000] {logging_mixin.py:190} INFO - [2024-11-18T16:43:11.334+0000] {dagbag.py:588} INFO - Filling up the DagBag from /home/airflow/.local/lib/python3.12/site-packages/airflow/example_dags/tutorial.py
[2024-11-18T16:43:11.347+0000] {processor.py:925} INFO - DAG(s) 'tutorial' retrieved from /home/airflow/.local/lib/python3.12/site-packages/airflow/example_dags/tutorial.py
[2024-11-18T16:43:11.388+0000] {logging_mixin.py:190} INFO - [2024-11-18T16:43:11.388+0000] {dag.py:3239} INFO - Sync 1 DAGs
[2024-11-18T16:43:11.424+0000] {logging_mixin.py:190} INFO - [2024-11-18T16:43:11.424+0000] {dag.py:4180} INFO - Setting next_dagrun for tutorial to 2024-11-17 00:00:00+00:00, run_after=2024-11-18 00:00:00+00:00
[2024-11-18T16:43:11.459+0000] {processor.py:208} INFO - Processing /home/airflow/.local/lib/python3.12/site-packages/airflow/example_dags/tutorial.py took 0.140 seconds
[2024-11-18T16:43:41.658+0000] {processor.py:186} INFO - Started process (PID=648) to work on /home/airflow/.local/lib/python3.12/site-packages/airflow/example_dags/tutorial.py
[2024-11-18T16:43:41.661+0000] {processor.py:914} INFO - Processing file /home/airflow/.local/lib/python3.12/site-packages/airflow/example_dags/tutorial.py for tasks to queue
[2024-11-18T16:43:41.667+0000] {logging_mixin.py:190} INFO - [2024-11-18T16:43:41.666+0000] {dagbag.py:588} INFO - Filling up the DagBag from /home/airflow/.local/lib/python3.12/site-packages/airflow/example_dags/tutorial.py
[2024-11-18T16:43:41.681+0000] {processor.py:925} INFO - DAG(s) 'tutorial' retrieved from /home/airflow/.local/lib/python3.12/site-packages/airflow/example_dags/tutorial.py
[2024-11-18T16:43:41.712+0000] {logging_mixin.py:190} INFO - [2024-11-18T16:43:41.712+0000] {dag.py:3239} INFO - Sync 1 DAGs
[2024-11-18T16:43:41.744+0000] {logging_mixin.py:190} INFO - [2024-11-18T16:43:41.743+0000] {dag.py:4180} INFO - Setting next_dagrun for tutorial to 2024-11-17 00:00:00+00:00, run_after=2024-11-18 00:00:00+00:00
[2024-11-18T16:43:41.773+0000] {processor.py:208} INFO - Processing /home/airflow/.local/lib/python3.12/site-packages/airflow/example_dags/tutorial.py took 0.124 seconds
[2024-11-18T16:44:12.079+0000] {processor.py:186} INFO - Started process (PID=711) to work on /home/airflow/.local/lib/python3.12/site-packages/airflow/example_dags/tutorial.py
[2024-11-18T16:44:12.080+0000] {processor.py:914} INFO - Processing file /home/airflow/.local/lib/python3.12/site-packages/airflow/example_dags/tutorial.py for tasks to queue
[2024-11-18T16:44:12.083+0000] {logging_mixin.py:190} INFO - [2024-11-18T16:44:12.083+0000] {dagbag.py:588} INFO - Filling up the DagBag from /home/airflow/.local/lib/python3.12/site-packages/airflow/example_dags/tutorial.py
[2024-11-18T16:44:12.092+0000] {processor.py:925} INFO - DAG(s) 'tutorial' retrieved from /home/airflow/.local/lib/python3.12/site-packages/airflow/example_dags/tutorial.py
[2024-11-18T16:44:12.115+0000] {logging_mixin.py:190} INFO - [2024-11-18T16:44:12.114+0000] {dag.py:3239} INFO - Sync 1 DAGs
[2024-11-18T16:44:12.143+0000] {logging_mixin.py:190} INFO - [2024-11-18T16:44:12.143+0000] {dag.py:4180} INFO - Setting next_dagrun for tutorial to 2024-11-17 00:00:00+00:00, run_after=2024-11-18 00:00:00+00:00
[2024-11-18T16:44:12.170+0000] {processor.py:208} INFO - Processing /home/airflow/.local/lib/python3.12/site-packages/airflow/example_dags/tutorial.py took 0.099 seconds
[2024-11-18T16:44:42.454+0000] {processor.py:186} INFO - Started process (PID=774) to work on /home/airflow/.local/lib/python3.12/site-packages/airflow/example_dags/tutorial.py
[2024-11-18T16:44:42.456+0000] {processor.py:914} INFO - Processing file /home/airflow/.local/lib/python3.12/site-packages/airflow/example_dags/tutorial.py for tasks to queue
[2024-11-18T16:44:42.460+0000] {logging_mixin.py:190} INFO - [2024-11-18T16:44:42.459+0000] {dagbag.py:588} INFO - Filling up the DagBag from /home/airflow/.local/lib/python3.12/site-packages/airflow/example_dags/tutorial.py
[2024-11-18T16:44:42.473+0000] {processor.py:925} INFO - DAG(s) 'tutorial' retrieved from /home/airflow/.local/lib/python3.12/site-packages/airflow/example_dags/tutorial.py
[2024-11-18T16:44:42.509+0000] {logging_mixin.py:190} INFO - [2024-11-18T16:44:42.508+0000] {dag.py:3239} INFO - Sync 1 DAGs
[2024-11-18T16:44:42.545+0000] {logging_mixin.py:190} INFO - [2024-11-18T16:44:42.545+0000] {dag.py:4180} INFO - Setting next_dagrun for tutorial to 2024-11-17 00:00:00+00:00, run_after=2024-11-18 00:00:00+00:00
[2024-11-18T16:44:42.575+0000] {processor.py:208} INFO - Processing /home/airflow/.local/lib/python3.12/site-packages/airflow/example_dags/tutorial.py took 0.131 seconds
[2024-11-18T16:45:13.074+0000] {processor.py:186} INFO - Started process (PID=836) to work on /home/airflow/.local/lib/python3.12/site-packages/airflow/example_dags/tutorial.py
[2024-11-18T16:45:13.075+0000] {processor.py:914} INFO - Processing file /home/airflow/.local/lib/python3.12/site-packages/airflow/example_dags/tutorial.py for tasks to queue
[2024-11-18T16:45:13.078+0000] {logging_mixin.py:190} INFO - [2024-11-18T16:45:13.078+0000] {dagbag.py:588} INFO - Filling up the DagBag from /home/airflow/.local/lib/python3.12/site-packages/airflow/example_dags/tutorial.py
[2024-11-18T16:45:13.088+0000] {processor.py:925} INFO - DAG(s) 'tutorial' retrieved from /home/airflow/.local/lib/python3.12/site-packages/airflow/example_dags/tutorial.py
[2024-11-18T16:45:13.112+0000] {logging_mixin.py:190} INFO - [2024-11-18T16:45:13.112+0000] {dag.py:3239} INFO - Sync 1 DAGs
[2024-11-18T16:45:13.140+0000] {logging_mixin.py:190} INFO - [2024-11-18T16:45:13.140+0000] {dag.py:4180} INFO - Setting next_dagrun for tutorial to 2024-11-17 00:00:00+00:00, run_after=2024-11-18 00:00:00+00:00
[2024-11-18T16:45:13.162+0000] {processor.py:208} INFO - Processing /home/airflow/.local/lib/python3.12/site-packages/airflow/example_dags/tutorial.py took 0.099 seconds
[2024-11-18T16:45:43.310+0000] {processor.py:186} INFO - Started process (PID=899) to work on /home/airflow/.local/lib/python3.12/site-packages/airflow/example_dags/tutorial.py
[2024-11-18T16:45:43.311+0000] {processor.py:914} INFO - Processing file /home/airflow/.local/lib/python3.12/site-packages/airflow/example_dags/tutorial.py for tasks to queue
[2024-11-18T16:45:43.314+0000] {logging_mixin.py:190} INFO - [2024-11-18T16:45:43.314+0000] {dagbag.py:588} INFO - Filling up the DagBag from /home/airflow/.local/lib/python3.12/site-packages/airflow/example_dags/tutorial.py
[2024-11-18T16:45:43.323+0000] {processor.py:925} INFO - DAG(s) 'tutorial' retrieved from /home/airflow/.local/lib/python3.12/site-packages/airflow/example_dags/tutorial.py
[2024-11-18T16:45:43.348+0000] {logging_mixin.py:190} INFO - [2024-11-18T16:45:43.347+0000] {dag.py:3239} INFO - Sync 1 DAGs
[2024-11-18T16:45:43.379+0000] {logging_mixin.py:190} INFO - [2024-11-18T16:45:43.379+0000] {dag.py:4180} INFO - Setting next_dagrun for tutorial to 2024-11-17 00:00:00+00:00, run_after=2024-11-18 00:00:00+00:00
[2024-11-18T16:45:43.404+0000] {processor.py:208} INFO - Processing /home/airflow/.local/lib/python3.12/site-packages/airflow/example_dags/tutorial.py took 0.101 seconds
[2024-11-18T16:46:13.660+0000] {processor.py:186} INFO - Started process (PID=961) to work on /home/airflow/.local/lib/python3.12/site-packages/airflow/example_dags/tutorial.py
[2024-11-18T16:46:13.662+0000] {processor.py:914} INFO - Processing file /home/airflow/.local/lib/python3.12/site-packages/airflow/example_dags/tutorial.py for tasks to queue
[2024-11-18T16:46:13.665+0000] {logging_mixin.py:190} INFO - [2024-11-18T16:46:13.664+0000] {dagbag.py:588} INFO - Filling up the DagBag from /home/airflow/.local/lib/python3.12/site-packages/airflow/example_dags/tutorial.py
[2024-11-18T16:46:13.675+0000] {processor.py:925} INFO - DAG(s) 'tutorial' retrieved from /home/airflow/.local/lib/python3.12/site-packages/airflow/example_dags/tutorial.py
[2024-11-18T16:46:13.701+0000] {logging_mixin.py:190} INFO - [2024-11-18T16:46:13.700+0000] {dag.py:3239} INFO - Sync 1 DAGs
[2024-11-18T16:46:13.731+0000] {logging_mixin.py:190} INFO - [2024-11-18T16:46:13.731+0000] {dag.py:4180} INFO - Setting next_dagrun for tutorial to 2024-11-17 00:00:00+00:00, run_after=2024-11-18 00:00:00+00:00
[2024-11-18T16:46:13.760+0000] {processor.py:208} INFO - Processing /home/airflow/.local/lib/python3.12/site-packages/airflow/example_dags/tutorial.py took 0.107 seconds
[2024-11-18T16:46:43.817+0000] {processor.py:186} INFO - Started process (PID=1024) to work on /home/airflow/.local/lib/python3.12/site-packages/airflow/example_dags/tutorial.py
[2024-11-18T16:46:43.819+0000] {processor.py:914} INFO - Processing file /home/airflow/.local/lib/python3.12/site-packages/airflow/example_dags/tutorial.py for tasks to queue
[2024-11-18T16:46:43.822+0000] {logging_mixin.py:190} INFO - [2024-11-18T16:46:43.822+0000] {dagbag.py:588} INFO - Filling up the DagBag from /home/airflow/.local/lib/python3.12/site-packages/airflow/example_dags/tutorial.py
[2024-11-18T16:46:43.832+0000] {processor.py:925} INFO - DAG(s) 'tutorial' retrieved from /home/airflow/.local/lib/python3.12/site-packages/airflow/example_dags/tutorial.py
[2024-11-18T16:46:43.861+0000] {logging_mixin.py:190} INFO - [2024-11-18T16:46:43.861+0000] {dag.py:3239} INFO - Sync 1 DAGs
[2024-11-18T16:46:43.892+0000] {logging_mixin.py:190} INFO - [2024-11-18T16:46:43.892+0000] {dag.py:4180} INFO - Setting next_dagrun for tutorial to 2024-11-17 00:00:00+00:00, run_after=2024-11-18 00:00:00+00:00
[2024-11-18T16:46:43.913+0000] {processor.py:208} INFO - Processing /home/airflow/.local/lib/python3.12/site-packages/airflow/example_dags/tutorial.py took 0.103 seconds
[2024-11-18T16:47:14.059+0000] {processor.py:186} INFO - Started process (PID=1087) to work on /home/airflow/.local/lib/python3.12/site-packages/airflow/example_dags/tutorial.py
[2024-11-18T16:47:14.060+0000] {processor.py:914} INFO - Processing file /home/airflow/.local/lib/python3.12/site-packages/airflow/example_dags/tutorial.py for tasks to queue
[2024-11-18T16:47:14.064+0000] {logging_mixin.py:190} INFO - [2024-11-18T16:47:14.063+0000] {dagbag.py:588} INFO - Filling up the DagBag from /home/airflow/.local/lib/python3.12/site-packages/airflow/example_dags/tutorial.py
[2024-11-18T16:47:14.073+0000] {processor.py:925} INFO - DAG(s) 'tutorial' retrieved from /home/airflow/.local/lib/python3.12/site-packages/airflow/example_dags/tutorial.py
[2024-11-18T16:47:14.097+0000] {logging_mixin.py:190} INFO - [2024-11-18T16:47:14.097+0000] {dag.py:3239} INFO - Sync 1 DAGs
[2024-11-18T16:47:14.127+0000] {logging_mixin.py:190} INFO - [2024-11-18T16:47:14.126+0000] {dag.py:4180} INFO - Setting next_dagrun for tutorial to 2024-11-17 00:00:00+00:00, run_after=2024-11-18 00:00:00+00:00
[2024-11-18T16:47:14.157+0000] {processor.py:208} INFO - Processing /home/airflow/.local/lib/python3.12/site-packages/airflow/example_dags/tutorial.py took 0.106 seconds
[2024-11-18T16:47:45.043+0000] {processor.py:186} INFO - Started process (PID=1150) to work on /home/airflow/.local/lib/python3.12/site-packages/airflow/example_dags/tutorial.py
[2024-11-18T16:47:45.044+0000] {processor.py:914} INFO - Processing file /home/airflow/.local/lib/python3.12/site-packages/airflow/example_dags/tutorial.py for tasks to queue
[2024-11-18T16:47:45.048+0000] {logging_mixin.py:190} INFO - [2024-11-18T16:47:45.047+0000] {dagbag.py:588} INFO - Filling up the DagBag from /home/airflow/.local/lib/python3.12/site-packages/airflow/example_dags/tutorial.py
[2024-11-18T16:47:45.057+0000] {processor.py:925} INFO - DAG(s) 'tutorial' retrieved from /home/airflow/.local/lib/python3.12/site-packages/airflow/example_dags/tutorial.py
[2024-11-18T16:47:45.081+0000] {logging_mixin.py:190} INFO - [2024-11-18T16:47:45.081+0000] {dag.py:3239} INFO - Sync 1 DAGs
[2024-11-18T16:47:45.108+0000] {logging_mixin.py:190} INFO - [2024-11-18T16:47:45.108+0000] {dag.py:4180} INFO - Setting next_dagrun for tutorial to 2024-11-17 00:00:00+00:00, run_after=2024-11-18 00:00:00+00:00
[2024-11-18T16:47:45.135+0000] {processor.py:208} INFO - Processing /home/airflow/.local/lib/python3.12/site-packages/airflow/example_dags/tutorial.py took 0.101 seconds
[2024-11-18T16:48:15.981+0000] {processor.py:186} INFO - Started process (PID=1219) to work on /home/airflow/.local/lib/python3.12/site-packages/airflow/example_dags/tutorial.py
[2024-11-18T16:48:15.982+0000] {processor.py:914} INFO - Processing file /home/airflow/.local/lib/python3.12/site-packages/airflow/example_dags/tutorial.py for tasks to queue
[2024-11-18T16:48:15.985+0000] {logging_mixin.py:190} INFO - [2024-11-18T16:48:15.984+0000] {dagbag.py:588} INFO - Filling up the DagBag from /home/airflow/.local/lib/python3.12/site-packages/airflow/example_dags/tutorial.py
[2024-11-18T16:48:15.994+0000] {processor.py:925} INFO - DAG(s) 'tutorial' retrieved from /home/airflow/.local/lib/python3.12/site-packages/airflow/example_dags/tutorial.py
[2024-11-18T16:48:16.018+0000] {logging_mixin.py:190} INFO - [2024-11-18T16:48:16.018+0000] {dag.py:3239} INFO - Sync 1 DAGs
[2024-11-18T16:48:16.046+0000] {logging_mixin.py:190} INFO - [2024-11-18T16:48:16.046+0000] {dag.py:4180} INFO - Setting next_dagrun for tutorial to 2024-11-17 00:00:00+00:00, run_after=2024-11-18 00:00:00+00:00
[2024-11-18T16:48:16.072+0000] {processor.py:208} INFO - Processing /home/airflow/.local/lib/python3.12/site-packages/airflow/example_dags/tutorial.py took 0.098 seconds
[2024-11-18T16:48:46.146+0000] {processor.py:186} INFO - Started process (PID=1282) to work on /home/airflow/.local/lib/python3.12/site-packages/airflow/example_dags/tutorial.py
[2024-11-18T16:48:46.147+0000] {processor.py:914} INFO - Processing file /home/airflow/.local/lib/python3.12/site-packages/airflow/example_dags/tutorial.py for tasks to queue
[2024-11-18T16:48:46.150+0000] {logging_mixin.py:190} INFO - [2024-11-18T16:48:46.150+0000] {dagbag.py:588} INFO - Filling up the DagBag from /home/airflow/.local/lib/python3.12/site-packages/airflow/example_dags/tutorial.py
[2024-11-18T16:48:46.164+0000] {processor.py:925} INFO - DAG(s) 'tutorial' retrieved from /home/airflow/.local/lib/python3.12/site-packages/airflow/example_dags/tutorial.py
[2024-11-18T16:48:46.196+0000] {logging_mixin.py:190} INFO - [2024-11-18T16:48:46.195+0000] {dag.py:3239} INFO - Sync 1 DAGs
[2024-11-18T16:48:46.233+0000] {logging_mixin.py:190} INFO - [2024-11-18T16:48:46.233+0000] {dag.py:4180} INFO - Setting next_dagrun for tutorial to 2024-11-17 00:00:00+00:00, run_after=2024-11-18 00:00:00+00:00
[2024-11-18T16:48:46.265+0000] {processor.py:208} INFO - Processing /home/airflow/.local/lib/python3.12/site-packages/airflow/example_dags/tutorial.py took 0.129 seconds
[2024-11-18T16:49:16.844+0000] {processor.py:186} INFO - Started process (PID=1345) to work on /home/airflow/.local/lib/python3.12/site-packages/airflow/example_dags/tutorial.py
[2024-11-18T16:49:16.847+0000] {processor.py:914} INFO - Processing file /home/airflow/.local/lib/python3.12/site-packages/airflow/example_dags/tutorial.py for tasks to queue
[2024-11-18T16:49:16.851+0000] {logging_mixin.py:190} INFO - [2024-11-18T16:49:16.850+0000] {dagbag.py:588} INFO - Filling up the DagBag from /home/airflow/.local/lib/python3.12/site-packages/airflow/example_dags/tutorial.py
[2024-11-18T16:49:16.861+0000] {processor.py:925} INFO - DAG(s) 'tutorial' retrieved from /home/airflow/.local/lib/python3.12/site-packages/airflow/example_dags/tutorial.py
[2024-11-18T16:49:16.884+0000] {logging_mixin.py:190} INFO - [2024-11-18T16:49:16.884+0000] {dag.py:3239} INFO - Sync 1 DAGs
[2024-11-18T16:49:16.912+0000] {logging_mixin.py:190} INFO - [2024-11-18T16:49:16.911+0000] {dag.py:4180} INFO - Setting next_dagrun for tutorial to 2024-11-17 00:00:00+00:00, run_after=2024-11-18 00:00:00+00:00
[2024-11-18T16:49:16.938+0000] {processor.py:208} INFO - Processing /home/airflow/.local/lib/python3.12/site-packages/airflow/example_dags/tutorial.py took 0.102 seconds
[2024-11-18T16:49:47.139+0000] {processor.py:186} INFO - Started process (PID=1408) to work on /home/airflow/.local/lib/python3.12/site-packages/airflow/example_dags/tutorial.py
[2024-11-18T16:49:47.140+0000] {processor.py:914} INFO - Processing file /home/airflow/.local/lib/python3.12/site-packages/airflow/example_dags/tutorial.py for tasks to queue
[2024-11-18T16:49:47.143+0000] {logging_mixin.py:190} INFO - [2024-11-18T16:49:47.143+0000] {dagbag.py:588} INFO - Filling up the DagBag from /home/airflow/.local/lib/python3.12/site-packages/airflow/example_dags/tutorial.py
[2024-11-18T16:49:47.153+0000] {processor.py:925} INFO - DAG(s) 'tutorial' retrieved from /home/airflow/.local/lib/python3.12/site-packages/airflow/example_dags/tutorial.py
[2024-11-18T16:49:47.175+0000] {logging_mixin.py:190} INFO - [2024-11-18T16:49:47.175+0000] {dag.py:3239} INFO - Sync 1 DAGs
[2024-11-18T16:49:47.201+0000] {logging_mixin.py:190} INFO - [2024-11-18T16:49:47.201+0000] {dag.py:4180} INFO - Setting next_dagrun for tutorial to 2024-11-17 00:00:00+00:00, run_after=2024-11-18 00:00:00+00:00
[2024-11-18T16:49:47.221+0000] {processor.py:208} INFO - Processing /home/airflow/.local/lib/python3.12/site-packages/airflow/example_dags/tutorial.py took 0.089 seconds
[2024-11-18T16:50:18.422+0000] {processor.py:186} INFO - Started process (PID=1471) to work on /home/airflow/.local/lib/python3.12/site-packages/airflow/example_dags/tutorial.py
[2024-11-18T16:50:18.423+0000] {processor.py:914} INFO - Processing file /home/airflow/.local/lib/python3.12/site-packages/airflow/example_dags/tutorial.py for tasks to queue
[2024-11-18T16:50:18.425+0000] {logging_mixin.py:190} INFO - [2024-11-18T16:50:18.425+0000] {dagbag.py:588} INFO - Filling up the DagBag from /home/airflow/.local/lib/python3.12/site-packages/airflow/example_dags/tutorial.py
[2024-11-18T16:50:18.436+0000] {processor.py:925} INFO - DAG(s) 'tutorial' retrieved from /home/airflow/.local/lib/python3.12/site-packages/airflow/example_dags/tutorial.py
[2024-11-18T16:50:18.461+0000] {logging_mixin.py:190} INFO - [2024-11-18T16:50:18.461+0000] {dag.py:3239} INFO - Sync 1 DAGs
[2024-11-18T16:50:18.495+0000] {logging_mixin.py:190} INFO - [2024-11-18T16:50:18.495+0000] {dag.py:4180} INFO - Setting next_dagrun for tutorial to 2024-11-17 00:00:00+00:00, run_after=2024-11-18 00:00:00+00:00
[2024-11-18T16:50:18.516+0000] {processor.py:208} INFO - Processing /home/airflow/.local/lib/python3.12/site-packages/airflow/example_dags/tutorial.py took 0.102 seconds
[2024-11-18T16:50:49.081+0000] {processor.py:186} INFO - Started process (PID=1532) to work on /home/airflow/.local/lib/python3.12/site-packages/airflow/example_dags/tutorial.py
[2024-11-18T16:50:49.082+0000] {processor.py:914} INFO - Processing file /home/airflow/.local/lib/python3.12/site-packages/airflow/example_dags/tutorial.py for tasks to queue
[2024-11-18T16:50:49.086+0000] {logging_mixin.py:190} INFO - [2024-11-18T16:50:49.085+0000] {dagbag.py:588} INFO - Filling up the DagBag from /home/airflow/.local/lib/python3.12/site-packages/airflow/example_dags/tutorial.py
[2024-11-18T16:50:49.099+0000] {processor.py:925} INFO - DAG(s) 'tutorial' retrieved from /home/airflow/.local/lib/python3.12/site-packages/airflow/example_dags/tutorial.py
[2024-11-18T16:50:49.139+0000] {logging_mixin.py:190} INFO - [2024-11-18T16:50:49.138+0000] {dag.py:3239} INFO - Sync 1 DAGs
[2024-11-18T16:50:49.172+0000] {logging_mixin.py:190} INFO - [2024-11-18T16:50:49.172+0000] {dag.py:4180} INFO - Setting next_dagrun for tutorial to 2024-11-17 00:00:00+00:00, run_after=2024-11-18 00:00:00+00:00
[2024-11-18T16:50:49.194+0000] {processor.py:208} INFO - Processing /home/airflow/.local/lib/python3.12/site-packages/airflow/example_dags/tutorial.py took 0.122 seconds
[2024-11-18T16:51:19.998+0000] {processor.py:186} INFO - Started process (PID=1595) to work on /home/airflow/.local/lib/python3.12/site-packages/airflow/example_dags/tutorial.py
[2024-11-18T16:51:19.999+0000] {processor.py:914} INFO - Processing file /home/airflow/.local/lib/python3.12/site-packages/airflow/example_dags/tutorial.py for tasks to queue
[2024-11-18T16:51:20.002+0000] {logging_mixin.py:190} INFO - [2024-11-18T16:51:20.002+0000] {dagbag.py:588} INFO - Filling up the DagBag from /home/airflow/.local/lib/python3.12/site-packages/airflow/example_dags/tutorial.py
[2024-11-18T16:51:20.013+0000] {processor.py:925} INFO - DAG(s) 'tutorial' retrieved from /home/airflow/.local/lib/python3.12/site-packages/airflow/example_dags/tutorial.py
[2024-11-18T16:51:20.038+0000] {logging_mixin.py:190} INFO - [2024-11-18T16:51:20.038+0000] {dag.py:3239} INFO - Sync 1 DAGs
[2024-11-18T16:51:20.065+0000] {logging_mixin.py:190} INFO - [2024-11-18T16:51:20.065+0000] {dag.py:4180} INFO - Setting next_dagrun for tutorial to 2024-11-17 00:00:00+00:00, run_after=2024-11-18 00:00:00+00:00
[2024-11-18T16:51:20.088+0000] {processor.py:208} INFO - Processing /home/airflow/.local/lib/python3.12/site-packages/airflow/example_dags/tutorial.py took 0.099 seconds
[2024-11-18T16:51:50.285+0000] {processor.py:186} INFO - Started process (PID=1657) to work on /home/airflow/.local/lib/python3.12/site-packages/airflow/example_dags/tutorial.py
[2024-11-18T16:51:50.286+0000] {processor.py:914} INFO - Processing file /home/airflow/.local/lib/python3.12/site-packages/airflow/example_dags/tutorial.py for tasks to queue
[2024-11-18T16:51:50.289+0000] {logging_mixin.py:190} INFO - [2024-11-18T16:51:50.288+0000] {dagbag.py:588} INFO - Filling up the DagBag from /home/airflow/.local/lib/python3.12/site-packages/airflow/example_dags/tutorial.py
[2024-11-18T16:51:50.298+0000] {processor.py:925} INFO - DAG(s) 'tutorial' retrieved from /home/airflow/.local/lib/python3.12/site-packages/airflow/example_dags/tutorial.py
[2024-11-18T16:51:50.321+0000] {logging_mixin.py:190} INFO - [2024-11-18T16:51:50.321+0000] {dag.py:3239} INFO - Sync 1 DAGs
[2024-11-18T16:51:50.347+0000] {logging_mixin.py:190} INFO - [2024-11-18T16:51:50.346+0000] {dag.py:4180} INFO - Setting next_dagrun for tutorial to 2024-11-17 00:00:00+00:00, run_after=2024-11-18 00:00:00+00:00
[2024-11-18T16:51:50.366+0000] {processor.py:208} INFO - Processing /home/airflow/.local/lib/python3.12/site-packages/airflow/example_dags/tutorial.py took 0.089 seconds
[2024-11-18T16:52:20.956+0000] {processor.py:186} INFO - Started process (PID=1719) to work on /home/airflow/.local/lib/python3.12/site-packages/airflow/example_dags/tutorial.py
[2024-11-18T16:52:20.958+0000] {processor.py:914} INFO - Processing file /home/airflow/.local/lib/python3.12/site-packages/airflow/example_dags/tutorial.py for tasks to queue
[2024-11-18T16:52:20.961+0000] {logging_mixin.py:190} INFO - [2024-11-18T16:52:20.961+0000] {dagbag.py:588} INFO - Filling up the DagBag from /home/airflow/.local/lib/python3.12/site-packages/airflow/example_dags/tutorial.py
[2024-11-18T16:52:20.972+0000] {processor.py:925} INFO - DAG(s) 'tutorial' retrieved from /home/airflow/.local/lib/python3.12/site-packages/airflow/example_dags/tutorial.py
[2024-11-18T16:52:20.995+0000] {logging_mixin.py:190} INFO - [2024-11-18T16:52:20.995+0000] {dag.py:3239} INFO - Sync 1 DAGs
[2024-11-18T16:52:21.020+0000] {logging_mixin.py:190} INFO - [2024-11-18T16:52:21.020+0000] {dag.py:4180} INFO - Setting next_dagrun for tutorial to 2024-11-17 00:00:00+00:00, run_after=2024-11-18 00:00:00+00:00
[2024-11-18T16:52:21.041+0000] {processor.py:208} INFO - Processing /home/airflow/.local/lib/python3.12/site-packages/airflow/example_dags/tutorial.py took 0.093 seconds
[2024-11-18T16:52:51.147+0000] {processor.py:186} INFO - Started process (PID=1782) to work on /home/airflow/.local/lib/python3.12/site-packages/airflow/example_dags/tutorial.py
[2024-11-18T16:52:51.148+0000] {processor.py:914} INFO - Processing file /home/airflow/.local/lib/python3.12/site-packages/airflow/example_dags/tutorial.py for tasks to queue
[2024-11-18T16:52:51.151+0000] {logging_mixin.py:190} INFO - [2024-11-18T16:52:51.151+0000] {dagbag.py:588} INFO - Filling up the DagBag from /home/airflow/.local/lib/python3.12/site-packages/airflow/example_dags/tutorial.py
[2024-11-18T16:52:51.163+0000] {processor.py:925} INFO - DAG(s) 'tutorial' retrieved from /home/airflow/.local/lib/python3.12/site-packages/airflow/example_dags/tutorial.py
[2024-11-18T16:52:51.193+0000] {logging_mixin.py:190} INFO - [2024-11-18T16:52:51.192+0000] {dag.py:3239} INFO - Sync 1 DAGs
[2024-11-18T16:52:51.222+0000] {logging_mixin.py:190} INFO - [2024-11-18T16:52:51.222+0000] {dag.py:4180} INFO - Setting next_dagrun for tutorial to 2024-11-17 00:00:00+00:00, run_after=2024-11-18 00:00:00+00:00
[2024-11-18T16:52:51.247+0000] {processor.py:208} INFO - Processing /home/airflow/.local/lib/python3.12/site-packages/airflow/example_dags/tutorial.py took 0.109 seconds
[2024-11-18T16:53:21.950+0000] {processor.py:186} INFO - Started process (PID=1838) to work on /home/airflow/.local/lib/python3.12/site-packages/airflow/example_dags/tutorial.py
[2024-11-18T16:53:21.952+0000] {processor.py:914} INFO - Processing file /home/airflow/.local/lib/python3.12/site-packages/airflow/example_dags/tutorial.py for tasks to queue
[2024-11-18T16:53:21.955+0000] {logging_mixin.py:190} INFO - [2024-11-18T16:53:21.955+0000] {dagbag.py:588} INFO - Filling up the DagBag from /home/airflow/.local/lib/python3.12/site-packages/airflow/example_dags/tutorial.py
[2024-11-18T16:53:21.965+0000] {processor.py:925} INFO - DAG(s) 'tutorial' retrieved from /home/airflow/.local/lib/python3.12/site-packages/airflow/example_dags/tutorial.py
[2024-11-18T16:53:21.987+0000] {logging_mixin.py:190} INFO - [2024-11-18T16:53:21.987+0000] {dag.py:3239} INFO - Sync 1 DAGs
[2024-11-18T16:53:22.014+0000] {logging_mixin.py:190} INFO - [2024-11-18T16:53:22.013+0000] {dag.py:4180} INFO - Setting next_dagrun for tutorial to 2024-11-17 00:00:00+00:00, run_after=2024-11-18 00:00:00+00:00
[2024-11-18T16:53:22.033+0000] {processor.py:208} INFO - Processing /home/airflow/.local/lib/python3.12/site-packages/airflow/example_dags/tutorial.py took 0.090 seconds
[2024-11-18T16:53:53.235+0000] {processor.py:186} INFO - Started process (PID=1901) to work on /home/airflow/.local/lib/python3.12/site-packages/airflow/example_dags/tutorial.py
[2024-11-18T16:53:53.236+0000] {processor.py:914} INFO - Processing file /home/airflow/.local/lib/python3.12/site-packages/airflow/example_dags/tutorial.py for tasks to queue
[2024-11-18T16:53:53.239+0000] {logging_mixin.py:190} INFO - [2024-11-18T16:53:53.239+0000] {dagbag.py:588} INFO - Filling up the DagBag from /home/airflow/.local/lib/python3.12/site-packages/airflow/example_dags/tutorial.py
[2024-11-18T16:53:53.249+0000] {processor.py:925} INFO - DAG(s) 'tutorial' retrieved from /home/airflow/.local/lib/python3.12/site-packages/airflow/example_dags/tutorial.py
[2024-11-18T16:53:53.278+0000] {logging_mixin.py:190} INFO - [2024-11-18T16:53:53.278+0000] {dag.py:3239} INFO - Sync 1 DAGs
[2024-11-18T16:53:53.312+0000] {logging_mixin.py:190} INFO - [2024-11-18T16:53:53.312+0000] {dag.py:4180} INFO - Setting next_dagrun for tutorial to 2024-11-17 00:00:00+00:00, run_after=2024-11-18 00:00:00+00:00
[2024-11-18T16:53:53.335+0000] {processor.py:208} INFO - Processing /home/airflow/.local/lib/python3.12/site-packages/airflow/example_dags/tutorial.py took 0.106 seconds
[2024-11-18T16:54:23.618+0000] {processor.py:186} INFO - Started process (PID=1958) to work on /home/airflow/.local/lib/python3.12/site-packages/airflow/example_dags/tutorial.py
[2024-11-18T16:54:23.619+0000] {processor.py:914} INFO - Processing file /home/airflow/.local/lib/python3.12/site-packages/airflow/example_dags/tutorial.py for tasks to queue
[2024-11-18T16:54:23.623+0000] {logging_mixin.py:190} INFO - [2024-11-18T16:54:23.622+0000] {dagbag.py:588} INFO - Filling up the DagBag from /home/airflow/.local/lib/python3.12/site-packages/airflow/example_dags/tutorial.py
[2024-11-18T16:54:23.633+0000] {processor.py:925} INFO - DAG(s) 'tutorial' retrieved from /home/airflow/.local/lib/python3.12/site-packages/airflow/example_dags/tutorial.py
[2024-11-18T16:54:23.656+0000] {logging_mixin.py:190} INFO - [2024-11-18T16:54:23.656+0000] {dag.py:3239} INFO - Sync 1 DAGs
[2024-11-18T16:54:23.682+0000] {logging_mixin.py:190} INFO - [2024-11-18T16:54:23.682+0000] {dag.py:4180} INFO - Setting next_dagrun for tutorial to 2024-11-17 00:00:00+00:00, run_after=2024-11-18 00:00:00+00:00
[2024-11-18T16:54:23.703+0000] {processor.py:208} INFO - Processing /home/airflow/.local/lib/python3.12/site-packages/airflow/example_dags/tutorial.py took 0.092 seconds
[2024-11-18T16:54:54.561+0000] {processor.py:186} INFO - Started process (PID=2020) to work on /home/airflow/.local/lib/python3.12/site-packages/airflow/example_dags/tutorial.py
[2024-11-18T16:54:54.562+0000] {processor.py:914} INFO - Processing file /home/airflow/.local/lib/python3.12/site-packages/airflow/example_dags/tutorial.py for tasks to queue
[2024-11-18T16:54:54.565+0000] {logging_mixin.py:190} INFO - [2024-11-18T16:54:54.564+0000] {dagbag.py:588} INFO - Filling up the DagBag from /home/airflow/.local/lib/python3.12/site-packages/airflow/example_dags/tutorial.py
[2024-11-18T16:54:54.574+0000] {processor.py:925} INFO - DAG(s) 'tutorial' retrieved from /home/airflow/.local/lib/python3.12/site-packages/airflow/example_dags/tutorial.py
[2024-11-18T16:54:54.598+0000] {logging_mixin.py:190} INFO - [2024-11-18T16:54:54.598+0000] {dag.py:3239} INFO - Sync 1 DAGs
[2024-11-18T16:54:54.629+0000] {logging_mixin.py:190} INFO - [2024-11-18T16:54:54.629+0000] {dag.py:4180} INFO - Setting next_dagrun for tutorial to 2024-11-17 00:00:00+00:00, run_after=2024-11-18 00:00:00+00:00
[2024-11-18T16:54:54.655+0000] {processor.py:208} INFO - Processing /home/airflow/.local/lib/python3.12/site-packages/airflow/example_dags/tutorial.py took 0.101 seconds
[2024-11-18T16:55:25.184+0000] {processor.py:186} INFO - Started process (PID=2081) to work on /home/airflow/.local/lib/python3.12/site-packages/airflow/example_dags/tutorial.py
[2024-11-18T16:55:25.186+0000] {processor.py:914} INFO - Processing file /home/airflow/.local/lib/python3.12/site-packages/airflow/example_dags/tutorial.py for tasks to queue
[2024-11-18T16:55:25.189+0000] {logging_mixin.py:190} INFO - [2024-11-18T16:55:25.189+0000] {dagbag.py:588} INFO - Filling up the DagBag from /home/airflow/.local/lib/python3.12/site-packages/airflow/example_dags/tutorial.py
[2024-11-18T16:55:25.202+0000] {processor.py:925} INFO - DAG(s) 'tutorial' retrieved from /home/airflow/.local/lib/python3.12/site-packages/airflow/example_dags/tutorial.py
[2024-11-18T16:55:25.228+0000] {logging_mixin.py:190} INFO - [2024-11-18T16:55:25.228+0000] {dag.py:3239} INFO - Sync 1 DAGs
[2024-11-18T16:55:25.258+0000] {logging_mixin.py:190} INFO - [2024-11-18T16:55:25.257+0000] {dag.py:4180} INFO - Setting next_dagrun for tutorial to 2024-11-17 00:00:00+00:00, run_after=2024-11-18 00:00:00+00:00
[2024-11-18T16:55:25.283+0000] {processor.py:208} INFO - Processing /home/airflow/.local/lib/python3.12/site-packages/airflow/example_dags/tutorial.py took 0.109 seconds
[2024-11-18T16:55:55.618+0000] {processor.py:186} INFO - Started process (PID=2145) to work on /home/airflow/.local/lib/python3.12/site-packages/airflow/example_dags/tutorial.py
[2024-11-18T16:55:55.619+0000] {processor.py:914} INFO - Processing file /home/airflow/.local/lib/python3.12/site-packages/airflow/example_dags/tutorial.py for tasks to queue
[2024-11-18T16:55:55.622+0000] {logging_mixin.py:190} INFO - [2024-11-18T16:55:55.622+0000] {dagbag.py:588} INFO - Filling up the DagBag from /home/airflow/.local/lib/python3.12/site-packages/airflow/example_dags/tutorial.py
[2024-11-18T16:55:55.633+0000] {processor.py:925} INFO - DAG(s) 'tutorial' retrieved from /home/airflow/.local/lib/python3.12/site-packages/airflow/example_dags/tutorial.py
[2024-11-18T16:55:55.664+0000] {logging_mixin.py:190} INFO - [2024-11-18T16:55:55.664+0000] {dag.py:3239} INFO - Sync 1 DAGs
[2024-11-18T16:55:55.709+0000] {logging_mixin.py:190} INFO - [2024-11-18T16:55:55.708+0000] {dag.py:4180} INFO - Setting next_dagrun for tutorial to 2024-11-17 00:00:00+00:00, run_after=2024-11-18 00:00:00+00:00
[2024-11-18T16:55:55.733+0000] {processor.py:208} INFO - Processing /home/airflow/.local/lib/python3.12/site-packages/airflow/example_dags/tutorial.py took 0.124 seconds
[2024-11-18T16:56:26.048+0000] {processor.py:186} INFO - Started process (PID=2208) to work on /home/airflow/.local/lib/python3.12/site-packages/airflow/example_dags/tutorial.py
[2024-11-18T16:56:26.050+0000] {processor.py:914} INFO - Processing file /home/airflow/.local/lib/python3.12/site-packages/airflow/example_dags/tutorial.py for tasks to queue
[2024-11-18T16:56:26.052+0000] {logging_mixin.py:190} INFO - [2024-11-18T16:56:26.052+0000] {dagbag.py:588} INFO - Filling up the DagBag from /home/airflow/.local/lib/python3.12/site-packages/airflow/example_dags/tutorial.py
[2024-11-18T16:56:26.063+0000] {processor.py:925} INFO - DAG(s) 'tutorial' retrieved from /home/airflow/.local/lib/python3.12/site-packages/airflow/example_dags/tutorial.py
[2024-11-18T16:56:26.087+0000] {logging_mixin.py:190} INFO - [2024-11-18T16:56:26.086+0000] {dag.py:3239} INFO - Sync 1 DAGs
[2024-11-18T16:56:26.117+0000] {logging_mixin.py:190} INFO - [2024-11-18T16:56:26.117+0000] {dag.py:4180} INFO - Setting next_dagrun for tutorial to 2024-11-17 00:00:00+00:00, run_after=2024-11-18 00:00:00+00:00
[2024-11-18T16:56:26.139+0000] {processor.py:208} INFO - Processing /home/airflow/.local/lib/python3.12/site-packages/airflow/example_dags/tutorial.py took 0.098 seconds
[2024-11-18T16:56:56.454+0000] {processor.py:186} INFO - Started process (PID=2271) to work on /home/airflow/.local/lib/python3.12/site-packages/airflow/example_dags/tutorial.py
[2024-11-18T16:56:56.457+0000] {processor.py:914} INFO - Processing file /home/airflow/.local/lib/python3.12/site-packages/airflow/example_dags/tutorial.py for tasks to queue
[2024-11-18T16:56:56.460+0000] {logging_mixin.py:190} INFO - [2024-11-18T16:56:56.459+0000] {dagbag.py:588} INFO - Filling up the DagBag from /home/airflow/.local/lib/python3.12/site-packages/airflow/example_dags/tutorial.py
[2024-11-18T16:56:56.470+0000] {processor.py:925} INFO - DAG(s) 'tutorial' retrieved from /home/airflow/.local/lib/python3.12/site-packages/airflow/example_dags/tutorial.py
[2024-11-18T16:56:56.497+0000] {logging_mixin.py:190} INFO - [2024-11-18T16:56:56.497+0000] {dag.py:3239} INFO - Sync 1 DAGs
[2024-11-18T16:56:56.526+0000] {logging_mixin.py:190} INFO - [2024-11-18T16:56:56.526+0000] {dag.py:4180} INFO - Setting next_dagrun for tutorial to 2024-11-17 00:00:00+00:00, run_after=2024-11-18 00:00:00+00:00
[2024-11-18T16:56:56.548+0000] {processor.py:208} INFO - Processing /home/airflow/.local/lib/python3.12/site-packages/airflow/example_dags/tutorial.py took 0.102 seconds
[2024-11-18T16:57:26.742+0000] {processor.py:186} INFO - Started process (PID=2334) to work on /home/airflow/.local/lib/python3.12/site-packages/airflow/example_dags/tutorial.py
[2024-11-18T16:57:26.743+0000] {processor.py:914} INFO - Processing file /home/airflow/.local/lib/python3.12/site-packages/airflow/example_dags/tutorial.py for tasks to queue
[2024-11-18T16:57:26.746+0000] {logging_mixin.py:190} INFO - [2024-11-18T16:57:26.745+0000] {dagbag.py:588} INFO - Filling up the DagBag from /home/airflow/.local/lib/python3.12/site-packages/airflow/example_dags/tutorial.py
[2024-11-18T16:57:26.757+0000] {processor.py:925} INFO - DAG(s) 'tutorial' retrieved from /home/airflow/.local/lib/python3.12/site-packages/airflow/example_dags/tutorial.py
[2024-11-18T16:57:26.788+0000] {logging_mixin.py:190} INFO - [2024-11-18T16:57:26.787+0000] {dag.py:3239} INFO - Sync 1 DAGs
[2024-11-18T16:57:26.824+0000] {logging_mixin.py:190} INFO - [2024-11-18T16:57:26.824+0000] {dag.py:4180} INFO - Setting next_dagrun for tutorial to 2024-11-17 00:00:00+00:00, run_after=2024-11-18 00:00:00+00:00
[2024-11-18T16:57:26.855+0000] {processor.py:208} INFO - Processing /home/airflow/.local/lib/python3.12/site-packages/airflow/example_dags/tutorial.py took 0.122 seconds
[2024-11-18T16:57:57.587+0000] {processor.py:186} INFO - Started process (PID=2397) to work on /home/airflow/.local/lib/python3.12/site-packages/airflow/example_dags/tutorial.py
[2024-11-18T16:57:57.589+0000] {processor.py:914} INFO - Processing file /home/airflow/.local/lib/python3.12/site-packages/airflow/example_dags/tutorial.py for tasks to queue
[2024-11-18T16:57:57.591+0000] {logging_mixin.py:190} INFO - [2024-11-18T16:57:57.591+0000] {dagbag.py:588} INFO - Filling up the DagBag from /home/airflow/.local/lib/python3.12/site-packages/airflow/example_dags/tutorial.py
[2024-11-18T16:57:57.603+0000] {processor.py:925} INFO - DAG(s) 'tutorial' retrieved from /home/airflow/.local/lib/python3.12/site-packages/airflow/example_dags/tutorial.py
[2024-11-18T16:57:57.629+0000] {logging_mixin.py:190} INFO - [2024-11-18T16:57:57.628+0000] {dag.py:3239} INFO - Sync 1 DAGs
[2024-11-18T16:57:57.662+0000] {logging_mixin.py:190} INFO - [2024-11-18T16:57:57.662+0000] {dag.py:4180} INFO - Setting next_dagrun for tutorial to 2024-11-17 00:00:00+00:00, run_after=2024-11-18 00:00:00+00:00
[2024-11-18T16:57:57.690+0000] {processor.py:208} INFO - Processing /home/airflow/.local/lib/python3.12/site-packages/airflow/example_dags/tutorial.py took 0.111 seconds
[2024-11-18T16:58:27.884+0000] {processor.py:186} INFO - Started process (PID=2460) to work on /home/airflow/.local/lib/python3.12/site-packages/airflow/example_dags/tutorial.py
[2024-11-18T16:58:27.885+0000] {processor.py:914} INFO - Processing file /home/airflow/.local/lib/python3.12/site-packages/airflow/example_dags/tutorial.py for tasks to queue
[2024-11-18T16:58:27.888+0000] {logging_mixin.py:190} INFO - [2024-11-18T16:58:27.888+0000] {dagbag.py:588} INFO - Filling up the DagBag from /home/airflow/.local/lib/python3.12/site-packages/airflow/example_dags/tutorial.py
[2024-11-18T16:58:27.901+0000] {processor.py:925} INFO - DAG(s) 'tutorial' retrieved from /home/airflow/.local/lib/python3.12/site-packages/airflow/example_dags/tutorial.py
[2024-11-18T16:58:27.927+0000] {logging_mixin.py:190} INFO - [2024-11-18T16:58:27.927+0000] {dag.py:3239} INFO - Sync 1 DAGs
[2024-11-18T16:58:27.958+0000] {logging_mixin.py:190} INFO - [2024-11-18T16:58:27.957+0000] {dag.py:4180} INFO - Setting next_dagrun for tutorial to 2024-11-17 00:00:00+00:00, run_after=2024-11-18 00:00:00+00:00
[2024-11-18T16:58:27.980+0000] {processor.py:208} INFO - Processing /home/airflow/.local/lib/python3.12/site-packages/airflow/example_dags/tutorial.py took 0.108 seconds
[2024-11-18T16:58:59.228+0000] {processor.py:186} INFO - Started process (PID=2523) to work on /home/airflow/.local/lib/python3.12/site-packages/airflow/example_dags/tutorial.py
[2024-11-18T16:58:59.240+0000] {processor.py:914} INFO - Processing file /home/airflow/.local/lib/python3.12/site-packages/airflow/example_dags/tutorial.py for tasks to queue
[2024-11-18T16:58:59.253+0000] {logging_mixin.py:190} INFO - [2024-11-18T16:58:59.252+0000] {dagbag.py:588} INFO - Filling up the DagBag from /home/airflow/.local/lib/python3.12/site-packages/airflow/example_dags/tutorial.py
[2024-11-18T16:58:59.299+0000] {processor.py:925} INFO - DAG(s) 'tutorial' retrieved from /home/airflow/.local/lib/python3.12/site-packages/airflow/example_dags/tutorial.py
[2024-11-18T16:58:59.340+0000] {logging_mixin.py:190} INFO - [2024-11-18T16:58:59.339+0000] {dag.py:3239} INFO - Sync 1 DAGs
[2024-11-18T16:58:59.388+0000] {logging_mixin.py:190} INFO - [2024-11-18T16:58:59.387+0000] {dag.py:4180} INFO - Setting next_dagrun for tutorial to 2024-11-17 00:00:00+00:00, run_after=2024-11-18 00:00:00+00:00
[2024-11-18T16:58:59.427+0000] {processor.py:208} INFO - Processing /home/airflow/.local/lib/python3.12/site-packages/airflow/example_dags/tutorial.py took 0.224 seconds
[2024-11-18T16:59:30.092+0000] {processor.py:186} INFO - Started process (PID=2586) to work on /home/airflow/.local/lib/python3.12/site-packages/airflow/example_dags/tutorial.py
[2024-11-18T16:59:30.093+0000] {processor.py:914} INFO - Processing file /home/airflow/.local/lib/python3.12/site-packages/airflow/example_dags/tutorial.py for tasks to queue
[2024-11-18T16:59:30.096+0000] {logging_mixin.py:190} INFO - [2024-11-18T16:59:30.095+0000] {dagbag.py:588} INFO - Filling up the DagBag from /home/airflow/.local/lib/python3.12/site-packages/airflow/example_dags/tutorial.py
[2024-11-18T16:59:30.105+0000] {processor.py:925} INFO - DAG(s) 'tutorial' retrieved from /home/airflow/.local/lib/python3.12/site-packages/airflow/example_dags/tutorial.py
[2024-11-18T16:59:30.128+0000] {logging_mixin.py:190} INFO - [2024-11-18T16:59:30.128+0000] {dag.py:3239} INFO - Sync 1 DAGs
[2024-11-18T16:59:30.154+0000] {logging_mixin.py:190} INFO - [2024-11-18T16:59:30.153+0000] {dag.py:4180} INFO - Setting next_dagrun for tutorial to 2024-11-17 00:00:00+00:00, run_after=2024-11-18 00:00:00+00:00
[2024-11-18T16:59:30.174+0000] {processor.py:208} INFO - Processing /home/airflow/.local/lib/python3.12/site-packages/airflow/example_dags/tutorial.py took 0.089 seconds
[2024-11-18T17:00:00.717+0000] {processor.py:186} INFO - Started process (PID=2648) to work on /home/airflow/.local/lib/python3.12/site-packages/airflow/example_dags/tutorial.py
[2024-11-18T17:00:00.718+0000] {processor.py:914} INFO - Processing file /home/airflow/.local/lib/python3.12/site-packages/airflow/example_dags/tutorial.py for tasks to queue
[2024-11-18T17:00:00.721+0000] {logging_mixin.py:190} INFO - [2024-11-18T17:00:00.720+0000] {dagbag.py:588} INFO - Filling up the DagBag from /home/airflow/.local/lib/python3.12/site-packages/airflow/example_dags/tutorial.py
[2024-11-18T17:00:00.731+0000] {processor.py:925} INFO - DAG(s) 'tutorial' retrieved from /home/airflow/.local/lib/python3.12/site-packages/airflow/example_dags/tutorial.py
[2024-11-18T17:00:00.755+0000] {logging_mixin.py:190} INFO - [2024-11-18T17:00:00.755+0000] {dag.py:3239} INFO - Sync 1 DAGs
[2024-11-18T17:00:00.782+0000] {logging_mixin.py:190} INFO - [2024-11-18T17:00:00.781+0000] {dag.py:4180} INFO - Setting next_dagrun for tutorial to 2024-11-17 00:00:00+00:00, run_after=2024-11-18 00:00:00+00:00
[2024-11-18T17:00:00.804+0000] {processor.py:208} INFO - Processing /home/airflow/.local/lib/python3.12/site-packages/airflow/example_dags/tutorial.py took 0.093 seconds
[2024-11-18T17:00:31.287+0000] {processor.py:186} INFO - Started process (PID=2710) to work on /home/airflow/.local/lib/python3.12/site-packages/airflow/example_dags/tutorial.py
[2024-11-18T17:00:31.289+0000] {processor.py:914} INFO - Processing file /home/airflow/.local/lib/python3.12/site-packages/airflow/example_dags/tutorial.py for tasks to queue
[2024-11-18T17:00:31.292+0000] {logging_mixin.py:190} INFO - [2024-11-18T17:00:31.292+0000] {dagbag.py:588} INFO - Filling up the DagBag from /home/airflow/.local/lib/python3.12/site-packages/airflow/example_dags/tutorial.py
[2024-11-18T17:00:31.305+0000] {processor.py:925} INFO - DAG(s) 'tutorial' retrieved from /home/airflow/.local/lib/python3.12/site-packages/airflow/example_dags/tutorial.py
[2024-11-18T17:00:31.336+0000] {logging_mixin.py:190} INFO - [2024-11-18T17:00:31.335+0000] {dag.py:3239} INFO - Sync 1 DAGs
[2024-11-18T17:00:31.374+0000] {logging_mixin.py:190} INFO - [2024-11-18T17:00:31.374+0000] {dag.py:4180} INFO - Setting next_dagrun for tutorial to 2024-11-17 00:00:00+00:00, run_after=2024-11-18 00:00:00+00:00
[2024-11-18T17:00:31.400+0000] {processor.py:208} INFO - Processing /home/airflow/.local/lib/python3.12/site-packages/airflow/example_dags/tutorial.py took 0.124 seconds
[2024-11-18T17:02:26.012+0000] {processor.py:186} INFO - Started process (PID=81) to work on /home/airflow/.local/lib/python3.12/site-packages/airflow/example_dags/tutorial.py
[2024-11-18T17:02:26.016+0000] {processor.py:914} INFO - Processing file /home/airflow/.local/lib/python3.12/site-packages/airflow/example_dags/tutorial.py for tasks to queue
[2024-11-18T17:02:26.021+0000] {logging_mixin.py:190} INFO - [2024-11-18T17:02:26.020+0000] {dagbag.py:588} INFO - Filling up the DagBag from /home/airflow/.local/lib/python3.12/site-packages/airflow/example_dags/tutorial.py
[2024-11-18T17:02:26.046+0000] {processor.py:925} INFO - DAG(s) 'tutorial' retrieved from /home/airflow/.local/lib/python3.12/site-packages/airflow/example_dags/tutorial.py
[2024-11-18T17:02:26.122+0000] {logging_mixin.py:190} INFO - [2024-11-18T17:02:26.121+0000] {dag.py:3239} INFO - Sync 1 DAGs
[2024-11-18T17:02:26.174+0000] {logging_mixin.py:190} INFO - [2024-11-18T17:02:26.173+0000] {dag.py:4180} INFO - Setting next_dagrun for tutorial to 2024-11-17 00:00:00+00:00, run_after=2024-11-18 00:00:00+00:00
[2024-11-18T17:02:26.218+0000] {processor.py:208} INFO - Processing /home/airflow/.local/lib/python3.12/site-packages/airflow/example_dags/tutorial.py took 0.221 seconds
[2024-11-18T17:02:56.632+0000] {processor.py:186} INFO - Started process (PID=143) to work on /home/airflow/.local/lib/python3.12/site-packages/airflow/example_dags/tutorial.py
[2024-11-18T17:02:56.636+0000] {processor.py:914} INFO - Processing file /home/airflow/.local/lib/python3.12/site-packages/airflow/example_dags/tutorial.py for tasks to queue
[2024-11-18T17:02:56.639+0000] {logging_mixin.py:190} INFO - [2024-11-18T17:02:56.638+0000] {dagbag.py:588} INFO - Filling up the DagBag from /home/airflow/.local/lib/python3.12/site-packages/airflow/example_dags/tutorial.py
[2024-11-18T17:02:56.649+0000] {processor.py:925} INFO - DAG(s) 'tutorial' retrieved from /home/airflow/.local/lib/python3.12/site-packages/airflow/example_dags/tutorial.py
[2024-11-18T17:02:56.678+0000] {logging_mixin.py:190} INFO - [2024-11-18T17:02:56.678+0000] {dag.py:3239} INFO - Sync 1 DAGs
[2024-11-18T17:02:56.707+0000] {logging_mixin.py:190} INFO - [2024-11-18T17:02:56.706+0000] {dag.py:4180} INFO - Setting next_dagrun for tutorial to 2024-11-17 00:00:00+00:00, run_after=2024-11-18 00:00:00+00:00
[2024-11-18T17:02:56.738+0000] {processor.py:208} INFO - Processing /home/airflow/.local/lib/python3.12/site-packages/airflow/example_dags/tutorial.py took 0.114 seconds
